0.5946 	WARNING 	We strongly recommend you activate the PTB sound engine in PsychoPy prefs as the preferred audio engine. Its timing is vastly superior. Your prefs are currently set to use ['sounddevice', 'PTB', 'pyo', 'pygame'] (in that order).
5.6320 	ERROR 	'-1.0000, -1.0000, -1.0000' is not a valid rgb color
6.2348 	EXP 	Created window1 = Window(allowGUI=False, allowStencil=False, autoLog=True, backendConf=UNKNOWN, bitsMode=UNKNOWN, blendMode='avg', bpc=(8, 8, 8), color=array([0, 0, 0]), colorSpace='rgb', depthBits=8, fullscr=<method-wrapper '__getattribute__' of attributeSetter object at 0x7febc3313a20>, gamma=None, gammaErrorPolicy='raise', lms=UNKNOWN, monitor=<psychopy.monitors.calibTools.Monitor object at 0x7febc3bdd4a8>, multiSample=False, name='window1', numSamples=2, pos=[360.0, 225.0], screen=0, size=array([2880, 1800]), stencilBits=0, stereo=False, units='height', useFBO=True, useRetina=True, viewOri=0.0, viewPos=None, viewScale=None, waitBlanking=True, winType='pyglet')
6.2351 	EXP 	window1: mouseVisible = True
6.2351 	EXP 	window1: recordFrameIntervals = False
6.4018 	EXP 	window1: recordFrameIntervals = True
6.5853 	EXP 	window1: recordFrameIntervals = False
7.1728 	DEPRECATION 	'1.0000, 1.0000, 1.0000' is not a valid rgb color
7.2006 	EXP 	Created Welcometext = TextStim(__class__=<class 'psychopy.visual.text.TextStim'>, alignHoriz=method-wrapper(...), alignText='center', alignVert=method-wrapper(...), anchorHoriz='center', anchorVert='center', antialias=True, autoLog=True, bold=False, color=array([0., 0., 0.]), colorSpace='rgb', contrast=1.0, depth=0.0, flipHoriz=False, flipVert=False, font='Open Sans', fontFiles=[], height=0.05, italic=False, languageStyle='LTR', name='Welcometext', opacity=0, ori=0.0, pos=array([0., 0.]), rgb=UNKNOWN, text='Welcome\nPlease press Spacebar to start', units='height', win=Window(...), wrapWidth=1)
7.5591 	EXP 	Created text = TextStim(__class__=<class 'psychopy.visual.text.TextStim'>, alignHoriz=method-wrapper(...), alignText='center', alignVert=method-wrapper(...), anchorHoriz='center', anchorVert='center', antialias=True, autoLog=True, bold=False, color=array([1., 1., 1.]), colorSpace='rgb', contrast=1.0, depth=0.0, flipHoriz=False, flipVert=False, font='Open Sans', fontFiles=[], height=0.05, italic=False, languageStyle='LTR', name='text', opacity=1, ori=0.0, pos=array([0., 0.]), rgb=UNKNOWN, text=str(...), units='height', win=Window(...), wrapWidth=1)
7.5596 	EXP 	Created sequence: random, trialTypes=1, nReps=5, seed=None
7.5598 	EXP 	New trial (rep=0, index=0): None
7.5654 	EXP 	Welcometext: autoDraw = True
9.8746 	EXP 	Created unnamed Rect = Rect(__class__=<class 'psychopy.visual.rect.Rect'>, autoDraw=False, autoLog=True, closeShape=True, color=method-wrapper(...), colorSpace='rgb', contrast=None, depth=0, fillColor=array([ 1, -1, -1]), fillColorSpace='rgb', fillRGB=array([ 1, -1, -1]), interpolate=True, lineColor=array([-1., -1.,  1.]), lineColorSpace='rgb', lineRGB=array([-1, -1,  1]), lineWidth=1.5, name='unnamed Rect', opacity=1, ori=0.0, pos=array([0., 0.]), size=array([1000.,  700.]), units='pix', vertices=ndarray(...), win=Window(...))
9.8772 	EXP 	Created unnamed Rect = Rect(__class__=<class 'psychopy.visual.rect.Rect'>, autoDraw=False, autoLog=True, closeShape=True, color=method-wrapper(...), colorSpace='rgb', contrast=None, depth=0, fillColor=array([-1, -1, -1]), fillColorSpace='rgb', fillRGB=array([-1, -1, -1]), interpolate=True, lineColor=array([-1., -1.,  1.]), lineColorSpace='rgb', lineRGB=array([-1, -1,  1]), lineWidth=1.5, name='unnamed Rect', opacity=1, ori=0.0, pos=array([0., 0.]), size=array([400., 600.]), units='pix', vertices=ndarray(...), win=Window(...))
9.8795 	EXP 	Created unnamed Rect = Rect(__class__=<class 'psychopy.visual.rect.Rect'>, autoDraw=False, autoLog=True, closeShape=True, color=method-wrapper(...), colorSpace='rgb', contrast=None, depth=0, fillColor=array([-1, -1, -1]), fillColorSpace='rgb', fillRGB=array([-1, -1, -1]), interpolate=True, lineColor=array([-1., -1.,  1.]), lineColorSpace='rgb', lineRGB=array([-1, -1,  1]), lineWidth=1.5, name='unnamed Rect', opacity=1, ori=0.0, pos=array([0., 0.]), size=array([400., 600.]), units='pix', vertices=ndarray(...), win=Window(...))
9.8825 	EXP 	Created unnamed Rect = Rect(__class__=<class 'psychopy.visual.rect.Rect'>, autoDraw=False, autoLog=True, closeShape=True, color=method-wrapper(...), colorSpace='rgb', contrast=None, depth=0, fillColor=array([ 1,  1, -1]), fillColorSpace='rgb', fillRGB=array([ 1,  1, -1]), interpolate=True, lineColor=array([0., 0., 0.]), lineColorSpace='rgb', lineRGB=array([0, 0, 0]), lineWidth=1.5, name='unnamed Rect', opacity=0.5, ori=0.0, pos=array([0., 0.]), size=array([30., 30.]), units='pix', vertices=ndarray(...), win=Window(...))
9.8853 	EXP 	Created unnamed Rect = Rect(__class__=<class 'psychopy.visual.rect.Rect'>, autoDraw=False, autoLog=True, closeShape=True, color=method-wrapper(...), colorSpace='rgb', contrast=None, depth=0, fillColor=array([ 1,  1, -1]), fillColorSpace='rgb', fillRGB=array([ 1,  1, -1]), interpolate=True, lineColor=array([0., 0., 0.]), lineColorSpace='rgb', lineRGB=array([0, 0, 0]), lineWidth=1.5, name='unnamed Rect', opacity=0.5, ori=0.0, pos=array([0., 0.]), size=array([30., 30.]), units='pix', vertices=ndarray(...), win=Window(...))
9.8879 	EXP 	Created unnamed Rect = Rect(__class__=<class 'psychopy.visual.rect.Rect'>, autoDraw=False, autoLog=True, closeShape=True, color=method-wrapper(...), colorSpace='rgb', contrast=None, depth=0, fillColor=array([ 1,  1, -1]), fillColorSpace='rgb', fillRGB=array([ 1,  1, -1]), interpolate=True, lineColor=array([0., 0., 0.]), lineColorSpace='rgb', lineRGB=array([0, 0, 0]), lineWidth=1.5, name='unnamed Rect', opacity=0.5, ori=0.0, pos=array([0., 0.]), size=array([30., 30.]), units='pix', vertices=ndarray(...), win=Window(...))
9.8902 	EXP 	Created unnamed Rect = Rect(__class__=<class 'psychopy.visual.rect.Rect'>, autoDraw=False, autoLog=True, closeShape=True, color=method-wrapper(...), colorSpace='rgb', contrast=None, depth=0, fillColor=array([ 1,  1, -1]), fillColorSpace='rgb', fillRGB=array([ 1,  1, -1]), interpolate=True, lineColor=array([0., 0., 0.]), lineColorSpace='rgb', lineRGB=array([0, 0, 0]), lineWidth=1.5, name='unnamed Rect', opacity=0.5, ori=0.0, pos=array([0., 0.]), size=array([30., 30.]), units='pix', vertices=ndarray(...), win=Window(...))
9.8926 	EXP 	Created unnamed Rect = Rect(__class__=<class 'psychopy.visual.rect.Rect'>, autoDraw=False, autoLog=True, closeShape=True, color=method-wrapper(...), colorSpace='rgb', contrast=None, depth=0, fillColor=array([ 1,  1, -1]), fillColorSpace='rgb', fillRGB=array([ 1,  1, -1]), interpolate=True, lineColor=array([0., 0., 0.]), lineColorSpace='rgb', lineRGB=array([0, 0, 0]), lineWidth=1.5, name='unnamed Rect', opacity=0.5, ori=0.0, pos=array([0., 0.]), size=array([30., 30.]), units='pix', vertices=ndarray(...), win=Window(...))
9.8952 	EXP 	Created unnamed Rect = Rect(__class__=<class 'psychopy.visual.rect.Rect'>, autoDraw=False, autoLog=True, closeShape=True, color=method-wrapper(...), colorSpace='rgb', contrast=None, depth=0, fillColor=array([ 1,  1, -1]), fillColorSpace='rgb', fillRGB=array([ 1,  1, -1]), interpolate=True, lineColor=array([0., 0., 0.]), lineColorSpace='rgb', lineRGB=array([0, 0, 0]), lineWidth=1.5, name='unnamed Rect', opacity=0.5, ori=0.0, pos=array([0., 0.]), size=array([30., 30.]), units='pix', vertices=ndarray(...), win=Window(...))
9.9352 	EXP 	Created unnamed ImageStim = ImageStim(__class__=<class 'psychopy.visual.image.ImageStim'>, autoLog=True, color=array([1., 1., 1.]), colorSpace='rgb', contrast=1.0, depth=0, flipHoriz=False, flipVert=False, image='tree.png', interpolate=False, mask=None, maskParams=None, name='unnamed ImageStim', opacity=1, ori=0.0, pos=array([0., 0.]), size=array([512, 512]), texRes=128, units='pix', win=Window(...))
9.9556 	EXP 	Created unnamed ImageStim = ImageStim(__class__=<class 'psychopy.visual.image.ImageStim'>, autoLog=True, color=array([1., 1., 1.]), colorSpace='rgb', contrast=1.0, depth=0, flipHoriz=False, flipVert=False, image='tree.png', interpolate=False, mask=None, maskParams=None, name='unnamed ImageStim', opacity=1, ori=0.0, pos=array([0., 0.]), size=array([512, 512]), texRes=128, units='pix', win=Window(...))
9.9738 	EXP 	Created unnamed ImageStim = ImageStim(__class__=<class 'psychopy.visual.image.ImageStim'>, autoLog=True, color=array([1., 1., 1.]), colorSpace='rgb', contrast=1.0, depth=0, flipHoriz=False, flipVert=False, image='tree.png', interpolate=False, mask=None, maskParams=None, name='unnamed ImageStim', opacity=1, ori=0.0, pos=array([0., 0.]), size=array([512, 512]), texRes=128, units='pix', win=Window(...))
9.9818 	DATA 	Keypress: space
9.9872 	EXP 	Welcometext: autoDraw = False
9.9872 	EXP 	unnamed Rect: pos = [-250, 0]
9.9872 	EXP 	unnamed Rect: pos = [250, 0]
9.9872 	EXP 	unnamed Rect: pos = [-230.65839930385832, -132.85592465168466]
9.9872 	EXP 	unnamed Rect: pos = [-282.94908963869466, -183.75016244518906]
9.9872 	EXP 	unnamed Rect: pos = [-307.7658257782295, -14.59613119266097]
9.9872 	EXP 	unnamed Rect: pos = [-275.57558961999223, 163.8151655729036]
9.9872 	EXP 	unnamed Rect: pos = [-343.24336837368696, 186.48187296252877]
9.9872 	EXP 	unnamed Rect: pos = [381.83801347646784, 91.09425216135497]
9.9872 	EXP 	unnamed ImageStim: size = [51.2, 51.2]
9.9872 	EXP 	unnamed ImageStim: size = [51.2, 51.2]
9.9872 	EXP 	unnamed ImageStim: size = [51.2, 51.2]
9.9872 	EXP 	unnamed ImageStim: pos = [57.26670177142384, -207.27080585047017]
9.9872 	EXP 	unnamed ImageStim: pos = [-192.73329822857616, -207.27080585047017]
9.9872 	EXP 	unnamed ImageStim: pos = [307.26670177142387, -207.27080585047017]
15.5733 	EXP 	Created unnamed Rect = Rect(__class__=<class 'psychopy.visual.rect.Rect'>, autoDraw=False, autoLog=True, closeShape=True, color=method-wrapper(...), colorSpace='rgb', contrast=None, depth=0, fillColor=array([-1, -1, -1]), fillColorSpace='rgb', fillRGB=array([-1, -1, -1]), interpolate=True, lineColor=array([-1., -1.,  1.]), lineColorSpace='rgb', lineRGB=array([-1, -1,  1]), lineWidth=1.5, name='unnamed Rect', opacity=1, ori=0.0, pos=array([0., 0.]), size=array([400., 600.]), units='pix', vertices=ndarray(...), win=Window(...))
15.6300 	EXP 	Created unnamed Rect = Rect(__class__=<class 'psychopy.visual.rect.Rect'>, autoDraw=False, autoLog=True, closeShape=True, color=method-wrapper(...), colorSpace='rgb', contrast=None, depth=0, fillColor=array([-1, -1, -1]), fillColorSpace='rgb', fillRGB=array([-1, -1, -1]), interpolate=True, lineColor=array([-1., -1.,  1.]), lineColorSpace='rgb', lineRGB=array([-1, -1,  1]), lineWidth=1.5, name='unnamed Rect', opacity=1, ori=0.0, pos=array([0., 0.]), size=array([400., 600.]), units='pix', vertices=ndarray(...), win=Window(...))
15.6408 	DATA 	Keypress: left
15.6493 	EXP 	unnamed Rect: pos = array([  19.3416007 , -132.85592465])
15.6493 	EXP 	unnamed Rect: pos = array([ -32.94908964, -183.75016245])
15.6493 	EXP 	unnamed Rect: pos = array([-57.76582578, -14.59613119])
15.6493 	EXP 	unnamed Rect: pos = array([-25.57558962, 163.81516557])
15.6493 	EXP 	unnamed Rect: pos = array([-93.24336837, 186.48187296])
15.6493 	EXP 	unnamed Rect: pos = array([-93.24336837, 186.48187296])
15.6572 	EXP 	unnamed Rect: pos = array([-93.24336837, 186.48187296])
15.6650 	EXP 	unnamed Rect: pos = array([-93.24336837, 186.48187296])
15.6728 	EXP 	unnamed Rect: pos = array([-93.24336837, 186.48187296])
15.6840 	EXP 	unnamed Rect: pos = array([-93.24336837, 186.48187296])
15.7001 	EXP 	unnamed Rect: pos = array([-93.24336837, 186.48187296])
15.7168 	EXP 	unnamed Rect: pos = array([-93.24336837, 186.48187296])
15.7338 	EXP 	unnamed Rect: pos = array([-93.24336837, 186.48187296])
15.7502 	EXP 	unnamed Rect: pos = array([-93.24336837, 186.48187296])
15.7666 	EXP 	unnamed Rect: pos = array([-93.24336837, 186.48187296])
15.7832 	EXP 	unnamed Rect: pos = array([-93.24336837, 186.48187296])
15.7999 	EXP 	unnamed Rect: pos = array([-93.24336837, 186.48187296])
15.8169 	EXP 	unnamed Rect: pos = array([-93.24336837, 186.48187296])
15.8345 	EXP 	unnamed Rect: pos = array([-93.24336837, 186.48187296])
15.8500 	EXP 	unnamed Rect: pos = array([-93.24336837, 186.48187296])
15.8670 	EXP 	unnamed Rect: pos = array([-93.24336837, 186.48187296])
15.8835 	EXP 	unnamed Rect: pos = array([-93.24336837, 186.48187296])
15.9001 	EXP 	unnamed Rect: pos = array([-93.24336837, 186.48187296])
15.9174 	EXP 	unnamed Rect: pos = array([-93.24336837, 186.48187296])
15.9337 	EXP 	unnamed Rect: pos = array([-93.24336837, 186.48187296])
15.9502 	EXP 	unnamed Rect: pos = array([-93.24336837, 186.48187296])
15.9669 	EXP 	unnamed Rect: pos = array([-93.24336837, 186.48187296])
15.9840 	EXP 	unnamed Rect: pos = array([-93.24336837, 186.48187296])
15.9999 	EXP 	unnamed Rect: pos = array([-93.24336837, 186.48187296])
16.0170 	EXP 	unnamed Rect: pos = array([-93.24336837, 186.48187296])
16.0337 	EXP 	unnamed Rect: pos = array([-93.24336837, 186.48187296])
16.0505 	EXP 	unnamed Rect: pos = array([-93.24336837, 186.48187296])
16.0664 	EXP 	unnamed Rect: pos = array([-93.24336837, 186.48187296])
16.0842 	EXP 	unnamed Rect: pos = array([-93.24336837, 186.48187296])
16.0999 	EXP 	unnamed Rect: pos = array([-93.24336837, 186.48187296])
16.1164 	EXP 	unnamed Rect: pos = array([-93.24336837, 186.48187296])
16.1339 	EXP 	unnamed Rect: pos = array([-93.24336837, 186.48187296])
16.1501 	EXP 	unnamed Rect: pos = array([-93.24336837, 186.48187296])
16.1666 	EXP 	unnamed Rect: pos = array([-93.24336837, 186.48187296])
16.1837 	EXP 	unnamed Rect: pos = array([-93.24336837, 186.48187296])
16.1844 	DATA 	Keypress: down
16.2001 	EXP 	unnamed Rect: pos = array([-93.24336837, 176.48187296])
16.2168 	EXP 	unnamed Rect: pos = array([-93.24336837, 176.48187296])
16.2337 	EXP 	unnamed Rect: pos = array([-93.24336837, 176.48187296])
16.2507 	EXP 	unnamed Rect: pos = array([-93.24336837, 176.48187296])
16.2668 	EXP 	unnamed Rect: pos = array([-93.24336837, 176.48187296])
16.2834 	EXP 	unnamed Rect: pos = array([-93.24336837, 176.48187296])
16.3005 	EXP 	unnamed Rect: pos = array([-93.24336837, 176.48187296])
16.3165 	EXP 	unnamed Rect: pos = array([-93.24336837, 176.48187296])
16.3337 	EXP 	unnamed Rect: pos = array([-93.24336837, 176.48187296])
16.3505 	EXP 	unnamed Rect: pos = array([-93.24336837, 176.48187296])
16.3666 	EXP 	unnamed Rect: pos = array([-93.24336837, 176.48187296])
16.3838 	EXP 	unnamed Rect: pos = array([-93.24336837, 176.48187296])
16.4002 	EXP 	unnamed Rect: pos = array([-93.24336837, 176.48187296])
16.4174 	EXP 	unnamed Rect: pos = array([-93.24336837, 176.48187296])
16.4234 	DATA 	Keypress: down
16.4336 	EXP 	unnamed Rect: pos = array([-93.24336837, 166.48187296])
16.4503 	EXP 	unnamed Rect: pos = array([-93.24336837, 166.48187296])
16.4667 	EXP 	unnamed Rect: pos = array([-93.24336837, 166.48187296])
16.4838 	EXP 	unnamed Rect: pos = array([-93.24336837, 166.48187296])
16.5003 	EXP 	unnamed Rect: pos = array([-93.24336837, 166.48187296])
16.5166 	EXP 	unnamed Rect: pos = array([-93.24336837, 166.48187296])
16.5336 	EXP 	unnamed Rect: pos = array([-93.24336837, 166.48187296])
16.5499 	EXP 	unnamed Rect: pos = array([-93.24336837, 166.48187296])
16.5671 	EXP 	unnamed Rect: pos = array([-93.24336837, 166.48187296])
16.5837 	EXP 	unnamed Rect: pos = array([-93.24336837, 166.48187296])
16.5843 	DATA 	Keypress: down
16.6002 	EXP 	unnamed Rect: pos = array([-93.24336837, 156.48187296])
16.6166 	EXP 	unnamed Rect: pos = array([-93.24336837, 156.48187296])
16.6341 	EXP 	unnamed Rect: pos = array([-93.24336837, 156.48187296])
16.6500 	EXP 	unnamed Rect: pos = array([-93.24336837, 156.48187296])
16.6669 	EXP 	unnamed Rect: pos = array([-93.24336837, 156.48187296])
16.6839 	EXP 	unnamed Rect: pos = array([-93.24336837, 156.48187296])
16.7004 	EXP 	unnamed Rect: pos = array([-93.24336837, 156.48187296])
16.7169 	EXP 	unnamed Rect: pos = array([-93.24336837, 156.48187296])
16.7175 	DATA 	Keypress: down
16.7333 	EXP 	unnamed Rect: pos = array([-93.24336837, 146.48187296])
16.7503 	EXP 	unnamed Rect: pos = array([-93.24336837, 146.48187296])
16.7669 	EXP 	unnamed Rect: pos = array([-93.24336837, 146.48187296])
16.7837 	EXP 	unnamed Rect: pos = array([-93.24336837, 146.48187296])
16.8001 	EXP 	unnamed Rect: pos = array([-93.24336837, 146.48187296])
16.8169 	EXP 	unnamed Rect: pos = array([-93.24336837, 146.48187296])
16.8335 	EXP 	unnamed Rect: pos = array([-93.24336837, 146.48187296])
16.8503 	EXP 	unnamed Rect: pos = array([-93.24336837, 146.48187296])
16.8508 	DATA 	Keypress: down
16.8670 	EXP 	unnamed Rect: pos = array([-93.24336837, 136.48187296])
16.8833 	EXP 	unnamed Rect: pos = array([-93.24336837, 136.48187296])
16.8999 	EXP 	unnamed Rect: pos = array([-93.24336837, 136.48187296])
16.9170 	EXP 	unnamed Rect: pos = array([-93.24336837, 136.48187296])
16.9338 	EXP 	unnamed Rect: pos = array([-93.24336837, 136.48187296])
16.9506 	EXP 	unnamed Rect: pos = array([-93.24336837, 136.48187296])
16.9665 	EXP 	unnamed Rect: pos = array([-93.24336837, 136.48187296])
16.9841 	EXP 	unnamed Rect: pos = array([-93.24336837, 136.48187296])
17.0002 	EXP 	unnamed Rect: pos = array([-93.24336837, 136.48187296])
17.0172 	EXP 	unnamed Rect: pos = array([-93.24336837, 136.48187296])
17.0178 	DATA 	Keypress: down
17.0336 	EXP 	unnamed Rect: pos = array([-93.24336837, 126.48187296])
17.0502 	EXP 	unnamed Rect: pos = array([-93.24336837, 126.48187296])
17.0671 	EXP 	unnamed Rect: pos = array([-93.24336837, 126.48187296])
17.0841 	EXP 	unnamed Rect: pos = array([-93.24336837, 126.48187296])
17.1005 	EXP 	unnamed Rect: pos = array([-93.24336837, 126.48187296])
17.1170 	EXP 	unnamed Rect: pos = array([-93.24336837, 126.48187296])
17.1337 	EXP 	unnamed Rect: pos = array([-93.24336837, 126.48187296])
17.1500 	EXP 	unnamed Rect: pos = array([-93.24336837, 126.48187296])
17.1666 	EXP 	unnamed Rect: pos = array([-93.24336837, 126.48187296])
17.1838 	EXP 	unnamed Rect: pos = array([-93.24336837, 126.48187296])
17.1844 	DATA 	Keypress: down
17.2007 	EXP 	unnamed Rect: pos = array([-93.24336837, 116.48187296])
17.2168 	EXP 	unnamed Rect: pos = array([-93.24336837, 116.48187296])
17.2336 	EXP 	unnamed Rect: pos = array([-93.24336837, 116.48187296])
17.2506 	EXP 	unnamed Rect: pos = array([-93.24336837, 116.48187296])
17.2670 	EXP 	unnamed Rect: pos = array([-93.24336837, 116.48187296])
17.2836 	EXP 	unnamed Rect: pos = array([-93.24336837, 116.48187296])
17.3001 	EXP 	unnamed Rect: pos = array([-93.24336837, 116.48187296])
17.3172 	EXP 	unnamed Rect: pos = array([-93.24336837, 116.48187296])
17.3177 	DATA 	Keypress: down
17.3336 	EXP 	unnamed Rect: pos = array([-93.24336837, 106.48187296])
17.3501 	EXP 	unnamed Rect: pos = array([-93.24336837, 106.48187296])
17.3666 	EXP 	unnamed Rect: pos = array([-93.24336837, 106.48187296])
17.3833 	EXP 	unnamed Rect: pos = array([-93.24336837, 106.48187296])
17.4002 	EXP 	unnamed Rect: pos = array([-93.24336837, 106.48187296])
17.4169 	EXP 	unnamed Rect: pos = array([-93.24336837, 106.48187296])
17.4337 	EXP 	unnamed Rect: pos = array([-93.24336837, 106.48187296])
17.4501 	EXP 	unnamed Rect: pos = array([-93.24336837, 106.48187296])
17.4667 	EXP 	unnamed Rect: pos = array([-93.24336837, 106.48187296])
17.4836 	EXP 	unnamed Rect: pos = array([-93.24336837, 106.48187296])
17.5002 	EXP 	unnamed Rect: pos = array([-93.24336837, 106.48187296])
17.5042 	DATA 	Keypress: down
17.5173 	EXP 	unnamed Rect: pos = array([-93.24336837, 106.48187296])
17.5333 	EXP 	unnamed Rect: pos = array([-93.24336837,  96.48187296])
17.5502 	EXP 	unnamed Rect: pos = array([-93.24336837,  96.48187296])
17.5667 	EXP 	unnamed Rect: pos = array([-93.24336837,  96.48187296])
17.5835 	EXP 	unnamed Rect: pos = array([-93.24336837,  96.48187296])
17.6009 	EXP 	unnamed Rect: pos = array([-93.24336837,  96.48187296])
17.6168 	EXP 	unnamed Rect: pos = array([-93.24336837,  96.48187296])
17.6335 	EXP 	unnamed Rect: pos = array([-93.24336837,  96.48187296])
17.6499 	EXP 	unnamed Rect: pos = array([-93.24336837,  96.48187296])
17.6667 	EXP 	unnamed Rect: pos = array([-93.24336837,  96.48187296])
17.6706 	DATA 	Keypress: down
17.6843 	EXP 	unnamed Rect: pos = array([-93.24336837,  96.48187296])
17.6999 	EXP 	unnamed Rect: pos = array([-93.24336837,  86.48187296])
17.7166 	EXP 	unnamed Rect: pos = array([-93.24336837,  86.48187296])
17.7333 	EXP 	unnamed Rect: pos = array([-93.24336837,  86.48187296])
17.7509 	EXP 	unnamed Rect: pos = array([-93.24336837,  86.48187296])
17.7669 	EXP 	unnamed Rect: pos = array([-93.24336837,  86.48187296])
17.7838 	EXP 	unnamed Rect: pos = array([-93.24336837,  86.48187296])
17.8005 	EXP 	unnamed Rect: pos = array([-93.24336837,  86.48187296])
17.8164 	EXP 	unnamed Rect: pos = array([-93.24336837,  86.48187296])
17.8334 	EXP 	unnamed Rect: pos = array([-93.24336837,  86.48187296])
17.8340 	DATA 	Keypress: down
17.8501 	EXP 	unnamed Rect: pos = array([-93.24336837,  76.48187296])
17.8669 	EXP 	unnamed Rect: pos = array([-93.24336837,  76.48187296])
17.8836 	EXP 	unnamed Rect: pos = array([-93.24336837,  76.48187296])
17.9006 	EXP 	unnamed Rect: pos = array([-93.24336837,  76.48187296])
17.9167 	EXP 	unnamed Rect: pos = array([-93.24336837,  76.48187296])
17.9332 	EXP 	unnamed Rect: pos = array([-93.24336837,  76.48187296])
17.9498 	EXP 	unnamed Rect: pos = array([-93.24336837,  76.48187296])
17.9666 	EXP 	unnamed Rect: pos = array([-93.24336837,  76.48187296])
17.9834 	EXP 	unnamed Rect: pos = array([-93.24336837,  76.48187296])
18.0002 	EXP 	unnamed Rect: pos = array([-93.24336837,  76.48187296])
18.0008 	DATA 	Keypress: down
18.0170 	EXP 	unnamed Rect: pos = array([-93.24336837,  66.48187296])
18.0337 	EXP 	unnamed Rect: pos = array([-93.24336837,  66.48187296])
18.0505 	EXP 	unnamed Rect: pos = array([-93.24336837,  66.48187296])
18.0673 	EXP 	unnamed Rect: pos = array([-93.24336837,  66.48187296])
18.0836 	EXP 	unnamed Rect: pos = array([-93.24336837,  66.48187296])
18.1001 	EXP 	unnamed Rect: pos = array([-93.24336837,  66.48187296])
18.1166 	EXP 	unnamed Rect: pos = array([-93.24336837,  66.48187296])
18.1336 	EXP 	unnamed Rect: pos = array([-93.24336837,  66.48187296])
18.1505 	EXP 	unnamed Rect: pos = array([-93.24336837,  66.48187296])
18.1510 	DATA 	Keypress: down
18.1675 	EXP 	unnamed Rect: pos = array([-93.24336837,  56.48187296])
18.1836 	EXP 	unnamed Rect: pos = array([-93.24336837,  56.48187296])
18.2003 	EXP 	unnamed Rect: pos = array([-93.24336837,  56.48187296])
18.2172 	EXP 	unnamed Rect: pos = array([-93.24336837,  56.48187296])
18.2339 	EXP 	unnamed Rect: pos = array([-93.24336837,  56.48187296])
18.2508 	EXP 	unnamed Rect: pos = array([-93.24336837,  56.48187296])
18.2666 	EXP 	unnamed Rect: pos = array([-93.24336837,  56.48187296])
18.2839 	EXP 	unnamed Rect: pos = array([-93.24336837,  56.48187296])
18.2999 	EXP 	unnamed Rect: pos = array([-93.24336837,  56.48187296])
18.3171 	EXP 	unnamed Rect: pos = array([-93.24336837,  56.48187296])
18.3339 	EXP 	unnamed Rect: pos = array([-93.24336837,  56.48187296])
18.3345 	DATA 	Keypress: right
18.3509 	EXP 	unnamed Rect: pos = array([-83.24336837,  56.48187296])
18.3668 	EXP 	unnamed Rect: pos = array([-83.24336837,  56.48187296])
18.3834 	EXP 	unnamed Rect: pos = array([-83.24336837,  56.48187296])
18.4002 	EXP 	unnamed Rect: pos = array([-83.24336837,  56.48187296])
18.4168 	EXP 	unnamed Rect: pos = array([-83.24336837,  56.48187296])
18.4337 	EXP 	unnamed Rect: pos = array([-83.24336837,  56.48187296])
18.4503 	EXP 	unnamed Rect: pos = array([-83.24336837,  56.48187296])
18.4666 	EXP 	unnamed Rect: pos = array([-83.24336837,  56.48187296])
18.4835 	EXP 	unnamed Rect: pos = array([-83.24336837,  56.48187296])
18.5001 	EXP 	unnamed Rect: pos = array([-83.24336837,  56.48187296])
18.5171 	EXP 	unnamed Rect: pos = array([-83.24336837,  56.48187296])
18.5177 	DATA 	Keypress: right
18.5336 	EXP 	unnamed Rect: pos = array([-73.24336837,  56.48187296])
18.5503 	EXP 	unnamed Rect: pos = array([-73.24336837,  56.48187296])
18.5674 	EXP 	unnamed Rect: pos = array([-73.24336837,  56.48187296])
18.5840 	EXP 	unnamed Rect: pos = array([-73.24336837,  56.48187296])
18.6000 	EXP 	unnamed Rect: pos = array([-73.24336837,  56.48187296])
18.6174 	EXP 	unnamed Rect: pos = array([-73.24336837,  56.48187296])
18.6334 	EXP 	unnamed Rect: pos = array([-73.24336837,  56.48187296])
18.6504 	EXP 	unnamed Rect: pos = array([-73.24336837,  56.48187296])
18.6510 	DATA 	Keypress: down
18.6673 	EXP 	unnamed Rect: pos = array([-73.24336837,  46.48187296])
18.6845 	EXP 	unnamed Rect: pos = array([-73.24336837,  46.48187296])
18.7005 	EXP 	unnamed Rect: pos = array([-73.24336837,  46.48187296])
18.7170 	EXP 	unnamed Rect: pos = array([-73.24336837,  46.48187296])
18.7336 	EXP 	unnamed Rect: pos = array([-73.24336837,  46.48187296])
18.7503 	EXP 	unnamed Rect: pos = array([-73.24336837,  46.48187296])
18.7666 	EXP 	unnamed Rect: pos = array([-73.24336837,  46.48187296])
18.7834 	EXP 	unnamed Rect: pos = array([-73.24336837,  46.48187296])
18.8000 	EXP 	unnamed Rect: pos = array([-73.24336837,  46.48187296])
18.8168 	EXP 	unnamed Rect: pos = array([-73.24336837,  46.48187296])
18.8339 	EXP 	unnamed Rect: pos = array([-73.24336837,  46.48187296])
18.8345 	DATA 	Keypress: down
18.8498 	EXP 	unnamed Rect: pos = array([-73.24336837,  36.48187296])
18.8667 	EXP 	unnamed Rect: pos = array([-73.24336837,  36.48187296])
18.8839 	EXP 	unnamed Rect: pos = array([-73.24336837,  36.48187296])
18.9003 	EXP 	unnamed Rect: pos = array([-73.24336837,  36.48187296])
18.9172 	EXP 	unnamed Rect: pos = array([-73.24336837,  36.48187296])
18.9339 	EXP 	unnamed Rect: pos = array([-73.24336837,  36.48187296])
18.9500 	EXP 	unnamed Rect: pos = array([-73.24336837,  36.48187296])
18.9667 	EXP 	unnamed Rect: pos = array([-73.24336837,  36.48187296])
18.9836 	EXP 	unnamed Rect: pos = array([-73.24336837,  36.48187296])
18.9842 	DATA 	Keypress: down
19.0001 	EXP 	unnamed Rect: pos = array([-73.24336837,  26.48187296])
19.0173 	EXP 	unnamed Rect: pos = array([-73.24336837,  26.48187296])
19.0336 	EXP 	unnamed Rect: pos = array([-73.24336837,  26.48187296])
19.0504 	EXP 	unnamed Rect: pos = array([-73.24336837,  26.48187296])
19.0672 	EXP 	unnamed Rect: pos = array([-73.24336837,  26.48187296])
19.0832 	EXP 	unnamed Rect: pos = array([-73.24336837,  26.48187296])
19.1000 	EXP 	unnamed Rect: pos = array([-73.24336837,  26.48187296])
19.1173 	EXP 	unnamed Rect: pos = array([-73.24336837,  26.48187296])
19.1339 	EXP 	unnamed Rect: pos = array([-73.24336837,  26.48187296])
19.1501 	EXP 	unnamed Rect: pos = array([-73.24336837,  26.48187296])
19.1674 	EXP 	unnamed Rect: pos = array([-73.24336837,  26.48187296])
19.1680 	DATA 	Keypress: right
19.1837 	EXP 	unnamed Rect: pos = array([-63.24336837,  26.48187296])
19.2006 	EXP 	unnamed Rect: pos = array([-63.24336837,  26.48187296])
19.2172 	EXP 	unnamed Rect: pos = array([-63.24336837,  26.48187296])
19.2335 	EXP 	unnamed Rect: pos = array([-63.24336837,  26.48187296])
19.2498 	EXP 	unnamed Rect: pos = array([-63.24336837,  26.48187296])
19.2674 	EXP 	unnamed Rect: pos = array([-63.24336837,  26.48187296])
19.2835 	EXP 	unnamed Rect: pos = array([-63.24336837,  26.48187296])
19.3006 	EXP 	unnamed Rect: pos = array([-63.24336837,  26.48187296])
19.3172 	EXP 	unnamed Rect: pos = array([-63.24336837,  26.48187296])
19.3341 	EXP 	unnamed Rect: pos = array([-63.24336837,  26.48187296])
19.3347 	DATA 	Keypress: down
19.3506 	EXP 	unnamed Rect: pos = array([-63.24336837,  16.48187296])
19.3670 	EXP 	unnamed Rect: pos = array([-63.24336837,  16.48187296])
19.3834 	EXP 	unnamed Rect: pos = array([-63.24336837,  16.48187296])
19.4004 	EXP 	unnamed Rect: pos = array([-63.24336837,  16.48187296])
19.4171 	EXP 	unnamed Rect: pos = array([-63.24336837,  16.48187296])
19.4335 	EXP 	unnamed Rect: pos = array([-63.24336837,  16.48187296])
19.4501 	EXP 	unnamed Rect: pos = array([-63.24336837,  16.48187296])
19.4669 	EXP 	unnamed Rect: pos = array([-63.24336837,  16.48187296])
19.4837 	EXP 	unnamed Rect: pos = array([-63.24336837,  16.48187296])
19.5000 	EXP 	unnamed Rect: pos = array([-63.24336837,  16.48187296])
19.5173 	EXP 	unnamed Rect: pos = array([-63.24336837,  16.48187296])
19.5337 	EXP 	unnamed Rect: pos = array([-63.24336837,  16.48187296])
19.5343 	DATA 	Keypress: left
19.5506 	EXP 	unnamed Rect: pos = array([-73.24336837,  16.48187296])
19.5669 	EXP 	unnamed Rect: pos = array([-73.24336837,  16.48187296])
19.5833 	EXP 	unnamed Rect: pos = array([-73.24336837,  16.48187296])
19.6005 	EXP 	unnamed Rect: pos = array([-73.24336837,  16.48187296])
19.6169 	EXP 	unnamed Rect: pos = array([-73.24336837,  16.48187296])
19.6334 	EXP 	unnamed Rect: pos = array([-73.24336837,  16.48187296])
19.6506 	EXP 	unnamed Rect: pos = array([-73.24336837,  16.48187296])
19.6512 	DATA 	Keypress: down
19.6667 	EXP 	unnamed Rect: pos = array([-73.24336837,   6.48187296])
19.6833 	EXP 	unnamed Rect: pos = array([-73.24336837,   6.48187296])
19.6999 	EXP 	unnamed Rect: pos = array([-73.24336837,   6.48187296])
19.7167 	EXP 	unnamed Rect: pos = array([-73.24336837,   6.48187296])
19.7334 	EXP 	unnamed Rect: pos = array([-73.24336837,   6.48187296])
19.7503 	EXP 	unnamed Rect: pos = array([-73.24336837,   6.48187296])
19.7670 	EXP 	unnamed Rect: pos = array([-73.24336837,   6.48187296])
19.7676 	DATA 	Keypress: left
19.7837 	EXP 	unnamed Rect: pos = array([-83.24336837,   6.48187296])
19.8009 	EXP 	unnamed Rect: pos = array([-83.24336837,   6.48187296])
19.8169 	EXP 	unnamed Rect: pos = array([-83.24336837,   6.48187296])
19.8175 	DATA 	Keypress: down
19.8332 	EXP 	unnamed Rect: pos = array([-83.24336837,  -3.51812704])
19.8503 	EXP 	unnamed Rect: pos = array([-83.24336837,  -3.51812704])
19.8668 	EXP 	unnamed Rect: pos = array([-83.24336837,  -3.51812704])
19.8837 	EXP 	unnamed Rect: pos = array([-83.24336837,  -3.51812704])
19.9006 	EXP 	unnamed Rect: pos = array([-83.24336837,  -3.51812704])
19.9171 	EXP 	unnamed Rect: pos = array([-83.24336837,  -3.51812704])
19.9336 	EXP 	unnamed Rect: pos = array([-83.24336837,  -3.51812704])
19.9503 	EXP 	unnamed Rect: pos = array([-83.24336837,  -3.51812704])
19.9670 	EXP 	unnamed Rect: pos = array([-83.24336837,  -3.51812704])
19.9712 	DATA 	Keypress: left
19.9842 	EXP 	unnamed Rect: pos = array([-83.24336837,  -3.51812704])
20.0001 	EXP 	unnamed Rect: pos = array([-93.24336837,  -3.51812704])
20.0169 	EXP 	unnamed Rect: pos = array([-93.24336837,  -3.51812704])
20.0340 	EXP 	unnamed Rect: pos = array([-93.24336837,  -3.51812704])
20.0507 	EXP 	unnamed Rect: pos = array([-93.24336837,  -3.51812704])
20.0672 	EXP 	unnamed Rect: pos = array([-93.24336837,  -3.51812704])
20.0678 	DATA 	Keypress: down
20.0835 	EXP 	unnamed Rect: pos = array([-93.24336837, -13.51812704])
20.1000 	EXP 	unnamed Rect: pos = array([-93.24336837, -13.51812704])
20.1166 	EXP 	unnamed Rect: pos = array([-93.24336837, -13.51812704])
20.1341 	EXP 	unnamed Rect: pos = array([-93.24336837, -13.51812704])
20.1505 	EXP 	unnamed Rect: pos = array([-93.24336837, -13.51812704])
20.1670 	EXP 	unnamed Rect: pos = array([-93.24336837, -13.51812704])
20.1675 	DATA 	Keypress: left
20.1834 	EXP 	unnamed Rect: pos = array([-103.24336837,  -13.51812704])
20.2000 	EXP 	unnamed Rect: pos = array([-103.24336837,  -13.51812704])
20.2170 	EXP 	unnamed Rect: pos = array([-103.24336837,  -13.51812704])
20.2333 	EXP 	unnamed Rect: pos = array([-103.24336837,  -13.51812704])
20.2504 	EXP 	unnamed Rect: pos = array([-103.24336837,  -13.51812704])
20.2509 	DATA 	Keypress: down
20.2668 	EXP 	unnamed Rect: pos = array([-103.24336837,  -23.51812704])
20.2835 	EXP 	unnamed Rect: pos = array([-103.24336837,  -23.51812704])
20.3007 	EXP 	unnamed Rect: pos = array([-103.24336837,  -23.51812704])
20.3168 	EXP 	unnamed Rect: pos = array([-103.24336837,  -23.51812704])
20.3336 	EXP 	unnamed Rect: pos = array([-103.24336837,  -23.51812704])
20.3501 	EXP 	unnamed Rect: pos = array([-103.24336837,  -23.51812704])
20.3671 	EXP 	unnamed Rect: pos = array([-103.24336837,  -23.51812704])
20.3836 	EXP 	unnamed Rect: pos = array([-103.24336837,  -23.51812704])
20.4006 	EXP 	unnamed Rect: pos = array([-103.24336837,  -23.51812704])
20.4012 	DATA 	Keypress: left
20.4171 	EXP 	unnamed Rect: pos = array([-113.24336837,  -23.51812704])
20.4336 	EXP 	unnamed Rect: pos = array([-113.24336837,  -23.51812704])
20.4500 	EXP 	unnamed Rect: pos = array([-113.24336837,  -23.51812704])
20.4672 	EXP 	unnamed Rect: pos = array([-113.24336837,  -23.51812704])
20.4835 	EXP 	unnamed Rect: pos = array([-113.24336837,  -23.51812704])
20.4843 	DATA 	Keypress: down
20.5004 	EXP 	unnamed Rect: pos = array([-113.24336837,  -33.51812704])
20.5167 	EXP 	unnamed Rect: pos = array([-113.24336837,  -33.51812704])
20.5333 	EXP 	unnamed Rect: pos = array([-113.24336837,  -33.51812704])
20.5499 	EXP 	unnamed Rect: pos = array([-113.24336837,  -33.51812704])
20.5667 	EXP 	unnamed Rect: pos = array([-113.24336837,  -33.51812704])
20.5833 	EXP 	unnamed Rect: pos = array([-113.24336837,  -33.51812704])
20.5999 	EXP 	unnamed Rect: pos = array([-113.24336837,  -33.51812704])
20.6170 	EXP 	unnamed Rect: pos = array([-113.24336837,  -33.51812704])
20.6338 	EXP 	unnamed Rect: pos = array([-113.24336837,  -33.51812704])
20.6344 	DATA 	Keypress: down
20.6349 	DATA 	Keypress: left
20.6503 	EXP 	unnamed Rect: pos = array([-113.24336837,  -43.51812704])
20.6670 	EXP 	unnamed Rect: pos = array([-113.24336837,  -43.51812704])
20.6863 	EXP 	unnamed Rect: pos = array([-113.24336837,  -43.51812704])
20.6998 	EXP 	unnamed Rect: pos = array([-113.24336837,  -43.51812704])
20.7170 	EXP 	unnamed Rect: pos = array([-113.24336837,  -43.51812704])
20.7336 	EXP 	unnamed Rect: pos = array([-113.24336837,  -43.51812704])
20.7501 	EXP 	unnamed Rect: pos = array([-113.24336837,  -43.51812704])
20.7671 	EXP 	unnamed Rect: pos = array([-113.24336837,  -43.51812704])
20.7834 	EXP 	unnamed Rect: pos = array([-113.24336837,  -43.51812704])
20.8001 	EXP 	unnamed Rect: pos = array([-113.24336837,  -43.51812704])
20.8167 	EXP 	unnamed Rect: pos = array([-113.24336837,  -43.51812704])
20.8333 	EXP 	unnamed Rect: pos = array([-113.24336837,  -43.51812704])
20.8503 	EXP 	unnamed Rect: pos = array([-113.24336837,  -43.51812704])
20.8670 	EXP 	unnamed Rect: pos = array([-113.24336837,  -43.51812704])
20.8837 	EXP 	unnamed Rect: pos = array([-113.24336837,  -43.51812704])
20.9006 	EXP 	unnamed Rect: pos = array([-113.24336837,  -43.51812704])
20.9173 	EXP 	unnamed Rect: pos = array([-113.24336837,  -43.51812704])
20.9338 	EXP 	unnamed Rect: pos = array([-113.24336837,  -43.51812704])
20.9501 	EXP 	unnamed Rect: pos = array([-113.24336837,  -43.51812704])
20.9667 	EXP 	unnamed Rect: pos = array([-113.24336837,  -43.51812704])
20.9843 	EXP 	unnamed Rect: pos = array([-113.24336837,  -43.51812704])
21.0001 	EXP 	unnamed Rect: pos = array([-113.24336837,  -43.51812704])
21.0172 	EXP 	unnamed Rect: pos = array([-113.24336837,  -43.51812704])
21.0339 	EXP 	unnamed Rect: pos = array([-113.24336837,  -43.51812704])
21.0346 	DATA 	Keypress: down
21.0503 	EXP 	unnamed Rect: pos = array([-113.24336837,  -53.51812704])
21.0669 	EXP 	unnamed Rect: pos = array([-113.24336837,  -53.51812704])
21.0834 	EXP 	unnamed Rect: pos = array([-113.24336837,  -53.51812704])
21.1010 	EXP 	unnamed Rect: pos = array([-113.24336837,  -53.51812704])
21.1166 	EXP 	unnamed Rect: pos = array([-113.24336837,  -53.51812704])
21.1337 	EXP 	unnamed Rect: pos = array([-113.24336837,  -53.51812704])
21.1501 	EXP 	unnamed Rect: pos = array([-113.24336837,  -53.51812704])
21.1668 	EXP 	unnamed Rect: pos = array([-113.24336837,  -53.51812704])
21.1838 	EXP 	unnamed Rect: pos = array([-113.24336837,  -53.51812704])
21.1844 	DATA 	Keypress: right
21.2005 	EXP 	unnamed Rect: pos = array([-103.24336837,  -53.51812704])
21.2171 	EXP 	unnamed Rect: pos = array([-103.24336837,  -53.51812704])
21.2340 	EXP 	unnamed Rect: pos = array([-103.24336837,  -53.51812704])
21.2506 	EXP 	unnamed Rect: pos = array([-103.24336837,  -53.51812704])
21.2667 	EXP 	unnamed Rect: pos = array([-103.24336837,  -53.51812704])
21.2837 	EXP 	unnamed Rect: pos = array([-103.24336837,  -53.51812704])
21.3006 	EXP 	unnamed Rect: pos = array([-103.24336837,  -53.51812704])
21.3173 	EXP 	unnamed Rect: pos = array([-103.24336837,  -53.51812704])
21.3333 	EXP 	unnamed Rect: pos = array([-103.24336837,  -53.51812704])
21.3504 	EXP 	unnamed Rect: pos = array([-103.24336837,  -53.51812704])
21.3510 	DATA 	Keypress: right
21.3671 	EXP 	unnamed Rect: pos = array([-93.24336837, -53.51812704])
21.3834 	EXP 	unnamed Rect: pos = array([-93.24336837, -53.51812704])
21.4003 	EXP 	unnamed Rect: pos = array([-93.24336837, -53.51812704])
21.4173 	EXP 	unnamed Rect: pos = array([-93.24336837, -53.51812704])
21.4340 	EXP 	unnamed Rect: pos = array([-93.24336837, -53.51812704])
21.4502 	EXP 	unnamed Rect: pos = array([-93.24336837, -53.51812704])
21.4669 	EXP 	unnamed Rect: pos = array([-93.24336837, -53.51812704])
21.4838 	EXP 	unnamed Rect: pos = array([-93.24336837, -53.51812704])
21.4881 	DATA 	Keypress: right
21.5003 	EXP 	unnamed Rect: pos = array([-93.24336837, -53.51812704])
21.5166 	EXP 	unnamed Rect: pos = array([-83.24336837, -53.51812704])
21.5338 	EXP 	unnamed Rect: pos = array([-83.24336837, -53.51812704])
21.5504 	EXP 	unnamed Rect: pos = array([-83.24336837, -53.51812704])
21.5667 	EXP 	unnamed Rect: pos = array([-83.24336837, -53.51812704])
21.5840 	EXP 	unnamed Rect: pos = array([-83.24336837, -53.51812704])
21.6001 	EXP 	unnamed Rect: pos = array([-83.24336837, -53.51812704])
21.6172 	EXP 	unnamed Rect: pos = array([-83.24336837, -53.51812704])
21.6340 	EXP 	unnamed Rect: pos = array([-83.24336837, -53.51812704])
21.6500 	EXP 	unnamed Rect: pos = array([-83.24336837, -53.51812704])
21.6677 	EXP 	unnamed Rect: pos = array([-83.24336837, -53.51812704])
21.6683 	DATA 	Keypress: up
21.6836 	EXP 	unnamed Rect: pos = array([-83.24336837, -43.51812704])
21.7003 	EXP 	unnamed Rect: pos = array([-83.24336837, -43.51812704])
21.7169 	EXP 	unnamed Rect: pos = array([-83.24336837, -43.51812704])
21.7336 	EXP 	unnamed Rect: pos = array([-83.24336837, -43.51812704])
21.7505 	EXP 	unnamed Rect: pos = array([-83.24336837, -43.51812704])
21.7669 	EXP 	unnamed Rect: pos = array([-83.24336837, -43.51812704])
21.7833 	EXP 	unnamed Rect: pos = array([-83.24336837, -43.51812704])
21.7999 	EXP 	unnamed Rect: pos = array([-83.24336837, -43.51812704])
21.8169 	EXP 	unnamed Rect: pos = array([-83.24336837, -43.51812704])
21.8337 	EXP 	unnamed Rect: pos = array([-83.24336837, -43.51812704])
21.8500 	EXP 	unnamed Rect: pos = array([-83.24336837, -43.51812704])
21.8506 	DATA 	Keypress: up
21.8668 	EXP 	unnamed Rect: pos = array([-83.24336837, -33.51812704])
21.8845 	EXP 	unnamed Rect: pos = array([-83.24336837, -33.51812704])
21.9000 	EXP 	unnamed Rect: pos = array([-83.24336837, -33.51812704])
21.9167 	EXP 	unnamed Rect: pos = array([-83.24336837, -33.51812704])
21.9334 	EXP 	unnamed Rect: pos = array([-83.24336837, -33.51812704])
21.9501 	EXP 	unnamed Rect: pos = array([-83.24336837, -33.51812704])
21.9666 	EXP 	unnamed Rect: pos = array([-83.24336837, -33.51812704])
21.9833 	EXP 	unnamed Rect: pos = array([-83.24336837, -33.51812704])
22.0001 	EXP 	unnamed Rect: pos = array([-83.24336837, -33.51812704])
22.0168 	EXP 	unnamed Rect: pos = array([-83.24336837, -33.51812704])
22.0334 	EXP 	unnamed Rect: pos = array([-83.24336837, -33.51812704])
22.0506 	EXP 	unnamed Rect: pos = array([-83.24336837, -33.51812704])
22.0672 	EXP 	unnamed Rect: pos = array([-83.24336837, -33.51812704])
22.0828 	EXP 	unnamed Rect: pos = array([-83.24336837, -33.51812704])
22.1008 	EXP 	unnamed Rect: pos = array([-83.24336837, -33.51812704])
22.1168 	EXP 	unnamed Rect: pos = array([-83.24336837, -33.51812704])
22.1337 	EXP 	unnamed Rect: pos = array([-83.24336837, -33.51812704])
22.1501 	EXP 	unnamed Rect: pos = array([-83.24336837, -33.51812704])
22.1672 	EXP 	unnamed Rect: pos = array([-83.24336837, -33.51812704])
22.1836 	EXP 	unnamed Rect: pos = array([-83.24336837, -33.51812704])
22.2000 	EXP 	unnamed Rect: pos = array([-83.24336837, -33.51812704])
22.2170 	EXP 	unnamed Rect: pos = array([-83.24336837, -33.51812704])
22.2337 	EXP 	unnamed Rect: pos = array([-83.24336837, -33.51812704])
22.2507 	EXP 	unnamed Rect: pos = array([-83.24336837, -33.51812704])
22.2513 	DATA 	Keypress: right
22.2670 	EXP 	unnamed Rect: pos = array([-73.24336837, -33.51812704])
22.2833 	EXP 	unnamed Rect: pos = array([-73.24336837, -33.51812704])
22.3001 	EXP 	unnamed Rect: pos = array([-73.24336837, -33.51812704])
22.3178 	EXP 	unnamed Rect: pos = array([-73.24336837, -33.51812704])
22.3334 	EXP 	unnamed Rect: pos = array([-73.24336837, -33.51812704])
22.3504 	EXP 	unnamed Rect: pos = array([-73.24336837, -33.51812704])
22.3667 	EXP 	unnamed Rect: pos = array([-73.24336837, -33.51812704])
22.3837 	EXP 	unnamed Rect: pos = array([-73.24336837, -33.51812704])
22.4003 	EXP 	unnamed Rect: pos = array([-73.24336837, -33.51812704])
22.4168 	EXP 	unnamed Rect: pos = array([-73.24336837, -33.51812704])
22.4174 	DATA 	Keypress: up
22.4334 	EXP 	unnamed Rect: pos = array([-73.24336837, -23.51812704])
22.4500 	EXP 	unnamed Rect: pos = array([-73.24336837, -23.51812704])
22.4668 	EXP 	unnamed Rect: pos = array([-73.24336837, -23.51812704])
22.4837 	EXP 	unnamed Rect: pos = array([-73.24336837, -23.51812704])
22.5001 	EXP 	unnamed Rect: pos = array([-73.24336837, -23.51812704])
22.5167 	EXP 	unnamed Rect: pos = array([-73.24336837, -23.51812704])
22.5335 	EXP 	unnamed Rect: pos = array([-73.24336837, -23.51812704])
22.5504 	EXP 	unnamed Rect: pos = array([-73.24336837, -23.51812704])
22.5667 	EXP 	unnamed Rect: pos = array([-73.24336837, -23.51812704])
22.5835 	EXP 	unnamed Rect: pos = array([-73.24336837, -23.51812704])
22.6004 	EXP 	unnamed Rect: pos = array([-73.24336837, -23.51812704])
22.6011 	DATA 	Keypress: left
22.6169 	EXP 	unnamed Rect: pos = array([-83.24336837, -23.51812704])
22.6339 	EXP 	unnamed Rect: pos = array([-83.24336837, -23.51812704])
22.6503 	EXP 	unnamed Rect: pos = array([-83.24336837, -23.51812704])
22.6673 	EXP 	unnamed Rect: pos = array([-83.24336837, -23.51812704])
22.6840 	EXP 	unnamed Rect: pos = array([-83.24336837, -23.51812704])
22.7006 	EXP 	unnamed Rect: pos = array([-83.24336837, -23.51812704])
22.7172 	EXP 	unnamed Rect: pos = array([-83.24336837, -23.51812704])
22.7337 	EXP 	unnamed Rect: pos = array([-83.24336837, -23.51812704])
22.7342 	DATA 	Keypress: up
22.7509 	EXP 	unnamed Rect: pos = array([-83.24336837, -13.51812704])
22.7671 	EXP 	unnamed Rect: pos = array([-83.24336837, -13.51812704])
22.7834 	EXP 	unnamed Rect: pos = array([-83.24336837, -13.51812704])
22.8006 	EXP 	unnamed Rect: pos = array([-83.24336837, -13.51812704])
22.8167 	EXP 	unnamed Rect: pos = array([-83.24336837, -13.51812704])
22.8342 	EXP 	unnamed Rect: pos = array([-83.24336837, -13.51812704])
22.8506 	EXP 	unnamed Rect: pos = array([-83.24336837, -13.51812704])
22.8670 	EXP 	unnamed Rect: pos = array([-83.24336837, -13.51812704])
22.8841 	EXP 	unnamed Rect: pos = array([-83.24336837, -13.51812704])
22.8880 	DATA 	Keypress: left
22.9007 	EXP 	unnamed Rect: pos = array([-83.24336837, -13.51812704])
22.9173 	EXP 	unnamed Rect: pos = array([-93.24336837, -13.51812704])
22.9339 	EXP 	unnamed Rect: pos = array([-93.24336837, -13.51812704])
22.9345 	DATA 	Keypress: up
22.9507 	EXP 	unnamed Rect: pos = array([-93.24336837,  -3.51812704])
22.9670 	EXP 	unnamed Rect: pos = array([-93.24336837,  -3.51812704])
22.9834 	EXP 	unnamed Rect: pos = array([-93.24336837,  -3.51812704])
23.0003 	EXP 	unnamed Rect: pos = array([-93.24336837,  -3.51812704])
23.0167 	EXP 	unnamed Rect: pos = array([-93.24336837,  -3.51812704])
23.0334 	EXP 	unnamed Rect: pos = array([-93.24336837,  -3.51812704])
23.0500 	EXP 	unnamed Rect: pos = array([-93.24336837,  -3.51812704])
23.0667 	EXP 	unnamed Rect: pos = array([-93.24336837,  -3.51812704])
23.0838 	EXP 	unnamed Rect: pos = array([-93.24336837,  -3.51812704])
23.0844 	DATA 	Keypress: left
23.1002 	EXP 	unnamed Rect: pos = array([-103.24336837,   -3.51812704])
23.1167 	EXP 	unnamed Rect: pos = array([-103.24336837,   -3.51812704])
23.1336 	EXP 	unnamed Rect: pos = array([-103.24336837,   -3.51812704])
23.1503 	EXP 	unnamed Rect: pos = array([-103.24336837,   -3.51812704])
23.1667 	EXP 	unnamed Rect: pos = array([-103.24336837,   -3.51812704])
23.1835 	EXP 	unnamed Rect: pos = array([-103.24336837,   -3.51812704])
23.2003 	EXP 	unnamed Rect: pos = array([-103.24336837,   -3.51812704])
23.2173 	EXP 	unnamed Rect: pos = array([-103.24336837,   -3.51812704])
23.2179 	DATA 	Keypress: up
23.2337 	EXP 	unnamed Rect: pos = array([-103.24336837,    6.48187296])
23.2499 	EXP 	unnamed Rect: pos = array([-103.24336837,    6.48187296])
23.2668 	EXP 	unnamed Rect: pos = array([-103.24336837,    6.48187296])
23.2837 	EXP 	unnamed Rect: pos = array([-103.24336837,    6.48187296])
23.3003 	EXP 	unnamed Rect: pos = array([-103.24336837,    6.48187296])
23.3010 	DATA 	Keypress: left
23.3167 	EXP 	unnamed Rect: pos = array([-113.24336837,    6.48187296])
23.3339 	EXP 	unnamed Rect: pos = array([-113.24336837,    6.48187296])
23.3496 	EXP 	unnamed Rect: pos = array([-113.24336837,    6.48187296])
23.3668 	EXP 	unnamed Rect: pos = array([-113.24336837,    6.48187296])
23.3833 	EXP 	unnamed Rect: pos = array([-113.24336837,    6.48187296])
23.4008 	EXP 	unnamed Rect: pos = array([-113.24336837,    6.48187296])
23.4170 	EXP 	unnamed Rect: pos = array([-113.24336837,    6.48187296])
23.4338 	EXP 	unnamed Rect: pos = array([-113.24336837,    6.48187296])
23.4505 	EXP 	unnamed Rect: pos = array([-113.24336837,    6.48187296])
23.4674 	EXP 	unnamed Rect: pos = array([-113.24336837,    6.48187296])
23.4680 	DATA 	Keypress: up
23.4840 	EXP 	unnamed Rect: pos = array([-113.24336837,   16.48187296])
23.5000 	EXP 	unnamed Rect: pos = array([-113.24336837,   16.48187296])
23.5169 	EXP 	unnamed Rect: pos = array([-113.24336837,   16.48187296])
23.5340 	EXP 	unnamed Rect: pos = array([-113.24336837,   16.48187296])
23.5346 	DATA 	Keypress: left
23.5504 	EXP 	unnamed Rect: pos = array([-123.24336837,   16.48187296])
23.5671 	EXP 	unnamed Rect: pos = array([-123.24336837,   16.48187296])
23.5842 	EXP 	unnamed Rect: pos = array([-123.24336837,   16.48187296])
23.6000 	EXP 	unnamed Rect: pos = array([-123.24336837,   16.48187296])
23.6167 	EXP 	unnamed Rect: pos = array([-123.24336837,   16.48187296])
23.6338 	EXP 	unnamed Rect: pos = array([-123.24336837,   16.48187296])
23.6500 	EXP 	unnamed Rect: pos = array([-123.24336837,   16.48187296])
23.6671 	EXP 	unnamed Rect: pos = array([-123.24336837,   16.48187296])
23.6677 	DATA 	Keypress: up
23.6836 	EXP 	unnamed Rect: pos = array([-123.24336837,   26.48187296])
23.7003 	EXP 	unnamed Rect: pos = array([-123.24336837,   26.48187296])
23.7169 	EXP 	unnamed Rect: pos = array([-123.24336837,   26.48187296])
23.7340 	EXP 	unnamed Rect: pos = array([-123.24336837,   26.48187296])
23.7507 	EXP 	unnamed Rect: pos = array([-123.24336837,   26.48187296])
23.7512 	DATA 	Keypress: left
23.7667 	EXP 	unnamed Rect: pos = array([-133.24336837,   26.48187296])
23.7840 	EXP 	unnamed Rect: pos = array([-133.24336837,   26.48187296])
23.8000 	EXP 	unnamed Rect: pos = array([-133.24336837,   26.48187296])
23.8170 	EXP 	unnamed Rect: pos = array([-133.24336837,   26.48187296])
23.8341 	EXP 	unnamed Rect: pos = array([-133.24336837,   26.48187296])
23.8506 	EXP 	unnamed Rect: pos = array([-133.24336837,   26.48187296])
23.8676 	EXP 	unnamed Rect: pos = array([-133.24336837,   26.48187296])
23.8719 	DATA 	Keypress: up
23.8839 	EXP 	unnamed Rect: pos = array([-133.24336837,   26.48187296])
23.9003 	EXP 	unnamed Rect: pos = array([-133.24336837,   36.48187296])
23.9172 	EXP 	unnamed Rect: pos = array([-133.24336837,   36.48187296])
23.9337 	EXP 	unnamed Rect: pos = array([-133.24336837,   36.48187296])
23.9500 	EXP 	unnamed Rect: pos = array([-133.24336837,   36.48187296])
23.9673 	EXP 	unnamed Rect: pos = array([-133.24336837,   36.48187296])
23.9680 	DATA 	Keypress: left
23.9835 	EXP 	unnamed Rect: pos = array([-143.24336837,   36.48187296])
24.0003 	EXP 	unnamed Rect: pos = array([-143.24336837,   36.48187296])
24.0167 	EXP 	unnamed Rect: pos = array([-143.24336837,   36.48187296])
24.0333 	EXP 	unnamed Rect: pos = array([-143.24336837,   36.48187296])
24.0506 	EXP 	unnamed Rect: pos = array([-143.24336837,   36.48187296])
24.0670 	EXP 	unnamed Rect: pos = array([-143.24336837,   36.48187296])
24.0838 	EXP 	unnamed Rect: pos = array([-143.24336837,   36.48187296])
24.1004 	EXP 	unnamed Rect: pos = array([-143.24336837,   36.48187296])
24.1010 	DATA 	Keypress: up
24.1169 	EXP 	unnamed Rect: pos = array([-143.24336837,   46.48187296])
24.1337 	EXP 	unnamed Rect: pos = array([-143.24336837,   46.48187296])
24.1499 	EXP 	unnamed Rect: pos = array([-143.24336837,   46.48187296])
24.1668 	EXP 	unnamed Rect: pos = array([-143.24336837,   46.48187296])
24.1832 	EXP 	unnamed Rect: pos = array([-143.24336837,   46.48187296])
24.2002 	EXP 	unnamed Rect: pos = array([-143.24336837,   46.48187296])
24.2044 	DATA 	Keypress: left
24.2178 	EXP 	unnamed Rect: pos = array([-143.24336837,   46.48187296])
24.2339 	EXP 	unnamed Rect: pos = array([-153.24336837,   46.48187296])
24.2503 	EXP 	unnamed Rect: pos = array([-153.24336837,   46.48187296])
24.2675 	EXP 	unnamed Rect: pos = array([-153.24336837,   46.48187296])
24.2838 	EXP 	unnamed Rect: pos = array([-153.24336837,   46.48187296])
24.3003 	EXP 	unnamed Rect: pos = array([-153.24336837,   46.48187296])
24.3173 	EXP 	unnamed Rect: pos = array([-153.24336837,   46.48187296])
24.3337 	EXP 	unnamed Rect: pos = array([-153.24336837,   46.48187296])
24.3342 	DATA 	Keypress: up
24.3501 	EXP 	unnamed Rect: pos = array([-153.24336837,   56.48187296])
24.3666 	EXP 	unnamed Rect: pos = array([-153.24336837,   56.48187296])
24.3840 	EXP 	unnamed Rect: pos = array([-153.24336837,   56.48187296])
24.4000 	EXP 	unnamed Rect: pos = array([-153.24336837,   56.48187296])
24.4170 	EXP 	unnamed Rect: pos = array([-153.24336837,   56.48187296])
24.4336 	EXP 	unnamed Rect: pos = array([-153.24336837,   56.48187296])
24.4500 	EXP 	unnamed Rect: pos = array([-153.24336837,   56.48187296])
24.4672 	EXP 	unnamed Rect: pos = array([-153.24336837,   56.48187296])
24.4678 	DATA 	Keypress: left
24.4838 	EXP 	unnamed Rect: pos = array([-163.24336837,   56.48187296])
24.5002 	EXP 	unnamed Rect: pos = array([-163.24336837,   56.48187296])
24.5168 	EXP 	unnamed Rect: pos = array([-163.24336837,   56.48187296])
24.5334 	EXP 	unnamed Rect: pos = array([-163.24336837,   56.48187296])
24.5508 	EXP 	unnamed Rect: pos = array([-163.24336837,   56.48187296])
24.5674 	EXP 	unnamed Rect: pos = array([-163.24336837,   56.48187296])
24.5679 	DATA 	Keypress: up
24.5837 	EXP 	unnamed Rect: pos = array([-163.24336837,   66.48187296])
24.6005 	EXP 	unnamed Rect: pos = array([-163.24336837,   66.48187296])
24.6171 	EXP 	unnamed Rect: pos = array([-163.24336837,   66.48187296])
24.6340 	EXP 	unnamed Rect: pos = array([-163.24336837,   66.48187296])
24.6501 	EXP 	unnamed Rect: pos = array([-163.24336837,   66.48187296])
24.6666 	EXP 	unnamed Rect: pos = array([-163.24336837,   66.48187296])
24.6839 	EXP 	unnamed Rect: pos = array([-163.24336837,   66.48187296])
24.6846 	DATA 	Keypress: left
24.7011 	EXP 	unnamed Rect: pos = array([-173.24336837,   66.48187296])
24.7173 	EXP 	unnamed Rect: pos = array([-173.24336837,   66.48187296])
24.7336 	EXP 	unnamed Rect: pos = array([-173.24336837,   66.48187296])
24.7506 	EXP 	unnamed Rect: pos = array([-173.24336837,   66.48187296])
24.7668 	EXP 	unnamed Rect: pos = array([-173.24336837,   66.48187296])
24.7833 	EXP 	unnamed Rect: pos = array([-173.24336837,   66.48187296])
24.8009 	EXP 	unnamed Rect: pos = array([-173.24336837,   66.48187296])
24.8016 	DATA 	Keypress: up
24.8174 	EXP 	unnamed Rect: pos = array([-173.24336837,   76.48187296])
24.8180 	DATA 	Keypress: right
24.8338 	EXP 	unnamed Rect: pos = array([-163.24336837,   76.48187296])
24.8505 	EXP 	unnamed Rect: pos = array([-163.24336837,   76.48187296])
24.8677 	EXP 	unnamed Rect: pos = array([-163.24336837,   76.48187296])
24.8837 	EXP 	unnamed Rect: pos = array([-163.24336837,   76.48187296])
24.9004 	EXP 	unnamed Rect: pos = array([-163.24336837,   76.48187296])
24.9178 	EXP 	unnamed Rect: pos = array([-163.24336837,   76.48187296])
24.9186 	DATA 	Keypress: left
24.9340 	EXP 	unnamed Rect: pos = array([-173.24336837,   76.48187296])
24.9502 	EXP 	unnamed Rect: pos = array([-173.24336837,   76.48187296])
24.9670 	EXP 	unnamed Rect: pos = array([-173.24336837,   76.48187296])
24.9834 	EXP 	unnamed Rect: pos = array([-173.24336837,   76.48187296])
25.0006 	EXP 	unnamed Rect: pos = array([-173.24336837,   76.48187296])
25.0011 	DATA 	Keypress: up
25.0172 	EXP 	unnamed Rect: pos = array([-173.24336837,   86.48187296])
25.0335 	EXP 	unnamed Rect: pos = array([-173.24336837,   86.48187296])
25.0503 	EXP 	unnamed Rect: pos = array([-173.24336837,   86.48187296])
25.0675 	EXP 	unnamed Rect: pos = array([-173.24336837,   86.48187296])
25.0681 	DATA 	Keypress: right
25.0835 	EXP 	unnamed Rect: pos = array([-163.24336837,   86.48187296])
25.1002 	EXP 	unnamed Rect: pos = array([-163.24336837,   86.48187296])
25.1172 	EXP 	unnamed Rect: pos = array([-163.24336837,   86.48187296])
25.1338 	EXP 	unnamed Rect: pos = array([-163.24336837,   86.48187296])
25.1377 	DATA 	Keypress: left
25.1505 	EXP 	unnamed Rect: pos = array([-163.24336837,   86.48187296])
25.1669 	EXP 	unnamed Rect: pos = array([-173.24336837,   86.48187296])
25.1838 	EXP 	unnamed Rect: pos = array([-173.24336837,   86.48187296])
25.2001 	EXP 	unnamed Rect: pos = array([-173.24336837,   86.48187296])
25.2176 	EXP 	unnamed Rect: pos = array([-173.24336837,   86.48187296])
25.2339 	EXP 	unnamed Rect: pos = array([-173.24336837,   86.48187296])
25.2510 	EXP 	unnamed Rect: pos = array([-173.24336837,   86.48187296])
25.2675 	EXP 	unnamed Rect: pos = array([-173.24336837,   86.48187296])
25.2681 	DATA 	Keypress: up
25.2686 	DATA 	Keypress: right
25.2843 	EXP 	unnamed Rect: pos = array([-173.24336837,   96.48187296])
25.3001 	EXP 	unnamed Rect: pos = array([-173.24336837,   96.48187296])
25.3171 	EXP 	unnamed Rect: pos = array([-173.24336837,   96.48187296])
25.3333 	EXP 	unnamed Rect: pos = array([-173.24336837,   96.48187296])
25.3505 	EXP 	unnamed Rect: pos = array([-173.24336837,   96.48187296])
25.3547 	DATA 	Keypress: left
25.3671 	EXP 	unnamed Rect: pos = array([-173.24336837,   96.48187296])
25.3837 	EXP 	unnamed Rect: pos = array([-183.24336837,   96.48187296])
25.4001 	EXP 	unnamed Rect: pos = array([-183.24336837,   96.48187296])
25.4168 	EXP 	unnamed Rect: pos = array([-183.24336837,   96.48187296])
25.4341 	EXP 	unnamed Rect: pos = array([-183.24336837,   96.48187296])
25.4508 	EXP 	unnamed Rect: pos = array([-183.24336837,   96.48187296])
25.4666 	EXP 	unnamed Rect: pos = array([-183.24336837,   96.48187296])
25.4842 	EXP 	unnamed Rect: pos = array([-183.24336837,   96.48187296])
25.4847 	DATA 	Keypress: up
25.5002 	EXP 	unnamed Rect: pos = array([-183.24336837,  106.48187296])
25.5170 	EXP 	unnamed Rect: pos = array([-183.24336837,  106.48187296])
25.5175 	DATA 	Keypress: right
25.5338 	EXP 	unnamed Rect: pos = array([-173.24336837,  106.48187296])
25.5512 	EXP 	unnamed Rect: pos = array([-173.24336837,  106.48187296])
25.5672 	EXP 	unnamed Rect: pos = array([-173.24336837,  106.48187296])
25.5840 	EXP 	unnamed Rect: pos = array([-173.24336837,  106.48187296])
25.6012 	EXP 	unnamed Rect: pos = array([-173.24336837,  106.48187296])
25.6017 	DATA 	Keypress: left
25.6172 	EXP 	unnamed Rect: pos = array([-183.24336837,  106.48187296])
25.6342 	EXP 	unnamed Rect: pos = array([-183.24336837,  106.48187296])
25.6504 	EXP 	text: autoDraw = True
25.7193 	DATA 	Keypress: up
25.8372 	DATA 	Keypress: left
25.9877 	DATA 	Keypress: up
26.0886 	DATA 	Keypress: left
26.2385 	DATA 	Keypress: right
26.3045 	DATA 	Keypress: left
28.3377 	DATA 	Keypress: escape
28.5311 	EXP 	window1: mouseVisible = True
