0.5142 	WARNING 	We strongly recommend you activate the PTB sound engine in PsychoPy prefs as the preferred audio engine. Its timing is vastly superior. Your prefs are currently set to use ['sounddevice', 'PTB', 'pyo', 'pygame'] (in that order).
4.2549 	ERROR 	'-1.0000, -1.0000, -1.0000' is not a valid rgb color
4.8224 	EXP 	Created window1 = Window(allowGUI=False, allowStencil=False, autoLog=True, backendConf=UNKNOWN, bitsMode=UNKNOWN, blendMode='avg', bpc=(8, 8, 8), color=array([0, 0, 0]), colorSpace='rgb', depthBits=8, fullscr=<method-wrapper '__getattribute__' of attributeSetter object at 0x7fd2b107ba20>, gamma=None, gammaErrorPolicy='raise', lms=UNKNOWN, monitor=<psychopy.monitors.calibTools.Monitor object at 0x7fd266e154a8>, multiSample=False, name='window1', numSamples=2, pos=[360.0, 225.0], screen=0, size=array([2880, 1800]), stencilBits=0, stereo=False, units='height', useFBO=True, useRetina=True, viewOri=0.0, viewPos=None, viewScale=None, waitBlanking=True, winType='pyglet')
4.8227 	EXP 	window1: mouseVisible = True
4.8227 	EXP 	window1: recordFrameIntervals = False
4.9892 	EXP 	window1: recordFrameIntervals = True
5.1728 	EXP 	window1: recordFrameIntervals = False
5.7600 	DEPRECATION 	'1.0000, 1.0000, 1.0000' is not a valid rgb color
5.7884 	EXP 	Created Welcometext = TextStim(__class__=<class 'psychopy.visual.text.TextStim'>, alignHoriz=method-wrapper(...), alignText='center', alignVert=method-wrapper(...), anchorHoriz='center', anchorVert='center', antialias=True, autoLog=True, bold=False, color=array([0., 0., 0.]), colorSpace='rgb', contrast=1.0, depth=0.0, flipHoriz=False, flipVert=False, font='Open Sans', fontFiles=[], height=0.05, italic=False, languageStyle='LTR', name='Welcometext', opacity=0, ori=0.0, pos=array([0., 0.]), rgb=UNKNOWN, text='Welcome\nPlease press Spacebar to start', units='height', win=Window(...), wrapWidth=1)
6.1490 	EXP 	Created text = TextStim(__class__=<class 'psychopy.visual.text.TextStim'>, alignHoriz=method-wrapper(...), alignText='center', alignVert=method-wrapper(...), anchorHoriz='center', anchorVert='center', antialias=True, autoLog=True, bold=False, color=array([1., 1., 1.]), colorSpace='rgb', contrast=1.0, depth=0.0, flipHoriz=False, flipVert=False, font='Open Sans', fontFiles=[], height=0.05, italic=False, languageStyle='LTR', name='text', opacity=1, ori=0.0, pos=array([0., 0.]), rgb=UNKNOWN, text=str(...), units='height', win=Window(...), wrapWidth=1)
6.1496 	EXP 	Created sequence: random, trialTypes=1, nReps=5, seed=None
6.1497 	EXP 	New trial (rep=0, index=0): None
6.1557 	EXP 	Welcometext: autoDraw = True
7.2962 	EXP 	Created unnamed Rect = Rect(__class__=<class 'psychopy.visual.rect.Rect'>, autoDraw=False, autoLog=True, closeShape=True, color=method-wrapper(...), colorSpace='rgb', contrast=None, depth=0, fillColor=array([ 1, -1, -1]), fillColorSpace='rgb', fillRGB=array([ 1, -1, -1]), interpolate=True, lineColor=array([-1., -1.,  1.]), lineColorSpace='rgb', lineRGB=array([-1, -1,  1]), lineWidth=1.5, name='unnamed Rect', opacity=1, ori=0.0, pos=array([0., 0.]), size=array([1000.,  700.]), units='pix', vertices=ndarray(...), win=Window(...))
7.2988 	EXP 	Created unnamed Rect = Rect(__class__=<class 'psychopy.visual.rect.Rect'>, autoDraw=False, autoLog=True, closeShape=True, color=method-wrapper(...), colorSpace='rgb', contrast=None, depth=0, fillColor=array([-1, -1, -1]), fillColorSpace='rgb', fillRGB=array([-1, -1, -1]), interpolate=True, lineColor=array([-1., -1.,  1.]), lineColorSpace='rgb', lineRGB=array([-1, -1,  1]), lineWidth=1.5, name='unnamed Rect', opacity=1, ori=0.0, pos=array([0., 0.]), size=array([400., 600.]), units='pix', vertices=ndarray(...), win=Window(...))
7.3013 	EXP 	Created unnamed Rect = Rect(__class__=<class 'psychopy.visual.rect.Rect'>, autoDraw=False, autoLog=True, closeShape=True, color=method-wrapper(...), colorSpace='rgb', contrast=None, depth=0, fillColor=array([-1, -1, -1]), fillColorSpace='rgb', fillRGB=array([-1, -1, -1]), interpolate=True, lineColor=array([-1., -1.,  1.]), lineColorSpace='rgb', lineRGB=array([-1, -1,  1]), lineWidth=1.5, name='unnamed Rect', opacity=1, ori=0.0, pos=array([0., 0.]), size=array([400., 600.]), units='pix', vertices=ndarray(...), win=Window(...))
7.3044 	EXP 	Created unnamed Rect = Rect(__class__=<class 'psychopy.visual.rect.Rect'>, autoDraw=False, autoLog=True, closeShape=True, color=method-wrapper(...), colorSpace='rgb', contrast=None, depth=0, fillColor=array([ 1,  1, -1]), fillColorSpace='rgb', fillRGB=array([ 1,  1, -1]), interpolate=True, lineColor=array([0., 0., 0.]), lineColorSpace='rgb', lineRGB=array([0, 0, 0]), lineWidth=1.5, name='unnamed Rect', opacity=0.5, ori=0.0, pos=array([0., 0.]), size=array([30., 30.]), units='pix', vertices=ndarray(...), win=Window(...))
7.3074 	EXP 	Created unnamed Rect = Rect(__class__=<class 'psychopy.visual.rect.Rect'>, autoDraw=False, autoLog=True, closeShape=True, color=method-wrapper(...), colorSpace='rgb', contrast=None, depth=0, fillColor=array([ 1,  1, -1]), fillColorSpace='rgb', fillRGB=array([ 1,  1, -1]), interpolate=True, lineColor=array([0., 0., 0.]), lineColorSpace='rgb', lineRGB=array([0, 0, 0]), lineWidth=1.5, name='unnamed Rect', opacity=0.5, ori=0.0, pos=array([0., 0.]), size=array([30., 30.]), units='pix', vertices=ndarray(...), win=Window(...))
7.3101 	EXP 	Created unnamed Rect = Rect(__class__=<class 'psychopy.visual.rect.Rect'>, autoDraw=False, autoLog=True, closeShape=True, color=method-wrapper(...), colorSpace='rgb', contrast=None, depth=0, fillColor=array([ 1,  1, -1]), fillColorSpace='rgb', fillRGB=array([ 1,  1, -1]), interpolate=True, lineColor=array([0., 0., 0.]), lineColorSpace='rgb', lineRGB=array([0, 0, 0]), lineWidth=1.5, name='unnamed Rect', opacity=0.5, ori=0.0, pos=array([0., 0.]), size=array([30., 30.]), units='pix', vertices=ndarray(...), win=Window(...))
7.3127 	EXP 	Created unnamed Rect = Rect(__class__=<class 'psychopy.visual.rect.Rect'>, autoDraw=False, autoLog=True, closeShape=True, color=method-wrapper(...), colorSpace='rgb', contrast=None, depth=0, fillColor=array([ 1,  1, -1]), fillColorSpace='rgb', fillRGB=array([ 1,  1, -1]), interpolate=True, lineColor=array([0., 0., 0.]), lineColorSpace='rgb', lineRGB=array([0, 0, 0]), lineWidth=1.5, name='unnamed Rect', opacity=0.5, ori=0.0, pos=array([0., 0.]), size=array([30., 30.]), units='pix', vertices=ndarray(...), win=Window(...))
7.3150 	EXP 	Created unnamed Rect = Rect(__class__=<class 'psychopy.visual.rect.Rect'>, autoDraw=False, autoLog=True, closeShape=True, color=method-wrapper(...), colorSpace='rgb', contrast=None, depth=0, fillColor=array([ 1,  1, -1]), fillColorSpace='rgb', fillRGB=array([ 1,  1, -1]), interpolate=True, lineColor=array([0., 0., 0.]), lineColorSpace='rgb', lineRGB=array([0, 0, 0]), lineWidth=1.5, name='unnamed Rect', opacity=0.5, ori=0.0, pos=array([0., 0.]), size=array([30., 30.]), units='pix', vertices=ndarray(...), win=Window(...))
7.3573 	EXP 	Created unnamed ImageStim = ImageStim(__class__=<class 'psychopy.visual.image.ImageStim'>, autoLog=True, color=array([1., 1., 1.]), colorSpace='rgb', contrast=1.0, depth=0, flipHoriz=False, flipVert=False, image='tree.png', interpolate=False, mask=None, maskParams=None, name='unnamed ImageStim', opacity=1, ori=0.0, pos=array([0., 0.]), size=array([512, 512]), texRes=128, units='pix', win=Window(...))
7.3782 	EXP 	Created unnamed ImageStim = ImageStim(__class__=<class 'psychopy.visual.image.ImageStim'>, autoLog=True, color=array([1., 1., 1.]), colorSpace='rgb', contrast=1.0, depth=0, flipHoriz=False, flipVert=False, image='tree.png', interpolate=False, mask=None, maskParams=None, name='unnamed ImageStim', opacity=1, ori=0.0, pos=array([0., 0.]), size=array([512, 512]), texRes=128, units='pix', win=Window(...))
7.3966 	EXP 	Created unnamed ImageStim = ImageStim(__class__=<class 'psychopy.visual.image.ImageStim'>, autoLog=True, color=array([1., 1., 1.]), colorSpace='rgb', contrast=1.0, depth=0, flipHoriz=False, flipVert=False, image='tree.png', interpolate=False, mask=None, maskParams=None, name='unnamed ImageStim', opacity=1, ori=0.0, pos=array([0., 0.]), size=array([512, 512]), texRes=128, units='pix', win=Window(...))
7.4149 	EXP 	Created unnamed ImageStim = ImageStim(__class__=<class 'psychopy.visual.image.ImageStim'>, autoLog=True, color=array([1., 1., 1.]), colorSpace='rgb', contrast=1.0, depth=0, flipHoriz=False, flipVert=False, image='tree.png', interpolate=False, mask=None, maskParams=None, name='unnamed ImageStim', opacity=1, ori=0.0, pos=array([0., 0.]), size=array([512, 512]), texRes=128, units='pix', win=Window(...))
7.4325 	EXP 	Created unnamed ImageStim = ImageStim(__class__=<class 'psychopy.visual.image.ImageStim'>, autoLog=True, color=array([1., 1., 1.]), colorSpace='rgb', contrast=1.0, depth=0, flipHoriz=False, flipVert=False, image='tree.png', interpolate=False, mask=None, maskParams=None, name='unnamed ImageStim', opacity=1, ori=0.0, pos=array([0., 0.]), size=array([512, 512]), texRes=128, units='pix', win=Window(...))
7.4499 	EXP 	Created unnamed ImageStim = ImageStim(__class__=<class 'psychopy.visual.image.ImageStim'>, autoLog=True, color=array([1., 1., 1.]), colorSpace='rgb', contrast=1.0, depth=0, flipHoriz=False, flipVert=False, image='tree.png', interpolate=False, mask=None, maskParams=None, name='unnamed ImageStim', opacity=1, ori=0.0, pos=array([0., 0.]), size=array([512, 512]), texRes=128, units='pix', win=Window(...))
7.4674 	EXP 	Created unnamed ImageStim = ImageStim(__class__=<class 'psychopy.visual.image.ImageStim'>, autoLog=True, color=array([1., 1., 1.]), colorSpace='rgb', contrast=1.0, depth=0, flipHoriz=False, flipVert=False, image='tree.png', interpolate=False, mask=None, maskParams=None, name='unnamed ImageStim', opacity=1, ori=0.0, pos=array([0., 0.]), size=array([512, 512]), texRes=128, units='pix', win=Window(...))
7.4848 	EXP 	Created unnamed ImageStim = ImageStim(__class__=<class 'psychopy.visual.image.ImageStim'>, autoLog=True, color=array([1., 1., 1.]), colorSpace='rgb', contrast=1.0, depth=0, flipHoriz=False, flipVert=False, image='tree.png', interpolate=False, mask=None, maskParams=None, name='unnamed ImageStim', opacity=1, ori=0.0, pos=array([0., 0.]), size=array([512, 512]), texRes=128, units='pix', win=Window(...))
7.5023 	EXP 	Created unnamed ImageStim = ImageStim(__class__=<class 'psychopy.visual.image.ImageStim'>, autoLog=True, color=array([1., 1., 1.]), colorSpace='rgb', contrast=1.0, depth=0, flipHoriz=False, flipVert=False, image='tree.png', interpolate=False, mask=None, maskParams=None, name='unnamed ImageStim', opacity=1, ori=0.0, pos=array([0., 0.]), size=array([512, 512]), texRes=128, units='pix', win=Window(...))
7.5110 	DATA 	Keypress: space
7.5168 	EXP 	Welcometext: autoDraw = False
7.5168 	EXP 	unnamed Rect: pos = [-250, 0]
7.5168 	EXP 	unnamed Rect: pos = [250, 0]
7.5168 	EXP 	unnamed Rect: pos = [-409.816879925276, 175.89363292388526]
7.5168 	EXP 	unnamed Rect: pos = [375.3249964818559, 67.4865529529225]
7.5168 	EXP 	unnamed Rect: pos = [109.49567509061785, 42.23737545073005]
7.5168 	EXP 	unnamed Rect: pos = [134.37093572696062, -24.113674747193954]
7.5168 	EXP 	unnamed Rect: pos = [163.65346905277707, 155.36415246431443]
7.5168 	EXP 	unnamed ImageStim: size = [51.2, 51.2]
7.5168 	EXP 	unnamed ImageStim: size = [51.2, 51.2]
7.5168 	EXP 	unnamed ImageStim: size = [51.2, 51.2]
7.5168 	EXP 	unnamed ImageStim: size = [51.2, 51.2]
7.5168 	EXP 	unnamed ImageStim: size = [51.2, 51.2]
7.5168 	EXP 	unnamed ImageStim: size = [51.2, 51.2]
7.5168 	EXP 	unnamed ImageStim: size = [51.2, 51.2]
7.5168 	EXP 	unnamed ImageStim: size = [51.2, 51.2]
7.5168 	EXP 	unnamed ImageStim: size = [51.2, 51.2]
7.5168 	EXP 	unnamed ImageStim: pos = [128.77812699340234, -213.21251608292914]
7.5168 	EXP 	unnamed ImageStim: pos = [4.600557979594506, 149.02985759206786]
7.5168 	EXP 	unnamed ImageStim: pos = [-140.8405106782813, 146.82173012250016]
7.5168 	EXP 	unnamed ImageStim: pos = [-121.22187300659766, -213.21251608292914]
7.5168 	EXP 	unnamed ImageStim: pos = [378.77812699340234, -213.21251608292914]
7.5168 	EXP 	unnamed ImageStim: pos = [-245.3994420204055, 149.02985759206786]
7.5168 	EXP 	unnamed ImageStim: pos = [254.6005579795945, 149.02985759206786]
7.5168 	EXP 	unnamed ImageStim: pos = [-390.8405106782813, 146.82173012250016]
7.5168 	EXP 	unnamed ImageStim: pos = [109.1594893217187, 146.82173012250016]
12.9780 	EXP 	Created unnamed Rect = Rect(__class__=<class 'psychopy.visual.rect.Rect'>, autoDraw=False, autoLog=True, closeShape=True, color=method-wrapper(...), colorSpace='rgb', contrast=None, depth=0, fillColor=array([-1, -1, -1]), fillColorSpace='rgb', fillRGB=array([-1, -1, -1]), interpolate=True, lineColor=array([-1., -1.,  1.]), lineColorSpace='rgb', lineRGB=array([-1, -1,  1]), lineWidth=1.5, name='unnamed Rect', opacity=1, ori=0.0, pos=array([0., 0.]), size=array([400., 600.]), units='pix', vertices=ndarray(...), win=Window(...))
12.9931 	EXP 	Created unnamed TextStim = TextStim(__class__=<class 'psychopy.visual.text.TextStim'>, alignHoriz=method-wrapper(...), alignText='center', alignVert=method-wrapper(...), anchorHoriz='center', anchorVert='center', antialias=True, autoLog=True, bold=False, color=array([1., 0., 0.]), colorSpace='rgb', contrast=1.0, depth=0, flipHoriz=False, flipVert=False, font='', fontFiles=[], height=0.2, italic=False, languageStyle='LTR', name='unnamed TextStim', opacity=1.0, ori=0.0, pos=array([50., 50.]), rgb=UNKNOWN, text='Forage !', units='height', win=Window(...), wrapWidth=1)
12.9983 	EXP 	Created unnamed Rect = Rect(__class__=<class 'psychopy.visual.rect.Rect'>, autoDraw=False, autoLog=True, closeShape=True, color=method-wrapper(...), colorSpace='rgb', contrast=None, depth=0, fillColor=array([-1, -1, -1]), fillColorSpace='rgb', fillRGB=array([-1, -1, -1]), interpolate=True, lineColor=array([-1., -1.,  1.]), lineColorSpace='rgb', lineRGB=array([-1, -1,  1]), lineWidth=1.5, name='unnamed Rect', opacity=1, ori=0.0, pos=array([0., 0.]), size=array([400., 600.]), units='pix', vertices=ndarray(...), win=Window(...))
13.0147 	DATA 	Keypress: left
13.0238 	EXP 	unnamed Rect: pos = array([-159.81687993,  175.89363292])
13.0238 	EXP 	unnamed Rect: pos = array([-159.81687993,  175.89363292])
13.0441 	EXP 	unnamed Rect: pos = array([-159.81687993,  175.89363292])
13.0547 	EXP 	unnamed Rect: pos = array([-159.81687993,  175.89363292])
13.0718 	EXP 	unnamed Rect: pos = array([-159.81687993,  175.89363292])
13.0884 	EXP 	unnamed Rect: pos = array([-159.81687993,  175.89363292])
13.1050 	EXP 	unnamed Rect: pos = array([-159.81687993,  175.89363292])
13.1217 	EXP 	unnamed Rect: pos = array([-159.81687993,  175.89363292])
13.1384 	EXP 	unnamed Rect: pos = array([-159.81687993,  175.89363292])
13.1548 	EXP 	unnamed Rect: pos = array([-159.81687993,  175.89363292])
13.1715 	EXP 	unnamed Rect: pos = array([-159.81687993,  175.89363292])
13.1880 	EXP 	unnamed Rect: pos = array([-159.81687993,  175.89363292])
13.2046 	EXP 	unnamed Rect: pos = array([-159.81687993,  175.89363292])
13.2215 	EXP 	unnamed Rect: pos = array([-159.81687993,  175.89363292])
13.2385 	EXP 	unnamed Rect: pos = array([-159.81687993,  175.89363292])
13.2551 	EXP 	unnamed Rect: pos = array([-159.81687993,  175.89363292])
13.2717 	EXP 	unnamed Rect: pos = array([-159.81687993,  175.89363292])
13.2882 	EXP 	unnamed Rect: pos = array([-159.81687993,  175.89363292])
13.3051 	EXP 	unnamed Rect: pos = array([-159.81687993,  175.89363292])
13.3221 	EXP 	unnamed Rect: pos = array([-159.81687993,  175.89363292])
13.3387 	EXP 	unnamed Rect: pos = array([-159.81687993,  175.89363292])
13.3554 	EXP 	unnamed Rect: pos = array([-159.81687993,  175.89363292])
13.3715 	EXP 	unnamed Rect: pos = array([-159.81687993,  175.89363292])
13.3885 	EXP 	unnamed Rect: pos = array([-159.81687993,  175.89363292])
13.4048 	EXP 	unnamed Rect: pos = array([-159.81687993,  175.89363292])
13.4231 	EXP 	unnamed Rect: pos = array([-159.81687993,  175.89363292])
13.4385 	EXP 	unnamed Rect: pos = array([-159.81687993,  175.89363292])
13.4551 	EXP 	unnamed Rect: pos = array([-159.81687993,  175.89363292])
13.4718 	EXP 	unnamed Rect: pos = array([-159.81687993,  175.89363292])
13.4882 	EXP 	unnamed Rect: pos = array([-159.81687993,  175.89363292])
13.5051 	EXP 	unnamed Rect: pos = array([-159.81687993,  175.89363292])
13.5219 	EXP 	unnamed Rect: pos = array([-159.81687993,  175.89363292])
13.5391 	EXP 	unnamed Rect: pos = array([-159.81687993,  175.89363292])
13.5549 	EXP 	unnamed Rect: pos = array([-159.81687993,  175.89363292])
13.5718 	EXP 	unnamed Rect: pos = array([-159.81687993,  175.89363292])
13.5729 	DATA 	Keypress: down
13.5852 	EXP 	Created unnamed TextStim = TextStim(__class__=<class 'psychopy.visual.text.TextStim'>, alignHoriz=method-wrapper(...), alignText='center', alignVert=method-wrapper(...), anchorHoriz='center', anchorVert='center', antialias=True, autoLog=True, bold=False, color=array([1., 0., 0.]), colorSpace='rgb', contrast=1.0, depth=0, flipHoriz=False, flipVert=False, font='', fontFiles=[], height=0.2, italic=False, languageStyle='LTR', name='unnamed TextStim', opacity=1.0, ori=0.0, pos=array([50., 50.]), rgb=UNKNOWN, text='Reward Captured', units='height', win=Window(...), wrapWidth=1)
13.5933 	EXP 	unnamed Rect: pos = array([-159.81687993,  165.89363292])
13.6045 	EXP 	unnamed Rect: pos = array([-159.81687993,  165.89363292])
13.6216 	EXP 	unnamed Rect: pos = array([-159.81687993,  165.89363292])
13.6387 	EXP 	unnamed Rect: pos = array([-159.81687993,  165.89363292])
13.6548 	EXP 	unnamed Rect: pos = array([-159.81687993,  165.89363292])
13.6731 	EXP 	unnamed Rect: pos = array([-159.81687993,  165.89363292])
13.6884 	EXP 	unnamed Rect: pos = array([-159.81687993,  165.89363292])
13.7054 	EXP 	unnamed Rect: pos = array([-159.81687993,  165.89363292])
13.7218 	EXP 	unnamed Rect: pos = array([-159.81687993,  165.89363292])
13.7384 	EXP 	unnamed Rect: pos = array([-159.81687993,  165.89363292])
13.7552 	EXP 	unnamed Rect: pos = array([-159.81687993,  165.89363292])
13.7647 	DATA 	Keypress: down
13.7713 	EXP 	unnamed Rect: pos = array([-159.81687993,  165.89363292])
13.7882 	EXP 	unnamed Rect: pos = array([-159.81687993,  155.89363292])
13.8048 	EXP 	unnamed Rect: pos = array([-159.81687993,  155.89363292])
13.8216 	EXP 	unnamed Rect: pos = array([-159.81687993,  155.89363292])
13.8388 	EXP 	unnamed Rect: pos = array([-159.81687993,  155.89363292])
13.8549 	EXP 	unnamed Rect: pos = array([-159.81687993,  155.89363292])
13.8717 	EXP 	unnamed Rect: pos = array([-159.81687993,  155.89363292])
13.8881 	EXP 	unnamed Rect: pos = array([-159.81687993,  155.89363292])
13.9046 	EXP 	unnamed Rect: pos = array([-159.81687993,  155.89363292])
13.9213 	EXP 	unnamed Rect: pos = array([-159.81687993,  155.89363292])
13.9383 	EXP 	unnamed Rect: pos = array([-159.81687993,  155.89363292])
13.9548 	EXP 	unnamed Rect: pos = array([-159.81687993,  155.89363292])
13.9717 	EXP 	unnamed Rect: pos = array([-159.81687993,  155.89363292])
13.9881 	EXP 	unnamed Rect: pos = array([-159.81687993,  155.89363292])
14.0048 	EXP 	unnamed Rect: pos = array([-159.81687993,  155.89363292])
14.0214 	EXP 	unnamed Rect: pos = array([-159.81687993,  155.89363292])
14.0382 	EXP 	unnamed Rect: pos = array([-159.81687993,  155.89363292])
14.0547 	EXP 	unnamed Rect: pos = array([-159.81687993,  155.89363292])
14.0721 	EXP 	unnamed Rect: pos = array([-159.81687993,  155.89363292])
14.0884 	EXP 	unnamed Rect: pos = array([-159.81687993,  155.89363292])
14.1049 	EXP 	unnamed Rect: pos = array([-159.81687993,  155.89363292])
14.1215 	EXP 	unnamed Rect: pos = array([-159.81687993,  155.89363292])
14.1382 	EXP 	unnamed Rect: pos = array([-159.81687993,  155.89363292])
14.1553 	EXP 	unnamed Rect: pos = array([-159.81687993,  155.89363292])
14.1596 	DATA 	Keypress: right
14.1727 	EXP 	unnamed Rect: pos = array([-159.81687993,  155.89363292])
14.1880 	EXP 	unnamed Rect: pos = array([-149.81687993,  155.89363292])
14.2048 	EXP 	unnamed Rect: pos = array([-149.81687993,  155.89363292])
14.2216 	EXP 	unnamed Rect: pos = array([-149.81687993,  155.89363292])
14.2385 	EXP 	unnamed Rect: pos = array([-149.81687993,  155.89363292])
14.2553 	EXP 	unnamed Rect: pos = array([-149.81687993,  155.89363292])
14.2719 	EXP 	unnamed Rect: pos = array([-149.81687993,  155.89363292])
14.2882 	EXP 	unnamed Rect: pos = array([-149.81687993,  155.89363292])
14.3051 	EXP 	unnamed Rect: pos = array([-149.81687993,  155.89363292])
14.3220 	EXP 	unnamed Rect: pos = array([-149.81687993,  155.89363292])
14.3230 	DATA 	Keypress: right
14.3391 	EXP 	unnamed Rect: pos = array([-139.81687993,  155.89363292])
14.3548 	EXP 	unnamed Rect: pos = array([-139.81687993,  155.89363292])
14.3716 	EXP 	unnamed Rect: pos = array([-139.81687993,  155.89363292])
14.3887 	EXP 	unnamed Rect: pos = array([-139.81687993,  155.89363292])
14.4060 	EXP 	unnamed Rect: pos = array([-139.81687993,  155.89363292])
14.4218 	EXP 	unnamed Rect: pos = array([-139.81687993,  155.89363292])
14.4385 	EXP 	unnamed Rect: pos = array([-139.81687993,  155.89363292])
14.4550 	EXP 	unnamed Rect: pos = array([-139.81687993,  155.89363292])
14.4719 	EXP 	unnamed Rect: pos = array([-139.81687993,  155.89363292])
14.4728 	DATA 	Keypress: right
14.4891 	EXP 	unnamed Rect: pos = array([-129.81687993,  155.89363292])
14.5048 	EXP 	unnamed Rect: pos = array([-129.81687993,  155.89363292])
14.5220 	EXP 	unnamed Rect: pos = array([-129.81687993,  155.89363292])
14.5392 	EXP 	unnamed Rect: pos = array([-129.81687993,  155.89363292])
14.5556 	EXP 	unnamed Rect: pos = array([-129.81687993,  155.89363292])
14.5714 	EXP 	unnamed Rect: pos = array([-129.81687993,  155.89363292])
14.5882 	EXP 	unnamed Rect: pos = array([-129.81687993,  155.89363292])
14.6052 	EXP 	unnamed Rect: pos = array([-129.81687993,  155.89363292])
14.6220 	EXP 	unnamed Rect: pos = array([-129.81687993,  155.89363292])
14.6382 	EXP 	unnamed Rect: pos = array([-129.81687993,  155.89363292])
14.6556 	EXP 	unnamed Rect: pos = array([-129.81687993,  155.89363292])
14.6565 	DATA 	Keypress: right
14.6719 	EXP 	unnamed Rect: pos = array([-119.81687993,  155.89363292])
14.6883 	EXP 	unnamed Rect: pos = array([-119.81687993,  155.89363292])
14.7052 	EXP 	unnamed Rect: pos = array([-119.81687993,  155.89363292])
14.7225 	EXP 	unnamed Rect: pos = array([-119.81687993,  155.89363292])
14.7381 	EXP 	unnamed Rect: pos = array([-119.81687993,  155.89363292])
14.7549 	EXP 	unnamed Rect: pos = array([-119.81687993,  155.89363292])
14.7717 	EXP 	unnamed Rect: pos = array([-119.81687993,  155.89363292])
14.7882 	EXP 	unnamed Rect: pos = array([-119.81687993,  155.89363292])
14.8057 	EXP 	unnamed Rect: pos = array([-119.81687993,  155.89363292])
14.8067 	DATA 	Keypress: right
14.8221 	EXP 	unnamed Rect: pos = array([-109.81687993,  155.89363292])
14.8383 	EXP 	unnamed Rect: pos = array([-109.81687993,  155.89363292])
14.8553 	EXP 	unnamed Rect: pos = array([-109.81687993,  155.89363292])
14.8726 	EXP 	unnamed Rect: pos = array([-109.81687993,  155.89363292])
14.8883 	EXP 	unnamed Rect: pos = array([-109.81687993,  155.89363292])
14.9049 	EXP 	unnamed Rect: pos = array([-109.81687993,  155.89363292])
14.9214 	EXP 	unnamed Rect: pos = array([-109.81687993,  155.89363292])
14.9381 	EXP 	unnamed Rect: pos = array([-109.81687993,  155.89363292])
14.9553 	EXP 	unnamed Rect: pos = array([-109.81687993,  155.89363292])
14.9725 	EXP 	unnamed Rect: pos = array([-109.81687993,  155.89363292])
14.9734 	DATA 	Keypress: right
14.9882 	EXP 	unnamed Rect: pos = array([-99.81687993, 155.89363292])
15.0048 	EXP 	unnamed Rect: pos = array([-99.81687993, 155.89363292])
15.0224 	EXP 	unnamed Rect: pos = array([-99.81687993, 155.89363292])
15.0382 	EXP 	unnamed Rect: pos = array([-99.81687993, 155.89363292])
15.0549 	EXP 	unnamed Rect: pos = array([-99.81687993, 155.89363292])
15.0715 	EXP 	unnamed Rect: pos = array([-99.81687993, 155.89363292])
15.0881 	EXP 	unnamed Rect: pos = array([-99.81687993, 155.89363292])
15.1055 	EXP 	unnamed Rect: pos = array([-99.81687993, 155.89363292])
15.1225 	EXP 	unnamed Rect: pos = array([-99.81687993, 155.89363292])
15.1235 	DATA 	Keypress: right
15.1394 	EXP 	unnamed Rect: pos = array([-89.81687993, 155.89363292])
15.1559 	EXP 	unnamed Rect: pos = array([-89.81687993, 155.89363292])
15.1719 	EXP 	unnamed Rect: pos = array([-89.81687993, 155.89363292])
15.1890 	EXP 	unnamed Rect: pos = array([-89.81687993, 155.89363292])
15.2048 	EXP 	unnamed Rect: pos = array([-89.81687993, 155.89363292])
15.2215 	EXP 	unnamed Rect: pos = array([-89.81687993, 155.89363292])
15.2385 	EXP 	unnamed Rect: pos = array([-89.81687993, 155.89363292])
15.2553 	EXP 	unnamed Rect: pos = array([-89.81687993, 155.89363292])
15.2715 	EXP 	unnamed Rect: pos = array([-89.81687993, 155.89363292])
15.2887 	EXP 	unnamed Rect: pos = array([-89.81687993, 155.89363292])
15.2896 	DATA 	Keypress: right
15.3052 	EXP 	unnamed Rect: pos = array([-79.81687993, 155.89363292])
15.3219 	EXP 	unnamed Rect: pos = array([-79.81687993, 155.89363292])
15.3385 	EXP 	unnamed Rect: pos = array([-79.81687993, 155.89363292])
15.3559 	EXP 	unnamed Rect: pos = array([-79.81687993, 155.89363292])
15.3727 	EXP 	unnamed Rect: pos = array([-79.81687993, 155.89363292])
15.3892 	EXP 	unnamed Rect: pos = array([-79.81687993, 155.89363292])
15.4051 	EXP 	unnamed Rect: pos = array([-79.81687993, 155.89363292])
15.4219 	EXP 	unnamed Rect: pos = array([-79.81687993, 155.89363292])
15.4385 	EXP 	unnamed Rect: pos = array([-79.81687993, 155.89363292])
15.4424 	DATA 	Keypress: right
15.4560 	EXP 	unnamed Rect: pos = array([-79.81687993, 155.89363292])
15.4719 	EXP 	unnamed Rect: pos = array([-69.81687993, 155.89363292])
15.4883 	EXP 	unnamed Rect: pos = array([-69.81687993, 155.89363292])
15.5051 	EXP 	unnamed Rect: pos = array([-69.81687993, 155.89363292])
15.5224 	EXP 	unnamed Rect: pos = array([-69.81687993, 155.89363292])
15.5384 	EXP 	unnamed Rect: pos = array([-69.81687993, 155.89363292])
15.5554 	EXP 	unnamed Rect: pos = array([-69.81687993, 155.89363292])
15.5715 	EXP 	unnamed Rect: pos = array([-69.81687993, 155.89363292])
15.5885 	EXP 	unnamed Rect: pos = array([-69.81687993, 155.89363292])
15.6061 	EXP 	unnamed Rect: pos = array([-69.81687993, 155.89363292])
15.6071 	DATA 	Keypress: right
15.6223 	EXP 	unnamed Rect: pos = array([-59.81687993, 155.89363292])
15.6383 	EXP 	unnamed Rect: pos = array([-59.81687993, 155.89363292])
15.6559 	EXP 	unnamed Rect: pos = array([-59.81687993, 155.89363292])
15.6723 	EXP 	unnamed Rect: pos = array([-59.81687993, 155.89363292])
15.6891 	EXP 	unnamed Rect: pos = array([-59.81687993, 155.89363292])
15.7048 	EXP 	unnamed Rect: pos = array([-59.81687993, 155.89363292])
15.7214 	EXP 	unnamed Rect: pos = array([-59.81687993, 155.89363292])
15.7382 	EXP 	unnamed Rect: pos = array([-59.81687993, 155.89363292])
15.7551 	EXP 	unnamed Rect: pos = array([-59.81687993, 155.89363292])
15.7718 	EXP 	unnamed Rect: pos = array([-59.81687993, 155.89363292])
15.7881 	EXP 	unnamed Rect: pos = array([-59.81687993, 155.89363292])
15.8052 	EXP 	unnamed Rect: pos = array([-59.81687993, 155.89363292])
15.8218 	EXP 	unnamed Rect: pos = array([-59.81687993, 155.89363292])
15.8383 	EXP 	unnamed Rect: pos = array([-59.81687993, 155.89363292])
15.8550 	EXP 	unnamed Rect: pos = array([-59.81687993, 155.89363292])
15.8719 	EXP 	unnamed Rect: pos = array([-59.81687993, 155.89363292])
15.8883 	EXP 	unnamed Rect: pos = array([-59.81687993, 155.89363292])
15.9049 	EXP 	unnamed Rect: pos = array([-59.81687993, 155.89363292])
15.9215 	EXP 	unnamed Rect: pos = array([-59.81687993, 155.89363292])
15.9387 	EXP 	unnamed Rect: pos = array([-59.81687993, 155.89363292])
15.9397 	DATA 	Keypress: down
15.9556 	EXP 	unnamed Rect: pos = array([-59.81687993, 145.89363292])
15.9713 	EXP 	unnamed Rect: pos = array([-59.81687993, 145.89363292])
15.9882 	EXP 	unnamed Rect: pos = array([-59.81687993, 145.89363292])
16.0047 	EXP 	unnamed Rect: pos = array([-59.81687993, 145.89363292])
16.0223 	EXP 	unnamed Rect: pos = array([-59.81687993, 145.89363292])
16.0390 	EXP 	unnamed Rect: pos = array([-59.81687993, 145.89363292])
16.0561 	EXP 	unnamed Rect: pos = array([-59.81687993, 145.89363292])
16.0719 	EXP 	unnamed Rect: pos = array([-59.81687993, 145.89363292])
16.0885 	EXP 	unnamed Rect: pos = array([-59.81687993, 145.89363292])
16.1060 	EXP 	unnamed Rect: pos = array([-59.81687993, 145.89363292])
16.1069 	DATA 	Keypress: right
16.1224 	EXP 	unnamed Rect: pos = array([-49.81687993, 145.89363292])
16.1382 	EXP 	unnamed Rect: pos = array([-49.81687993, 145.89363292])
16.1552 	EXP 	unnamed Rect: pos = array([-49.81687993, 145.89363292])
16.1720 	EXP 	unnamed Rect: pos = array([-49.81687993, 145.89363292])
16.1888 	EXP 	unnamed Rect: pos = array([-49.81687993, 145.89363292])
16.2050 	EXP 	unnamed Rect: pos = array([-49.81687993, 145.89363292])
16.2215 	EXP 	unnamed Rect: pos = array([-49.81687993, 145.89363292])
16.2386 	EXP 	unnamed Rect: pos = array([-49.81687993, 145.89363292])
16.2558 	EXP 	unnamed Rect: pos = array([-49.81687993, 145.89363292])
16.2723 	EXP 	unnamed Rect: pos = array([-49.81687993, 145.89363292])
16.2732 	DATA 	Keypress: right
16.2894 	EXP 	unnamed Rect: pos = array([-39.81687993, 145.89363292])
16.3058 	EXP 	unnamed Rect: pos = array([-39.81687993, 145.89363292])
16.3219 	EXP 	unnamed Rect: pos = array([-39.81687993, 145.89363292])
16.3383 	EXP 	unnamed Rect: pos = array([-39.81687993, 145.89363292])
16.3563 	EXP 	unnamed Rect: pos = array([-39.81687993, 145.89363292])
16.3714 	EXP 	unnamed Rect: pos = array([-39.81687993, 145.89363292])
16.3881 	EXP 	unnamed Rect: pos = array([-39.81687993, 145.89363292])
16.4048 	EXP 	unnamed Rect: pos = array([-39.81687993, 145.89363292])
16.4216 	EXP 	unnamed Rect: pos = array([-39.81687993, 145.89363292])
16.4385 	EXP 	unnamed Rect: pos = array([-39.81687993, 145.89363292])
16.4554 	EXP 	unnamed Rect: pos = array([-39.81687993, 145.89363292])
16.4563 	DATA 	Keypress: right
16.4724 	EXP 	unnamed Rect: pos = array([-29.81687993, 145.89363292])
16.4882 	EXP 	unnamed Rect: pos = array([-29.81687993, 145.89363292])
16.5054 	EXP 	unnamed Rect: pos = array([-29.81687993, 145.89363292])
16.5228 	EXP 	unnamed Rect: pos = array([-29.81687993, 145.89363292])
16.5390 	EXP 	unnamed Rect: pos = array([-29.81687993, 145.89363292])
16.5554 	EXP 	unnamed Rect: pos = array([-29.81687993, 145.89363292])
16.5718 	EXP 	unnamed Rect: pos = array([-29.81687993, 145.89363292])
16.5883 	EXP 	unnamed Rect: pos = array([-29.81687993, 145.89363292])
16.6047 	EXP 	unnamed Rect: pos = array([-29.81687993, 145.89363292])
16.6214 	EXP 	unnamed Rect: pos = array([-29.81687993, 145.89363292])
16.6388 	EXP 	unnamed Rect: pos = array([-29.81687993, 145.89363292])
16.6397 	DATA 	Keypress: right
16.6554 	EXP 	unnamed Rect: pos = array([-19.81687993, 145.89363292])
16.6718 	EXP 	unnamed Rect: pos = array([-19.81687993, 145.89363292])
16.6885 	EXP 	unnamed Rect: pos = array([-19.81687993, 145.89363292])
16.7051 	EXP 	unnamed Rect: pos = array([-19.81687993, 145.89363292])
16.7219 	EXP 	unnamed Rect: pos = array([-19.81687993, 145.89363292])
16.7384 	EXP 	unnamed Rect: pos = array([-19.81687993, 145.89363292])
16.7558 	EXP 	unnamed Rect: pos = array([-19.81687993, 145.89363292])
16.7718 	EXP 	unnamed Rect: pos = array([-19.81687993, 145.89363292])
16.7882 	EXP 	unnamed Rect: pos = array([-19.81687993, 145.89363292])
16.8050 	EXP 	unnamed Rect: pos = array([-19.81687993, 145.89363292])
16.8221 	EXP 	unnamed Rect: pos = array([-19.81687993, 145.89363292])
16.8387 	EXP 	unnamed Rect: pos = array([-19.81687993, 145.89363292])
16.8395 	DATA 	Keypress: down
16.8559 	EXP 	unnamed Rect: pos = array([-19.81687993, 135.89363292])
16.8717 	EXP 	unnamed Rect: pos = array([-19.81687993, 135.89363292])
16.8882 	EXP 	unnamed Rect: pos = array([-19.81687993, 135.89363292])
16.9049 	EXP 	unnamed Rect: pos = array([-19.81687993, 135.89363292])
16.9215 	EXP 	unnamed Rect: pos = array([-19.81687993, 135.89363292])
16.9387 	EXP 	unnamed Rect: pos = array([-19.81687993, 135.89363292])
16.9559 	EXP 	unnamed Rect: pos = array([-19.81687993, 135.89363292])
16.9716 	EXP 	unnamed Rect: pos = array([-19.81687993, 135.89363292])
16.9885 	EXP 	unnamed Rect: pos = array([-19.81687993, 135.89363292])
17.0049 	EXP 	unnamed Rect: pos = array([-19.81687993, 135.89363292])
17.0222 	EXP 	unnamed Rect: pos = array([-19.81687993, 135.89363292])
17.0382 	EXP 	unnamed Rect: pos = array([-19.81687993, 135.89363292])
17.0554 	EXP 	unnamed Rect: pos = array([-19.81687993, 135.89363292])
17.0563 	DATA 	Keypress: right
17.0630 	EXP 	Created unnamed TextStim = TextStim(__class__=<class 'psychopy.visual.text.TextStim'>, alignHoriz=method-wrapper(...), alignText='center', alignVert=method-wrapper(...), anchorHoriz='center', anchorVert='center', antialias=True, autoLog=True, bold=False, color=array([1., 0., 0.]), colorSpace='rgb', contrast=1.0, depth=0, flipHoriz=False, flipVert=False, font='', fontFiles=[], height=0.2, italic=False, languageStyle='LTR', name='unnamed TextStim', opacity=1.0, ori=0.0, pos=array([50., 50.]), rgb=UNKNOWN, text='Reward Captured', units='height', win=Window(...), wrapWidth=1)
17.0719 	EXP 	unnamed Rect: pos = array([ -9.81687993, 135.89363292])
17.0887 	EXP 	unnamed Rect: pos = array([ -9.81687993, 135.89363292])
17.1049 	EXP 	unnamed Rect: pos = array([ -9.81687993, 135.89363292])
17.1219 	EXP 	unnamed Rect: pos = array([ -9.81687993, 135.89363292])
17.1388 	EXP 	unnamed Rect: pos = array([ -9.81687993, 135.89363292])
17.1560 	EXP 	unnamed Rect: pos = array([ -9.81687993, 135.89363292])
17.1726 	EXP 	unnamed Rect: pos = array([ -9.81687993, 135.89363292])
17.1887 	EXP 	unnamed Rect: pos = array([ -9.81687993, 135.89363292])
17.2047 	EXP 	unnamed Rect: pos = array([ -9.81687993, 135.89363292])
17.2218 	EXP 	unnamed Rect: pos = array([ -9.81687993, 135.89363292])
17.2382 	EXP 	unnamed Rect: pos = array([ -9.81687993, 135.89363292])
17.2549 	EXP 	unnamed Rect: pos = array([ -9.81687993, 135.89363292])
17.2715 	EXP 	unnamed Rect: pos = array([ -9.81687993, 135.89363292])
17.2885 	EXP 	unnamed Rect: pos = array([ -9.81687993, 135.89363292])
17.3049 	EXP 	unnamed Rect: pos = array([ -9.81687993, 135.89363292])
17.3215 	EXP 	unnamed Rect: pos = array([ -9.81687993, 135.89363292])
17.3384 	EXP 	unnamed Rect: pos = array([ -9.81687993, 135.89363292])
17.3552 	EXP 	unnamed Rect: pos = array([ -9.81687993, 135.89363292])
17.3715 	EXP 	unnamed Rect: pos = array([ -9.81687993, 135.89363292])
17.3885 	EXP 	unnamed Rect: pos = array([ -9.81687993, 135.89363292])
17.4054 	EXP 	unnamed Rect: pos = array([ -9.81687993, 135.89363292])
17.4219 	EXP 	unnamed Rect: pos = array([ -9.81687993, 135.89363292])
17.4382 	EXP 	unnamed Rect: pos = array([ -9.81687993, 135.89363292])
17.4554 	EXP 	unnamed Rect: pos = array([ -9.81687993, 135.89363292])
17.4715 	EXP 	unnamed Rect: pos = array([ -9.81687993, 135.89363292])
17.4883 	EXP 	unnamed Rect: pos = array([ -9.81687993, 135.89363292])
17.5049 	EXP 	unnamed Rect: pos = array([ -9.81687993, 135.89363292])
17.5221 	EXP 	unnamed Rect: pos = array([ -9.81687993, 135.89363292])
17.5399 	EXP 	unnamed Rect: pos = array([ -9.81687993, 135.89363292])
17.5602 	EXP 	unnamed Rect: pos = array([ -9.81687993, 135.89363292])
17.5612 	DATA 	Keypress: down
17.5712 	EXP 	unnamed Rect: pos = array([ -9.81687993, 125.89363292])
17.5883 	EXP 	unnamed Rect: pos = array([ -9.81687993, 125.89363292])
17.6051 	EXP 	unnamed Rect: pos = array([ -9.81687993, 125.89363292])
17.6226 	EXP 	unnamed Rect: pos = array([ -9.81687993, 125.89363292])
17.6383 	EXP 	unnamed Rect: pos = array([ -9.81687993, 125.89363292])
17.6549 	EXP 	unnamed Rect: pos = array([ -9.81687993, 125.89363292])
17.6718 	EXP 	unnamed Rect: pos = array([ -9.81687993, 125.89363292])
17.6882 	EXP 	unnamed Rect: pos = array([ -9.81687993, 125.89363292])
17.7049 	EXP 	unnamed Rect: pos = array([ -9.81687993, 125.89363292])
17.7213 	EXP 	unnamed Rect: pos = array([ -9.81687993, 125.89363292])
17.7223 	DATA 	Keypress: down
17.7389 	EXP 	unnamed Rect: pos = array([ -9.81687993, 115.89363292])
17.7550 	EXP 	unnamed Rect: pos = array([ -9.81687993, 115.89363292])
17.7716 	EXP 	unnamed Rect: pos = array([ -9.81687993, 115.89363292])
17.7885 	EXP 	unnamed Rect: pos = array([ -9.81687993, 115.89363292])
17.8058 	EXP 	unnamed Rect: pos = array([ -9.81687993, 115.89363292])
17.8215 	EXP 	unnamed Rect: pos = array([ -9.81687993, 115.89363292])
17.8385 	EXP 	unnamed Rect: pos = array([ -9.81687993, 115.89363292])
17.8554 	EXP 	unnamed Rect: pos = array([ -9.81687993, 115.89363292])
17.8721 	EXP 	unnamed Rect: pos = array([ -9.81687993, 115.89363292])
17.8882 	EXP 	unnamed Rect: pos = array([ -9.81687993, 115.89363292])
17.9050 	EXP 	unnamed Rect: pos = array([ -9.81687993, 115.89363292])
17.9089 	DATA 	Keypress: down
17.9226 	EXP 	unnamed Rect: pos = array([ -9.81687993, 115.89363292])
17.9385 	EXP 	unnamed Rect: pos = array([ -9.81687993, 105.89363292])
17.9549 	EXP 	unnamed Rect: pos = array([ -9.81687993, 105.89363292])
17.9724 	EXP 	unnamed Rect: pos = array([ -9.81687993, 105.89363292])
17.9884 	EXP 	unnamed Rect: pos = array([ -9.81687993, 105.89363292])
18.0049 	EXP 	unnamed Rect: pos = array([ -9.81687993, 105.89363292])
18.0219 	EXP 	unnamed Rect: pos = array([ -9.81687993, 105.89363292])
18.0384 	EXP 	unnamed Rect: pos = array([ -9.81687993, 105.89363292])
18.0549 	EXP 	unnamed Rect: pos = array([ -9.81687993, 105.89363292])
18.0715 	EXP 	unnamed Rect: pos = array([ -9.81687993, 105.89363292])
18.0758 	DATA 	Keypress: down
18.0892 	EXP 	unnamed Rect: pos = array([ -9.81687993, 105.89363292])
18.1051 	EXP 	unnamed Rect: pos = array([-9.81687993, 95.89363292])
18.1218 	EXP 	unnamed Rect: pos = array([-9.81687993, 95.89363292])
18.1390 	EXP 	unnamed Rect: pos = array([-9.81687993, 95.89363292])
18.1550 	EXP 	unnamed Rect: pos = array([-9.81687993, 95.89363292])
18.1717 	EXP 	unnamed Rect: pos = array([-9.81687993, 95.89363292])
18.1880 	EXP 	unnamed Rect: pos = array([-9.81687993, 95.89363292])
18.2049 	EXP 	unnamed Rect: pos = array([-9.81687993, 95.89363292])
18.2216 	EXP 	unnamed Rect: pos = array([-9.81687993, 95.89363292])
18.2386 	EXP 	unnamed Rect: pos = array([-9.81687993, 95.89363292])
18.2397 	DATA 	Keypress: down
18.2561 	EXP 	unnamed Rect: pos = array([-9.81687993, 85.89363292])
18.2716 	EXP 	unnamed Rect: pos = array([-9.81687993, 85.89363292])
18.2886 	EXP 	unnamed Rect: pos = array([-9.81687993, 85.89363292])
18.3054 	EXP 	unnamed Rect: pos = array([-9.81687993, 85.89363292])
18.3221 	EXP 	unnamed Rect: pos = array([-9.81687993, 85.89363292])
18.3382 	EXP 	unnamed Rect: pos = array([-9.81687993, 85.89363292])
18.3549 	EXP 	unnamed Rect: pos = array([-9.81687993, 85.89363292])
18.3723 	EXP 	unnamed Rect: pos = array([-9.81687993, 85.89363292])
18.3882 	EXP 	unnamed Rect: pos = array([-9.81687993, 85.89363292])
18.4049 	EXP 	unnamed Rect: pos = array([-9.81687993, 85.89363292])
18.4224 	EXP 	unnamed Rect: pos = array([-9.81687993, 85.89363292])
18.4234 	DATA 	Keypress: down
18.4382 	EXP 	unnamed Rect: pos = array([-9.81687993, 75.89363292])
18.4552 	EXP 	unnamed Rect: pos = array([-9.81687993, 75.89363292])
18.4719 	EXP 	unnamed Rect: pos = array([-9.81687993, 75.89363292])
18.4885 	EXP 	unnamed Rect: pos = array([-9.81687993, 75.89363292])
18.5054 	EXP 	unnamed Rect: pos = array([-9.81687993, 75.89363292])
18.5216 	EXP 	unnamed Rect: pos = array([-9.81687993, 75.89363292])
18.5388 	EXP 	unnamed Rect: pos = array([-9.81687993, 75.89363292])
18.5547 	EXP 	unnamed Rect: pos = array([-9.81687993, 75.89363292])
18.5716 	EXP 	unnamed Rect: pos = array([-9.81687993, 75.89363292])
18.5882 	EXP 	unnamed Rect: pos = array([-9.81687993, 75.89363292])
18.6049 	EXP 	unnamed Rect: pos = array([-9.81687993, 75.89363292])
18.6222 	EXP 	unnamed Rect: pos = array([-9.81687993, 75.89363292])
18.6231 	DATA 	Keypress: down
18.6385 	EXP 	unnamed Rect: pos = array([-9.81687993, 65.89363292])
18.6552 	EXP 	unnamed Rect: pos = array([-9.81687993, 65.89363292])
18.6720 	EXP 	unnamed Rect: pos = array([-9.81687993, 65.89363292])
18.6885 	EXP 	unnamed Rect: pos = array([-9.81687993, 65.89363292])
18.7059 	EXP 	unnamed Rect: pos = array([-9.81687993, 65.89363292])
18.7216 	EXP 	unnamed Rect: pos = array([-9.81687993, 65.89363292])
18.7382 	EXP 	unnamed Rect: pos = array([-9.81687993, 65.89363292])
18.7549 	EXP 	unnamed Rect: pos = array([-9.81687993, 65.89363292])
18.7715 	EXP 	unnamed Rect: pos = array([-9.81687993, 65.89363292])
18.7883 	EXP 	unnamed Rect: pos = array([-9.81687993, 65.89363292])
18.8054 	EXP 	unnamed Rect: pos = array([-9.81687993, 65.89363292])
18.8221 	EXP 	unnamed Rect: pos = array([-9.81687993, 65.89363292])
18.8382 	EXP 	unnamed Rect: pos = array([-9.81687993, 65.89363292])
18.8561 	EXP 	unnamed Rect: pos = array([-9.81687993, 65.89363292])
18.8571 	DATA 	Keypress: down
18.8719 	EXP 	unnamed Rect: pos = array([-9.81687993, 55.89363292])
18.8882 	EXP 	unnamed Rect: pos = array([-9.81687993, 55.89363292])
18.9049 	EXP 	unnamed Rect: pos = array([-9.81687993, 55.89363292])
18.9220 	EXP 	unnamed Rect: pos = array([-9.81687993, 55.89363292])
18.9393 	EXP 	unnamed Rect: pos = array([-9.81687993, 55.89363292])
18.9548 	EXP 	unnamed Rect: pos = array([-9.81687993, 55.89363292])
18.9721 	EXP 	unnamed Rect: pos = array([-9.81687993, 55.89363292])
18.9883 	EXP 	unnamed Rect: pos = array([-9.81687993, 55.89363292])
19.0048 	EXP 	unnamed Rect: pos = array([-9.81687993, 55.89363292])
19.0215 	EXP 	unnamed Rect: pos = array([-9.81687993, 55.89363292])
19.0383 	EXP 	unnamed Rect: pos = array([-9.81687993, 55.89363292])
19.0552 	EXP 	unnamed Rect: pos = array([-9.81687993, 55.89363292])
19.0721 	EXP 	unnamed Rect: pos = array([-9.81687993, 55.89363292])
19.0733 	DATA 	Keypress: down
19.0884 	EXP 	unnamed Rect: pos = array([-9.81687993, 45.89363292])
19.1051 	EXP 	unnamed Rect: pos = array([-9.81687993, 45.89363292])
19.1217 	EXP 	unnamed Rect: pos = array([-9.81687993, 45.89363292])
19.1385 	EXP 	unnamed Rect: pos = array([-9.81687993, 45.89363292])
19.1549 	EXP 	unnamed Rect: pos = array([-9.81687993, 45.89363292])
19.1718 	EXP 	unnamed Rect: pos = array([-9.81687993, 45.89363292])
19.1882 	EXP 	unnamed Rect: pos = array([-9.81687993, 45.89363292])
19.2050 	EXP 	unnamed Rect: pos = array([-9.81687993, 45.89363292])
19.2216 	EXP 	unnamed Rect: pos = array([-9.81687993, 45.89363292])
19.2381 	EXP 	unnamed Rect: pos = array([-9.81687993, 45.89363292])
19.2550 	EXP 	unnamed Rect: pos = array([-9.81687993, 45.89363292])
19.2716 	EXP 	unnamed Rect: pos = array([-9.81687993, 45.89363292])
19.2892 	EXP 	unnamed Rect: pos = array([-9.81687993, 45.89363292])
19.2901 	DATA 	Keypress: down
19.3097 	EXP 	unnamed Rect: pos = array([-9.81687993, 35.89363292])
19.3213 	EXP 	unnamed Rect: pos = array([-9.81687993, 35.89363292])
19.3378 	EXP 	unnamed Rect: pos = array([-9.81687993, 35.89363292])
19.3556 	EXP 	unnamed Rect: pos = array([-9.81687993, 35.89363292])
19.3717 	EXP 	unnamed Rect: pos = array([-9.81687993, 35.89363292])
19.3882 	EXP 	unnamed Rect: pos = array([-9.81687993, 35.89363292])
19.4048 	EXP 	unnamed Rect: pos = array([-9.81687993, 35.89363292])
19.4214 	EXP 	unnamed Rect: pos = array([-9.81687993, 35.89363292])
19.4383 	EXP 	unnamed Rect: pos = array([-9.81687993, 35.89363292])
19.4549 	EXP 	unnamed Rect: pos = array([-9.81687993, 35.89363292])
19.4715 	EXP 	unnamed Rect: pos = array([-9.81687993, 35.89363292])
19.4887 	EXP 	unnamed Rect: pos = array([-9.81687993, 35.89363292])
19.5050 	EXP 	unnamed Rect: pos = array([-9.81687993, 35.89363292])
19.5087 	DATA 	Keypress: down
19.5226 	EXP 	unnamed Rect: pos = array([-9.81687993, 35.89363292])
19.5388 	EXP 	unnamed Rect: pos = array([-9.81687993, 25.89363292])
19.5549 	EXP 	unnamed Rect: pos = array([-9.81687993, 25.89363292])
19.5718 	EXP 	unnamed Rect: pos = array([-9.81687993, 25.89363292])
19.5892 	EXP 	unnamed Rect: pos = array([-9.81687993, 25.89363292])
19.6049 	EXP 	unnamed Rect: pos = array([-9.81687993, 25.89363292])
19.6214 	EXP 	unnamed Rect: pos = array([-9.81687993, 25.89363292])
19.6385 	EXP 	unnamed Rect: pos = array([-9.81687993, 25.89363292])
19.6555 	EXP 	unnamed Rect: pos = array([-9.81687993, 25.89363292])
19.6716 	EXP 	unnamed Rect: pos = array([-9.81687993, 25.89363292])
19.6882 	EXP 	unnamed Rect: pos = array([-9.81687993, 25.89363292])
19.7049 	EXP 	unnamed Rect: pos = array([-9.81687993, 25.89363292])
19.7217 	EXP 	unnamed Rect: pos = array([-9.81687993, 25.89363292])
19.7392 	EXP 	unnamed Rect: pos = array([-9.81687993, 25.89363292])
19.7403 	DATA 	Keypress: down
19.7550 	EXP 	unnamed Rect: pos = array([-9.81687993, 15.89363292])
19.7716 	EXP 	unnamed Rect: pos = array([-9.81687993, 15.89363292])
19.7887 	EXP 	unnamed Rect: pos = array([-9.81687993, 15.89363292])
19.8059 	EXP 	unnamed Rect: pos = array([-9.81687993, 15.89363292])
19.8218 	EXP 	unnamed Rect: pos = array([-9.81687993, 15.89363292])
19.8382 	EXP 	unnamed Rect: pos = array([-9.81687993, 15.89363292])
19.8556 	EXP 	unnamed Rect: pos = array([-9.81687993, 15.89363292])
19.8716 	EXP 	unnamed Rect: pos = array([-9.81687993, 15.89363292])
19.8890 	EXP 	unnamed Rect: pos = array([-9.81687993, 15.89363292])
19.9051 	EXP 	unnamed Rect: pos = array([-9.81687993, 15.89363292])
19.9222 	EXP 	unnamed Rect: pos = array([-9.81687993, 15.89363292])
19.9382 	EXP 	unnamed Rect: pos = array([-9.81687993, 15.89363292])
19.9556 	EXP 	unnamed Rect: pos = array([-9.81687993, 15.89363292])
19.9566 	DATA 	Keypress: down
19.9724 	EXP 	unnamed Rect: pos = array([-9.81687993,  5.89363292])
19.9892 	EXP 	unnamed Rect: pos = array([-9.81687993,  5.89363292])
20.0056 	EXP 	unnamed Rect: pos = array([-9.81687993,  5.89363292])
20.0216 	EXP 	unnamed Rect: pos = array([-9.81687993,  5.89363292])
20.0382 	EXP 	unnamed Rect: pos = array([-9.81687993,  5.89363292])
20.0550 	EXP 	unnamed Rect: pos = array([-9.81687993,  5.89363292])
20.0720 	EXP 	unnamed Rect: pos = array([-9.81687993,  5.89363292])
20.0887 	EXP 	unnamed Rect: pos = array([-9.81687993,  5.89363292])
20.1050 	EXP 	unnamed Rect: pos = array([-9.81687993,  5.89363292])
20.1216 	EXP 	unnamed Rect: pos = array([-9.81687993,  5.89363292])
20.1383 	EXP 	unnamed Rect: pos = array([-9.81687993,  5.89363292])
20.1549 	EXP 	unnamed Rect: pos = array([-9.81687993,  5.89363292])
20.1723 	EXP 	unnamed Rect: pos = array([-9.81687993,  5.89363292])
20.1734 	DATA 	Keypress: down
20.1883 	EXP 	unnamed Rect: pos = array([-9.81687993, -4.10636708])
20.2052 	EXP 	unnamed Rect: pos = array([-9.81687993, -4.10636708])
20.2216 	EXP 	unnamed Rect: pos = array([-9.81687993, -4.10636708])
20.2383 	EXP 	unnamed Rect: pos = array([-9.81687993, -4.10636708])
20.2560 	EXP 	unnamed Rect: pos = array([-9.81687993, -4.10636708])
20.2716 	EXP 	unnamed Rect: pos = array([-9.81687993, -4.10636708])
20.2882 	EXP 	unnamed Rect: pos = array([-9.81687993, -4.10636708])
20.3053 	EXP 	unnamed Rect: pos = array([-9.81687993, -4.10636708])
20.3220 	EXP 	unnamed Rect: pos = array([-9.81687993, -4.10636708])
20.3382 	EXP 	unnamed Rect: pos = array([-9.81687993, -4.10636708])
20.3554 	EXP 	unnamed Rect: pos = array([-9.81687993, -4.10636708])
20.3716 	EXP 	unnamed Rect: pos = array([-9.81687993, -4.10636708])
20.3889 	EXP 	unnamed Rect: pos = array([-9.81687993, -4.10636708])
20.3900 	DATA 	Keypress: down
20.4053 	EXP 	unnamed Rect: pos = array([ -9.81687993, -14.10636708])
20.4220 	EXP 	unnamed Rect: pos = array([ -9.81687993, -14.10636708])
20.4384 	EXP 	unnamed Rect: pos = array([ -9.81687993, -14.10636708])
20.4553 	EXP 	unnamed Rect: pos = array([ -9.81687993, -14.10636708])
20.4721 	EXP 	unnamed Rect: pos = array([ -9.81687993, -14.10636708])
20.4883 	EXP 	unnamed Rect: pos = array([ -9.81687993, -14.10636708])
20.5053 	EXP 	unnamed Rect: pos = array([ -9.81687993, -14.10636708])
20.5216 	EXP 	unnamed Rect: pos = array([ -9.81687993, -14.10636708])
20.5393 	EXP 	unnamed Rect: pos = array([ -9.81687993, -14.10636708])
20.5550 	EXP 	unnamed Rect: pos = array([ -9.81687993, -14.10636708])
20.5729 	EXP 	unnamed Rect: pos = array([ -9.81687993, -14.10636708])
20.5883 	EXP 	unnamed Rect: pos = array([ -9.81687993, -14.10636708])
20.6060 	EXP 	unnamed Rect: pos = array([ -9.81687993, -14.10636708])
20.6070 	DATA 	Keypress: down
20.6225 	EXP 	unnamed Rect: pos = array([ -9.81687993, -24.10636708])
20.6387 	EXP 	unnamed Rect: pos = array([ -9.81687993, -24.10636708])
20.6554 	EXP 	unnamed Rect: pos = array([ -9.81687993, -24.10636708])
20.6717 	EXP 	unnamed Rect: pos = array([ -9.81687993, -24.10636708])
20.6896 	EXP 	unnamed Rect: pos = array([ -9.81687993, -24.10636708])
20.7059 	EXP 	unnamed Rect: pos = array([ -9.81687993, -24.10636708])
20.7217 	EXP 	unnamed Rect: pos = array([ -9.81687993, -24.10636708])
20.7386 	EXP 	unnamed Rect: pos = array([ -9.81687993, -24.10636708])
20.7553 	EXP 	unnamed Rect: pos = array([ -9.81687993, -24.10636708])
20.7716 	EXP 	unnamed Rect: pos = array([ -9.81687993, -24.10636708])
20.7883 	EXP 	unnamed Rect: pos = array([ -9.81687993, -24.10636708])
20.8052 	EXP 	unnamed Rect: pos = array([ -9.81687993, -24.10636708])
20.8062 	DATA 	Keypress: down
20.8227 	EXP 	unnamed Rect: pos = array([ -9.81687993, -34.10636708])
20.8383 	EXP 	unnamed Rect: pos = array([ -9.81687993, -34.10636708])
20.8550 	EXP 	unnamed Rect: pos = array([ -9.81687993, -34.10636708])
20.8717 	EXP 	unnamed Rect: pos = array([ -9.81687993, -34.10636708])
20.8883 	EXP 	unnamed Rect: pos = array([ -9.81687993, -34.10636708])
20.9056 	EXP 	unnamed Rect: pos = array([ -9.81687993, -34.10636708])
20.9218 	EXP 	unnamed Rect: pos = array([ -9.81687993, -34.10636708])
20.9387 	EXP 	unnamed Rect: pos = array([ -9.81687993, -34.10636708])
20.9550 	EXP 	unnamed Rect: pos = array([ -9.81687993, -34.10636708])
20.9719 	EXP 	unnamed Rect: pos = array([ -9.81687993, -34.10636708])
20.9882 	EXP 	unnamed Rect: pos = array([ -9.81687993, -34.10636708])
21.0056 	EXP 	unnamed Rect: pos = array([ -9.81687993, -34.10636708])
21.0217 	EXP 	unnamed Rect: pos = array([ -9.81687993, -34.10636708])
21.0386 	EXP 	unnamed Rect: pos = array([ -9.81687993, -34.10636708])
21.0560 	EXP 	unnamed Rect: pos = array([ -9.81687993, -34.10636708])
21.0570 	DATA 	Keypress: down
21.0718 	EXP 	unnamed Rect: pos = array([ -9.81687993, -44.10636708])
21.0893 	EXP 	unnamed Rect: pos = array([ -9.81687993, -44.10636708])
21.1050 	EXP 	unnamed Rect: pos = array([ -9.81687993, -44.10636708])
21.1218 	EXP 	unnamed Rect: pos = array([ -9.81687993, -44.10636708])
21.1395 	EXP 	unnamed Rect: pos = array([ -9.81687993, -44.10636708])
21.1551 	EXP 	unnamed Rect: pos = array([ -9.81687993, -44.10636708])
21.1719 	EXP 	unnamed Rect: pos = array([ -9.81687993, -44.10636708])
21.1883 	EXP 	unnamed Rect: pos = array([ -9.81687993, -44.10636708])
21.2056 	EXP 	unnamed Rect: pos = array([ -9.81687993, -44.10636708])
21.2220 	EXP 	unnamed Rect: pos = array([ -9.81687993, -44.10636708])
21.2386 	EXP 	unnamed Rect: pos = array([ -9.81687993, -44.10636708])
21.2550 	EXP 	unnamed Rect: pos = array([ -9.81687993, -44.10636708])
21.2716 	EXP 	unnamed Rect: pos = array([ -9.81687993, -44.10636708])
21.2755 	DATA 	Keypress: down
21.2894 	EXP 	unnamed Rect: pos = array([ -9.81687993, -44.10636708])
21.3051 	EXP 	unnamed Rect: pos = array([ -9.81687993, -54.10636708])
21.3226 	EXP 	unnamed Rect: pos = array([ -9.81687993, -54.10636708])
21.3387 	EXP 	unnamed Rect: pos = array([ -9.81687993, -54.10636708])
21.3553 	EXP 	unnamed Rect: pos = array([ -9.81687993, -54.10636708])
21.3728 	EXP 	unnamed Rect: pos = array([ -9.81687993, -54.10636708])
21.3881 	EXP 	unnamed Rect: pos = array([ -9.81687993, -54.10636708])
21.4052 	EXP 	unnamed Rect: pos = array([ -9.81687993, -54.10636708])
21.4215 	EXP 	unnamed Rect: pos = array([ -9.81687993, -54.10636708])
21.4377 	EXP 	unnamed Rect: pos = array([ -9.81687993, -54.10636708])
21.4542 	EXP 	unnamed Rect: pos = array([ -9.81687993, -54.10636708])
21.4713 	EXP 	unnamed Rect: pos = array([ -9.81687993, -54.10636708])
21.4881 	EXP 	unnamed Rect: pos = array([ -9.81687993, -54.10636708])
21.5050 	EXP 	unnamed Rect: pos = array([ -9.81687993, -54.10636708])
21.5056 	DATA 	Keypress: down
21.5214 	EXP 	unnamed Rect: pos = array([ -9.81687993, -64.10636708])
21.5376 	EXP 	unnamed Rect: pos = array([ -9.81687993, -64.10636708])
21.5543 	EXP 	unnamed Rect: pos = array([ -9.81687993, -64.10636708])
21.5721 	EXP 	unnamed Rect: pos = array([ -9.81687993, -64.10636708])
21.5888 	EXP 	unnamed Rect: pos = array([ -9.81687993, -64.10636708])
21.6048 	EXP 	unnamed Rect: pos = array([ -9.81687993, -64.10636708])
21.6211 	EXP 	unnamed Rect: pos = array([ -9.81687993, -64.10636708])
21.6379 	EXP 	unnamed Rect: pos = array([ -9.81687993, -64.10636708])
21.6546 	EXP 	unnamed Rect: pos = array([ -9.81687993, -64.10636708])
21.6714 	EXP 	unnamed Rect: pos = array([ -9.81687993, -64.10636708])
21.6881 	EXP 	unnamed Rect: pos = array([ -9.81687993, -64.10636708])
21.7075 	EXP 	unnamed Rect: pos = array([ -9.81687993, -64.10636708])
21.7213 	EXP 	unnamed Rect: pos = array([ -9.81687993, -64.10636708])
21.7379 	EXP 	unnamed Rect: pos = array([ -9.81687993, -64.10636708])
21.7551 	EXP 	unnamed Rect: pos = array([ -9.81687993, -64.10636708])
21.7558 	DATA 	Keypress: down
21.7717 	EXP 	unnamed Rect: pos = array([ -9.81687993, -74.10636708])
21.7880 	EXP 	unnamed Rect: pos = array([ -9.81687993, -74.10636708])
21.8054 	EXP 	unnamed Rect: pos = array([ -9.81687993, -74.10636708])
21.8218 	EXP 	unnamed Rect: pos = array([ -9.81687993, -74.10636708])
21.8394 	EXP 	unnamed Rect: pos = array([ -9.81687993, -74.10636708])
21.8550 	EXP 	unnamed Rect: pos = array([ -9.81687993, -74.10636708])
21.8722 	EXP 	unnamed Rect: pos = array([ -9.81687993, -74.10636708])
21.8887 	EXP 	unnamed Rect: pos = array([ -9.81687993, -74.10636708])
21.9051 	EXP 	unnamed Rect: pos = array([ -9.81687993, -74.10636708])
21.9218 	EXP 	unnamed Rect: pos = array([ -9.81687993, -74.10636708])
21.9383 	EXP 	unnamed Rect: pos = array([ -9.81687993, -74.10636708])
21.9550 	EXP 	unnamed Rect: pos = array([ -9.81687993, -74.10636708])
21.9715 	EXP 	unnamed Rect: pos = array([ -9.81687993, -74.10636708])
21.9889 	EXP 	unnamed Rect: pos = array([ -9.81687993, -74.10636708])
21.9897 	DATA 	Keypress: down
22.0049 	EXP 	unnamed Rect: pos = array([ -9.81687993, -84.10636708])
22.0218 	EXP 	unnamed Rect: pos = array([ -9.81687993, -84.10636708])
22.0384 	EXP 	unnamed Rect: pos = array([ -9.81687993, -84.10636708])
22.0552 	EXP 	unnamed Rect: pos = array([ -9.81687993, -84.10636708])
22.0722 	EXP 	unnamed Rect: pos = array([ -9.81687993, -84.10636708])
22.0886 	EXP 	unnamed Rect: pos = array([ -9.81687993, -84.10636708])
22.1050 	EXP 	unnamed Rect: pos = array([ -9.81687993, -84.10636708])
22.1232 	EXP 	unnamed Rect: pos = array([ -9.81687993, -84.10636708])
22.1396 	EXP 	unnamed Rect: pos = array([ -9.81687993, -84.10636708])
22.1562 	EXP 	unnamed Rect: pos = array([ -9.81687993, -84.10636708])
22.1719 	EXP 	unnamed Rect: pos = array([ -9.81687993, -84.10636708])
22.1883 	EXP 	unnamed Rect: pos = array([ -9.81687993, -84.10636708])
22.2057 	EXP 	unnamed Rect: pos = array([ -9.81687993, -84.10636708])
22.2066 	DATA 	Keypress: down
22.2216 	EXP 	unnamed Rect: pos = array([ -9.81687993, -94.10636708])
22.2383 	EXP 	unnamed Rect: pos = array([ -9.81687993, -94.10636708])
22.2552 	EXP 	unnamed Rect: pos = array([ -9.81687993, -94.10636708])
22.2714 	EXP 	unnamed Rect: pos = array([ -9.81687993, -94.10636708])
22.2893 	EXP 	unnamed Rect: pos = array([ -9.81687993, -94.10636708])
22.3052 	EXP 	unnamed Rect: pos = array([ -9.81687993, -94.10636708])
22.3217 	EXP 	unnamed Rect: pos = array([ -9.81687993, -94.10636708])
22.3385 	EXP 	unnamed Rect: pos = array([ -9.81687993, -94.10636708])
22.3551 	EXP 	unnamed Rect: pos = array([ -9.81687993, -94.10636708])
22.3724 	EXP 	unnamed Rect: pos = array([ -9.81687993, -94.10636708])
22.3885 	EXP 	unnamed Rect: pos = array([ -9.81687993, -94.10636708])
22.4050 	EXP 	unnamed Rect: pos = array([ -9.81687993, -94.10636708])
22.4217 	EXP 	unnamed Rect: pos = array([ -9.81687993, -94.10636708])
22.4385 	EXP 	unnamed Rect: pos = array([ -9.81687993, -94.10636708])
22.4395 	DATA 	Keypress: down
22.4558 	EXP 	unnamed Rect: pos = array([  -9.81687993, -104.10636708])
22.4717 	EXP 	unnamed Rect: pos = array([  -9.81687993, -104.10636708])
22.4887 	EXP 	unnamed Rect: pos = array([  -9.81687993, -104.10636708])
22.5054 	EXP 	unnamed Rect: pos = array([  -9.81687993, -104.10636708])
22.5223 	EXP 	unnamed Rect: pos = array([  -9.81687993, -104.10636708])
22.5391 	EXP 	unnamed Rect: pos = array([  -9.81687993, -104.10636708])
22.5551 	EXP 	unnamed Rect: pos = array([  -9.81687993, -104.10636708])
22.5719 	EXP 	unnamed Rect: pos = array([  -9.81687993, -104.10636708])
22.5886 	EXP 	unnamed Rect: pos = array([  -9.81687993, -104.10636708])
22.6054 	EXP 	unnamed Rect: pos = array([  -9.81687993, -104.10636708])
22.6221 	EXP 	unnamed Rect: pos = array([  -9.81687993, -104.10636708])
22.6389 	EXP 	unnamed Rect: pos = array([  -9.81687993, -104.10636708])
22.6561 	EXP 	unnamed Rect: pos = array([  -9.81687993, -104.10636708])
22.6569 	DATA 	Keypress: down
22.6727 	EXP 	unnamed Rect: pos = array([  -9.81687993, -114.10636708])
22.6890 	EXP 	unnamed Rect: pos = array([  -9.81687993, -114.10636708])
22.7074 	EXP 	unnamed Rect: pos = array([  -9.81687993, -114.10636708])
22.7216 	EXP 	unnamed Rect: pos = array([  -9.81687993, -114.10636708])
22.7389 	EXP 	unnamed Rect: pos = array([  -9.81687993, -114.10636708])
22.7549 	EXP 	unnamed Rect: pos = array([  -9.81687993, -114.10636708])
22.7717 	EXP 	unnamed Rect: pos = array([  -9.81687993, -114.10636708])
22.7883 	EXP 	unnamed Rect: pos = array([  -9.81687993, -114.10636708])
22.8050 	EXP 	unnamed Rect: pos = array([  -9.81687993, -114.10636708])
22.8216 	EXP 	unnamed Rect: pos = array([  -9.81687993, -114.10636708])
22.8394 	EXP 	unnamed Rect: pos = array([  -9.81687993, -114.10636708])
22.8550 	EXP 	unnamed Rect: pos = array([  -9.81687993, -114.10636708])
22.8716 	EXP 	unnamed Rect: pos = array([  -9.81687993, -114.10636708])
22.8892 	EXP 	unnamed Rect: pos = array([  -9.81687993, -114.10636708])
22.8902 	DATA 	Keypress: down
22.9049 	EXP 	unnamed Rect: pos = array([  -9.81687993, -124.10636708])
22.9217 	EXP 	unnamed Rect: pos = array([  -9.81687993, -124.10636708])
22.9382 	EXP 	unnamed Rect: pos = array([  -9.81687993, -124.10636708])
22.9554 	EXP 	unnamed Rect: pos = array([  -9.81687993, -124.10636708])
22.9724 	EXP 	unnamed Rect: pos = array([  -9.81687993, -124.10636708])
22.9882 	EXP 	unnamed Rect: pos = array([  -9.81687993, -124.10636708])
23.0050 	EXP 	unnamed Rect: pos = array([  -9.81687993, -124.10636708])
23.0217 	EXP 	text: autoDraw = True
23.0911 	DATA 	Keypress: down
23.9436 	DATA 	Keypress: space
26.0060 	EXP 	New trial (rep=1, index=0): None
26.0220 	EXP 	text: autoDraw = False
26.0220 	EXP 	text: autoDraw = False
26.0220 	EXP 	Welcometext: autoDraw = True
26.1589 	DATA 	Keypress: rcommand
26.1760 	EXP 	Created unnamed Rect = Rect(__class__=<class 'psychopy.visual.rect.Rect'>, autoDraw=False, autoLog=True, closeShape=True, color=method-wrapper(...), colorSpace='rgb', contrast=None, depth=0, fillColor=array([ 1, -1, -1]), fillColorSpace='rgb', fillRGB=array([ 1, -1, -1]), interpolate=True, lineColor=array([-1., -1.,  1.]), lineColorSpace='rgb', lineRGB=array([-1, -1,  1]), lineWidth=1.5, name='unnamed Rect', opacity=1, ori=0.0, pos=array([0., 0.]), size=array([1000.,  700.]), units='pix', vertices=ndarray(...), win=Window(...))
26.1785 	EXP 	Created unnamed Rect = Rect(__class__=<class 'psychopy.visual.rect.Rect'>, autoDraw=False, autoLog=True, closeShape=True, color=method-wrapper(...), colorSpace='rgb', contrast=None, depth=0, fillColor=array([-1, -1, -1]), fillColorSpace='rgb', fillRGB=array([-1, -1, -1]), interpolate=True, lineColor=array([-1., -1.,  1.]), lineColorSpace='rgb', lineRGB=array([-1, -1,  1]), lineWidth=1.5, name='unnamed Rect', opacity=1, ori=0.0, pos=array([0., 0.]), size=array([400., 600.]), units='pix', vertices=ndarray(...), win=Window(...))
26.1811 	EXP 	Created unnamed Rect = Rect(__class__=<class 'psychopy.visual.rect.Rect'>, autoDraw=False, autoLog=True, closeShape=True, color=method-wrapper(...), colorSpace='rgb', contrast=None, depth=0, fillColor=array([-1, -1, -1]), fillColorSpace='rgb', fillRGB=array([-1, -1, -1]), interpolate=True, lineColor=array([-1., -1.,  1.]), lineColorSpace='rgb', lineRGB=array([-1, -1,  1]), lineWidth=1.5, name='unnamed Rect', opacity=1, ori=0.0, pos=array([0., 0.]), size=array([400., 600.]), units='pix', vertices=ndarray(...), win=Window(...))
26.1841 	EXP 	Created unnamed Rect = Rect(__class__=<class 'psychopy.visual.rect.Rect'>, autoDraw=False, autoLog=True, closeShape=True, color=method-wrapper(...), colorSpace='rgb', contrast=None, depth=0, fillColor=array([ 1,  1, -1]), fillColorSpace='rgb', fillRGB=array([ 1,  1, -1]), interpolate=True, lineColor=array([0., 0., 0.]), lineColorSpace='rgb', lineRGB=array([0, 0, 0]), lineWidth=1.5, name='unnamed Rect', opacity=0.5, ori=0.0, pos=array([0., 0.]), size=array([30., 30.]), units='pix', vertices=ndarray(...), win=Window(...))
26.1869 	EXP 	Created unnamed Rect = Rect(__class__=<class 'psychopy.visual.rect.Rect'>, autoDraw=False, autoLog=True, closeShape=True, color=method-wrapper(...), colorSpace='rgb', contrast=None, depth=0, fillColor=array([ 1,  1, -1]), fillColorSpace='rgb', fillRGB=array([ 1,  1, -1]), interpolate=True, lineColor=array([0., 0., 0.]), lineColorSpace='rgb', lineRGB=array([0, 0, 0]), lineWidth=1.5, name='unnamed Rect', opacity=0.5, ori=0.0, pos=array([0., 0.]), size=array([30., 30.]), units='pix', vertices=ndarray(...), win=Window(...))
26.1896 	EXP 	Created unnamed Rect = Rect(__class__=<class 'psychopy.visual.rect.Rect'>, autoDraw=False, autoLog=True, closeShape=True, color=method-wrapper(...), colorSpace='rgb', contrast=None, depth=0, fillColor=array([ 1,  1, -1]), fillColorSpace='rgb', fillRGB=array([ 1,  1, -1]), interpolate=True, lineColor=array([0., 0., 0.]), lineColorSpace='rgb', lineRGB=array([0, 0, 0]), lineWidth=1.5, name='unnamed Rect', opacity=0.5, ori=0.0, pos=array([0., 0.]), size=array([30., 30.]), units='pix', vertices=ndarray(...), win=Window(...))
26.1923 	EXP 	Created unnamed Rect = Rect(__class__=<class 'psychopy.visual.rect.Rect'>, autoDraw=False, autoLog=True, closeShape=True, color=method-wrapper(...), colorSpace='rgb', contrast=None, depth=0, fillColor=array([ 1,  1, -1]), fillColorSpace='rgb', fillRGB=array([ 1,  1, -1]), interpolate=True, lineColor=array([0., 0., 0.]), lineColorSpace='rgb', lineRGB=array([0, 0, 0]), lineWidth=1.5, name='unnamed Rect', opacity=0.5, ori=0.0, pos=array([0., 0.]), size=array([30., 30.]), units='pix', vertices=ndarray(...), win=Window(...))
26.1948 	EXP 	Created unnamed Rect = Rect(__class__=<class 'psychopy.visual.rect.Rect'>, autoDraw=False, autoLog=True, closeShape=True, color=method-wrapper(...), colorSpace='rgb', contrast=None, depth=0, fillColor=array([ 1,  1, -1]), fillColorSpace='rgb', fillRGB=array([ 1,  1, -1]), interpolate=True, lineColor=array([0., 0., 0.]), lineColorSpace='rgb', lineRGB=array([0, 0, 0]), lineWidth=1.5, name='unnamed Rect', opacity=0.5, ori=0.0, pos=array([0., 0.]), size=array([30., 30.]), units='pix', vertices=ndarray(...), win=Window(...))
26.2270 	EXP 	Created unnamed ImageStim = ImageStim(__class__=<class 'psychopy.visual.image.ImageStim'>, autoLog=True, color=array([1., 1., 1.]), colorSpace='rgb', contrast=1.0, depth=0, flipHoriz=False, flipVert=False, image='tree.png', interpolate=False, mask=None, maskParams=None, name='unnamed ImageStim', opacity=1, ori=0.0, pos=array([0., 0.]), size=array([512, 512]), texRes=128, units='pix', win=Window(...))
26.2497 	EXP 	Created unnamed ImageStim = ImageStim(__class__=<class 'psychopy.visual.image.ImageStim'>, autoLog=True, color=array([1., 1., 1.]), colorSpace='rgb', contrast=1.0, depth=0, flipHoriz=False, flipVert=False, image='tree.png', interpolate=False, mask=None, maskParams=None, name='unnamed ImageStim', opacity=1, ori=0.0, pos=array([0., 0.]), size=array([512, 512]), texRes=128, units='pix', win=Window(...))
26.2689 	EXP 	Created unnamed ImageStim = ImageStim(__class__=<class 'psychopy.visual.image.ImageStim'>, autoLog=True, color=array([1., 1., 1.]), colorSpace='rgb', contrast=1.0, depth=0, flipHoriz=False, flipVert=False, image='tree.png', interpolate=False, mask=None, maskParams=None, name='unnamed ImageStim', opacity=1, ori=0.0, pos=array([0., 0.]), size=array([512, 512]), texRes=128, units='pix', win=Window(...))
26.2868 	EXP 	Created unnamed ImageStim = ImageStim(__class__=<class 'psychopy.visual.image.ImageStim'>, autoLog=True, color=array([1., 1., 1.]), colorSpace='rgb', contrast=1.0, depth=0, flipHoriz=False, flipVert=False, image='tree.png', interpolate=False, mask=None, maskParams=None, name='unnamed ImageStim', opacity=1, ori=0.0, pos=array([0., 0.]), size=array([512, 512]), texRes=128, units='pix', win=Window(...))
26.3045 	EXP 	Created unnamed ImageStim = ImageStim(__class__=<class 'psychopy.visual.image.ImageStim'>, autoLog=True, color=array([1., 1., 1.]), colorSpace='rgb', contrast=1.0, depth=0, flipHoriz=False, flipVert=False, image='tree.png', interpolate=False, mask=None, maskParams=None, name='unnamed ImageStim', opacity=1, ori=0.0, pos=array([0., 0.]), size=array([512, 512]), texRes=128, units='pix', win=Window(...))
26.3233 	EXP 	Created unnamed ImageStim = ImageStim(__class__=<class 'psychopy.visual.image.ImageStim'>, autoLog=True, color=array([1., 1., 1.]), colorSpace='rgb', contrast=1.0, depth=0, flipHoriz=False, flipVert=False, image='tree.png', interpolate=False, mask=None, maskParams=None, name='unnamed ImageStim', opacity=1, ori=0.0, pos=array([0., 0.]), size=array([512, 512]), texRes=128, units='pix', win=Window(...))
26.3408 	EXP 	Created unnamed ImageStim = ImageStim(__class__=<class 'psychopy.visual.image.ImageStim'>, autoLog=True, color=array([1., 1., 1.]), colorSpace='rgb', contrast=1.0, depth=0, flipHoriz=False, flipVert=False, image='tree.png', interpolate=False, mask=None, maskParams=None, name='unnamed ImageStim', opacity=1, ori=0.0, pos=array([0., 0.]), size=array([512, 512]), texRes=128, units='pix', win=Window(...))
26.3582 	EXP 	Created unnamed ImageStim = ImageStim(__class__=<class 'psychopy.visual.image.ImageStim'>, autoLog=True, color=array([1., 1., 1.]), colorSpace='rgb', contrast=1.0, depth=0, flipHoriz=False, flipVert=False, image='tree.png', interpolate=False, mask=None, maskParams=None, name='unnamed ImageStim', opacity=1, ori=0.0, pos=array([0., 0.]), size=array([512, 512]), texRes=128, units='pix', win=Window(...))
26.3757 	EXP 	Created unnamed ImageStim = ImageStim(__class__=<class 'psychopy.visual.image.ImageStim'>, autoLog=True, color=array([1., 1., 1.]), colorSpace='rgb', contrast=1.0, depth=0, flipHoriz=False, flipVert=False, image='tree.png', interpolate=False, mask=None, maskParams=None, name='unnamed ImageStim', opacity=1, ori=0.0, pos=array([0., 0.]), size=array([512, 512]), texRes=128, units='pix', win=Window(...))
26.3802 	DATA 	Keypress: space
26.3860 	EXP 	Welcometext: autoDraw = False
26.3860 	EXP 	unnamed Rect: pos = [-250, 0]
26.3860 	EXP 	unnamed Rect: pos = [250, 0]
26.3860 	EXP 	unnamed Rect: pos = [-246.2674595010062, 108.1406536703955]
26.3860 	EXP 	unnamed Rect: pos = [391.4253548625925, -253.93074564003354]
26.3860 	EXP 	unnamed Rect: pos = [322.3746800034743, 134.07626765251237]
26.3860 	EXP 	unnamed Rect: pos = [224.07380745493708, -65.74585260487255]
26.3860 	EXP 	unnamed Rect: pos = [352.42263013941675, -212.83716682212102]
26.3860 	EXP 	unnamed ImageStim: size = [51.2, 51.2]
26.3860 	EXP 	unnamed ImageStim: size = [51.2, 51.2]
26.3860 	EXP 	unnamed ImageStim: size = [51.2, 51.2]
26.3860 	EXP 	unnamed ImageStim: size = [51.2, 51.2]
26.3860 	EXP 	unnamed ImageStim: size = [51.2, 51.2]
26.3860 	EXP 	unnamed ImageStim: size = [51.2, 51.2]
26.3860 	EXP 	unnamed ImageStim: size = [51.2, 51.2]
26.3860 	EXP 	unnamed ImageStim: size = [51.2, 51.2]
26.3860 	EXP 	unnamed ImageStim: size = [51.2, 51.2]
26.3860 	EXP 	unnamed ImageStim: pos = [42.27104603464485, 182.15922174585745]
26.3860 	EXP 	unnamed ImageStim: pos = [93.18727987296215, 120.37203994215591]
26.3860 	EXP 	unnamed ImageStim: pos = [-81.8397222195657, -123.42778572503207]
26.3860 	EXP 	unnamed ImageStim: pos = [-26.984146891118165, 17.212777168399764]
26.3860 	EXP 	unnamed ImageStim: pos = [-9.738604146393461, 119.66630486218081]
26.3860 	EXP 	unnamed ImageStim: pos = [44.41687199164138, 241.68058578617857]
26.3860 	EXP 	unnamed ImageStim: pos = [-207.72895396535515, 182.15922174585745]
26.3860 	EXP 	unnamed ImageStim: pos = [292.2710460346448, 182.15922174585745]
26.3860 	EXP 	unnamed ImageStim: pos = [-156.81272012703784, 120.37203994215591]
26.3860 	EXP 	unnamed ImageStim: pos = [343.18727987296216, 120.37203994215591]
26.3860 	EXP 	unnamed ImageStim: pos = [-331.8397222195657, -123.42778572503207]
26.3860 	EXP 	unnamed ImageStim: pos = [168.16027778043428, -123.42778572503207]
26.3860 	EXP 	unnamed ImageStim: pos = [-276.98414689111814, 17.212777168399764]
26.3860 	EXP 	unnamed ImageStim: pos = [223.01585310888183, 17.212777168399764]
26.3860 	EXP 	unnamed ImageStim: pos = [-259.73860414639347, 119.66630486218081]
26.3860 	EXP 	unnamed ImageStim: pos = [240.26139585360653, 119.66630486218081]
26.3860 	EXP 	unnamed ImageStim: pos = [-205.5831280083586, 241.68058578617857]
26.3860 	EXP 	unnamed ImageStim: pos = [294.41687199164136, 241.68058578617857]
31.3268 	DATA 	Keypress: escape
31.3592 	DATA 	Mouse: wheel shift=(0,0), pos=(686,436)
31.3757 	DATA 	Mouse: wheel shift=(0,0), pos=(686,436)
31.3896 	DATA 	Mouse: wheel shift=(0,0), pos=(686,436)
31.4061 	DATA 	Mouse: wheel shift=(0,0), pos=(686,436)
31.4249 	DATA 	Mouse: wheel shift=(0,0), pos=(686,436)
31.4559 	DATA 	Mouse: wheel shift=(0,0), pos=(686,436)
31.4731 	DATA 	Mouse: wheel shift=(0,0), pos=(686,436)
31.4896 	DATA 	Mouse: wheel shift=(0,0), pos=(686,436)
31.5059 	DATA 	Mouse: wheel shift=(0,0), pos=(686,436)
31.5224 	DATA 	Mouse: wheel shift=(0,0), pos=(686,436)
31.5401 	DATA 	Mouse: wheel shift=(0,0), pos=(686,436)
31.5559 	DATA 	Mouse: wheel shift=(0,0), pos=(686,436)
31.5725 	DATA 	Mouse: wheel shift=(0,0), pos=(686,436)
31.5896 	DATA 	Mouse: wheel shift=(0,0), pos=(686,436)
31.6062 	DATA 	Mouse: wheel shift=(0,0), pos=(686,436)
31.6228 	DATA 	Mouse: wheel shift=(0,0), pos=(686,436)
31.6396 	DATA 	Mouse: wheel shift=(0,0), pos=(686,436)
31.6562 	DATA 	Mouse: wheel shift=(0,0), pos=(686,436)
31.6732 	DATA 	Mouse: wheel shift=(0,0), pos=(686,436)
31.6896 	DATA 	Mouse: wheel shift=(0,0), pos=(686,436)
31.7066 	DATA 	Mouse: wheel shift=(0,0), pos=(686,436)
31.7234 	DATA 	Mouse: wheel shift=(0,-1), pos=(686,436)
31.7404 	DATA 	Mouse: wheel shift=(0,0), pos=(686,436)
31.7570 	DATA 	Mouse: wheel shift=(-1,0), pos=(686,436)
31.7736 	DATA 	Mouse: wheel shift=(0,0), pos=(686,436)
31.7903 	DATA 	Mouse: wheel shift=(0,-1), pos=(686,436)
31.8072 	DATA 	Mouse: wheel shift=(0,0), pos=(686,436)
31.8239 	DATA 	Mouse: wheel shift=(-1,0), pos=(686,436)
31.8404 	DATA 	Mouse: wheel shift=(0,0), pos=(686,436)
31.8567 	DATA 	Mouse: wheel shift=(0,0), pos=(686,436)
31.8735 	DATA 	Mouse: wheel shift=(0,-1), pos=(686,436)
31.9074 	DATA 	Mouse: wheel shift=(-1,0), pos=(686,436)
31.9242 	DATA 	Mouse: wheel shift=(0,0), pos=(686,436)
31.9410 	DATA 	Mouse: wheel shift=(0,0), pos=(686,436)
31.9577 	DATA 	Mouse: wheel shift=(0,0), pos=(686,436)
31.9742 	DATA 	Mouse: wheel shift=(0,0), pos=(686,436)
31.9908 	DATA 	Mouse: wheel shift=(0,0), pos=(686,436)
32.0071 	DATA 	Mouse: wheel shift=(0,0), pos=(686,436)
32.0237 	DATA 	Mouse: wheel shift=(0,0), pos=(686,436)
32.0399 	DATA 	Mouse: wheel shift=(0,0), pos=(686,436)
32.0566 	DATA 	Mouse: wheel shift=(0,0), pos=(686,436)
32.0732 	DATA 	Mouse: wheel shift=(0,0), pos=(686,436)
32.1070 	DATA 	Mouse: wheel shift=(0,0), pos=(686,436)
32.1237 	DATA 	Mouse: wheel shift=(0,0), pos=(686,436)
32.1572 	DATA 	Mouse: wheel shift=(0,0), pos=(686,436)
32.1577 	DATA 	Mouse: wheel shift=(0,0), pos=(686,436)
32.4418 	DATA 	Keypress: escape
32.6570 	EXP 	window1: mouseVisible = True
