0.6050 	WARNING 	We strongly recommend you activate the PTB sound engine in PsychoPy prefs as the preferred audio engine. Its timing is vastly superior. Your prefs are currently set to use ['sounddevice', 'PTB', 'pyo', 'pygame'] (in that order).
4.7943 	ERROR 	'-1.0000, -1.0000, -1.0000' is not a valid rgb color
5.3854 	EXP 	Created window1 = Window(allowGUI=False, allowStencil=False, autoLog=True, backendConf=UNKNOWN, bitsMode=UNKNOWN, blendMode='avg', bpc=(8, 8, 8), color=array([0, 0, 0]), colorSpace='rgb', depthBits=8, fullscr=<method-wrapper '__getattribute__' of attributeSetter object at 0x7ff7869829e8>, gamma=None, gammaErrorPolicy='raise', lms=UNKNOWN, monitor=<psychopy.monitors.calibTools.Monitor object at 0x7ff785b6d470>, multiSample=False, name='window1', numSamples=2, pos=[360.0, 225.0], screen=0, size=array([2880, 1800]), stencilBits=0, stereo=False, units='height', useFBO=True, useRetina=True, viewOri=0.0, viewPos=None, viewScale=None, waitBlanking=True, winType='pyglet')
5.3858 	EXP 	window1: mouseVisible = True
5.3859 	EXP 	window1: recordFrameIntervals = False
5.5519 	EXP 	window1: recordFrameIntervals = True
5.7355 	EXP 	window1: recordFrameIntervals = False
6.3246 	DEPRECATION 	'1.0000, 1.0000, 1.0000' is not a valid rgb color
6.3534 	EXP 	Created Welcometext = TextStim(__class__=<class 'psychopy.visual.text.TextStim'>, alignHoriz=method-wrapper(...), alignText='center', alignVert=method-wrapper(...), anchorHoriz='center', anchorVert='center', antialias=True, autoLog=True, bold=False, color=array([0., 0., 0.]), colorSpace='rgb', contrast=1.0, depth=0.0, flipHoriz=False, flipVert=False, font='Open Sans', fontFiles=[], height=0.05, italic=False, languageStyle='LTR', name='Welcometext', opacity=0, ori=0.0, pos=array([0., 0.]), rgb=UNKNOWN, text='Welcome\nPlease press Spacebar to start', units='height', win=Window(...), wrapWidth=1)
6.7102 	EXP 	Created text = TextStim(__class__=<class 'psychopy.visual.text.TextStim'>, alignHoriz=method-wrapper(...), alignText='center', alignVert=method-wrapper(...), anchorHoriz='center', anchorVert='center', antialias=True, autoLog=True, bold=False, color=array([1., 1., 1.]), colorSpace='rgb', contrast=1.0, depth=0.0, flipHoriz=False, flipVert=False, font='Open Sans', fontFiles=[], height=0.05, italic=False, languageStyle='LTR', name='text', opacity=1, ori=0.0, pos=array([0., 0.]), rgb=UNKNOWN, text=str(...), units='height', win=Window(...), wrapWidth=1)
6.7107 	EXP 	Created sequence: random, trialTypes=1, nReps=5, seed=None
6.7109 	EXP 	New trial (rep=0, index=0): None
6.7171 	EXP 	Welcometext: autoDraw = True
9.1581 	EXP 	Created unnamed Rect = Rect(__class__=<class 'psychopy.visual.rect.Rect'>, autoDraw=False, autoLog=True, closeShape=True, color=method-wrapper(...), colorSpace='rgb', contrast=None, depth=0, fillColor=array([ 1, -1, -1]), fillColorSpace='rgb', fillRGB=array([ 1, -1, -1]), interpolate=True, lineColor=array([-1., -1.,  1.]), lineColorSpace='rgb', lineRGB=array([-1, -1,  1]), lineWidth=1.5, name='unnamed Rect', opacity=1, ori=0.0, pos=array([0., 0.]), size=array([1000.,  700.]), units='pix', vertices=ndarray(...), win=Window(...))
9.1607 	EXP 	Created unnamed Rect = Rect(__class__=<class 'psychopy.visual.rect.Rect'>, autoDraw=False, autoLog=True, closeShape=True, color=method-wrapper(...), colorSpace='rgb', contrast=None, depth=0, fillColor=array([-1, -1, -1]), fillColorSpace='rgb', fillRGB=array([-1, -1, -1]), interpolate=True, lineColor=array([-1., -1.,  1.]), lineColorSpace='rgb', lineRGB=array([-1, -1,  1]), lineWidth=1.5, name='unnamed Rect', opacity=1, ori=0.0, pos=array([0., 0.]), size=array([400., 600.]), units='pix', vertices=ndarray(...), win=Window(...))
9.1632 	EXP 	Created unnamed Rect = Rect(__class__=<class 'psychopy.visual.rect.Rect'>, autoDraw=False, autoLog=True, closeShape=True, color=method-wrapper(...), colorSpace='rgb', contrast=None, depth=0, fillColor=array([-1, -1, -1]), fillColorSpace='rgb', fillRGB=array([-1, -1, -1]), interpolate=True, lineColor=array([-1., -1.,  1.]), lineColorSpace='rgb', lineRGB=array([-1, -1,  1]), lineWidth=1.5, name='unnamed Rect', opacity=1, ori=0.0, pos=array([0., 0.]), size=array([400., 600.]), units='pix', vertices=ndarray(...), win=Window(...))
9.1661 	EXP 	Created unnamed Rect = Rect(__class__=<class 'psychopy.visual.rect.Rect'>, autoDraw=False, autoLog=True, closeShape=True, color=method-wrapper(...), colorSpace='rgb', contrast=None, depth=0, fillColor=array([ 1,  1, -1]), fillColorSpace='rgb', fillRGB=array([ 1,  1, -1]), interpolate=True, lineColor=array([0., 0., 0.]), lineColorSpace='rgb', lineRGB=array([0, 0, 0]), lineWidth=1.5, name='unnamed Rect', opacity=0.5, ori=0.0, pos=array([0., 0.]), size=array([30., 30.]), units='pix', vertices=ndarray(...), win=Window(...))
9.1691 	EXP 	Created unnamed Rect = Rect(__class__=<class 'psychopy.visual.rect.Rect'>, autoDraw=False, autoLog=True, closeShape=True, color=method-wrapper(...), colorSpace='rgb', contrast=None, depth=0, fillColor=array([ 1,  1, -1]), fillColorSpace='rgb', fillRGB=array([ 1,  1, -1]), interpolate=True, lineColor=array([0., 0., 0.]), lineColorSpace='rgb', lineRGB=array([0, 0, 0]), lineWidth=1.5, name='unnamed Rect', opacity=0.5, ori=0.0, pos=array([0., 0.]), size=array([30., 30.]), units='pix', vertices=ndarray(...), win=Window(...))
9.1720 	EXP 	Created unnamed Rect = Rect(__class__=<class 'psychopy.visual.rect.Rect'>, autoDraw=False, autoLog=True, closeShape=True, color=method-wrapper(...), colorSpace='rgb', contrast=None, depth=0, fillColor=array([ 1,  1, -1]), fillColorSpace='rgb', fillRGB=array([ 1,  1, -1]), interpolate=True, lineColor=array([0., 0., 0.]), lineColorSpace='rgb', lineRGB=array([0, 0, 0]), lineWidth=1.5, name='unnamed Rect', opacity=0.5, ori=0.0, pos=array([0., 0.]), size=array([30., 30.]), units='pix', vertices=ndarray(...), win=Window(...))
9.1745 	EXP 	Created unnamed Rect = Rect(__class__=<class 'psychopy.visual.rect.Rect'>, autoDraw=False, autoLog=True, closeShape=True, color=method-wrapper(...), colorSpace='rgb', contrast=None, depth=0, fillColor=array([ 1,  1, -1]), fillColorSpace='rgb', fillRGB=array([ 1,  1, -1]), interpolate=True, lineColor=array([0., 0., 0.]), lineColorSpace='rgb', lineRGB=array([0, 0, 0]), lineWidth=1.5, name='unnamed Rect', opacity=0.5, ori=0.0, pos=array([0., 0.]), size=array([30., 30.]), units='pix', vertices=ndarray(...), win=Window(...))
9.1768 	EXP 	Created unnamed Rect = Rect(__class__=<class 'psychopy.visual.rect.Rect'>, autoDraw=False, autoLog=True, closeShape=True, color=method-wrapper(...), colorSpace='rgb', contrast=None, depth=0, fillColor=array([ 1,  1, -1]), fillColorSpace='rgb', fillRGB=array([ 1,  1, -1]), interpolate=True, lineColor=array([0., 0., 0.]), lineColorSpace='rgb', lineRGB=array([0, 0, 0]), lineWidth=1.5, name='unnamed Rect', opacity=0.5, ori=0.0, pos=array([0., 0.]), size=array([30., 30.]), units='pix', vertices=ndarray(...), win=Window(...))
9.1791 	EXP 	Created unnamed Rect = Rect(__class__=<class 'psychopy.visual.rect.Rect'>, autoDraw=False, autoLog=True, closeShape=True, color=method-wrapper(...), colorSpace='rgb', contrast=None, depth=0, fillColor=array([ 1,  1, -1]), fillColorSpace='rgb', fillRGB=array([ 1,  1, -1]), interpolate=True, lineColor=array([0., 0., 0.]), lineColorSpace='rgb', lineRGB=array([0, 0, 0]), lineWidth=1.5, name='unnamed Rect', opacity=0.5, ori=0.0, pos=array([0., 0.]), size=array([30., 30.]), units='pix', vertices=ndarray(...), win=Window(...))
9.1815 	EXP 	Created unnamed Rect = Rect(__class__=<class 'psychopy.visual.rect.Rect'>, autoDraw=False, autoLog=True, closeShape=True, color=method-wrapper(...), colorSpace='rgb', contrast=None, depth=0, fillColor=array([ 1,  1, -1]), fillColorSpace='rgb', fillRGB=array([ 1,  1, -1]), interpolate=True, lineColor=array([0., 0., 0.]), lineColorSpace='rgb', lineRGB=array([0, 0, 0]), lineWidth=1.5, name='unnamed Rect', opacity=0.5, ori=0.0, pos=array([0., 0.]), size=array([30., 30.]), units='pix', vertices=ndarray(...), win=Window(...))
9.2215 	EXP 	Created unnamed ImageStim = ImageStim(__class__=<class 'psychopy.visual.image.ImageStim'>, autoLog=True, color=array([1., 1., 1.]), colorSpace='rgb', contrast=1.0, depth=0, flipHoriz=False, flipVert=False, image='tree.png', interpolate=False, mask=None, maskParams=None, name='unnamed ImageStim', opacity=1, ori=0.0, pos=array([0., 0.]), size=array([512, 512]), texRes=128, units='pix', win=Window(...))
9.2417 	EXP 	Created unnamed ImageStim = ImageStim(__class__=<class 'psychopy.visual.image.ImageStim'>, autoLog=True, color=array([1., 1., 1.]), colorSpace='rgb', contrast=1.0, depth=0, flipHoriz=False, flipVert=False, image='tree.png', interpolate=False, mask=None, maskParams=None, name='unnamed ImageStim', opacity=1, ori=0.0, pos=array([0., 0.]), size=array([512, 512]), texRes=128, units='pix', win=Window(...))
9.2602 	EXP 	Created unnamed ImageStim = ImageStim(__class__=<class 'psychopy.visual.image.ImageStim'>, autoLog=True, color=array([1., 1., 1.]), colorSpace='rgb', contrast=1.0, depth=0, flipHoriz=False, flipVert=False, image='tree.png', interpolate=False, mask=None, maskParams=None, name='unnamed ImageStim', opacity=1, ori=0.0, pos=array([0., 0.]), size=array([512, 512]), texRes=128, units='pix', win=Window(...))
9.2778 	EXP 	Created unnamed ImageStim = ImageStim(__class__=<class 'psychopy.visual.image.ImageStim'>, autoLog=True, color=array([1., 1., 1.]), colorSpace='rgb', contrast=1.0, depth=0, flipHoriz=False, flipVert=False, image='tree.png', interpolate=False, mask=None, maskParams=None, name='unnamed ImageStim', opacity=1, ori=0.0, pos=array([0., 0.]), size=array([512, 512]), texRes=128, units='pix', win=Window(...))
9.2953 	EXP 	Created unnamed ImageStim = ImageStim(__class__=<class 'psychopy.visual.image.ImageStim'>, autoLog=True, color=array([1., 1., 1.]), colorSpace='rgb', contrast=1.0, depth=0, flipHoriz=False, flipVert=False, image='tree.png', interpolate=False, mask=None, maskParams=None, name='unnamed ImageStim', opacity=1, ori=0.0, pos=array([0., 0.]), size=array([512, 512]), texRes=128, units='pix', win=Window(...))
9.3127 	EXP 	Created unnamed ImageStim = ImageStim(__class__=<class 'psychopy.visual.image.ImageStim'>, autoLog=True, color=array([1., 1., 1.]), colorSpace='rgb', contrast=1.0, depth=0, flipHoriz=False, flipVert=False, image='tree.png', interpolate=False, mask=None, maskParams=None, name='unnamed ImageStim', opacity=1, ori=0.0, pos=array([0., 0.]), size=array([512, 512]), texRes=128, units='pix', win=Window(...))
9.3300 	EXP 	Created unnamed ImageStim = ImageStim(__class__=<class 'psychopy.visual.image.ImageStim'>, autoLog=True, color=array([1., 1., 1.]), colorSpace='rgb', contrast=1.0, depth=0, flipHoriz=False, flipVert=False, image='tree.png', interpolate=False, mask=None, maskParams=None, name='unnamed ImageStim', opacity=1, ori=0.0, pos=array([0., 0.]), size=array([512, 512]), texRes=128, units='pix', win=Window(...))
9.3475 	EXP 	Created unnamed ImageStim = ImageStim(__class__=<class 'psychopy.visual.image.ImageStim'>, autoLog=True, color=array([1., 1., 1.]), colorSpace='rgb', contrast=1.0, depth=0, flipHoriz=False, flipVert=False, image='tree.png', interpolate=False, mask=None, maskParams=None, name='unnamed ImageStim', opacity=1, ori=0.0, pos=array([0., 0.]), size=array([512, 512]), texRes=128, units='pix', win=Window(...))
9.3649 	EXP 	Created unnamed ImageStim = ImageStim(__class__=<class 'psychopy.visual.image.ImageStim'>, autoLog=True, color=array([1., 1., 1.]), colorSpace='rgb', contrast=1.0, depth=0, flipHoriz=False, flipVert=False, image='tree.png', interpolate=False, mask=None, maskParams=None, name='unnamed ImageStim', opacity=1, ori=0.0, pos=array([0., 0.]), size=array([512, 512]), texRes=128, units='pix', win=Window(...))
9.3822 	EXP 	Created unnamed ImageStim = ImageStim(__class__=<class 'psychopy.visual.image.ImageStim'>, autoLog=True, color=array([1., 1., 1.]), colorSpace='rgb', contrast=1.0, depth=0, flipHoriz=False, flipVert=False, image='tree.png', interpolate=False, mask=None, maskParams=None, name='unnamed ImageStim', opacity=1, ori=0.0, pos=array([0., 0.]), size=array([512, 512]), texRes=128, units='pix', win=Window(...))
9.4015 	EXP 	Created unnamed ImageStim = ImageStim(__class__=<class 'psychopy.visual.image.ImageStim'>, autoLog=True, color=array([1., 1., 1.]), colorSpace='rgb', contrast=1.0, depth=0, flipHoriz=False, flipVert=False, image='tree.png', interpolate=False, mask=None, maskParams=None, name='unnamed ImageStim', opacity=1, ori=0.0, pos=array([0., 0.]), size=array([512, 512]), texRes=128, units='pix', win=Window(...))
9.4189 	EXP 	Created unnamed ImageStim = ImageStim(__class__=<class 'psychopy.visual.image.ImageStim'>, autoLog=True, color=array([1., 1., 1.]), colorSpace='rgb', contrast=1.0, depth=0, flipHoriz=False, flipVert=False, image='tree.png', interpolate=False, mask=None, maskParams=None, name='unnamed ImageStim', opacity=1, ori=0.0, pos=array([0., 0.]), size=array([512, 512]), texRes=128, units='pix', win=Window(...))
9.4280 	DATA 	Keypress: space
9.4338 	EXP 	Welcometext: autoDraw = False
9.4338 	EXP 	unnamed Rect: pos = [-250, 0]
9.4338 	EXP 	unnamed Rect: pos = [250, 0]
9.4338 	EXP 	unnamed Rect: pos = [-105.77276234989702, 94.76331095808527]
9.4338 	EXP 	unnamed Rect: pos = [-195.98190942988452, 102.3333710451159]
9.4338 	EXP 	unnamed Rect: pos = [108.52802175323666, -255.81410430802157]
9.4338 	EXP 	unnamed Rect: pos = [186.5776608345297, 227.0664429611571]
9.4338 	EXP 	unnamed Rect: pos = [281.1901405399463, -268.3816877705231]
9.4338 	EXP 	unnamed Rect: pos = [268.99160991212665, 221.72484390895798]
9.4338 	EXP 	unnamed Rect: pos = [381.017829518409, 221.24601273782142]
9.4338 	EXP 	unnamed ImageStim: size = [51.2, 51.2]
9.4338 	EXP 	unnamed ImageStim: size = [51.2, 51.2]
9.4338 	EXP 	unnamed ImageStim: size = [51.2, 51.2]
9.4338 	EXP 	unnamed ImageStim: size = [51.2, 51.2]
9.4338 	EXP 	unnamed ImageStim: size = [51.2, 51.2]
9.4338 	EXP 	unnamed ImageStim: size = [51.2, 51.2]
9.4338 	EXP 	unnamed ImageStim: size = [51.2, 51.2]
9.4338 	EXP 	unnamed ImageStim: size = [51.2, 51.2]
9.4338 	EXP 	unnamed ImageStim: size = [51.2, 51.2]
9.4338 	EXP 	unnamed ImageStim: size = [51.2, 51.2]
9.4338 	EXP 	unnamed ImageStim: size = [51.2, 51.2]
9.4338 	EXP 	unnamed ImageStim: size = [51.2, 51.2]
9.4338 	EXP 	unnamed ImageStim: pos = [109.72030386386882, 105.58689915239223]
9.4338 	EXP 	unnamed ImageStim: pos = [26.53350229178437, -123.1342048403888]
9.4338 	EXP 	unnamed ImageStim: pos = [-145.56167446858623, 41.82291605494647]
9.4338 	EXP 	unnamed ImageStim: pos = [141.3450545806976, 209.2000766925622]
9.4338 	EXP 	unnamed ImageStim: pos = [-140.27969613613118, 105.58689915239223]
9.4338 	EXP 	unnamed ImageStim: pos = [359.7203038638688, 105.58689915239223]
9.4338 	EXP 	unnamed ImageStim: pos = [-223.46649770821563, -123.1342048403888]
9.4338 	EXP 	unnamed ImageStim: pos = [276.5335022917844, -123.1342048403888]
9.4338 	EXP 	unnamed ImageStim: pos = [-395.56167446858626, 41.82291605494647]
9.4338 	EXP 	unnamed ImageStim: pos = [104.43832553141377, 41.82291605494647]
9.4338 	EXP 	unnamed ImageStim: pos = [-108.65494541930241, 209.2000766925622]
9.4338 	EXP 	unnamed ImageStim: pos = [391.3450545806976, 209.2000766925622]
10.9824 	DATA 	Keypress: left
11.2051 	DATA 	Keypress: up
14.9741 	EXP 	Created unnamed Rect = Rect(__class__=<class 'psychopy.visual.rect.Rect'>, autoDraw=False, autoLog=True, closeShape=True, color=method-wrapper(...), colorSpace='rgb', contrast=None, depth=0, fillColor=array([-1, -1, -1]), fillColorSpace='rgb', fillRGB=array([-1, -1, -1]), interpolate=True, lineColor=array([-1., -1.,  1.]), lineColorSpace='rgb', lineRGB=array([-1, -1,  1]), lineWidth=1.5, name='unnamed Rect', opacity=1, ori=0.0, pos=array([0., 0.]), size=array([400., 600.]), units='pix', vertices=ndarray(...), win=Window(...))
14.9914 	EXP 	Created unnamed Rect = Rect(__class__=<class 'psychopy.visual.rect.Rect'>, autoDraw=False, autoLog=True, closeShape=True, color=method-wrapper(...), colorSpace='rgb', contrast=None, depth=0, fillColor=array([-1, -1, -1]), fillColorSpace='rgb', fillRGB=array([-1, -1, -1]), interpolate=True, lineColor=array([-1., -1.,  1.]), lineColorSpace='rgb', lineRGB=array([-1, -1,  1]), lineWidth=1.5, name='unnamed Rect', opacity=1, ori=0.0, pos=array([0., 0.]), size=array([400., 600.]), units='pix', vertices=ndarray(...), win=Window(...))
14.9929 	DATA 	Keypress: left
15.0043 	EXP 	unnamed Rect: pos = array([144.22723765,  94.76331096])
15.0043 	EXP 	unnamed Rect: pos = array([ 54.01809057, 102.33337105])
15.0043 	EXP 	unnamed Rect: pos = array([144.22723765,  94.76331096])
15.0174 	EXP 	unnamed Rect: pos = array([144.22723765,  94.76331096])
15.0348 	EXP 	unnamed Rect: pos = array([144.22723765,  94.76331096])
15.0511 	EXP 	unnamed Rect: pos = array([144.22723765,  94.76331096])
15.0685 	EXP 	unnamed Rect: pos = array([144.22723765,  94.76331096])
15.0844 	EXP 	unnamed Rect: pos = array([144.22723765,  94.76331096])
15.1010 	EXP 	unnamed Rect: pos = array([144.22723765,  94.76331096])
15.1186 	EXP 	unnamed Rect: pos = array([144.22723765,  94.76331096])
15.1340 	EXP 	unnamed Rect: pos = array([144.22723765,  94.76331096])
15.1507 	EXP 	unnamed Rect: pos = array([144.22723765,  94.76331096])
15.1677 	EXP 	unnamed Rect: pos = array([144.22723765,  94.76331096])
15.1842 	EXP 	unnamed Rect: pos = array([144.22723765,  94.76331096])
15.2005 	EXP 	unnamed Rect: pos = array([144.22723765,  94.76331096])
15.2178 	EXP 	unnamed Rect: pos = array([144.22723765,  94.76331096])
15.2343 	EXP 	unnamed Rect: pos = array([144.22723765,  94.76331096])
15.2508 	EXP 	unnamed Rect: pos = array([144.22723765,  94.76331096])
15.2684 	EXP 	unnamed Rect: pos = array([144.22723765,  94.76331096])
15.2842 	EXP 	unnamed Rect: pos = array([144.22723765,  94.76331096])
15.3008 	EXP 	unnamed Rect: pos = array([144.22723765,  94.76331096])
15.3175 	EXP 	unnamed Rect: pos = array([144.22723765,  94.76331096])
15.3344 	EXP 	unnamed Rect: pos = array([144.22723765,  94.76331096])
15.3511 	EXP 	unnamed Rect: pos = array([144.22723765,  94.76331096])
15.3680 	EXP 	unnamed Rect: pos = array([144.22723765,  94.76331096])
15.3847 	EXP 	unnamed Rect: pos = array([144.22723765,  94.76331096])
15.4011 	EXP 	unnamed Rect: pos = array([144.22723765,  94.76331096])
15.4175 	EXP 	unnamed Rect: pos = array([144.22723765,  94.76331096])
15.4341 	EXP 	unnamed Rect: pos = array([144.22723765,  94.76331096])
15.4507 	EXP 	unnamed Rect: pos = array([144.22723765,  94.76331096])
15.4673 	EXP 	unnamed Rect: pos = array([144.22723765,  94.76331096])
15.4839 	EXP 	unnamed Rect: pos = array([144.22723765,  94.76331096])
15.5010 	EXP 	unnamed Rect: pos = array([144.22723765,  94.76331096])
15.5176 	EXP 	unnamed Rect: pos = array([144.22723765,  94.76331096])
15.5349 	EXP 	unnamed Rect: pos = array([144.22723765,  94.76331096])
15.5511 	EXP 	unnamed Rect: pos = array([144.22723765,  94.76331096])
15.5681 	EXP 	unnamed Rect: pos = array([144.22723765,  94.76331096])
15.5841 	EXP 	unnamed Rect: pos = array([144.22723765,  94.76331096])
15.6008 	EXP 	unnamed Rect: pos = array([144.22723765,  94.76331096])
15.6049 	DATA 	Keypress: right
15.6177 	EXP 	unnamed Rect: pos = array([144.22723765,  94.76331096])
15.6339 	EXP 	unnamed Rect: pos = array([154.22723765,  94.76331096])
15.6507 	EXP 	unnamed Rect: pos = array([154.22723765,  94.76331096])
15.6673 	EXP 	unnamed Rect: pos = array([154.22723765,  94.76331096])
15.6839 	EXP 	unnamed Rect: pos = array([154.22723765,  94.76331096])
15.7006 	EXP 	unnamed Rect: pos = array([154.22723765,  94.76331096])
15.7175 	EXP 	unnamed Rect: pos = array([154.22723765,  94.76331096])
15.7336 	EXP 	unnamed Rect: pos = array([154.22723765,  94.76331096])
15.7509 	EXP 	unnamed Rect: pos = array([154.22723765,  94.76331096])
15.7671 	EXP 	unnamed Rect: pos = array([154.22723765,  94.76331096])
15.7844 	EXP 	unnamed Rect: pos = array([154.22723765,  94.76331096])
15.7905 	DATA 	Keypress: right
15.8007 	EXP 	unnamed Rect: pos = array([164.22723765,  94.76331096])
15.8170 	EXP 	unnamed Rect: pos = array([164.22723765,  94.76331096])
15.8331 	EXP 	unnamed Rect: pos = array([164.22723765,  94.76331096])
15.8507 	EXP 	unnamed Rect: pos = array([164.22723765,  94.76331096])
15.8673 	EXP 	unnamed Rect: pos = array([164.22723765,  94.76331096])
15.8837 	EXP 	unnamed Rect: pos = array([164.22723765,  94.76331096])
15.9005 	EXP 	unnamed Rect: pos = array([164.22723765,  94.76331096])
15.9170 	EXP 	unnamed Rect: pos = array([164.22723765,  94.76331096])
15.9340 	EXP 	unnamed Rect: pos = array([164.22723765,  94.76331096])
15.9504 	EXP 	unnamed Rect: pos = array([164.22723765,  94.76331096])
15.9670 	EXP 	unnamed Rect: pos = array([164.22723765,  94.76331096])
15.9842 	EXP 	unnamed Rect: pos = array([164.22723765,  94.76331096])
16.0005 	EXP 	unnamed Rect: pos = array([164.22723765,  94.76331096])
16.0176 	EXP 	unnamed Rect: pos = array([164.22723765,  94.76331096])
16.0182 	DATA 	Keypress: left
16.0335 	EXP 	unnamed Rect: pos = array([154.22723765,  94.76331096])
16.0502 	EXP 	unnamed Rect: pos = array([154.22723765,  94.76331096])
16.0675 	EXP 	unnamed Rect: pos = array([154.22723765,  94.76331096])
16.0838 	EXP 	unnamed Rect: pos = array([154.22723765,  94.76331096])
16.1004 	EXP 	unnamed Rect: pos = array([154.22723765,  94.76331096])
16.1175 	EXP 	unnamed Rect: pos = array([154.22723765,  94.76331096])
16.1339 	EXP 	unnamed Rect: pos = array([154.22723765,  94.76331096])
16.1506 	EXP 	unnamed Rect: pos = array([154.22723765,  94.76331096])
16.1672 	EXP 	unnamed Rect: pos = array([154.22723765,  94.76331096])
16.1838 	EXP 	unnamed Rect: pos = array([154.22723765,  94.76331096])
16.2011 	EXP 	unnamed Rect: pos = array([154.22723765,  94.76331096])
16.2018 	DATA 	Keypress: left
16.2175 	EXP 	unnamed Rect: pos = array([144.22723765,  94.76331096])
16.2344 	EXP 	unnamed Rect: pos = array([144.22723765,  94.76331096])
16.2507 	EXP 	unnamed Rect: pos = array([144.22723765,  94.76331096])
16.2676 	EXP 	unnamed Rect: pos = array([144.22723765,  94.76331096])
16.2843 	EXP 	unnamed Rect: pos = array([144.22723765,  94.76331096])
16.3005 	EXP 	unnamed Rect: pos = array([144.22723765,  94.76331096])
16.3172 	EXP 	unnamed Rect: pos = array([144.22723765,  94.76331096])
16.3340 	EXP 	unnamed Rect: pos = array([144.22723765,  94.76331096])
16.3508 	EXP 	unnamed Rect: pos = array([144.22723765,  94.76331096])
16.3514 	DATA 	Keypress: left
16.3676 	EXP 	unnamed Rect: pos = array([134.22723765,  94.76331096])
16.3842 	EXP 	unnamed Rect: pos = array([134.22723765,  94.76331096])
16.4003 	EXP 	unnamed Rect: pos = array([134.22723765,  94.76331096])
16.4177 	EXP 	unnamed Rect: pos = array([134.22723765,  94.76331096])
16.4336 	EXP 	unnamed Rect: pos = array([134.22723765,  94.76331096])
16.4504 	EXP 	unnamed Rect: pos = array([134.22723765,  94.76331096])
16.4670 	EXP 	unnamed Rect: pos = array([134.22723765,  94.76331096])
16.4838 	EXP 	unnamed Rect: pos = array([134.22723765,  94.76331096])
16.5011 	EXP 	unnamed Rect: pos = array([134.22723765,  94.76331096])
16.5017 	DATA 	Keypress: left
16.6910 	EXP 	unnamed Rect: pos = array([124.22723765,  94.76331096])
16.6981 	EXP 	unnamed Rect: pos = array([124.22723765,  94.76331096])
16.7047 	EXP 	unnamed Rect: pos = array([124.22723765,  94.76331096])
16.7076 	DATA 	Keypress: left
16.7175 	EXP 	unnamed Rect: pos = array([124.22723765,  94.76331096])
16.7246 	EXP 	unnamed Rect: pos = array([114.22723765,  94.76331096])
16.7339 	EXP 	unnamed Rect: pos = array([114.22723765,  94.76331096])
16.7504 	EXP 	unnamed Rect: pos = array([114.22723765,  94.76331096])
16.7679 	EXP 	unnamed Rect: pos = array([114.22723765,  94.76331096])
16.7836 	EXP 	unnamed Rect: pos = array([114.22723765,  94.76331096])
16.8007 	EXP 	unnamed Rect: pos = array([114.22723765,  94.76331096])
16.8169 	EXP 	unnamed Rect: pos = array([114.22723765,  94.76331096])
16.8342 	EXP 	unnamed Rect: pos = array([114.22723765,  94.76331096])
16.8505 	EXP 	unnamed Rect: pos = array([114.22723765,  94.76331096])
16.8670 	EXP 	unnamed Rect: pos = array([114.22723765,  94.76331096])
16.8836 	EXP 	unnamed Rect: pos = array([114.22723765,  94.76331096])
16.9010 	EXP 	unnamed Rect: pos = array([114.22723765,  94.76331096])
16.9170 	EXP 	unnamed Rect: pos = array([114.22723765,  94.76331096])
16.9340 	EXP 	unnamed Rect: pos = array([114.22723765,  94.76331096])
16.9504 	EXP 	unnamed Rect: pos = array([114.22723765,  94.76331096])
16.9673 	EXP 	unnamed Rect: pos = array([114.22723765,  94.76331096])
16.9843 	EXP 	unnamed Rect: pos = array([114.22723765,  94.76331096])
17.0004 	EXP 	unnamed Rect: pos = array([114.22723765,  94.76331096])
17.0172 	EXP 	unnamed Rect: pos = array([114.22723765,  94.76331096])
17.0339 	EXP 	unnamed Rect: pos = array([114.22723765,  94.76331096])
17.0509 	EXP 	unnamed Rect: pos = array([114.22723765,  94.76331096])
17.0677 	EXP 	unnamed Rect: pos = array([114.22723765,  94.76331096])
17.0838 	EXP 	unnamed Rect: pos = array([114.22723765,  94.76331096])
17.1007 	EXP 	unnamed Rect: pos = array([114.22723765,  94.76331096])
17.1172 	EXP 	unnamed Rect: pos = array([114.22723765,  94.76331096])
17.1338 	EXP 	unnamed Rect: pos = array([114.22723765,  94.76331096])
17.1505 	EXP 	unnamed Rect: pos = array([114.22723765,  94.76331096])
17.1672 	EXP 	unnamed Rect: pos = array([114.22723765,  94.76331096])
17.1838 	EXP 	unnamed Rect: pos = array([114.22723765,  94.76331096])
17.2007 	EXP 	unnamed Rect: pos = array([114.22723765,  94.76331096])
17.2172 	EXP 	unnamed Rect: pos = array([114.22723765,  94.76331096])
17.2339 	EXP 	unnamed Rect: pos = array([114.22723765,  94.76331096])
17.2506 	EXP 	unnamed Rect: pos = array([114.22723765,  94.76331096])
17.2673 	EXP 	unnamed Rect: pos = array([114.22723765,  94.76331096])
17.2840 	EXP 	unnamed Rect: pos = array([114.22723765,  94.76331096])
17.3008 	EXP 	unnamed Rect: pos = array([114.22723765,  94.76331096])
17.3175 	EXP 	unnamed Rect: pos = array([114.22723765,  94.76331096])
17.3341 	EXP 	unnamed Rect: pos = array([114.22723765,  94.76331096])
17.3504 	EXP 	unnamed Rect: pos = array([114.22723765,  94.76331096])
17.3676 	EXP 	unnamed Rect: pos = array([114.22723765,  94.76331096])
17.3840 	EXP 	unnamed Rect: pos = array([114.22723765,  94.76331096])
17.4016 	EXP 	unnamed Rect: pos = array([114.22723765,  94.76331096])
17.4180 	EXP 	unnamed Rect: pos = array([114.22723765,  94.76331096])
17.4347 	EXP 	unnamed Rect: pos = array([114.22723765,  94.76331096])
17.4508 	EXP 	unnamed Rect: pos = array([114.22723765,  94.76331096])
17.4673 	EXP 	unnamed Rect: pos = array([114.22723765,  94.76331096])
17.4839 	EXP 	unnamed Rect: pos = array([114.22723765,  94.76331096])
17.5013 	EXP 	unnamed Rect: pos = array([114.22723765,  94.76331096])
17.5057 	DATA 	Keypress: down
17.5186 	EXP 	unnamed Rect: pos = array([114.22723765,  94.76331096])
17.5342 	EXP 	unnamed Rect: pos = array([114.22723765,  84.76331096])
17.5508 	EXP 	unnamed Rect: pos = array([114.22723765,  84.76331096])
17.5679 	EXP 	unnamed Rect: pos = array([114.22723765,  84.76331096])
17.5851 	EXP 	unnamed Rect: pos = array([114.22723765,  84.76331096])
17.6011 	EXP 	unnamed Rect: pos = array([114.22723765,  84.76331096])
17.6176 	EXP 	unnamed Rect: pos = array([114.22723765,  84.76331096])
17.6342 	EXP 	unnamed Rect: pos = array([114.22723765,  84.76331096])
17.6511 	EXP 	unnamed Rect: pos = array([114.22723765,  84.76331096])
17.6674 	EXP 	unnamed Rect: pos = array([114.22723765,  84.76331096])
17.6855 	EXP 	unnamed Rect: pos = array([114.22723765,  84.76331096])
17.6862 	DATA 	Keypress: down
17.7005 	EXP 	unnamed Rect: pos = array([114.22723765,  74.76331096])
17.7173 	EXP 	unnamed Rect: pos = array([114.22723765,  74.76331096])
17.7343 	EXP 	unnamed Rect: pos = array([114.22723765,  74.76331096])
17.7504 	EXP 	unnamed Rect: pos = array([114.22723765,  74.76331096])
17.7671 	EXP 	unnamed Rect: pos = array([114.22723765,  74.76331096])
17.7840 	EXP 	unnamed Rect: pos = array([114.22723765,  74.76331096])
17.8013 	EXP 	unnamed Rect: pos = array([114.22723765,  74.76331096])
17.8180 	EXP 	unnamed Rect: pos = array([114.22723765,  74.76331096])
17.8348 	EXP 	unnamed Rect: pos = array([114.22723765,  74.76331096])
17.8513 	EXP 	unnamed Rect: pos = array([114.22723765,  74.76331096])
17.8520 	DATA 	Keypress: down
17.8675 	EXP 	unnamed Rect: pos = array([114.22723765,  64.76331096])
17.8840 	EXP 	unnamed Rect: pos = array([114.22723765,  64.76331096])
17.9014 	EXP 	unnamed Rect: pos = array([114.22723765,  64.76331096])
17.9169 	EXP 	unnamed Rect: pos = array([114.22723765,  64.76331096])
17.9343 	EXP 	unnamed Rect: pos = array([114.22723765,  64.76331096])
17.9505 	EXP 	unnamed Rect: pos = array([114.22723765,  64.76331096])
17.9673 	EXP 	unnamed Rect: pos = array([114.22723765,  64.76331096])
17.9839 	EXP 	unnamed Rect: pos = array([114.22723765,  64.76331096])
18.0014 	EXP 	unnamed Rect: pos = array([114.22723765,  64.76331096])
18.0021 	DATA 	Keypress: down
18.0177 	EXP 	unnamed Rect: pos = array([114.22723765,  54.76331096])
18.0336 	EXP 	unnamed Rect: pos = array([114.22723765,  54.76331096])
18.0502 	EXP 	unnamed Rect: pos = array([114.22723765,  54.76331096])
18.0682 	EXP 	unnamed Rect: pos = array([114.22723765,  54.76331096])
18.0846 	EXP 	unnamed Rect: pos = array([114.22723765,  54.76331096])
18.1006 	EXP 	unnamed Rect: pos = array([114.22723765,  54.76331096])
18.1170 	EXP 	unnamed Rect: pos = array([114.22723765,  54.76331096])
18.1343 	EXP 	unnamed Rect: pos = array([114.22723765,  54.76331096])
18.1507 	EXP 	unnamed Rect: pos = array([114.22723765,  54.76331096])
18.1674 	EXP 	unnamed Rect: pos = array([114.22723765,  54.76331096])
18.1717 	DATA 	Keypress: down
18.1848 	EXP 	unnamed Rect: pos = array([114.22723765,  54.76331096])
18.2004 	EXP 	unnamed Rect: pos = array([114.22723765,  44.76331096])
18.2178 	EXP 	unnamed Rect: pos = array([114.22723765,  44.76331096])
18.2344 	EXP 	unnamed Rect: pos = array([114.22723765,  44.76331096])
18.2508 	EXP 	unnamed Rect: pos = array([114.22723765,  44.76331096])
18.2677 	EXP 	unnamed Rect: pos = array([114.22723765,  44.76331096])
18.2837 	EXP 	unnamed Rect: pos = array([114.22723765,  44.76331096])
18.3014 	EXP 	unnamed Rect: pos = array([114.22723765,  44.76331096])
18.3020 	DATA 	Keypress: left
18.3170 	EXP 	unnamed Rect: pos = array([104.22723765,  44.76331096])
18.3340 	EXP 	unnamed Rect: pos = array([104.22723765,  44.76331096])
18.3511 	EXP 	unnamed Rect: pos = array([104.22723765,  44.76331096])
18.3675 	EXP 	unnamed Rect: pos = array([104.22723765,  44.76331096])
18.3852 	EXP 	unnamed Rect: pos = array([104.22723765,  44.76331096])
18.4009 	EXP 	unnamed Rect: pos = array([104.22723765,  44.76331096])
18.4172 	EXP 	unnamed Rect: pos = array([104.22723765,  44.76331096])
18.4340 	EXP 	unnamed Rect: pos = array([104.22723765,  44.76331096])
18.4506 	EXP 	unnamed Rect: pos = array([104.22723765,  44.76331096])
18.4678 	EXP 	unnamed Rect: pos = array([104.22723765,  44.76331096])
18.4841 	EXP 	unnamed Rect: pos = array([104.22723765,  44.76331096])
18.5019 	EXP 	unnamed Rect: pos = array([104.22723765,  44.76331096])
18.5026 	DATA 	Keypress: left
18.5211 	EXP 	unnamed Rect: pos = array([94.22723765, 44.76331096])
18.5341 	EXP 	unnamed Rect: pos = array([94.22723765, 44.76331096])
18.5503 	EXP 	unnamed Rect: pos = array([94.22723765, 44.76331096])
18.5673 	EXP 	unnamed Rect: pos = array([94.22723765, 44.76331096])
18.5838 	EXP 	unnamed Rect: pos = array([94.22723765, 44.76331096])
18.6006 	EXP 	unnamed Rect: pos = array([94.22723765, 44.76331096])
18.6174 	EXP 	unnamed Rect: pos = array([94.22723765, 44.76331096])
18.6349 	EXP 	unnamed Rect: pos = array([94.22723765, 44.76331096])
18.6510 	EXP 	unnamed Rect: pos = array([94.22723765, 44.76331096])
18.6517 	DATA 	Keypress: down
18.6671 	EXP 	unnamed Rect: pos = array([94.22723765, 34.76331096])
18.6847 	EXP 	unnamed Rect: pos = array([94.22723765, 34.76331096])
18.7012 	EXP 	unnamed Rect: pos = array([94.22723765, 34.76331096])
18.7174 	EXP 	unnamed Rect: pos = array([94.22723765, 34.76331096])
18.7339 	EXP 	unnamed Rect: pos = array([94.22723765, 34.76331096])
18.7511 	EXP 	unnamed Rect: pos = array([94.22723765, 34.76331096])
18.7674 	EXP 	unnamed Rect: pos = array([94.22723765, 34.76331096])
18.7836 	EXP 	unnamed Rect: pos = array([94.22723765, 34.76331096])
18.8018 	EXP 	unnamed Rect: pos = array([94.22723765, 34.76331096])
18.8172 	EXP 	unnamed Rect: pos = array([94.22723765, 34.76331096])
18.8343 	EXP 	unnamed Rect: pos = array([94.22723765, 34.76331096])
18.8350 	DATA 	Keypress: down
18.8512 	EXP 	unnamed Rect: pos = array([94.22723765, 24.76331096])
18.8672 	EXP 	unnamed Rect: pos = array([94.22723765, 24.76331096])
18.8844 	EXP 	unnamed Rect: pos = array([94.22723765, 24.76331096])
18.9008 	EXP 	unnamed Rect: pos = array([94.22723765, 24.76331096])
18.9175 	EXP 	unnamed Rect: pos = array([94.22723765, 24.76331096])
18.9339 	EXP 	unnamed Rect: pos = array([94.22723765, 24.76331096])
18.9506 	EXP 	unnamed Rect: pos = array([94.22723765, 24.76331096])
18.9670 	EXP 	unnamed Rect: pos = array([94.22723765, 24.76331096])
18.9847 	EXP 	unnamed Rect: pos = array([94.22723765, 24.76331096])
18.9854 	DATA 	Keypress: down
19.0011 	EXP 	unnamed Rect: pos = array([94.22723765, 14.76331096])
19.0175 	EXP 	unnamed Rect: pos = array([94.22723765, 14.76331096])
19.0346 	EXP 	unnamed Rect: pos = array([94.22723765, 14.76331096])
19.0507 	EXP 	unnamed Rect: pos = array([94.22723765, 14.76331096])
19.0671 	EXP 	unnamed Rect: pos = array([94.22723765, 14.76331096])
19.0841 	EXP 	unnamed Rect: pos = array([94.22723765, 14.76331096])
19.1006 	EXP 	unnamed Rect: pos = array([94.22723765, 14.76331096])
19.1173 	EXP 	unnamed Rect: pos = array([94.22723765, 14.76331096])
19.1343 	EXP 	unnamed Rect: pos = array([94.22723765, 14.76331096])
19.1350 	DATA 	Keypress: down
19.1509 	EXP 	unnamed Rect: pos = array([94.22723765,  4.76331096])
19.1680 	EXP 	unnamed Rect: pos = array([94.22723765,  4.76331096])
19.1847 	EXP 	unnamed Rect: pos = array([94.22723765,  4.76331096])
19.2015 	EXP 	unnamed Rect: pos = array([94.22723765,  4.76331096])
19.2176 	EXP 	unnamed Rect: pos = array([94.22723765,  4.76331096])
19.2342 	EXP 	unnamed Rect: pos = array([94.22723765,  4.76331096])
19.2505 	EXP 	unnamed Rect: pos = array([94.22723765,  4.76331096])
19.2671 	EXP 	unnamed Rect: pos = array([94.22723765,  4.76331096])
19.2843 	EXP 	unnamed Rect: pos = array([94.22723765,  4.76331096])
19.2851 	DATA 	Keypress: left
19.3004 	EXP 	unnamed Rect: pos = array([84.22723765,  4.76331096])
19.3174 	EXP 	unnamed Rect: pos = array([84.22723765,  4.76331096])
19.3337 	EXP 	unnamed Rect: pos = array([84.22723765,  4.76331096])
19.3506 	EXP 	unnamed Rect: pos = array([84.22723765,  4.76331096])
19.3677 	EXP 	unnamed Rect: pos = array([84.22723765,  4.76331096])
19.3837 	EXP 	unnamed Rect: pos = array([84.22723765,  4.76331096])
19.4007 	EXP 	unnamed Rect: pos = array([84.22723765,  4.76331096])
19.4172 	EXP 	unnamed Rect: pos = array([84.22723765,  4.76331096])
19.4342 	EXP 	unnamed Rect: pos = array([84.22723765,  4.76331096])
19.4509 	EXP 	unnamed Rect: pos = array([84.22723765,  4.76331096])
19.4675 	EXP 	unnamed Rect: pos = array([84.22723765,  4.76331096])
19.4840 	EXP 	unnamed Rect: pos = array([84.22723765,  4.76331096])
19.5012 	EXP 	unnamed Rect: pos = array([84.22723765,  4.76331096])
19.5173 	EXP 	unnamed Rect: pos = array([84.22723765,  4.76331096])
19.5341 	EXP 	unnamed Rect: pos = array([84.22723765,  4.76331096])
19.5508 	EXP 	unnamed Rect: pos = array([84.22723765,  4.76331096])
19.5677 	EXP 	unnamed Rect: pos = array([84.22723765,  4.76331096])
19.5840 	EXP 	unnamed Rect: pos = array([84.22723765,  4.76331096])
19.6006 	EXP 	unnamed Rect: pos = array([84.22723765,  4.76331096])
19.6173 	EXP 	unnamed Rect: pos = array([84.22723765,  4.76331096])
19.6344 	EXP 	unnamed Rect: pos = array([84.22723765,  4.76331096])
19.6351 	DATA 	Keypress: down
19.6505 	EXP 	unnamed Rect: pos = array([84.22723765, -5.23668904])
19.6674 	EXP 	unnamed Rect: pos = array([84.22723765, -5.23668904])
19.6841 	EXP 	unnamed Rect: pos = array([84.22723765, -5.23668904])
19.7015 	EXP 	unnamed Rect: pos = array([84.22723765, -5.23668904])
19.7173 	EXP 	unnamed Rect: pos = array([84.22723765, -5.23668904])
19.7340 	EXP 	unnamed Rect: pos = array([84.22723765, -5.23668904])
19.7512 	EXP 	unnamed Rect: pos = array([84.22723765, -5.23668904])
19.7674 	EXP 	unnamed Rect: pos = array([84.22723765, -5.23668904])
19.7840 	EXP 	unnamed Rect: pos = array([84.22723765, -5.23668904])
19.8006 	EXP 	unnamed Rect: pos = array([84.22723765, -5.23668904])
19.8172 	EXP 	unnamed Rect: pos = array([84.22723765, -5.23668904])
19.8345 	EXP 	unnamed Rect: pos = array([84.22723765, -5.23668904])
19.8352 	DATA 	Keypress: left
19.8518 	EXP 	unnamed Rect: pos = array([74.22723765, -5.23668904])
19.8668 	EXP 	unnamed Rect: pos = array([74.22723765, -5.23668904])
19.8841 	EXP 	unnamed Rect: pos = array([74.22723765, -5.23668904])
19.9008 	EXP 	unnamed Rect: pos = array([74.22723765, -5.23668904])
19.9171 	EXP 	unnamed Rect: pos = array([74.22723765, -5.23668904])
19.9339 	EXP 	unnamed Rect: pos = array([74.22723765, -5.23668904])
19.9504 	EXP 	unnamed Rect: pos = array([74.22723765, -5.23668904])
19.9672 	EXP 	unnamed Rect: pos = array([74.22723765, -5.23668904])
19.9838 	EXP 	unnamed Rect: pos = array([74.22723765, -5.23668904])
20.0006 	EXP 	unnamed Rect: pos = array([74.22723765, -5.23668904])
20.0176 	EXP 	unnamed Rect: pos = array([74.22723765, -5.23668904])
20.0184 	DATA 	Keypress: left
20.0338 	EXP 	unnamed Rect: pos = array([64.22723765, -5.23668904])
20.0506 	EXP 	unnamed Rect: pos = array([64.22723765, -5.23668904])
20.0673 	EXP 	unnamed Rect: pos = array([64.22723765, -5.23668904])
20.0842 	EXP 	unnamed Rect: pos = array([64.22723765, -5.23668904])
20.1008 	EXP 	unnamed Rect: pos = array([64.22723765, -5.23668904])
20.1177 	EXP 	unnamed Rect: pos = array([64.22723765, -5.23668904])
20.1343 	EXP 	unnamed Rect: pos = array([64.22723765, -5.23668904])
20.1509 	EXP 	unnamed Rect: pos = array([64.22723765, -5.23668904])
20.1677 	EXP 	unnamed Rect: pos = array([64.22723765, -5.23668904])
20.1685 	DATA 	Keypress: down
20.1847 	EXP 	unnamed Rect: pos = array([ 64.22723765, -15.23668904])
20.2006 	EXP 	unnamed Rect: pos = array([ 64.22723765, -15.23668904])
20.2173 	EXP 	unnamed Rect: pos = array([ 64.22723765, -15.23668904])
20.2343 	EXP 	unnamed Rect: pos = array([ 64.22723765, -15.23668904])
20.2507 	EXP 	unnamed Rect: pos = array([ 64.22723765, -15.23668904])
20.2680 	EXP 	unnamed Rect: pos = array([ 64.22723765, -15.23668904])
20.2843 	EXP 	unnamed Rect: pos = array([ 64.22723765, -15.23668904])
20.3011 	EXP 	unnamed Rect: pos = array([ 64.22723765, -15.23668904])
20.3176 	EXP 	unnamed Rect: pos = array([ 64.22723765, -15.23668904])
20.3345 	EXP 	unnamed Rect: pos = array([ 64.22723765, -15.23668904])
20.3512 	EXP 	unnamed Rect: pos = array([ 64.22723765, -15.23668904])
20.3677 	EXP 	unnamed Rect: pos = array([ 64.22723765, -15.23668904])
20.3852 	EXP 	unnamed Rect: pos = array([ 64.22723765, -15.23668904])
20.3859 	DATA 	Keypress: left
20.4009 	EXP 	unnamed Rect: pos = array([ 54.22723765, -15.23668904])
20.4174 	EXP 	unnamed Rect: pos = array([ 54.22723765, -15.23668904])
20.4342 	EXP 	unnamed Rect: pos = array([ 54.22723765, -15.23668904])
20.4506 	EXP 	unnamed Rect: pos = array([ 54.22723765, -15.23668904])
20.4680 	EXP 	unnamed Rect: pos = array([ 54.22723765, -15.23668904])
20.4846 	EXP 	unnamed Rect: pos = array([ 54.22723765, -15.23668904])
20.5014 	EXP 	unnamed Rect: pos = array([ 54.22723765, -15.23668904])
20.5170 	EXP 	unnamed Rect: pos = array([ 54.22723765, -15.23668904])
20.5337 	EXP 	unnamed Rect: pos = array([ 54.22723765, -15.23668904])
20.5508 	EXP 	unnamed Rect: pos = array([ 54.22723765, -15.23668904])
20.5549 	DATA 	Keypress: down
20.5680 	EXP 	unnamed Rect: pos = array([ 54.22723765, -15.23668904])
20.5841 	EXP 	unnamed Rect: pos = array([ 54.22723765, -25.23668904])
20.6007 	EXP 	unnamed Rect: pos = array([ 54.22723765, -25.23668904])
20.6173 	EXP 	unnamed Rect: pos = array([ 54.22723765, -25.23668904])
20.6343 	EXP 	unnamed Rect: pos = array([ 54.22723765, -25.23668904])
20.6519 	EXP 	unnamed Rect: pos = array([ 54.22723765, -25.23668904])
20.6675 	EXP 	unnamed Rect: pos = array([ 54.22723765, -25.23668904])
20.6842 	EXP 	unnamed Rect: pos = array([ 54.22723765, -25.23668904])
20.7009 	EXP 	unnamed Rect: pos = array([ 54.22723765, -25.23668904])
20.7176 	EXP 	unnamed Rect: pos = array([ 54.22723765, -25.23668904])
20.7345 	EXP 	unnamed Rect: pos = array([ 54.22723765, -25.23668904])
20.7508 	EXP 	unnamed Rect: pos = array([ 54.22723765, -25.23668904])
20.7676 	EXP 	unnamed Rect: pos = array([ 54.22723765, -25.23668904])
20.7843 	EXP 	unnamed Rect: pos = array([ 54.22723765, -25.23668904])
20.8009 	EXP 	unnamed Rect: pos = array([ 54.22723765, -25.23668904])
20.8177 	EXP 	unnamed Rect: pos = array([ 54.22723765, -25.23668904])
20.8344 	EXP 	unnamed Rect: pos = array([ 54.22723765, -25.23668904])
20.8510 	EXP 	unnamed Rect: pos = array([ 54.22723765, -25.23668904])
20.8680 	EXP 	unnamed Rect: pos = array([ 54.22723765, -25.23668904])
20.8843 	EXP 	unnamed Rect: pos = array([ 54.22723765, -25.23668904])
20.9019 	EXP 	unnamed Rect: pos = array([ 54.22723765, -25.23668904])
20.9178 	EXP 	unnamed Rect: pos = array([ 54.22723765, -25.23668904])
20.9345 	EXP 	unnamed Rect: pos = array([ 54.22723765, -25.23668904])
20.9510 	EXP 	unnamed Rect: pos = array([ 54.22723765, -25.23668904])
20.9674 	EXP 	unnamed Rect: pos = array([ 54.22723765, -25.23668904])
20.9843 	EXP 	unnamed Rect: pos = array([ 54.22723765, -25.23668904])
21.0009 	EXP 	unnamed Rect: pos = array([ 54.22723765, -25.23668904])
21.0052 	DATA 	Keypress: up
21.0184 	EXP 	unnamed Rect: pos = array([ 54.22723765, -25.23668904])
21.0352 	EXP 	unnamed Rect: pos = array([ 54.22723765, -15.23668904])
21.0511 	EXP 	unnamed Rect: pos = array([ 54.22723765, -15.23668904])
21.0675 	EXP 	unnamed Rect: pos = array([ 54.22723765, -15.23668904])
21.0841 	EXP 	unnamed Rect: pos = array([ 54.22723765, -15.23668904])
21.1009 	EXP 	unnamed Rect: pos = array([ 54.22723765, -15.23668904])
21.1172 	EXP 	unnamed Rect: pos = array([ 54.22723765, -15.23668904])
21.1338 	EXP 	unnamed Rect: pos = array([ 54.22723765, -15.23668904])
21.1504 	EXP 	unnamed Rect: pos = array([ 54.22723765, -15.23668904])
21.1673 	EXP 	unnamed Rect: pos = array([ 54.22723765, -15.23668904])
21.1838 	EXP 	unnamed Rect: pos = array([ 54.22723765, -15.23668904])
21.2005 	EXP 	unnamed Rect: pos = array([ 54.22723765, -15.23668904])
21.2177 	EXP 	unnamed Rect: pos = array([ 54.22723765, -15.23668904])
21.2184 	DATA 	Keypress: left
21.2346 	EXP 	unnamed Rect: pos = array([ 44.22723765, -15.23668904])
21.2510 	EXP 	unnamed Rect: pos = array([ 44.22723765, -15.23668904])
21.2676 	EXP 	unnamed Rect: pos = array([ 44.22723765, -15.23668904])
21.2844 	EXP 	unnamed Rect: pos = array([ 44.22723765, -15.23668904])
21.3012 	EXP 	unnamed Rect: pos = array([ 44.22723765, -15.23668904])
21.3175 	EXP 	unnamed Rect: pos = array([ 44.22723765, -15.23668904])
21.3339 	EXP 	unnamed Rect: pos = array([ 44.22723765, -15.23668904])
21.3508 	EXP 	unnamed Rect: pos = array([ 44.22723765, -15.23668904])
21.3679 	EXP 	unnamed Rect: pos = array([ 44.22723765, -15.23668904])
21.3686 	DATA 	Keypress: up
21.3843 	EXP 	unnamed Rect: pos = array([44.22723765, -5.23668904])
21.4012 	EXP 	unnamed Rect: pos = array([44.22723765, -5.23668904])
21.4176 	EXP 	unnamed Rect: pos = array([44.22723765, -5.23668904])
21.4351 	EXP 	unnamed Rect: pos = array([44.22723765, -5.23668904])
21.4511 	EXP 	unnamed Rect: pos = array([44.22723765, -5.23668904])
21.4679 	EXP 	unnamed Rect: pos = array([44.22723765, -5.23668904])
21.4686 	DATA 	Keypress: left
21.4846 	EXP 	unnamed Rect: pos = array([34.22723765, -5.23668904])
21.5017 	EXP 	unnamed Rect: pos = array([34.22723765, -5.23668904])
21.5186 	EXP 	unnamed Rect: pos = array([34.22723765, -5.23668904])
21.5352 	EXP 	unnamed Rect: pos = array([34.22723765, -5.23668904])
21.5507 	EXP 	unnamed Rect: pos = array([34.22723765, -5.23668904])
21.5544 	DATA 	Keypress: up
21.5686 	EXP 	unnamed Rect: pos = array([34.22723765, -5.23668904])
21.5843 	EXP 	unnamed Rect: pos = array([34.22723765,  4.76331096])
21.6009 	EXP 	unnamed Rect: pos = array([34.22723765,  4.76331096])
21.6176 	EXP 	unnamed Rect: pos = array([34.22723765,  4.76331096])
21.6347 	EXP 	unnamed Rect: pos = array([34.22723765,  4.76331096])
21.6511 	EXP 	unnamed Rect: pos = array([34.22723765,  4.76331096])
21.6673 	EXP 	unnamed Rect: pos = array([34.22723765,  4.76331096])
21.6680 	DATA 	Keypress: left
21.6842 	EXP 	unnamed Rect: pos = array([24.22723765,  4.76331096])
21.7006 	EXP 	unnamed Rect: pos = array([24.22723765,  4.76331096])
21.7171 	EXP 	unnamed Rect: pos = array([24.22723765,  4.76331096])
21.7344 	EXP 	unnamed Rect: pos = array([24.22723765,  4.76331096])
21.7509 	EXP 	unnamed Rect: pos = array([24.22723765,  4.76331096])
21.7515 	DATA 	Keypress: up
21.7687 	EXP 	unnamed Rect: pos = array([24.22723765, 14.76331096])
21.7842 	EXP 	unnamed Rect: pos = array([24.22723765, 14.76331096])
21.8006 	EXP 	unnamed Rect: pos = array([24.22723765, 14.76331096])
21.8176 	EXP 	unnamed Rect: pos = array([24.22723765, 14.76331096])
21.8340 	EXP 	unnamed Rect: pos = array([24.22723765, 14.76331096])
21.8510 	EXP 	unnamed Rect: pos = array([24.22723765, 14.76331096])
21.8681 	EXP 	unnamed Rect: pos = array([24.22723765, 14.76331096])
21.8687 	DATA 	Keypress: left
21.8845 	EXP 	unnamed Rect: pos = array([14.22723765, 14.76331096])
21.9009 	EXP 	unnamed Rect: pos = array([14.22723765, 14.76331096])
21.9180 	EXP 	unnamed Rect: pos = array([14.22723765, 14.76331096])
21.9342 	EXP 	unnamed Rect: pos = array([14.22723765, 14.76331096])
21.9517 	EXP 	unnamed Rect: pos = array([14.22723765, 14.76331096])
21.9524 	DATA 	Keypress: up
21.9678 	EXP 	unnamed Rect: pos = array([14.22723765, 24.76331096])
21.9844 	EXP 	unnamed Rect: pos = array([14.22723765, 24.76331096])
22.0009 	EXP 	unnamed Rect: pos = array([14.22723765, 24.76331096])
22.0181 	EXP 	unnamed Rect: pos = array([14.22723765, 24.76331096])
22.0344 	EXP 	unnamed Rect: pos = array([14.22723765, 24.76331096])
22.0510 	EXP 	unnamed Rect: pos = array([14.22723765, 24.76331096])
22.0517 	DATA 	Keypress: left
22.0679 	EXP 	unnamed Rect: pos = array([ 4.22723765, 24.76331096])
22.0846 	EXP 	unnamed Rect: pos = array([ 4.22723765, 24.76331096])
22.1010 	EXP 	unnamed Rect: pos = array([ 4.22723765, 24.76331096])
22.1184 	EXP 	unnamed Rect: pos = array([ 4.22723765, 24.76331096])
22.1344 	EXP 	unnamed Rect: pos = array([ 4.22723765, 24.76331096])
22.1350 	DATA 	Keypress: up
22.1512 	EXP 	unnamed Rect: pos = array([ 4.22723765, 34.76331096])
22.1679 	EXP 	unnamed Rect: pos = array([ 4.22723765, 34.76331096])
22.1842 	EXP 	unnamed Rect: pos = array([ 4.22723765, 34.76331096])
22.2008 	EXP 	unnamed Rect: pos = array([ 4.22723765, 34.76331096])
22.2180 	EXP 	unnamed Rect: pos = array([ 4.22723765, 34.76331096])
22.2343 	EXP 	unnamed Rect: pos = array([ 4.22723765, 34.76331096])
22.2382 	DATA 	Keypress: left
22.2520 	EXP 	unnamed Rect: pos = array([ 4.22723765, 34.76331096])
22.2673 	EXP 	unnamed Rect: pos = array([-5.77276235, 34.76331096])
22.2844 	EXP 	unnamed Rect: pos = array([-5.77276235, 34.76331096])
22.3011 	EXP 	unnamed Rect: pos = array([-5.77276235, 34.76331096])
22.3177 	EXP 	unnamed Rect: pos = array([-5.77276235, 34.76331096])
22.3345 	EXP 	unnamed Rect: pos = array([-5.77276235, 34.76331096])
22.3351 	DATA 	Keypress: up
22.3509 	EXP 	unnamed Rect: pos = array([-5.77276235, 44.76331096])
22.3676 	EXP 	unnamed Rect: pos = array([-5.77276235, 44.76331096])
22.3841 	EXP 	unnamed Rect: pos = array([-5.77276235, 44.76331096])
22.4011 	EXP 	unnamed Rect: pos = array([-5.77276235, 44.76331096])
22.4178 	EXP 	unnamed Rect: pos = array([-5.77276235, 44.76331096])
22.4342 	EXP 	unnamed Rect: pos = array([-5.77276235, 44.76331096])
22.4514 	EXP 	unnamed Rect: pos = array([-5.77276235, 44.76331096])
22.4521 	DATA 	Keypress: left
22.4676 	EXP 	unnamed Rect: pos = array([-15.77276235,  44.76331096])
22.4841 	EXP 	unnamed Rect: pos = array([-15.77276235,  44.76331096])
22.5008 	EXP 	unnamed Rect: pos = array([-15.77276235,  44.76331096])
22.5171 	EXP 	unnamed Rect: pos = array([-15.77276235,  44.76331096])
22.5336 	EXP 	unnamed Rect: pos = array([-15.77276235,  44.76331096])
22.5341 	DATA 	Keypress: up
22.5505 	EXP 	unnamed Rect: pos = array([-15.77276235,  54.76331096])
22.5672 	EXP 	unnamed Rect: pos = array([-15.77276235,  54.76331096])
22.5835 	EXP 	unnamed Rect: pos = array([-15.77276235,  54.76331096])
22.6003 	EXP 	unnamed Rect: pos = array([-15.77276235,  54.76331096])
22.6169 	EXP 	unnamed Rect: pos = array([-15.77276235,  54.76331096])
22.6340 	EXP 	unnamed Rect: pos = array([-15.77276235,  54.76331096])
22.6345 	DATA 	Keypress: left
22.6507 	EXP 	unnamed Rect: pos = array([-25.77276235,  54.76331096])
22.6668 	EXP 	unnamed Rect: pos = array([-25.77276235,  54.76331096])
22.6840 	EXP 	unnamed Rect: pos = array([-25.77276235,  54.76331096])
22.7004 	EXP 	unnamed Rect: pos = array([-25.77276235,  54.76331096])
22.7182 	EXP 	unnamed Rect: pos = array([-25.77276235,  54.76331096])
22.7188 	DATA 	Keypress: up
22.7339 	EXP 	unnamed Rect: pos = array([-25.77276235,  64.76331096])
22.7511 	EXP 	unnamed Rect: pos = array([-25.77276235,  64.76331096])
22.7671 	EXP 	unnamed Rect: pos = array([-25.77276235,  64.76331096])
22.7843 	EXP 	unnamed Rect: pos = array([-25.77276235,  64.76331096])
22.8010 	EXP 	unnamed Rect: pos = array([-25.77276235,  64.76331096])
22.8182 	EXP 	unnamed Rect: pos = array([-25.77276235,  64.76331096])
22.8188 	DATA 	Keypress: left
22.8377 	EXP 	unnamed Rect: pos = array([-35.77276235,  64.76331096])
22.8509 	EXP 	unnamed Rect: pos = array([-35.77276235,  64.76331096])
22.8671 	EXP 	unnamed Rect: pos = array([-35.77276235,  64.76331096])
22.8843 	EXP 	unnamed Rect: pos = array([-35.77276235,  64.76331096])
22.9008 	EXP 	unnamed Rect: pos = array([-35.77276235,  64.76331096])
22.9014 	DATA 	Keypress: up
22.9171 	EXP 	unnamed Rect: pos = array([-35.77276235,  74.76331096])
22.9339 	EXP 	unnamed Rect: pos = array([-35.77276235,  74.76331096])
22.9504 	EXP 	unnamed Rect: pos = array([-35.77276235,  74.76331096])
22.9672 	EXP 	unnamed Rect: pos = array([-35.77276235,  74.76331096])
22.9841 	EXP 	unnamed Rect: pos = array([-35.77276235,  74.76331096])
23.0008 	EXP 	unnamed Rect: pos = array([-35.77276235,  74.76331096])
23.0048 	DATA 	Keypress: left
23.0172 	EXP 	unnamed Rect: pos = array([-35.77276235,  74.76331096])
23.0343 	EXP 	unnamed Rect: pos = array([-45.77276235,  74.76331096])
23.0510 	EXP 	unnamed Rect: pos = array([-45.77276235,  74.76331096])
23.0672 	EXP 	unnamed Rect: pos = array([-45.77276235,  74.76331096])
23.0845 	EXP 	unnamed Rect: pos = array([-45.77276235,  74.76331096])
23.1006 	EXP 	unnamed Rect: pos = array([-45.77276235,  74.76331096])
23.1172 	EXP 	unnamed Rect: pos = array([-45.77276235,  74.76331096])
23.1338 	EXP 	unnamed Rect: pos = array([-45.77276235,  74.76331096])
23.1510 	EXP 	unnamed Rect: pos = array([-45.77276235,  74.76331096])
23.1674 	EXP 	unnamed Rect: pos = array([-45.77276235,  74.76331096])
23.1839 	EXP 	unnamed Rect: pos = array([-45.77276235,  74.76331096])
23.2013 	EXP 	unnamed Rect: pos = array([-45.77276235,  74.76331096])
23.2178 	EXP 	unnamed Rect: pos = array([-45.77276235,  74.76331096])
23.2344 	EXP 	unnamed Rect: pos = array([-45.77276235,  74.76331096])
23.2511 	EXP 	unnamed Rect: pos = array([-45.77276235,  74.76331096])
23.2678 	EXP 	unnamed Rect: pos = array([-45.77276235,  74.76331096])
23.2850 	EXP 	unnamed Rect: pos = array([-45.77276235,  74.76331096])
23.3011 	EXP 	unnamed Rect: pos = array([-45.77276235,  74.76331096])
23.3181 	EXP 	unnamed Rect: pos = array([-45.77276235,  74.76331096])
23.3347 	EXP 	unnamed Rect: pos = array([-45.77276235,  74.76331096])
23.3512 	EXP 	unnamed Rect: pos = array([-45.77276235,  74.76331096])
23.3678 	EXP 	unnamed Rect: pos = array([-45.77276235,  74.76331096])
23.3845 	EXP 	unnamed Rect: pos = array([-45.77276235,  74.76331096])
23.4010 	EXP 	unnamed Rect: pos = array([-45.77276235,  74.76331096])
23.4182 	EXP 	unnamed Rect: pos = array([-45.77276235,  74.76331096])
23.4345 	EXP 	unnamed Rect: pos = array([-45.77276235,  74.76331096])
23.4512 	EXP 	unnamed Rect: pos = array([-45.77276235,  74.76331096])
23.4678 	EXP 	unnamed Rect: pos = array([-45.77276235,  74.76331096])
23.4847 	EXP 	unnamed Rect: pos = array([-45.77276235,  74.76331096])
23.5022 	EXP 	unnamed Rect: pos = array([-45.77276235,  74.76331096])
23.5181 	EXP 	unnamed Rect: pos = array([-45.77276235,  74.76331096])
23.5352 	EXP 	unnamed Rect: pos = array([-45.77276235,  74.76331096])
23.5512 	EXP 	unnamed Rect: pos = array([-45.77276235,  74.76331096])
23.5676 	EXP 	unnamed Rect: pos = array([-45.77276235,  74.76331096])
23.5843 	EXP 	unnamed Rect: pos = array([-45.77276235,  74.76331096])
23.6011 	EXP 	unnamed Rect: pos = array([-45.77276235,  74.76331096])
23.6180 	EXP 	unnamed Rect: pos = array([-45.77276235,  74.76331096])
23.6343 	EXP 	unnamed Rect: pos = array([-45.77276235,  74.76331096])
23.6522 	EXP 	unnamed Rect: pos = array([-45.77276235,  74.76331096])
23.6687 	EXP 	unnamed Rect: pos = array([-45.77276235,  74.76331096])
23.6847 	EXP 	unnamed Rect: pos = array([-45.77276235,  74.76331096])
23.7011 	EXP 	unnamed Rect: pos = array([-45.77276235,  74.76331096])
23.7179 	EXP 	unnamed Rect: pos = array([-45.77276235,  74.76331096])
23.7346 	EXP 	unnamed Rect: pos = array([-45.77276235,  74.76331096])
23.7510 	EXP 	unnamed Rect: pos = array([-45.77276235,  74.76331096])
23.7680 	EXP 	unnamed Rect: pos = array([-45.77276235,  74.76331096])
23.7854 	EXP 	unnamed Rect: pos = array([-45.77276235,  74.76331096])
23.7862 	DATA 	Keypress: escape
23.8011 	EXP 	unnamed Rect: pos = array([-45.77276235,  74.76331096])
23.8176 	EXP 	unnamed Rect: pos = array([-45.77276235,  74.76331096])
23.8374 	EXP 	unnamed Rect: pos = array([-45.77276235,  74.76331096])
23.8505 	EXP 	unnamed Rect: pos = array([-45.77276235,  74.76331096])
23.8681 	EXP 	unnamed Rect: pos = array([-45.77276235,  74.76331096])
23.8687 	DATA 	Keypress: escape
23.8847 	EXP 	unnamed Rect: pos = array([-45.77276235,  74.76331096])
23.9010 	EXP 	unnamed Rect: pos = array([-45.77276235,  74.76331096])
23.9180 	EXP 	unnamed Rect: pos = array([-45.77276235,  74.76331096])
23.9345 	EXP 	unnamed Rect: pos = array([-45.77276235,  74.76331096])
23.9519 	EXP 	unnamed Rect: pos = array([-45.77276235,  74.76331096])
23.9678 	EXP 	unnamed Rect: pos = array([-45.77276235,  74.76331096])
23.9848 	EXP 	unnamed Rect: pos = array([-45.77276235,  74.76331096])
24.0009 	EXP 	unnamed Rect: pos = array([-45.77276235,  74.76331096])
24.0175 	EXP 	unnamed Rect: pos = array([-45.77276235,  74.76331096])
24.0343 	EXP 	unnamed Rect: pos = array([-45.77276235,  74.76331096])
24.0512 	EXP 	unnamed Rect: pos = array([-45.77276235,  74.76331096])
24.0680 	EXP 	unnamed Rect: pos = array([-45.77276235,  74.76331096])
24.0844 	EXP 	unnamed Rect: pos = array([-45.77276235,  74.76331096])
24.1009 	EXP 	unnamed Rect: pos = array([-45.77276235,  74.76331096])
24.1175 	EXP 	unnamed Rect: pos = array([-45.77276235,  74.76331096])
24.1344 	EXP 	unnamed Rect: pos = array([-45.77276235,  74.76331096])
24.1509 	EXP 	unnamed Rect: pos = array([-45.77276235,  74.76331096])
24.1680 	EXP 	unnamed Rect: pos = array([-45.77276235,  74.76331096])
24.1687 	DATA 	Keypress: escape
24.1847 	EXP 	unnamed Rect: pos = array([-45.77276235,  74.76331096])
24.2011 	EXP 	unnamed Rect: pos = array([-45.77276235,  74.76331096])
24.2182 	EXP 	unnamed Rect: pos = array([-45.77276235,  74.76331096])
24.2342 	EXP 	unnamed Rect: pos = array([-45.77276235,  74.76331096])
24.2509 	EXP 	unnamed Rect: pos = array([-45.77276235,  74.76331096])
24.2676 	EXP 	unnamed Rect: pos = array([-45.77276235,  74.76331096])
24.2846 	EXP 	unnamed Rect: pos = array([-45.77276235,  74.76331096])
24.3021 	EXP 	unnamed Rect: pos = array([-45.77276235,  74.76331096])
24.3175 	EXP 	unnamed Rect: pos = array([-45.77276235,  74.76331096])
24.3353 	EXP 	unnamed Rect: pos = array([-45.77276235,  74.76331096])
24.3509 	EXP 	unnamed Rect: pos = array([-45.77276235,  74.76331096])
24.3679 	EXP 	unnamed Rect: pos = array([-45.77276235,  74.76331096])
24.3842 	EXP 	unnamed Rect: pos = array([-45.77276235,  74.76331096])
24.4010 	EXP 	unnamed Rect: pos = array([-45.77276235,  74.76331096])
24.4176 	EXP 	unnamed Rect: pos = array([-45.77276235,  74.76331096])
24.4343 	EXP 	unnamed Rect: pos = array([-45.77276235,  74.76331096])
24.4513 	EXP 	unnamed Rect: pos = array([-45.77276235,  74.76331096])
24.4676 	EXP 	unnamed Rect: pos = array([-45.77276235,  74.76331096])
24.4843 	EXP 	unnamed Rect: pos = array([-45.77276235,  74.76331096])
24.5019 	EXP 	unnamed Rect: pos = array([-45.77276235,  74.76331096])
24.5177 	EXP 	unnamed Rect: pos = array([-45.77276235,  74.76331096])
24.5345 	EXP 	unnamed Rect: pos = array([-45.77276235,  74.76331096])
24.5509 	EXP 	unnamed Rect: pos = array([-45.77276235,  74.76331096])
24.5678 	EXP 	unnamed Rect: pos = array([-45.77276235,  74.76331096])
24.5843 	EXP 	unnamed Rect: pos = array([-45.77276235,  74.76331096])
24.6009 	EXP 	unnamed Rect: pos = array([-45.77276235,  74.76331096])
24.6179 	EXP 	unnamed Rect: pos = array([-45.77276235,  74.76331096])
24.6346 	EXP 	unnamed Rect: pos = array([-45.77276235,  74.76331096])
24.6510 	EXP 	unnamed Rect: pos = array([-45.77276235,  74.76331096])
24.6553 	DATA 	Keypress: escape
24.6687 	EXP 	unnamed Rect: pos = array([-45.77276235,  74.76331096])
24.6842 	EXP 	unnamed Rect: pos = array([-45.77276235,  74.76331096])
24.7016 	EXP 	unnamed Rect: pos = array([-45.77276235,  74.76331096])
24.7180 	EXP 	unnamed Rect: pos = array([-45.77276235,  74.76331096])
24.7343 	EXP 	unnamed Rect: pos = array([-45.77276235,  74.76331096])
24.7521 	EXP 	unnamed Rect: pos = array([-45.77276235,  74.76331096])
24.7679 	EXP 	unnamed Rect: pos = array([-45.77276235,  74.76331096])
24.7843 	EXP 	unnamed Rect: pos = array([-45.77276235,  74.76331096])
24.8012 	EXP 	unnamed Rect: pos = array([-45.77276235,  74.76331096])
24.8176 	EXP 	unnamed Rect: pos = array([-45.77276235,  74.76331096])
24.8340 	EXP 	unnamed Rect: pos = array([-45.77276235,  74.76331096])
24.8508 	EXP 	unnamed Rect: pos = array([-45.77276235,  74.76331096])
24.8678 	EXP 	unnamed Rect: pos = array([-45.77276235,  74.76331096])
24.8843 	EXP 	unnamed Rect: pos = array([-45.77276235,  74.76331096])
24.9013 	EXP 	unnamed Rect: pos = array([-45.77276235,  74.76331096])
24.9175 	EXP 	unnamed Rect: pos = array([-45.77276235,  74.76331096])
24.9350 	EXP 	unnamed Rect: pos = array([-45.77276235,  74.76331096])
24.9516 	EXP 	unnamed Rect: pos = array([-45.77276235,  74.76331096])
24.9680 	EXP 	unnamed Rect: pos = array([-45.77276235,  74.76331096])
24.9845 	EXP 	unnamed Rect: pos = array([-45.77276235,  74.76331096])
25.0013 	EXP 	unnamed Rect: pos = array([-45.77276235,  74.76331096])
25.0219 	EXP 	window1: mouseVisible = True
