0.5967 	WARNING 	We strongly recommend you activate the PTB sound engine in PsychoPy prefs as the preferred audio engine. Its timing is vastly superior. Your prefs are currently set to use ['sounddevice', 'PTB', 'pyo', 'pygame'] (in that order).
10.0133 	ERROR 	'-1.0000, -1.0000, -1.0000' is not a valid rgb color
10.6132 	EXP 	Created window1 = Window(allowGUI=False, allowStencil=False, autoLog=True, backendConf=UNKNOWN, bitsMode=UNKNOWN, blendMode='avg', bpc=(8, 8, 8), color=array([0, 0, 0]), colorSpace='rgb', depthBits=8, fullscr=<method-wrapper '__getattribute__' of attributeSetter object at 0x7f8e86193a20>, gamma=None, gammaErrorPolicy='raise', lms=UNKNOWN, monitor=<psychopy.monitors.calibTools.Monitor object at 0x7f8e862844a8>, multiSample=False, name='window1', numSamples=2, pos=[360.0, 225.0], screen=0, size=array([2880, 1800]), stencilBits=0, stereo=False, units='height', useFBO=True, useRetina=True, viewOri=0.0, viewPos=None, viewScale=None, waitBlanking=True, winType='pyglet')
10.6136 	EXP 	window1: mouseVisible = True
10.6137 	EXP 	window1: recordFrameIntervals = False
10.7799 	EXP 	window1: recordFrameIntervals = True
10.9633 	EXP 	window1: recordFrameIntervals = False
11.5501 	DEPRECATION 	'1.0000, 1.0000, 1.0000' is not a valid rgb color
11.5791 	EXP 	Created Welcometext = TextStim(__class__=<class 'psychopy.visual.text.TextStim'>, alignHoriz=method-wrapper(...), alignText='center', alignVert=method-wrapper(...), anchorHoriz='center', anchorVert='center', antialias=True, autoLog=True, bold=False, color=array([0., 0., 0.]), colorSpace='rgb', contrast=1.0, depth=0.0, flipHoriz=False, flipVert=False, font='Open Sans', fontFiles=[], height=0.05, italic=False, languageStyle='LTR', name='Welcometext', opacity=0, ori=0.0, pos=array([0., 0.]), rgb=UNKNOWN, text='Welcome\nPlease press Spacebar to start', units='height', win=Window(...), wrapWidth=1)
11.9333 	EXP 	Created text = TextStim(__class__=<class 'psychopy.visual.text.TextStim'>, alignHoriz=method-wrapper(...), alignText='center', alignVert=method-wrapper(...), anchorHoriz='center', anchorVert='center', antialias=True, autoLog=True, bold=False, color=array([1., 1., 1.]), colorSpace='rgb', contrast=1.0, depth=0.0, flipHoriz=False, flipVert=False, font='Open Sans', fontFiles=[], height=0.05, italic=False, languageStyle='LTR', name='text', opacity=1, ori=0.0, pos=array([0., 0.]), rgb=UNKNOWN, text=str(...), units='height', win=Window(...), wrapWidth=1)
11.9339 	EXP 	Created sequence: random, trialTypes=1, nReps=5, seed=None
11.9340 	EXP 	New trial (rep=0, index=0): None
11.9375 	DATA 	Keypress: space
11.9421 	EXP 	Welcometext: autoDraw = True
13.2700 	EXP 	Created unnamed Rect = Rect(__class__=<class 'psychopy.visual.rect.Rect'>, autoDraw=False, autoLog=True, closeShape=True, color=method-wrapper(...), colorSpace='rgb', contrast=None, depth=0, fillColor=array([ 1, -1, -1]), fillColorSpace='rgb', fillRGB=array([ 1, -1, -1]), interpolate=True, lineColor=array([-1., -1.,  1.]), lineColorSpace='rgb', lineRGB=array([-1, -1,  1]), lineWidth=1.5, name='unnamed Rect', opacity=1, ori=0.0, pos=array([0., 0.]), size=array([1000.,  700.]), units='pix', vertices=ndarray(...), win=Window(...))
13.2726 	EXP 	Created unnamed Rect = Rect(__class__=<class 'psychopy.visual.rect.Rect'>, autoDraw=False, autoLog=True, closeShape=True, color=method-wrapper(...), colorSpace='rgb', contrast=None, depth=0, fillColor=array([-1, -1, -1]), fillColorSpace='rgb', fillRGB=array([-1, -1, -1]), interpolate=True, lineColor=array([-1., -1.,  1.]), lineColorSpace='rgb', lineRGB=array([-1, -1,  1]), lineWidth=1.5, name='unnamed Rect', opacity=1, ori=0.0, pos=array([0., 0.]), size=array([400., 600.]), units='pix', vertices=ndarray(...), win=Window(...))
13.2748 	EXP 	Created unnamed Rect = Rect(__class__=<class 'psychopy.visual.rect.Rect'>, autoDraw=False, autoLog=True, closeShape=True, color=method-wrapper(...), colorSpace='rgb', contrast=None, depth=0, fillColor=array([-1, -1, -1]), fillColorSpace='rgb', fillRGB=array([-1, -1, -1]), interpolate=True, lineColor=array([-1., -1.,  1.]), lineColorSpace='rgb', lineRGB=array([-1, -1,  1]), lineWidth=1.5, name='unnamed Rect', opacity=1, ori=0.0, pos=array([0., 0.]), size=array([400., 600.]), units='pix', vertices=ndarray(...), win=Window(...))
13.2777 	EXP 	Created unnamed Rect = Rect(__class__=<class 'psychopy.visual.rect.Rect'>, autoDraw=False, autoLog=True, closeShape=True, color=method-wrapper(...), colorSpace='rgb', contrast=None, depth=0, fillColor=array([ 1,  1, -1]), fillColorSpace='rgb', fillRGB=array([ 1,  1, -1]), interpolate=True, lineColor=array([0., 0., 0.]), lineColorSpace='rgb', lineRGB=array([0, 0, 0]), lineWidth=1.5, name='unnamed Rect', opacity=0.5, ori=0.0, pos=array([0., 0.]), size=array([30., 30.]), units='pix', vertices=ndarray(...), win=Window(...))
13.2805 	EXP 	Created unnamed Rect = Rect(__class__=<class 'psychopy.visual.rect.Rect'>, autoDraw=False, autoLog=True, closeShape=True, color=method-wrapper(...), colorSpace='rgb', contrast=None, depth=0, fillColor=array([ 1,  1, -1]), fillColorSpace='rgb', fillRGB=array([ 1,  1, -1]), interpolate=True, lineColor=array([0., 0., 0.]), lineColorSpace='rgb', lineRGB=array([0, 0, 0]), lineWidth=1.5, name='unnamed Rect', opacity=0.5, ori=0.0, pos=array([0., 0.]), size=array([30., 30.]), units='pix', vertices=ndarray(...), win=Window(...))
13.2834 	EXP 	Created unnamed Rect = Rect(__class__=<class 'psychopy.visual.rect.Rect'>, autoDraw=False, autoLog=True, closeShape=True, color=method-wrapper(...), colorSpace='rgb', contrast=None, depth=0, fillColor=array([ 1,  1, -1]), fillColorSpace='rgb', fillRGB=array([ 1,  1, -1]), interpolate=True, lineColor=array([0., 0., 0.]), lineColorSpace='rgb', lineRGB=array([0, 0, 0]), lineWidth=1.5, name='unnamed Rect', opacity=0.5, ori=0.0, pos=array([0., 0.]), size=array([30., 30.]), units='pix', vertices=ndarray(...), win=Window(...))
13.2859 	EXP 	Created unnamed Rect = Rect(__class__=<class 'psychopy.visual.rect.Rect'>, autoDraw=False, autoLog=True, closeShape=True, color=method-wrapper(...), colorSpace='rgb', contrast=None, depth=0, fillColor=array([ 1,  1, -1]), fillColorSpace='rgb', fillRGB=array([ 1,  1, -1]), interpolate=True, lineColor=array([0., 0., 0.]), lineColorSpace='rgb', lineRGB=array([0, 0, 0]), lineWidth=1.5, name='unnamed Rect', opacity=0.5, ori=0.0, pos=array([0., 0.]), size=array([30., 30.]), units='pix', vertices=ndarray(...), win=Window(...))
13.2882 	EXP 	Created unnamed Rect = Rect(__class__=<class 'psychopy.visual.rect.Rect'>, autoDraw=False, autoLog=True, closeShape=True, color=method-wrapper(...), colorSpace='rgb', contrast=None, depth=0, fillColor=array([ 1,  1, -1]), fillColorSpace='rgb', fillRGB=array([ 1,  1, -1]), interpolate=True, lineColor=array([0., 0., 0.]), lineColorSpace='rgb', lineRGB=array([0, 0, 0]), lineWidth=1.5, name='unnamed Rect', opacity=0.5, ori=0.0, pos=array([0., 0.]), size=array([30., 30.]), units='pix', vertices=ndarray(...), win=Window(...))
13.2905 	EXP 	Created unnamed Rect = Rect(__class__=<class 'psychopy.visual.rect.Rect'>, autoDraw=False, autoLog=True, closeShape=True, color=method-wrapper(...), colorSpace='rgb', contrast=None, depth=0, fillColor=array([ 1,  1, -1]), fillColorSpace='rgb', fillRGB=array([ 1,  1, -1]), interpolate=True, lineColor=array([0., 0., 0.]), lineColorSpace='rgb', lineRGB=array([0, 0, 0]), lineWidth=1.5, name='unnamed Rect', opacity=0.5, ori=0.0, pos=array([0., 0.]), size=array([30., 30.]), units='pix', vertices=ndarray(...), win=Window(...))
13.2929 	EXP 	Created unnamed Rect = Rect(__class__=<class 'psychopy.visual.rect.Rect'>, autoDraw=False, autoLog=True, closeShape=True, color=method-wrapper(...), colorSpace='rgb', contrast=None, depth=0, fillColor=array([ 1,  1, -1]), fillColorSpace='rgb', fillRGB=array([ 1,  1, -1]), interpolate=True, lineColor=array([0., 0., 0.]), lineColorSpace='rgb', lineRGB=array([0, 0, 0]), lineWidth=1.5, name='unnamed Rect', opacity=0.5, ori=0.0, pos=array([0., 0.]), size=array([30., 30.]), units='pix', vertices=ndarray(...), win=Window(...))
13.3347 	EXP 	Created unnamed ImageStim = ImageStim(__class__=<class 'psychopy.visual.image.ImageStim'>, autoLog=True, color=array([1., 1., 1.]), colorSpace='rgb', contrast=1.0, depth=0, flipHoriz=False, flipVert=False, image='tree.png', interpolate=False, mask=None, maskParams=None, name='unnamed ImageStim', opacity=1, ori=0.0, pos=array([0., 0.]), size=array([512, 512]), texRes=128, units='pix', win=Window(...))
13.3549 	EXP 	Created unnamed ImageStim = ImageStim(__class__=<class 'psychopy.visual.image.ImageStim'>, autoLog=True, color=array([1., 1., 1.]), colorSpace='rgb', contrast=1.0, depth=0, flipHoriz=False, flipVert=False, image='tree.png', interpolate=False, mask=None, maskParams=None, name='unnamed ImageStim', opacity=1, ori=0.0, pos=array([0., 0.]), size=array([512, 512]), texRes=128, units='pix', win=Window(...))
13.3734 	EXP 	Created unnamed ImageStim = ImageStim(__class__=<class 'psychopy.visual.image.ImageStim'>, autoLog=True, color=array([1., 1., 1.]), colorSpace='rgb', contrast=1.0, depth=0, flipHoriz=False, flipVert=False, image='tree.png', interpolate=False, mask=None, maskParams=None, name='unnamed ImageStim', opacity=1, ori=0.0, pos=array([0., 0.]), size=array([512, 512]), texRes=128, units='pix', win=Window(...))
13.3910 	EXP 	Created unnamed ImageStim = ImageStim(__class__=<class 'psychopy.visual.image.ImageStim'>, autoLog=True, color=array([1., 1., 1.]), colorSpace='rgb', contrast=1.0, depth=0, flipHoriz=False, flipVert=False, image='tree.png', interpolate=False, mask=None, maskParams=None, name='unnamed ImageStim', opacity=1, ori=0.0, pos=array([0., 0.]), size=array([512, 512]), texRes=128, units='pix', win=Window(...))
13.4089 	EXP 	Created unnamed ImageStim = ImageStim(__class__=<class 'psychopy.visual.image.ImageStim'>, autoLog=True, color=array([1., 1., 1.]), colorSpace='rgb', contrast=1.0, depth=0, flipHoriz=False, flipVert=False, image='tree.png', interpolate=False, mask=None, maskParams=None, name='unnamed ImageStim', opacity=1, ori=0.0, pos=array([0., 0.]), size=array([512, 512]), texRes=128, units='pix', win=Window(...))
13.4267 	EXP 	Created unnamed ImageStim = ImageStim(__class__=<class 'psychopy.visual.image.ImageStim'>, autoLog=True, color=array([1., 1., 1.]), colorSpace='rgb', contrast=1.0, depth=0, flipHoriz=False, flipVert=False, image='tree.png', interpolate=False, mask=None, maskParams=None, name='unnamed ImageStim', opacity=1, ori=0.0, pos=array([0., 0.]), size=array([512, 512]), texRes=128, units='pix', win=Window(...))
13.4391 	DATA 	Keypress: space
13.4448 	EXP 	Welcometext: autoDraw = False
13.4448 	EXP 	unnamed Rect: pos = [-250, 0]
13.4448 	EXP 	unnamed Rect: pos = [250, 0]
13.4448 	EXP 	unnamed Rect: pos = [-146.6380140580281, -73.97993127876157]
13.4448 	EXP 	unnamed Rect: pos = [-104.74717236196668, -256.9081684456565]
13.4448 	EXP 	unnamed Rect: pos = [111.10856081041561, 9.425331378373196]
13.4448 	EXP 	unnamed Rect: pos = [378.9024349927393, -179.56286607434933]
13.4448 	EXP 	unnamed Rect: pos = [403.0121514079116, 136.47264474152655]
13.4448 	EXP 	unnamed Rect: pos = [352.6916332871242, -101.0372063510171]
13.4448 	EXP 	unnamed Rect: pos = [375.44505084334344, -177.7917217051687]
13.4448 	EXP 	unnamed ImageStim: size = [128.0, 128.0]
13.4448 	EXP 	unnamed ImageStim: size = [128.0, 128.0]
13.4448 	EXP 	unnamed ImageStim: size = [128.0, 128.0]
13.4448 	EXP 	unnamed ImageStim: size = [128.0, 128.0]
13.4448 	EXP 	unnamed ImageStim: size = [128.0, 128.0]
13.4448 	EXP 	unnamed ImageStim: size = [128.0, 128.0]
13.4448 	EXP 	unnamed ImageStim: pos = [61.078178338958836, -66.83491422068859]
13.4448 	EXP 	unnamed ImageStim: pos = [-46.0434337366784, -119.51536008619959]
13.4448 	EXP 	unnamed ImageStim: pos = [-188.92182166104118, -66.83491422068859]
13.4448 	EXP 	unnamed ImageStim: pos = [311.0781783389588, -66.83491422068859]
13.4448 	EXP 	unnamed ImageStim: pos = [-296.0434337366784, -119.51536008619959]
13.4448 	EXP 	unnamed ImageStim: pos = [203.9565662633216, -119.51536008619959]
15.9934 	DATA 	Keypress: right
19.0846 	EXP 	Created unnamed Rect = Rect(__class__=<class 'psychopy.visual.rect.Rect'>, autoDraw=False, autoLog=True, closeShape=True, color=method-wrapper(...), colorSpace='rgb', contrast=None, depth=0, fillColor=array([-1, -1, -1]), fillColorSpace='rgb', fillRGB=array([-1, -1, -1]), interpolate=True, lineColor=array([-1., -1.,  1.]), lineColorSpace='rgb', lineRGB=array([-1, -1,  1]), lineWidth=1.5, name='unnamed Rect', opacity=1, ori=0.0, pos=array([0., 0.]), size=array([400., 600.]), units='pix', vertices=ndarray(...), win=Window(...))
19.0900 	EXP 	Created unnamed Rect = Rect(__class__=<class 'psychopy.visual.rect.Rect'>, autoDraw=False, autoLog=True, closeShape=True, color=method-wrapper(...), colorSpace='rgb', contrast=None, depth=0, fillColor=array([-1, -1, -1]), fillColorSpace='rgb', fillRGB=array([-1, -1, -1]), interpolate=True, lineColor=array([-1., -1.,  1.]), lineColorSpace='rgb', lineRGB=array([-1, -1,  1]), lineWidth=1.5, name='unnamed Rect', opacity=1, ori=0.0, pos=array([0., 0.]), size=array([400., 600.]), units='pix', vertices=ndarray(...), win=Window(...))
19.0920 	DATA 	Keypress: right
19.1032 	EXP 	unnamed Rect: pos = array([-138.89143919,    9.42533138])
19.1032 	EXP 	unnamed Rect: pos = array([ 128.90243499, -179.56286607])
19.1032 	EXP 	unnamed Rect: pos = array([153.01215141, 136.47264474])
19.1032 	EXP 	unnamed Rect: pos = array([ 102.69163329, -101.03720635])
19.1032 	EXP 	unnamed Rect: pos = array([ 125.44505084, -177.79172171])
19.1032 	EXP 	unnamed Rect: pos = array([153.01215141, 136.47264474])
19.1138 	EXP 	unnamed Rect: pos = array([153.01215141, 136.47264474])
19.1289 	EXP 	unnamed Rect: pos = array([153.01215141, 136.47264474])
19.1456 	EXP 	unnamed Rect: pos = array([153.01215141, 136.47264474])
19.1623 	EXP 	unnamed Rect: pos = array([153.01215141, 136.47264474])
19.1790 	EXP 	unnamed Rect: pos = array([153.01215141, 136.47264474])
19.1956 	EXP 	unnamed Rect: pos = array([153.01215141, 136.47264474])
19.2125 	EXP 	unnamed Rect: pos = array([153.01215141, 136.47264474])
19.2301 	EXP 	unnamed Rect: pos = array([153.01215141, 136.47264474])
19.2459 	EXP 	unnamed Rect: pos = array([153.01215141, 136.47264474])
19.2621 	EXP 	unnamed Rect: pos = array([153.01215141, 136.47264474])
19.2789 	EXP 	unnamed Rect: pos = array([153.01215141, 136.47264474])
19.2955 	EXP 	unnamed Rect: pos = array([153.01215141, 136.47264474])
19.3121 	EXP 	unnamed Rect: pos = array([153.01215141, 136.47264474])
19.3287 	EXP 	unnamed Rect: pos = array([153.01215141, 136.47264474])
19.3456 	EXP 	unnamed Rect: pos = array([153.01215141, 136.47264474])
19.3621 	EXP 	unnamed Rect: pos = array([153.01215141, 136.47264474])
19.3788 	EXP 	unnamed Rect: pos = array([153.01215141, 136.47264474])
19.3953 	EXP 	unnamed Rect: pos = array([153.01215141, 136.47264474])
19.4121 	EXP 	unnamed Rect: pos = array([153.01215141, 136.47264474])
19.4287 	EXP 	unnamed Rect: pos = array([153.01215141, 136.47264474])
19.4459 	EXP 	unnamed Rect: pos = array([153.01215141, 136.47264474])
19.4621 	EXP 	unnamed Rect: pos = array([153.01215141, 136.47264474])
19.4788 	EXP 	unnamed Rect: pos = array([153.01215141, 136.47264474])
19.4956 	EXP 	unnamed Rect: pos = array([153.01215141, 136.47264474])
19.5124 	EXP 	unnamed Rect: pos = array([153.01215141, 136.47264474])
19.5290 	EXP 	unnamed Rect: pos = array([153.01215141, 136.47264474])
19.5456 	EXP 	unnamed Rect: pos = array([153.01215141, 136.47264474])
19.5621 	EXP 	unnamed Rect: pos = array([153.01215141, 136.47264474])
19.5798 	EXP 	unnamed Rect: pos = array([153.01215141, 136.47264474])
19.5954 	EXP 	unnamed Rect: pos = array([153.01215141, 136.47264474])
19.6124 	EXP 	unnamed Rect: pos = array([153.01215141, 136.47264474])
19.6288 	EXP 	unnamed Rect: pos = array([153.01215141, 136.47264474])
19.6455 	EXP 	unnamed Rect: pos = array([153.01215141, 136.47264474])
19.6622 	EXP 	unnamed Rect: pos = array([153.01215141, 136.47264474])
19.6799 	EXP 	unnamed Rect: pos = array([153.01215141, 136.47264474])
19.6963 	EXP 	unnamed Rect: pos = array([153.01215141, 136.47264474])
19.7124 	EXP 	unnamed Rect: pos = array([153.01215141, 136.47264474])
19.7289 	EXP 	unnamed Rect: pos = array([153.01215141, 136.47264474])
19.7456 	EXP 	unnamed Rect: pos = array([153.01215141, 136.47264474])
19.7625 	EXP 	unnamed Rect: pos = array([153.01215141, 136.47264474])
19.7634 	DATA 	Keypress: up
19.7791 	EXP 	unnamed Rect: pos = array([153.01215141, 146.47264474])
19.7957 	EXP 	unnamed Rect: pos = array([153.01215141, 146.47264474])
19.8123 	EXP 	unnamed Rect: pos = array([153.01215141, 146.47264474])
19.8293 	EXP 	unnamed Rect: pos = array([153.01215141, 146.47264474])
19.8455 	EXP 	unnamed Rect: pos = array([153.01215141, 146.47264474])
19.8634 	EXP 	unnamed Rect: pos = array([153.01215141, 146.47264474])
19.8788 	EXP 	unnamed Rect: pos = array([153.01215141, 146.47264474])
19.8955 	EXP 	unnamed Rect: pos = array([153.01215141, 146.47264474])
19.9122 	EXP 	unnamed Rect: pos = array([153.01215141, 146.47264474])
19.9291 	EXP 	unnamed Rect: pos = array([153.01215141, 146.47264474])
19.9455 	EXP 	unnamed Rect: pos = array([153.01215141, 146.47264474])
19.9494 	DATA 	Keypress: up
19.9633 	EXP 	unnamed Rect: pos = array([153.01215141, 146.47264474])
19.9787 	EXP 	unnamed Rect: pos = array([153.01215141, 156.47264474])
19.9954 	EXP 	unnamed Rect: pos = array([153.01215141, 156.47264474])
20.0123 	EXP 	unnamed Rect: pos = array([153.01215141, 156.47264474])
20.0287 	EXP 	unnamed Rect: pos = array([153.01215141, 156.47264474])
20.0464 	EXP 	unnamed Rect: pos = array([153.01215141, 156.47264474])
20.0622 	EXP 	unnamed Rect: pos = array([153.01215141, 156.47264474])
20.0787 	EXP 	unnamed Rect: pos = array([153.01215141, 156.47264474])
20.0959 	EXP 	unnamed Rect: pos = array([153.01215141, 156.47264474])
20.1126 	EXP 	unnamed Rect: pos = array([153.01215141, 156.47264474])
20.1297 	EXP 	unnamed Rect: pos = array([153.01215141, 156.47264474])
20.1305 	DATA 	Keypress: up
20.1455 	EXP 	unnamed Rect: pos = array([153.01215141, 166.47264474])
20.1621 	EXP 	unnamed Rect: pos = array([153.01215141, 166.47264474])
20.1792 	EXP 	unnamed Rect: pos = array([153.01215141, 166.47264474])
20.1955 	EXP 	unnamed Rect: pos = array([153.01215141, 166.47264474])
20.2126 	EXP 	unnamed Rect: pos = array([153.01215141, 166.47264474])
20.2291 	EXP 	unnamed Rect: pos = array([153.01215141, 166.47264474])
20.2458 	EXP 	unnamed Rect: pos = array([153.01215141, 166.47264474])
20.2624 	EXP 	unnamed Rect: pos = array([153.01215141, 166.47264474])
20.2799 	EXP 	unnamed Rect: pos = array([153.01215141, 166.47264474])
20.2955 	EXP 	unnamed Rect: pos = array([153.01215141, 166.47264474])
20.3130 	EXP 	unnamed Rect: pos = array([153.01215141, 166.47264474])
20.3138 	DATA 	Keypress: up
20.3288 	EXP 	unnamed Rect: pos = array([153.01215141, 176.47264474])
20.3454 	EXP 	unnamed Rect: pos = array([153.01215141, 176.47264474])
20.3622 	EXP 	unnamed Rect: pos = array([153.01215141, 176.47264474])
20.3798 	EXP 	unnamed Rect: pos = array([153.01215141, 176.47264474])
20.3956 	EXP 	unnamed Rect: pos = array([153.01215141, 176.47264474])
20.4121 	EXP 	unnamed Rect: pos = array([153.01215141, 176.47264474])
20.4291 	EXP 	unnamed Rect: pos = array([153.01215141, 176.47264474])
20.4455 	EXP 	unnamed Rect: pos = array([153.01215141, 176.47264474])
20.4629 	EXP 	unnamed Rect: pos = array([153.01215141, 176.47264474])
20.4637 	DATA 	Keypress: left
20.4787 	EXP 	unnamed Rect: pos = array([143.01215141, 176.47264474])
20.4954 	EXP 	unnamed Rect: pos = array([143.01215141, 176.47264474])
20.5127 	EXP 	unnamed Rect: pos = array([143.01215141, 176.47264474])
20.5289 	EXP 	unnamed Rect: pos = array([143.01215141, 176.47264474])
20.5455 	EXP 	unnamed Rect: pos = array([143.01215141, 176.47264474])
20.5632 	EXP 	unnamed Rect: pos = array([143.01215141, 176.47264474])
20.5794 	EXP 	unnamed Rect: pos = array([143.01215141, 176.47264474])
20.5956 	EXP 	unnamed Rect: pos = array([143.01215141, 176.47264474])
20.6127 	EXP 	unnamed Rect: pos = array([143.01215141, 176.47264474])
20.6289 	EXP 	unnamed Rect: pos = array([143.01215141, 176.47264474])
20.6327 	DATA 	Keypress: left
20.6465 	EXP 	unnamed Rect: pos = array([143.01215141, 176.47264474])
20.6624 	EXP 	unnamed Rect: pos = array([133.01215141, 176.47264474])
20.6791 	EXP 	unnamed Rect: pos = array([133.01215141, 176.47264474])
20.6963 	EXP 	unnamed Rect: pos = array([133.01215141, 176.47264474])
20.7126 	EXP 	unnamed Rect: pos = array([133.01215141, 176.47264474])
20.7290 	EXP 	unnamed Rect: pos = array([133.01215141, 176.47264474])
20.7459 	EXP 	unnamed Rect: pos = array([133.01215141, 176.47264474])
20.7623 	EXP 	unnamed Rect: pos = array([133.01215141, 176.47264474])
20.7788 	EXP 	unnamed Rect: pos = array([133.01215141, 176.47264474])
20.7960 	EXP 	unnamed Rect: pos = array([133.01215141, 176.47264474])
20.7967 	DATA 	Keypress: left
20.8130 	EXP 	unnamed Rect: pos = array([123.01215141, 176.47264474])
20.8291 	EXP 	unnamed Rect: pos = array([123.01215141, 176.47264474])
20.8459 	EXP 	unnamed Rect: pos = array([123.01215141, 176.47264474])
20.8621 	EXP 	unnamed Rect: pos = array([123.01215141, 176.47264474])
20.8788 	EXP 	unnamed Rect: pos = array([123.01215141, 176.47264474])
20.8965 	EXP 	unnamed Rect: pos = array([123.01215141, 176.47264474])
20.9124 	EXP 	unnamed Rect: pos = array([123.01215141, 176.47264474])
20.9291 	EXP 	unnamed Rect: pos = array([123.01215141, 176.47264474])
20.9456 	EXP 	unnamed Rect: pos = array([123.01215141, 176.47264474])
20.9621 	EXP 	unnamed Rect: pos = array([123.01215141, 176.47264474])
20.9793 	EXP 	unnamed Rect: pos = array([123.01215141, 176.47264474])
20.9801 	DATA 	Keypress: left
20.9964 	EXP 	unnamed Rect: pos = array([113.01215141, 176.47264474])
21.0121 	EXP 	unnamed Rect: pos = array([113.01215141, 176.47264474])
21.0288 	EXP 	unnamed Rect: pos = array([113.01215141, 176.47264474])
21.0454 	EXP 	unnamed Rect: pos = array([113.01215141, 176.47264474])
21.0624 	EXP 	unnamed Rect: pos = array([113.01215141, 176.47264474])
21.0790 	EXP 	unnamed Rect: pos = array([113.01215141, 176.47264474])
21.0956 	EXP 	unnamed Rect: pos = array([113.01215141, 176.47264474])
21.1126 	EXP 	unnamed Rect: pos = array([113.01215141, 176.47264474])
21.1291 	EXP 	unnamed Rect: pos = array([113.01215141, 176.47264474])
21.1455 	EXP 	unnamed Rect: pos = array([113.01215141, 176.47264474])
21.1626 	EXP 	unnamed Rect: pos = array([113.01215141, 176.47264474])
21.1634 	DATA 	Keypress: left
21.1791 	EXP 	unnamed Rect: pos = array([103.01215141, 176.47264474])
21.1957 	EXP 	unnamed Rect: pos = array([103.01215141, 176.47264474])
21.2125 	EXP 	unnamed Rect: pos = array([103.01215141, 176.47264474])
21.2288 	EXP 	unnamed Rect: pos = array([103.01215141, 176.47264474])
21.2465 	EXP 	unnamed Rect: pos = array([103.01215141, 176.47264474])
21.2624 	EXP 	unnamed Rect: pos = array([103.01215141, 176.47264474])
21.2789 	EXP 	unnamed Rect: pos = array([103.01215141, 176.47264474])
21.2958 	EXP 	unnamed Rect: pos = array([103.01215141, 176.47264474])
21.3122 	EXP 	unnamed Rect: pos = array([103.01215141, 176.47264474])
21.3288 	EXP 	unnamed Rect: pos = array([103.01215141, 176.47264474])
21.3464 	EXP 	unnamed Rect: pos = array([103.01215141, 176.47264474])
21.3472 	DATA 	Keypress: left
21.3623 	EXP 	unnamed Rect: pos = array([ 93.01215141, 176.47264474])
21.3791 	EXP 	unnamed Rect: pos = array([ 93.01215141, 176.47264474])
21.3955 	EXP 	unnamed Rect: pos = array([ 93.01215141, 176.47264474])
21.4125 	EXP 	unnamed Rect: pos = array([ 93.01215141, 176.47264474])
21.4297 	EXP 	unnamed Rect: pos = array([ 93.01215141, 176.47264474])
21.4455 	EXP 	unnamed Rect: pos = array([ 93.01215141, 176.47264474])
21.4621 	EXP 	unnamed Rect: pos = array([ 93.01215141, 176.47264474])
21.4786 	EXP 	unnamed Rect: pos = array([ 93.01215141, 176.47264474])
21.4955 	EXP 	unnamed Rect: pos = array([ 93.01215141, 176.47264474])
21.5130 	EXP 	unnamed Rect: pos = array([ 93.01215141, 176.47264474])
21.5293 	EXP 	unnamed Rect: pos = array([ 93.01215141, 176.47264474])
21.5303 	DATA 	Keypress: down
21.5458 	EXP 	unnamed Rect: pos = array([ 93.01215141, 166.47264474])
21.5468 	DATA 	Keypress: left
21.5622 	EXP 	unnamed Rect: pos = array([ 83.01215141, 166.47264474])
21.5793 	EXP 	unnamed Rect: pos = array([ 83.01215141, 166.47264474])
21.5957 	EXP 	unnamed Rect: pos = array([ 83.01215141, 166.47264474])
21.6125 	EXP 	unnamed Rect: pos = array([ 83.01215141, 166.47264474])
21.6295 	EXP 	unnamed Rect: pos = array([ 83.01215141, 166.47264474])
21.6453 	EXP 	unnamed Rect: pos = array([ 83.01215141, 166.47264474])
21.6624 	EXP 	unnamed Rect: pos = array([ 83.01215141, 166.47264474])
21.6631 	DATA 	Keypress: left
21.6792 	EXP 	unnamed Rect: pos = array([ 73.01215141, 166.47264474])
21.6955 	EXP 	unnamed Rect: pos = array([ 73.01215141, 166.47264474])
21.7125 	EXP 	unnamed Rect: pos = array([ 73.01215141, 166.47264474])
21.7288 	EXP 	unnamed Rect: pos = array([ 73.01215141, 166.47264474])
21.7459 	EXP 	unnamed Rect: pos = array([ 73.01215141, 166.47264474])
21.7632 	EXP 	unnamed Rect: pos = array([ 73.01215141, 166.47264474])
21.7792 	EXP 	unnamed Rect: pos = array([ 73.01215141, 166.47264474])
21.7953 	EXP 	unnamed Rect: pos = array([ 73.01215141, 166.47264474])
21.8120 	EXP 	unnamed Rect: pos = array([ 73.01215141, 166.47264474])
21.8293 	EXP 	unnamed Rect: pos = array([ 73.01215141, 166.47264474])
21.8300 	DATA 	Keypress: left
21.8461 	EXP 	unnamed Rect: pos = array([ 63.01215141, 166.47264474])
21.8620 	EXP 	unnamed Rect: pos = array([ 63.01215141, 166.47264474])
21.8788 	EXP 	unnamed Rect: pos = array([ 63.01215141, 166.47264474])
21.8954 	EXP 	unnamed Rect: pos = array([ 63.01215141, 166.47264474])
21.9132 	EXP 	unnamed Rect: pos = array([ 63.01215141, 166.47264474])
21.9288 	EXP 	unnamed Rect: pos = array([ 63.01215141, 166.47264474])
21.9452 	EXP 	unnamed Rect: pos = array([ 63.01215141, 166.47264474])
21.9623 	EXP 	unnamed Rect: pos = array([ 63.01215141, 166.47264474])
21.9797 	EXP 	unnamed Rect: pos = array([ 63.01215141, 166.47264474])
21.9963 	EXP 	unnamed Rect: pos = array([ 63.01215141, 166.47264474])
21.9970 	DATA 	Keypress: left
22.0119 	EXP 	unnamed Rect: pos = array([ 53.01215141, 166.47264474])
22.0287 	EXP 	unnamed Rect: pos = array([ 53.01215141, 166.47264474])
22.0453 	EXP 	unnamed Rect: pos = array([ 53.01215141, 166.47264474])
22.0625 	EXP 	unnamed Rect: pos = array([ 53.01215141, 166.47264474])
22.0797 	EXP 	unnamed Rect: pos = array([ 53.01215141, 166.47264474])
22.0953 	EXP 	unnamed Rect: pos = array([ 53.01215141, 166.47264474])
22.1120 	EXP 	unnamed Rect: pos = array([ 53.01215141, 166.47264474])
22.1288 	EXP 	unnamed Rect: pos = array([ 53.01215141, 166.47264474])
22.1452 	EXP 	unnamed Rect: pos = array([ 53.01215141, 166.47264474])
22.1630 	EXP 	unnamed Rect: pos = array([ 53.01215141, 166.47264474])
22.1638 	DATA 	Keypress: left
22.1787 	EXP 	unnamed Rect: pos = array([ 43.01215141, 166.47264474])
22.1954 	EXP 	unnamed Rect: pos = array([ 43.01215141, 166.47264474])
22.2123 	EXP 	unnamed Rect: pos = array([ 43.01215141, 166.47264474])
22.2294 	EXP 	unnamed Rect: pos = array([ 43.01215141, 166.47264474])
22.2460 	EXP 	unnamed Rect: pos = array([ 43.01215141, 166.47264474])
22.2620 	EXP 	unnamed Rect: pos = array([ 43.01215141, 166.47264474])
22.2793 	EXP 	unnamed Rect: pos = array([ 43.01215141, 166.47264474])
22.2958 	EXP 	unnamed Rect: pos = array([ 43.01215141, 166.47264474])
22.2966 	DATA 	Keypress: down
22.3132 	EXP 	unnamed Rect: pos = array([ 43.01215141, 156.47264474])
22.3288 	EXP 	unnamed Rect: pos = array([ 43.01215141, 156.47264474])
22.3456 	EXP 	unnamed Rect: pos = array([ 43.01215141, 156.47264474])
22.3621 	EXP 	unnamed Rect: pos = array([ 43.01215141, 156.47264474])
22.3794 	EXP 	unnamed Rect: pos = array([ 43.01215141, 156.47264474])
22.3960 	EXP 	unnamed Rect: pos = array([ 43.01215141, 156.47264474])
22.4121 	EXP 	unnamed Rect: pos = array([ 43.01215141, 156.47264474])
22.4287 	EXP 	unnamed Rect: pos = array([ 43.01215141, 156.47264474])
22.4454 	EXP 	unnamed Rect: pos = array([ 43.01215141, 156.47264474])
22.4620 	EXP 	unnamed Rect: pos = array([ 43.01215141, 156.47264474])
22.4795 	EXP 	unnamed Rect: pos = array([ 43.01215141, 156.47264474])
22.4966 	EXP 	unnamed Rect: pos = array([ 43.01215141, 156.47264474])
22.5120 	EXP 	unnamed Rect: pos = array([ 43.01215141, 156.47264474])
22.5289 	EXP 	unnamed Rect: pos = array([ 43.01215141, 156.47264474])
22.5458 	EXP 	unnamed Rect: pos = array([ 43.01215141, 156.47264474])
22.5622 	EXP 	unnamed Rect: pos = array([ 43.01215141, 156.47264474])
22.5794 	EXP 	unnamed Rect: pos = array([ 43.01215141, 156.47264474])
22.5955 	EXP 	unnamed Rect: pos = array([ 43.01215141, 156.47264474])
22.6119 	EXP 	unnamed Rect: pos = array([ 43.01215141, 156.47264474])
22.6290 	EXP 	unnamed Rect: pos = array([ 43.01215141, 156.47264474])
22.6333 	DATA 	Keypress: down
22.6466 	EXP 	unnamed Rect: pos = array([ 43.01215141, 156.47264474])
22.6622 	EXP 	unnamed Rect: pos = array([ 43.01215141, 146.47264474])
22.6793 	EXP 	unnamed Rect: pos = array([ 43.01215141, 146.47264474])
22.6954 	EXP 	unnamed Rect: pos = array([ 43.01215141, 146.47264474])
22.7125 	EXP 	unnamed Rect: pos = array([ 43.01215141, 146.47264474])
22.7296 	EXP 	unnamed Rect: pos = array([ 43.01215141, 146.47264474])
22.7454 	EXP 	unnamed Rect: pos = array([ 43.01215141, 146.47264474])
22.7625 	EXP 	unnamed Rect: pos = array([ 43.01215141, 146.47264474])
22.7788 	EXP 	unnamed Rect: pos = array([ 43.01215141, 146.47264474])
22.7954 	EXP 	unnamed Rect: pos = array([ 43.01215141, 146.47264474])
22.8120 	EXP 	unnamed Rect: pos = array([ 43.01215141, 146.47264474])
22.8162 	DATA 	Keypress: left
22.8299 	EXP 	unnamed Rect: pos = array([ 43.01215141, 146.47264474])
22.8453 	EXP 	unnamed Rect: pos = array([ 33.01215141, 146.47264474])
22.8621 	EXP 	unnamed Rect: pos = array([ 33.01215141, 146.47264474])
22.8787 	EXP 	unnamed Rect: pos = array([ 33.01215141, 146.47264474])
22.8954 	EXP 	unnamed Rect: pos = array([ 33.01215141, 146.47264474])
22.9129 	EXP 	unnamed Rect: pos = array([ 33.01215141, 146.47264474])
22.9287 	EXP 	unnamed Rect: pos = array([ 33.01215141, 146.47264474])
22.9458 	EXP 	unnamed Rect: pos = array([ 33.01215141, 146.47264474])
22.9621 	EXP 	unnamed Rect: pos = array([ 33.01215141, 146.47264474])
22.9787 	EXP 	unnamed Rect: pos = array([ 33.01215141, 146.47264474])
22.9959 	EXP 	unnamed Rect: pos = array([ 33.01215141, 146.47264474])
22.9968 	DATA 	Keypress: left
23.0129 	EXP 	unnamed Rect: pos = array([ 23.01215141, 146.47264474])
23.0286 	EXP 	unnamed Rect: pos = array([ 23.01215141, 146.47264474])
23.0460 	EXP 	unnamed Rect: pos = array([ 23.01215141, 146.47264474])
23.0629 	EXP 	unnamed Rect: pos = array([ 23.01215141, 146.47264474])
23.0793 	EXP 	unnamed Rect: pos = array([ 23.01215141, 146.47264474])
23.0964 	EXP 	unnamed Rect: pos = array([ 23.01215141, 146.47264474])
23.1122 	EXP 	unnamed Rect: pos = array([ 23.01215141, 146.47264474])
23.1291 	EXP 	unnamed Rect: pos = array([ 23.01215141, 146.47264474])
23.1455 	EXP 	unnamed Rect: pos = array([ 23.01215141, 146.47264474])
23.1621 	EXP 	unnamed Rect: pos = array([ 23.01215141, 146.47264474])
23.1793 	EXP 	unnamed Rect: pos = array([ 23.01215141, 146.47264474])
23.1801 	DATA 	Keypress: left
23.1953 	EXP 	unnamed Rect: pos = array([ 13.01215141, 146.47264474])
23.2120 	EXP 	unnamed Rect: pos = array([ 13.01215141, 146.47264474])
23.2289 	EXP 	unnamed Rect: pos = array([ 13.01215141, 146.47264474])
23.2456 	EXP 	unnamed Rect: pos = array([ 13.01215141, 146.47264474])
23.2629 	EXP 	unnamed Rect: pos = array([ 13.01215141, 146.47264474])
23.2787 	EXP 	unnamed Rect: pos = array([ 13.01215141, 146.47264474])
23.2956 	EXP 	unnamed Rect: pos = array([ 13.01215141, 146.47264474])
23.3125 	EXP 	unnamed Rect: pos = array([ 13.01215141, 146.47264474])
23.3293 	EXP 	unnamed Rect: pos = array([ 13.01215141, 146.47264474])
23.3332 	DATA 	Keypress: down
23.3464 	EXP 	unnamed Rect: pos = array([ 13.01215141, 146.47264474])
23.3621 	EXP 	unnamed Rect: pos = array([ 13.01215141, 136.47264474])
23.3788 	EXP 	unnamed Rect: pos = array([ 13.01215141, 136.47264474])
23.3954 	EXP 	unnamed Rect: pos = array([ 13.01215141, 136.47264474])
23.4120 	EXP 	unnamed Rect: pos = array([ 13.01215141, 136.47264474])
23.4291 	EXP 	unnamed Rect: pos = array([ 13.01215141, 136.47264474])
23.4458 	EXP 	unnamed Rect: pos = array([ 13.01215141, 136.47264474])
23.4632 	EXP 	unnamed Rect: pos = array([ 13.01215141, 136.47264474])
23.4793 	EXP 	unnamed Rect: pos = array([ 13.01215141, 136.47264474])
23.4960 	EXP 	unnamed Rect: pos = array([ 13.01215141, 136.47264474])
23.5120 	EXP 	unnamed Rect: pos = array([ 13.01215141, 136.47264474])
23.5293 	EXP 	unnamed Rect: pos = array([ 13.01215141, 136.47264474])
23.5301 	DATA 	Keypress: down
23.5454 	EXP 	unnamed Rect: pos = array([ 13.01215141, 126.47264474])
23.5626 	EXP 	unnamed Rect: pos = array([ 13.01215141, 126.47264474])
23.5791 	EXP 	unnamed Rect: pos = array([ 13.01215141, 126.47264474])
23.5957 	EXP 	unnamed Rect: pos = array([ 13.01215141, 126.47264474])
23.6119 	EXP 	unnamed Rect: pos = array([ 13.01215141, 126.47264474])
23.6287 	EXP 	unnamed Rect: pos = array([ 13.01215141, 126.47264474])
23.6458 	EXP 	unnamed Rect: pos = array([ 13.01215141, 126.47264474])
23.6625 	EXP 	unnamed Rect: pos = array([ 13.01215141, 126.47264474])
23.6793 	EXP 	unnamed Rect: pos = array([ 13.01215141, 126.47264474])
23.6962 	EXP 	unnamed Rect: pos = array([ 13.01215141, 126.47264474])
23.6970 	DATA 	Keypress: down
23.7131 	EXP 	unnamed Rect: pos = array([ 13.01215141, 116.47264474])
23.7297 	EXP 	unnamed Rect: pos = array([ 13.01215141, 116.47264474])
23.7462 	EXP 	unnamed Rect: pos = array([ 13.01215141, 116.47264474])
23.7630 	EXP 	unnamed Rect: pos = array([ 13.01215141, 116.47264474])
23.7795 	EXP 	unnamed Rect: pos = array([ 13.01215141, 116.47264474])
23.7953 	EXP 	unnamed Rect: pos = array([ 13.01215141, 116.47264474])
23.8121 	EXP 	unnamed Rect: pos = array([ 13.01215141, 116.47264474])
23.8290 	EXP 	unnamed Rect: pos = array([ 13.01215141, 116.47264474])
23.8463 	EXP 	unnamed Rect: pos = array([ 13.01215141, 116.47264474])
23.8471 	DATA 	Keypress: down
23.8620 	EXP 	unnamed Rect: pos = array([ 13.01215141, 106.47264474])
23.8790 	EXP 	unnamed Rect: pos = array([ 13.01215141, 106.47264474])
23.8954 	EXP 	unnamed Rect: pos = array([ 13.01215141, 106.47264474])
23.9129 	EXP 	unnamed Rect: pos = array([ 13.01215141, 106.47264474])
23.9287 	EXP 	unnamed Rect: pos = array([ 13.01215141, 106.47264474])
23.9452 	EXP 	unnamed Rect: pos = array([ 13.01215141, 106.47264474])
23.9619 	EXP 	unnamed Rect: pos = array([ 13.01215141, 106.47264474])
23.9787 	EXP 	unnamed Rect: pos = array([ 13.01215141, 106.47264474])
23.9954 	EXP 	unnamed Rect: pos = array([ 13.01215141, 106.47264474])
24.0128 	EXP 	unnamed Rect: pos = array([ 13.01215141, 106.47264474])
24.0136 	DATA 	Keypress: down
24.0290 	EXP 	unnamed Rect: pos = array([13.01215141, 96.47264474])
24.0454 	EXP 	unnamed Rect: pos = array([13.01215141, 96.47264474])
24.0633 	EXP 	unnamed Rect: pos = array([13.01215141, 96.47264474])
24.0795 	EXP 	unnamed Rect: pos = array([13.01215141, 96.47264474])
24.0954 	EXP 	unnamed Rect: pos = array([13.01215141, 96.47264474])
24.1124 	EXP 	unnamed Rect: pos = array([13.01215141, 96.47264474])
24.1288 	EXP 	unnamed Rect: pos = array([13.01215141, 96.47264474])
24.1455 	EXP 	unnamed Rect: pos = array([13.01215141, 96.47264474])
24.1621 	EXP 	unnamed Rect: pos = array([13.01215141, 96.47264474])
24.1793 	EXP 	unnamed Rect: pos = array([13.01215141, 96.47264474])
24.1801 	DATA 	Keypress: down
24.1959 	EXP 	unnamed Rect: pos = array([13.01215141, 86.47264474])
24.2121 	EXP 	unnamed Rect: pos = array([13.01215141, 86.47264474])
24.2287 	EXP 	unnamed Rect: pos = array([13.01215141, 86.47264474])
24.2466 	EXP 	unnamed Rect: pos = array([13.01215141, 86.47264474])
24.2622 	EXP 	unnamed Rect: pos = array([13.01215141, 86.47264474])
24.2789 	EXP 	unnamed Rect: pos = array([13.01215141, 86.47264474])
24.2954 	EXP 	unnamed Rect: pos = array([13.01215141, 86.47264474])
24.3121 	EXP 	unnamed Rect: pos = array([13.01215141, 86.47264474])
24.3286 	EXP 	unnamed Rect: pos = array([13.01215141, 86.47264474])
24.3459 	EXP 	unnamed Rect: pos = array([13.01215141, 86.47264474])
24.3468 	DATA 	Keypress: down
24.3628 	EXP 	unnamed Rect: pos = array([13.01215141, 76.47264474])
24.3787 	EXP 	unnamed Rect: pos = array([13.01215141, 76.47264474])
24.3956 	EXP 	unnamed Rect: pos = array([13.01215141, 76.47264474])
24.4128 	EXP 	unnamed Rect: pos = array([13.01215141, 76.47264474])
24.4288 	EXP 	unnamed Rect: pos = array([13.01215141, 76.47264474])
24.4456 	EXP 	unnamed Rect: pos = array([13.01215141, 76.47264474])
24.4623 	EXP 	unnamed Rect: pos = array([13.01215141, 76.47264474])
24.4787 	EXP 	unnamed Rect: pos = array([13.01215141, 76.47264474])
24.4958 	EXP 	unnamed Rect: pos = array([13.01215141, 76.47264474])
24.5121 	EXP 	unnamed Rect: pos = array([13.01215141, 76.47264474])
24.5300 	EXP 	unnamed Rect: pos = array([13.01215141, 76.47264474])
24.5309 	DATA 	Keypress: down
24.5457 	EXP 	unnamed Rect: pos = array([13.01215141, 66.47264474])
24.5619 	EXP 	unnamed Rect: pos = array([13.01215141, 66.47264474])
24.5795 	EXP 	unnamed Rect: pos = array([13.01215141, 66.47264474])
24.5955 	EXP 	unnamed Rect: pos = array([13.01215141, 66.47264474])
24.6122 	EXP 	unnamed Rect: pos = array([13.01215141, 66.47264474])
24.6288 	EXP 	unnamed Rect: pos = array([13.01215141, 66.47264474])
24.6454 	EXP 	unnamed Rect: pos = array([13.01215141, 66.47264474])
24.6622 	EXP 	unnamed Rect: pos = array([13.01215141, 66.47264474])
24.6798 	EXP 	unnamed Rect: pos = array([13.01215141, 66.47264474])
24.6806 	DATA 	Keypress: down
24.6961 	EXP 	unnamed Rect: pos = array([13.01215141, 56.47264474])
24.7120 	EXP 	unnamed Rect: pos = array([13.01215141, 56.47264474])
24.7290 	EXP 	unnamed Rect: pos = array([13.01215141, 56.47264474])
24.7462 	EXP 	unnamed Rect: pos = array([13.01215141, 56.47264474])
24.7620 	EXP 	unnamed Rect: pos = array([13.01215141, 56.47264474])
24.7788 	EXP 	unnamed Rect: pos = array([13.01215141, 56.47264474])
24.7956 	EXP 	unnamed Rect: pos = array([13.01215141, 56.47264474])
24.8123 	EXP 	unnamed Rect: pos = array([13.01215141, 56.47264474])
24.8168 	DATA 	Keypress: down
24.8300 	EXP 	unnamed Rect: pos = array([13.01215141, 56.47264474])
24.8454 	EXP 	unnamed Rect: pos = array([13.01215141, 46.47264474])
24.8623 	EXP 	unnamed Rect: pos = array([13.01215141, 46.47264474])
24.8790 	EXP 	unnamed Rect: pos = array([13.01215141, 46.47264474])
24.8957 	EXP 	unnamed Rect: pos = array([13.01215141, 46.47264474])
24.9122 	EXP 	unnamed Rect: pos = array([13.01215141, 46.47264474])
24.9289 	EXP 	unnamed Rect: pos = array([13.01215141, 46.47264474])
24.9459 	EXP 	unnamed Rect: pos = array([13.01215141, 46.47264474])
24.9626 	EXP 	unnamed Rect: pos = array([13.01215141, 46.47264474])
24.9789 	EXP 	unnamed Rect: pos = array([13.01215141, 46.47264474])
24.9957 	EXP 	unnamed Rect: pos = array([13.01215141, 46.47264474])
25.0121 	EXP 	unnamed Rect: pos = array([13.01215141, 46.47264474])
25.0287 	EXP 	unnamed Rect: pos = array([13.01215141, 46.47264474])
25.0455 	EXP 	unnamed Rect: pos = array([13.01215141, 46.47264474])
25.0620 	EXP 	unnamed Rect: pos = array([13.01215141, 46.47264474])
25.0825 	EXP 	unnamed Rect: pos = array([13.01215141, 46.47264474])
25.0950 	EXP 	unnamed Rect: pos = array([13.01215141, 46.47264474])
25.1070 	EXP 	window1: mouseVisible = True
