0.5036 	WARNING 	We strongly recommend you activate the PTB sound engine in PsychoPy prefs as the preferred audio engine. Its timing is vastly superior. Your prefs are currently set to use ['sounddevice', 'PTB', 'pyo', 'pygame'] (in that order).
4.4354 	ERROR 	'-1.0000, -1.0000, -1.0000' is not a valid rgb color
5.0101 	EXP 	Created window1 = Window(allowGUI=False, allowStencil=False, autoLog=True, backendConf=UNKNOWN, bitsMode=UNKNOWN, blendMode='avg', bpc=(8, 8, 8), color=array([0, 0, 0]), colorSpace='rgb', depthBits=8, fullscr=<method-wrapper '__getattribute__' of attributeSetter object at 0x7fe656b55a20>, gamma=None, gammaErrorPolicy='raise', lms=UNKNOWN, monitor=<psychopy.monitors.calibTools.Monitor object at 0x7fe6561ea518>, multiSample=False, name='window1', numSamples=2, pos=[360.0, 225.0], screen=0, size=array([2880, 1800]), stencilBits=0, stereo=False, units='height', useFBO=True, useRetina=True, viewOri=0.0, viewPos=None, viewScale=None, waitBlanking=True, winType='pyglet')
5.0103 	EXP 	window1: mouseVisible = True
5.0104 	EXP 	window1: recordFrameIntervals = False
5.1765 	EXP 	window1: recordFrameIntervals = True
5.3602 	EXP 	window1: recordFrameIntervals = False
5.9823 	DEPRECATION 	'1.0000, 1.0000, 1.0000' is not a valid rgb color
6.0087 	EXP 	Created Welcometext = TextStim(__class__=<class 'psychopy.visual.text.TextStim'>, alignHoriz=method-wrapper(...), alignText='center', alignVert=method-wrapper(...), anchorHoriz='center', anchorVert='center', antialias=True, autoLog=True, bold=False, color=array([0., 0., 0.]), colorSpace='rgb', contrast=1.0, depth=0.0, flipHoriz=False, flipVert=False, font='Open Sans', fontFiles=[], height=0.05, italic=False, languageStyle='LTR', name='Welcometext', opacity=0, ori=0.0, pos=array([0., 0.]), rgb=UNKNOWN, text='Welcome\nPlease press Spacebar to start', units='height', win=Window(...), wrapWidth=1)
6.3750 	EXP 	Created text = TextStim(__class__=<class 'psychopy.visual.text.TextStim'>, alignHoriz=method-wrapper(...), alignText='center', alignVert=method-wrapper(...), anchorHoriz='center', anchorVert='center', antialias=True, autoLog=True, bold=False, color=array([1., 1., 1.]), colorSpace='rgb', contrast=1.0, depth=0.0, flipHoriz=False, flipVert=False, font='Open Sans', fontFiles=[], height=0.05, italic=False, languageStyle='LTR', name='text', opacity=1, ori=0.0, pos=array([0., 0.]), rgb=UNKNOWN, text=str(...), units='height', win=Window(...), wrapWidth=1)
6.3755 	EXP 	Created sequence: random, trialTypes=1, nReps=5, seed=None
6.3757 	EXP 	New trial (rep=0, index=0): None
6.3793 	DATA 	Keypress: space
6.3839 	EXP 	Welcometext: autoDraw = True
10.3320 	EXP 	Created unnamed Rect = Rect(__class__=<class 'psychopy.visual.rect.Rect'>, autoDraw=False, autoLog=True, closeShape=True, color=method-wrapper(...), colorSpace='rgb', contrast=None, depth=0, fillColor=array([ 1, -1, -1]), fillColorSpace='rgb', fillRGB=array([ 1, -1, -1]), interpolate=True, lineColor=array([-1., -1.,  1.]), lineColorSpace='rgb', lineRGB=array([-1, -1,  1]), lineWidth=1.5, name='unnamed Rect', opacity=1, ori=0.0, pos=array([0., 0.]), size=array([1000.,  700.]), units='pix', vertices=ndarray(...), win=Window(...))
10.3346 	EXP 	Created unnamed Rect = Rect(__class__=<class 'psychopy.visual.rect.Rect'>, autoDraw=False, autoLog=True, closeShape=True, color=method-wrapper(...), colorSpace='rgb', contrast=None, depth=0, fillColor=array([-1, -1, -1]), fillColorSpace='rgb', fillRGB=array([-1, -1, -1]), interpolate=True, lineColor=array([-1., -1.,  1.]), lineColorSpace='rgb', lineRGB=array([-1, -1,  1]), lineWidth=1.5, name='unnamed Rect', opacity=1, ori=0.0, pos=array([0., 0.]), size=array([400., 600.]), units='pix', vertices=ndarray(...), win=Window(...))
10.3372 	EXP 	Created unnamed Rect = Rect(__class__=<class 'psychopy.visual.rect.Rect'>, autoDraw=False, autoLog=True, closeShape=True, color=method-wrapper(...), colorSpace='rgb', contrast=None, depth=0, fillColor=array([-1, -1, -1]), fillColorSpace='rgb', fillRGB=array([-1, -1, -1]), interpolate=True, lineColor=array([-1., -1.,  1.]), lineColorSpace='rgb', lineRGB=array([-1, -1,  1]), lineWidth=1.5, name='unnamed Rect', opacity=1, ori=0.0, pos=array([0., 0.]), size=array([400., 600.]), units='pix', vertices=ndarray(...), win=Window(...))
10.3407 	EXP 	Created unnamed Rect = Rect(__class__=<class 'psychopy.visual.rect.Rect'>, autoDraw=False, autoLog=True, closeShape=True, color=method-wrapper(...), colorSpace='rgb', contrast=None, depth=0, fillColor=array([ 1,  1, -1]), fillColorSpace='rgb', fillRGB=array([ 1,  1, -1]), interpolate=True, lineColor=array([0., 0., 0.]), lineColorSpace='rgb', lineRGB=array([0, 0, 0]), lineWidth=1.5, name='unnamed Rect', opacity=0.5, ori=0.0, pos=array([0., 0.]), size=array([30., 30.]), units='pix', vertices=ndarray(...), win=Window(...))
10.3434 	EXP 	Created unnamed Rect = Rect(__class__=<class 'psychopy.visual.rect.Rect'>, autoDraw=False, autoLog=True, closeShape=True, color=method-wrapper(...), colorSpace='rgb', contrast=None, depth=0, fillColor=array([ 1,  1, -1]), fillColorSpace='rgb', fillRGB=array([ 1,  1, -1]), interpolate=True, lineColor=array([0., 0., 0.]), lineColorSpace='rgb', lineRGB=array([0, 0, 0]), lineWidth=1.5, name='unnamed Rect', opacity=0.5, ori=0.0, pos=array([0., 0.]), size=array([30., 30.]), units='pix', vertices=ndarray(...), win=Window(...))
10.3461 	EXP 	Created unnamed Rect = Rect(__class__=<class 'psychopy.visual.rect.Rect'>, autoDraw=False, autoLog=True, closeShape=True, color=method-wrapper(...), colorSpace='rgb', contrast=None, depth=0, fillColor=array([ 1,  1, -1]), fillColorSpace='rgb', fillRGB=array([ 1,  1, -1]), interpolate=True, lineColor=array([0., 0., 0.]), lineColorSpace='rgb', lineRGB=array([0, 0, 0]), lineWidth=1.5, name='unnamed Rect', opacity=0.5, ori=0.0, pos=array([0., 0.]), size=array([30., 30.]), units='pix', vertices=ndarray(...), win=Window(...))
10.3489 	EXP 	Created unnamed Rect = Rect(__class__=<class 'psychopy.visual.rect.Rect'>, autoDraw=False, autoLog=True, closeShape=True, color=method-wrapper(...), colorSpace='rgb', contrast=None, depth=0, fillColor=array([ 1,  1, -1]), fillColorSpace='rgb', fillRGB=array([ 1,  1, -1]), interpolate=True, lineColor=array([0., 0., 0.]), lineColorSpace='rgb', lineRGB=array([0, 0, 0]), lineWidth=1.5, name='unnamed Rect', opacity=0.5, ori=0.0, pos=array([0., 0.]), size=array([30., 30.]), units='pix', vertices=ndarray(...), win=Window(...))
10.3513 	EXP 	Created unnamed Rect = Rect(__class__=<class 'psychopy.visual.rect.Rect'>, autoDraw=False, autoLog=True, closeShape=True, color=method-wrapper(...), colorSpace='rgb', contrast=None, depth=0, fillColor=array([ 1,  1, -1]), fillColorSpace='rgb', fillRGB=array([ 1,  1, -1]), interpolate=True, lineColor=array([0., 0., 0.]), lineColorSpace='rgb', lineRGB=array([0, 0, 0]), lineWidth=1.5, name='unnamed Rect', opacity=0.5, ori=0.0, pos=array([0., 0.]), size=array([30., 30.]), units='pix', vertices=ndarray(...), win=Window(...))
10.3538 	EXP 	Created unnamed Rect = Rect(__class__=<class 'psychopy.visual.rect.Rect'>, autoDraw=False, autoLog=True, closeShape=True, color=method-wrapper(...), colorSpace='rgb', contrast=None, depth=0, fillColor=array([ 1,  1, -1]), fillColorSpace='rgb', fillRGB=array([ 1,  1, -1]), interpolate=True, lineColor=array([0., 0., 0.]), lineColorSpace='rgb', lineRGB=array([0, 0, 0]), lineWidth=1.5, name='unnamed Rect', opacity=0.5, ori=0.0, pos=array([0., 0.]), size=array([30., 30.]), units='pix', vertices=ndarray(...), win=Window(...))
10.3919 	EXP 	Created unnamed ImageStim = ImageStim(__class__=<class 'psychopy.visual.image.ImageStim'>, autoLog=True, color=array([1., 1., 1.]), colorSpace='rgb', contrast=1.0, depth=0, flipHoriz=False, flipVert=False, image='tree.png', interpolate=False, mask=None, maskParams=None, name='unnamed ImageStim', opacity=1, ori=0.0, pos=array([0., 0.]), size=array([512, 512]), texRes=128, units='pix', win=Window(...))
10.4130 	EXP 	Created unnamed ImageStim = ImageStim(__class__=<class 'psychopy.visual.image.ImageStim'>, autoLog=True, color=array([1., 1., 1.]), colorSpace='rgb', contrast=1.0, depth=0, flipHoriz=False, flipVert=False, image='tree.png', interpolate=False, mask=None, maskParams=None, name='unnamed ImageStim', opacity=1, ori=0.0, pos=array([0., 0.]), size=array([512, 512]), texRes=128, units='pix', win=Window(...))
10.4314 	EXP 	Created unnamed ImageStim = ImageStim(__class__=<class 'psychopy.visual.image.ImageStim'>, autoLog=True, color=array([1., 1., 1.]), colorSpace='rgb', contrast=1.0, depth=0, flipHoriz=False, flipVert=False, image='tree.png', interpolate=False, mask=None, maskParams=None, name='unnamed ImageStim', opacity=1, ori=0.0, pos=array([0., 0.]), size=array([512, 512]), texRes=128, units='pix', win=Window(...))
10.4490 	EXP 	Created unnamed ImageStim = ImageStim(__class__=<class 'psychopy.visual.image.ImageStim'>, autoLog=True, color=array([1., 1., 1.]), colorSpace='rgb', contrast=1.0, depth=0, flipHoriz=False, flipVert=False, image='tree.png', interpolate=False, mask=None, maskParams=None, name='unnamed ImageStim', opacity=1, ori=0.0, pos=array([0., 0.]), size=array([512, 512]), texRes=128, units='pix', win=Window(...))
10.4665 	EXP 	Created unnamed ImageStim = ImageStim(__class__=<class 'psychopy.visual.image.ImageStim'>, autoLog=True, color=array([1., 1., 1.]), colorSpace='rgb', contrast=1.0, depth=0, flipHoriz=False, flipVert=False, image='tree.png', interpolate=False, mask=None, maskParams=None, name='unnamed ImageStim', opacity=1, ori=0.0, pos=array([0., 0.]), size=array([512, 512]), texRes=128, units='pix', win=Window(...))
10.4840 	EXP 	Created unnamed ImageStim = ImageStim(__class__=<class 'psychopy.visual.image.ImageStim'>, autoLog=True, color=array([1., 1., 1.]), colorSpace='rgb', contrast=1.0, depth=0, flipHoriz=False, flipVert=False, image='tree.png', interpolate=False, mask=None, maskParams=None, name='unnamed ImageStim', opacity=1, ori=0.0, pos=array([0., 0.]), size=array([512, 512]), texRes=128, units='pix', win=Window(...))
10.5013 	EXP 	Created unnamed ImageStim = ImageStim(__class__=<class 'psychopy.visual.image.ImageStim'>, autoLog=True, color=array([1., 1., 1.]), colorSpace='rgb', contrast=1.0, depth=0, flipHoriz=False, flipVert=False, image='tree.png', interpolate=False, mask=None, maskParams=None, name='unnamed ImageStim', opacity=1, ori=0.0, pos=array([0., 0.]), size=array([512, 512]), texRes=128, units='pix', win=Window(...))
10.5186 	EXP 	Created unnamed ImageStim = ImageStim(__class__=<class 'psychopy.visual.image.ImageStim'>, autoLog=True, color=array([1., 1., 1.]), colorSpace='rgb', contrast=1.0, depth=0, flipHoriz=False, flipVert=False, image='tree.png', interpolate=False, mask=None, maskParams=None, name='unnamed ImageStim', opacity=1, ori=0.0, pos=array([0., 0.]), size=array([512, 512]), texRes=128, units='pix', win=Window(...))
10.5359 	EXP 	Created unnamed ImageStim = ImageStim(__class__=<class 'psychopy.visual.image.ImageStim'>, autoLog=True, color=array([1., 1., 1.]), colorSpace='rgb', contrast=1.0, depth=0, flipHoriz=False, flipVert=False, image='tree.png', interpolate=False, mask=None, maskParams=None, name='unnamed ImageStim', opacity=1, ori=0.0, pos=array([0., 0.]), size=array([512, 512]), texRes=128, units='pix', win=Window(...))
10.5533 	EXP 	Created unnamed ImageStim = ImageStim(__class__=<class 'psychopy.visual.image.ImageStim'>, autoLog=True, color=array([1., 1., 1.]), colorSpace='rgb', contrast=1.0, depth=0, flipHoriz=False, flipVert=False, image='tree.png', interpolate=False, mask=None, maskParams=None, name='unnamed ImageStim', opacity=1, ori=0.0, pos=array([0., 0.]), size=array([512, 512]), texRes=128, units='pix', win=Window(...))
10.5706 	EXP 	Created unnamed ImageStim = ImageStim(__class__=<class 'psychopy.visual.image.ImageStim'>, autoLog=True, color=array([1., 1., 1.]), colorSpace='rgb', contrast=1.0, depth=0, flipHoriz=False, flipVert=False, image='tree.png', interpolate=False, mask=None, maskParams=None, name='unnamed ImageStim', opacity=1, ori=0.0, pos=array([0., 0.]), size=array([512, 512]), texRes=128, units='pix', win=Window(...))
10.5880 	EXP 	Created unnamed ImageStim = ImageStim(__class__=<class 'psychopy.visual.image.ImageStim'>, autoLog=True, color=array([1., 1., 1.]), colorSpace='rgb', contrast=1.0, depth=0, flipHoriz=False, flipVert=False, image='tree.png', interpolate=False, mask=None, maskParams=None, name='unnamed ImageStim', opacity=1, ori=0.0, pos=array([0., 0.]), size=array([512, 512]), texRes=128, units='pix', win=Window(...))
10.6052 	EXP 	Created unnamed ImageStim = ImageStim(__class__=<class 'psychopy.visual.image.ImageStim'>, autoLog=True, color=array([1., 1., 1.]), colorSpace='rgb', contrast=1.0, depth=0, flipHoriz=False, flipVert=False, image='tree.png', interpolate=False, mask=None, maskParams=None, name='unnamed ImageStim', opacity=1, ori=0.0, pos=array([0., 0.]), size=array([512, 512]), texRes=128, units='pix', win=Window(...))
10.6225 	EXP 	Created unnamed ImageStim = ImageStim(__class__=<class 'psychopy.visual.image.ImageStim'>, autoLog=True, color=array([1., 1., 1.]), colorSpace='rgb', contrast=1.0, depth=0, flipHoriz=False, flipVert=False, image='tree.png', interpolate=False, mask=None, maskParams=None, name='unnamed ImageStim', opacity=1, ori=0.0, pos=array([0., 0.]), size=array([512, 512]), texRes=128, units='pix', win=Window(...))
10.6402 	EXP 	Created unnamed ImageStim = ImageStim(__class__=<class 'psychopy.visual.image.ImageStim'>, autoLog=True, color=array([1., 1., 1.]), colorSpace='rgb', contrast=1.0, depth=0, flipHoriz=False, flipVert=False, image='tree.png', interpolate=False, mask=None, maskParams=None, name='unnamed ImageStim', opacity=1, ori=0.0, pos=array([0., 0.]), size=array([512, 512]), texRes=128, units='pix', win=Window(...))
10.6544 	DATA 	Keypress: space
10.6609 	EXP 	Welcometext: autoDraw = False
10.6609 	EXP 	unnamed Rect: pos = [-250, 0]
10.6609 	EXP 	unnamed Rect: pos = [250, 0]
10.6609 	EXP 	unnamed Rect: pos = [-351.3381795005955, 148.1980248548681]
10.6609 	EXP 	unnamed Rect: pos = [-243.49407411001442, 64.28546364976305]
10.6609 	EXP 	unnamed Rect: pos = [-206.4348563871458, -96.43640667610165]
10.6609 	EXP 	unnamed Rect: pos = [-271.7211583809042, -256.3648161036479]
10.6609 	EXP 	unnamed Rect: pos = [-391.61447549032073, -216.97693021552962]
10.6609 	EXP 	unnamed Rect: pos = [233.94335038273076, 38.634191319747515]
10.6609 	EXP 	unnamed ImageStim: size = [51.2, 51.2]
10.6609 	EXP 	unnamed ImageStim: size = [51.2, 51.2]
10.6609 	EXP 	unnamed ImageStim: size = [51.2, 51.2]
10.6609 	EXP 	unnamed ImageStim: size = [51.2, 51.2]
10.6609 	EXP 	unnamed ImageStim: size = [51.2, 51.2]
10.6609 	EXP 	unnamed ImageStim: size = [51.2, 51.2]
10.6609 	EXP 	unnamed ImageStim: size = [51.2, 51.2]
10.6609 	EXP 	unnamed ImageStim: size = [51.2, 51.2]
10.6609 	EXP 	unnamed ImageStim: size = [51.2, 51.2]
10.6609 	EXP 	unnamed ImageStim: size = [51.2, 51.2]
10.6609 	EXP 	unnamed ImageStim: size = [51.2, 51.2]
10.6609 	EXP 	unnamed ImageStim: size = [51.2, 51.2]
10.6609 	EXP 	unnamed ImageStim: size = [51.2, 51.2]
10.6609 	EXP 	unnamed ImageStim: size = [51.2, 51.2]
10.6609 	EXP 	unnamed ImageStim: size = [51.2, 51.2]
10.6609 	EXP 	unnamed ImageStim: pos = [-106.36398275380161, -29.786486461833952]
10.6609 	EXP 	unnamed ImageStim: pos = [-65.03292997362593, -7.529082177695315]
10.6609 	EXP 	unnamed ImageStim: pos = [130.00205966935587, -43.65278825801665]
10.6609 	EXP 	unnamed ImageStim: pos = [146.29700221734169, -129.94090006043137]
10.6609 	EXP 	unnamed ImageStim: pos = [7.2353987665767105, 45.37460622555844]
10.6609 	EXP 	unnamed ImageStim: pos = [-356.3639827538016, -29.786486461833952]
10.6609 	EXP 	unnamed ImageStim: pos = [143.63601724619838, -29.786486461833952]
10.6609 	EXP 	unnamed ImageStim: pos = [-315.0329299736259, -7.529082177695315]
10.6609 	EXP 	unnamed ImageStim: pos = [184.96707002637407, -7.529082177695315]
10.6609 	EXP 	unnamed ImageStim: pos = [-119.99794033064413, -43.65278825801665]
10.6609 	EXP 	unnamed ImageStim: pos = [380.00205966935584, -43.65278825801665]
10.6609 	EXP 	unnamed ImageStim: pos = [-103.70299778265831, -129.94090006043137]
10.6609 	EXP 	unnamed ImageStim: pos = [396.2970022173417, -129.94090006043137]
10.6609 	EXP 	unnamed ImageStim: pos = [-242.7646012334233, 45.37460622555844]
10.6609 	EXP 	unnamed ImageStim: pos = [257.23539876657674, 45.37460622555844]
11.6405 	DATA 	Keypress: left
16.1160 	EXP 	Created unnamed Rect = Rect(__class__=<class 'psychopy.visual.rect.Rect'>, autoDraw=False, autoLog=True, closeShape=True, color=method-wrapper(...), colorSpace='rgb', contrast=None, depth=0, fillColor=array([-1, -1, -1]), fillColorSpace='rgb', fillRGB=array([-1, -1, -1]), interpolate=True, lineColor=array([-1., -1.,  1.]), lineColorSpace='rgb', lineRGB=array([-1, -1,  1]), lineWidth=1.5, name='unnamed Rect', opacity=1, ori=0.0, pos=array([0., 0.]), size=array([400., 600.]), units='pix', vertices=ndarray(...), win=Window(...))
16.1579 	EXP 	Created unnamed Rect = Rect(__class__=<class 'psychopy.visual.rect.Rect'>, autoDraw=False, autoLog=True, closeShape=True, color=method-wrapper(...), colorSpace='rgb', contrast=None, depth=0, fillColor=array([-1, -1, -1]), fillColorSpace='rgb', fillRGB=array([-1, -1, -1]), interpolate=True, lineColor=array([-1., -1.,  1.]), lineColorSpace='rgb', lineRGB=array([-1, -1,  1]), lineWidth=1.5, name='unnamed Rect', opacity=1, ori=0.0, pos=array([0., 0.]), size=array([400., 600.]), units='pix', vertices=ndarray(...), win=Window(...))
16.1591 	DATA 	Keypress: left
16.1899 	EXP 	unnamed Rect: pos = array([-101.3381795 ,  148.19802485])
16.1899 	EXP 	unnamed Rect: pos = array([ 6.50592589, 64.28546365])
16.1899 	EXP 	unnamed Rect: pos = array([ 43.56514361, -96.43640668])
16.1899 	EXP 	unnamed Rect: pos = array([ -21.72115838, -256.3648161 ])
16.1899 	EXP 	unnamed Rect: pos = array([-141.61447549, -216.97693022])
16.1899 	EXP 	unnamed Rect: pos = array([ 6.50592589, 64.28546365])
16.1986 	EXP 	unnamed Rect: pos = array([ 6.50592589, 64.28546365])
16.2075 	EXP 	unnamed Rect: pos = array([ 6.50592589, 64.28546365])
16.2256 	EXP 	unnamed Rect: pos = array([ 6.50592589, 64.28546365])
16.2339 	EXP 	unnamed Rect: pos = array([ 6.50592589, 64.28546365])
16.2426 	EXP 	unnamed Rect: pos = array([ 6.50592589, 64.28546365])
16.2594 	EXP 	unnamed Rect: pos = array([ 6.50592589, 64.28546365])
16.2752 	EXP 	unnamed Rect: pos = array([ 6.50592589, 64.28546365])
16.2923 	EXP 	unnamed Rect: pos = array([ 6.50592589, 64.28546365])
16.3094 	EXP 	unnamed Rect: pos = array([ 6.50592589, 64.28546365])
16.3254 	EXP 	unnamed Rect: pos = array([ 6.50592589, 64.28546365])
16.3421 	EXP 	unnamed Rect: pos = array([ 6.50592589, 64.28546365])
16.3587 	EXP 	unnamed Rect: pos = array([ 6.50592589, 64.28546365])
16.3756 	EXP 	unnamed Rect: pos = array([ 6.50592589, 64.28546365])
16.3919 	EXP 	unnamed Rect: pos = array([ 6.50592589, 64.28546365])
16.4085 	EXP 	unnamed Rect: pos = array([ 6.50592589, 64.28546365])
16.4257 	EXP 	unnamed Rect: pos = array([ 6.50592589, 64.28546365])
16.4425 	EXP 	unnamed Rect: pos = array([ 6.50592589, 64.28546365])
16.4586 	EXP 	unnamed Rect: pos = array([ 6.50592589, 64.28546365])
16.4761 	EXP 	unnamed Rect: pos = array([ 6.50592589, 64.28546365])
16.4919 	EXP 	unnamed Rect: pos = array([ 6.50592589, 64.28546365])
16.5093 	EXP 	unnamed Rect: pos = array([ 6.50592589, 64.28546365])
16.5253 	EXP 	unnamed Rect: pos = array([ 6.50592589, 64.28546365])
16.5421 	EXP 	unnamed Rect: pos = array([ 6.50592589, 64.28546365])
16.5585 	EXP 	unnamed Rect: pos = array([ 6.50592589, 64.28546365])
16.5755 	EXP 	unnamed Rect: pos = array([ 6.50592589, 64.28546365])
16.5926 	EXP 	unnamed Rect: pos = array([ 6.50592589, 64.28546365])
16.6094 	EXP 	unnamed Rect: pos = array([ 6.50592589, 64.28546365])
16.6255 	EXP 	unnamed Rect: pos = array([ 6.50592589, 64.28546365])
16.6420 	EXP 	unnamed Rect: pos = array([ 6.50592589, 64.28546365])
16.6591 	EXP 	unnamed Rect: pos = array([ 6.50592589, 64.28546365])
16.6752 	EXP 	unnamed Rect: pos = array([ 6.50592589, 64.28546365])
16.6923 	EXP 	unnamed Rect: pos = array([ 6.50592589, 64.28546365])
16.7090 	EXP 	unnamed Rect: pos = array([ 6.50592589, 64.28546365])
16.7259 	EXP 	unnamed Rect: pos = array([ 6.50592589, 64.28546365])
16.7423 	EXP 	unnamed Rect: pos = array([ 6.50592589, 64.28546365])
16.7586 	EXP 	unnamed Rect: pos = array([ 6.50592589, 64.28546365])
16.7751 	EXP 	unnamed Rect: pos = array([ 6.50592589, 64.28546365])
16.7920 	EXP 	unnamed Rect: pos = array([ 6.50592589, 64.28546365])
16.8090 	EXP 	unnamed Rect: pos = array([ 6.50592589, 64.28546365])
16.8252 	EXP 	unnamed Rect: pos = array([ 6.50592589, 64.28546365])
16.8420 	EXP 	unnamed Rect: pos = array([ 6.50592589, 64.28546365])
16.8587 	EXP 	unnamed Rect: pos = array([ 6.50592589, 64.28546365])
16.8751 	EXP 	unnamed Rect: pos = array([ 6.50592589, 64.28546365])
16.8921 	EXP 	unnamed Rect: pos = array([ 6.50592589, 64.28546365])
16.9090 	EXP 	unnamed Rect: pos = array([ 6.50592589, 64.28546365])
16.9252 	EXP 	unnamed Rect: pos = array([ 6.50592589, 64.28546365])
16.9428 	EXP 	unnamed Rect: pos = array([ 6.50592589, 64.28546365])
16.9601 	EXP 	unnamed Rect: pos = array([ 6.50592589, 64.28546365])
16.9754 	EXP 	unnamed Rect: pos = array([ 6.50592589, 64.28546365])
16.9919 	EXP 	unnamed Rect: pos = array([ 6.50592589, 64.28546365])
17.0090 	EXP 	unnamed Rect: pos = array([ 6.50592589, 64.28546365])
17.0251 	EXP 	unnamed Rect: pos = array([ 6.50592589, 64.28546365])
17.0424 	EXP 	unnamed Rect: pos = array([ 6.50592589, 64.28546365])
17.0587 	EXP 	unnamed Rect: pos = array([ 6.50592589, 64.28546365])
17.0754 	EXP 	unnamed Rect: pos = array([ 6.50592589, 64.28546365])
17.0927 	EXP 	unnamed Rect: pos = array([ 6.50592589, 64.28546365])
17.1088 	EXP 	unnamed Rect: pos = array([ 6.50592589, 64.28546365])
17.1259 	EXP 	unnamed Rect: pos = array([ 6.50592589, 64.28546365])
17.1420 	EXP 	unnamed Rect: pos = array([ 6.50592589, 64.28546365])
17.1594 	EXP 	unnamed Rect: pos = array([ 6.50592589, 64.28546365])
17.1757 	EXP 	unnamed Rect: pos = array([ 6.50592589, 64.28546365])
17.1931 	EXP 	unnamed Rect: pos = array([ 6.50592589, 64.28546365])
17.2093 	EXP 	unnamed Rect: pos = array([ 6.50592589, 64.28546365])
17.2250 	EXP 	unnamed Rect: pos = array([ 6.50592589, 64.28546365])
17.2420 	EXP 	unnamed Rect: pos = array([ 6.50592589, 64.28546365])
17.2591 	EXP 	unnamed Rect: pos = array([ 6.50592589, 64.28546365])
17.2598 	DATA 	Keypress: up
17.2756 	EXP 	unnamed Rect: pos = array([ 6.50592589, 74.28546365])
17.2926 	EXP 	unnamed Rect: pos = array([ 6.50592589, 74.28546365])
17.3086 	EXP 	unnamed Rect: pos = array([ 6.50592589, 74.28546365])
17.3263 	EXP 	unnamed Rect: pos = array([ 6.50592589, 74.28546365])
17.3428 	EXP 	unnamed Rect: pos = array([ 6.50592589, 74.28546365])
17.3587 	EXP 	unnamed Rect: pos = array([ 6.50592589, 74.28546365])
17.3762 	EXP 	unnamed Rect: pos = array([ 6.50592589, 74.28546365])
17.3919 	EXP 	unnamed Rect: pos = array([ 6.50592589, 74.28546365])
17.4087 	EXP 	unnamed Rect: pos = array([ 6.50592589, 74.28546365])
17.4260 	EXP 	unnamed Rect: pos = array([ 6.50592589, 74.28546365])
17.4419 	EXP 	unnamed Rect: pos = array([ 6.50592589, 74.28546365])
17.4596 	EXP 	unnamed Rect: pos = array([ 6.50592589, 74.28546365])
17.4764 	EXP 	unnamed Rect: pos = array([ 6.50592589, 74.28546365])
17.4931 	EXP 	unnamed Rect: pos = array([ 6.50592589, 74.28546365])
17.5090 	EXP 	unnamed Rect: pos = array([ 6.50592589, 74.28546365])
17.5254 	EXP 	unnamed Rect: pos = array([ 6.50592589, 74.28546365])
17.5429 	EXP 	unnamed Rect: pos = array([ 6.50592589, 74.28546365])
17.5589 	EXP 	unnamed Rect: pos = array([ 6.50592589, 74.28546365])
17.5756 	EXP 	unnamed Rect: pos = array([ 6.50592589, 74.28546365])
17.5922 	EXP 	unnamed Rect: pos = array([ 6.50592589, 74.28546365])
17.6092 	EXP 	unnamed Rect: pos = array([ 6.50592589, 74.28546365])
17.6258 	EXP 	unnamed Rect: pos = array([ 6.50592589, 74.28546365])
17.6423 	EXP 	unnamed Rect: pos = array([ 6.50592589, 74.28546365])
17.6587 	EXP 	unnamed Rect: pos = array([ 6.50592589, 74.28546365])
17.6757 	EXP 	unnamed Rect: pos = array([ 6.50592589, 74.28546365])
17.6922 	EXP 	unnamed Rect: pos = array([ 6.50592589, 74.28546365])
17.7086 	EXP 	unnamed Rect: pos = array([ 6.50592589, 74.28546365])
17.7260 	EXP 	unnamed Rect: pos = array([ 6.50592589, 74.28546365])
17.7424 	EXP 	unnamed Rect: pos = array([ 6.50592589, 74.28546365])
17.7590 	EXP 	unnamed Rect: pos = array([ 6.50592589, 74.28546365])
17.7752 	EXP 	unnamed Rect: pos = array([ 6.50592589, 74.28546365])
17.7921 	EXP 	unnamed Rect: pos = array([ 6.50592589, 74.28546365])
17.8089 	EXP 	unnamed Rect: pos = array([ 6.50592589, 74.28546365])
17.8095 	DATA 	Keypress: down
17.8256 	EXP 	unnamed Rect: pos = array([ 6.50592589, 64.28546365])
17.8418 	EXP 	unnamed Rect: pos = array([ 6.50592589, 64.28546365])
17.8586 	EXP 	unnamed Rect: pos = array([ 6.50592589, 64.28546365])
17.8754 	EXP 	unnamed Rect: pos = array([ 6.50592589, 64.28546365])
17.8924 	EXP 	unnamed Rect: pos = array([ 6.50592589, 64.28546365])
17.9088 	EXP 	unnamed Rect: pos = array([ 6.50592589, 64.28546365])
17.9254 	EXP 	unnamed Rect: pos = array([ 6.50592589, 64.28546365])
17.9423 	EXP 	unnamed Rect: pos = array([ 6.50592589, 64.28546365])
17.9588 	EXP 	unnamed Rect: pos = array([ 6.50592589, 64.28546365])
17.9757 	EXP 	unnamed Rect: pos = array([ 6.50592589, 64.28546365])
17.9922 	EXP 	unnamed Rect: pos = array([ 6.50592589, 64.28546365])
18.0095 	EXP 	unnamed Rect: pos = array([ 6.50592589, 64.28546365])
18.0251 	EXP 	unnamed Rect: pos = array([ 6.50592589, 64.28546365])
18.0422 	EXP 	unnamed Rect: pos = array([ 6.50592589, 64.28546365])
18.0593 	EXP 	unnamed Rect: pos = array([ 6.50592589, 64.28546365])
18.0760 	EXP 	unnamed Rect: pos = array([ 6.50592589, 64.28546365])
18.0922 	EXP 	unnamed Rect: pos = array([ 6.50592589, 64.28546365])
18.1089 	EXP 	unnamed Rect: pos = array([ 6.50592589, 64.28546365])
18.1256 	EXP 	unnamed Rect: pos = array([ 6.50592589, 64.28546365])
18.1423 	EXP 	unnamed Rect: pos = array([ 6.50592589, 64.28546365])
18.1593 	EXP 	unnamed Rect: pos = array([ 6.50592589, 64.28546365])
18.1760 	EXP 	unnamed Rect: pos = array([ 6.50592589, 64.28546365])
18.1926 	EXP 	unnamed Rect: pos = array([ 6.50592589, 64.28546365])
18.2093 	EXP 	unnamed Rect: pos = array([ 6.50592589, 64.28546365])
18.2260 	EXP 	unnamed Rect: pos = array([ 6.50592589, 64.28546365])
18.2425 	EXP 	unnamed Rect: pos = array([ 6.50592589, 64.28546365])
18.2585 	EXP 	unnamed Rect: pos = array([ 6.50592589, 64.28546365])
18.2753 	EXP 	unnamed Rect: pos = array([ 6.50592589, 64.28546365])
18.2919 	EXP 	unnamed Rect: pos = array([ 6.50592589, 64.28546365])
18.3099 	EXP 	unnamed Rect: pos = array([ 6.50592589, 64.28546365])
18.3256 	EXP 	unnamed Rect: pos = array([ 6.50592589, 64.28546365])
18.3424 	EXP 	unnamed Rect: pos = array([ 6.50592589, 64.28546365])
18.3594 	EXP 	unnamed Rect: pos = array([ 6.50592589, 64.28546365])
18.3759 	EXP 	unnamed Rect: pos = array([ 6.50592589, 64.28546365])
18.3928 	EXP 	unnamed Rect: pos = array([ 6.50592589, 64.28546365])
18.4090 	EXP 	unnamed Rect: pos = array([ 6.50592589, 64.28546365])
18.4254 	EXP 	unnamed Rect: pos = array([ 6.50592589, 64.28546365])
18.4422 	EXP 	unnamed Rect: pos = array([ 6.50592589, 64.28546365])
18.4586 	EXP 	unnamed Rect: pos = array([ 6.50592589, 64.28546365])
18.4766 	EXP 	unnamed Rect: pos = array([ 6.50592589, 64.28546365])
18.4929 	EXP 	unnamed Rect: pos = array([ 6.50592589, 64.28546365])
18.5099 	EXP 	unnamed Rect: pos = array([ 6.50592589, 64.28546365])
18.5253 	EXP 	unnamed Rect: pos = array([ 6.50592589, 64.28546365])
18.5419 	EXP 	unnamed Rect: pos = array([ 6.50592589, 64.28546365])
18.5593 	EXP 	unnamed Rect: pos = array([ 6.50592589, 64.28546365])
18.5760 	EXP 	unnamed Rect: pos = array([ 6.50592589, 64.28546365])
18.5924 	EXP 	unnamed Rect: pos = array([ 6.50592589, 64.28546365])
18.6089 	EXP 	unnamed Rect: pos = array([ 6.50592589, 64.28546365])
18.6261 	EXP 	unnamed Rect: pos = array([ 6.50592589, 64.28546365])
18.6421 	EXP 	unnamed Rect: pos = array([ 6.50592589, 64.28546365])
18.6586 	EXP 	unnamed Rect: pos = array([ 6.50592589, 64.28546365])
18.6760 	EXP 	unnamed Rect: pos = array([ 6.50592589, 64.28546365])
18.6766 	DATA 	Keypress: left
18.6922 	EXP 	unnamed Rect: pos = array([-3.49407411, 64.28546365])
18.7095 	EXP 	unnamed Rect: pos = array([-3.49407411, 64.28546365])
18.7254 	EXP 	unnamed Rect: pos = array([-3.49407411, 64.28546365])
18.7419 	EXP 	unnamed Rect: pos = array([-3.49407411, 64.28546365])
18.7591 	EXP 	unnamed Rect: pos = array([-3.49407411, 64.28546365])
18.7753 	EXP 	unnamed Rect: pos = array([-3.49407411, 64.28546365])
18.7929 	EXP 	unnamed Rect: pos = array([-3.49407411, 64.28546365])
18.8088 	EXP 	unnamed Rect: pos = array([-3.49407411, 64.28546365])
18.8251 	EXP 	unnamed Rect: pos = array([-3.49407411, 64.28546365])
18.8420 	EXP 	unnamed Rect: pos = array([-3.49407411, 64.28546365])
18.8591 	EXP 	unnamed Rect: pos = array([-3.49407411, 64.28546365])
18.8752 	EXP 	unnamed Rect: pos = array([-3.49407411, 64.28546365])
18.8915 	EXP 	unnamed Rect: pos = array([-3.49407411, 64.28546365])
18.9087 	EXP 	unnamed Rect: pos = array([-3.49407411, 64.28546365])
18.9254 	EXP 	unnamed Rect: pos = array([-3.49407411, 64.28546365])
18.9426 	EXP 	unnamed Rect: pos = array([-3.49407411, 64.28546365])
18.9593 	EXP 	unnamed Rect: pos = array([-3.49407411, 64.28546365])
18.9754 	EXP 	unnamed Rect: pos = array([-3.49407411, 64.28546365])
18.9925 	EXP 	unnamed Rect: pos = array([-3.49407411, 64.28546365])
19.0086 	EXP 	unnamed Rect: pos = array([-3.49407411, 64.28546365])
19.0256 	EXP 	unnamed Rect: pos = array([-3.49407411, 64.28546365])
19.0418 	EXP 	unnamed Rect: pos = array([-3.49407411, 64.28546365])
19.0589 	EXP 	unnamed Rect: pos = array([-3.49407411, 64.28546365])
19.0765 	EXP 	unnamed Rect: pos = array([-3.49407411, 64.28546365])
19.0921 	EXP 	unnamed Rect: pos = array([-3.49407411, 64.28546365])
19.1085 	EXP 	unnamed Rect: pos = array([-3.49407411, 64.28546365])
19.1258 	EXP 	unnamed Rect: pos = array([-3.49407411, 64.28546365])
19.1422 	EXP 	unnamed Rect: pos = array([-3.49407411, 64.28546365])
19.1589 	EXP 	unnamed Rect: pos = array([-3.49407411, 64.28546365])
19.1764 	EXP 	unnamed Rect: pos = array([-3.49407411, 64.28546365])
19.1926 	EXP 	unnamed Rect: pos = array([-3.49407411, 64.28546365])
19.2086 	EXP 	unnamed Rect: pos = array([-3.49407411, 64.28546365])
19.2256 	EXP 	unnamed Rect: pos = array([-3.49407411, 64.28546365])
19.2422 	EXP 	unnamed Rect: pos = array([-3.49407411, 64.28546365])
19.2588 	EXP 	unnamed Rect: pos = array([-3.49407411, 64.28546365])
19.2755 	EXP 	unnamed Rect: pos = array([-3.49407411, 64.28546365])
19.2921 	EXP 	unnamed Rect: pos = array([-3.49407411, 64.28546365])
19.3086 	EXP 	unnamed Rect: pos = array([-3.49407411, 64.28546365])
19.3261 	EXP 	unnamed Rect: pos = array([-3.49407411, 64.28546365])
19.3422 	EXP 	unnamed Rect: pos = array([-3.49407411, 64.28546365])
19.3592 	EXP 	unnamed Rect: pos = array([-3.49407411, 64.28546365])
19.3758 	EXP 	unnamed Rect: pos = array([-3.49407411, 64.28546365])
19.3920 	EXP 	unnamed Rect: pos = array([-3.49407411, 64.28546365])
19.4093 	EXP 	unnamed Rect: pos = array([-3.49407411, 64.28546365])
19.4263 	EXP 	unnamed Rect: pos = array([-3.49407411, 64.28546365])
19.4422 	EXP 	unnamed Rect: pos = array([-3.49407411, 64.28546365])
19.4591 	EXP 	unnamed Rect: pos = array([-3.49407411, 64.28546365])
19.4753 	EXP 	unnamed Rect: pos = array([-3.49407411, 64.28546365])
19.4928 	EXP 	unnamed Rect: pos = array([-3.49407411, 64.28546365])
19.5088 	EXP 	unnamed Rect: pos = array([-3.49407411, 64.28546365])
19.5259 	EXP 	unnamed Rect: pos = array([-3.49407411, 64.28546365])
19.5421 	EXP 	unnamed Rect: pos = array([-3.49407411, 64.28546365])
19.5592 	EXP 	unnamed Rect: pos = array([-3.49407411, 64.28546365])
19.5755 	EXP 	unnamed Rect: pos = array([-3.49407411, 64.28546365])
19.5925 	EXP 	unnamed Rect: pos = array([-3.49407411, 64.28546365])
19.6094 	EXP 	unnamed Rect: pos = array([-3.49407411, 64.28546365])
19.6263 	EXP 	unnamed Rect: pos = array([-3.49407411, 64.28546365])
19.6425 	EXP 	unnamed Rect: pos = array([-3.49407411, 64.28546365])
19.6586 	EXP 	unnamed Rect: pos = array([-3.49407411, 64.28546365])
19.6755 	EXP 	unnamed Rect: pos = array([-3.49407411, 64.28546365])
19.6927 	EXP 	unnamed Rect: pos = array([-3.49407411, 64.28546365])
19.7093 	EXP 	unnamed Rect: pos = array([-3.49407411, 64.28546365])
19.7253 	EXP 	unnamed Rect: pos = array([-3.49407411, 64.28546365])
19.7419 	EXP 	unnamed Rect: pos = array([-3.49407411, 64.28546365])
19.7592 	EXP 	unnamed Rect: pos = array([-3.49407411, 64.28546365])
19.7759 	EXP 	unnamed Rect: pos = array([-3.49407411, 64.28546365])
19.7921 	EXP 	unnamed Rect: pos = array([-3.49407411, 64.28546365])
19.8090 	EXP 	unnamed Rect: pos = array([-3.49407411, 64.28546365])
19.8260 	EXP 	unnamed Rect: pos = array([-3.49407411, 64.28546365])
19.8428 	EXP 	unnamed Rect: pos = array([-3.49407411, 64.28546365])
19.8592 	EXP 	unnamed Rect: pos = array([-3.49407411, 64.28546365])
19.8757 	EXP 	unnamed Rect: pos = array([-3.49407411, 64.28546365])
19.8805 	DATA 	Keypress: left
19.8931 	EXP 	unnamed Rect: pos = array([-3.49407411, 64.28546365])
19.9088 	EXP 	unnamed Rect: pos = array([-13.49407411,  64.28546365])
19.9262 	EXP 	unnamed Rect: pos = array([-13.49407411,  64.28546365])
19.9422 	EXP 	unnamed Rect: pos = array([-13.49407411,  64.28546365])
19.9592 	EXP 	unnamed Rect: pos = array([-13.49407411,  64.28546365])
19.9759 	EXP 	unnamed Rect: pos = array([-13.49407411,  64.28546365])
19.9933 	EXP 	unnamed Rect: pos = array([-13.49407411,  64.28546365])
20.0094 	EXP 	unnamed Rect: pos = array([-13.49407411,  64.28546365])
20.0266 	EXP 	unnamed Rect: pos = array([-13.49407411,  64.28546365])
20.0421 	EXP 	unnamed Rect: pos = array([-13.49407411,  64.28546365])
20.0593 	EXP 	unnamed Rect: pos = array([-13.49407411,  64.28546365])
20.0598 	DATA 	Keypress: left
20.0760 	EXP 	unnamed Rect: pos = array([-23.49407411,  64.28546365])
20.0921 	EXP 	unnamed Rect: pos = array([-23.49407411,  64.28546365])
20.1086 	EXP 	unnamed Rect: pos = array([-23.49407411,  64.28546365])
20.1259 	EXP 	unnamed Rect: pos = array([-23.49407411,  64.28546365])
20.1424 	EXP 	unnamed Rect: pos = array([-23.49407411,  64.28546365])
20.1590 	EXP 	unnamed Rect: pos = array([-23.49407411,  64.28546365])
20.1757 	EXP 	unnamed Rect: pos = array([-23.49407411,  64.28546365])
20.1920 	EXP 	unnamed Rect: pos = array([-23.49407411,  64.28546365])
20.2091 	EXP 	unnamed Rect: pos = array([-23.49407411,  64.28546365])
20.2096 	DATA 	Keypress: left
20.2253 	EXP 	unnamed Rect: pos = array([-33.49407411,  64.28546365])
20.2419 	EXP 	unnamed Rect: pos = array([-33.49407411,  64.28546365])
20.2586 	EXP 	unnamed Rect: pos = array([-33.49407411,  64.28546365])
20.2757 	EXP 	unnamed Rect: pos = array([-33.49407411,  64.28546365])
20.2923 	EXP 	unnamed Rect: pos = array([-33.49407411,  64.28546365])
20.3088 	EXP 	unnamed Rect: pos = array([-33.49407411,  64.28546365])
20.3254 	EXP 	unnamed Rect: pos = array([-33.49407411,  64.28546365])
20.3299 	DATA 	Keypress: left
20.3427 	EXP 	unnamed Rect: pos = array([-33.49407411,  64.28546365])
20.3597 	EXP 	unnamed Rect: pos = array([-43.49407411,  64.28546365])
20.3757 	EXP 	unnamed Rect: pos = array([-43.49407411,  64.28546365])
20.3926 	EXP 	unnamed Rect: pos = array([-43.49407411,  64.28546365])
20.4087 	EXP 	unnamed Rect: pos = array([-43.49407411,  64.28546365])
20.4257 	EXP 	unnamed Rect: pos = array([-43.49407411,  64.28546365])
20.4419 	EXP 	unnamed Rect: pos = array([-43.49407411,  64.28546365])
20.4587 	EXP 	unnamed Rect: pos = array([-43.49407411,  64.28546365])
20.4753 	EXP 	unnamed Rect: pos = array([-43.49407411,  64.28546365])
20.4920 	EXP 	unnamed Rect: pos = array([-43.49407411,  64.28546365])
20.5093 	EXP 	unnamed Rect: pos = array([-43.49407411,  64.28546365])
20.5253 	EXP 	unnamed Rect: pos = array([-43.49407411,  64.28546365])
20.5422 	EXP 	unnamed Rect: pos = array([-43.49407411,  64.28546365])
20.5588 	EXP 	unnamed Rect: pos = array([-43.49407411,  64.28546365])
20.5754 	EXP 	unnamed Rect: pos = array([-43.49407411,  64.28546365])
20.5922 	EXP 	unnamed Rect: pos = array([-43.49407411,  64.28546365])
20.6092 	EXP 	unnamed Rect: pos = array([-43.49407411,  64.28546365])
20.6259 	EXP 	unnamed Rect: pos = array([-43.49407411,  64.28546365])
20.6422 	EXP 	unnamed Rect: pos = array([-43.49407411,  64.28546365])
20.6430 	DATA 	Keypress: left
20.6590 	EXP 	unnamed Rect: pos = array([-53.49407411,  64.28546365])
20.6755 	EXP 	unnamed Rect: pos = array([-53.49407411,  64.28546365])
20.6921 	EXP 	unnamed Rect: pos = array([-53.49407411,  64.28546365])
20.7092 	EXP 	unnamed Rect: pos = array([-53.49407411,  64.28546365])
20.7254 	EXP 	unnamed Rect: pos = array([-53.49407411,  64.28546365])
20.7430 	EXP 	unnamed Rect: pos = array([-53.49407411,  64.28546365])
20.7587 	EXP 	unnamed Rect: pos = array([-53.49407411,  64.28546365])
20.7753 	EXP 	unnamed Rect: pos = array([-53.49407411,  64.28546365])
20.7931 	EXP 	unnamed Rect: pos = array([-53.49407411,  64.28546365])
20.7975 	DATA 	Keypress: left
20.8093 	EXP 	unnamed Rect: pos = array([-53.49407411,  64.28546365])
20.8258 	EXP 	unnamed Rect: pos = array([-63.49407411,  64.28546365])
20.8422 	EXP 	unnamed Rect: pos = array([-63.49407411,  64.28546365])
20.8592 	EXP 	unnamed Rect: pos = array([-63.49407411,  64.28546365])
20.8759 	EXP 	unnamed Rect: pos = array([-63.49407411,  64.28546365])
20.8924 	EXP 	unnamed Rect: pos = array([-63.49407411,  64.28546365])
20.9091 	EXP 	unnamed Rect: pos = array([-63.49407411,  64.28546365])
20.9096 	DATA 	Keypress: left
20.9258 	EXP 	unnamed Rect: pos = array([-73.49407411,  64.28546365])
20.9420 	EXP 	unnamed Rect: pos = array([-73.49407411,  64.28546365])
20.9592 	EXP 	unnamed Rect: pos = array([-73.49407411,  64.28546365])
20.9755 	EXP 	unnamed Rect: pos = array([-73.49407411,  64.28546365])
20.9929 	EXP 	unnamed Rect: pos = array([-73.49407411,  64.28546365])
21.0089 	EXP 	unnamed Rect: pos = array([-73.49407411,  64.28546365])
21.0258 	EXP 	unnamed Rect: pos = array([-73.49407411,  64.28546365])
21.0424 	EXP 	unnamed Rect: pos = array([-73.49407411,  64.28546365])
21.0590 	EXP 	unnamed Rect: pos = array([-73.49407411,  64.28546365])
21.0756 	EXP 	unnamed Rect: pos = array([-73.49407411,  64.28546365])
21.0762 	DATA 	Keypress: left
21.0929 	EXP 	unnamed Rect: pos = array([-83.49407411,  64.28546365])
21.1089 	EXP 	unnamed Rect: pos = array([-83.49407411,  64.28546365])
21.1254 	EXP 	unnamed Rect: pos = array([-83.49407411,  64.28546365])
21.1434 	EXP 	unnamed Rect: pos = array([-83.49407411,  64.28546365])
21.1586 	EXP 	unnamed Rect: pos = array([-83.49407411,  64.28546365])
21.1754 	EXP 	unnamed Rect: pos = array([-83.49407411,  64.28546365])
21.1926 	EXP 	unnamed Rect: pos = array([-83.49407411,  64.28546365])
21.1932 	DATA 	Keypress: left
21.2099 	EXP 	unnamed Rect: pos = array([-93.49407411,  64.28546365])
21.2261 	EXP 	unnamed Rect: pos = array([-93.49407411,  64.28546365])
21.2421 	EXP 	unnamed Rect: pos = array([-93.49407411,  64.28546365])
21.2590 	EXP 	unnamed Rect: pos = array([-93.49407411,  64.28546365])
21.2767 	EXP 	unnamed Rect: pos = array([-93.49407411,  64.28546365])
21.2920 	EXP 	unnamed Rect: pos = array([-93.49407411,  64.28546365])
21.3099 	EXP 	unnamed Rect: pos = array([-93.49407411,  64.28546365])
21.3256 	EXP 	unnamed Rect: pos = array([-93.49407411,  64.28546365])
21.3422 	EXP 	unnamed Rect: pos = array([-93.49407411,  64.28546365])
21.3589 	EXP 	unnamed Rect: pos = array([-93.49407411,  64.28546365])
21.3757 	EXP 	unnamed Rect: pos = array([-93.49407411,  64.28546365])
21.3926 	EXP 	unnamed Rect: pos = array([-93.49407411,  64.28546365])
21.4087 	EXP 	unnamed Rect: pos = array([-93.49407411,  64.28546365])
21.4260 	EXP 	unnamed Rect: pos = array([-93.49407411,  64.28546365])
21.4266 	DATA 	Keypress: down
21.4426 	EXP 	unnamed Rect: pos = array([-93.49407411,  54.28546365])
21.4587 	EXP 	unnamed Rect: pos = array([-93.49407411,  54.28546365])
21.4759 	EXP 	unnamed Rect: pos = array([-93.49407411,  54.28546365])
21.4924 	EXP 	unnamed Rect: pos = array([-93.49407411,  54.28546365])
21.5090 	EXP 	unnamed Rect: pos = array([-93.49407411,  54.28546365])
21.5253 	EXP 	unnamed Rect: pos = array([-93.49407411,  54.28546365])
21.5425 	EXP 	unnamed Rect: pos = array([-93.49407411,  54.28546365])
21.5431 	DATA 	Keypress: down
21.5597 	EXP 	unnamed Rect: pos = array([-93.49407411,  44.28546365])
21.5754 	EXP 	unnamed Rect: pos = array([-93.49407411,  44.28546365])
21.5922 	EXP 	unnamed Rect: pos = array([-93.49407411,  44.28546365])
21.6091 	EXP 	unnamed Rect: pos = array([-93.49407411,  44.28546365])
21.6260 	EXP 	unnamed Rect: pos = array([-93.49407411,  44.28546365])
21.6420 	EXP 	unnamed Rect: pos = array([-93.49407411,  44.28546365])
21.6588 	EXP 	unnamed Rect: pos = array([-93.49407411,  44.28546365])
21.6761 	EXP 	unnamed Rect: pos = array([-93.49407411,  44.28546365])
21.6767 	DATA 	Keypress: down
21.6925 	EXP 	unnamed Rect: pos = array([-93.49407411,  34.28546365])
21.7088 	EXP 	unnamed Rect: pos = array([-93.49407411,  34.28546365])
21.7254 	EXP 	unnamed Rect: pos = array([-93.49407411,  34.28546365])
21.7427 	EXP 	unnamed Rect: pos = array([-93.49407411,  34.28546365])
21.7587 	EXP 	unnamed Rect: pos = array([-93.49407411,  34.28546365])
21.7756 	EXP 	unnamed Rect: pos = array([-93.49407411,  34.28546365])
21.7920 	EXP 	unnamed Rect: pos = array([-93.49407411,  34.28546365])
21.8088 	EXP 	unnamed Rect: pos = array([-93.49407411,  34.28546365])
21.8259 	EXP 	unnamed Rect: pos = array([-93.49407411,  34.28546365])
21.8430 	EXP 	unnamed Rect: pos = array([-93.49407411,  34.28546365])
21.8594 	EXP 	unnamed Rect: pos = array([-93.49407411,  34.28546365])
21.8756 	EXP 	unnamed Rect: pos = array([-93.49407411,  34.28546365])
21.8924 	EXP 	unnamed Rect: pos = array([-93.49407411,  34.28546365])
21.9092 	EXP 	unnamed Rect: pos = array([-93.49407411,  34.28546365])
21.9136 	DATA 	Keypress: down
21.9259 	EXP 	unnamed Rect: pos = array([-93.49407411,  34.28546365])
21.9421 	EXP 	unnamed Rect: pos = array([-93.49407411,  24.28546365])
21.9596 	EXP 	unnamed Rect: pos = array([-93.49407411,  24.28546365])
21.9759 	EXP 	unnamed Rect: pos = array([-93.49407411,  24.28546365])
21.9921 	EXP 	unnamed Rect: pos = array([-93.49407411,  24.28546365])
22.0087 	EXP 	unnamed Rect: pos = array([-93.49407411,  24.28546365])
22.0260 	EXP 	unnamed Rect: pos = array([-93.49407411,  24.28546365])
22.0265 	DATA 	Keypress: down
22.0420 	EXP 	unnamed Rect: pos = array([-93.49407411,  14.28546365])
22.0592 	EXP 	unnamed Rect: pos = array([-93.49407411,  14.28546365])
22.0761 	EXP 	unnamed Rect: pos = array([-93.49407411,  14.28546365])
22.0920 	EXP 	unnamed Rect: pos = array([-93.49407411,  14.28546365])
22.1082 	EXP 	unnamed Rect: pos = array([-93.49407411,  14.28546365])
22.1259 	EXP 	unnamed Rect: pos = array([-93.49407411,  14.28546365])
22.1427 	EXP 	unnamed Rect: pos = array([-93.49407411,  14.28546365])
22.1432 	DATA 	Keypress: down
22.1589 	EXP 	unnamed Rect: pos = array([-93.49407411,   4.28546365])
22.1757 	EXP 	unnamed Rect: pos = array([-93.49407411,   4.28546365])
22.1923 	EXP 	unnamed Rect: pos = array([-93.49407411,   4.28546365])
22.2087 	EXP 	unnamed Rect: pos = array([-93.49407411,   4.28546365])
22.2259 	EXP 	unnamed Rect: pos = array([-93.49407411,   4.28546365])
22.2422 	EXP 	unnamed Rect: pos = array([-93.49407411,   4.28546365])
22.2428 	DATA 	Keypress: down
22.2594 	EXP 	unnamed Rect: pos = array([-93.49407411,  -5.71453635])
22.2755 	EXP 	unnamed Rect: pos = array([-93.49407411,  -5.71453635])
22.2921 	EXP 	unnamed Rect: pos = array([-93.49407411,  -5.71453635])
22.3096 	EXP 	unnamed Rect: pos = array([-93.49407411,  -5.71453635])
22.3263 	EXP 	unnamed Rect: pos = array([-93.49407411,  -5.71453635])
22.3416 	EXP 	unnamed Rect: pos = array([-93.49407411,  -5.71453635])
22.3597 	EXP 	unnamed Rect: pos = array([-93.49407411,  -5.71453635])
22.3603 	DATA 	Keypress: down
22.3758 	EXP 	unnamed Rect: pos = array([-93.49407411, -15.71453635])
22.3931 	EXP 	unnamed Rect: pos = array([-93.49407411, -15.71453635])
22.4087 	EXP 	unnamed Rect: pos = array([-93.49407411, -15.71453635])
22.4257 	EXP 	unnamed Rect: pos = array([-93.49407411, -15.71453635])
22.4422 	EXP 	unnamed Rect: pos = array([-93.49407411, -15.71453635])
22.4597 	EXP 	unnamed Rect: pos = array([-93.49407411, -15.71453635])
22.4758 	EXP 	unnamed Rect: pos = array([-93.49407411, -15.71453635])
22.4799 	DATA 	Keypress: down
22.4926 	EXP 	unnamed Rect: pos = array([-93.49407411, -15.71453635])
22.5091 	EXP 	unnamed Rect: pos = array([-93.49407411, -25.71453635])
22.5260 	EXP 	unnamed Rect: pos = array([-93.49407411, -25.71453635])
22.5424 	EXP 	unnamed Rect: pos = array([-93.49407411, -25.71453635])
22.5593 	EXP 	unnamed Rect: pos = array([-93.49407411, -25.71453635])
22.5757 	EXP 	unnamed Rect: pos = array([-93.49407411, -25.71453635])
22.5928 	EXP 	unnamed Rect: pos = array([-93.49407411, -25.71453635])
22.5933 	DATA 	Keypress: down
22.6094 	EXP 	unnamed Rect: pos = array([-93.49407411, -35.71453635])
22.6258 	EXP 	unnamed Rect: pos = array([-93.49407411, -35.71453635])
22.6430 	EXP 	unnamed Rect: pos = array([-93.49407411, -35.71453635])
22.6591 	EXP 	unnamed Rect: pos = array([-93.49407411, -35.71453635])
22.6757 	EXP 	unnamed Rect: pos = array([-93.49407411, -35.71453635])
22.6920 	EXP 	unnamed Rect: pos = array([-93.49407411, -35.71453635])
22.7091 	EXP 	unnamed Rect: pos = array([-93.49407411, -35.71453635])
22.7254 	EXP 	unnamed Rect: pos = array([-93.49407411, -35.71453635])
22.7420 	EXP 	unnamed Rect: pos = array([-93.49407411, -35.71453635])
22.7590 	EXP 	unnamed Rect: pos = array([-93.49407411, -35.71453635])
22.7753 	EXP 	unnamed Rect: pos = array([-93.49407411, -35.71453635])
22.7923 	EXP 	unnamed Rect: pos = array([-93.49407411, -35.71453635])
22.8087 	EXP 	unnamed Rect: pos = array([-93.49407411, -35.71453635])
22.8256 	EXP 	unnamed Rect: pos = array([-93.49407411, -35.71453635])
22.8423 	EXP 	unnamed Rect: pos = array([-93.49407411, -35.71453635])
22.8594 	EXP 	unnamed Rect: pos = array([-93.49407411, -35.71453635])
22.8759 	EXP 	unnamed Rect: pos = array([-93.49407411, -35.71453635])
22.8927 	EXP 	unnamed Rect: pos = array([-93.49407411, -35.71453635])
22.9093 	EXP 	unnamed Rect: pos = array([-93.49407411, -35.71453635])
22.9252 	EXP 	unnamed Rect: pos = array([-93.49407411, -35.71453635])
22.9429 	EXP 	unnamed Rect: pos = array([-93.49407411, -35.71453635])
22.9587 	EXP 	unnamed Rect: pos = array([-93.49407411, -35.71453635])
22.9753 	EXP 	unnamed Rect: pos = array([-93.49407411, -35.71453635])
22.9926 	EXP 	unnamed Rect: pos = array([-93.49407411, -35.71453635])
23.0100 	EXP 	unnamed Rect: pos = array([-93.49407411, -35.71453635])
23.0258 	EXP 	unnamed Rect: pos = array([-93.49407411, -35.71453635])
23.0420 	EXP 	unnamed Rect: pos = array([-93.49407411, -35.71453635])
23.0591 	EXP 	unnamed Rect: pos = array([-93.49407411, -35.71453635])
23.0754 	EXP 	unnamed Rect: pos = array([-93.49407411, -35.71453635])
23.0924 	EXP 	unnamed Rect: pos = array([-93.49407411, -35.71453635])
23.1087 	EXP 	unnamed Rect: pos = array([-93.49407411, -35.71453635])
23.1254 	EXP 	unnamed Rect: pos = array([-93.49407411, -35.71453635])
23.1420 	EXP 	unnamed Rect: pos = array([-93.49407411, -35.71453635])
23.1586 	EXP 	unnamed Rect: pos = array([-93.49407411, -35.71453635])
23.1755 	EXP 	unnamed Rect: pos = array([-93.49407411, -35.71453635])
23.1921 	EXP 	unnamed Rect: pos = array([-93.49407411, -35.71453635])
23.2089 	EXP 	unnamed Rect: pos = array([-93.49407411, -35.71453635])
23.2254 	EXP 	unnamed Rect: pos = array([-93.49407411, -35.71453635])
23.2419 	EXP 	unnamed Rect: pos = array([-93.49407411, -35.71453635])
23.2586 	EXP 	unnamed Rect: pos = array([-93.49407411, -35.71453635])
23.2753 	EXP 	unnamed Rect: pos = array([-93.49407411, -35.71453635])
23.2921 	EXP 	unnamed Rect: pos = array([-93.49407411, -35.71453635])
23.3090 	EXP 	unnamed Rect: pos = array([-93.49407411, -35.71453635])
23.3096 	DATA 	Keypress: right
23.3257 	EXP 	unnamed Rect: pos = array([-83.49407411, -35.71453635])
23.3420 	EXP 	unnamed Rect: pos = array([-83.49407411, -35.71453635])
23.3590 	EXP 	unnamed Rect: pos = array([-83.49407411, -35.71453635])
23.3758 	EXP 	unnamed Rect: pos = array([-83.49407411, -35.71453635])
23.3930 	EXP 	unnamed Rect: pos = array([-83.49407411, -35.71453635])
23.4092 	EXP 	unnamed Rect: pos = array([-83.49407411, -35.71453635])
23.4265 	EXP 	unnamed Rect: pos = array([-83.49407411, -35.71453635])
23.4420 	EXP 	unnamed Rect: pos = array([-83.49407411, -35.71453635])
23.4592 	EXP 	unnamed Rect: pos = array([-83.49407411, -35.71453635])
23.4760 	EXP 	unnamed Rect: pos = array([-83.49407411, -35.71453635])
23.4766 	DATA 	Keypress: right
23.4927 	EXP 	unnamed Rect: pos = array([-73.49407411, -35.71453635])
23.5089 	EXP 	unnamed Rect: pos = array([-73.49407411, -35.71453635])
23.5254 	EXP 	unnamed Rect: pos = array([-73.49407411, -35.71453635])
23.5427 	EXP 	unnamed Rect: pos = array([-73.49407411, -35.71453635])
23.5599 	EXP 	unnamed Rect: pos = array([-73.49407411, -35.71453635])
23.5754 	EXP 	unnamed Rect: pos = array([-73.49407411, -35.71453635])
23.5796 	DATA 	Keypress: right
23.5927 	EXP 	unnamed Rect: pos = array([-73.49407411, -35.71453635])
23.6090 	EXP 	unnamed Rect: pos = array([-63.49407411, -35.71453635])
23.6258 	EXP 	unnamed Rect: pos = array([-63.49407411, -35.71453635])
23.6421 	EXP 	unnamed Rect: pos = array([-63.49407411, -35.71453635])
23.6593 	EXP 	unnamed Rect: pos = array([-63.49407411, -35.71453635])
23.6755 	EXP 	unnamed Rect: pos = array([-63.49407411, -35.71453635])
23.6920 	EXP 	unnamed Rect: pos = array([-63.49407411, -35.71453635])
23.7097 	EXP 	unnamed Rect: pos = array([-63.49407411, -35.71453635])
23.7260 	EXP 	unnamed Rect: pos = array([-63.49407411, -35.71453635])
23.7420 	EXP 	unnamed Rect: pos = array([-63.49407411, -35.71453635])
23.7588 	EXP 	unnamed Rect: pos = array([-63.49407411, -35.71453635])
23.7756 	EXP 	unnamed Rect: pos = array([-63.49407411, -35.71453635])
23.7927 	EXP 	unnamed Rect: pos = array([-63.49407411, -35.71453635])
23.8096 	EXP 	unnamed Rect: pos = array([-63.49407411, -35.71453635])
23.8264 	EXP 	unnamed Rect: pos = array([-63.49407411, -35.71453635])
23.8307 	DATA 	Keypress: right
23.8426 	EXP 	unnamed Rect: pos = array([-63.49407411, -35.71453635])
23.8588 	EXP 	unnamed Rect: pos = array([-53.49407411, -35.71453635])
23.8753 	EXP 	unnamed Rect: pos = array([-53.49407411, -35.71453635])
23.8929 	EXP 	unnamed Rect: pos = array([-53.49407411, -35.71453635])
23.9087 	EXP 	unnamed Rect: pos = array([-53.49407411, -35.71453635])
23.9255 	EXP 	unnamed Rect: pos = array([-53.49407411, -35.71453635])
23.9420 	EXP 	unnamed Rect: pos = array([-53.49407411, -35.71453635])
23.9588 	EXP 	unnamed Rect: pos = array([-53.49407411, -35.71453635])
23.9761 	EXP 	unnamed Rect: pos = array([-53.49407411, -35.71453635])
23.9925 	EXP 	unnamed Rect: pos = array([-53.49407411, -35.71453635])
24.0096 	EXP 	unnamed Rect: pos = array([-53.49407411, -35.71453635])
24.0253 	EXP 	unnamed Rect: pos = array([-53.49407411, -35.71453635])
24.0425 	EXP 	unnamed Rect: pos = array([-53.49407411, -35.71453635])
24.0587 	EXP 	unnamed Rect: pos = array([-53.49407411, -35.71453635])
24.0757 	EXP 	unnamed Rect: pos = array([-53.49407411, -35.71453635])
24.0924 	EXP 	unnamed Rect: pos = array([-53.49407411, -35.71453635])
24.1087 	EXP 	unnamed Rect: pos = array([-53.49407411, -35.71453635])
24.1260 	EXP 	unnamed Rect: pos = array([-53.49407411, -35.71453635])
24.1420 	EXP 	unnamed Rect: pos = array([-53.49407411, -35.71453635])
24.1588 	EXP 	unnamed Rect: pos = array([-53.49407411, -35.71453635])
24.1628 	DATA 	Keypress: right
24.1763 	EXP 	unnamed Rect: pos = array([-53.49407411, -35.71453635])
24.1922 	EXP 	unnamed Rect: pos = array([-43.49407411, -35.71453635])
24.2088 	EXP 	unnamed Rect: pos = array([-43.49407411, -35.71453635])
24.2259 	EXP 	unnamed Rect: pos = array([-43.49407411, -35.71453635])
24.2426 	EXP 	unnamed Rect: pos = array([-43.49407411, -35.71453635])
24.2588 	EXP 	unnamed Rect: pos = array([-43.49407411, -35.71453635])
24.2753 	EXP 	unnamed Rect: pos = array([-43.49407411, -35.71453635])
24.2925 	EXP 	unnamed Rect: pos = array([-43.49407411, -35.71453635])
24.2931 	DATA 	Keypress: right
24.3088 	EXP 	unnamed Rect: pos = array([-33.49407411, -35.71453635])
24.3260 	EXP 	unnamed Rect: pos = array([-33.49407411, -35.71453635])
24.3420 	EXP 	unnamed Rect: pos = array([-33.49407411, -35.71453635])
24.3588 	EXP 	unnamed Rect: pos = array([-33.49407411, -35.71453635])
24.3754 	EXP 	unnamed Rect: pos = array([-33.49407411, -35.71453635])
24.3925 	EXP 	unnamed Rect: pos = array([-33.49407411, -35.71453635])
24.4094 	EXP 	unnamed Rect: pos = array([-33.49407411, -35.71453635])
24.4136 	DATA 	Keypress: right
24.4266 	EXP 	unnamed Rect: pos = array([-33.49407411, -35.71453635])
24.4423 	EXP 	unnamed Rect: pos = array([-23.49407411, -35.71453635])
24.4592 	EXP 	unnamed Rect: pos = array([-23.49407411, -35.71453635])
24.4753 	EXP 	unnamed Rect: pos = array([-23.49407411, -35.71453635])
24.4921 	EXP 	unnamed Rect: pos = array([-23.49407411, -35.71453635])
24.5092 	EXP 	unnamed Rect: pos = array([-23.49407411, -35.71453635])
24.5257 	EXP 	unnamed Rect: pos = array([-23.49407411, -35.71453635])
24.5263 	DATA 	Keypress: right
24.5422 	EXP 	unnamed Rect: pos = array([-13.49407411, -35.71453635])
24.5588 	EXP 	unnamed Rect: pos = array([-13.49407411, -35.71453635])
24.5756 	EXP 	unnamed Rect: pos = array([-13.49407411, -35.71453635])
24.5926 	EXP 	unnamed Rect: pos = array([-13.49407411, -35.71453635])
24.6089 	EXP 	unnamed Rect: pos = array([-13.49407411, -35.71453635])
24.6255 	EXP 	unnamed Rect: pos = array([-13.49407411, -35.71453635])
24.6424 	EXP 	unnamed Rect: pos = array([-13.49407411, -35.71453635])
24.6589 	EXP 	unnamed Rect: pos = array([-13.49407411, -35.71453635])
24.6595 	DATA 	Keypress: right
24.6754 	EXP 	unnamed Rect: pos = array([ -3.49407411, -35.71453635])
24.6930 	EXP 	unnamed Rect: pos = array([ -3.49407411, -35.71453635])
24.7095 	EXP 	unnamed Rect: pos = array([ -3.49407411, -35.71453635])
24.7263 	EXP 	unnamed Rect: pos = array([ -3.49407411, -35.71453635])
24.7423 	EXP 	unnamed Rect: pos = array([ -3.49407411, -35.71453635])
24.7597 	EXP 	unnamed Rect: pos = array([ -3.49407411, -35.71453635])
24.7757 	EXP 	unnamed Rect: pos = array([ -3.49407411, -35.71453635])
24.7932 	EXP 	unnamed Rect: pos = array([ -3.49407411, -35.71453635])
24.8096 	EXP 	unnamed Rect: pos = array([ -3.49407411, -35.71453635])
24.8262 	EXP 	unnamed Rect: pos = array([ -3.49407411, -35.71453635])
24.8301 	DATA 	Keypress: right
24.8426 	EXP 	unnamed Rect: pos = array([ -3.49407411, -35.71453635])
24.8592 	EXP 	unnamed Rect: pos = array([  6.50592589, -35.71453635])
24.8756 	EXP 	unnamed Rect: pos = array([  6.50592589, -35.71453635])
24.8930 	EXP 	unnamed Rect: pos = array([  6.50592589, -35.71453635])
24.9087 	EXP 	unnamed Rect: pos = array([  6.50592589, -35.71453635])
24.9272 	EXP 	unnamed Rect: pos = array([  6.50592589, -35.71453635])
24.9422 	EXP 	unnamed Rect: pos = array([  6.50592589, -35.71453635])
24.9591 	EXP 	unnamed Rect: pos = array([  6.50592589, -35.71453635])
24.9761 	EXP 	unnamed Rect: pos = array([  6.50592589, -35.71453635])
24.9932 	EXP 	unnamed Rect: pos = array([  6.50592589, -35.71453635])
25.0094 	EXP 	unnamed Rect: pos = array([  6.50592589, -35.71453635])
25.0258 	EXP 	unnamed Rect: pos = array([  6.50592589, -35.71453635])
25.0424 	EXP 	unnamed Rect: pos = array([  6.50592589, -35.71453635])
25.0588 	EXP 	unnamed Rect: pos = array([  6.50592589, -35.71453635])
25.0754 	EXP 	unnamed Rect: pos = array([  6.50592589, -35.71453635])
25.0921 	EXP 	unnamed Rect: pos = array([  6.50592589, -35.71453635])
25.1087 	EXP 	unnamed Rect: pos = array([  6.50592589, -35.71453635])
25.1257 	EXP 	unnamed Rect: pos = array([  6.50592589, -35.71453635])
25.1421 	EXP 	unnamed Rect: pos = array([  6.50592589, -35.71453635])
25.1588 	EXP 	unnamed Rect: pos = array([  6.50592589, -35.71453635])
25.1763 	EXP 	unnamed Rect: pos = array([  6.50592589, -35.71453635])
25.1915 	EXP 	unnamed Rect: pos = array([  6.50592589, -35.71453635])
25.2088 	EXP 	unnamed Rect: pos = array([  6.50592589, -35.71453635])
25.2255 	EXP 	unnamed Rect: pos = array([  6.50592589, -35.71453635])
25.2415 	EXP 	unnamed Rect: pos = array([  6.50592589, -35.71453635])
25.2593 	EXP 	unnamed Rect: pos = array([  6.50592589, -35.71453635])
25.2753 	EXP 	unnamed Rect: pos = array([  6.50592589, -35.71453635])
25.2924 	EXP 	unnamed Rect: pos = array([  6.50592589, -35.71453635])
25.3089 	EXP 	unnamed Rect: pos = array([  6.50592589, -35.71453635])
25.3255 	EXP 	unnamed Rect: pos = array([  6.50592589, -35.71453635])
25.3420 	EXP 	unnamed Rect: pos = array([  6.50592589, -35.71453635])
25.3594 	EXP 	unnamed Rect: pos = array([  6.50592589, -35.71453635])
25.3759 	EXP 	unnamed Rect: pos = array([  6.50592589, -35.71453635])
25.3925 	EXP 	unnamed Rect: pos = array([  6.50592589, -35.71453635])
25.4098 	EXP 	unnamed Rect: pos = array([  6.50592589, -35.71453635])
25.4263 	EXP 	unnamed Rect: pos = array([  6.50592589, -35.71453635])
25.4423 	EXP 	unnamed Rect: pos = array([  6.50592589, -35.71453635])
25.4589 	EXP 	unnamed Rect: pos = array([  6.50592589, -35.71453635])
25.4756 	EXP 	unnamed Rect: pos = array([  6.50592589, -35.71453635])
25.4932 	EXP 	unnamed Rect: pos = array([  6.50592589, -35.71453635])
25.5096 	EXP 	unnamed Rect: pos = array([  6.50592589, -35.71453635])
25.5255 	EXP 	unnamed Rect: pos = array([  6.50592589, -35.71453635])
25.5419 	EXP 	unnamed Rect: pos = array([  6.50592589, -35.71453635])
25.5591 	EXP 	unnamed Rect: pos = array([  6.50592589, -35.71453635])
25.5753 	EXP 	unnamed Rect: pos = array([  6.50592589, -35.71453635])
25.5922 	EXP 	unnamed Rect: pos = array([  6.50592589, -35.71453635])
25.6089 	EXP 	unnamed Rect: pos = array([  6.50592589, -35.71453635])
25.6258 	EXP 	unnamed Rect: pos = array([  6.50592589, -35.71453635])
25.6420 	EXP 	unnamed Rect: pos = array([  6.50592589, -35.71453635])
25.6588 	EXP 	unnamed Rect: pos = array([  6.50592589, -35.71453635])
25.6757 	EXP 	unnamed Rect: pos = array([  6.50592589, -35.71453635])
25.6927 	EXP 	unnamed Rect: pos = array([  6.50592589, -35.71453635])
25.7088 	EXP 	unnamed Rect: pos = array([  6.50592589, -35.71453635])
25.7255 	EXP 	unnamed Rect: pos = array([  6.50592589, -35.71453635])
25.7425 	EXP 	unnamed Rect: pos = array([  6.50592589, -35.71453635])
25.7590 	EXP 	unnamed Rect: pos = array([  6.50592589, -35.71453635])
25.7754 	EXP 	unnamed Rect: pos = array([  6.50592589, -35.71453635])
25.7922 	EXP 	unnamed Rect: pos = array([  6.50592589, -35.71453635])
25.8087 	EXP 	unnamed Rect: pos = array([  6.50592589, -35.71453635])
25.8254 	EXP 	unnamed Rect: pos = array([  6.50592589, -35.71453635])
25.8420 	EXP 	unnamed Rect: pos = array([  6.50592589, -35.71453635])
25.8591 	EXP 	unnamed Rect: pos = array([  6.50592589, -35.71453635])
25.8755 	EXP 	unnamed Rect: pos = array([  6.50592589, -35.71453635])
25.8930 	EXP 	unnamed Rect: pos = array([  6.50592589, -35.71453635])
25.9089 	EXP 	unnamed Rect: pos = array([  6.50592589, -35.71453635])
25.9261 	EXP 	unnamed Rect: pos = array([  6.50592589, -35.71453635])
25.9425 	EXP 	unnamed Rect: pos = array([  6.50592589, -35.71453635])
25.9591 	EXP 	unnamed Rect: pos = array([  6.50592589, -35.71453635])
25.9758 	EXP 	unnamed Rect: pos = array([  6.50592589, -35.71453635])
25.9922 	EXP 	unnamed Rect: pos = array([  6.50592589, -35.71453635])
26.0094 	EXP 	unnamed Rect: pos = array([  6.50592589, -35.71453635])
26.0253 	EXP 	unnamed Rect: pos = array([  6.50592589, -35.71453635])
26.0425 	EXP 	unnamed Rect: pos = array([  6.50592589, -35.71453635])
26.0592 	EXP 	unnamed Rect: pos = array([  6.50592589, -35.71453635])
26.0755 	EXP 	unnamed Rect: pos = array([  6.50592589, -35.71453635])
26.0916 	EXP 	unnamed Rect: pos = array([  6.50592589, -35.71453635])
26.1089 	EXP 	unnamed Rect: pos = array([  6.50592589, -35.71453635])
26.1258 	EXP 	unnamed Rect: pos = array([  6.50592589, -35.71453635])
26.1422 	EXP 	unnamed Rect: pos = array([  6.50592589, -35.71453635])
26.1592 	EXP 	unnamed Rect: pos = array([  6.50592589, -35.71453635])
26.1761 	EXP 	text: autoDraw = True
27.2140 	DATA 	Keypress: escape
27.4228 	EXP 	window1: mouseVisible = True
