0.5987 	WARNING 	We strongly recommend you activate the PTB sound engine in PsychoPy prefs as the preferred audio engine. Its timing is vastly superior. Your prefs are currently set to use ['sounddevice', 'PTB', 'pyo', 'pygame'] (in that order).
5.4975 	ERROR 	'-1.0000, -1.0000, -1.0000' is not a valid rgb color
6.1071 	EXP 	Created window1 = Window(allowGUI=False, allowStencil=False, autoLog=True, backendConf=UNKNOWN, bitsMode=UNKNOWN, blendMode='avg', bpc=(8, 8, 8), color=array([0, 0, 0]), colorSpace='rgb', depthBits=8, fullscr=<method-wrapper '__getattribute__' of attributeSetter object at 0x7fdd0dc95a20>, gamma=None, gammaErrorPolicy='raise', lms=UNKNOWN, monitor=<psychopy.monitors.calibTools.Monitor object at 0x7fdd0d20d4a8>, multiSample=False, name='window1', numSamples=2, pos=[360.0, 225.0], screen=0, size=array([2880, 1800]), stencilBits=0, stereo=False, units='height', useFBO=True, useRetina=True, viewOri=0.0, viewPos=None, viewScale=None, waitBlanking=True, winType='pyglet')
6.1073 	EXP 	window1: mouseVisible = True
6.1074 	EXP 	window1: recordFrameIntervals = False
6.2739 	EXP 	window1: recordFrameIntervals = True
6.4574 	EXP 	window1: recordFrameIntervals = False
7.0376 	DEPRECATION 	'1.0000, 1.0000, 1.0000' is not a valid rgb color
7.0646 	EXP 	Created Welcometext = TextStim(__class__=<class 'psychopy.visual.text.TextStim'>, alignHoriz=method-wrapper(...), alignText='center', alignVert=method-wrapper(...), anchorHoriz='center', anchorVert='center', antialias=True, autoLog=True, bold=False, color=array([0., 0., 0.]), colorSpace='rgb', contrast=1.0, depth=0.0, flipHoriz=False, flipVert=False, font='Open Sans', fontFiles=[], height=0.05, italic=False, languageStyle='LTR', name='Welcometext', opacity=0, ori=0.0, pos=array([0., 0.]), rgb=UNKNOWN, text='Welcome\nPlease press Spacebar to start', units='height', win=Window(...), wrapWidth=1)
7.4132 	EXP 	Created text = TextStim(__class__=<class 'psychopy.visual.text.TextStim'>, alignHoriz=method-wrapper(...), alignText='center', alignVert=method-wrapper(...), anchorHoriz='center', anchorVert='center', antialias=True, autoLog=True, bold=False, color=array([1., 1., 1.]), colorSpace='rgb', contrast=1.0, depth=0.0, flipHoriz=False, flipVert=False, font='Open Sans', fontFiles=[], height=0.05, italic=False, languageStyle='LTR', name='text', opacity=1, ori=0.0, pos=array([0., 0.]), rgb=UNKNOWN, text=str(...), units='height', win=Window(...), wrapWidth=1)
7.4137 	EXP 	Created sequence: random, trialTypes=1, nReps=5, seed=None
7.4139 	EXP 	New trial (rep=0, index=0): None
7.4196 	EXP 	Welcometext: autoDraw = True
11.0464 	EXP 	Created unnamed Rect = Rect(__class__=<class 'psychopy.visual.rect.Rect'>, autoDraw=False, autoLog=True, closeShape=True, color=method-wrapper(...), colorSpace='rgb', contrast=None, depth=0, fillColor=array([ 1, -1, -1]), fillColorSpace='rgb', fillRGB=array([ 1, -1, -1]), interpolate=True, lineColor=array([-1., -1.,  1.]), lineColorSpace='rgb', lineRGB=array([-1, -1,  1]), lineWidth=1.5, name='unnamed Rect', opacity=1, ori=0.0, pos=array([0., 0.]), size=array([1000.,  700.]), units='pix', vertices=ndarray(...), win=Window(...))
11.0490 	EXP 	Created unnamed Rect = Rect(__class__=<class 'psychopy.visual.rect.Rect'>, autoDraw=False, autoLog=True, closeShape=True, color=method-wrapper(...), colorSpace='rgb', contrast=None, depth=0, fillColor=array([-1, -1, -1]), fillColorSpace='rgb', fillRGB=array([-1, -1, -1]), interpolate=True, lineColor=array([-1., -1.,  1.]), lineColorSpace='rgb', lineRGB=array([-1, -1,  1]), lineWidth=1.5, name='unnamed Rect', opacity=1, ori=0.0, pos=array([0., 0.]), size=array([400., 600.]), units='pix', vertices=ndarray(...), win=Window(...))
11.0515 	EXP 	Created unnamed Rect = Rect(__class__=<class 'psychopy.visual.rect.Rect'>, autoDraw=False, autoLog=True, closeShape=True, color=method-wrapper(...), colorSpace='rgb', contrast=None, depth=0, fillColor=array([-1, -1, -1]), fillColorSpace='rgb', fillRGB=array([-1, -1, -1]), interpolate=True, lineColor=array([-1., -1.,  1.]), lineColorSpace='rgb', lineRGB=array([-1, -1,  1]), lineWidth=1.5, name='unnamed Rect', opacity=1, ori=0.0, pos=array([0., 0.]), size=array([400., 600.]), units='pix', vertices=ndarray(...), win=Window(...))
11.0549 	EXP 	Created unnamed Rect = Rect(__class__=<class 'psychopy.visual.rect.Rect'>, autoDraw=False, autoLog=True, closeShape=True, color=method-wrapper(...), colorSpace='rgb', contrast=None, depth=0, fillColor=array([ 1,  1, -1]), fillColorSpace='rgb', fillRGB=array([ 1,  1, -1]), interpolate=True, lineColor=array([0., 0., 0.]), lineColorSpace='rgb', lineRGB=array([0, 0, 0]), lineWidth=1.5, name='unnamed Rect', opacity=0.5, ori=0.0, pos=array([0., 0.]), size=array([30., 30.]), units='pix', vertices=ndarray(...), win=Window(...))
11.0579 	EXP 	Created unnamed Rect = Rect(__class__=<class 'psychopy.visual.rect.Rect'>, autoDraw=False, autoLog=True, closeShape=True, color=method-wrapper(...), colorSpace='rgb', contrast=None, depth=0, fillColor=array([ 1,  1, -1]), fillColorSpace='rgb', fillRGB=array([ 1,  1, -1]), interpolate=True, lineColor=array([0., 0., 0.]), lineColorSpace='rgb', lineRGB=array([0, 0, 0]), lineWidth=1.5, name='unnamed Rect', opacity=0.5, ori=0.0, pos=array([0., 0.]), size=array([30., 30.]), units='pix', vertices=ndarray(...), win=Window(...))
11.0608 	EXP 	Created unnamed Rect = Rect(__class__=<class 'psychopy.visual.rect.Rect'>, autoDraw=False, autoLog=True, closeShape=True, color=method-wrapper(...), colorSpace='rgb', contrast=None, depth=0, fillColor=array([ 1,  1, -1]), fillColorSpace='rgb', fillRGB=array([ 1,  1, -1]), interpolate=True, lineColor=array([0., 0., 0.]), lineColorSpace='rgb', lineRGB=array([0, 0, 0]), lineWidth=1.5, name='unnamed Rect', opacity=0.5, ori=0.0, pos=array([0., 0.]), size=array([30., 30.]), units='pix', vertices=ndarray(...), win=Window(...))
11.0635 	EXP 	Created unnamed Rect = Rect(__class__=<class 'psychopy.visual.rect.Rect'>, autoDraw=False, autoLog=True, closeShape=True, color=method-wrapper(...), colorSpace='rgb', contrast=None, depth=0, fillColor=array([ 1,  1, -1]), fillColorSpace='rgb', fillRGB=array([ 1,  1, -1]), interpolate=True, lineColor=array([0., 0., 0.]), lineColorSpace='rgb', lineRGB=array([0, 0, 0]), lineWidth=1.5, name='unnamed Rect', opacity=0.5, ori=0.0, pos=array([0., 0.]), size=array([30., 30.]), units='pix', vertices=ndarray(...), win=Window(...))
11.0658 	EXP 	Created unnamed Rect = Rect(__class__=<class 'psychopy.visual.rect.Rect'>, autoDraw=False, autoLog=True, closeShape=True, color=method-wrapper(...), colorSpace='rgb', contrast=None, depth=0, fillColor=array([ 1,  1, -1]), fillColorSpace='rgb', fillRGB=array([ 1,  1, -1]), interpolate=True, lineColor=array([0., 0., 0.]), lineColorSpace='rgb', lineRGB=array([0, 0, 0]), lineWidth=1.5, name='unnamed Rect', opacity=0.5, ori=0.0, pos=array([0., 0.]), size=array([30., 30.]), units='pix', vertices=ndarray(...), win=Window(...))
11.0681 	EXP 	Created unnamed Rect = Rect(__class__=<class 'psychopy.visual.rect.Rect'>, autoDraw=False, autoLog=True, closeShape=True, color=method-wrapper(...), colorSpace='rgb', contrast=None, depth=0, fillColor=array([ 1,  1, -1]), fillColorSpace='rgb', fillRGB=array([ 1,  1, -1]), interpolate=True, lineColor=array([0., 0., 0.]), lineColorSpace='rgb', lineRGB=array([0, 0, 0]), lineWidth=1.5, name='unnamed Rect', opacity=0.5, ori=0.0, pos=array([0., 0.]), size=array([30., 30.]), units='pix', vertices=ndarray(...), win=Window(...))
11.0704 	EXP 	Created unnamed Rect = Rect(__class__=<class 'psychopy.visual.rect.Rect'>, autoDraw=False, autoLog=True, closeShape=True, color=method-wrapper(...), colorSpace='rgb', contrast=None, depth=0, fillColor=array([ 1,  1, -1]), fillColorSpace='rgb', fillRGB=array([ 1,  1, -1]), interpolate=True, lineColor=array([0., 0., 0.]), lineColorSpace='rgb', lineRGB=array([0, 0, 0]), lineWidth=1.5, name='unnamed Rect', opacity=0.5, ori=0.0, pos=array([0., 0.]), size=array([30., 30.]), units='pix', vertices=ndarray(...), win=Window(...))
11.1104 	EXP 	Created unnamed ImageStim = ImageStim(__class__=<class 'psychopy.visual.image.ImageStim'>, autoLog=True, color=array([1., 1., 1.]), colorSpace='rgb', contrast=1.0, depth=0, flipHoriz=False, flipVert=False, image='tree.png', interpolate=False, mask=None, maskParams=None, name='unnamed ImageStim', opacity=1, ori=0.0, pos=array([0., 0.]), size=array([512, 512]), texRes=128, units='pix', win=Window(...))
11.1307 	EXP 	Created unnamed ImageStim = ImageStim(__class__=<class 'psychopy.visual.image.ImageStim'>, autoLog=True, color=array([1., 1., 1.]), colorSpace='rgb', contrast=1.0, depth=0, flipHoriz=False, flipVert=False, image='tree.png', interpolate=False, mask=None, maskParams=None, name='unnamed ImageStim', opacity=1, ori=0.0, pos=array([0., 0.]), size=array([512, 512]), texRes=128, units='pix', win=Window(...))
11.1504 	EXP 	Created unnamed ImageStim = ImageStim(__class__=<class 'psychopy.visual.image.ImageStim'>, autoLog=True, color=array([1., 1., 1.]), colorSpace='rgb', contrast=1.0, depth=0, flipHoriz=False, flipVert=False, image='tree.png', interpolate=False, mask=None, maskParams=None, name='unnamed ImageStim', opacity=1, ori=0.0, pos=array([0., 0.]), size=array([512, 512]), texRes=128, units='pix', win=Window(...))
11.1679 	EXP 	Created unnamed ImageStim = ImageStim(__class__=<class 'psychopy.visual.image.ImageStim'>, autoLog=True, color=array([1., 1., 1.]), colorSpace='rgb', contrast=1.0, depth=0, flipHoriz=False, flipVert=False, image='tree.png', interpolate=False, mask=None, maskParams=None, name='unnamed ImageStim', opacity=1, ori=0.0, pos=array([0., 0.]), size=array([512, 512]), texRes=128, units='pix', win=Window(...))
11.1853 	EXP 	Created unnamed ImageStim = ImageStim(__class__=<class 'psychopy.visual.image.ImageStim'>, autoLog=True, color=array([1., 1., 1.]), colorSpace='rgb', contrast=1.0, depth=0, flipHoriz=False, flipVert=False, image='tree.png', interpolate=False, mask=None, maskParams=None, name='unnamed ImageStim', opacity=1, ori=0.0, pos=array([0., 0.]), size=array([512, 512]), texRes=128, units='pix', win=Window(...))
11.2027 	EXP 	Created unnamed ImageStim = ImageStim(__class__=<class 'psychopy.visual.image.ImageStim'>, autoLog=True, color=array([1., 1., 1.]), colorSpace='rgb', contrast=1.0, depth=0, flipHoriz=False, flipVert=False, image='tree.png', interpolate=False, mask=None, maskParams=None, name='unnamed ImageStim', opacity=1, ori=0.0, pos=array([0., 0.]), size=array([512, 512]), texRes=128, units='pix', win=Window(...))
11.2202 	EXP 	Created unnamed ImageStim = ImageStim(__class__=<class 'psychopy.visual.image.ImageStim'>, autoLog=True, color=array([1., 1., 1.]), colorSpace='rgb', contrast=1.0, depth=0, flipHoriz=False, flipVert=False, image='tree.png', interpolate=False, mask=None, maskParams=None, name='unnamed ImageStim', opacity=1, ori=0.0, pos=array([0., 0.]), size=array([512, 512]), texRes=128, units='pix', win=Window(...))
11.2376 	EXP 	Created unnamed ImageStim = ImageStim(__class__=<class 'psychopy.visual.image.ImageStim'>, autoLog=True, color=array([1., 1., 1.]), colorSpace='rgb', contrast=1.0, depth=0, flipHoriz=False, flipVert=False, image='tree.png', interpolate=False, mask=None, maskParams=None, name='unnamed ImageStim', opacity=1, ori=0.0, pos=array([0., 0.]), size=array([512, 512]), texRes=128, units='pix', win=Window(...))
11.2550 	EXP 	Created unnamed ImageStim = ImageStim(__class__=<class 'psychopy.visual.image.ImageStim'>, autoLog=True, color=array([1., 1., 1.]), colorSpace='rgb', contrast=1.0, depth=0, flipHoriz=False, flipVert=False, image='tree.png', interpolate=False, mask=None, maskParams=None, name='unnamed ImageStim', opacity=1, ori=0.0, pos=array([0., 0.]), size=array([512, 512]), texRes=128, units='pix', win=Window(...))
11.2723 	EXP 	Created unnamed ImageStim = ImageStim(__class__=<class 'psychopy.visual.image.ImageStim'>, autoLog=True, color=array([1., 1., 1.]), colorSpace='rgb', contrast=1.0, depth=0, flipHoriz=False, flipVert=False, image='tree.png', interpolate=False, mask=None, maskParams=None, name='unnamed ImageStim', opacity=1, ori=0.0, pos=array([0., 0.]), size=array([512, 512]), texRes=128, units='pix', win=Window(...))
11.2897 	EXP 	Created unnamed ImageStim = ImageStim(__class__=<class 'psychopy.visual.image.ImageStim'>, autoLog=True, color=array([1., 1., 1.]), colorSpace='rgb', contrast=1.0, depth=0, flipHoriz=False, flipVert=False, image='tree.png', interpolate=False, mask=None, maskParams=None, name='unnamed ImageStim', opacity=1, ori=0.0, pos=array([0., 0.]), size=array([512, 512]), texRes=128, units='pix', win=Window(...))
11.3071 	EXP 	Created unnamed ImageStim = ImageStim(__class__=<class 'psychopy.visual.image.ImageStim'>, autoLog=True, color=array([1., 1., 1.]), colorSpace='rgb', contrast=1.0, depth=0, flipHoriz=False, flipVert=False, image='tree.png', interpolate=False, mask=None, maskParams=None, name='unnamed ImageStim', opacity=1, ori=0.0, pos=array([0., 0.]), size=array([512, 512]), texRes=128, units='pix', win=Window(...))
11.3246 	EXP 	Created unnamed ImageStim = ImageStim(__class__=<class 'psychopy.visual.image.ImageStim'>, autoLog=True, color=array([1., 1., 1.]), colorSpace='rgb', contrast=1.0, depth=0, flipHoriz=False, flipVert=False, image='tree.png', interpolate=False, mask=None, maskParams=None, name='unnamed ImageStim', opacity=1, ori=0.0, pos=array([0., 0.]), size=array([512, 512]), texRes=128, units='pix', win=Window(...))
11.3424 	EXP 	Created unnamed ImageStim = ImageStim(__class__=<class 'psychopy.visual.image.ImageStim'>, autoLog=True, color=array([1., 1., 1.]), colorSpace='rgb', contrast=1.0, depth=0, flipHoriz=False, flipVert=False, image='tree.png', interpolate=False, mask=None, maskParams=None, name='unnamed ImageStim', opacity=1, ori=0.0, pos=array([0., 0.]), size=array([512, 512]), texRes=128, units='pix', win=Window(...))
11.3599 	EXP 	Created unnamed ImageStim = ImageStim(__class__=<class 'psychopy.visual.image.ImageStim'>, autoLog=True, color=array([1., 1., 1.]), colorSpace='rgb', contrast=1.0, depth=0, flipHoriz=False, flipVert=False, image='tree.png', interpolate=False, mask=None, maskParams=None, name='unnamed ImageStim', opacity=1, ori=0.0, pos=array([0., 0.]), size=array([512, 512]), texRes=128, units='pix', win=Window(...))
11.3704 	DATA 	Keypress: space
11.3761 	EXP 	Welcometext: autoDraw = False
11.3761 	EXP 	unnamed Rect: pos = [-250, 0]
11.3761 	EXP 	unnamed Rect: pos = [250, 0]
11.3761 	EXP 	unnamed Rect: pos = [-235.06197553766722, -264.77794907391313]
11.3761 	EXP 	unnamed Rect: pos = [-384.75191360266706, 75.23243413401549]
11.3761 	EXP 	unnamed Rect: pos = [416.7072141546872, -51.691974400962536]
11.3761 	EXP 	unnamed Rect: pos = [261.2146690034453, -6.241745833217718]
11.3761 	EXP 	unnamed Rect: pos = [366.9095635196976, 8.777732194445553]
11.3761 	EXP 	unnamed Rect: pos = [398.7142130573572, -82.27852965884333]
11.3761 	EXP 	unnamed Rect: pos = [105.74686536690581, -49.06688079922504]
11.3761 	EXP 	unnamed ImageStim: size = [51.2, 51.2]
11.3761 	EXP 	unnamed ImageStim: size = [51.2, 51.2]
11.3761 	EXP 	unnamed ImageStim: size = [51.2, 51.2]
11.3761 	EXP 	unnamed ImageStim: size = [51.2, 51.2]
11.3761 	EXP 	unnamed ImageStim: size = [51.2, 51.2]
11.3761 	EXP 	unnamed ImageStim: size = [51.2, 51.2]
11.3761 	EXP 	unnamed ImageStim: size = [51.2, 51.2]
11.3761 	EXP 	unnamed ImageStim: size = [51.2, 51.2]
11.3761 	EXP 	unnamed ImageStim: size = [51.2, 51.2]
11.3761 	EXP 	unnamed ImageStim: size = [51.2, 51.2]
11.3761 	EXP 	unnamed ImageStim: size = [51.2, 51.2]
11.3761 	EXP 	unnamed ImageStim: size = [51.2, 51.2]
11.3761 	EXP 	unnamed ImageStim: size = [51.2, 51.2]
11.3761 	EXP 	unnamed ImageStim: size = [51.2, 51.2]
11.3761 	EXP 	unnamed ImageStim: size = [51.2, 51.2]
11.3761 	EXP 	unnamed ImageStim: pos = [139.52586083883216, 140.1551091862552]
11.3761 	EXP 	unnamed ImageStim: pos = [-105.74193566813207, -173.76766235790032]
11.3761 	EXP 	unnamed ImageStim: pos = [6.861854739383621, -241.21653084129775]
11.3761 	EXP 	unnamed ImageStim: pos = [91.47675747761161, -34.1376149302051]
11.3761 	EXP 	unnamed ImageStim: pos = [-59.94562375722131, 1.2238999534073203]
11.3761 	EXP 	unnamed ImageStim: pos = [-110.47413916116784, 140.1551091862552]
11.3761 	EXP 	unnamed ImageStim: pos = [389.52586083883216, 140.1551091862552]
11.3761 	EXP 	unnamed ImageStim: pos = [-355.7419356681321, -173.76766235790032]
11.3761 	EXP 	unnamed ImageStim: pos = [144.25806433186793, -173.76766235790032]
11.3761 	EXP 	unnamed ImageStim: pos = [-243.13814526061637, -241.21653084129775]
11.3761 	EXP 	unnamed ImageStim: pos = [256.8618547393836, -241.21653084129775]
11.3761 	EXP 	unnamed ImageStim: pos = [-158.5232425223884, -34.1376149302051]
11.3761 	EXP 	unnamed ImageStim: pos = [341.4767574776116, -34.1376149302051]
11.3761 	EXP 	unnamed ImageStim: pos = [-309.9456237572213, 1.2238999534073203]
11.3761 	EXP 	unnamed ImageStim: pos = [190.0543762427787, 1.2238999534073203]
17.5454 	EXP 	Created unnamed Rect = Rect(__class__=<class 'psychopy.visual.rect.Rect'>, autoDraw=False, autoLog=True, closeShape=True, color=method-wrapper(...), colorSpace='rgb', contrast=None, depth=0, fillColor=array([-1, -1, -1]), fillColorSpace='rgb', fillRGB=array([-1, -1, -1]), interpolate=True, lineColor=array([-1., -1.,  1.]), lineColorSpace='rgb', lineRGB=array([-1, -1,  1]), lineWidth=1.5, name='unnamed Rect', opacity=1, ori=0.0, pos=array([0., 0.]), size=array([400., 600.]), units='pix', vertices=ndarray(...), win=Window(...))
17.6013 	EXP 	Created unnamed Rect = Rect(__class__=<class 'psychopy.visual.rect.Rect'>, autoDraw=False, autoLog=True, closeShape=True, color=method-wrapper(...), colorSpace='rgb', contrast=None, depth=0, fillColor=array([-1, -1, -1]), fillColorSpace='rgb', fillRGB=array([-1, -1, -1]), interpolate=True, lineColor=array([-1., -1.,  1.]), lineColorSpace='rgb', lineRGB=array([-1, -1,  1]), lineWidth=1.5, name='unnamed Rect', opacity=1, ori=0.0, pos=array([0., 0.]), size=array([400., 600.]), units='pix', vertices=ndarray(...), win=Window(...))
17.6128 	DATA 	Keypress: left
17.6216 	EXP 	unnamed Rect: pos = array([  14.93802446, -264.77794907])
17.6216 	EXP 	unnamed Rect: pos = array([-134.7519136 ,   75.23243413])
17.6216 	EXP 	unnamed Rect: pos = array([  14.93802446, -264.77794907])
17.6296 	EXP 	unnamed Rect: pos = array([  14.93802446, -264.77794907])
17.6372 	EXP 	unnamed Rect: pos = array([  14.93802446, -264.77794907])
17.6443 	EXP 	unnamed Rect: pos = array([  14.93802446, -264.77794907])
17.6565 	EXP 	unnamed Rect: pos = array([  14.93802446, -264.77794907])
17.6728 	EXP 	unnamed Rect: pos = array([  14.93802446, -264.77794907])
17.6896 	EXP 	unnamed Rect: pos = array([  14.93802446, -264.77794907])
17.7060 	EXP 	unnamed Rect: pos = array([  14.93802446, -264.77794907])
17.7226 	EXP 	unnamed Rect: pos = array([  14.93802446, -264.77794907])
17.7390 	EXP 	unnamed Rect: pos = array([  14.93802446, -264.77794907])
17.7556 	EXP 	unnamed Rect: pos = array([  14.93802446, -264.77794907])
17.7721 	EXP 	unnamed Rect: pos = array([  14.93802446, -264.77794907])
17.7889 	EXP 	unnamed Rect: pos = array([  14.93802446, -264.77794907])
17.8055 	EXP 	unnamed Rect: pos = array([  14.93802446, -264.77794907])
17.8217 	EXP 	unnamed Rect: pos = array([  14.93802446, -264.77794907])
17.8396 	EXP 	unnamed Rect: pos = array([  14.93802446, -264.77794907])
17.8555 	EXP 	unnamed Rect: pos = array([  14.93802446, -264.77794907])
17.8721 	EXP 	unnamed Rect: pos = array([  14.93802446, -264.77794907])
17.8894 	EXP 	unnamed Rect: pos = array([  14.93802446, -264.77794907])
17.8901 	DATA 	Keypress: up
17.9359 	EXP 	unnamed Rect: pos = array([  14.93802446, -254.77794907])
17.9432 	EXP 	unnamed Rect: pos = array([  14.93802446, -254.77794907])
17.9557 	EXP 	unnamed Rect: pos = array([  14.93802446, -254.77794907])
17.9729 	EXP 	unnamed Rect: pos = array([  14.93802446, -254.77794907])
17.9901 	EXP 	unnamed Rect: pos = array([  14.93802446, -254.77794907])
18.0061 	EXP 	unnamed Rect: pos = array([  14.93802446, -254.77794907])
18.0225 	EXP 	unnamed Rect: pos = array([  14.93802446, -254.77794907])
18.0390 	EXP 	unnamed Rect: pos = array([  14.93802446, -254.77794907])
18.0556 	EXP 	unnamed Rect: pos = array([  14.93802446, -254.77794907])
18.0724 	EXP 	unnamed Rect: pos = array([  14.93802446, -254.77794907])
18.0812 	DATA 	Keypress: up
18.0893 	EXP 	unnamed Rect: pos = array([  14.93802446, -254.77794907])
18.0898 	DATA 	Keypress: down
18.1059 	EXP 	unnamed Rect: pos = array([  14.93802446, -244.77794907])
18.1224 	EXP 	unnamed Rect: pos = array([  14.93802446, -244.77794907])
18.1401 	EXP 	unnamed Rect: pos = array([  14.93802446, -244.77794907])
18.1558 	EXP 	unnamed Rect: pos = array([  14.93802446, -244.77794907])
18.1723 	EXP 	unnamed Rect: pos = array([  14.93802446, -244.77794907])
18.1889 	EXP 	unnamed Rect: pos = array([  14.93802446, -244.77794907])
18.2057 	EXP 	unnamed Rect: pos = array([  14.93802446, -244.77794907])
18.2227 	EXP 	unnamed Rect: pos = array([  14.93802446, -244.77794907])
18.2392 	EXP 	unnamed Rect: pos = array([  14.93802446, -244.77794907])
18.2561 	EXP 	unnamed Rect: pos = array([  14.93802446, -244.77794907])
18.2722 	EXP 	unnamed Rect: pos = array([  14.93802446, -244.77794907])
18.2892 	EXP 	unnamed Rect: pos = array([  14.93802446, -244.77794907])
18.3059 	EXP 	unnamed Rect: pos = array([  14.93802446, -244.77794907])
18.3223 	EXP 	unnamed Rect: pos = array([  14.93802446, -244.77794907])
18.3392 	EXP 	unnamed Rect: pos = array([  14.93802446, -244.77794907])
18.3563 	EXP 	unnamed Rect: pos = array([  14.93802446, -244.77794907])
18.3569 	DATA 	Keypress: up
18.3728 	EXP 	unnamed Rect: pos = array([  14.93802446, -234.77794907])
18.3896 	EXP 	unnamed Rect: pos = array([  14.93802446, -234.77794907])
18.4062 	EXP 	unnamed Rect: pos = array([  14.93802446, -234.77794907])
18.4222 	EXP 	unnamed Rect: pos = array([  14.93802446, -234.77794907])
18.4403 	EXP 	unnamed Rect: pos = array([  14.93802446, -234.77794907])
18.4562 	EXP 	unnamed Rect: pos = array([  14.93802446, -234.77794907])
18.4723 	EXP 	unnamed Rect: pos = array([  14.93802446, -234.77794907])
18.4889 	EXP 	unnamed Rect: pos = array([  14.93802446, -234.77794907])
18.5064 	EXP 	unnamed Rect: pos = array([  14.93802446, -234.77794907])
18.5223 	EXP 	unnamed Rect: pos = array([  14.93802446, -234.77794907])
18.5403 	EXP 	unnamed Rect: pos = array([  14.93802446, -234.77794907])
18.5409 	DATA 	Keypress: up
18.5561 	EXP 	unnamed Rect: pos = array([  14.93802446, -224.77794907])
18.5727 	EXP 	unnamed Rect: pos = array([  14.93802446, -224.77794907])
18.5891 	EXP 	unnamed Rect: pos = array([  14.93802446, -224.77794907])
18.6065 	EXP 	unnamed Rect: pos = array([  14.93802446, -224.77794907])
18.6226 	EXP 	unnamed Rect: pos = array([  14.93802446, -224.77794907])
18.6270 	DATA 	Keypress: left
18.6401 	EXP 	unnamed Rect: pos = array([  14.93802446, -224.77794907])
18.6558 	EXP 	unnamed Rect: pos = array([   4.93802446, -224.77794907])
18.6727 	EXP 	unnamed Rect: pos = array([   4.93802446, -224.77794907])
18.6893 	EXP 	unnamed Rect: pos = array([   4.93802446, -224.77794907])
18.7062 	EXP 	unnamed Rect: pos = array([   4.93802446, -224.77794907])
18.7223 	EXP 	unnamed Rect: pos = array([   4.93802446, -224.77794907])
18.7390 	EXP 	unnamed Rect: pos = array([   4.93802446, -224.77794907])
18.7555 	EXP 	unnamed Rect: pos = array([   4.93802446, -224.77794907])
18.7723 	EXP 	unnamed Rect: pos = array([   4.93802446, -224.77794907])
18.7763 	DATA 	Keypress: left
18.7898 	EXP 	unnamed Rect: pos = array([   4.93802446, -224.77794907])
18.8060 	EXP 	unnamed Rect: pos = array([  -5.06197554, -224.77794907])
18.8225 	EXP 	unnamed Rect: pos = array([  -5.06197554, -224.77794907])
18.8393 	EXP 	unnamed Rect: pos = array([  -5.06197554, -224.77794907])
18.8564 	EXP 	unnamed Rect: pos = array([  -5.06197554, -224.77794907])
18.8725 	EXP 	unnamed Rect: pos = array([  -5.06197554, -224.77794907])
18.8890 	EXP 	unnamed Rect: pos = array([  -5.06197554, -224.77794907])
18.9056 	EXP 	unnamed Rect: pos = array([  -5.06197554, -224.77794907])
18.9227 	EXP 	unnamed Rect: pos = array([  -5.06197554, -224.77794907])
18.9232 	DATA 	Keypress: left
18.9388 	EXP 	unnamed Rect: pos = array([ -15.06197554, -224.77794907])
18.9554 	EXP 	unnamed Rect: pos = array([ -15.06197554, -224.77794907])
18.9720 	EXP 	unnamed Rect: pos = array([ -15.06197554, -224.77794907])
18.9890 	EXP 	unnamed Rect: pos = array([ -15.06197554, -224.77794907])
19.0061 	EXP 	unnamed Rect: pos = array([ -15.06197554, -224.77794907])
19.0221 	EXP 	unnamed Rect: pos = array([ -15.06197554, -224.77794907])
19.0389 	EXP 	unnamed Rect: pos = array([ -15.06197554, -224.77794907])
19.0556 	EXP 	unnamed Rect: pos = array([ -15.06197554, -224.77794907])
19.0723 	EXP 	unnamed Rect: pos = array([ -15.06197554, -224.77794907])
19.0894 	EXP 	unnamed Rect: pos = array([ -15.06197554, -224.77794907])
19.0900 	DATA 	Keypress: left
19.1054 	EXP 	unnamed Rect: pos = array([ -25.06197554, -224.77794907])
19.1226 	EXP 	unnamed Rect: pos = array([ -25.06197554, -224.77794907])
19.1390 	EXP 	unnamed Rect: pos = array([ -25.06197554, -224.77794907])
19.1560 	EXP 	unnamed Rect: pos = array([ -25.06197554, -224.77794907])
19.1724 	EXP 	unnamed Rect: pos = array([ -25.06197554, -224.77794907])
19.1893 	EXP 	unnamed Rect: pos = array([ -25.06197554, -224.77794907])
19.2056 	EXP 	unnamed Rect: pos = array([ -25.06197554, -224.77794907])
19.2222 	EXP 	unnamed Rect: pos = array([ -25.06197554, -224.77794907])
19.2407 	EXP 	unnamed Rect: pos = array([ -25.06197554, -224.77794907])
19.2413 	DATA 	Keypress: up
19.2560 	EXP 	unnamed Rect: pos = array([ -25.06197554, -214.77794907])
19.2726 	EXP 	unnamed Rect: pos = array([ -25.06197554, -214.77794907])
19.2897 	EXP 	unnamed Rect: pos = array([ -25.06197554, -214.77794907])
19.3065 	EXP 	unnamed Rect: pos = array([ -25.06197554, -214.77794907])
19.3233 	EXP 	unnamed Rect: pos = array([ -25.06197554, -214.77794907])
19.3401 	EXP 	unnamed Rect: pos = array([ -25.06197554, -214.77794907])
19.3736 	EXP 	unnamed Rect: pos = array([ -25.06197554, -214.77794907])
19.3888 	EXP 	unnamed Rect: pos = array([ -25.06197554, -214.77794907])
19.4050 	EXP 	unnamed Rect: pos = array([ -25.06197554, -214.77794907])
19.4091 	DATA 	Keypress: up
19.4222 	EXP 	unnamed Rect: pos = array([ -25.06197554, -214.77794907])
19.4396 	EXP 	unnamed Rect: pos = array([ -25.06197554, -204.77794907])
19.4560 	EXP 	unnamed Rect: pos = array([ -25.06197554, -204.77794907])
19.4725 	EXP 	unnamed Rect: pos = array([ -25.06197554, -204.77794907])
19.4899 	EXP 	unnamed Rect: pos = array([ -25.06197554, -204.77794907])
19.5065 	EXP 	unnamed Rect: pos = array([ -25.06197554, -204.77794907])
19.5071 	DATA 	Keypress: up
19.5232 	EXP 	unnamed Rect: pos = array([ -25.06197554, -194.77794907])
19.5395 	EXP 	unnamed Rect: pos = array([ -25.06197554, -194.77794907])
19.5561 	EXP 	unnamed Rect: pos = array([ -25.06197554, -194.77794907])
19.5725 	EXP 	unnamed Rect: pos = array([ -25.06197554, -194.77794907])
19.5891 	EXP 	unnamed Rect: pos = array([ -25.06197554, -194.77794907])
19.6063 	EXP 	unnamed Rect: pos = array([ -25.06197554, -194.77794907])
19.6227 	EXP 	unnamed Rect: pos = array([ -25.06197554, -194.77794907])
19.6397 	EXP 	unnamed Rect: pos = array([ -25.06197554, -194.77794907])
19.6558 	EXP 	unnamed Rect: pos = array([ -25.06197554, -194.77794907])
19.6725 	EXP 	unnamed Rect: pos = array([ -25.06197554, -194.77794907])
19.6891 	EXP 	unnamed Rect: pos = array([ -25.06197554, -194.77794907])
19.7064 	EXP 	unnamed Rect: pos = array([ -25.06197554, -194.77794907])
19.7070 	DATA 	Keypress: left
19.7226 	EXP 	unnamed Rect: pos = array([ -35.06197554, -194.77794907])
19.7393 	EXP 	unnamed Rect: pos = array([ -35.06197554, -194.77794907])
19.7563 	EXP 	unnamed Rect: pos = array([ -35.06197554, -194.77794907])
19.7726 	EXP 	unnamed Rect: pos = array([ -35.06197554, -194.77794907])
19.7899 	EXP 	unnamed Rect: pos = array([ -35.06197554, -194.77794907])
19.8058 	EXP 	unnamed Rect: pos = array([ -35.06197554, -194.77794907])
19.8229 	EXP 	unnamed Rect: pos = array([ -35.06197554, -194.77794907])
19.8395 	EXP 	unnamed Rect: pos = array([ -35.06197554, -194.77794907])
19.8558 	EXP 	unnamed Rect: pos = array([ -35.06197554, -194.77794907])
19.8740 	EXP 	unnamed Rect: pos = array([ -35.06197554, -194.77794907])
19.8746 	DATA 	Keypress: left
19.8899 	EXP 	unnamed Rect: pos = array([ -45.06197554, -194.77794907])
19.9058 	EXP 	unnamed Rect: pos = array([ -45.06197554, -194.77794907])
19.9227 	EXP 	unnamed Rect: pos = array([ -45.06197554, -194.77794907])
19.9398 	EXP 	unnamed Rect: pos = array([ -45.06197554, -194.77794907])
19.9558 	EXP 	unnamed Rect: pos = array([ -45.06197554, -194.77794907])
19.9726 	EXP 	unnamed Rect: pos = array([ -45.06197554, -194.77794907])
19.9891 	EXP 	unnamed Rect: pos = array([ -45.06197554, -194.77794907])
20.0065 	EXP 	unnamed Rect: pos = array([ -45.06197554, -194.77794907])
20.0231 	EXP 	unnamed Rect: pos = array([ -45.06197554, -194.77794907])
20.0403 	EXP 	unnamed Rect: pos = array([ -45.06197554, -194.77794907])
20.0409 	DATA 	Keypress: left
20.0564 	EXP 	unnamed Rect: pos = array([ -55.06197554, -194.77794907])
20.0731 	EXP 	unnamed Rect: pos = array([ -55.06197554, -194.77794907])
20.0892 	EXP 	unnamed Rect: pos = array([ -55.06197554, -194.77794907])
20.1065 	EXP 	unnamed Rect: pos = array([ -55.06197554, -194.77794907])
20.1232 	EXP 	unnamed Rect: pos = array([ -55.06197554, -194.77794907])
20.1393 	EXP 	unnamed Rect: pos = array([ -55.06197554, -194.77794907])
20.1563 	EXP 	unnamed Rect: pos = array([ -55.06197554, -194.77794907])
20.1726 	EXP 	unnamed Rect: pos = array([ -55.06197554, -194.77794907])
20.1893 	EXP 	unnamed Rect: pos = array([ -55.06197554, -194.77794907])
20.2070 	EXP 	unnamed Rect: pos = array([ -55.06197554, -194.77794907])
20.2076 	DATA 	Keypress: left
20.2229 	EXP 	unnamed Rect: pos = array([ -65.06197554, -194.77794907])
20.2393 	EXP 	unnamed Rect: pos = array([ -65.06197554, -194.77794907])
20.2558 	EXP 	unnamed Rect: pos = array([ -65.06197554, -194.77794907])
20.2729 	EXP 	unnamed Rect: pos = array([ -65.06197554, -194.77794907])
20.2894 	EXP 	unnamed Rect: pos = array([ -65.06197554, -194.77794907])
20.3062 	EXP 	unnamed Rect: pos = array([ -65.06197554, -194.77794907])
20.3228 	EXP 	unnamed Rect: pos = array([ -65.06197554, -194.77794907])
20.3392 	EXP 	unnamed Rect: pos = array([ -65.06197554, -194.77794907])
20.3730 	EXP 	unnamed Rect: pos = array([ -65.06197554, -194.77794907])
20.3738 	DATA 	Keypress: up
20.3888 	EXP 	unnamed Rect: pos = array([ -65.06197554, -184.77794907])
20.4055 	EXP 	unnamed Rect: pos = array([ -65.06197554, -184.77794907])
20.4226 	EXP 	unnamed Rect: pos = array([ -65.06197554, -184.77794907])
20.4391 	EXP 	unnamed Rect: pos = array([ -65.06197554, -184.77794907])
20.4560 	EXP 	unnamed Rect: pos = array([ -65.06197554, -184.77794907])
20.4724 	EXP 	unnamed Rect: pos = array([ -65.06197554, -184.77794907])
20.4891 	EXP 	unnamed Rect: pos = array([ -65.06197554, -184.77794907])
20.5057 	EXP 	unnamed Rect: pos = array([ -65.06197554, -184.77794907])
20.5234 	EXP 	unnamed Rect: pos = array([ -65.06197554, -184.77794907])
20.5240 	DATA 	Keypress: left
20.5394 	EXP 	unnamed Rect: pos = array([ -75.06197554, -184.77794907])
20.5577 	EXP 	unnamed Rect: pos = array([ -75.06197554, -184.77794907])
20.5720 	EXP 	unnamed Rect: pos = array([ -75.06197554, -184.77794907])
20.5893 	EXP 	unnamed Rect: pos = array([ -75.06197554, -184.77794907])
20.6064 	EXP 	unnamed Rect: pos = array([ -75.06197554, -184.77794907])
20.6225 	EXP 	unnamed Rect: pos = array([ -75.06197554, -184.77794907])
20.6392 	EXP 	unnamed Rect: pos = array([ -75.06197554, -184.77794907])
20.6558 	EXP 	unnamed Rect: pos = array([ -75.06197554, -184.77794907])
20.6729 	EXP 	unnamed Rect: pos = array([ -75.06197554, -184.77794907])
20.6736 	DATA 	Keypress: left
20.6894 	EXP 	unnamed Rect: pos = array([ -85.06197554, -184.77794907])
20.7061 	EXP 	unnamed Rect: pos = array([ -85.06197554, -184.77794907])
20.7226 	EXP 	unnamed Rect: pos = array([ -85.06197554, -184.77794907])
20.7396 	EXP 	unnamed Rect: pos = array([ -85.06197554, -184.77794907])
20.7559 	EXP 	unnamed Rect: pos = array([ -85.06197554, -184.77794907])
20.7722 	EXP 	unnamed Rect: pos = array([ -85.06197554, -184.77794907])
20.7891 	EXP 	unnamed Rect: pos = array([ -85.06197554, -184.77794907])
20.8056 	EXP 	unnamed Rect: pos = array([ -85.06197554, -184.77794907])
20.8231 	EXP 	unnamed Rect: pos = array([ -85.06197554, -184.77794907])
20.8393 	EXP 	unnamed Rect: pos = array([ -85.06197554, -184.77794907])
20.8399 	DATA 	Keypress: left
20.8559 	EXP 	unnamed Rect: pos = array([ -95.06197554, -184.77794907])
20.8727 	EXP 	unnamed Rect: pos = array([ -95.06197554, -184.77794907])
20.8891 	EXP 	unnamed Rect: pos = array([ -95.06197554, -184.77794907])
20.9056 	EXP 	unnamed Rect: pos = array([ -95.06197554, -184.77794907])
20.9231 	EXP 	unnamed Rect: pos = array([ -95.06197554, -184.77794907])
20.9394 	EXP 	unnamed Rect: pos = array([ -95.06197554, -184.77794907])
20.9557 	EXP 	unnamed Rect: pos = array([ -95.06197554, -184.77794907])
20.9736 	EXP 	unnamed Rect: pos = array([ -95.06197554, -184.77794907])
20.9899 	EXP 	unnamed Rect: pos = array([ -95.06197554, -184.77794907])
21.0062 	EXP 	unnamed Rect: pos = array([ -95.06197554, -184.77794907])
21.0223 	EXP 	unnamed Rect: pos = array([ -95.06197554, -184.77794907])
21.0400 	EXP 	unnamed Rect: pos = array([ -95.06197554, -184.77794907])
21.0562 	EXP 	unnamed Rect: pos = array([ -95.06197554, -184.77794907])
21.0568 	DATA 	Keypress: up
21.0724 	EXP 	unnamed Rect: pos = array([ -95.06197554, -174.77794907])
21.0895 	EXP 	unnamed Rect: pos = array([ -95.06197554, -174.77794907])
21.1070 	EXP 	unnamed Rect: pos = array([ -95.06197554, -174.77794907])
21.1228 	EXP 	unnamed Rect: pos = array([ -95.06197554, -174.77794907])
21.1391 	EXP 	unnamed Rect: pos = array([ -95.06197554, -174.77794907])
21.1562 	EXP 	unnamed Rect: pos = array([ -95.06197554, -174.77794907])
21.1734 	EXP 	unnamed Rect: pos = array([ -95.06197554, -174.77794907])
21.1892 	EXP 	unnamed Rect: pos = array([ -95.06197554, -174.77794907])
21.2067 	EXP 	unnamed Rect: pos = array([ -95.06197554, -174.77794907])
21.2228 	EXP 	unnamed Rect: pos = array([ -95.06197554, -174.77794907])
21.2398 	EXP 	unnamed Rect: pos = array([ -95.06197554, -174.77794907])
21.2560 	EXP 	unnamed Rect: pos = array([ -95.06197554, -174.77794907])
21.2730 	EXP 	unnamed Rect: pos = array([ -95.06197554, -174.77794907])
21.2895 	EXP 	unnamed Rect: pos = array([ -95.06197554, -174.77794907])
21.3063 	EXP 	unnamed Rect: pos = array([ -95.06197554, -174.77794907])
21.3226 	EXP 	unnamed Rect: pos = array([ -95.06197554, -174.77794907])
21.3399 	EXP 	unnamed Rect: pos = array([ -95.06197554, -174.77794907])
21.3560 	EXP 	unnamed Rect: pos = array([ -95.06197554, -174.77794907])
21.3727 	EXP 	unnamed Rect: pos = array([ -95.06197554, -174.77794907])
21.3890 	EXP 	unnamed Rect: pos = array([ -95.06197554, -174.77794907])
21.4066 	EXP 	unnamed Rect: pos = array([ -95.06197554, -174.77794907])
21.4226 	EXP 	unnamed Rect: pos = array([ -95.06197554, -174.77794907])
21.4397 	EXP 	unnamed Rect: pos = array([ -95.06197554, -174.77794907])
21.4564 	EXP 	unnamed Rect: pos = array([ -95.06197554, -174.77794907])
21.4736 	EXP 	unnamed Rect: pos = array([ -95.06197554, -174.77794907])
21.4899 	EXP 	unnamed Rect: pos = array([ -95.06197554, -174.77794907])
21.5060 	EXP 	unnamed Rect: pos = array([ -95.06197554, -174.77794907])
21.5237 	EXP 	unnamed Rect: pos = array([ -95.06197554, -174.77794907])
21.5396 	EXP 	unnamed Rect: pos = array([ -95.06197554, -174.77794907])
21.5563 	EXP 	unnamed Rect: pos = array([ -95.06197554, -174.77794907])
21.5731 	EXP 	unnamed Rect: pos = array([ -95.06197554, -174.77794907])
21.5898 	EXP 	unnamed Rect: pos = array([ -95.06197554, -174.77794907])
21.6060 	EXP 	unnamed Rect: pos = array([ -95.06197554, -174.77794907])
21.6228 	EXP 	unnamed Rect: pos = array([ -95.06197554, -174.77794907])
21.6397 	EXP 	unnamed Rect: pos = array([ -95.06197554, -174.77794907])
21.6560 	EXP 	unnamed Rect: pos = array([ -95.06197554, -174.77794907])
21.6727 	EXP 	unnamed Rect: pos = array([ -95.06197554, -174.77794907])
21.6893 	EXP 	unnamed Rect: pos = array([ -95.06197554, -174.77794907])
21.7063 	EXP 	unnamed Rect: pos = array([ -95.06197554, -174.77794907])
21.7229 	EXP 	unnamed Rect: pos = array([ -95.06197554, -174.77794907])
21.7395 	EXP 	unnamed Rect: pos = array([ -95.06197554, -174.77794907])
21.7563 	EXP 	unnamed Rect: pos = array([ -95.06197554, -174.77794907])
21.7728 	EXP 	unnamed Rect: pos = array([ -95.06197554, -174.77794907])
21.7894 	EXP 	unnamed Rect: pos = array([ -95.06197554, -174.77794907])
21.8060 	EXP 	unnamed Rect: pos = array([ -95.06197554, -174.77794907])
21.8228 	EXP 	unnamed Rect: pos = array([ -95.06197554, -174.77794907])
21.8394 	EXP 	unnamed Rect: pos = array([ -95.06197554, -174.77794907])
21.8559 	EXP 	unnamed Rect: pos = array([ -95.06197554, -174.77794907])
21.8731 	EXP 	unnamed Rect: pos = array([ -95.06197554, -174.77794907])
21.8896 	EXP 	unnamed Rect: pos = array([ -95.06197554, -174.77794907])
21.9058 	EXP 	unnamed Rect: pos = array([ -95.06197554, -174.77794907])
21.9225 	EXP 	unnamed Rect: pos = array([ -95.06197554, -174.77794907])
21.9392 	EXP 	unnamed Rect: pos = array([ -95.06197554, -174.77794907])
21.9559 	EXP 	unnamed Rect: pos = array([ -95.06197554, -174.77794907])
21.9726 	EXP 	unnamed Rect: pos = array([ -95.06197554, -174.77794907])
21.9895 	EXP 	unnamed Rect: pos = array([ -95.06197554, -174.77794907])
22.0060 	EXP 	unnamed Rect: pos = array([ -95.06197554, -174.77794907])
22.0232 	EXP 	unnamed Rect: pos = array([ -95.06197554, -174.77794907])
22.0397 	EXP 	unnamed Rect: pos = array([ -95.06197554, -174.77794907])
22.0560 	EXP 	unnamed Rect: pos = array([ -95.06197554, -174.77794907])
22.0727 	EXP 	unnamed Rect: pos = array([ -95.06197554, -174.77794907])
22.0893 	EXP 	unnamed Rect: pos = array([ -95.06197554, -174.77794907])
22.1060 	EXP 	unnamed Rect: pos = array([ -95.06197554, -174.77794907])
22.1231 	EXP 	unnamed Rect: pos = array([ -95.06197554, -174.77794907])
22.1393 	EXP 	unnamed Rect: pos = array([ -95.06197554, -174.77794907])
22.1560 	EXP 	unnamed Rect: pos = array([ -95.06197554, -174.77794907])
22.1727 	EXP 	unnamed Rect: pos = array([ -95.06197554, -174.77794907])
22.1895 	EXP 	unnamed Rect: pos = array([ -95.06197554, -174.77794907])
22.2062 	EXP 	unnamed Rect: pos = array([ -95.06197554, -174.77794907])
22.2228 	EXP 	unnamed Rect: pos = array([ -95.06197554, -174.77794907])
22.2393 	EXP 	unnamed Rect: pos = array([ -95.06197554, -174.77794907])
22.2562 	EXP 	unnamed Rect: pos = array([ -95.06197554, -174.77794907])
22.2735 	EXP 	unnamed Rect: pos = array([ -95.06197554, -174.77794907])
22.2896 	EXP 	unnamed Rect: pos = array([ -95.06197554, -174.77794907])
22.3070 	EXP 	unnamed Rect: pos = array([ -95.06197554, -174.77794907])
22.3232 	EXP 	unnamed Rect: pos = array([ -95.06197554, -174.77794907])
22.3400 	EXP 	unnamed Rect: pos = array([ -95.06197554, -174.77794907])
22.3558 	EXP 	unnamed Rect: pos = array([ -95.06197554, -174.77794907])
22.3728 	EXP 	unnamed Rect: pos = array([ -95.06197554, -174.77794907])
22.3893 	EXP 	unnamed Rect: pos = array([ -95.06197554, -174.77794907])
22.4060 	EXP 	unnamed Rect: pos = array([ -95.06197554, -174.77794907])
22.4226 	EXP 	unnamed Rect: pos = array([ -95.06197554, -174.77794907])
22.4391 	EXP 	unnamed Rect: pos = array([ -95.06197554, -174.77794907])
22.4559 	EXP 	unnamed Rect: pos = array([ -95.06197554, -174.77794907])
22.4724 	EXP 	unnamed Rect: pos = array([ -95.06197554, -174.77794907])
22.4899 	EXP 	unnamed Rect: pos = array([ -95.06197554, -174.77794907])
22.4908 	DATA 	Keypress: escape
22.5061 	EXP 	unnamed Rect: pos = array([ -95.06197554, -174.77794907])
22.5235 	EXP 	unnamed Rect: pos = array([ -95.06197554, -174.77794907])
22.5396 	EXP 	unnamed Rect: pos = array([ -95.06197554, -174.77794907])
22.5561 	EXP 	unnamed Rect: pos = array([ -95.06197554, -174.77794907])
22.5731 	EXP 	unnamed Rect: pos = array([ -95.06197554, -174.77794907])
22.5892 	EXP 	unnamed Rect: pos = array([ -95.06197554, -174.77794907])
22.6060 	EXP 	unnamed Rect: pos = array([ -95.06197554, -174.77794907])
22.6234 	EXP 	unnamed Rect: pos = array([ -95.06197554, -174.77794907])
22.6394 	EXP 	unnamed Rect: pos = array([ -95.06197554, -174.77794907])
22.6558 	EXP 	unnamed Rect: pos = array([ -95.06197554, -174.77794907])
22.6724 	EXP 	unnamed Rect: pos = array([ -95.06197554, -174.77794907])
22.6891 	EXP 	unnamed Rect: pos = array([ -95.06197554, -174.77794907])
22.7063 	EXP 	unnamed Rect: pos = array([ -95.06197554, -174.77794907])
22.7225 	EXP 	unnamed Rect: pos = array([ -95.06197554, -174.77794907])
22.7399 	EXP 	unnamed Rect: pos = array([ -95.06197554, -174.77794907])
22.7564 	EXP 	unnamed Rect: pos = array([ -95.06197554, -174.77794907])
22.7728 	EXP 	unnamed Rect: pos = array([ -95.06197554, -174.77794907])
22.7897 	EXP 	unnamed Rect: pos = array([ -95.06197554, -174.77794907])
22.8060 	EXP 	unnamed Rect: pos = array([ -95.06197554, -174.77794907])
22.8227 	EXP 	unnamed Rect: pos = array([ -95.06197554, -174.77794907])
22.8396 	EXP 	unnamed Rect: pos = array([ -95.06197554, -174.77794907])
22.8560 	EXP 	unnamed Rect: pos = array([ -95.06197554, -174.77794907])
22.8727 	EXP 	unnamed Rect: pos = array([ -95.06197554, -174.77794907])
22.8896 	EXP 	unnamed Rect: pos = array([ -95.06197554, -174.77794907])
22.9062 	EXP 	unnamed Rect: pos = array([ -95.06197554, -174.77794907])
22.9231 	EXP 	unnamed Rect: pos = array([ -95.06197554, -174.77794907])
22.9396 	EXP 	unnamed Rect: pos = array([ -95.06197554, -174.77794907])
22.9561 	EXP 	unnamed Rect: pos = array([ -95.06197554, -174.77794907])
22.9733 	EXP 	unnamed Rect: pos = array([ -95.06197554, -174.77794907])
22.9898 	EXP 	unnamed Rect: pos = array([ -95.06197554, -174.77794907])
23.0062 	EXP 	unnamed Rect: pos = array([ -95.06197554, -174.77794907])
23.0233 	EXP 	unnamed Rect: pos = array([ -95.06197554, -174.77794907])
23.0398 	EXP 	unnamed Rect: pos = array([ -95.06197554, -174.77794907])
23.0567 	EXP 	unnamed Rect: pos = array([ -95.06197554, -174.77794907])
23.0730 	EXP 	unnamed Rect: pos = array([ -95.06197554, -174.77794907])
23.0898 	EXP 	unnamed Rect: pos = array([ -95.06197554, -174.77794907])
23.1066 	EXP 	unnamed Rect: pos = array([ -95.06197554, -174.77794907])
23.1235 	EXP 	unnamed Rect: pos = array([ -95.06197554, -174.77794907])
23.1397 	EXP 	unnamed Rect: pos = array([ -95.06197554, -174.77794907])
23.1564 	EXP 	unnamed Rect: pos = array([ -95.06197554, -174.77794907])
23.1733 	EXP 	unnamed Rect: pos = array([ -95.06197554, -174.77794907])
23.1896 	EXP 	unnamed Rect: pos = array([ -95.06197554, -174.77794907])
23.2065 	EXP 	unnamed Rect: pos = array([ -95.06197554, -174.77794907])
23.2228 	EXP 	unnamed Rect: pos = array([ -95.06197554, -174.77794907])
23.2397 	EXP 	unnamed Rect: pos = array([ -95.06197554, -174.77794907])
23.2569 	EXP 	unnamed Rect: pos = array([ -95.06197554, -174.77794907])
23.2738 	EXP 	unnamed Rect: pos = array([ -95.06197554, -174.77794907])
23.2895 	EXP 	unnamed Rect: pos = array([ -95.06197554, -174.77794907])
23.3063 	EXP 	unnamed Rect: pos = array([ -95.06197554, -174.77794907])
23.3234 	EXP 	unnamed Rect: pos = array([ -95.06197554, -174.77794907])
23.3399 	EXP 	unnamed Rect: pos = array([ -95.06197554, -174.77794907])
23.3563 	EXP 	unnamed Rect: pos = array([ -95.06197554, -174.77794907])
23.3730 	EXP 	unnamed Rect: pos = array([ -95.06197554, -174.77794907])
23.3894 	EXP 	unnamed Rect: pos = array([ -95.06197554, -174.77794907])
23.4062 	EXP 	unnamed Rect: pos = array([ -95.06197554, -174.77794907])
23.4228 	EXP 	unnamed Rect: pos = array([ -95.06197554, -174.77794907])
23.4401 	EXP 	unnamed Rect: pos = array([ -95.06197554, -174.77794907])
23.4563 	EXP 	unnamed Rect: pos = array([ -95.06197554, -174.77794907])
23.4730 	EXP 	unnamed Rect: pos = array([ -95.06197554, -174.77794907])
23.4894 	EXP 	unnamed Rect: pos = array([ -95.06197554, -174.77794907])
23.5062 	EXP 	unnamed Rect: pos = array([ -95.06197554, -174.77794907])
23.5228 	EXP 	unnamed Rect: pos = array([ -95.06197554, -174.77794907])
23.5400 	EXP 	unnamed Rect: pos = array([ -95.06197554, -174.77794907])
23.5571 	EXP 	unnamed Rect: pos = array([ -95.06197554, -174.77794907])
23.5584 	DATA 	Keypress: q
23.5783 	EXP 	window1: mouseVisible = True
