0.5150 	WARNING 	We strongly recommend you activate the PTB sound engine in PsychoPy prefs as the preferred audio engine. Its timing is vastly superior. Your prefs are currently set to use ['sounddevice', 'PTB', 'pyo', 'pygame'] (in that order).
4.0836 	ERROR 	'-1.0000, -1.0000, -1.0000' is not a valid rgb color
4.6495 	EXP 	Created window1 = Window(allowGUI=False, allowStencil=False, autoLog=True, backendConf=UNKNOWN, bitsMode=UNKNOWN, blendMode='avg', bpc=(8, 8, 8), color=array([0, 0, 0]), colorSpace='rgb', depthBits=8, fullscr=<method-wrapper '__getattribute__' of attributeSetter object at 0x7fb199f539e8>, gamma=None, gammaErrorPolicy='raise', lms=UNKNOWN, monitor=<psychopy.monitors.calibTools.Monitor object at 0x7fb19913a470>, multiSample=False, name='window1', numSamples=2, pos=[360.0, 225.0], screen=0, size=array([2880, 1800]), stencilBits=0, stereo=False, units='height', useFBO=True, useRetina=True, viewOri=0.0, viewPos=None, viewScale=None, waitBlanking=True, winType='pyglet')
4.6499 	EXP 	window1: mouseVisible = True
4.6500 	EXP 	window1: recordFrameIntervals = False
4.8162 	EXP 	window1: recordFrameIntervals = True
4.9999 	EXP 	window1: recordFrameIntervals = False
5.6164 	DEPRECATION 	'1.0000, 1.0000, 1.0000' is not a valid rgb color
5.6449 	EXP 	Created Welcometext = TextStim(__class__=<class 'psychopy.visual.text.TextStim'>, alignHoriz=method-wrapper(...), alignText='center', alignVert=method-wrapper(...), anchorHoriz='center', anchorVert='center', antialias=True, autoLog=True, bold=False, color=array([0., 0., 0.]), colorSpace='rgb', contrast=1.0, depth=0.0, flipHoriz=False, flipVert=False, font='Open Sans', fontFiles=[], height=0.05, italic=False, languageStyle='LTR', name='Welcometext', opacity=0, ori=0.0, pos=array([0., 0.]), rgb=UNKNOWN, text='Welcome\nPlease press Spacebar to start', units='height', win=Window(...), wrapWidth=1)
6.0026 	EXP 	Created text = TextStim(__class__=<class 'psychopy.visual.text.TextStim'>, alignHoriz=method-wrapper(...), alignText='center', alignVert=method-wrapper(...), anchorHoriz='center', anchorVert='center', antialias=True, autoLog=True, bold=False, color=array([1., 1., 1.]), colorSpace='rgb', contrast=1.0, depth=0.0, flipHoriz=False, flipVert=False, font='Open Sans', fontFiles=[], height=0.05, italic=False, languageStyle='LTR', name='text', opacity=1, ori=0.0, pos=array([0., 0.]), rgb=UNKNOWN, text=str(...), units='height', win=Window(...), wrapWidth=1)
6.0031 	EXP 	Created sequence: random, trialTypes=1, nReps=5, seed=None
6.0033 	EXP 	New trial (rep=0, index=0): None
6.0095 	EXP 	Welcometext: autoDraw = True
7.0393 	EXP 	Created unnamed Rect = Rect(__class__=<class 'psychopy.visual.rect.Rect'>, autoDraw=False, autoLog=True, closeShape=True, color=method-wrapper(...), colorSpace='rgb', contrast=None, depth=0, fillColor=array([ 1, -1, -1]), fillColorSpace='rgb', fillRGB=array([ 1, -1, -1]), interpolate=True, lineColor=array([-1., -1.,  1.]), lineColorSpace='rgb', lineRGB=array([-1, -1,  1]), lineWidth=1.5, name='unnamed Rect', opacity=1, ori=0.0, pos=array([0., 0.]), size=array([1000.,  700.]), units='pix', vertices=ndarray(...), win=Window(...))
7.0419 	EXP 	Created unnamed Rect = Rect(__class__=<class 'psychopy.visual.rect.Rect'>, autoDraw=False, autoLog=True, closeShape=True, color=method-wrapper(...), colorSpace='rgb', contrast=None, depth=0, fillColor=array([-1, -1, -1]), fillColorSpace='rgb', fillRGB=array([-1, -1, -1]), interpolate=True, lineColor=array([-1., -1.,  1.]), lineColorSpace='rgb', lineRGB=array([-1, -1,  1]), lineWidth=1.5, name='unnamed Rect', opacity=1, ori=0.0, pos=array([0., 0.]), size=array([400., 600.]), units='pix', vertices=ndarray(...), win=Window(...))
7.0442 	EXP 	Created unnamed Rect = Rect(__class__=<class 'psychopy.visual.rect.Rect'>, autoDraw=False, autoLog=True, closeShape=True, color=method-wrapper(...), colorSpace='rgb', contrast=None, depth=0, fillColor=array([-1, -1, -1]), fillColorSpace='rgb', fillRGB=array([-1, -1, -1]), interpolate=True, lineColor=array([-1., -1.,  1.]), lineColorSpace='rgb', lineRGB=array([-1, -1,  1]), lineWidth=1.5, name='unnamed Rect', opacity=1, ori=0.0, pos=array([0., 0.]), size=array([400., 600.]), units='pix', vertices=ndarray(...), win=Window(...))
7.0471 	EXP 	Created unnamed Rect = Rect(__class__=<class 'psychopy.visual.rect.Rect'>, autoDraw=False, autoLog=True, closeShape=True, color=method-wrapper(...), colorSpace='rgb', contrast=None, depth=0, fillColor=array([ 1,  1, -1]), fillColorSpace='rgb', fillRGB=array([ 1,  1, -1]), interpolate=True, lineColor=array([0., 0., 0.]), lineColorSpace='rgb', lineRGB=array([0, 0, 0]), lineWidth=1.5, name='unnamed Rect', opacity=0.5, ori=0.0, pos=array([0., 0.]), size=array([30., 30.]), units='pix', vertices=ndarray(...), win=Window(...))
7.0502 	EXP 	Created unnamed Rect = Rect(__class__=<class 'psychopy.visual.rect.Rect'>, autoDraw=False, autoLog=True, closeShape=True, color=method-wrapper(...), colorSpace='rgb', contrast=None, depth=0, fillColor=array([ 1,  1, -1]), fillColorSpace='rgb', fillRGB=array([ 1,  1, -1]), interpolate=True, lineColor=array([0., 0., 0.]), lineColorSpace='rgb', lineRGB=array([0, 0, 0]), lineWidth=1.5, name='unnamed Rect', opacity=0.5, ori=0.0, pos=array([0., 0.]), size=array([30., 30.]), units='pix', vertices=ndarray(...), win=Window(...))
7.0529 	EXP 	Created unnamed Rect = Rect(__class__=<class 'psychopy.visual.rect.Rect'>, autoDraw=False, autoLog=True, closeShape=True, color=method-wrapper(...), colorSpace='rgb', contrast=None, depth=0, fillColor=array([ 1,  1, -1]), fillColorSpace='rgb', fillRGB=array([ 1,  1, -1]), interpolate=True, lineColor=array([0., 0., 0.]), lineColorSpace='rgb', lineRGB=array([0, 0, 0]), lineWidth=1.5, name='unnamed Rect', opacity=0.5, ori=0.0, pos=array([0., 0.]), size=array([30., 30.]), units='pix', vertices=ndarray(...), win=Window(...))
7.0555 	EXP 	Created unnamed Rect = Rect(__class__=<class 'psychopy.visual.rect.Rect'>, autoDraw=False, autoLog=True, closeShape=True, color=method-wrapper(...), colorSpace='rgb', contrast=None, depth=0, fillColor=array([ 1,  1, -1]), fillColorSpace='rgb', fillRGB=array([ 1,  1, -1]), interpolate=True, lineColor=array([0., 0., 0.]), lineColorSpace='rgb', lineRGB=array([0, 0, 0]), lineWidth=1.5, name='unnamed Rect', opacity=0.5, ori=0.0, pos=array([0., 0.]), size=array([30., 30.]), units='pix', vertices=ndarray(...), win=Window(...))
7.0579 	EXP 	Created unnamed Rect = Rect(__class__=<class 'psychopy.visual.rect.Rect'>, autoDraw=False, autoLog=True, closeShape=True, color=method-wrapper(...), colorSpace='rgb', contrast=None, depth=0, fillColor=array([ 1,  1, -1]), fillColorSpace='rgb', fillRGB=array([ 1,  1, -1]), interpolate=True, lineColor=array([0., 0., 0.]), lineColorSpace='rgb', lineRGB=array([0, 0, 0]), lineWidth=1.5, name='unnamed Rect', opacity=0.5, ori=0.0, pos=array([0., 0.]), size=array([30., 30.]), units='pix', vertices=ndarray(...), win=Window(...))
7.0996 	EXP 	Created unnamed ImageStim = ImageStim(__class__=<class 'psychopy.visual.image.ImageStim'>, autoLog=True, color=array([1., 1., 1.]), colorSpace='rgb', contrast=1.0, depth=0, flipHoriz=False, flipVert=False, image='tree.png', interpolate=False, mask=None, maskParams=None, name='unnamed ImageStim', opacity=1, ori=0.0, pos=array([0., 0.]), size=array([512, 512]), texRes=128, units='pix', win=Window(...))
7.1200 	EXP 	Created unnamed ImageStim = ImageStim(__class__=<class 'psychopy.visual.image.ImageStim'>, autoLog=True, color=array([1., 1., 1.]), colorSpace='rgb', contrast=1.0, depth=0, flipHoriz=False, flipVert=False, image='tree.png', interpolate=False, mask=None, maskParams=None, name='unnamed ImageStim', opacity=1, ori=0.0, pos=array([0., 0.]), size=array([512, 512]), texRes=128, units='pix', win=Window(...))
7.1384 	EXP 	Created unnamed ImageStim = ImageStim(__class__=<class 'psychopy.visual.image.ImageStim'>, autoLog=True, color=array([1., 1., 1.]), colorSpace='rgb', contrast=1.0, depth=0, flipHoriz=False, flipVert=False, image='tree.png', interpolate=False, mask=None, maskParams=None, name='unnamed ImageStim', opacity=1, ori=0.0, pos=array([0., 0.]), size=array([512, 512]), texRes=128, units='pix', win=Window(...))
7.1559 	EXP 	Created unnamed ImageStim = ImageStim(__class__=<class 'psychopy.visual.image.ImageStim'>, autoLog=True, color=array([1., 1., 1.]), colorSpace='rgb', contrast=1.0, depth=0, flipHoriz=False, flipVert=False, image='tree.png', interpolate=False, mask=None, maskParams=None, name='unnamed ImageStim', opacity=1, ori=0.0, pos=array([0., 0.]), size=array([512, 512]), texRes=128, units='pix', win=Window(...))
7.1733 	EXP 	Created unnamed ImageStim = ImageStim(__class__=<class 'psychopy.visual.image.ImageStim'>, autoLog=True, color=array([1., 1., 1.]), colorSpace='rgb', contrast=1.0, depth=0, flipHoriz=False, flipVert=False, image='tree.png', interpolate=False, mask=None, maskParams=None, name='unnamed ImageStim', opacity=1, ori=0.0, pos=array([0., 0.]), size=array([512, 512]), texRes=128, units='pix', win=Window(...))
7.1909 	EXP 	Created unnamed ImageStim = ImageStim(__class__=<class 'psychopy.visual.image.ImageStim'>, autoLog=True, color=array([1., 1., 1.]), colorSpace='rgb', contrast=1.0, depth=0, flipHoriz=False, flipVert=False, image='tree.png', interpolate=False, mask=None, maskParams=None, name='unnamed ImageStim', opacity=1, ori=0.0, pos=array([0., 0.]), size=array([512, 512]), texRes=128, units='pix', win=Window(...))
7.2085 	EXP 	Created unnamed ImageStim = ImageStim(__class__=<class 'psychopy.visual.image.ImageStim'>, autoLog=True, color=array([1., 1., 1.]), colorSpace='rgb', contrast=1.0, depth=0, flipHoriz=False, flipVert=False, image='tree.png', interpolate=False, mask=None, maskParams=None, name='unnamed ImageStim', opacity=1, ori=0.0, pos=array([0., 0.]), size=array([512, 512]), texRes=128, units='pix', win=Window(...))
7.2259 	EXP 	Created unnamed ImageStim = ImageStim(__class__=<class 'psychopy.visual.image.ImageStim'>, autoLog=True, color=array([1., 1., 1.]), colorSpace='rgb', contrast=1.0, depth=0, flipHoriz=False, flipVert=False, image='tree.png', interpolate=False, mask=None, maskParams=None, name='unnamed ImageStim', opacity=1, ori=0.0, pos=array([0., 0.]), size=array([512, 512]), texRes=128, units='pix', win=Window(...))
7.2438 	EXP 	Created unnamed ImageStim = ImageStim(__class__=<class 'psychopy.visual.image.ImageStim'>, autoLog=True, color=array([1., 1., 1.]), colorSpace='rgb', contrast=1.0, depth=0, flipHoriz=False, flipVert=False, image='tree.png', interpolate=False, mask=None, maskParams=None, name='unnamed ImageStim', opacity=1, ori=0.0, pos=array([0., 0.]), size=array([512, 512]), texRes=128, units='pix', win=Window(...))
7.2612 	EXP 	Created unnamed ImageStim = ImageStim(__class__=<class 'psychopy.visual.image.ImageStim'>, autoLog=True, color=array([1., 1., 1.]), colorSpace='rgb', contrast=1.0, depth=0, flipHoriz=False, flipVert=False, image='tree.png', interpolate=False, mask=None, maskParams=None, name='unnamed ImageStim', opacity=1, ori=0.0, pos=array([0., 0.]), size=array([512, 512]), texRes=128, units='pix', win=Window(...))
7.2786 	EXP 	Created unnamed ImageStim = ImageStim(__class__=<class 'psychopy.visual.image.ImageStim'>, autoLog=True, color=array([1., 1., 1.]), colorSpace='rgb', contrast=1.0, depth=0, flipHoriz=False, flipVert=False, image='tree.png', interpolate=False, mask=None, maskParams=None, name='unnamed ImageStim', opacity=1, ori=0.0, pos=array([0., 0.]), size=array([512, 512]), texRes=128, units='pix', win=Window(...))
7.2960 	EXP 	Created unnamed ImageStim = ImageStim(__class__=<class 'psychopy.visual.image.ImageStim'>, autoLog=True, color=array([1., 1., 1.]), colorSpace='rgb', contrast=1.0, depth=0, flipHoriz=False, flipVert=False, image='tree.png', interpolate=False, mask=None, maskParams=None, name='unnamed ImageStim', opacity=1, ori=0.0, pos=array([0., 0.]), size=array([512, 512]), texRes=128, units='pix', win=Window(...))
7.3056 	DATA 	Keypress: space
7.3119 	EXP 	Welcometext: autoDraw = False
7.3119 	EXP 	unnamed Rect: pos = [-250, 0]
7.3119 	EXP 	unnamed Rect: pos = [250, 0]
7.3119 	EXP 	unnamed Rect: pos = [-174.82870117989597, 144.459155083458]
7.3119 	EXP 	unnamed Rect: pos = [195.36298657943365, -33.77587354513986]
7.3119 	EXP 	unnamed Rect: pos = [325.2328687735758, -10.229201395139997]
7.3119 	EXP 	unnamed Rect: pos = [146.9170969232403, 45.484968065764164]
7.3119 	EXP 	unnamed Rect: pos = [286.55147752212736, -100.63170420154825]
7.3119 	EXP 	unnamed ImageStim: size = [51.2, 51.2]
7.3119 	EXP 	unnamed ImageStim: size = [51.2, 51.2]
7.3119 	EXP 	unnamed ImageStim: size = [51.2, 51.2]
7.3119 	EXP 	unnamed ImageStim: size = [51.2, 51.2]
7.3119 	EXP 	unnamed ImageStim: size = [51.2, 51.2]
7.3119 	EXP 	unnamed ImageStim: size = [51.2, 51.2]
7.3119 	EXP 	unnamed ImageStim: size = [51.2, 51.2]
7.3119 	EXP 	unnamed ImageStim: size = [51.2, 51.2]
7.3119 	EXP 	unnamed ImageStim: size = [51.2, 51.2]
7.3119 	EXP 	unnamed ImageStim: size = [51.2, 51.2]
7.3119 	EXP 	unnamed ImageStim: size = [51.2, 51.2]
7.3119 	EXP 	unnamed ImageStim: size = [51.2, 51.2]
7.3119 	EXP 	unnamed ImageStim: pos = [-21.56697860572852, -64.20385019605553]
7.3119 	EXP 	unnamed ImageStim: pos = [-46.99725119554983, -241.52502052940113]
7.3119 	EXP 	unnamed ImageStim: pos = [116.92193591471028, -241.4564927199381]
7.3119 	EXP 	unnamed ImageStim: pos = [-105.73331966106194, -20.211166211574636]
7.3119 	EXP 	unnamed ImageStim: pos = [-271.56697860572854, -64.20385019605553]
7.3119 	EXP 	unnamed ImageStim: pos = [228.4330213942715, -64.20385019605553]
7.3119 	EXP 	unnamed ImageStim: pos = [-296.99725119554984, -241.52502052940113]
7.3119 	EXP 	unnamed ImageStim: pos = [203.00274880445016, -241.52502052940113]
7.3119 	EXP 	unnamed ImageStim: pos = [-133.07806408528972, -241.4564927199381]
7.3119 	EXP 	unnamed ImageStim: pos = [366.9219359147103, -241.4564927199381]
7.3119 	EXP 	unnamed ImageStim: pos = [-355.73331966106196, -20.211166211574636]
7.3119 	EXP 	unnamed ImageStim: pos = [144.26668033893804, -20.211166211574636]
14.8719 	EXP 	Created unnamed Rect = Rect(__class__=<class 'psychopy.visual.rect.Rect'>, autoDraw=False, autoLog=True, closeShape=True, color=method-wrapper(...), colorSpace='rgb', contrast=None, depth=0, fillColor=array([-1, -1, -1]), fillColorSpace='rgb', fillRGB=array([-1, -1, -1]), interpolate=True, lineColor=array([-1., -1.,  1.]), lineColorSpace='rgb', lineRGB=array([-1, -1,  1]), lineWidth=1.5, name='unnamed Rect', opacity=1, ori=0.0, pos=array([0., 0.]), size=array([400., 600.]), units='pix', vertices=ndarray(...), win=Window(...))
14.8767 	EXP 	Created unnamed Rect = Rect(__class__=<class 'psychopy.visual.rect.Rect'>, autoDraw=False, autoLog=True, closeShape=True, color=method-wrapper(...), colorSpace='rgb', contrast=None, depth=0, fillColor=array([-1, -1, -1]), fillColorSpace='rgb', fillRGB=array([-1, -1, -1]), interpolate=True, lineColor=array([-1., -1.,  1.]), lineColorSpace='rgb', lineRGB=array([-1, -1,  1]), lineWidth=1.5, name='unnamed Rect', opacity=1, ori=0.0, pos=array([0., 0.]), size=array([400., 600.]), units='pix', vertices=ndarray(...), win=Window(...))
14.8967 	DATA 	Keypress: left
14.9069 	EXP 	unnamed Rect: pos = array([ 75.17129882, 144.45915508])
14.9069 	EXP 	unnamed Rect: pos = array([ 75.17129882, 144.45915508])
14.9155 	EXP 	unnamed Rect: pos = array([ 75.17129882, 144.45915508])
14.9317 	EXP 	unnamed Rect: pos = array([ 75.17129882, 144.45915508])
14.9485 	EXP 	unnamed Rect: pos = array([ 75.17129882, 144.45915508])
14.9662 	EXP 	unnamed Rect: pos = array([ 75.17129882, 144.45915508])
14.9830 	EXP 	unnamed Rect: pos = array([ 75.17129882, 144.45915508])
14.9986 	EXP 	unnamed Rect: pos = array([ 75.17129882, 144.45915508])
15.0151 	EXP 	unnamed Rect: pos = array([ 75.17129882, 144.45915508])
15.0318 	EXP 	unnamed Rect: pos = array([ 75.17129882, 144.45915508])
15.0485 	EXP 	unnamed Rect: pos = array([ 75.17129882, 144.45915508])
15.0661 	EXP 	unnamed Rect: pos = array([ 75.17129882, 144.45915508])
15.0671 	DATA 	Keypress: down
15.0821 	EXP 	unnamed Rect: pos = array([ 75.17129882, 134.45915508])
15.0983 	EXP 	unnamed Rect: pos = array([ 75.17129882, 134.45915508])
15.1153 	EXP 	unnamed Rect: pos = array([ 75.17129882, 134.45915508])
15.1321 	EXP 	unnamed Rect: pos = array([ 75.17129882, 134.45915508])
15.1486 	EXP 	unnamed Rect: pos = array([ 75.17129882, 134.45915508])
15.1656 	EXP 	unnamed Rect: pos = array([ 75.17129882, 134.45915508])
15.1818 	EXP 	unnamed Rect: pos = array([ 75.17129882, 134.45915508])
15.1991 	EXP 	unnamed Rect: pos = array([ 75.17129882, 134.45915508])
15.2072 	DATA 	Keypress: down
15.2158 	EXP 	unnamed Rect: pos = array([ 75.17129882, 124.45915508])
15.2318 	EXP 	unnamed Rect: pos = array([ 75.17129882, 124.45915508])
15.2485 	EXP 	unnamed Rect: pos = array([ 75.17129882, 124.45915508])
15.2659 	EXP 	unnamed Rect: pos = array([ 75.17129882, 124.45915508])
15.2825 	EXP 	unnamed Rect: pos = array([ 75.17129882, 124.45915508])
15.2984 	EXP 	unnamed Rect: pos = array([ 75.17129882, 124.45915508])
15.3151 	EXP 	unnamed Rect: pos = array([ 75.17129882, 124.45915508])
15.3322 	EXP 	unnamed Rect: pos = array([ 75.17129882, 124.45915508])
15.3331 	DATA 	Keypress: down
15.3493 	EXP 	unnamed Rect: pos = array([ 75.17129882, 114.45915508])
15.3652 	EXP 	unnamed Rect: pos = array([ 75.17129882, 114.45915508])
15.3828 	EXP 	unnamed Rect: pos = array([ 75.17129882, 114.45915508])
15.3994 	EXP 	unnamed Rect: pos = array([ 75.17129882, 114.45915508])
15.4151 	EXP 	unnamed Rect: pos = array([ 75.17129882, 114.45915508])
15.4317 	EXP 	unnamed Rect: pos = array([ 75.17129882, 114.45915508])
15.4485 	EXP 	unnamed Rect: pos = array([ 75.17129882, 114.45915508])
15.4652 	EXP 	unnamed Rect: pos = array([ 75.17129882, 114.45915508])
15.4828 	EXP 	unnamed Rect: pos = array([ 75.17129882, 114.45915508])
15.4837 	DATA 	Keypress: down
15.4993 	EXP 	unnamed Rect: pos = array([ 75.17129882, 104.45915508])
15.5151 	EXP 	unnamed Rect: pos = array([ 75.17129882, 104.45915508])
15.5319 	EXP 	unnamed Rect: pos = array([ 75.17129882, 104.45915508])
15.5496 	EXP 	unnamed Rect: pos = array([ 75.17129882, 104.45915508])
15.5652 	EXP 	unnamed Rect: pos = array([ 75.17129882, 104.45915508])
15.5822 	EXP 	unnamed Rect: pos = array([ 75.17129882, 104.45915508])
15.5985 	EXP 	unnamed Rect: pos = array([ 75.17129882, 104.45915508])
15.6163 	EXP 	unnamed Rect: pos = array([ 75.17129882, 104.45915508])
15.6174 	DATA 	Keypress: down
15.6320 	EXP 	unnamed Rect: pos = array([75.17129882, 94.45915508])
15.6483 	EXP 	unnamed Rect: pos = array([75.17129882, 94.45915508])
15.6656 	EXP 	unnamed Rect: pos = array([75.17129882, 94.45915508])
15.6827 	EXP 	unnamed Rect: pos = array([75.17129882, 94.45915508])
15.6986 	EXP 	unnamed Rect: pos = array([75.17129882, 94.45915508])
15.7151 	EXP 	unnamed Rect: pos = array([75.17129882, 94.45915508])
15.7321 	EXP 	unnamed Rect: pos = array([75.17129882, 94.45915508])
15.7491 	EXP 	unnamed Rect: pos = array([75.17129882, 94.45915508])
15.7501 	DATA 	Keypress: down
15.7654 	EXP 	unnamed Rect: pos = array([75.17129882, 84.45915508])
15.7817 	EXP 	unnamed Rect: pos = array([75.17129882, 84.45915508])
15.7986 	EXP 	unnamed Rect: pos = array([75.17129882, 84.45915508])
15.8165 	EXP 	unnamed Rect: pos = array([75.17129882, 84.45915508])
15.8320 	EXP 	unnamed Rect: pos = array([75.17129882, 84.45915508])
15.8488 	EXP 	unnamed Rect: pos = array([75.17129882, 84.45915508])
15.8651 	EXP 	unnamed Rect: pos = array([75.17129882, 84.45915508])
15.8820 	EXP 	unnamed Rect: pos = array([75.17129882, 84.45915508])
15.8995 	EXP 	unnamed Rect: pos = array([75.17129882, 84.45915508])
15.9005 	DATA 	Keypress: down
15.9153 	EXP 	unnamed Rect: pos = array([75.17129882, 74.45915508])
15.9319 	EXP 	unnamed Rect: pos = array([75.17129882, 74.45915508])
15.9486 	EXP 	unnamed Rect: pos = array([75.17129882, 74.45915508])
15.9661 	EXP 	unnamed Rect: pos = array([75.17129882, 74.45915508])
15.9821 	EXP 	unnamed Rect: pos = array([75.17129882, 74.45915508])
15.9985 	EXP 	unnamed Rect: pos = array([75.17129882, 74.45915508])
16.0155 	EXP 	unnamed Rect: pos = array([75.17129882, 74.45915508])
16.0328 	EXP 	unnamed Rect: pos = array([75.17129882, 74.45915508])
16.0337 	DATA 	Keypress: down
16.0484 	EXP 	unnamed Rect: pos = array([75.17129882, 64.45915508])
16.0651 	EXP 	unnamed Rect: pos = array([75.17129882, 64.45915508])
16.0821 	EXP 	unnamed Rect: pos = array([75.17129882, 64.45915508])
16.0985 	EXP 	unnamed Rect: pos = array([75.17129882, 64.45915508])
16.1151 	EXP 	unnamed Rect: pos = array([75.17129882, 64.45915508])
16.1322 	EXP 	unnamed Rect: pos = array([75.17129882, 64.45915508])
16.1488 	EXP 	unnamed Rect: pos = array([75.17129882, 64.45915508])
16.1659 	EXP 	unnamed Rect: pos = array([75.17129882, 64.45915508])
16.1669 	DATA 	Keypress: down
16.1826 	EXP 	unnamed Rect: pos = array([75.17129882, 54.45915508])
16.1986 	EXP 	unnamed Rect: pos = array([75.17129882, 54.45915508])
16.2152 	EXP 	unnamed Rect: pos = array([75.17129882, 54.45915508])
16.2323 	EXP 	unnamed Rect: pos = array([75.17129882, 54.45915508])
16.2495 	EXP 	unnamed Rect: pos = array([75.17129882, 54.45915508])
16.2652 	EXP 	unnamed Rect: pos = array([75.17129882, 54.45915508])
16.2821 	EXP 	unnamed Rect: pos = array([75.17129882, 54.45915508])
16.2987 	EXP 	unnamed Rect: pos = array([75.17129882, 54.45915508])
16.3025 	DATA 	Keypress: left
16.3164 	EXP 	unnamed Rect: pos = array([75.17129882, 54.45915508])
16.3320 	EXP 	unnamed Rect: pos = array([65.17129882, 54.45915508])
16.3487 	EXP 	unnamed Rect: pos = array([65.17129882, 54.45915508])
16.3656 	EXP 	unnamed Rect: pos = array([65.17129882, 54.45915508])
16.3823 	EXP 	unnamed Rect: pos = array([65.17129882, 54.45915508])
16.3988 	EXP 	unnamed Rect: pos = array([65.17129882, 54.45915508])
16.4151 	EXP 	unnamed Rect: pos = array([65.17129882, 54.45915508])
16.4321 	EXP 	unnamed Rect: pos = array([65.17129882, 54.45915508])
16.4484 	EXP 	unnamed Rect: pos = array([65.17129882, 54.45915508])
16.4651 	EXP 	unnamed Rect: pos = array([65.17129882, 54.45915508])
16.4692 	DATA 	Keypress: left
16.4829 	EXP 	unnamed Rect: pos = array([65.17129882, 54.45915508])
16.4991 	EXP 	unnamed Rect: pos = array([55.17129882, 54.45915508])
16.5151 	EXP 	unnamed Rect: pos = array([55.17129882, 54.45915508])
16.5322 	EXP 	unnamed Rect: pos = array([55.17129882, 54.45915508])
16.5487 	EXP 	unnamed Rect: pos = array([55.17129882, 54.45915508])
16.5652 	EXP 	unnamed Rect: pos = array([55.17129882, 54.45915508])
16.5818 	EXP 	unnamed Rect: pos = array([55.17129882, 54.45915508])
16.5987 	EXP 	unnamed Rect: pos = array([55.17129882, 54.45915508])
16.6158 	EXP 	unnamed Rect: pos = array([55.17129882, 54.45915508])
16.6168 	DATA 	Keypress: left
16.6320 	EXP 	unnamed Rect: pos = array([45.17129882, 54.45915508])
16.6487 	EXP 	unnamed Rect: pos = array([45.17129882, 54.45915508])
16.6651 	EXP 	unnamed Rect: pos = array([45.17129882, 54.45915508])
16.6825 	EXP 	unnamed Rect: pos = array([45.17129882, 54.45915508])
16.6998 	EXP 	unnamed Rect: pos = array([45.17129882, 54.45915508])
16.7152 	EXP 	unnamed Rect: pos = array([45.17129882, 54.45915508])
16.7322 	EXP 	unnamed Rect: pos = array([45.17129882, 54.45915508])
16.7332 	DATA 	Keypress: down
16.7495 	EXP 	unnamed Rect: pos = array([45.17129882, 44.45915508])
16.7660 	EXP 	unnamed Rect: pos = array([45.17129882, 44.45915508])
16.7816 	EXP 	unnamed Rect: pos = array([45.17129882, 44.45915508])
16.7990 	EXP 	unnamed Rect: pos = array([45.17129882, 44.45915508])
16.8155 	EXP 	unnamed Rect: pos = array([45.17129882, 44.45915508])
16.8322 	EXP 	unnamed Rect: pos = array([45.17129882, 44.45915508])
16.8486 	EXP 	unnamed Rect: pos = array([45.17129882, 44.45915508])
16.8652 	EXP 	unnamed Rect: pos = array([45.17129882, 44.45915508])
16.8825 	EXP 	unnamed Rect: pos = array([45.17129882, 44.45915508])
16.8988 	EXP 	unnamed Rect: pos = array([45.17129882, 44.45915508])
16.8999 	DATA 	Keypress: down
16.9165 	EXP 	unnamed Rect: pos = array([45.17129882, 34.45915508])
16.9318 	EXP 	unnamed Rect: pos = array([45.17129882, 34.45915508])
16.9489 	EXP 	unnamed Rect: pos = array([45.17129882, 34.45915508])
16.9665 	EXP 	unnamed Rect: pos = array([45.17129882, 34.45915508])
16.9820 	EXP 	unnamed Rect: pos = array([45.17129882, 34.45915508])
16.9984 	EXP 	unnamed Rect: pos = array([45.17129882, 34.45915508])
17.0152 	EXP 	unnamed Rect: pos = array([45.17129882, 34.45915508])
17.0323 	EXP 	unnamed Rect: pos = array([45.17129882, 34.45915508])
17.0333 	DATA 	Keypress: down
17.0496 	EXP 	unnamed Rect: pos = array([45.17129882, 24.45915508])
17.0654 	EXP 	unnamed Rect: pos = array([45.17129882, 24.45915508])
17.0819 	EXP 	unnamed Rect: pos = array([45.17129882, 24.45915508])
17.0984 	EXP 	unnamed Rect: pos = array([45.17129882, 24.45915508])
17.1162 	EXP 	unnamed Rect: pos = array([45.17129882, 24.45915508])
17.1323 	EXP 	unnamed Rect: pos = array([45.17129882, 24.45915508])
17.1490 	EXP 	unnamed Rect: pos = array([45.17129882, 24.45915508])
17.1655 	EXP 	unnamed Rect: pos = array([45.17129882, 24.45915508])
17.1821 	EXP 	unnamed Rect: pos = array([45.17129882, 24.45915508])
17.1985 	EXP 	unnamed Rect: pos = array([45.17129882, 24.45915508])
17.2160 	EXP 	unnamed Rect: pos = array([45.17129882, 24.45915508])
17.2171 	DATA 	Keypress: down
17.2317 	EXP 	unnamed Rect: pos = array([45.17129882, 14.45915508])
17.2484 	EXP 	unnamed Rect: pos = array([45.17129882, 14.45915508])
17.2652 	EXP 	unnamed Rect: pos = array([45.17129882, 14.45915508])
17.2829 	EXP 	unnamed Rect: pos = array([45.17129882, 14.45915508])
17.2985 	EXP 	unnamed Rect: pos = array([45.17129882, 14.45915508])
17.3153 	EXP 	unnamed Rect: pos = array([45.17129882, 14.45915508])
17.3317 	EXP 	unnamed Rect: pos = array([45.17129882, 14.45915508])
17.3486 	EXP 	unnamed Rect: pos = array([45.17129882, 14.45915508])
17.3661 	EXP 	unnamed Rect: pos = array([45.17129882, 14.45915508])
17.3670 	DATA 	Keypress: down
17.3819 	EXP 	unnamed Rect: pos = array([45.17129882,  4.45915508])
17.3984 	EXP 	unnamed Rect: pos = array([45.17129882,  4.45915508])
17.4152 	EXP 	unnamed Rect: pos = array([45.17129882,  4.45915508])
17.4320 	EXP 	unnamed Rect: pos = array([45.17129882,  4.45915508])
17.4485 	EXP 	unnamed Rect: pos = array([45.17129882,  4.45915508])
17.4654 	EXP 	unnamed Rect: pos = array([45.17129882,  4.45915508])
17.4664 	DATA 	Keypress: down
17.4827 	EXP 	unnamed Rect: pos = array([45.17129882, -5.54084492])
17.4996 	EXP 	unnamed Rect: pos = array([45.17129882, -5.54084492])
17.5155 	EXP 	unnamed Rect: pos = array([45.17129882, -5.54084492])
17.5326 	EXP 	unnamed Rect: pos = array([45.17129882, -5.54084492])
17.5493 	EXP 	unnamed Rect: pos = array([45.17129882, -5.54084492])
17.5661 	EXP 	unnamed Rect: pos = array([45.17129882, -5.54084492])
17.5823 	EXP 	unnamed Rect: pos = array([45.17129882, -5.54084492])
17.5985 	EXP 	unnamed Rect: pos = array([45.17129882, -5.54084492])
17.6160 	EXP 	unnamed Rect: pos = array([45.17129882, -5.54084492])
17.6329 	EXP 	unnamed Rect: pos = array([45.17129882, -5.54084492])
17.6339 	DATA 	Keypress: down
17.6484 	EXP 	unnamed Rect: pos = array([ 45.17129882, -15.54084492])
17.6652 	EXP 	unnamed Rect: pos = array([ 45.17129882, -15.54084492])
17.6817 	EXP 	unnamed Rect: pos = array([ 45.17129882, -15.54084492])
17.6991 	EXP 	unnamed Rect: pos = array([ 45.17129882, -15.54084492])
17.7151 	EXP 	unnamed Rect: pos = array([ 45.17129882, -15.54084492])
17.7320 	EXP 	unnamed Rect: pos = array([ 45.17129882, -15.54084492])
17.7488 	EXP 	unnamed Rect: pos = array([ 45.17129882, -15.54084492])
17.7654 	EXP 	unnamed Rect: pos = array([ 45.17129882, -15.54084492])
17.7830 	EXP 	unnamed Rect: pos = array([ 45.17129882, -15.54084492])
17.7840 	DATA 	Keypress: down
17.7985 	EXP 	unnamed Rect: pos = array([ 45.17129882, -25.54084492])
17.8152 	EXP 	unnamed Rect: pos = array([ 45.17129882, -25.54084492])
17.8322 	EXP 	unnamed Rect: pos = array([ 45.17129882, -25.54084492])
17.8487 	EXP 	unnamed Rect: pos = array([ 45.17129882, -25.54084492])
17.8652 	EXP 	unnamed Rect: pos = array([ 45.17129882, -25.54084492])
17.8818 	EXP 	unnamed Rect: pos = array([ 45.17129882, -25.54084492])
17.8984 	EXP 	unnamed Rect: pos = array([ 45.17129882, -25.54084492])
17.9153 	EXP 	unnamed Rect: pos = array([ 45.17129882, -25.54084492])
17.9323 	EXP 	unnamed Rect: pos = array([ 45.17129882, -25.54084492])
17.9333 	DATA 	Keypress: down
17.9484 	EXP 	unnamed Rect: pos = array([ 45.17129882, -35.54084492])
17.9652 	EXP 	unnamed Rect: pos = array([ 45.17129882, -35.54084492])
17.9823 	EXP 	unnamed Rect: pos = array([ 45.17129882, -35.54084492])
17.9992 	EXP 	unnamed Rect: pos = array([ 45.17129882, -35.54084492])
18.0155 	EXP 	unnamed Rect: pos = array([ 45.17129882, -35.54084492])
18.0320 	EXP 	unnamed Rect: pos = array([ 45.17129882, -35.54084492])
18.0484 	EXP 	unnamed Rect: pos = array([ 45.17129882, -35.54084492])
18.0664 	EXP 	unnamed Rect: pos = array([ 45.17129882, -35.54084492])
18.0674 	DATA 	Keypress: left
18.0820 	EXP 	unnamed Rect: pos = array([ 35.17129882, -35.54084492])
18.0985 	EXP 	unnamed Rect: pos = array([ 35.17129882, -35.54084492])
18.1156 	EXP 	unnamed Rect: pos = array([ 35.17129882, -35.54084492])
18.1327 	EXP 	unnamed Rect: pos = array([ 35.17129882, -35.54084492])
18.1495 	EXP 	unnamed Rect: pos = array([ 35.17129882, -35.54084492])
18.1654 	EXP 	unnamed Rect: pos = array([ 35.17129882, -35.54084492])
18.1823 	EXP 	unnamed Rect: pos = array([ 35.17129882, -35.54084492])
18.1987 	EXP 	unnamed Rect: pos = array([ 35.17129882, -35.54084492])
18.2157 	EXP 	unnamed Rect: pos = array([ 35.17129882, -35.54084492])
18.2167 	DATA 	Keypress: left
18.2325 	EXP 	unnamed Rect: pos = array([ 25.17129882, -35.54084492])
18.2494 	EXP 	unnamed Rect: pos = array([ 25.17129882, -35.54084492])
18.2653 	EXP 	unnamed Rect: pos = array([ 25.17129882, -35.54084492])
18.2818 	EXP 	unnamed Rect: pos = array([ 25.17129882, -35.54084492])
18.2996 	EXP 	unnamed Rect: pos = array([ 25.17129882, -35.54084492])
18.3156 	EXP 	unnamed Rect: pos = array([ 25.17129882, -35.54084492])
18.3319 	EXP 	unnamed Rect: pos = array([ 25.17129882, -35.54084492])
18.3487 	EXP 	unnamed Rect: pos = array([ 25.17129882, -35.54084492])
18.3529 	DATA 	Keypress: down
18.3665 	EXP 	unnamed Rect: pos = array([ 25.17129882, -35.54084492])
18.3819 	EXP 	unnamed Rect: pos = array([ 25.17129882, -45.54084492])
18.3987 	EXP 	unnamed Rect: pos = array([ 25.17129882, -45.54084492])
18.4157 	EXP 	unnamed Rect: pos = array([ 25.17129882, -45.54084492])
18.4320 	EXP 	unnamed Rect: pos = array([ 25.17129882, -45.54084492])
18.4489 	EXP 	unnamed Rect: pos = array([ 25.17129882, -45.54084492])
18.4660 	EXP 	unnamed Rect: pos = array([ 25.17129882, -45.54084492])
18.4821 	EXP 	unnamed Rect: pos = array([ 25.17129882, -45.54084492])
18.4998 	EXP 	unnamed Rect: pos = array([ 25.17129882, -45.54084492])
18.5161 	EXP 	unnamed Rect: pos = array([ 25.17129882, -45.54084492])
18.5319 	EXP 	unnamed Rect: pos = array([ 25.17129882, -45.54084492])
18.5484 	EXP 	unnamed Rect: pos = array([ 25.17129882, -45.54084492])
18.5494 	DATA 	Keypress: down
18.5648 	EXP 	unnamed Rect: pos = array([ 25.17129882, -55.54084492])
18.5814 	EXP 	unnamed Rect: pos = array([ 25.17129882, -55.54084492])
18.5990 	EXP 	unnamed Rect: pos = array([ 25.17129882, -55.54084492])
18.6155 	EXP 	unnamed Rect: pos = array([ 25.17129882, -55.54084492])
18.6320 	EXP 	unnamed Rect: pos = array([ 25.17129882, -55.54084492])
18.6484 	EXP 	unnamed Rect: pos = array([ 25.17129882, -55.54084492])
18.6654 	EXP 	unnamed Rect: pos = array([ 25.17129882, -55.54084492])
18.6696 	DATA 	Keypress: left
18.6822 	EXP 	unnamed Rect: pos = array([ 25.17129882, -55.54084492])
18.6993 	EXP 	unnamed Rect: pos = array([ 15.17129882, -55.54084492])
18.7160 	EXP 	unnamed Rect: pos = array([ 15.17129882, -55.54084492])
18.7322 	EXP 	unnamed Rect: pos = array([ 15.17129882, -55.54084492])
18.7498 	EXP 	unnamed Rect: pos = array([ 15.17129882, -55.54084492])
18.7663 	EXP 	unnamed Rect: pos = array([ 15.17129882, -55.54084492])
18.7829 	EXP 	unnamed Rect: pos = array([ 15.17129882, -55.54084492])
18.7985 	EXP 	unnamed Rect: pos = array([ 15.17129882, -55.54084492])
18.8154 	EXP 	unnamed Rect: pos = array([ 15.17129882, -55.54084492])
18.8319 	EXP 	unnamed Rect: pos = array([ 15.17129882, -55.54084492])
18.8361 	DATA 	Keypress: left
18.8495 	EXP 	unnamed Rect: pos = array([ 15.17129882, -55.54084492])
18.8653 	EXP 	unnamed Rect: pos = array([  5.17129882, -55.54084492])
18.8817 	EXP 	unnamed Rect: pos = array([  5.17129882, -55.54084492])
18.8986 	EXP 	unnamed Rect: pos = array([  5.17129882, -55.54084492])
18.9162 	EXP 	unnamed Rect: pos = array([  5.17129882, -55.54084492])
18.9320 	EXP 	unnamed Rect: pos = array([  5.17129882, -55.54084492])
18.9485 	EXP 	unnamed Rect: pos = array([  5.17129882, -55.54084492])
18.9657 	EXP 	unnamed Rect: pos = array([  5.17129882, -55.54084492])
18.9820 	EXP 	unnamed Rect: pos = array([  5.17129882, -55.54084492])
18.9998 	EXP 	unnamed Rect: pos = array([  5.17129882, -55.54084492])
19.0008 	DATA 	Keypress: left
19.0181 	EXP 	Created unnamed TextStim = TextStim(__class__=<class 'psychopy.visual.text.TextStim'>, alignHoriz=method-wrapper(...), alignText='center', alignVert=method-wrapper(...), anchorHoriz='center', anchorVert='center', antialias=True, autoLog=True, bold=False, color=array([1., 0., 0.]), colorSpace='rgb', contrast=1.0, depth=0, flipHoriz=False, flipVert=False, font='', fontFiles=[], height=0.2, italic=False, languageStyle='LTR', name='unnamed TextStim', opacity=1.0, ori=0.0, pos=array([50., 50.]), rgb=UNKNOWN, text='Reward Captured', units='height', win=Window(...), wrapWidth=1)
19.0262 	EXP 	unnamed Rect: pos = array([ -4.82870118, -55.54084492])
19.0327 	EXP 	unnamed Rect: pos = array([ -4.82870118, -55.54084492])
19.0490 	EXP 	unnamed Rect: pos = array([ -4.82870118, -55.54084492])
19.0661 	EXP 	unnamed Rect: pos = array([ -4.82870118, -55.54084492])
19.0819 	EXP 	unnamed Rect: pos = array([ -4.82870118, -55.54084492])
19.0986 	EXP 	unnamed Rect: pos = array([ -4.82870118, -55.54084492])
19.1152 	EXP 	unnamed Rect: pos = array([ -4.82870118, -55.54084492])
19.1319 	EXP 	unnamed Rect: pos = array([ -4.82870118, -55.54084492])
19.1329 	DATA 	Keypress: down
19.1499 	EXP 	unnamed Rect: pos = array([ -4.82870118, -65.54084492])
19.1647 	EXP 	unnamed Rect: pos = array([ -4.82870118, -65.54084492])
19.1823 	EXP 	unnamed Rect: pos = array([ -4.82870118, -65.54084492])
19.1983 	EXP 	unnamed Rect: pos = array([ -4.82870118, -65.54084492])
19.2155 	EXP 	unnamed Rect: pos = array([ -4.82870118, -65.54084492])
19.2317 	EXP 	unnamed Rect: pos = array([ -4.82870118, -65.54084492])
19.2493 	EXP 	unnamed Rect: pos = array([ -4.82870118, -65.54084492])
19.2652 	EXP 	unnamed Rect: pos = array([ -4.82870118, -65.54084492])
19.2820 	EXP 	unnamed Rect: pos = array([ -4.82870118, -65.54084492])
19.2985 	EXP 	unnamed Rect: pos = array([ -4.82870118, -65.54084492])
19.3152 	EXP 	unnamed Rect: pos = array([ -4.82870118, -65.54084492])
19.3321 	EXP 	unnamed Rect: pos = array([ -4.82870118, -65.54084492])
19.3488 	EXP 	unnamed Rect: pos = array([ -4.82870118, -65.54084492])
19.3653 	EXP 	unnamed Rect: pos = array([ -4.82870118, -65.54084492])
19.3819 	EXP 	unnamed Rect: pos = array([ -4.82870118, -65.54084492])
19.3986 	EXP 	unnamed Rect: pos = array([ -4.82870118, -65.54084492])
19.3996 	DATA 	Keypress: left
19.4162 	EXP 	unnamed Rect: pos = array([-14.82870118, -65.54084492])
19.4321 	EXP 	unnamed Rect: pos = array([-14.82870118, -65.54084492])
19.4490 	EXP 	unnamed Rect: pos = array([-14.82870118, -65.54084492])
19.4652 	EXP 	unnamed Rect: pos = array([-14.82870118, -65.54084492])
19.4825 	EXP 	unnamed Rect: pos = array([-14.82870118, -65.54084492])
19.4996 	EXP 	unnamed Rect: pos = array([-14.82870118, -65.54084492])
19.5153 	EXP 	unnamed Rect: pos = array([-14.82870118, -65.54084492])
19.5322 	EXP 	unnamed Rect: pos = array([-14.82870118, -65.54084492])
19.5488 	EXP 	unnamed Rect: pos = array([-14.82870118, -65.54084492])
19.5654 	EXP 	unnamed Rect: pos = array([-14.82870118, -65.54084492])
19.5822 	EXP 	unnamed Rect: pos = array([-14.82870118, -65.54084492])
19.5996 	EXP 	unnamed Rect: pos = array([-14.82870118, -65.54084492])
19.6007 	DATA 	Keypress: left
19.6153 	EXP 	unnamed Rect: pos = array([-24.82870118, -65.54084492])
19.6318 	EXP 	unnamed Rect: pos = array([-24.82870118, -65.54084492])
19.6488 	EXP 	unnamed Rect: pos = array([-24.82870118, -65.54084492])
19.6662 	EXP 	unnamed Rect: pos = array([-24.82870118, -65.54084492])
19.6820 	EXP 	unnamed Rect: pos = array([-24.82870118, -65.54084492])
19.6987 	EXP 	unnamed Rect: pos = array([-24.82870118, -65.54084492])
19.7152 	EXP 	unnamed Rect: pos = array([-24.82870118, -65.54084492])
19.7319 	EXP 	unnamed Rect: pos = array([-24.82870118, -65.54084492])
19.7358 	DATA 	Keypress: left
19.7497 	EXP 	unnamed Rect: pos = array([-24.82870118, -65.54084492])
19.7653 	EXP 	unnamed Rect: pos = array([-34.82870118, -65.54084492])
19.7818 	EXP 	unnamed Rect: pos = array([-34.82870118, -65.54084492])
19.7987 	EXP 	unnamed Rect: pos = array([-34.82870118, -65.54084492])
19.8164 	EXP 	unnamed Rect: pos = array([-34.82870118, -65.54084492])
19.8323 	EXP 	unnamed Rect: pos = array([-34.82870118, -65.54084492])
19.8486 	EXP 	unnamed Rect: pos = array([-34.82870118, -65.54084492])
19.8658 	EXP 	unnamed Rect: pos = array([-34.82870118, -65.54084492])
19.8818 	EXP 	unnamed Rect: pos = array([-34.82870118, -65.54084492])
19.8986 	EXP 	unnamed Rect: pos = array([-34.82870118, -65.54084492])
19.9163 	EXP 	unnamed Rect: pos = array([-34.82870118, -65.54084492])
19.9174 	DATA 	Keypress: left
19.9321 	EXP 	unnamed Rect: pos = array([-44.82870118, -65.54084492])
19.9486 	EXP 	unnamed Rect: pos = array([-44.82870118, -65.54084492])
19.9654 	EXP 	unnamed Rect: pos = array([-44.82870118, -65.54084492])
19.9824 	EXP 	unnamed Rect: pos = array([-44.82870118, -65.54084492])
19.9989 	EXP 	unnamed Rect: pos = array([-44.82870118, -65.54084492])
20.0155 	EXP 	unnamed Rect: pos = array([-44.82870118, -65.54084492])
20.0320 	EXP 	unnamed Rect: pos = array([-44.82870118, -65.54084492])
20.0490 	EXP 	unnamed Rect: pos = array([-44.82870118, -65.54084492])
20.0662 	EXP 	unnamed Rect: pos = array([-44.82870118, -65.54084492])
20.0672 	DATA 	Keypress: left
20.0818 	EXP 	unnamed Rect: pos = array([-54.82870118, -65.54084492])
20.0985 	EXP 	unnamed Rect: pos = array([-54.82870118, -65.54084492])
20.1152 	EXP 	unnamed Rect: pos = array([-54.82870118, -65.54084492])
20.1324 	EXP 	unnamed Rect: pos = array([-54.82870118, -65.54084492])
20.1486 	EXP 	unnamed Rect: pos = array([-54.82870118, -65.54084492])
20.1651 	EXP 	unnamed Rect: pos = array([-54.82870118, -65.54084492])
20.1818 	EXP 	unnamed Rect: pos = array([-54.82870118, -65.54084492])
20.1986 	EXP 	unnamed Rect: pos = array([-54.82870118, -65.54084492])
20.2154 	EXP 	unnamed Rect: pos = array([-54.82870118, -65.54084492])
20.2195 	DATA 	Keypress: left
20.2326 	EXP 	unnamed Rect: pos = array([-54.82870118, -65.54084492])
20.2486 	EXP 	unnamed Rect: pos = array([-64.82870118, -65.54084492])
20.2653 	EXP 	unnamed Rect: pos = array([-64.82870118, -65.54084492])
20.2819 	EXP 	unnamed Rect: pos = array([-64.82870118, -65.54084492])
20.2991 	EXP 	unnamed Rect: pos = array([-64.82870118, -65.54084492])
20.3152 	EXP 	unnamed Rect: pos = array([-64.82870118, -65.54084492])
20.3319 	EXP 	unnamed Rect: pos = array([-64.82870118, -65.54084492])
20.3490 	EXP 	unnamed Rect: pos = array([-64.82870118, -65.54084492])
20.3656 	EXP 	unnamed Rect: pos = array([-64.82870118, -65.54084492])
20.3828 	EXP 	unnamed Rect: pos = array([-64.82870118, -65.54084492])
20.3839 	DATA 	Keypress: left
20.3994 	EXP 	unnamed Rect: pos = array([-74.82870118, -65.54084492])
20.4162 	EXP 	unnamed Rect: pos = array([-74.82870118, -65.54084492])
20.4327 	EXP 	unnamed Rect: pos = array([-74.82870118, -65.54084492])
20.4486 	EXP 	unnamed Rect: pos = array([-74.82870118, -65.54084492])
20.4652 	EXP 	unnamed Rect: pos = array([-74.82870118, -65.54084492])
20.4820 	EXP 	unnamed Rect: pos = array([-74.82870118, -65.54084492])
20.4992 	EXP 	unnamed Rect: pos = array([-74.82870118, -65.54084492])
20.5152 	EXP 	unnamed Rect: pos = array([-74.82870118, -65.54084492])
20.5318 	EXP 	unnamed Rect: pos = array([-74.82870118, -65.54084492])
20.5489 	EXP 	unnamed Rect: pos = array([-74.82870118, -65.54084492])
20.5501 	DATA 	Keypress: left
20.5653 	EXP 	unnamed Rect: pos = array([-84.82870118, -65.54084492])
20.5822 	EXP 	unnamed Rect: pos = array([-84.82870118, -65.54084492])
20.5991 	EXP 	unnamed Rect: pos = array([-84.82870118, -65.54084492])
20.6156 	EXP 	unnamed Rect: pos = array([-84.82870118, -65.54084492])
20.6318 	EXP 	unnamed Rect: pos = array([-84.82870118, -65.54084492])
20.6494 	EXP 	unnamed Rect: pos = array([-84.82870118, -65.54084492])
20.6652 	EXP 	unnamed Rect: pos = array([-84.82870118, -65.54084492])
20.6830 	EXP 	unnamed Rect: pos = array([-84.82870118, -65.54084492])
20.6842 	DATA 	Keypress: up
20.6988 	EXP 	unnamed Rect: pos = array([-84.82870118, -55.54084492])
20.7153 	EXP 	unnamed Rect: pos = array([-84.82870118, -55.54084492])
20.7321 	EXP 	unnamed Rect: pos = array([-84.82870118, -55.54084492])
20.7486 	EXP 	unnamed Rect: pos = array([-84.82870118, -55.54084492])
20.7653 	EXP 	unnamed Rect: pos = array([-84.82870118, -55.54084492])
20.7828 	EXP 	unnamed Rect: pos = array([-84.82870118, -55.54084492])
20.7986 	EXP 	unnamed Rect: pos = array([-84.82870118, -55.54084492])
20.8153 	EXP 	unnamed Rect: pos = array([-84.82870118, -55.54084492])
20.8322 	EXP 	unnamed Rect: pos = array([-84.82870118, -55.54084492])
20.8486 	EXP 	unnamed Rect: pos = array([-84.82870118, -55.54084492])
20.8656 	EXP 	unnamed Rect: pos = array([-84.82870118, -55.54084492])
20.8667 	DATA 	Keypress: up
20.8819 	EXP 	unnamed Rect: pos = array([-84.82870118, -45.54084492])
20.8990 	EXP 	unnamed Rect: pos = array([-84.82870118, -45.54084492])
20.9156 	EXP 	unnamed Rect: pos = array([-84.82870118, -45.54084492])
20.9331 	EXP 	unnamed Rect: pos = array([-84.82870118, -45.54084492])
20.9488 	EXP 	unnamed Rect: pos = array([-84.82870118, -45.54084492])
20.9655 	EXP 	unnamed Rect: pos = array([-84.82870118, -45.54084492])
20.9820 	EXP 	unnamed Rect: pos = array([-84.82870118, -45.54084492])
20.9985 	EXP 	unnamed Rect: pos = array([-84.82870118, -45.54084492])
21.0169 	EXP 	unnamed Rect: pos = array([-84.82870118, -45.54084492])
21.0179 	DATA 	Keypress: left
21.0323 	EXP 	unnamed Rect: pos = array([-94.82870118, -45.54084492])
21.0485 	EXP 	unnamed Rect: pos = array([-94.82870118, -45.54084492])
21.0652 	EXP 	unnamed Rect: pos = array([-94.82870118, -45.54084492])
21.0823 	EXP 	unnamed Rect: pos = array([-94.82870118, -45.54084492])
21.0988 	EXP 	unnamed Rect: pos = array([-94.82870118, -45.54084492])
21.1152 	EXP 	unnamed Rect: pos = array([-94.82870118, -45.54084492])
21.1331 	EXP 	unnamed Rect: pos = array([-94.82870118, -45.54084492])
21.1487 	EXP 	unnamed Rect: pos = array([-94.82870118, -45.54084492])
21.1654 	EXP 	unnamed Rect: pos = array([-94.82870118, -45.54084492])
21.1819 	EXP 	unnamed Rect: pos = array([-94.82870118, -45.54084492])
21.1990 	EXP 	unnamed Rect: pos = array([-94.82870118, -45.54084492])
21.2156 	EXP 	unnamed Rect: pos = array([-94.82870118, -45.54084492])
21.2319 	EXP 	unnamed Rect: pos = array([-94.82870118, -45.54084492])
21.2486 	EXP 	unnamed Rect: pos = array([-94.82870118, -45.54084492])
21.2654 	EXP 	unnamed Rect: pos = array([-94.82870118, -45.54084492])
21.2694 	DATA 	Keypress: up
21.2832 	EXP 	unnamed Rect: pos = array([-94.82870118, -45.54084492])
21.2910 	EXP 	Created unnamed TextStim = TextStim(__class__=<class 'psychopy.visual.text.TextStim'>, alignHoriz=method-wrapper(...), alignText='center', alignVert=method-wrapper(...), anchorHoriz='center', anchorVert='center', antialias=True, autoLog=True, bold=False, color=array([1., 0., 0.]), colorSpace='rgb', contrast=1.0, depth=0, flipHoriz=False, flipVert=False, font='', fontFiles=[], height=0.2, italic=False, languageStyle='LTR', name='unnamed TextStim', opacity=1.0, ori=0.0, pos=array([50., 50.]), rgb=UNKNOWN, text='Reward Captured', units='height', win=Window(...), wrapWidth=1)
21.2994 	EXP 	unnamed Rect: pos = array([-94.82870118, -35.54084492])
21.3152 	EXP 	unnamed Rect: pos = array([-94.82870118, -35.54084492])
21.3319 	EXP 	unnamed Rect: pos = array([-94.82870118, -35.54084492])
21.3486 	EXP 	unnamed Rect: pos = array([-94.82870118, -35.54084492])
21.3658 	EXP 	unnamed Rect: pos = array([-94.82870118, -35.54084492])
21.3825 	EXP 	unnamed Rect: pos = array([-94.82870118, -35.54084492])
21.3989 	EXP 	unnamed Rect: pos = array([-94.82870118, -35.54084492])
21.4155 	EXP 	unnamed Rect: pos = array([-94.82870118, -35.54084492])
21.4320 	EXP 	unnamed Rect: pos = array([-94.82870118, -35.54084492])
21.4492 	EXP 	unnamed Rect: pos = array([-94.82870118, -35.54084492])
21.4505 	DATA 	Keypress: up
21.4663 	EXP 	unnamed Rect: pos = array([-94.82870118, -25.54084492])
21.4823 	EXP 	unnamed Rect: pos = array([-94.82870118, -25.54084492])
21.4991 	EXP 	unnamed Rect: pos = array([-94.82870118, -25.54084492])
21.5163 	EXP 	unnamed Rect: pos = array([-94.82870118, -25.54084492])
21.5322 	EXP 	unnamed Rect: pos = array([-94.82870118, -25.54084492])
21.5485 	EXP 	unnamed Rect: pos = array([-94.82870118, -25.54084492])
21.5658 	EXP 	unnamed Rect: pos = array([-94.82870118, -25.54084492])
21.5820 	EXP 	unnamed Rect: pos = array([-94.82870118, -25.54084492])
21.5986 	EXP 	unnamed Rect: pos = array([-94.82870118, -25.54084492])
21.6160 	EXP 	unnamed Rect: pos = array([-94.82870118, -25.54084492])
21.6321 	EXP 	unnamed Rect: pos = array([-94.82870118, -25.54084492])
21.6487 	EXP 	unnamed Rect: pos = array([-94.82870118, -25.54084492])
21.6653 	EXP 	unnamed Rect: pos = array([-94.82870118, -25.54084492])
21.6821 	EXP 	unnamed Rect: pos = array([-94.82870118, -25.54084492])
21.6863 	DATA 	Keypress: down
21.6998 	EXP 	unnamed Rect: pos = array([-94.82870118, -25.54084492])
21.7155 	EXP 	unnamed Rect: pos = array([-94.82870118, -35.54084492])
21.7323 	EXP 	unnamed Rect: pos = array([-94.82870118, -35.54084492])
21.7489 	EXP 	unnamed Rect: pos = array([-94.82870118, -35.54084492])
21.7663 	EXP 	unnamed Rect: pos = array([-94.82870118, -35.54084492])
21.7823 	EXP 	unnamed Rect: pos = array([-94.82870118, -35.54084492])
21.7987 	EXP 	unnamed Rect: pos = array([-94.82870118, -35.54084492])
21.8162 	EXP 	unnamed Rect: pos = array([-94.82870118, -35.54084492])
21.8322 	EXP 	unnamed Rect: pos = array([-94.82870118, -35.54084492])
21.8484 	EXP 	unnamed Rect: pos = array([-94.82870118, -35.54084492])
21.8655 	EXP 	unnamed Rect: pos = array([-94.82870118, -35.54084492])
21.8820 	EXP 	unnamed Rect: pos = array([-94.82870118, -35.54084492])
21.8985 	EXP 	unnamed Rect: pos = array([-94.82870118, -35.54084492])
21.9028 	DATA 	Keypress: down
21.9163 	EXP 	unnamed Rect: pos = array([-94.82870118, -35.54084492])
21.9319 	EXP 	unnamed Rect: pos = array([-94.82870118, -45.54084492])
21.9500 	EXP 	unnamed Rect: pos = array([-94.82870118, -45.54084492])
21.9654 	EXP 	unnamed Rect: pos = array([-94.82870118, -45.54084492])
21.9819 	EXP 	unnamed Rect: pos = array([-94.82870118, -45.54084492])
21.9987 	EXP 	unnamed Rect: pos = array([-94.82870118, -45.54084492])
22.0153 	EXP 	unnamed Rect: pos = array([-94.82870118, -45.54084492])
22.0320 	EXP 	unnamed Rect: pos = array([-94.82870118, -45.54084492])
22.0485 	EXP 	unnamed Rect: pos = array([-94.82870118, -45.54084492])
22.0659 	EXP 	unnamed Rect: pos = array([-94.82870118, -45.54084492])
22.0671 	DATA 	Keypress: up
22.0830 	EXP 	unnamed Rect: pos = array([-94.82870118, -35.54084492])
22.0985 	EXP 	unnamed Rect: pos = array([-94.82870118, -35.54084492])
22.1151 	EXP 	unnamed Rect: pos = array([-94.82870118, -35.54084492])
22.1321 	EXP 	unnamed Rect: pos = array([-94.82870118, -35.54084492])
22.1488 	EXP 	unnamed Rect: pos = array([-94.82870118, -35.54084492])
22.1654 	EXP 	unnamed Rect: pos = array([-94.82870118, -35.54084492])
22.1822 	EXP 	unnamed Rect: pos = array([-94.82870118, -35.54084492])
22.1992 	EXP 	unnamed Rect: pos = array([-94.82870118, -35.54084492])
22.2151 	EXP 	unnamed Rect: pos = array([-94.82870118, -35.54084492])
22.2318 	EXP 	unnamed Rect: pos = array([-94.82870118, -35.54084492])
22.2485 	EXP 	unnamed Rect: pos = array([-94.82870118, -35.54084492])
22.2657 	EXP 	unnamed Rect: pos = array([-94.82870118, -35.54084492])
22.2670 	DATA 	Keypress: up
22.2821 	EXP 	unnamed Rect: pos = array([-94.82870118, -25.54084492])
22.2988 	EXP 	unnamed Rect: pos = array([-94.82870118, -25.54084492])
22.3158 	EXP 	unnamed Rect: pos = array([-94.82870118, -25.54084492])
22.3322 	EXP 	unnamed Rect: pos = array([-94.82870118, -25.54084492])
22.3486 	EXP 	unnamed Rect: pos = array([-94.82870118, -25.54084492])
22.3654 	EXP 	unnamed Rect: pos = array([-94.82870118, -25.54084492])
22.3819 	EXP 	unnamed Rect: pos = array([-94.82870118, -25.54084492])
22.3999 	EXP 	unnamed Rect: pos = array([-94.82870118, -25.54084492])
22.4164 	EXP 	unnamed Rect: pos = array([-94.82870118, -25.54084492])
22.4176 	DATA 	Keypress: up
22.4330 	EXP 	unnamed Rect: pos = array([-94.82870118, -15.54084492])
22.4486 	EXP 	unnamed Rect: pos = array([-94.82870118, -15.54084492])
22.4657 	EXP 	unnamed Rect: pos = array([-94.82870118, -15.54084492])
22.4829 	EXP 	unnamed Rect: pos = array([-94.82870118, -15.54084492])
22.4996 	EXP 	unnamed Rect: pos = array([-94.82870118, -15.54084492])
22.5155 	EXP 	unnamed Rect: pos = array([-94.82870118, -15.54084492])
22.5319 	EXP 	unnamed Rect: pos = array([-94.82870118, -15.54084492])
22.5491 	EXP 	unnamed Rect: pos = array([-94.82870118, -15.54084492])
22.5663 	EXP 	unnamed Rect: pos = array([-94.82870118, -15.54084492])
22.5829 	EXP 	unnamed Rect: pos = array([-94.82870118, -15.54084492])
22.5842 	DATA 	Keypress: up
22.5987 	EXP 	unnamed Rect: pos = array([-94.82870118,  -5.54084492])
22.6159 	EXP 	unnamed Rect: pos = array([-94.82870118,  -5.54084492])
22.6321 	EXP 	unnamed Rect: pos = array([-94.82870118,  -5.54084492])
22.6495 	EXP 	unnamed Rect: pos = array([-94.82870118,  -5.54084492])
22.6652 	EXP 	unnamed Rect: pos = array([-94.82870118,  -5.54084492])
22.6819 	EXP 	unnamed Rect: pos = array([-94.82870118,  -5.54084492])
22.6986 	EXP 	unnamed Rect: pos = array([-94.82870118,  -5.54084492])
22.7151 	EXP 	unnamed Rect: pos = array([-94.82870118,  -5.54084492])
22.7319 	EXP 	unnamed Rect: pos = array([-94.82870118,  -5.54084492])
22.7485 	EXP 	unnamed Rect: pos = array([-94.82870118,  -5.54084492])
22.7527 	DATA 	Keypress: right
22.7662 	EXP 	unnamed Rect: pos = array([-94.82870118,  -5.54084492])
22.7819 	EXP 	unnamed Rect: pos = array([-84.82870118,  -5.54084492])
22.7988 	EXP 	unnamed Rect: pos = array([-84.82870118,  -5.54084492])
22.8158 	EXP 	unnamed Rect: pos = array([-84.82870118,  -5.54084492])
22.8329 	EXP 	unnamed Rect: pos = array([-84.82870118,  -5.54084492])
22.8485 	EXP 	unnamed Rect: pos = array([-84.82870118,  -5.54084492])
22.8654 	EXP 	unnamed Rect: pos = array([-84.82870118,  -5.54084492])
22.8821 	EXP 	unnamed Rect: pos = array([-84.82870118,  -5.54084492])
22.8989 	EXP 	unnamed Rect: pos = array([-84.82870118,  -5.54084492])
22.9153 	EXP 	unnamed Rect: pos = array([-84.82870118,  -5.54084492])
22.9324 	EXP 	unnamed Rect: pos = array([-84.82870118,  -5.54084492])
22.9336 	DATA 	Keypress: right
22.9494 	EXP 	unnamed Rect: pos = array([-74.82870118,  -5.54084492])
22.9653 	EXP 	unnamed Rect: pos = array([-74.82870118,  -5.54084492])
22.9822 	EXP 	unnamed Rect: pos = array([-74.82870118,  -5.54084492])
22.9995 	EXP 	unnamed Rect: pos = array([-74.82870118,  -5.54084492])
23.0154 	EXP 	unnamed Rect: pos = array([-74.82870118,  -5.54084492])
23.0314 	EXP 	unnamed Rect: pos = array([-74.82870118,  -5.54084492])
23.0479 	EXP 	unnamed Rect: pos = array([-74.82870118,  -5.54084492])
23.0645 	EXP 	unnamed Rect: pos = array([-74.82870118,  -5.54084492])
23.0813 	EXP 	unnamed Rect: pos = array([-74.82870118,  -5.54084492])
23.0819 	DATA 	Keypress: down
23.0978 	EXP 	unnamed Rect: pos = array([-74.82870118, -15.54084492])
23.1148 	EXP 	unnamed Rect: pos = array([-74.82870118, -15.54084492])
23.1312 	EXP 	unnamed Rect: pos = array([-74.82870118, -15.54084492])
23.1478 	EXP 	unnamed Rect: pos = array([-74.82870118, -15.54084492])
23.1653 	EXP 	unnamed Rect: pos = array([-74.82870118, -15.54084492])
23.1820 	EXP 	unnamed Rect: pos = array([-74.82870118, -15.54084492])
23.1983 	EXP 	unnamed Rect: pos = array([-74.82870118, -15.54084492])
23.2153 	EXP 	unnamed Rect: pos = array([-74.82870118, -15.54084492])
23.2313 	EXP 	unnamed Rect: pos = array([-74.82870118, -15.54084492])
23.2481 	EXP 	unnamed Rect: pos = array([-74.82870118, -15.54084492])
23.2651 	EXP 	unnamed Rect: pos = array([-74.82870118, -15.54084492])
23.2822 	EXP 	unnamed Rect: pos = array([-74.82870118, -15.54084492])
23.2830 	DATA 	Keypress: down
23.3023 	EXP 	unnamed Rect: pos = array([-74.82870118, -25.54084492])
23.3152 	EXP 	unnamed Rect: pos = array([-74.82870118, -25.54084492])
23.3317 	EXP 	unnamed Rect: pos = array([-74.82870118, -25.54084492])
23.3484 	EXP 	unnamed Rect: pos = array([-74.82870118, -25.54084492])
23.3652 	EXP 	unnamed Rect: pos = array([-74.82870118, -25.54084492])
23.3819 	EXP 	unnamed Rect: pos = array([-74.82870118, -25.54084492])
23.3985 	EXP 	unnamed Rect: pos = array([-74.82870118, -25.54084492])
23.4155 	EXP 	unnamed Rect: pos = array([-74.82870118, -25.54084492])
23.4322 	EXP 	unnamed Rect: pos = array([-74.82870118, -25.54084492])
23.4496 	EXP 	unnamed Rect: pos = array([-74.82870118, -25.54084492])
23.4504 	DATA 	Keypress: down
23.4651 	EXP 	unnamed Rect: pos = array([-74.82870118, -35.54084492])
23.4819 	EXP 	unnamed Rect: pos = array([-74.82870118, -35.54084492])
23.4992 	EXP 	unnamed Rect: pos = array([-74.82870118, -35.54084492])
23.5153 	EXP 	unnamed Rect: pos = array([-74.82870118, -35.54084492])
23.5319 	EXP 	unnamed Rect: pos = array([-74.82870118, -35.54084492])
23.5489 	EXP 	unnamed Rect: pos = array([-74.82870118, -35.54084492])
23.5656 	EXP 	unnamed Rect: pos = array([-74.82870118, -35.54084492])
23.5820 	EXP 	unnamed Rect: pos = array([-74.82870118, -35.54084492])
23.5995 	EXP 	unnamed Rect: pos = array([-74.82870118, -35.54084492])
23.6006 	DATA 	Keypress: down
23.6160 	EXP 	unnamed Rect: pos = array([-74.82870118, -45.54084492])
23.6320 	EXP 	unnamed Rect: pos = array([-74.82870118, -45.54084492])
23.6487 	EXP 	unnamed Rect: pos = array([-74.82870118, -45.54084492])
23.6664 	EXP 	unnamed Rect: pos = array([-74.82870118, -45.54084492])
23.6821 	EXP 	unnamed Rect: pos = array([-74.82870118, -45.54084492])
23.6987 	EXP 	unnamed Rect: pos = array([-74.82870118, -45.54084492])
23.7153 	EXP 	unnamed Rect: pos = array([-74.82870118, -45.54084492])
23.7318 	EXP 	unnamed Rect: pos = array([-74.82870118, -45.54084492])
23.7488 	EXP 	unnamed Rect: pos = array([-74.82870118, -45.54084492])
23.7658 	EXP 	unnamed Rect: pos = array([-74.82870118, -45.54084492])
23.7669 	DATA 	Keypress: down
23.7830 	EXP 	unnamed Rect: pos = array([-74.82870118, -55.54084492])
23.7986 	EXP 	unnamed Rect: pos = array([-74.82870118, -55.54084492])
23.8153 	EXP 	unnamed Rect: pos = array([-74.82870118, -55.54084492])
23.8323 	EXP 	unnamed Rect: pos = array([-74.82870118, -55.54084492])
23.8488 	EXP 	unnamed Rect: pos = array([-74.82870118, -55.54084492])
23.8655 	EXP 	unnamed Rect: pos = array([-74.82870118, -55.54084492])
23.8824 	EXP 	unnamed Rect: pos = array([-74.82870118, -55.54084492])
23.8987 	EXP 	unnamed Rect: pos = array([-74.82870118, -55.54084492])
23.9154 	EXP 	unnamed Rect: pos = array([-74.82870118, -55.54084492])
23.9323 	EXP 	unnamed Rect: pos = array([-74.82870118, -55.54084492])
23.9499 	EXP 	unnamed Rect: pos = array([-74.82870118, -55.54084492])
23.9512 	DATA 	Keypress: down
23.9657 	EXP 	unnamed Rect: pos = array([-74.82870118, -65.54084492])
23.9820 	EXP 	unnamed Rect: pos = array([-74.82870118, -65.54084492])
23.9989 	EXP 	unnamed Rect: pos = array([-74.82870118, -65.54084492])
24.0161 	EXP 	unnamed Rect: pos = array([-74.82870118, -65.54084492])
24.0319 	EXP 	unnamed Rect: pos = array([-74.82870118, -65.54084492])
24.0487 	EXP 	unnamed Rect: pos = array([-74.82870118, -65.54084492])
24.0653 	EXP 	unnamed Rect: pos = array([-74.82870118, -65.54084492])
24.0820 	EXP 	unnamed Rect: pos = array([-74.82870118, -65.54084492])
24.0987 	EXP 	unnamed Rect: pos = array([-74.82870118, -65.54084492])
24.1166 	EXP 	unnamed Rect: pos = array([-74.82870118, -65.54084492])
24.1179 	DATA 	Keypress: down
24.1324 	EXP 	unnamed Rect: pos = array([-74.82870118, -75.54084492])
24.1487 	EXP 	unnamed Rect: pos = array([-74.82870118, -75.54084492])
24.1660 	EXP 	unnamed Rect: pos = array([-74.82870118, -75.54084492])
24.1820 	EXP 	unnamed Rect: pos = array([-74.82870118, -75.54084492])
24.1995 	EXP 	unnamed Rect: pos = array([-74.82870118, -75.54084492])
24.2164 	EXP 	unnamed Rect: pos = array([-74.82870118, -75.54084492])
24.2323 	EXP 	unnamed Rect: pos = array([-74.82870118, -75.54084492])
24.2493 	EXP 	unnamed Rect: pos = array([-74.82870118, -75.54084492])
24.2657 	EXP 	unnamed Rect: pos = array([-74.82870118, -75.54084492])
24.2671 	DATA 	Keypress: down
24.2831 	EXP 	unnamed Rect: pos = array([-74.82870118, -85.54084492])
24.3027 	EXP 	unnamed Rect: pos = array([-74.82870118, -85.54084492])
24.3155 	EXP 	unnamed Rect: pos = array([-74.82870118, -85.54084492])
24.3326 	EXP 	unnamed Rect: pos = array([-74.82870118, -85.54084492])
24.3486 	EXP 	unnamed Rect: pos = array([-74.82870118, -85.54084492])
24.3653 	EXP 	unnamed Rect: pos = array([-74.82870118, -85.54084492])
24.3819 	EXP 	unnamed Rect: pos = array([-74.82870118, -85.54084492])
24.3987 	EXP 	unnamed Rect: pos = array([-74.82870118, -85.54084492])
24.4152 	EXP 	unnamed Rect: pos = array([-74.82870118, -85.54084492])
24.4326 	EXP 	unnamed Rect: pos = array([-74.82870118, -85.54084492])
24.4338 	DATA 	Keypress: down
24.4495 	EXP 	unnamed Rect: pos = array([-74.82870118, -95.54084492])
24.4654 	EXP 	unnamed Rect: pos = array([-74.82870118, -95.54084492])
24.4820 	EXP 	unnamed Rect: pos = array([-74.82870118, -95.54084492])
24.4989 	EXP 	unnamed Rect: pos = array([-74.82870118, -95.54084492])
24.5157 	EXP 	unnamed Rect: pos = array([-74.82870118, -95.54084492])
24.5324 	EXP 	unnamed Rect: pos = array([-74.82870118, -95.54084492])
24.5493 	EXP 	unnamed Rect: pos = array([-74.82870118, -95.54084492])
24.5652 	EXP 	unnamed Rect: pos = array([-74.82870118, -95.54084492])
24.5821 	EXP 	unnamed Rect: pos = array([-74.82870118, -95.54084492])
24.5834 	DATA 	Keypress: down
24.5997 	EXP 	unnamed Rect: pos = array([ -74.82870118, -105.54084492])
24.6155 	EXP 	unnamed Rect: pos = array([ -74.82870118, -105.54084492])
24.6323 	EXP 	unnamed Rect: pos = array([ -74.82870118, -105.54084492])
24.6489 	EXP 	unnamed Rect: pos = array([ -74.82870118, -105.54084492])
24.6657 	EXP 	unnamed Rect: pos = array([ -74.82870118, -105.54084492])
24.6818 	EXP 	unnamed Rect: pos = array([ -74.82870118, -105.54084492])
24.6986 	EXP 	unnamed Rect: pos = array([ -74.82870118, -105.54084492])
24.7152 	EXP 	unnamed Rect: pos = array([ -74.82870118, -105.54084492])
24.7319 	EXP 	unnamed Rect: pos = array([ -74.82870118, -105.54084492])
24.7492 	EXP 	unnamed Rect: pos = array([ -74.82870118, -105.54084492])
24.7504 	DATA 	Keypress: down
24.7663 	EXP 	unnamed Rect: pos = array([ -74.82870118, -115.54084492])
24.7821 	EXP 	unnamed Rect: pos = array([ -74.82870118, -115.54084492])
24.7987 	EXP 	unnamed Rect: pos = array([ -74.82870118, -115.54084492])
24.8151 	EXP 	unnamed Rect: pos = array([ -74.82870118, -115.54084492])
24.8327 	EXP 	unnamed Rect: pos = array([ -74.82870118, -115.54084492])
24.8488 	EXP 	unnamed Rect: pos = array([ -74.82870118, -115.54084492])
24.8654 	EXP 	unnamed Rect: pos = array([ -74.82870118, -115.54084492])
24.8824 	EXP 	unnamed Rect: pos = array([ -74.82870118, -115.54084492])
24.8986 	EXP 	text: autoDraw = True
24.9189 	DATA 	Keypress: down
25.1026 	DATA 	Keypress: right
26.1034 	DATA 	Keypress: space
26.4690 	DATA 	Keypress: space
27.8828 	EXP 	New trial (rep=1, index=0): None
27.8992 	EXP 	text: autoDraw = False
27.8992 	EXP 	text: autoDraw = False
27.8992 	EXP 	Welcometext: autoDraw = True
29.0531 	DATA 	Keypress: escape
29.2472 	EXP 	window1: mouseVisible = True
