0.5923 	WARNING 	We strongly recommend you activate the PTB sound engine in PsychoPy prefs as the preferred audio engine. Its timing is vastly superior. Your prefs are currently set to use ['sounddevice', 'PTB', 'pyo', 'pygame'] (in that order).
4.8728 	ERROR 	'-1.0000, -1.0000, -1.0000' is not a valid rgb color
5.4879 	EXP 	Created window1 = Window(allowGUI=False, allowStencil=False, autoLog=True, backendConf=UNKNOWN, bitsMode=UNKNOWN, blendMode='avg', bpc=(8, 8, 8), color=array([0, 0, 0]), colorSpace='rgb', depthBits=8, fullscr=<method-wrapper '__getattribute__' of attributeSetter object at 0x7faeb86429e8>, gamma=None, gammaErrorPolicy='raise', lms=UNKNOWN, monitor=<psychopy.monitors.calibTools.Monitor object at 0x7faee7815470>, multiSample=False, name='window1', numSamples=2, pos=[360.0, 225.0], screen=0, size=array([2880, 1800]), stencilBits=0, stereo=False, units='height', useFBO=True, useRetina=True, viewOri=0.0, viewPos=None, viewScale=None, waitBlanking=True, winType='pyglet')
5.4884 	EXP 	window1: mouseVisible = True
5.4885 	EXP 	window1: recordFrameIntervals = False
5.6541 	EXP 	window1: recordFrameIntervals = True
5.8383 	EXP 	window1: recordFrameIntervals = False
6.4558 	DEPRECATION 	'1.0000, 1.0000, 1.0000' is not a valid rgb color
6.4848 	EXP 	Created Welcometext = TextStim(__class__=<class 'psychopy.visual.text.TextStim'>, alignHoriz=method-wrapper(...), alignText='center', alignVert=method-wrapper(...), anchorHoriz='center', anchorVert='center', antialias=True, autoLog=True, bold=False, color=array([0., 0., 0.]), colorSpace='rgb', contrast=1.0, depth=0.0, flipHoriz=False, flipVert=False, font='Open Sans', fontFiles=[], height=0.05, italic=False, languageStyle='LTR', name='Welcometext', opacity=0, ori=0.0, pos=array([0., 0.]), rgb=UNKNOWN, text='Welcome\nPlease press Spacebar to start', units='height', win=Window(...), wrapWidth=1)
6.8284 	EXP 	Created text = TextStim(__class__=<class 'psychopy.visual.text.TextStim'>, alignHoriz=method-wrapper(...), alignText='center', alignVert=method-wrapper(...), anchorHoriz='center', anchorVert='center', antialias=True, autoLog=True, bold=False, color=array([1., 1., 1.]), colorSpace='rgb', contrast=1.0, depth=0.0, flipHoriz=False, flipVert=False, font='Open Sans', fontFiles=[], height=0.05, italic=False, languageStyle='LTR', name='text', opacity=1, ori=0.0, pos=array([0., 0.]), rgb=UNKNOWN, text=str(...), units='height', win=Window(...), wrapWidth=1)
6.8290 	EXP 	Created sequence: random, trialTypes=1, nReps=5, seed=None
6.8292 	EXP 	New trial (rep=0, index=0): None
6.8352 	EXP 	Welcometext: autoDraw = True
11.0953 	EXP 	Created unnamed Rect = Rect(__class__=<class 'psychopy.visual.rect.Rect'>, autoDraw=False, autoLog=True, closeShape=True, color=method-wrapper(...), colorSpace='rgb', contrast=None, depth=0, fillColor=array([ 1, -1, -1]), fillColorSpace='rgb', fillRGB=array([ 1, -1, -1]), interpolate=True, lineColor=array([-1., -1.,  1.]), lineColorSpace='rgb', lineRGB=array([-1, -1,  1]), lineWidth=1.5, name='unnamed Rect', opacity=1, ori=0.0, pos=array([0., 0.]), size=array([1000.,  700.]), units='pix', vertices=ndarray(...), win=Window(...))
11.0979 	EXP 	Created unnamed Rect = Rect(__class__=<class 'psychopy.visual.rect.Rect'>, autoDraw=False, autoLog=True, closeShape=True, color=method-wrapper(...), colorSpace='rgb', contrast=None, depth=0, fillColor=array([-1, -1, -1]), fillColorSpace='rgb', fillRGB=array([-1, -1, -1]), interpolate=True, lineColor=array([-1., -1.,  1.]), lineColorSpace='rgb', lineRGB=array([-1, -1,  1]), lineWidth=1.5, name='unnamed Rect', opacity=1, ori=0.0, pos=array([0., 0.]), size=array([400., 600.]), units='pix', vertices=ndarray(...), win=Window(...))
11.1001 	EXP 	Created unnamed Rect = Rect(__class__=<class 'psychopy.visual.rect.Rect'>, autoDraw=False, autoLog=True, closeShape=True, color=method-wrapper(...), colorSpace='rgb', contrast=None, depth=0, fillColor=array([-1, -1, -1]), fillColorSpace='rgb', fillRGB=array([-1, -1, -1]), interpolate=True, lineColor=array([-1., -1.,  1.]), lineColorSpace='rgb', lineRGB=array([-1, -1,  1]), lineWidth=1.5, name='unnamed Rect', opacity=1, ori=0.0, pos=array([0., 0.]), size=array([400., 600.]), units='pix', vertices=ndarray(...), win=Window(...))
11.1030 	EXP 	Created unnamed Rect = Rect(__class__=<class 'psychopy.visual.rect.Rect'>, autoDraw=False, autoLog=True, closeShape=True, color=method-wrapper(...), colorSpace='rgb', contrast=None, depth=0, fillColor=array([ 1,  1, -1]), fillColorSpace='rgb', fillRGB=array([ 1,  1, -1]), interpolate=True, lineColor=array([0., 0., 0.]), lineColorSpace='rgb', lineRGB=array([0, 0, 0]), lineWidth=1.5, name='unnamed Rect', opacity=0.5, ori=0.0, pos=array([0., 0.]), size=array([30., 30.]), units='pix', vertices=ndarray(...), win=Window(...))
11.1062 	EXP 	Created unnamed Rect = Rect(__class__=<class 'psychopy.visual.rect.Rect'>, autoDraw=False, autoLog=True, closeShape=True, color=method-wrapper(...), colorSpace='rgb', contrast=None, depth=0, fillColor=array([ 1,  1, -1]), fillColorSpace='rgb', fillRGB=array([ 1,  1, -1]), interpolate=True, lineColor=array([0., 0., 0.]), lineColorSpace='rgb', lineRGB=array([0, 0, 0]), lineWidth=1.5, name='unnamed Rect', opacity=0.5, ori=0.0, pos=array([0., 0.]), size=array([30., 30.]), units='pix', vertices=ndarray(...), win=Window(...))
11.1089 	EXP 	Created unnamed Rect = Rect(__class__=<class 'psychopy.visual.rect.Rect'>, autoDraw=False, autoLog=True, closeShape=True, color=method-wrapper(...), colorSpace='rgb', contrast=None, depth=0, fillColor=array([ 1,  1, -1]), fillColorSpace='rgb', fillRGB=array([ 1,  1, -1]), interpolate=True, lineColor=array([0., 0., 0.]), lineColorSpace='rgb', lineRGB=array([0, 0, 0]), lineWidth=1.5, name='unnamed Rect', opacity=0.5, ori=0.0, pos=array([0., 0.]), size=array([30., 30.]), units='pix', vertices=ndarray(...), win=Window(...))
11.1113 	EXP 	Created unnamed Rect = Rect(__class__=<class 'psychopy.visual.rect.Rect'>, autoDraw=False, autoLog=True, closeShape=True, color=method-wrapper(...), colorSpace='rgb', contrast=None, depth=0, fillColor=array([ 1,  1, -1]), fillColorSpace='rgb', fillRGB=array([ 1,  1, -1]), interpolate=True, lineColor=array([0., 0., 0.]), lineColorSpace='rgb', lineRGB=array([0, 0, 0]), lineWidth=1.5, name='unnamed Rect', opacity=0.5, ori=0.0, pos=array([0., 0.]), size=array([30., 30.]), units='pix', vertices=ndarray(...), win=Window(...))
11.1136 	EXP 	Created unnamed Rect = Rect(__class__=<class 'psychopy.visual.rect.Rect'>, autoDraw=False, autoLog=True, closeShape=True, color=method-wrapper(...), colorSpace='rgb', contrast=None, depth=0, fillColor=array([ 1,  1, -1]), fillColorSpace='rgb', fillRGB=array([ 1,  1, -1]), interpolate=True, lineColor=array([0., 0., 0.]), lineColorSpace='rgb', lineRGB=array([0, 0, 0]), lineWidth=1.5, name='unnamed Rect', opacity=0.5, ori=0.0, pos=array([0., 0.]), size=array([30., 30.]), units='pix', vertices=ndarray(...), win=Window(...))
11.1557 	EXP 	Created unnamed ImageStim = ImageStim(__class__=<class 'psychopy.visual.image.ImageStim'>, autoLog=True, color=array([1., 1., 1.]), colorSpace='rgb', contrast=1.0, depth=0, flipHoriz=False, flipVert=False, image='tree.png', interpolate=False, mask=None, maskParams=None, name='unnamed ImageStim', opacity=1, ori=0.0, pos=array([0., 0.]), size=array([512, 512]), texRes=128, units='pix', win=Window(...))
11.1772 	EXP 	Created unnamed ImageStim = ImageStim(__class__=<class 'psychopy.visual.image.ImageStim'>, autoLog=True, color=array([1., 1., 1.]), colorSpace='rgb', contrast=1.0, depth=0, flipHoriz=False, flipVert=False, image='tree.png', interpolate=False, mask=None, maskParams=None, name='unnamed ImageStim', opacity=1, ori=0.0, pos=array([0., 0.]), size=array([512, 512]), texRes=128, units='pix', win=Window(...))
11.1957 	EXP 	Created unnamed ImageStim = ImageStim(__class__=<class 'psychopy.visual.image.ImageStim'>, autoLog=True, color=array([1., 1., 1.]), colorSpace='rgb', contrast=1.0, depth=0, flipHoriz=False, flipVert=False, image='tree.png', interpolate=False, mask=None, maskParams=None, name='unnamed ImageStim', opacity=1, ori=0.0, pos=array([0., 0.]), size=array([512, 512]), texRes=128, units='pix', win=Window(...))
11.2132 	EXP 	Created unnamed ImageStim = ImageStim(__class__=<class 'psychopy.visual.image.ImageStim'>, autoLog=True, color=array([1., 1., 1.]), colorSpace='rgb', contrast=1.0, depth=0, flipHoriz=False, flipVert=False, image='tree.png', interpolate=False, mask=None, maskParams=None, name='unnamed ImageStim', opacity=1, ori=0.0, pos=array([0., 0.]), size=array([512, 512]), texRes=128, units='pix', win=Window(...))
11.2314 	EXP 	Created unnamed ImageStim = ImageStim(__class__=<class 'psychopy.visual.image.ImageStim'>, autoLog=True, color=array([1., 1., 1.]), colorSpace='rgb', contrast=1.0, depth=0, flipHoriz=False, flipVert=False, image='tree.png', interpolate=False, mask=None, maskParams=None, name='unnamed ImageStim', opacity=1, ori=0.0, pos=array([0., 0.]), size=array([512, 512]), texRes=128, units='pix', win=Window(...))
11.2490 	EXP 	Created unnamed ImageStim = ImageStim(__class__=<class 'psychopy.visual.image.ImageStim'>, autoLog=True, color=array([1., 1., 1.]), colorSpace='rgb', contrast=1.0, depth=0, flipHoriz=False, flipVert=False, image='tree.png', interpolate=False, mask=None, maskParams=None, name='unnamed ImageStim', opacity=1, ori=0.0, pos=array([0., 0.]), size=array([512, 512]), texRes=128, units='pix', win=Window(...))
11.2664 	EXP 	Created unnamed ImageStim = ImageStim(__class__=<class 'psychopy.visual.image.ImageStim'>, autoLog=True, color=array([1., 1., 1.]), colorSpace='rgb', contrast=1.0, depth=0, flipHoriz=False, flipVert=False, image='tree.png', interpolate=False, mask=None, maskParams=None, name='unnamed ImageStim', opacity=1, ori=0.0, pos=array([0., 0.]), size=array([512, 512]), texRes=128, units='pix', win=Window(...))
11.2838 	EXP 	Created unnamed ImageStim = ImageStim(__class__=<class 'psychopy.visual.image.ImageStim'>, autoLog=True, color=array([1., 1., 1.]), colorSpace='rgb', contrast=1.0, depth=0, flipHoriz=False, flipVert=False, image='tree.png', interpolate=False, mask=None, maskParams=None, name='unnamed ImageStim', opacity=1, ori=0.0, pos=array([0., 0.]), size=array([512, 512]), texRes=128, units='pix', win=Window(...))
11.3012 	EXP 	Created unnamed ImageStim = ImageStim(__class__=<class 'psychopy.visual.image.ImageStim'>, autoLog=True, color=array([1., 1., 1.]), colorSpace='rgb', contrast=1.0, depth=0, flipHoriz=False, flipVert=False, image='tree.png', interpolate=False, mask=None, maskParams=None, name='unnamed ImageStim', opacity=1, ori=0.0, pos=array([0., 0.]), size=array([512, 512]), texRes=128, units='pix', win=Window(...))
11.3186 	EXP 	Created unnamed ImageStim = ImageStim(__class__=<class 'psychopy.visual.image.ImageStim'>, autoLog=True, color=array([1., 1., 1.]), colorSpace='rgb', contrast=1.0, depth=0, flipHoriz=False, flipVert=False, image='tree.png', interpolate=False, mask=None, maskParams=None, name='unnamed ImageStim', opacity=1, ori=0.0, pos=array([0., 0.]), size=array([512, 512]), texRes=128, units='pix', win=Window(...))
11.3360 	EXP 	Created unnamed ImageStim = ImageStim(__class__=<class 'psychopy.visual.image.ImageStim'>, autoLog=True, color=array([1., 1., 1.]), colorSpace='rgb', contrast=1.0, depth=0, flipHoriz=False, flipVert=False, image='tree.png', interpolate=False, mask=None, maskParams=None, name='unnamed ImageStim', opacity=1, ori=0.0, pos=array([0., 0.]), size=array([512, 512]), texRes=128, units='pix', win=Window(...))
11.3533 	EXP 	Created unnamed ImageStim = ImageStim(__class__=<class 'psychopy.visual.image.ImageStim'>, autoLog=True, color=array([1., 1., 1.]), colorSpace='rgb', contrast=1.0, depth=0, flipHoriz=False, flipVert=False, image='tree.png', interpolate=False, mask=None, maskParams=None, name='unnamed ImageStim', opacity=1, ori=0.0, pos=array([0., 0.]), size=array([512, 512]), texRes=128, units='pix', win=Window(...))
11.3636 	DATA 	Keypress: space
11.3693 	EXP 	Welcometext: autoDraw = False
11.3693 	EXP 	unnamed Rect: pos = [-250, 0]
11.3693 	EXP 	unnamed Rect: pos = [250, 0]
11.3693 	EXP 	unnamed Rect: pos = [-278.3818867871421, 169.10108136066233]
11.3693 	EXP 	unnamed Rect: pos = [297.510916687822, 117.29565085209641]
11.3693 	EXP 	unnamed Rect: pos = [203.1627181407196, 20.32614596998348]
11.3693 	EXP 	unnamed Rect: pos = [110.42639552221135, -276.3996687922109]
11.3693 	EXP 	unnamed Rect: pos = [378.74799394438844, 203.82831440268117]
11.3693 	EXP 	unnamed ImageStim: size = [51.2, 51.2]
11.3693 	EXP 	unnamed ImageStim: size = [51.2, 51.2]
11.3693 	EXP 	unnamed ImageStim: size = [51.2, 51.2]
11.3693 	EXP 	unnamed ImageStim: size = [51.2, 51.2]
11.3693 	EXP 	unnamed ImageStim: size = [51.2, 51.2]
11.3693 	EXP 	unnamed ImageStim: size = [51.2, 51.2]
11.3693 	EXP 	unnamed ImageStim: size = [51.2, 51.2]
11.3693 	EXP 	unnamed ImageStim: size = [51.2, 51.2]
11.3693 	EXP 	unnamed ImageStim: size = [51.2, 51.2]
11.3693 	EXP 	unnamed ImageStim: size = [51.2, 51.2]
11.3693 	EXP 	unnamed ImageStim: size = [51.2, 51.2]
11.3693 	EXP 	unnamed ImageStim: size = [51.2, 51.2]
11.3693 	EXP 	unnamed ImageStim: pos = [-105.51695845417345, 107.54228620446855]
11.3693 	EXP 	unnamed ImageStim: pos = [34.45435659699052, 147.09196589936712]
11.3693 	EXP 	unnamed ImageStim: pos = [-80.98372187210873, 8.775798438343042]
11.3693 	EXP 	unnamed ImageStim: pos = [-148.74698575067504, 54.913148653623274]
11.3693 	EXP 	unnamed ImageStim: pos = [-355.51695845417345, 107.54228620446855]
11.3693 	EXP 	unnamed ImageStim: pos = [144.48304154582655, 107.54228620446855]
11.3693 	EXP 	unnamed ImageStim: pos = [-215.54564340300948, 147.09196589936712]
11.3693 	EXP 	unnamed ImageStim: pos = [284.4543565969905, 147.09196589936712]
11.3693 	EXP 	unnamed ImageStim: pos = [-330.98372187210873, 8.775798438343042]
11.3693 	EXP 	unnamed ImageStim: pos = [169.01627812789127, 8.775798438343042]
11.3693 	EXP 	unnamed ImageStim: pos = [-398.74698575067504, 54.913148653623274]
11.3693 	EXP 	unnamed ImageStim: pos = [101.25301424932496, 54.913148653623274]
16.9263 	EXP 	Created unnamed Rect = Rect(__class__=<class 'psychopy.visual.rect.Rect'>, autoDraw=False, autoLog=True, closeShape=True, color=method-wrapper(...), colorSpace='rgb', contrast=None, depth=0, fillColor=array([-1, -1, -1]), fillColorSpace='rgb', fillRGB=array([-1, -1, -1]), interpolate=True, lineColor=array([-1., -1.,  1.]), lineColorSpace='rgb', lineRGB=array([-1, -1,  1]), lineWidth=1.5, name='unnamed Rect', opacity=1, ori=0.0, pos=array([0., 0.]), size=array([400., 600.]), units='pix', vertices=ndarray(...), win=Window(...))
16.9396 	EXP 	Created unnamed Rect = Rect(__class__=<class 'psychopy.visual.rect.Rect'>, autoDraw=False, autoLog=True, closeShape=True, color=method-wrapper(...), colorSpace='rgb', contrast=None, depth=0, fillColor=array([-1, -1, -1]), fillColorSpace='rgb', fillRGB=array([-1, -1, -1]), interpolate=True, lineColor=array([-1., -1.,  1.]), lineColorSpace='rgb', lineRGB=array([-1, -1,  1]), lineWidth=1.5, name='unnamed Rect', opacity=1, ori=0.0, pos=array([0., 0.]), size=array([400., 600.]), units='pix', vertices=ndarray(...), win=Window(...))
16.9579 	DATA 	Keypress: left
16.9686 	EXP 	unnamed Rect: pos = array([-28.38188679, 169.10108136])
16.9686 	EXP 	unnamed Rect: pos = array([-28.38188679, 169.10108136])
16.9778 	EXP 	unnamed Rect: pos = array([-28.38188679, 169.10108136])
16.9867 	EXP 	unnamed Rect: pos = array([-28.38188679, 169.10108136])
17.0036 	EXP 	unnamed Rect: pos = array([-28.38188679, 169.10108136])
17.0205 	EXP 	unnamed Rect: pos = array([-28.38188679, 169.10108136])
17.0372 	EXP 	unnamed Rect: pos = array([-28.38188679, 169.10108136])
17.0538 	EXP 	unnamed Rect: pos = array([-28.38188679, 169.10108136])
17.0701 	EXP 	unnamed Rect: pos = array([-28.38188679, 169.10108136])
17.0873 	EXP 	unnamed Rect: pos = array([-28.38188679, 169.10108136])
17.1041 	EXP 	unnamed Rect: pos = array([-28.38188679, 169.10108136])
17.1201 	EXP 	unnamed Rect: pos = array([-28.38188679, 169.10108136])
17.1369 	EXP 	unnamed Rect: pos = array([-28.38188679, 169.10108136])
17.1542 	EXP 	unnamed Rect: pos = array([-28.38188679, 169.10108136])
17.1706 	EXP 	unnamed Rect: pos = array([-28.38188679, 169.10108136])
17.1871 	EXP 	unnamed Rect: pos = array([-28.38188679, 169.10108136])
17.2036 	EXP 	unnamed Rect: pos = array([-28.38188679, 169.10108136])
17.2207 	EXP 	unnamed Rect: pos = array([-28.38188679, 169.10108136])
17.2367 	EXP 	unnamed Rect: pos = array([-28.38188679, 169.10108136])
17.2532 	EXP 	unnamed Rect: pos = array([-28.38188679, 169.10108136])
17.2576 	DATA 	Keypress: right
17.2711 	EXP 	unnamed Rect: pos = array([-28.38188679, 169.10108136])
17.2873 	EXP 	unnamed Rect: pos = array([-18.38188679, 169.10108136])
17.3033 	EXP 	unnamed Rect: pos = array([-18.38188679, 169.10108136])
17.3199 	EXP 	unnamed Rect: pos = array([-18.38188679, 169.10108136])
17.3374 	EXP 	unnamed Rect: pos = array([-18.38188679, 169.10108136])
17.3544 	EXP 	unnamed Rect: pos = array([-18.38188679, 169.10108136])
17.3703 	EXP 	unnamed Rect: pos = array([-18.38188679, 169.10108136])
17.3876 	EXP 	unnamed Rect: pos = array([-18.38188679, 169.10108136])
17.4042 	EXP 	unnamed Rect: pos = array([-18.38188679, 169.10108136])
17.4202 	EXP 	unnamed Rect: pos = array([-18.38188679, 169.10108136])
17.4369 	EXP 	unnamed Rect: pos = array([-18.38188679, 169.10108136])
17.4435 	DATA 	Keypress: right
17.4530 	EXP 	unnamed Rect: pos = array([ -8.38188679, 169.10108136])
17.4698 	EXP 	unnamed Rect: pos = array([ -8.38188679, 169.10108136])
17.4863 	EXP 	unnamed Rect: pos = array([ -8.38188679, 169.10108136])
17.5035 	EXP 	unnamed Rect: pos = array([ -8.38188679, 169.10108136])
17.5200 	EXP 	unnamed Rect: pos = array([ -8.38188679, 169.10108136])
17.5365 	EXP 	unnamed Rect: pos = array([ -8.38188679, 169.10108136])
17.5530 	EXP 	unnamed Rect: pos = array([ -8.38188679, 169.10108136])
17.5707 	EXP 	unnamed Rect: pos = array([ -8.38188679, 169.10108136])
17.5863 	EXP 	unnamed Rect: pos = array([ -8.38188679, 169.10108136])
17.6036 	EXP 	unnamed Rect: pos = array([ -8.38188679, 169.10108136])
17.6043 	DATA 	Keypress: right
17.6198 	EXP 	unnamed Rect: pos = array([  1.61811321, 169.10108136])
17.6364 	EXP 	unnamed Rect: pos = array([  1.61811321, 169.10108136])
17.6529 	EXP 	unnamed Rect: pos = array([  1.61811321, 169.10108136])
17.6705 	EXP 	unnamed Rect: pos = array([  1.61811321, 169.10108136])
17.6875 	EXP 	unnamed Rect: pos = array([  1.61811321, 169.10108136])
17.7031 	EXP 	unnamed Rect: pos = array([  1.61811321, 169.10108136])
17.7199 	EXP 	unnamed Rect: pos = array([  1.61811321, 169.10108136])
17.7366 	EXP 	unnamed Rect: pos = array([  1.61811321, 169.10108136])
17.7373 	DATA 	Keypress: down
17.7532 	EXP 	unnamed Rect: pos = array([  1.61811321, 159.10108136])
17.7699 	EXP 	unnamed Rect: pos = array([  1.61811321, 159.10108136])
17.7868 	EXP 	unnamed Rect: pos = array([  1.61811321, 159.10108136])
17.8036 	EXP 	unnamed Rect: pos = array([  1.61811321, 159.10108136])
17.8200 	EXP 	unnamed Rect: pos = array([  1.61811321, 159.10108136])
17.8369 	EXP 	unnamed Rect: pos = array([  1.61811321, 159.10108136])
17.8537 	EXP 	unnamed Rect: pos = array([  1.61811321, 159.10108136])
17.8701 	EXP 	unnamed Rect: pos = array([  1.61811321, 159.10108136])
17.8867 	EXP 	unnamed Rect: pos = array([  1.61811321, 159.10108136])
17.9034 	EXP 	unnamed Rect: pos = array([  1.61811321, 159.10108136])
17.9204 	EXP 	unnamed Rect: pos = array([  1.61811321, 159.10108136])
17.9373 	EXP 	unnamed Rect: pos = array([  1.61811321, 159.10108136])
17.9381 	DATA 	Keypress: down
17.9536 	EXP 	unnamed Rect: pos = array([  1.61811321, 149.10108136])
17.9700 	EXP 	unnamed Rect: pos = array([  1.61811321, 149.10108136])
17.9865 	EXP 	unnamed Rect: pos = array([  1.61811321, 149.10108136])
18.0031 	EXP 	unnamed Rect: pos = array([  1.61811321, 149.10108136])
18.0204 	EXP 	unnamed Rect: pos = array([  1.61811321, 149.10108136])
18.0369 	EXP 	unnamed Rect: pos = array([  1.61811321, 149.10108136])
18.0535 	EXP 	unnamed Rect: pos = array([  1.61811321, 149.10108136])
18.0702 	EXP 	unnamed Rect: pos = array([  1.61811321, 149.10108136])
18.0869 	EXP 	unnamed Rect: pos = array([  1.61811321, 149.10108136])
18.1039 	EXP 	unnamed Rect: pos = array([  1.61811321, 149.10108136])
18.1205 	EXP 	unnamed Rect: pos = array([  1.61811321, 149.10108136])
18.1370 	EXP 	unnamed Rect: pos = array([  1.61811321, 149.10108136])
18.1543 	EXP 	unnamed Rect: pos = array([  1.61811321, 149.10108136])
18.1705 	EXP 	unnamed Rect: pos = array([  1.61811321, 149.10108136])
18.1868 	EXP 	unnamed Rect: pos = array([  1.61811321, 149.10108136])
18.2038 	EXP 	unnamed Rect: pos = array([  1.61811321, 149.10108136])
18.2203 	EXP 	unnamed Rect: pos = array([  1.61811321, 149.10108136])
18.2368 	EXP 	unnamed Rect: pos = array([  1.61811321, 149.10108136])
18.2535 	EXP 	unnamed Rect: pos = array([  1.61811321, 149.10108136])
18.2700 	EXP 	unnamed Rect: pos = array([  1.61811321, 149.10108136])
18.2740 	DATA 	Keypress: down
18.2876 	EXP 	unnamed Rect: pos = array([  1.61811321, 149.10108136])
18.3033 	EXP 	unnamed Rect: pos = array([  1.61811321, 139.10108136])
18.3200 	EXP 	unnamed Rect: pos = array([  1.61811321, 139.10108136])
18.3365 	EXP 	unnamed Rect: pos = array([  1.61811321, 139.10108136])
18.3532 	EXP 	unnamed Rect: pos = array([  1.61811321, 139.10108136])
18.3698 	EXP 	unnamed Rect: pos = array([  1.61811321, 139.10108136])
18.3875 	EXP 	unnamed Rect: pos = array([  1.61811321, 139.10108136])
18.4037 	EXP 	unnamed Rect: pos = array([  1.61811321, 139.10108136])
18.4202 	EXP 	unnamed Rect: pos = array([  1.61811321, 139.10108136])
18.4369 	EXP 	unnamed Rect: pos = array([  1.61811321, 139.10108136])
18.4535 	EXP 	unnamed Rect: pos = array([  1.61811321, 139.10108136])
18.4702 	EXP 	unnamed Rect: pos = array([  1.61811321, 139.10108136])
18.4709 	DATA 	Keypress: right
18.4877 	EXP 	unnamed Rect: pos = array([ 11.61811321, 139.10108136])
18.5033 	EXP 	unnamed Rect: pos = array([ 11.61811321, 139.10108136])
18.5201 	EXP 	unnamed Rect: pos = array([ 11.61811321, 139.10108136])
18.5369 	EXP 	unnamed Rect: pos = array([ 11.61811321, 139.10108136])
18.5534 	EXP 	unnamed Rect: pos = array([ 11.61811321, 139.10108136])
18.5699 	EXP 	unnamed Rect: pos = array([ 11.61811321, 139.10108136])
18.5876 	EXP 	unnamed Rect: pos = array([ 11.61811321, 139.10108136])
18.6032 	EXP 	unnamed Rect: pos = array([ 11.61811321, 139.10108136])
18.6200 	EXP 	unnamed Rect: pos = array([ 11.61811321, 139.10108136])
18.6371 	EXP 	unnamed Rect: pos = array([ 11.61811321, 139.10108136])
18.6534 	EXP 	unnamed Rect: pos = array([ 11.61811321, 139.10108136])
18.6703 	EXP 	unnamed Rect: pos = array([ 11.61811321, 139.10108136])
18.6873 	EXP 	unnamed Rect: pos = array([ 11.61811321, 139.10108136])
18.7037 	EXP 	unnamed Rect: pos = array([ 11.61811321, 139.10108136])
18.7204 	EXP 	unnamed Rect: pos = array([ 11.61811321, 139.10108136])
18.7366 	EXP 	unnamed Rect: pos = array([ 11.61811321, 139.10108136])
18.7536 	EXP 	unnamed Rect: pos = array([ 11.61811321, 139.10108136])
18.7699 	EXP 	unnamed Rect: pos = array([ 11.61811321, 139.10108136])
18.7866 	EXP 	unnamed Rect: pos = array([ 11.61811321, 139.10108136])
18.8040 	EXP 	unnamed Rect: pos = array([ 11.61811321, 139.10108136])
18.8202 	EXP 	unnamed Rect: pos = array([ 11.61811321, 139.10108136])
18.8371 	EXP 	unnamed Rect: pos = array([ 11.61811321, 139.10108136])
18.8546 	EXP 	unnamed Rect: pos = array([ 11.61811321, 139.10108136])
18.8553 	DATA 	Keypress: right
19.0395 	DATA 	Keypress: right
19.0438 	EXP 	unnamed Rect: pos = array([ 21.61811321, 139.10108136])
19.0509 	EXP 	unnamed Rect: pos = array([ 31.61811321, 139.10108136])
19.0581 	EXP 	unnamed Rect: pos = array([ 31.61811321, 139.10108136])
19.0690 	EXP 	unnamed Rect: pos = array([ 31.61811321, 139.10108136])
19.0754 	EXP 	unnamed Rect: pos = array([ 31.61811321, 139.10108136])
19.0866 	EXP 	unnamed Rect: pos = array([ 31.61811321, 139.10108136])
19.1030 	EXP 	unnamed Rect: pos = array([ 31.61811321, 139.10108136])
19.1189 	EXP 	unnamed Rect: pos = array([ 31.61811321, 139.10108136])
19.1371 	EXP 	unnamed Rect: pos = array([ 31.61811321, 139.10108136])
19.1530 	EXP 	unnamed Rect: pos = array([ 31.61811321, 139.10108136])
19.1695 	EXP 	unnamed Rect: pos = array([ 31.61811321, 139.10108136])
19.1865 	EXP 	unnamed Rect: pos = array([ 31.61811321, 139.10108136])
19.2037 	EXP 	unnamed Rect: pos = array([ 31.61811321, 139.10108136])
19.2201 	EXP 	unnamed Rect: pos = array([ 31.61811321, 139.10108136])
19.2364 	EXP 	unnamed Rect: pos = array([ 31.61811321, 139.10108136])
19.2528 	EXP 	unnamed Rect: pos = array([ 31.61811321, 139.10108136])
19.2696 	EXP 	unnamed Rect: pos = array([ 31.61811321, 139.10108136])
19.2864 	EXP 	unnamed Rect: pos = array([ 31.61811321, 139.10108136])
19.3030 	EXP 	unnamed Rect: pos = array([ 31.61811321, 139.10108136])
19.3206 	EXP 	unnamed Rect: pos = array([ 31.61811321, 139.10108136])
19.3363 	EXP 	unnamed Rect: pos = array([ 31.61811321, 139.10108136])
19.3532 	EXP 	unnamed Rect: pos = array([ 31.61811321, 139.10108136])
19.3700 	EXP 	unnamed Rect: pos = array([ 31.61811321, 139.10108136])
19.3868 	EXP 	unnamed Rect: pos = array([ 31.61811321, 139.10108136])
19.4044 	EXP 	unnamed Rect: pos = array([ 31.61811321, 139.10108136])
19.4211 	EXP 	unnamed Rect: pos = array([ 31.61811321, 139.10108136])
19.4369 	EXP 	unnamed Rect: pos = array([ 31.61811321, 139.10108136])
19.4535 	EXP 	unnamed Rect: pos = array([ 31.61811321, 139.10108136])
19.4705 	EXP 	unnamed Rect: pos = array([ 31.61811321, 139.10108136])
19.4713 	DATA 	Keypress: left
19.4876 	EXP 	unnamed Rect: pos = array([ 21.61811321, 139.10108136])
19.5033 	EXP 	unnamed Rect: pos = array([ 21.61811321, 139.10108136])
19.5207 	EXP 	unnamed Rect: pos = array([ 21.61811321, 139.10108136])
19.5369 	EXP 	unnamed Rect: pos = array([ 21.61811321, 139.10108136])
19.5532 	EXP 	unnamed Rect: pos = array([ 21.61811321, 139.10108136])
19.5699 	EXP 	unnamed Rect: pos = array([ 21.61811321, 139.10108136])
19.5865 	EXP 	unnamed Rect: pos = array([ 21.61811321, 139.10108136])
19.6032 	EXP 	unnamed Rect: pos = array([ 21.61811321, 139.10108136])
19.6203 	EXP 	unnamed Rect: pos = array([ 21.61811321, 139.10108136])
19.6244 	DATA 	Keypress: left
19.6378 	EXP 	unnamed Rect: pos = array([ 21.61811321, 139.10108136])
19.6533 	EXP 	unnamed Rect: pos = array([ 11.61811321, 139.10108136])
19.6698 	EXP 	unnamed Rect: pos = array([ 11.61811321, 139.10108136])
19.6870 	EXP 	unnamed Rect: pos = array([ 11.61811321, 139.10108136])
19.7042 	EXP 	unnamed Rect: pos = array([ 11.61811321, 139.10108136])
19.7201 	EXP 	unnamed Rect: pos = array([ 11.61811321, 139.10108136])
19.7365 	EXP 	unnamed Rect: pos = array([ 11.61811321, 139.10108136])
19.7537 	EXP 	unnamed Rect: pos = array([ 11.61811321, 139.10108136])
19.7703 	EXP 	unnamed Rect: pos = array([ 11.61811321, 139.10108136])
19.7866 	EXP 	unnamed Rect: pos = array([ 11.61811321, 139.10108136])
19.8046 	EXP 	unnamed Rect: pos = array([ 11.61811321, 139.10108136])
19.8053 	DATA 	Keypress: left
19.8205 	EXP 	unnamed Rect: pos = array([  1.61811321, 139.10108136])
19.8367 	EXP 	unnamed Rect: pos = array([  1.61811321, 139.10108136])
19.8541 	EXP 	unnamed Rect: pos = array([  1.61811321, 139.10108136])
19.8711 	EXP 	unnamed Rect: pos = array([  1.61811321, 139.10108136])
19.8867 	EXP 	unnamed Rect: pos = array([  1.61811321, 139.10108136])
19.9036 	EXP 	unnamed Rect: pos = array([  1.61811321, 139.10108136])
19.9204 	EXP 	unnamed Rect: pos = array([  1.61811321, 139.10108136])
19.9385 	EXP 	unnamed Rect: pos = array([  1.61811321, 139.10108136])
19.9521 	EXP 	unnamed Rect: pos = array([  1.61811321, 139.10108136])
19.9694 	EXP 	unnamed Rect: pos = array([  1.61811321, 139.10108136])
19.9703 	DATA 	Keypress: left
19.9863 	EXP 	unnamed Rect: pos = array([ -8.38188679, 139.10108136])
20.0030 	EXP 	unnamed Rect: pos = array([ -8.38188679, 139.10108136])
20.0198 	EXP 	unnamed Rect: pos = array([ -8.38188679, 139.10108136])
20.0364 	EXP 	unnamed Rect: pos = array([ -8.38188679, 139.10108136])
20.0527 	EXP 	unnamed Rect: pos = array([ -8.38188679, 139.10108136])
20.0696 	EXP 	unnamed Rect: pos = array([ -8.38188679, 139.10108136])
20.0862 	EXP 	unnamed Rect: pos = array([ -8.38188679, 139.10108136])
20.1031 	EXP 	unnamed Rect: pos = array([ -8.38188679, 139.10108136])
20.1211 	EXP 	unnamed Rect: pos = array([ -8.38188679, 139.10108136])
20.1218 	DATA 	Keypress: down
20.1368 	EXP 	unnamed Rect: pos = array([ -8.38188679, 129.10108136])
20.1538 	EXP 	unnamed Rect: pos = array([ -8.38188679, 129.10108136])
20.1699 	EXP 	unnamed Rect: pos = array([ -8.38188679, 129.10108136])
20.1873 	EXP 	unnamed Rect: pos = array([ -8.38188679, 129.10108136])
20.2037 	EXP 	unnamed Rect: pos = array([ -8.38188679, 129.10108136])
20.2201 	EXP 	unnamed Rect: pos = array([ -8.38188679, 129.10108136])
20.2373 	EXP 	unnamed Rect: pos = array([ -8.38188679, 129.10108136])
20.2533 	EXP 	unnamed Rect: pos = array([ -8.38188679, 129.10108136])
20.2702 	EXP 	unnamed Rect: pos = array([ -8.38188679, 129.10108136])
20.2866 	EXP 	unnamed Rect: pos = array([ -8.38188679, 129.10108136])
20.3043 	EXP 	unnamed Rect: pos = array([ -8.38188679, 129.10108136])
20.3050 	DATA 	Keypress: down
20.3203 	EXP 	unnamed Rect: pos = array([ -8.38188679, 119.10108136])
20.3366 	EXP 	unnamed Rect: pos = array([ -8.38188679, 119.10108136])
20.3537 	EXP 	unnamed Rect: pos = array([ -8.38188679, 119.10108136])
20.3708 	EXP 	unnamed Rect: pos = array([ -8.38188679, 119.10108136])
20.3867 	EXP 	unnamed Rect: pos = array([ -8.38188679, 119.10108136])
20.4033 	EXP 	unnamed Rect: pos = array([ -8.38188679, 119.10108136])
20.4202 	EXP 	unnamed Rect: pos = array([ -8.38188679, 119.10108136])
20.4364 	EXP 	unnamed Rect: pos = array([ -8.38188679, 119.10108136])
20.4540 	EXP 	unnamed Rect: pos = array([ -8.38188679, 119.10108136])
20.4547 	DATA 	Keypress: down
20.4701 	EXP 	unnamed Rect: pos = array([ -8.38188679, 109.10108136])
20.4869 	EXP 	unnamed Rect: pos = array([ -8.38188679, 109.10108136])
20.5035 	EXP 	unnamed Rect: pos = array([ -8.38188679, 109.10108136])
20.5207 	EXP 	unnamed Rect: pos = array([ -8.38188679, 109.10108136])
20.5377 	EXP 	unnamed Rect: pos = array([ -8.38188679, 109.10108136])
20.5535 	EXP 	unnamed Rect: pos = array([ -8.38188679, 109.10108136])
20.5702 	EXP 	unnamed Rect: pos = array([ -8.38188679, 109.10108136])
20.5869 	EXP 	unnamed Rect: pos = array([ -8.38188679, 109.10108136])
20.6040 	EXP 	unnamed Rect: pos = array([ -8.38188679, 109.10108136])
20.6046 	DATA 	Keypress: left
20.6200 	EXP 	unnamed Rect: pos = array([-18.38188679, 109.10108136])
20.6365 	EXP 	unnamed Rect: pos = array([-18.38188679, 109.10108136])
20.6532 	EXP 	unnamed Rect: pos = array([-18.38188679, 109.10108136])
20.6703 	EXP 	unnamed Rect: pos = array([-18.38188679, 109.10108136])
20.6866 	EXP 	unnamed Rect: pos = array([-18.38188679, 109.10108136])
20.7038 	EXP 	unnamed Rect: pos = array([-18.38188679, 109.10108136])
20.7201 	EXP 	unnamed Rect: pos = array([-18.38188679, 109.10108136])
20.7366 	EXP 	unnamed Rect: pos = array([-18.38188679, 109.10108136])
20.7536 	EXP 	unnamed Rect: pos = array([-18.38188679, 109.10108136])
20.7701 	EXP 	unnamed Rect: pos = array([-18.38188679, 109.10108136])
20.7866 	EXP 	unnamed Rect: pos = array([-18.38188679, 109.10108136])
20.7907 	DATA 	Keypress: left
20.8047 	EXP 	unnamed Rect: pos = array([-18.38188679, 109.10108136])
20.8203 	EXP 	unnamed Rect: pos = array([-28.38188679, 109.10108136])
20.8368 	EXP 	unnamed Rect: pos = array([-28.38188679, 109.10108136])
20.8538 	EXP 	unnamed Rect: pos = array([-28.38188679, 109.10108136])
20.8703 	EXP 	unnamed Rect: pos = array([-28.38188679, 109.10108136])
20.8873 	EXP 	unnamed Rect: pos = array([-28.38188679, 109.10108136])
20.9033 	EXP 	unnamed Rect: pos = array([-28.38188679, 109.10108136])
20.9200 	EXP 	unnamed Rect: pos = array([-28.38188679, 109.10108136])
20.9367 	EXP 	unnamed Rect: pos = array([-28.38188679, 109.10108136])
20.9543 	EXP 	unnamed Rect: pos = array([-28.38188679, 109.10108136])
20.9550 	DATA 	Keypress: left
20.9706 	EXP 	unnamed Rect: pos = array([-38.38188679, 109.10108136])
20.9870 	EXP 	unnamed Rect: pos = array([-38.38188679, 109.10108136])
21.0036 	EXP 	unnamed Rect: pos = array([-38.38188679, 109.10108136])
21.0212 	EXP 	unnamed Rect: pos = array([-38.38188679, 109.10108136])
21.0378 	EXP 	unnamed Rect: pos = array([-38.38188679, 109.10108136])
21.0537 	EXP 	unnamed Rect: pos = array([-38.38188679, 109.10108136])
21.0703 	EXP 	unnamed Rect: pos = array([-38.38188679, 109.10108136])
21.0869 	EXP 	unnamed Rect: pos = array([-38.38188679, 109.10108136])
21.1032 	EXP 	unnamed Rect: pos = array([-38.38188679, 109.10108136])
21.1203 	EXP 	unnamed Rect: pos = array([-38.38188679, 109.10108136])
21.1244 	DATA 	Keypress: left
21.1378 	EXP 	unnamed Rect: pos = array([-38.38188679, 109.10108136])
21.1534 	EXP 	unnamed Rect: pos = array([-48.38188679, 109.10108136])
21.1700 	EXP 	unnamed Rect: pos = array([-48.38188679, 109.10108136])
21.1868 	EXP 	unnamed Rect: pos = array([-48.38188679, 109.10108136])
21.2045 	EXP 	unnamed Rect: pos = array([-48.38188679, 109.10108136])
21.2202 	EXP 	unnamed Rect: pos = array([-48.38188679, 109.10108136])
21.2368 	EXP 	unnamed Rect: pos = array([-48.38188679, 109.10108136])
21.2536 	EXP 	unnamed Rect: pos = array([-48.38188679, 109.10108136])
21.2704 	EXP 	unnamed Rect: pos = array([-48.38188679, 109.10108136])
21.2744 	DATA 	Keypress: down
21.2878 	EXP 	unnamed Rect: pos = array([-48.38188679, 109.10108136])
21.3032 	EXP 	unnamed Rect: pos = array([-48.38188679,  99.10108136])
21.3203 	EXP 	unnamed Rect: pos = array([-48.38188679,  99.10108136])
21.3368 	EXP 	unnamed Rect: pos = array([-48.38188679,  99.10108136])
21.3535 	EXP 	unnamed Rect: pos = array([-48.38188679,  99.10108136])
21.3700 	EXP 	unnamed Rect: pos = array([-48.38188679,  99.10108136])
21.3878 	EXP 	unnamed Rect: pos = array([-48.38188679,  99.10108136])
21.4035 	EXP 	unnamed Rect: pos = array([-48.38188679,  99.10108136])
21.4203 	EXP 	unnamed Rect: pos = array([-48.38188679,  99.10108136])
21.4369 	EXP 	unnamed Rect: pos = array([-48.38188679,  99.10108136])
21.4536 	EXP 	unnamed Rect: pos = array([-48.38188679,  99.10108136])
21.4700 	EXP 	unnamed Rect: pos = array([-48.38188679,  99.10108136])
21.4873 	EXP 	unnamed Rect: pos = array([-48.38188679,  99.10108136])
21.4880 	DATA 	Keypress: down
21.5042 	EXP 	unnamed Rect: pos = array([-48.38188679,  89.10108136])
21.5201 	EXP 	unnamed Rect: pos = array([-48.38188679,  89.10108136])
21.5369 	EXP 	unnamed Rect: pos = array([-48.38188679,  89.10108136])
21.5543 	EXP 	unnamed Rect: pos = array([-48.38188679,  89.10108136])
21.5701 	EXP 	unnamed Rect: pos = array([-48.38188679,  89.10108136])
21.5867 	EXP 	unnamed Rect: pos = array([-48.38188679,  89.10108136])
21.6044 	EXP 	unnamed Rect: pos = array([-48.38188679,  89.10108136])
21.6051 	DATA 	Keypress: left
21.6202 	EXP 	unnamed Rect: pos = array([-58.38188679,  89.10108136])
21.6367 	EXP 	unnamed Rect: pos = array([-58.38188679,  89.10108136])
21.6536 	EXP 	unnamed Rect: pos = array([-58.38188679,  89.10108136])
21.6701 	EXP 	unnamed Rect: pos = array([-58.38188679,  89.10108136])
21.6880 	EXP 	unnamed Rect: pos = array([-58.38188679,  89.10108136])
21.7035 	EXP 	unnamed Rect: pos = array([-58.38188679,  89.10108136])
21.7202 	EXP 	unnamed Rect: pos = array([-58.38188679,  89.10108136])
21.7368 	EXP 	unnamed Rect: pos = array([-58.38188679,  89.10108136])
21.7536 	EXP 	unnamed Rect: pos = array([-58.38188679,  89.10108136])
21.7700 	EXP 	unnamed Rect: pos = array([-58.38188679,  89.10108136])
21.7874 	EXP 	unnamed Rect: pos = array([-58.38188679,  89.10108136])
21.7881 	DATA 	Keypress: left
21.8042 	EXP 	unnamed Rect: pos = array([-68.38188679,  89.10108136])
21.8210 	EXP 	unnamed Rect: pos = array([-68.38188679,  89.10108136])
21.8374 	EXP 	unnamed Rect: pos = array([-68.38188679,  89.10108136])
21.8544 	EXP 	unnamed Rect: pos = array([-68.38188679,  89.10108136])
21.8699 	EXP 	unnamed Rect: pos = array([-68.38188679,  89.10108136])
21.8866 	EXP 	unnamed Rect: pos = array([-68.38188679,  89.10108136])
21.9031 	EXP 	unnamed Rect: pos = array([-68.38188679,  89.10108136])
21.9199 	EXP 	unnamed Rect: pos = array([-68.38188679,  89.10108136])
21.9370 	EXP 	unnamed Rect: pos = array([-68.38188679,  89.10108136])
21.9540 	EXP 	unnamed Rect: pos = array([-68.38188679,  89.10108136])
21.9547 	DATA 	Keypress: left
21.9703 	EXP 	unnamed Rect: pos = array([-78.38188679,  89.10108136])
21.9869 	EXP 	unnamed Rect: pos = array([-78.38188679,  89.10108136])
22.0035 	EXP 	unnamed Rect: pos = array([-78.38188679,  89.10108136])
22.0200 	EXP 	unnamed Rect: pos = array([-78.38188679,  89.10108136])
22.0370 	EXP 	unnamed Rect: pos = array([-78.38188679,  89.10108136])
22.0537 	EXP 	unnamed Rect: pos = array([-78.38188679,  89.10108136])
22.0699 	EXP 	unnamed Rect: pos = array([-78.38188679,  89.10108136])
22.0865 	EXP 	unnamed Rect: pos = array([-78.38188679,  89.10108136])
22.1029 	EXP 	unnamed Rect: pos = array([-78.38188679,  89.10108136])
22.1194 	EXP 	unnamed Rect: pos = array([-78.38188679,  89.10108136])
22.1364 	EXP 	unnamed Rect: pos = array([-78.38188679,  89.10108136])
22.1532 	EXP 	unnamed Rect: pos = array([-78.38188679,  89.10108136])
22.1538 	DATA 	Keypress: left
22.1693 	EXP 	unnamed Rect: pos = array([-88.38188679,  89.10108136])
22.1863 	EXP 	unnamed Rect: pos = array([-88.38188679,  89.10108136])
22.2035 	EXP 	unnamed Rect: pos = array([-88.38188679,  89.10108136])
22.2198 	EXP 	unnamed Rect: pos = array([-88.38188679,  89.10108136])
22.2365 	EXP 	unnamed Rect: pos = array([-88.38188679,  89.10108136])
22.2533 	EXP 	unnamed Rect: pos = array([-88.38188679,  89.10108136])
22.2699 	EXP 	unnamed Rect: pos = array([-88.38188679,  89.10108136])
22.2860 	EXP 	unnamed Rect: pos = array([-88.38188679,  89.10108136])
22.3031 	EXP 	unnamed Rect: pos = array([-88.38188679,  89.10108136])
22.3057 	DATA 	Keypress: left
22.3200 	EXP 	unnamed Rect: pos = array([-88.38188679,  89.10108136])
22.3367 	EXP 	unnamed Rect: pos = array([-98.38188679,  89.10108136])
22.3524 	EXP 	unnamed Rect: pos = array([-98.38188679,  89.10108136])
22.3694 	EXP 	unnamed Rect: pos = array([-98.38188679,  89.10108136])
22.3864 	EXP 	unnamed Rect: pos = array([-98.38188679,  89.10108136])
22.4035 	EXP 	unnamed Rect: pos = array([-98.38188679,  89.10108136])
22.4205 	EXP 	unnamed Rect: pos = array([-98.38188679,  89.10108136])
22.4387 	EXP 	unnamed Rect: pos = array([-98.38188679,  89.10108136])
22.4535 	EXP 	unnamed Rect: pos = array([-98.38188679,  89.10108136])
22.4692 	EXP 	unnamed Rect: pos = array([-98.38188679,  89.10108136])
22.4866 	EXP 	unnamed Rect: pos = array([-98.38188679,  89.10108136])
22.4873 	DATA 	Keypress: down
22.5030 	EXP 	unnamed Rect: pos = array([-98.38188679,  79.10108136])
22.5199 	EXP 	unnamed Rect: pos = array([-98.38188679,  79.10108136])
22.5365 	EXP 	unnamed Rect: pos = array([-98.38188679,  79.10108136])
22.5533 	EXP 	unnamed Rect: pos = array([-98.38188679,  79.10108136])
22.5699 	EXP 	unnamed Rect: pos = array([-98.38188679,  79.10108136])
22.5867 	EXP 	unnamed Rect: pos = array([-98.38188679,  79.10108136])
22.6030 	EXP 	unnamed Rect: pos = array([-98.38188679,  79.10108136])
22.6197 	EXP 	unnamed Rect: pos = array([-98.38188679,  79.10108136])
22.6363 	EXP 	unnamed Rect: pos = array([-98.38188679,  79.10108136])
22.6532 	EXP 	unnamed Rect: pos = array([-98.38188679,  79.10108136])
22.6569 	DATA 	Keypress: down
22.6706 	EXP 	unnamed Rect: pos = array([-98.38188679,  79.10108136])
22.6869 	EXP 	unnamed Rect: pos = array([-98.38188679,  69.10108136])
22.7034 	EXP 	unnamed Rect: pos = array([-98.38188679,  69.10108136])
22.7200 	EXP 	unnamed Rect: pos = array([-98.38188679,  69.10108136])
22.7367 	EXP 	unnamed Rect: pos = array([-98.38188679,  69.10108136])
22.7536 	EXP 	unnamed Rect: pos = array([-98.38188679,  69.10108136])
22.7709 	EXP 	unnamed Rect: pos = array([-98.38188679,  69.10108136])
22.7871 	EXP 	unnamed Rect: pos = array([-98.38188679,  69.10108136])
22.8043 	EXP 	unnamed Rect: pos = array([-98.38188679,  69.10108136])
22.8212 	EXP 	unnamed Rect: pos = array([-98.38188679,  69.10108136])
22.8218 	DATA 	Keypress: left
22.8367 	EXP 	unnamed Rect: pos = array([-108.38188679,   69.10108136])
22.8534 	EXP 	unnamed Rect: pos = array([-108.38188679,   69.10108136])
22.8703 	EXP 	unnamed Rect: pos = array([-108.38188679,   69.10108136])
22.8870 	EXP 	unnamed Rect: pos = array([-108.38188679,   69.10108136])
22.9042 	EXP 	unnamed Rect: pos = array([-108.38188679,   69.10108136])
22.9208 	EXP 	unnamed Rect: pos = array([-108.38188679,   69.10108136])
22.9369 	EXP 	unnamed Rect: pos = array([-108.38188679,   69.10108136])
22.9536 	EXP 	unnamed Rect: pos = array([-108.38188679,   69.10108136])
22.9705 	EXP 	unnamed Rect: pos = array([-108.38188679,   69.10108136])
22.9871 	EXP 	unnamed Rect: pos = array([-108.38188679,   69.10108136])
23.0035 	EXP 	unnamed Rect: pos = array([-108.38188679,   69.10108136])
23.0206 	EXP 	unnamed Rect: pos = array([-108.38188679,   69.10108136])
23.0212 	DATA 	Keypress: down
23.0371 	EXP 	unnamed Rect: pos = array([-108.38188679,   59.10108136])
23.0536 	EXP 	unnamed Rect: pos = array([-108.38188679,   59.10108136])
23.0703 	EXP 	unnamed Rect: pos = array([-108.38188679,   59.10108136])
23.0878 	EXP 	unnamed Rect: pos = array([-108.38188679,   59.10108136])
23.1037 	EXP 	unnamed Rect: pos = array([-108.38188679,   59.10108136])
23.1207 	EXP 	unnamed Rect: pos = array([-108.38188679,   59.10108136])
23.1368 	EXP 	unnamed Rect: pos = array([-108.38188679,   59.10108136])
23.1536 	EXP 	unnamed Rect: pos = array([-108.38188679,   59.10108136])
23.1701 	EXP 	unnamed Rect: pos = array([-108.38188679,   59.10108136])
23.1869 	EXP 	unnamed Rect: pos = array([-108.38188679,   59.10108136])
23.2037 	EXP 	unnamed Rect: pos = array([-108.38188679,   59.10108136])
23.2207 	EXP 	unnamed Rect: pos = array([-108.38188679,   59.10108136])
23.2379 	EXP 	unnamed Rect: pos = array([-108.38188679,   59.10108136])
23.2386 	DATA 	Keypress: down
23.2543 	EXP 	unnamed Rect: pos = array([-108.38188679,   49.10108136])
23.2703 	EXP 	unnamed Rect: pos = array([-108.38188679,   49.10108136])
23.2869 	EXP 	unnamed Rect: pos = array([-108.38188679,   49.10108136])
23.3050 	EXP 	unnamed Rect: pos = array([-108.38188679,   49.10108136])
23.3203 	EXP 	unnamed Rect: pos = array([-108.38188679,   49.10108136])
23.3375 	EXP 	unnamed Rect: pos = array([-108.38188679,   49.10108136])
23.3538 	EXP 	unnamed Rect: pos = array([-108.38188679,   49.10108136])
23.3706 	EXP 	unnamed Rect: pos = array([-108.38188679,   49.10108136])
23.3873 	EXP 	unnamed Rect: pos = array([-108.38188679,   49.10108136])
23.4036 	EXP 	unnamed Rect: pos = array([-108.38188679,   49.10108136])
23.4205 	EXP 	unnamed Rect: pos = array([-108.38188679,   49.10108136])
23.4374 	EXP 	unnamed Rect: pos = array([-108.38188679,   49.10108136])
23.4572 	EXP 	unnamed Rect: pos = array([-108.38188679,   49.10108136])
23.4696 	EXP 	unnamed Rect: pos = array([-108.38188679,   49.10108136])
23.4872 	EXP 	unnamed Rect: pos = array([-108.38188679,   49.10108136])
23.5034 	EXP 	unnamed Rect: pos = array([-108.38188679,   49.10108136])
23.5201 	EXP 	unnamed Rect: pos = array([-108.38188679,   49.10108136])
23.5371 	EXP 	unnamed Rect: pos = array([-108.38188679,   49.10108136])
23.5534 	EXP 	unnamed Rect: pos = array([-108.38188679,   49.10108136])
23.5709 	EXP 	unnamed Rect: pos = array([-108.38188679,   49.10108136])
23.5717 	DATA 	Keypress: down
23.5869 	EXP 	unnamed Rect: pos = array([-108.38188679,   39.10108136])
23.6034 	EXP 	unnamed Rect: pos = array([-108.38188679,   39.10108136])
23.6203 	EXP 	unnamed Rect: pos = array([-108.38188679,   39.10108136])
23.6371 	EXP 	unnamed Rect: pos = array([-108.38188679,   39.10108136])
23.6540 	EXP 	unnamed Rect: pos = array([-108.38188679,   39.10108136])
23.6708 	EXP 	unnamed Rect: pos = array([-108.38188679,   39.10108136])
23.6877 	EXP 	unnamed Rect: pos = array([-108.38188679,   39.10108136])
23.7037 	EXP 	unnamed Rect: pos = array([-108.38188679,   39.10108136])
23.7206 	EXP 	unnamed Rect: pos = array([-108.38188679,   39.10108136])
23.7372 	EXP 	unnamed Rect: pos = array([-108.38188679,   39.10108136])
23.7379 	DATA 	Keypress: down
23.7541 	EXP 	unnamed Rect: pos = array([-108.38188679,   29.10108136])
23.7700 	EXP 	unnamed Rect: pos = array([-108.38188679,   29.10108136])
23.7867 	EXP 	unnamed Rect: pos = array([-108.38188679,   29.10108136])
23.8040 	EXP 	unnamed Rect: pos = array([-108.38188679,   29.10108136])
23.8205 	EXP 	unnamed Rect: pos = array([-108.38188679,   29.10108136])
23.8368 	EXP 	unnamed Rect: pos = array([-108.38188679,   29.10108136])
23.8536 	EXP 	unnamed Rect: pos = array([-108.38188679,   29.10108136])
23.8703 	EXP 	unnamed Rect: pos = array([-108.38188679,   29.10108136])
23.8865 	EXP 	unnamed Rect: pos = array([-108.38188679,   29.10108136])
23.9039 	EXP 	unnamed Rect: pos = array([-108.38188679,   29.10108136])
23.9047 	DATA 	Keypress: right
23.9210 	EXP 	unnamed Rect: pos = array([-98.38188679,  29.10108136])
23.9368 	EXP 	unnamed Rect: pos = array([-98.38188679,  29.10108136])
23.9533 	EXP 	unnamed Rect: pos = array([-98.38188679,  29.10108136])
23.9699 	EXP 	unnamed Rect: pos = array([-98.38188679,  29.10108136])
23.9870 	EXP 	unnamed Rect: pos = array([-98.38188679,  29.10108136])
24.0045 	EXP 	unnamed Rect: pos = array([-98.38188679,  29.10108136])
24.0202 	EXP 	unnamed Rect: pos = array([-98.38188679,  29.10108136])
24.0366 	EXP 	unnamed Rect: pos = array([-98.38188679,  29.10108136])
24.0533 	EXP 	unnamed Rect: pos = array([-98.38188679,  29.10108136])
24.0707 	EXP 	unnamed Rect: pos = array([-98.38188679,  29.10108136])
24.0715 	DATA 	Keypress: right
24.0878 	EXP 	unnamed Rect: pos = array([-88.38188679,  29.10108136])
24.1035 	EXP 	unnamed Rect: pos = array([-88.38188679,  29.10108136])
24.1202 	EXP 	unnamed Rect: pos = array([-88.38188679,  29.10108136])
24.1368 	EXP 	unnamed Rect: pos = array([-88.38188679,  29.10108136])
24.1535 	EXP 	unnamed Rect: pos = array([-88.38188679,  29.10108136])
24.1702 	EXP 	unnamed Rect: pos = array([-88.38188679,  29.10108136])
24.1878 	EXP 	unnamed Rect: pos = array([-88.38188679,  29.10108136])
24.1886 	DATA 	Keypress: down
24.2035 	EXP 	unnamed Rect: pos = array([-88.38188679,  19.10108136])
24.2202 	EXP 	unnamed Rect: pos = array([-88.38188679,  19.10108136])
24.2369 	EXP 	unnamed Rect: pos = array([-88.38188679,  19.10108136])
24.2539 	EXP 	unnamed Rect: pos = array([-88.38188679,  19.10108136])
24.2703 	EXP 	unnamed Rect: pos = array([-88.38188679,  19.10108136])
24.2878 	EXP 	unnamed Rect: pos = array([-88.38188679,  19.10108136])
24.3034 	EXP 	unnamed Rect: pos = array([-88.38188679,  19.10108136])
24.3201 	EXP 	unnamed Rect: pos = array([-88.38188679,  19.10108136])
24.3368 	EXP 	unnamed Rect: pos = array([-88.38188679,  19.10108136])
24.3540 	EXP 	unnamed Rect: pos = array([-88.38188679,  19.10108136])
24.3547 	DATA 	Keypress: down
24.3699 	EXP 	unnamed Rect: pos = array([-88.38188679,   9.10108136])
24.3868 	EXP 	unnamed Rect: pos = array([-88.38188679,   9.10108136])
24.4035 	EXP 	unnamed Rect: pos = array([-88.38188679,   9.10108136])
24.4205 	EXP 	unnamed Rect: pos = array([-88.38188679,   9.10108136])
24.4377 	EXP 	unnamed Rect: pos = array([-88.38188679,   9.10108136])
24.4534 	EXP 	unnamed Rect: pos = array([-88.38188679,   9.10108136])
24.4704 	EXP 	unnamed Rect: pos = array([-88.38188679,   9.10108136])
24.4868 	EXP 	unnamed Rect: pos = array([-88.38188679,   9.10108136])
24.5035 	EXP 	unnamed Rect: pos = array([-88.38188679,   9.10108136])
24.5206 	EXP 	unnamed Rect: pos = array([-88.38188679,   9.10108136])
24.5370 	EXP 	unnamed Rect: pos = array([-88.38188679,   9.10108136])
24.5537 	EXP 	unnamed Rect: pos = array([-88.38188679,   9.10108136])
24.5701 	EXP 	unnamed Rect: pos = array([-88.38188679,   9.10108136])
24.5871 	EXP 	unnamed Rect: pos = array([-88.38188679,   9.10108136])
24.6037 	EXP 	unnamed Rect: pos = array([-88.38188679,   9.10108136])
24.6205 	EXP 	unnamed Rect: pos = array([-88.38188679,   9.10108136])
24.6373 	EXP 	unnamed Rect: pos = array([-88.38188679,   9.10108136])
24.6544 	EXP 	unnamed Rect: pos = array([-88.38188679,   9.10108136])
24.6703 	EXP 	unnamed Rect: pos = array([-88.38188679,   9.10108136])
24.6869 	EXP 	unnamed Rect: pos = array([-88.38188679,   9.10108136])
24.7035 	EXP 	unnamed Rect: pos = array([-88.38188679,   9.10108136])
24.7202 	EXP 	unnamed Rect: pos = array([-88.38188679,   9.10108136])
24.7368 	EXP 	unnamed Rect: pos = array([-88.38188679,   9.10108136])
24.7539 	EXP 	unnamed Rect: pos = array([-88.38188679,   9.10108136])
24.7699 	EXP 	unnamed Rect: pos = array([-88.38188679,   9.10108136])
24.7868 	EXP 	unnamed Rect: pos = array([-88.38188679,   9.10108136])
24.8043 	EXP 	unnamed Rect: pos = array([-88.38188679,   9.10108136])
24.8205 	EXP 	unnamed Rect: pos = array([-88.38188679,   9.10108136])
24.8371 	EXP 	unnamed Rect: pos = array([-88.38188679,   9.10108136])
24.8540 	EXP 	unnamed Rect: pos = array([-88.38188679,   9.10108136])
24.8702 	EXP 	unnamed Rect: pos = array([-88.38188679,   9.10108136])
24.8867 	EXP 	unnamed Rect: pos = array([-88.38188679,   9.10108136])
24.9034 	EXP 	unnamed Rect: pos = array([-88.38188679,   9.10108136])
24.9203 	EXP 	unnamed Rect: pos = array([-88.38188679,   9.10108136])
24.9370 	EXP 	unnamed Rect: pos = array([-88.38188679,   9.10108136])
24.9534 	EXP 	unnamed Rect: pos = array([-88.38188679,   9.10108136])
24.9700 	EXP 	unnamed Rect: pos = array([-88.38188679,   9.10108136])
24.9871 	EXP 	unnamed Rect: pos = array([-88.38188679,   9.10108136])
25.0035 	EXP 	unnamed Rect: pos = array([-88.38188679,   9.10108136])
25.0202 	EXP 	unnamed Rect: pos = array([-88.38188679,   9.10108136])
25.0369 	EXP 	unnamed Rect: pos = array([-88.38188679,   9.10108136])
25.0535 	EXP 	unnamed Rect: pos = array([-88.38188679,   9.10108136])
25.0703 	EXP 	unnamed Rect: pos = array([-88.38188679,   9.10108136])
25.0873 	EXP 	unnamed Rect: pos = array([-88.38188679,   9.10108136])
25.0888 	DATA 	Keypress: space
25.1044 	EXP 	unnamed Rect: pos = array([-88.38188679,   9.10108136])
25.1202 	EXP 	unnamed Rect: pos = array([-88.38188679,   9.10108136])
25.1369 	EXP 	unnamed Rect: pos = array([-88.38188679,   9.10108136])
25.1540 	EXP 	unnamed Rect: pos = array([-88.38188679,   9.10108136])
25.1704 	EXP 	unnamed Rect: pos = array([-88.38188679,   9.10108136])
25.1868 	EXP 	unnamed Rect: pos = array([-88.38188679,   9.10108136])
25.2035 	EXP 	unnamed Rect: pos = array([-88.38188679,   9.10108136])
25.2205 	EXP 	unnamed Rect: pos = array([-88.38188679,   9.10108136])
25.2382 	EXP 	unnamed Rect: pos = array([-88.38188679,   9.10108136])
25.2535 	EXP 	unnamed Rect: pos = array([-88.38188679,   9.10108136])
25.2702 	EXP 	unnamed Rect: pos = array([-88.38188679,   9.10108136])
25.2868 	EXP 	unnamed Rect: pos = array([-88.38188679,   9.10108136])
25.3035 	EXP 	unnamed Rect: pos = array([-88.38188679,   9.10108136])
25.3202 	EXP 	unnamed Rect: pos = array([-88.38188679,   9.10108136])
25.3370 	EXP 	unnamed Rect: pos = array([-88.38188679,   9.10108136])
25.3535 	EXP 	unnamed Rect: pos = array([-88.38188679,   9.10108136])
25.3700 	EXP 	unnamed Rect: pos = array([-88.38188679,   9.10108136])
25.3871 	EXP 	unnamed Rect: pos = array([-88.38188679,   9.10108136])
25.4037 	EXP 	unnamed Rect: pos = array([-88.38188679,   9.10108136])
25.4207 	EXP 	unnamed Rect: pos = array([-88.38188679,   9.10108136])
25.4370 	EXP 	unnamed Rect: pos = array([-88.38188679,   9.10108136])
25.4534 	EXP 	unnamed Rect: pos = array([-88.38188679,   9.10108136])
25.4703 	EXP 	unnamed Rect: pos = array([-88.38188679,   9.10108136])
25.4868 	EXP 	unnamed Rect: pos = array([-88.38188679,   9.10108136])
25.5035 	EXP 	unnamed Rect: pos = array([-88.38188679,   9.10108136])
25.5207 	EXP 	unnamed Rect: pos = array([-88.38188679,   9.10108136])
25.5369 	EXP 	unnamed Rect: pos = array([-88.38188679,   9.10108136])
25.5546 	EXP 	unnamed Rect: pos = array([-88.38188679,   9.10108136])
25.5715 	EXP 	unnamed Rect: pos = array([-88.38188679,   9.10108136])
25.5876 	EXP 	unnamed Rect: pos = array([-88.38188679,   9.10108136])
25.6041 	EXP 	unnamed Rect: pos = array([-88.38188679,   9.10108136])
25.6208 	EXP 	unnamed Rect: pos = array([-88.38188679,   9.10108136])
25.6371 	EXP 	unnamed Rect: pos = array([-88.38188679,   9.10108136])
25.6534 	EXP 	unnamed Rect: pos = array([-88.38188679,   9.10108136])
25.6699 	EXP 	unnamed Rect: pos = array([-88.38188679,   9.10108136])
25.6870 	EXP 	unnamed Rect: pos = array([-88.38188679,   9.10108136])
25.7033 	EXP 	unnamed Rect: pos = array([-88.38188679,   9.10108136])
25.7201 	EXP 	unnamed Rect: pos = array([-88.38188679,   9.10108136])
25.7373 	EXP 	unnamed Rect: pos = array([-88.38188679,   9.10108136])
25.7381 	DATA 	Keypress: escape
25.7535 	EXP 	unnamed Rect: pos = array([-88.38188679,   9.10108136])
25.7702 	EXP 	unnamed Rect: pos = array([-88.38188679,   9.10108136])
25.7866 	EXP 	unnamed Rect: pos = array([-88.38188679,   9.10108136])
25.8036 	EXP 	unnamed Rect: pos = array([-88.38188679,   9.10108136])
25.8203 	EXP 	unnamed Rect: pos = array([-88.38188679,   9.10108136])
25.8372 	EXP 	unnamed Rect: pos = array([-88.38188679,   9.10108136])
25.8536 	EXP 	unnamed Rect: pos = array([-88.38188679,   9.10108136])
25.8703 	EXP 	unnamed Rect: pos = array([-88.38188679,   9.10108136])
25.8872 	EXP 	unnamed Rect: pos = array([-88.38188679,   9.10108136])
25.9034 	EXP 	unnamed Rect: pos = array([-88.38188679,   9.10108136])
25.9204 	EXP 	unnamed Rect: pos = array([-88.38188679,   9.10108136])
25.9369 	EXP 	unnamed Rect: pos = array([-88.38188679,   9.10108136])
25.9536 	EXP 	unnamed Rect: pos = array([-88.38188679,   9.10108136])
25.9704 	EXP 	unnamed Rect: pos = array([-88.38188679,   9.10108136])
25.9872 	EXP 	unnamed Rect: pos = array([-88.38188679,   9.10108136])
26.0034 	EXP 	unnamed Rect: pos = array([-88.38188679,   9.10108136])
26.0207 	EXP 	unnamed Rect: pos = array([-88.38188679,   9.10108136])
26.0368 	EXP 	unnamed Rect: pos = array([-88.38188679,   9.10108136])
26.0536 	EXP 	unnamed Rect: pos = array([-88.38188679,   9.10108136])
26.0707 	EXP 	unnamed Rect: pos = array([-88.38188679,   9.10108136])
26.0869 	EXP 	unnamed Rect: pos = array([-88.38188679,   9.10108136])
26.1035 	EXP 	unnamed Rect: pos = array([-88.38188679,   9.10108136])
26.1212 	EXP 	unnamed Rect: pos = array([-88.38188679,   9.10108136])
26.1373 	EXP 	unnamed Rect: pos = array([-88.38188679,   9.10108136])
26.1539 	EXP 	unnamed Rect: pos = array([-88.38188679,   9.10108136])
26.1702 	EXP 	unnamed Rect: pos = array([-88.38188679,   9.10108136])
26.1866 	EXP 	unnamed Rect: pos = array([-88.38188679,   9.10108136])
26.2034 	EXP 	unnamed Rect: pos = array([-88.38188679,   9.10108136])
26.2205 	EXP 	unnamed Rect: pos = array([-88.38188679,   9.10108136])
26.2371 	EXP 	unnamed Rect: pos = array([-88.38188679,   9.10108136])
26.2410 	DATA 	Keypress: escape
26.2547 	EXP 	unnamed Rect: pos = array([-88.38188679,   9.10108136])
26.2701 	EXP 	unnamed Rect: pos = array([-88.38188679,   9.10108136])
26.2870 	EXP 	unnamed Rect: pos = array([-88.38188679,   9.10108136])
26.3038 	EXP 	unnamed Rect: pos = array([-88.38188679,   9.10108136])
26.3201 	EXP 	unnamed Rect: pos = array([-88.38188679,   9.10108136])
26.3371 	EXP 	unnamed Rect: pos = array([-88.38188679,   9.10108136])
26.3538 	EXP 	unnamed Rect: pos = array([-88.38188679,   9.10108136])
26.3706 	EXP 	unnamed Rect: pos = array([-88.38188679,   9.10108136])
26.3869 	EXP 	unnamed Rect: pos = array([-88.38188679,   9.10108136])
26.4038 	EXP 	unnamed Rect: pos = array([-88.38188679,   9.10108136])
26.4212 	EXP 	unnamed Rect: pos = array([-88.38188679,   9.10108136])
26.4369 	EXP 	unnamed Rect: pos = array([-88.38188679,   9.10108136])
26.4535 	EXP 	unnamed Rect: pos = array([-88.38188679,   9.10108136])
26.4700 	EXP 	unnamed Rect: pos = array([-88.38188679,   9.10108136])
26.4867 	EXP 	unnamed Rect: pos = array([-88.38188679,   9.10108136])
26.5035 	EXP 	unnamed Rect: pos = array([-88.38188679,   9.10108136])
26.5201 	EXP 	unnamed Rect: pos = array([-88.38188679,   9.10108136])
26.5368 	EXP 	unnamed Rect: pos = array([-88.38188679,   9.10108136])
26.5535 	EXP 	unnamed Rect: pos = array([-88.38188679,   9.10108136])
26.5701 	EXP 	unnamed Rect: pos = array([-88.38188679,   9.10108136])
26.5868 	EXP 	unnamed Rect: pos = array([-88.38188679,   9.10108136])
26.6034 	EXP 	unnamed Rect: pos = array([-88.38188679,   9.10108136])
26.6205 	EXP 	unnamed Rect: pos = array([-88.38188679,   9.10108136])
26.6367 	EXP 	unnamed Rect: pos = array([-88.38188679,   9.10108136])
26.6534 	EXP 	unnamed Rect: pos = array([-88.38188679,   9.10108136])
26.6701 	EXP 	unnamed Rect: pos = array([-88.38188679,   9.10108136])
26.6868 	EXP 	unnamed Rect: pos = array([-88.38188679,   9.10108136])
26.7035 	EXP 	unnamed Rect: pos = array([-88.38188679,   9.10108136])
26.7202 	EXP 	unnamed Rect: pos = array([-88.38188679,   9.10108136])
26.7369 	EXP 	unnamed Rect: pos = array([-88.38188679,   9.10108136])
26.7538 	EXP 	unnamed Rect: pos = array([-88.38188679,   9.10108136])
26.7701 	EXP 	unnamed Rect: pos = array([-88.38188679,   9.10108136])
26.7867 	EXP 	unnamed Rect: pos = array([-88.38188679,   9.10108136])
26.8045 	EXP 	unnamed Rect: pos = array([-88.38188679,   9.10108136])
26.8053 	DATA 	Keypress: escape
26.8211 	EXP 	unnamed Rect: pos = array([-88.38188679,   9.10108136])
26.8379 	EXP 	unnamed Rect: pos = array([-88.38188679,   9.10108136])
26.8536 	EXP 	unnamed Rect: pos = array([-88.38188679,   9.10108136])
26.8701 	EXP 	unnamed Rect: pos = array([-88.38188679,   9.10108136])
26.8881 	EXP 	unnamed Rect: pos = array([-88.38188679,   9.10108136])
26.9046 	EXP 	unnamed Rect: pos = array([-88.38188679,   9.10108136])
26.9209 	EXP 	unnamed Rect: pos = array([-88.38188679,   9.10108136])
26.9378 	EXP 	unnamed Rect: pos = array([-88.38188679,   9.10108136])
26.9535 	EXP 	unnamed Rect: pos = array([-88.38188679,   9.10108136])
26.9757 	EXP 	window1: mouseVisible = True
