0.5975 	WARNING 	We strongly recommend you activate the PTB sound engine in PsychoPy prefs as the preferred audio engine. Its timing is vastly superior. Your prefs are currently set to use ['sounddevice', 'PTB', 'pyo', 'pygame'] (in that order).
6.6882 	ERROR 	'-1.0000, -1.0000, -1.0000' is not a valid rgb color
7.2745 	EXP 	Created window1 = Window(allowGUI=False, allowStencil=False, autoLog=True, backendConf=UNKNOWN, bitsMode=UNKNOWN, blendMode='avg', bpc=(8, 8, 8), color=array([0, 0, 0]), colorSpace='rgb', depthBits=8, fullscr=<method-wrapper '__getattribute__' of attributeSetter object at 0x7fd5a5586a90>, gamma=None, gammaErrorPolicy='raise', lms=UNKNOWN, monitor=<psychopy.monitors.calibTools.Monitor object at 0x7fd5575b00b8>, multiSample=False, name='window1', numSamples=2, pos=[360.0, 225.0], screen=0, size=array([2880, 1800]), stencilBits=0, stereo=False, units='height', useFBO=True, useRetina=True, viewOri=0.0, viewPos=None, viewScale=None, waitBlanking=True, winType='pyglet')
7.2748 	EXP 	window1: mouseVisible = True
7.2748 	EXP 	window1: recordFrameIntervals = False
7.4398 	EXP 	window1: recordFrameIntervals = True
7.6236 	EXP 	window1: recordFrameIntervals = False
8.2159 	DEPRECATION 	'1.0000, 1.0000, 1.0000' is not a valid rgb color
8.2431 	EXP 	Created Welcometext = TextStim(__class__=<class 'psychopy.visual.text.TextStim'>, alignHoriz=method-wrapper(...), alignText='center', alignVert=method-wrapper(...), anchorHoriz='center', anchorVert='center', antialias=True, autoLog=True, bold=False, color=array([0., 0., 0.]), colorSpace='rgb', contrast=1.0, depth=0.0, flipHoriz=False, flipVert=False, font='Open Sans', fontFiles=[], height=0.05, italic=False, languageStyle='LTR', name='Welcometext', opacity=0, ori=0.0, pos=array([0., 0.]), rgb=UNKNOWN, text='Welcome\nPlease press Spacebar to start', units='height', win=Window(...), wrapWidth=1)
8.5964 	EXP 	Created text = TextStim(__class__=<class 'psychopy.visual.text.TextStim'>, alignHoriz=method-wrapper(...), alignText='center', alignVert=method-wrapper(...), anchorHoriz='center', anchorVert='center', antialias=True, autoLog=True, bold=False, color=array([1., 1., 1.]), colorSpace='rgb', contrast=1.0, depth=0.0, flipHoriz=False, flipVert=False, font='Open Sans', fontFiles=[], height=0.05, italic=False, languageStyle='LTR', name='text', opacity=1, ori=0.0, pos=array([0., 0.]), rgb=UNKNOWN, text=str(...), units='height', win=Window(...), wrapWidth=1)
8.5970 	EXP 	Created sequence: random, trialTypes=1, nReps=5, seed=None
8.5971 	EXP 	New trial (rep=0, index=0): None
8.6006 	DATA 	Keypress: space
8.6047 	EXP 	Welcometext: autoDraw = True
9.6150 	EXP 	Created unnamed Rect = Rect(__class__=<class 'psychopy.visual.rect.Rect'>, autoDraw=False, autoLog=True, closeShape=True, color=method-wrapper(...), colorSpace='rgb', contrast=None, depth=0, fillColor=array([ 1, -1, -1]), fillColorSpace='rgb', fillRGB=array([ 1, -1, -1]), interpolate=True, lineColor=array([-1., -1.,  1.]), lineColorSpace='rgb', lineRGB=array([-1, -1,  1]), lineWidth=1.5, name='unnamed Rect', opacity=1, ori=0.0, pos=array([0., 0.]), size=array([1000.,  700.]), units='pix', vertices=ndarray(...), win=Window(...))
9.6176 	EXP 	Created unnamed Rect = Rect(__class__=<class 'psychopy.visual.rect.Rect'>, autoDraw=False, autoLog=True, closeShape=True, color=method-wrapper(...), colorSpace='rgb', contrast=None, depth=0, fillColor=array([-1, -1, -1]), fillColorSpace='rgb', fillRGB=array([-1, -1, -1]), interpolate=True, lineColor=array([-1., -1.,  1.]), lineColorSpace='rgb', lineRGB=array([-1, -1,  1]), lineWidth=1.5, name='unnamed Rect', opacity=1, ori=0.0, pos=array([0., 0.]), size=array([400., 600.]), units='pix', vertices=ndarray(...), win=Window(...))
9.6202 	EXP 	Created unnamed Rect = Rect(__class__=<class 'psychopy.visual.rect.Rect'>, autoDraw=False, autoLog=True, closeShape=True, color=method-wrapper(...), colorSpace='rgb', contrast=None, depth=0, fillColor=array([-1, -1, -1]), fillColorSpace='rgb', fillRGB=array([-1, -1, -1]), interpolate=True, lineColor=array([-1., -1.,  1.]), lineColorSpace='rgb', lineRGB=array([-1, -1,  1]), lineWidth=1.5, name='unnamed Rect', opacity=1, ori=0.0, pos=array([0., 0.]), size=array([400., 600.]), units='pix', vertices=ndarray(...), win=Window(...))
9.6233 	EXP 	Created unnamed Rect = Rect(__class__=<class 'psychopy.visual.rect.Rect'>, autoDraw=False, autoLog=True, closeShape=True, color=method-wrapper(...), colorSpace='rgb', contrast=None, depth=0, fillColor=array([ 1,  1, -1]), fillColorSpace='rgb', fillRGB=array([ 1,  1, -1]), interpolate=True, lineColor=array([0., 0., 0.]), lineColorSpace='rgb', lineRGB=array([0, 0, 0]), lineWidth=1.5, name='unnamed Rect', opacity=0.5, ori=0.0, pos=array([0., 0.]), size=array([30., 30.]), units='pix', vertices=ndarray(...), win=Window(...))
9.6260 	EXP 	Created unnamed Rect = Rect(__class__=<class 'psychopy.visual.rect.Rect'>, autoDraw=False, autoLog=True, closeShape=True, color=method-wrapper(...), colorSpace='rgb', contrast=None, depth=0, fillColor=array([ 1,  1, -1]), fillColorSpace='rgb', fillRGB=array([ 1,  1, -1]), interpolate=True, lineColor=array([0., 0., 0.]), lineColorSpace='rgb', lineRGB=array([0, 0, 0]), lineWidth=1.5, name='unnamed Rect', opacity=0.5, ori=0.0, pos=array([0., 0.]), size=array([30., 30.]), units='pix', vertices=ndarray(...), win=Window(...))
9.6289 	EXP 	Created unnamed Rect = Rect(__class__=<class 'psychopy.visual.rect.Rect'>, autoDraw=False, autoLog=True, closeShape=True, color=method-wrapper(...), colorSpace='rgb', contrast=None, depth=0, fillColor=array([ 1,  1, -1]), fillColorSpace='rgb', fillRGB=array([ 1,  1, -1]), interpolate=True, lineColor=array([0., 0., 0.]), lineColorSpace='rgb', lineRGB=array([0, 0, 0]), lineWidth=1.5, name='unnamed Rect', opacity=0.5, ori=0.0, pos=array([0., 0.]), size=array([30., 30.]), units='pix', vertices=ndarray(...), win=Window(...))
9.6316 	EXP 	Created unnamed Rect = Rect(__class__=<class 'psychopy.visual.rect.Rect'>, autoDraw=False, autoLog=True, closeShape=True, color=method-wrapper(...), colorSpace='rgb', contrast=None, depth=0, fillColor=array([ 1,  1, -1]), fillColorSpace='rgb', fillRGB=array([ 1,  1, -1]), interpolate=True, lineColor=array([0., 0., 0.]), lineColorSpace='rgb', lineRGB=array([0, 0, 0]), lineWidth=1.5, name='unnamed Rect', opacity=0.5, ori=0.0, pos=array([0., 0.]), size=array([30., 30.]), units='pix', vertices=ndarray(...), win=Window(...))
9.6341 	EXP 	Created unnamed Rect = Rect(__class__=<class 'psychopy.visual.rect.Rect'>, autoDraw=False, autoLog=True, closeShape=True, color=method-wrapper(...), colorSpace='rgb', contrast=None, depth=0, fillColor=array([ 1,  1, -1]), fillColorSpace='rgb', fillRGB=array([ 1,  1, -1]), interpolate=True, lineColor=array([0., 0., 0.]), lineColorSpace='rgb', lineRGB=array([0, 0, 0]), lineWidth=1.5, name='unnamed Rect', opacity=0.5, ori=0.0, pos=array([0., 0.]), size=array([30., 30.]), units='pix', vertices=ndarray(...), win=Window(...))
9.6364 	EXP 	Created unnamed Rect = Rect(__class__=<class 'psychopy.visual.rect.Rect'>, autoDraw=False, autoLog=True, closeShape=True, color=method-wrapper(...), colorSpace='rgb', contrast=None, depth=0, fillColor=array([ 1,  1, -1]), fillColorSpace='rgb', fillRGB=array([ 1,  1, -1]), interpolate=True, lineColor=array([0., 0., 0.]), lineColorSpace='rgb', lineRGB=array([0, 0, 0]), lineWidth=1.5, name='unnamed Rect', opacity=0.5, ori=0.0, pos=array([0., 0.]), size=array([30., 30.]), units='pix', vertices=ndarray(...), win=Window(...))
9.6387 	EXP 	Created unnamed Rect = Rect(__class__=<class 'psychopy.visual.rect.Rect'>, autoDraw=False, autoLog=True, closeShape=True, color=method-wrapper(...), colorSpace='rgb', contrast=None, depth=0, fillColor=array([ 1,  1, -1]), fillColorSpace='rgb', fillRGB=array([ 1,  1, -1]), interpolate=True, lineColor=array([0., 0., 0.]), lineColorSpace='rgb', lineRGB=array([0, 0, 0]), lineWidth=1.5, name='unnamed Rect', opacity=0.5, ori=0.0, pos=array([0., 0.]), size=array([30., 30.]), units='pix', vertices=ndarray(...), win=Window(...))
9.6790 	EXP 	Created unnamed ImageStim = ImageStim(__class__=<class 'psychopy.visual.image.ImageStim'>, autoLog=True, color=array([1., 1., 1.]), colorSpace='rgb', contrast=1.0, depth=0, flipHoriz=False, flipVert=False, image='tree.png', interpolate=False, mask=None, maskParams=None, name='unnamed ImageStim', opacity=1, ori=0.0, pos=array([0., 0.]), size=array([512, 512]), texRes=128, units='pix', win=Window(...))
9.6994 	EXP 	Created unnamed ImageStim = ImageStim(__class__=<class 'psychopy.visual.image.ImageStim'>, autoLog=True, color=array([1., 1., 1.]), colorSpace='rgb', contrast=1.0, depth=0, flipHoriz=False, flipVert=False, image='tree.png', interpolate=False, mask=None, maskParams=None, name='unnamed ImageStim', opacity=1, ori=0.0, pos=array([0., 0.]), size=array([512, 512]), texRes=128, units='pix', win=Window(...))
9.7178 	EXP 	Created unnamed ImageStim = ImageStim(__class__=<class 'psychopy.visual.image.ImageStim'>, autoLog=True, color=array([1., 1., 1.]), colorSpace='rgb', contrast=1.0, depth=0, flipHoriz=False, flipVert=False, image='tree.png', interpolate=False, mask=None, maskParams=None, name='unnamed ImageStim', opacity=1, ori=0.0, pos=array([0., 0.]), size=array([512, 512]), texRes=128, units='pix', win=Window(...))
9.7357 	EXP 	Created unnamed ImageStim = ImageStim(__class__=<class 'psychopy.visual.image.ImageStim'>, autoLog=True, color=array([1., 1., 1.]), colorSpace='rgb', contrast=1.0, depth=0, flipHoriz=False, flipVert=False, image='tree.png', interpolate=False, mask=None, maskParams=None, name='unnamed ImageStim', opacity=1, ori=0.0, pos=array([0., 0.]), size=array([512, 512]), texRes=128, units='pix', win=Window(...))
9.7536 	EXP 	Created unnamed ImageStim = ImageStim(__class__=<class 'psychopy.visual.image.ImageStim'>, autoLog=True, color=array([1., 1., 1.]), colorSpace='rgb', contrast=1.0, depth=0, flipHoriz=False, flipVert=False, image='tree.png', interpolate=False, mask=None, maskParams=None, name='unnamed ImageStim', opacity=1, ori=0.0, pos=array([0., 0.]), size=array([512, 512]), texRes=128, units='pix', win=Window(...))
9.7715 	EXP 	Created unnamed ImageStim = ImageStim(__class__=<class 'psychopy.visual.image.ImageStim'>, autoLog=True, color=array([1., 1., 1.]), colorSpace='rgb', contrast=1.0, depth=0, flipHoriz=False, flipVert=False, image='tree.png', interpolate=False, mask=None, maskParams=None, name='unnamed ImageStim', opacity=1, ori=0.0, pos=array([0., 0.]), size=array([512, 512]), texRes=128, units='pix', win=Window(...))
9.7894 	EXP 	Created unnamed ImageStim = ImageStim(__class__=<class 'psychopy.visual.image.ImageStim'>, autoLog=True, color=array([1., 1., 1.]), colorSpace='rgb', contrast=1.0, depth=0, flipHoriz=False, flipVert=False, image='tree.png', interpolate=False, mask=None, maskParams=None, name='unnamed ImageStim', opacity=1, ori=0.0, pos=array([0., 0.]), size=array([512, 512]), texRes=128, units='pix', win=Window(...))
9.8072 	EXP 	Created unnamed ImageStim = ImageStim(__class__=<class 'psychopy.visual.image.ImageStim'>, autoLog=True, color=array([1., 1., 1.]), colorSpace='rgb', contrast=1.0, depth=0, flipHoriz=False, flipVert=False, image='tree.png', interpolate=False, mask=None, maskParams=None, name='unnamed ImageStim', opacity=1, ori=0.0, pos=array([0., 0.]), size=array([512, 512]), texRes=128, units='pix', win=Window(...))
9.8271 	EXP 	Created unnamed ImageStim = ImageStim(__class__=<class 'psychopy.visual.image.ImageStim'>, autoLog=True, color=array([1., 1., 1.]), colorSpace='rgb', contrast=1.0, depth=0, flipHoriz=False, flipVert=False, image='tree.png', interpolate=False, mask=None, maskParams=None, name='unnamed ImageStim', opacity=1, ori=0.0, pos=array([0., 0.]), size=array([512, 512]), texRes=128, units='pix', win=Window(...))
9.8450 	EXP 	Created unnamed ImageStim = ImageStim(__class__=<class 'psychopy.visual.image.ImageStim'>, autoLog=True, color=array([1., 1., 1.]), colorSpace='rgb', contrast=1.0, depth=0, flipHoriz=False, flipVert=False, image='tree.png', interpolate=False, mask=None, maskParams=None, name='unnamed ImageStim', opacity=1, ori=0.0, pos=array([0., 0.]), size=array([512, 512]), texRes=128, units='pix', win=Window(...))
9.8628 	EXP 	Created unnamed ImageStim = ImageStim(__class__=<class 'psychopy.visual.image.ImageStim'>, autoLog=True, color=array([1., 1., 1.]), colorSpace='rgb', contrast=1.0, depth=0, flipHoriz=False, flipVert=False, image='tree.png', interpolate=False, mask=None, maskParams=None, name='unnamed ImageStim', opacity=1, ori=0.0, pos=array([0., 0.]), size=array([512, 512]), texRes=128, units='pix', win=Window(...))
9.8806 	EXP 	Created unnamed ImageStim = ImageStim(__class__=<class 'psychopy.visual.image.ImageStim'>, autoLog=True, color=array([1., 1., 1.]), colorSpace='rgb', contrast=1.0, depth=0, flipHoriz=False, flipVert=False, image='tree.png', interpolate=False, mask=None, maskParams=None, name='unnamed ImageStim', opacity=1, ori=0.0, pos=array([0., 0.]), size=array([512, 512]), texRes=128, units='pix', win=Window(...))
9.8901 	DATA 	Keypress: space
9.8956 	EXP 	Welcometext: autoDraw = False
9.8956 	EXP 	unnamed Rect: pos = [-250, 0]
9.8956 	EXP 	unnamed Rect: pos = [250, 0]
9.8956 	EXP 	unnamed Rect: pos = [-264.32789556911797, 41.24512555085415]
9.8956 	EXP 	unnamed Rect: pos = [-261.3323532035868, -42.51934609349163]
9.8956 	EXP 	unnamed Rect: pos = [116.57569058795582, 66.37444680544125]
9.8956 	EXP 	unnamed Rect: pos = [226.94831189538323, 192.25055825506266]
9.8956 	EXP 	unnamed Rect: pos = [140.53662460304082, 265.0479717474762]
9.8956 	EXP 	unnamed Rect: pos = [150.11363859384414, -152.78403207459354]
9.8956 	EXP 	unnamed Rect: pos = [67.23823446544276, 266.6268863394205]
9.8956 	EXP 	unnamed ImageStim: size = [128.0, 128.0]
9.8956 	EXP 	unnamed ImageStim: size = [128.0, 128.0]
9.8956 	EXP 	unnamed ImageStim: size = [128.0, 128.0]
9.8956 	EXP 	unnamed ImageStim: size = [128.0, 128.0]
9.8956 	EXP 	unnamed ImageStim: size = [128.0, 128.0]
9.8956 	EXP 	unnamed ImageStim: size = [128.0, 128.0]
9.8956 	EXP 	unnamed ImageStim: size = [128.0, 128.0]
9.8956 	EXP 	unnamed ImageStim: size = [128.0, 128.0]
9.8956 	EXP 	unnamed ImageStim: size = [128.0, 128.0]
9.8956 	EXP 	unnamed ImageStim: size = [128.0, 128.0]
9.8956 	EXP 	unnamed ImageStim: size = [128.0, 128.0]
9.8956 	EXP 	unnamed ImageStim: size = [128.0, 128.0]
9.8956 	EXP 	unnamed ImageStim: pos = [55.134981957538365, -93.29611971413684]
9.8956 	EXP 	unnamed ImageStim: pos = [21.976874997622218, 71.46577177499942]
9.8956 	EXP 	unnamed ImageStim: pos = [38.12128322430756, -105.63027666916062]
9.8956 	EXP 	unnamed ImageStim: pos = [15.118173555313145, -38.85194319400159]
9.8956 	EXP 	unnamed ImageStim: pos = [-194.86501804246163, -93.29611971413684]
9.8956 	EXP 	unnamed ImageStim: pos = [305.13498195753834, -93.29611971413684]
9.8956 	EXP 	unnamed ImageStim: pos = [-228.02312500237778, 71.46577177499942]
9.8956 	EXP 	unnamed ImageStim: pos = [271.9768749976222, 71.46577177499942]
9.8956 	EXP 	unnamed ImageStim: pos = [-211.87871677569245, -105.63027666916062]
9.8956 	EXP 	unnamed ImageStim: pos = [288.12128322430755, -105.63027666916062]
9.8956 	EXP 	unnamed ImageStim: pos = [-234.88182644468685, -38.85194319400159]
9.8956 	EXP 	unnamed ImageStim: pos = [265.11817355531315, -38.85194319400159]
11.1005 	DATA 	Keypress: left
18.6792 	EXP 	Created unnamed Rect = Rect(__class__=<class 'psychopy.visual.rect.Rect'>, autoDraw=False, autoLog=True, closeShape=True, color=method-wrapper(...), colorSpace='rgb', contrast=None, depth=0, fillColor=array([-1, -1, -1]), fillColorSpace='rgb', fillRGB=array([-1, -1, -1]), interpolate=True, lineColor=array([-1., -1.,  1.]), lineColorSpace='rgb', lineRGB=array([-1, -1,  1]), lineWidth=1.5, name='unnamed Rect', opacity=1, ori=0.0, pos=array([0., 0.]), size=array([400., 600.]), units='pix', vertices=ndarray(...), win=Window(...))
18.6839 	EXP 	Created unnamed Rect = Rect(__class__=<class 'psychopy.visual.rect.Rect'>, autoDraw=False, autoLog=True, closeShape=True, color=method-wrapper(...), colorSpace='rgb', contrast=None, depth=0, fillColor=array([-1, -1, -1]), fillColorSpace='rgb', fillRGB=array([-1, -1, -1]), interpolate=True, lineColor=array([-1., -1.,  1.]), lineColorSpace='rgb', lineRGB=array([-1, -1,  1]), lineWidth=1.5, name='unnamed Rect', opacity=1, ori=0.0, pos=array([0., 0.]), size=array([400., 600.]), units='pix', vertices=ndarray(...), win=Window(...))
18.6857 	DATA 	Keypress: left
18.6964 	EXP 	unnamed Rect: pos = array([-14.32789557,  41.24512555])
18.6964 	EXP 	unnamed Rect: pos = array([-11.3323532 , -42.51934609])
18.6964 	EXP 	unnamed Rect: pos = array([-14.32789557,  41.24512555])
18.7063 	EXP 	unnamed Rect: pos = array([-14.32789557,  41.24512555])
18.7228 	EXP 	unnamed Rect: pos = array([-14.32789557,  41.24512555])
18.7395 	EXP 	unnamed Rect: pos = array([-14.32789557,  41.24512555])
18.7562 	EXP 	unnamed Rect: pos = array([-14.32789557,  41.24512555])
18.7726 	EXP 	unnamed Rect: pos = array([-14.32789557,  41.24512555])
18.7899 	EXP 	unnamed Rect: pos = array([-14.32789557,  41.24512555])
18.8069 	EXP 	unnamed Rect: pos = array([-14.32789557,  41.24512555])
18.8225 	EXP 	unnamed Rect: pos = array([-14.32789557,  41.24512555])
18.8393 	EXP 	unnamed Rect: pos = array([-14.32789557,  41.24512555])
18.8561 	EXP 	unnamed Rect: pos = array([-14.32789557,  41.24512555])
18.8727 	EXP 	unnamed Rect: pos = array([-14.32789557,  41.24512555])
18.8892 	EXP 	unnamed Rect: pos = array([-14.32789557,  41.24512555])
18.9066 	EXP 	unnamed Rect: pos = array([-14.32789557,  41.24512555])
18.9229 	EXP 	unnamed Rect: pos = array([-14.32789557,  41.24512555])
18.9398 	EXP 	unnamed Rect: pos = array([-14.32789557,  41.24512555])
18.9560 	EXP 	unnamed Rect: pos = array([-14.32789557,  41.24512555])
18.9727 	EXP 	unnamed Rect: pos = array([-14.32789557,  41.24512555])
18.9902 	EXP 	unnamed Rect: pos = array([-14.32789557,  41.24512555])
18.9912 	DATA 	Keypress: up
19.0062 	EXP 	unnamed Rect: pos = array([-14.32789557,  51.24512555])
19.0234 	EXP 	unnamed Rect: pos = array([-14.32789557,  51.24512555])
19.0394 	EXP 	unnamed Rect: pos = array([-14.32789557,  51.24512555])
19.0560 	EXP 	unnamed Rect: pos = array([-14.32789557,  51.24512555])
19.0726 	EXP 	unnamed Rect: pos = array([-14.32789557,  51.24512555])
19.0900 	EXP 	unnamed Rect: pos = array([-14.32789557,  51.24512555])
19.1061 	EXP 	unnamed Rect: pos = array([-14.32789557,  51.24512555])
19.1228 	EXP 	unnamed Rect: pos = array([-14.32789557,  51.24512555])
19.1395 	EXP 	unnamed Rect: pos = array([-14.32789557,  51.24512555])
19.1561 	EXP 	unnamed Rect: pos = array([-14.32789557,  51.24512555])
19.1739 	EXP 	unnamed Rect: pos = array([-14.32789557,  51.24512555])
19.1748 	DATA 	Keypress: up
19.1903 	EXP 	unnamed Rect: pos = array([-14.32789557,  61.24512555])
19.2059 	EXP 	unnamed Rect: pos = array([-14.32789557,  61.24512555])
19.2228 	EXP 	unnamed Rect: pos = array([-14.32789557,  61.24512555])
19.2401 	EXP 	unnamed Rect: pos = array([-14.32789557,  61.24512555])
19.2559 	EXP 	unnamed Rect: pos = array([-14.32789557,  61.24512555])
19.2729 	EXP 	unnamed Rect: pos = array([-14.32789557,  61.24512555])
19.2892 	EXP 	unnamed Rect: pos = array([-14.32789557,  61.24512555])
19.3061 	EXP 	unnamed Rect: pos = array([-14.32789557,  61.24512555])
19.3234 	EXP 	unnamed Rect: pos = array([-14.32789557,  61.24512555])
19.3243 	DATA 	Keypress: up
19.3394 	EXP 	unnamed Rect: pos = array([-14.32789557,  71.24512555])
19.3559 	EXP 	unnamed Rect: pos = array([-14.32789557,  71.24512555])
19.3726 	EXP 	unnamed Rect: pos = array([-14.32789557,  71.24512555])
19.3899 	EXP 	unnamed Rect: pos = array([-14.32789557,  71.24512555])
19.4062 	EXP 	unnamed Rect: pos = array([-14.32789557,  71.24512555])
19.4229 	EXP 	unnamed Rect: pos = array([-14.32789557,  71.24512555])
19.4392 	EXP 	unnamed Rect: pos = array([-14.32789557,  71.24512555])
19.4562 	EXP 	unnamed Rect: pos = array([-14.32789557,  71.24512555])
19.4727 	EXP 	unnamed Rect: pos = array([-14.32789557,  71.24512555])
19.4897 	EXP 	unnamed Rect: pos = array([-14.32789557,  71.24512555])
19.4906 	DATA 	Keypress: up
19.5059 	EXP 	unnamed Rect: pos = array([-14.32789557,  81.24512555])
19.5238 	EXP 	unnamed Rect: pos = array([-14.32789557,  81.24512555])
19.5394 	EXP 	unnamed Rect: pos = array([-14.32789557,  81.24512555])
19.5563 	EXP 	unnamed Rect: pos = array([-14.32789557,  81.24512555])
19.5726 	EXP 	unnamed Rect: pos = array([-14.32789557,  81.24512555])
19.5895 	EXP 	unnamed Rect: pos = array([-14.32789557,  81.24512555])
19.6067 	EXP 	unnamed Rect: pos = array([-14.32789557,  81.24512555])
19.6076 	DATA 	Keypress: up
19.6227 	EXP 	unnamed Rect: pos = array([-14.32789557,  91.24512555])
19.6394 	EXP 	unnamed Rect: pos = array([-14.32789557,  91.24512555])
19.6566 	EXP 	unnamed Rect: pos = array([-14.32789557,  91.24512555])
19.6732 	EXP 	unnamed Rect: pos = array([-14.32789557,  91.24512555])
19.6892 	EXP 	unnamed Rect: pos = array([-14.32789557,  91.24512555])
19.7059 	EXP 	unnamed Rect: pos = array([-14.32789557,  91.24512555])
19.7228 	EXP 	unnamed Rect: pos = array([-14.32789557,  91.24512555])
19.7394 	EXP 	unnamed Rect: pos = array([-14.32789557,  91.24512555])
19.7559 	EXP 	unnamed Rect: pos = array([-14.32789557,  91.24512555])
19.7727 	EXP 	unnamed Rect: pos = array([-14.32789557,  91.24512555])
19.7892 	EXP 	unnamed Rect: pos = array([-14.32789557,  91.24512555])
19.8058 	EXP 	unnamed Rect: pos = array([-14.32789557,  91.24512555])
19.8226 	EXP 	unnamed Rect: pos = array([-14.32789557,  91.24512555])
19.8392 	EXP 	unnamed Rect: pos = array([-14.32789557,  91.24512555])
19.8561 	EXP 	unnamed Rect: pos = array([-14.32789557,  91.24512555])
19.8726 	EXP 	unnamed Rect: pos = array([-14.32789557,  91.24512555])
19.8896 	EXP 	unnamed Rect: pos = array([-14.32789557,  91.24512555])
19.8906 	DATA 	Keypress: up
19.9071 	EXP 	unnamed Rect: pos = array([-14.32789557, 101.24512555])
19.9228 	EXP 	unnamed Rect: pos = array([-14.32789557, 101.24512555])
19.9396 	EXP 	unnamed Rect: pos = array([-14.32789557, 101.24512555])
19.9567 	EXP 	unnamed Rect: pos = array([-14.32789557, 101.24512555])
19.9728 	EXP 	unnamed Rect: pos = array([-14.32789557, 101.24512555])
19.9894 	EXP 	unnamed Rect: pos = array([-14.32789557, 101.24512555])
20.0061 	EXP 	unnamed Rect: pos = array([-14.32789557, 101.24512555])
20.0231 	EXP 	unnamed Rect: pos = array([-14.32789557, 101.24512555])
20.0403 	EXP 	unnamed Rect: pos = array([-14.32789557, 101.24512555])
20.0567 	EXP 	unnamed Rect: pos = array([-14.32789557, 101.24512555])
20.0725 	EXP 	unnamed Rect: pos = array([-14.32789557, 101.24512555])
20.0904 	EXP 	unnamed Rect: pos = array([-14.32789557, 101.24512555])
20.1059 	EXP 	unnamed Rect: pos = array([-14.32789557, 101.24512555])
20.1228 	EXP 	unnamed Rect: pos = array([-14.32789557, 101.24512555])
20.1392 	EXP 	unnamed Rect: pos = array([-14.32789557, 101.24512555])
20.1564 	EXP 	unnamed Rect: pos = array([-14.32789557, 101.24512555])
20.1575 	DATA 	Keypress: up
20.1736 	EXP 	unnamed Rect: pos = array([-14.32789557, 111.24512555])
20.1891 	EXP 	unnamed Rect: pos = array([-14.32789557, 111.24512555])
20.2059 	EXP 	unnamed Rect: pos = array([-14.32789557, 111.24512555])
20.2226 	EXP 	unnamed Rect: pos = array([-14.32789557, 111.24512555])
20.2394 	EXP 	unnamed Rect: pos = array([-14.32789557, 111.24512555])
20.2567 	EXP 	unnamed Rect: pos = array([-14.32789557, 111.24512555])
20.2727 	EXP 	unnamed Rect: pos = array([-14.32789557, 111.24512555])
20.2892 	EXP 	unnamed Rect: pos = array([-14.32789557, 111.24512555])
20.3060 	EXP 	unnamed Rect: pos = array([-14.32789557, 111.24512555])
20.3226 	EXP 	unnamed Rect: pos = array([-14.32789557, 111.24512555])
20.3236 	DATA 	Keypress: up
20.3401 	EXP 	unnamed Rect: pos = array([-14.32789557, 121.24512555])
20.3561 	EXP 	unnamed Rect: pos = array([-14.32789557, 121.24512555])
20.3726 	EXP 	unnamed Rect: pos = array([-14.32789557, 121.24512555])
20.3891 	EXP 	unnamed Rect: pos = array([-14.32789557, 121.24512555])
20.4059 	EXP 	unnamed Rect: pos = array([-14.32789557, 121.24512555])
20.4235 	EXP 	unnamed Rect: pos = array([-14.32789557, 121.24512555])
20.4397 	EXP 	unnamed Rect: pos = array([-14.32789557, 121.24512555])
20.4566 	EXP 	unnamed Rect: pos = array([-14.32789557, 121.24512555])
20.4725 	EXP 	unnamed Rect: pos = array([-14.32789557, 121.24512555])
20.4901 	EXP 	unnamed Rect: pos = array([-14.32789557, 121.24512555])
20.4910 	DATA 	Keypress: right
20.5069 	EXP 	unnamed Rect: pos = array([ -4.32789557, 121.24512555])
20.5228 	EXP 	unnamed Rect: pos = array([ -4.32789557, 121.24512555])
20.5392 	EXP 	unnamed Rect: pos = array([ -4.32789557, 121.24512555])
20.5563 	EXP 	unnamed Rect: pos = array([ -4.32789557, 121.24512555])
20.5728 	EXP 	unnamed Rect: pos = array([ -4.32789557, 121.24512555])
20.5905 	EXP 	unnamed Rect: pos = array([ -4.32789557, 121.24512555])
20.6066 	EXP 	unnamed Rect: pos = array([ -4.32789557, 121.24512555])
20.6229 	EXP 	unnamed Rect: pos = array([ -4.32789557, 121.24512555])
20.6394 	EXP 	unnamed Rect: pos = array([ -4.32789557, 121.24512555])
20.6559 	EXP 	unnamed Rect: pos = array([ -4.32789557, 121.24512555])
20.6728 	EXP 	unnamed Rect: pos = array([ -4.32789557, 121.24512555])
20.6892 	EXP 	unnamed Rect: pos = array([ -4.32789557, 121.24512555])
20.7058 	EXP 	unnamed Rect: pos = array([ -4.32789557, 121.24512555])
20.7235 	EXP 	unnamed Rect: pos = array([ -4.32789557, 121.24512555])
20.7244 	DATA 	Keypress: right
20.7392 	EXP 	unnamed Rect: pos = array([  5.67210443, 121.24512555])
20.7568 	EXP 	unnamed Rect: pos = array([  5.67210443, 121.24512555])
20.7726 	EXP 	unnamed Rect: pos = array([  5.67210443, 121.24512555])
20.7893 	EXP 	unnamed Rect: pos = array([  5.67210443, 121.24512555])
20.8059 	EXP 	unnamed Rect: pos = array([  5.67210443, 121.24512555])
20.8236 	EXP 	unnamed Rect: pos = array([  5.67210443, 121.24512555])
20.8401 	EXP 	unnamed Rect: pos = array([  5.67210443, 121.24512555])
20.8411 	DATA 	Keypress: up
20.8566 	EXP 	unnamed Rect: pos = array([  5.67210443, 131.24512555])
20.8725 	EXP 	unnamed Rect: pos = array([  5.67210443, 131.24512555])
20.8900 	EXP 	unnamed Rect: pos = array([  5.67210443, 131.24512555])
20.9069 	EXP 	unnamed Rect: pos = array([  5.67210443, 131.24512555])
20.9228 	EXP 	unnamed Rect: pos = array([  5.67210443, 131.24512555])
20.9402 	EXP 	unnamed Rect: pos = array([  5.67210443, 131.24512555])
20.9560 	EXP 	unnamed Rect: pos = array([  5.67210443, 131.24512555])
20.9725 	EXP 	unnamed Rect: pos = array([  5.67210443, 131.24512555])
20.9892 	EXP 	unnamed Rect: pos = array([  5.67210443, 131.24512555])
21.0058 	EXP 	unnamed Rect: pos = array([  5.67210443, 131.24512555])
21.0236 	EXP 	unnamed Rect: pos = array([  5.67210443, 131.24512555])
21.0245 	DATA 	Keypress: up
21.0401 	EXP 	unnamed Rect: pos = array([  5.67210443, 141.24512555])
21.0559 	EXP 	unnamed Rect: pos = array([  5.67210443, 141.24512555])
21.0728 	EXP 	unnamed Rect: pos = array([  5.67210443, 141.24512555])
21.0902 	EXP 	unnamed Rect: pos = array([  5.67210443, 141.24512555])
21.1060 	EXP 	unnamed Rect: pos = array([  5.67210443, 141.24512555])
21.1229 	EXP 	unnamed Rect: pos = array([  5.67210443, 141.24512555])
21.1392 	EXP 	unnamed Rect: pos = array([  5.67210443, 141.24512555])
21.1563 	EXP 	unnamed Rect: pos = array([  5.67210443, 141.24512555])
21.1572 	DATA 	Keypress: left
21.1734 	EXP 	unnamed Rect: pos = array([ -4.32789557, 141.24512555])
21.1894 	EXP 	unnamed Rect: pos = array([ -4.32789557, 141.24512555])
21.2061 	EXP 	unnamed Rect: pos = array([ -4.32789557, 141.24512555])
21.2225 	EXP 	unnamed Rect: pos = array([ -4.32789557, 141.24512555])
21.2402 	EXP 	unnamed Rect: pos = array([ -4.32789557, 141.24512555])
21.2562 	EXP 	unnamed Rect: pos = array([ -4.32789557, 141.24512555])
21.2726 	EXP 	unnamed Rect: pos = array([ -4.32789557, 141.24512555])
21.2892 	EXP 	unnamed Rect: pos = array([ -4.32789557, 141.24512555])
21.3059 	EXP 	unnamed Rect: pos = array([ -4.32789557, 141.24512555])
21.3225 	EXP 	unnamed Rect: pos = array([ -4.32789557, 141.24512555])
21.3392 	EXP 	unnamed Rect: pos = array([ -4.32789557, 141.24512555])
21.3569 	EXP 	unnamed Rect: pos = array([ -4.32789557, 141.24512555])
21.3578 	DATA 	Keypress: left
21.3726 	EXP 	unnamed Rect: pos = array([-14.32789557, 141.24512555])
21.3897 	EXP 	unnamed Rect: pos = array([-14.32789557, 141.24512555])
21.4067 	EXP 	unnamed Rect: pos = array([-14.32789557, 141.24512555])
21.4238 	EXP 	unnamed Rect: pos = array([-14.32789557, 141.24512555])
21.4395 	EXP 	unnamed Rect: pos = array([-14.32789557, 141.24512555])
21.4559 	EXP 	unnamed Rect: pos = array([-14.32789557, 141.24512555])
21.4730 	EXP 	unnamed Rect: pos = array([-14.32789557, 141.24512555])
21.4893 	EXP 	unnamed Rect: pos = array([-14.32789557, 141.24512555])
21.5068 	EXP 	unnamed Rect: pos = array([-14.32789557, 141.24512555])
21.5077 	DATA 	Keypress: left
21.5234 	EXP 	unnamed Rect: pos = array([-24.32789557, 141.24512555])
21.5394 	EXP 	unnamed Rect: pos = array([-24.32789557, 141.24512555])
21.5562 	EXP 	unnamed Rect: pos = array([-24.32789557, 141.24512555])
21.5728 	EXP 	unnamed Rect: pos = array([-24.32789557, 141.24512555])
21.5898 	EXP 	unnamed Rect: pos = array([-24.32789557, 141.24512555])
21.6069 	EXP 	unnamed Rect: pos = array([-24.32789557, 141.24512555])
21.6225 	EXP 	unnamed Rect: pos = array([-24.32789557, 141.24512555])
21.6395 	EXP 	unnamed Rect: pos = array([-24.32789557, 141.24512555])
21.6404 	DATA 	Keypress: down
21.6567 	EXP 	unnamed Rect: pos = array([-24.32789557, 131.24512555])
21.6734 	EXP 	unnamed Rect: pos = array([-24.32789557, 131.24512555])
21.6892 	EXP 	unnamed Rect: pos = array([-24.32789557, 131.24512555])
21.7062 	EXP 	unnamed Rect: pos = array([-24.32789557, 131.24512555])
21.7227 	EXP 	unnamed Rect: pos = array([-24.32789557, 131.24512555])
21.7438 	EXP 	unnamed Rect: pos = array([-24.32789557, 131.24512555])
21.7556 	EXP 	unnamed Rect: pos = array([-24.32789557, 131.24512555])
21.7731 	EXP 	unnamed Rect: pos = array([-24.32789557, 131.24512555])
21.7893 	EXP 	unnamed Rect: pos = array([-24.32789557, 131.24512555])
21.8060 	EXP 	unnamed Rect: pos = array([-24.32789557, 131.24512555])
21.8227 	EXP 	unnamed Rect: pos = array([-24.32789557, 131.24512555])
21.8392 	EXP 	unnamed Rect: pos = array([-24.32789557, 131.24512555])
21.8428 	DATA 	Keypress: down
21.8569 	EXP 	unnamed Rect: pos = array([-24.32789557, 131.24512555])
21.8726 	EXP 	unnamed Rect: pos = array([-24.32789557, 121.24512555])
21.8893 	EXP 	unnamed Rect: pos = array([-24.32789557, 121.24512555])
21.9062 	EXP 	unnamed Rect: pos = array([-24.32789557, 121.24512555])
21.9234 	EXP 	unnamed Rect: pos = array([-24.32789557, 121.24512555])
21.9401 	EXP 	unnamed Rect: pos = array([-24.32789557, 121.24512555])
21.9562 	EXP 	unnamed Rect: pos = array([-24.32789557, 121.24512555])
21.9729 	EXP 	unnamed Rect: pos = array([-24.32789557, 121.24512555])
21.9896 	EXP 	unnamed Rect: pos = array([-24.32789557, 121.24512555])
22.0066 	EXP 	unnamed Rect: pos = array([-24.32789557, 121.24512555])
22.0075 	DATA 	Keypress: down
22.0227 	EXP 	unnamed Rect: pos = array([-24.32789557, 111.24512555])
22.0392 	EXP 	unnamed Rect: pos = array([-24.32789557, 111.24512555])
22.0560 	EXP 	unnamed Rect: pos = array([-24.32789557, 111.24512555])
22.0729 	EXP 	unnamed Rect: pos = array([-24.32789557, 111.24512555])
22.0901 	EXP 	unnamed Rect: pos = array([-24.32789557, 111.24512555])
22.1060 	EXP 	unnamed Rect: pos = array([-24.32789557, 111.24512555])
22.1225 	EXP 	unnamed Rect: pos = array([-24.32789557, 111.24512555])
22.1392 	EXP 	unnamed Rect: pos = array([-24.32789557, 111.24512555])
22.1564 	EXP 	unnamed Rect: pos = array([-24.32789557, 111.24512555])
22.1728 	EXP 	unnamed Rect: pos = array([-24.32789557, 111.24512555])
22.1897 	EXP 	unnamed Rect: pos = array([-24.32789557, 111.24512555])
22.2070 	EXP 	unnamed Rect: pos = array([-24.32789557, 111.24512555])
22.2238 	EXP 	unnamed Rect: pos = array([-24.32789557, 111.24512555])
22.2395 	EXP 	unnamed Rect: pos = array([-24.32789557, 111.24512555])
22.2561 	EXP 	unnamed Rect: pos = array([-24.32789557, 111.24512555])
22.2728 	EXP 	unnamed Rect: pos = array([-24.32789557, 111.24512555])
22.2894 	EXP 	unnamed Rect: pos = array([-24.32789557, 111.24512555])
22.3067 	EXP 	unnamed Rect: pos = array([-24.32789557, 111.24512555])
22.3076 	DATA 	Keypress: left
22.3229 	EXP 	unnamed Rect: pos = array([-34.32789557, 111.24512555])
22.3392 	EXP 	unnamed Rect: pos = array([-34.32789557, 111.24512555])
22.3564 	EXP 	unnamed Rect: pos = array([-34.32789557, 111.24512555])
22.3727 	EXP 	unnamed Rect: pos = array([-34.32789557, 111.24512555])
22.3901 	EXP 	unnamed Rect: pos = array([-34.32789557, 111.24512555])
22.4069 	EXP 	unnamed Rect: pos = array([-34.32789557, 111.24512555])
22.4236 	EXP 	unnamed Rect: pos = array([-34.32789557, 111.24512555])
22.4394 	EXP 	unnamed Rect: pos = array([-34.32789557, 111.24512555])
22.4560 	EXP 	unnamed Rect: pos = array([-34.32789557, 111.24512555])
22.4726 	EXP 	unnamed Rect: pos = array([-34.32789557, 111.24512555])
22.4896 	EXP 	unnamed Rect: pos = array([-34.32789557, 111.24512555])
22.4905 	DATA 	Keypress: left
22.5068 	EXP 	unnamed Rect: pos = array([-44.32789557, 111.24512555])
22.5227 	EXP 	unnamed Rect: pos = array([-44.32789557, 111.24512555])
22.5402 	EXP 	unnamed Rect: pos = array([-44.32789557, 111.24512555])
22.5558 	EXP 	unnamed Rect: pos = array([-44.32789557, 111.24512555])
22.5726 	EXP 	unnamed Rect: pos = array([-44.32789557, 111.24512555])
22.5892 	EXP 	unnamed Rect: pos = array([-44.32789557, 111.24512555])
22.6066 	EXP 	unnamed Rect: pos = array([-44.32789557, 111.24512555])
22.6226 	EXP 	unnamed Rect: pos = array([-44.32789557, 111.24512555])
22.6398 	EXP 	unnamed Rect: pos = array([-44.32789557, 111.24512555])
22.6559 	EXP 	unnamed Rect: pos = array([-44.32789557, 111.24512555])
22.6732 	EXP 	unnamed Rect: pos = array([-44.32789557, 111.24512555])
22.6894 	EXP 	unnamed Rect: pos = array([-44.32789557, 111.24512555])
22.7059 	EXP 	unnamed Rect: pos = array([-44.32789557, 111.24512555])
22.7226 	EXP 	unnamed Rect: pos = array([-44.32789557, 111.24512555])
22.7395 	EXP 	unnamed Rect: pos = array([-44.32789557, 111.24512555])
22.7561 	EXP 	unnamed Rect: pos = array([-44.32789557, 111.24512555])
22.7728 	EXP 	unnamed Rect: pos = array([-44.32789557, 111.24512555])
22.7894 	EXP 	unnamed Rect: pos = array([-44.32789557, 111.24512555])
22.8062 	EXP 	unnamed Rect: pos = array([-44.32789557, 111.24512555])
22.8073 	DATA 	Keypress: left
22.8231 	EXP 	unnamed Rect: pos = array([-54.32789557, 111.24512555])
22.8393 	EXP 	unnamed Rect: pos = array([-54.32789557, 111.24512555])
22.8560 	EXP 	unnamed Rect: pos = array([-54.32789557, 111.24512555])
22.8733 	EXP 	unnamed Rect: pos = array([-54.32789557, 111.24512555])
22.8893 	EXP 	unnamed Rect: pos = array([-54.32789557, 111.24512555])
22.9059 	EXP 	unnamed Rect: pos = array([-54.32789557, 111.24512555])
22.9226 	EXP 	unnamed Rect: pos = array([-54.32789557, 111.24512555])
22.9393 	EXP 	unnamed Rect: pos = array([-54.32789557, 111.24512555])
22.9560 	EXP 	unnamed Rect: pos = array([-54.32789557, 111.24512555])
22.9725 	EXP 	unnamed Rect: pos = array([-54.32789557, 111.24512555])
22.9895 	EXP 	unnamed Rect: pos = array([-54.32789557, 111.24512555])
22.9906 	DATA 	Keypress: left
23.0062 	EXP 	unnamed Rect: pos = array([-64.32789557, 111.24512555])
23.0226 	EXP 	unnamed Rect: pos = array([-64.32789557, 111.24512555])
23.0395 	EXP 	unnamed Rect: pos = array([-64.32789557, 111.24512555])
23.0561 	EXP 	unnamed Rect: pos = array([-64.32789557, 111.24512555])
23.0735 	EXP 	unnamed Rect: pos = array([-64.32789557, 111.24512555])
23.0895 	EXP 	unnamed Rect: pos = array([-64.32789557, 111.24512555])
23.1059 	EXP 	unnamed Rect: pos = array([-64.32789557, 111.24512555])
23.1226 	EXP 	unnamed Rect: pos = array([-64.32789557, 111.24512555])
23.1393 	EXP 	unnamed Rect: pos = array([-64.32789557, 111.24512555])
23.1558 	EXP 	unnamed Rect: pos = array([-64.32789557, 111.24512555])
23.1726 	EXP 	unnamed Rect: pos = array([-64.32789557, 111.24512555])
23.1897 	EXP 	unnamed Rect: pos = array([-64.32789557, 111.24512555])
23.1907 	DATA 	Keypress: left
23.2065 	EXP 	unnamed Rect: pos = array([-74.32789557, 111.24512555])
23.2226 	EXP 	unnamed Rect: pos = array([-74.32789557, 111.24512555])
23.2394 	EXP 	unnamed Rect: pos = array([-74.32789557, 111.24512555])
23.2568 	EXP 	unnamed Rect: pos = array([-74.32789557, 111.24512555])
23.2725 	EXP 	unnamed Rect: pos = array([-74.32789557, 111.24512555])
23.2895 	EXP 	unnamed Rect: pos = array([-74.32789557, 111.24512555])
23.3064 	EXP 	unnamed Rect: pos = array([-74.32789557, 111.24512555])
23.3228 	EXP 	unnamed Rect: pos = array([-74.32789557, 111.24512555])
23.3392 	EXP 	unnamed Rect: pos = array([-74.32789557, 111.24512555])
23.3560 	EXP 	unnamed Rect: pos = array([-74.32789557, 111.24512555])
23.3728 	EXP 	unnamed Rect: pos = array([-74.32789557, 111.24512555])
23.3773 	DATA 	Keypress: left
23.3897 	EXP 	unnamed Rect: pos = array([-74.32789557, 111.24512555])
23.4063 	EXP 	unnamed Rect: pos = array([-84.32789557, 111.24512555])
23.4229 	EXP 	unnamed Rect: pos = array([-84.32789557, 111.24512555])
23.4394 	EXP 	unnamed Rect: pos = array([-84.32789557, 111.24512555])
23.4561 	EXP 	unnamed Rect: pos = array([-84.32789557, 111.24512555])
23.4736 	EXP 	unnamed Rect: pos = array([-84.32789557, 111.24512555])
23.4892 	EXP 	unnamed Rect: pos = array([-84.32789557, 111.24512555])
23.5059 	EXP 	unnamed Rect: pos = array([-84.32789557, 111.24512555])
23.5225 	EXP 	unnamed Rect: pos = array([-84.32789557, 111.24512555])
23.5392 	EXP 	unnamed Rect: pos = array([-84.32789557, 111.24512555])
23.5559 	EXP 	unnamed Rect: pos = array([-84.32789557, 111.24512555])
23.5728 	EXP 	unnamed Rect: pos = array([-84.32789557, 111.24512555])
23.5892 	EXP 	unnamed Rect: pos = array([-84.32789557, 111.24512555])
23.6065 	EXP 	unnamed Rect: pos = array([-84.32789557, 111.24512555])
23.6226 	EXP 	unnamed Rect: pos = array([-84.32789557, 111.24512555])
23.6394 	EXP 	unnamed Rect: pos = array([-84.32789557, 111.24512555])
23.6559 	EXP 	unnamed Rect: pos = array([-84.32789557, 111.24512555])
23.6734 	EXP 	unnamed Rect: pos = array([-84.32789557, 111.24512555])
23.6894 	EXP 	unnamed Rect: pos = array([-84.32789557, 111.24512555])
23.7061 	EXP 	unnamed Rect: pos = array([-84.32789557, 111.24512555])
23.7226 	EXP 	unnamed Rect: pos = array([-84.32789557, 111.24512555])
23.7394 	EXP 	unnamed Rect: pos = array([-84.32789557, 111.24512555])
23.7559 	EXP 	unnamed Rect: pos = array([-84.32789557, 111.24512555])
23.7726 	EXP 	unnamed Rect: pos = array([-84.32789557, 111.24512555])
23.7893 	EXP 	unnamed Rect: pos = array([-84.32789557, 111.24512555])
23.7939 	DATA 	Keypress: down
23.8067 	EXP 	unnamed Rect: pos = array([-84.32789557, 111.24512555])
23.8226 	EXP 	unnamed Rect: pos = array([-84.32789557, 101.24512555])
23.8395 	EXP 	unnamed Rect: pos = array([-84.32789557, 101.24512555])
23.8561 	EXP 	unnamed Rect: pos = array([-84.32789557, 101.24512555])
23.8734 	EXP 	unnamed Rect: pos = array([-84.32789557, 101.24512555])
23.8903 	EXP 	unnamed Rect: pos = array([-84.32789557, 101.24512555])
23.9060 	EXP 	unnamed Rect: pos = array([-84.32789557, 101.24512555])
23.9226 	EXP 	unnamed Rect: pos = array([-84.32789557, 101.24512555])
23.9392 	EXP 	unnamed Rect: pos = array([-84.32789557, 101.24512555])
23.9560 	EXP 	unnamed Rect: pos = array([-84.32789557, 101.24512555])
23.9731 	EXP 	unnamed Rect: pos = array([-84.32789557, 101.24512555])
23.9740 	DATA 	Keypress: left
23.9898 	EXP 	unnamed Rect: pos = array([-94.32789557, 101.24512555])
24.0060 	EXP 	unnamed Rect: pos = array([-94.32789557, 101.24512555])
24.0227 	EXP 	unnamed Rect: pos = array([-94.32789557, 101.24512555])
24.0393 	EXP 	unnamed Rect: pos = array([-94.32789557, 101.24512555])
24.0559 	EXP 	unnamed Rect: pos = array([-94.32789557, 101.24512555])
24.0730 	EXP 	unnamed Rect: pos = array([-94.32789557, 101.24512555])
24.0894 	EXP 	unnamed Rect: pos = array([-94.32789557, 101.24512555])
24.1061 	EXP 	unnamed Rect: pos = array([-94.32789557, 101.24512555])
24.1227 	EXP 	unnamed Rect: pos = array([-94.32789557, 101.24512555])
24.1395 	EXP 	unnamed Rect: pos = array([-94.32789557, 101.24512555])
24.1559 	EXP 	unnamed Rect: pos = array([-94.32789557, 101.24512555])
24.1728 	EXP 	unnamed Rect: pos = array([-94.32789557, 101.24512555])
24.1737 	DATA 	Keypress: down
24.1895 	EXP 	unnamed Rect: pos = array([-94.32789557,  91.24512555])
24.2063 	EXP 	unnamed Rect: pos = array([-94.32789557,  91.24512555])
24.2230 	EXP 	unnamed Rect: pos = array([-94.32789557,  91.24512555])
24.2395 	EXP 	unnamed Rect: pos = array([-94.32789557,  91.24512555])
24.2558 	EXP 	unnamed Rect: pos = array([-94.32789557,  91.24512555])
24.2734 	EXP 	unnamed Rect: pos = array([-94.32789557,  91.24512555])
24.2900 	EXP 	unnamed Rect: pos = array([-94.32789557,  91.24512555])
24.3061 	EXP 	unnamed Rect: pos = array([-94.32789557,  91.24512555])
24.3227 	EXP 	unnamed Rect: pos = array([-94.32789557,  91.24512555])
24.3392 	EXP 	unnamed Rect: pos = array([-94.32789557,  91.24512555])
24.3563 	EXP 	unnamed Rect: pos = array([-94.32789557,  91.24512555])
24.3728 	EXP 	unnamed Rect: pos = array([-94.32789557,  91.24512555])
24.3892 	EXP 	unnamed Rect: pos = array([-94.32789557,  91.24512555])
24.4063 	EXP 	unnamed Rect: pos = array([-94.32789557,  91.24512555])
24.4234 	EXP 	unnamed Rect: pos = array([-94.32789557,  91.24512555])
24.4397 	EXP 	unnamed Rect: pos = array([-94.32789557,  91.24512555])
24.4559 	EXP 	unnamed Rect: pos = array([-94.32789557,  91.24512555])
24.4725 	EXP 	unnamed Rect: pos = array([-94.32789557,  91.24512555])
24.4893 	EXP 	unnamed Rect: pos = array([-94.32789557,  91.24512555])
24.5059 	EXP 	unnamed Rect: pos = array([-94.32789557,  91.24512555])
24.5225 	EXP 	unnamed Rect: pos = array([-94.32789557,  91.24512555])
24.5392 	EXP 	unnamed Rect: pos = array([-94.32789557,  91.24512555])
24.5563 	EXP 	unnamed Rect: pos = array([-94.32789557,  91.24512555])
24.5575 	DATA 	Keypress: down
24.5735 	EXP 	unnamed Rect: pos = array([-94.32789557,  81.24512555])
24.5890 	EXP 	unnamed Rect: pos = array([-94.32789557,  81.24512555])
24.6067 	EXP 	unnamed Rect: pos = array([-94.32789557,  81.24512555])
24.6233 	EXP 	unnamed Rect: pos = array([-94.32789557,  81.24512555])
24.6395 	EXP 	unnamed Rect: pos = array([-94.32789557,  81.24512555])
24.6574 	EXP 	unnamed Rect: pos = array([-94.32789557,  81.24512555])
24.6736 	EXP 	unnamed Rect: pos = array([-94.32789557,  81.24512555])
24.6894 	EXP 	unnamed Rect: pos = array([-94.32789557,  81.24512555])
24.7059 	EXP 	unnamed Rect: pos = array([-94.32789557,  81.24512555])
24.7227 	EXP 	unnamed Rect: pos = array([-94.32789557,  81.24512555])
24.7394 	EXP 	unnamed Rect: pos = array([-94.32789557,  81.24512555])
24.7570 	EXP 	unnamed Rect: pos = array([-94.32789557,  81.24512555])
24.7578 	DATA 	Keypress: down
24.7726 	EXP 	unnamed Rect: pos = array([-94.32789557,  71.24512555])
24.7892 	EXP 	unnamed Rect: pos = array([-94.32789557,  71.24512555])
24.8060 	EXP 	unnamed Rect: pos = array([-94.32789557,  71.24512555])
24.8235 	EXP 	unnamed Rect: pos = array([-94.32789557,  71.24512555])
24.8393 	EXP 	unnamed Rect: pos = array([-94.32789557,  71.24512555])
24.8562 	EXP 	unnamed Rect: pos = array([-94.32789557,  71.24512555])
24.8725 	EXP 	unnamed Rect: pos = array([-94.32789557,  71.24512555])
24.8892 	EXP 	unnamed Rect: pos = array([-94.32789557,  71.24512555])
24.9061 	EXP 	unnamed Rect: pos = array([-94.32789557,  71.24512555])
24.9226 	EXP 	unnamed Rect: pos = array([-94.32789557,  71.24512555])
24.9402 	EXP 	unnamed Rect: pos = array([-94.32789557,  71.24512555])
24.9411 	DATA 	Keypress: down
24.9561 	EXP 	unnamed Rect: pos = array([-94.32789557,  61.24512555])
24.9725 	EXP 	unnamed Rect: pos = array([-94.32789557,  61.24512555])
24.9892 	EXP 	unnamed Rect: pos = array([-94.32789557,  61.24512555])
25.0071 	EXP 	unnamed Rect: pos = array([-94.32789557,  61.24512555])
25.0226 	EXP 	unnamed Rect: pos = array([-94.32789557,  61.24512555])
25.0393 	EXP 	unnamed Rect: pos = array([-94.32789557,  61.24512555])
25.0571 	EXP 	unnamed Rect: pos = array([-94.32789557,  61.24512555])
25.0729 	EXP 	unnamed Rect: pos = array([-94.32789557,  61.24512555])
25.0894 	EXP 	unnamed Rect: pos = array([-94.32789557,  61.24512555])
25.1059 	EXP 	unnamed Rect: pos = array([-94.32789557,  61.24512555])
25.1227 	EXP 	unnamed Rect: pos = array([-94.32789557,  61.24512555])
25.1395 	EXP 	unnamed Rect: pos = array([-94.32789557,  61.24512555])
25.1405 	DATA 	Keypress: down
25.1561 	EXP 	unnamed Rect: pos = array([-94.32789557,  51.24512555])
25.1725 	EXP 	unnamed Rect: pos = array([-94.32789557,  51.24512555])
25.1899 	EXP 	unnamed Rect: pos = array([-94.32789557,  51.24512555])
25.2067 	EXP 	unnamed Rect: pos = array([-94.32789557,  51.24512555])
25.2226 	EXP 	unnamed Rect: pos = array([-94.32789557,  51.24512555])
25.2393 	EXP 	unnamed Rect: pos = array([-94.32789557,  51.24512555])
25.2559 	EXP 	unnamed Rect: pos = array([-94.32789557,  51.24512555])
25.2729 	EXP 	unnamed Rect: pos = array([-94.32789557,  51.24512555])
25.2897 	EXP 	unnamed Rect: pos = array([-94.32789557,  51.24512555])
25.3062 	EXP 	unnamed Rect: pos = array([-94.32789557,  51.24512555])
25.3235 	EXP 	unnamed Rect: pos = array([-94.32789557,  51.24512555])
25.3275 	DATA 	Keypress: down
25.3402 	EXP 	unnamed Rect: pos = array([-94.32789557,  51.24512555])
25.3559 	EXP 	unnamed Rect: pos = array([-94.32789557,  41.24512555])
25.3725 	EXP 	unnamed Rect: pos = array([-94.32789557,  41.24512555])
25.3902 	EXP 	unnamed Rect: pos = array([-94.32789557,  41.24512555])
25.4062 	EXP 	unnamed Rect: pos = array([-94.32789557,  41.24512555])
25.4231 	EXP 	unnamed Rect: pos = array([-94.32789557,  41.24512555])
25.4394 	EXP 	unnamed Rect: pos = array([-94.32789557,  41.24512555])
25.4560 	EXP 	unnamed Rect: pos = array([-94.32789557,  41.24512555])
25.4727 	EXP 	unnamed Rect: pos = array([-94.32789557,  41.24512555])
25.4892 	EXP 	unnamed Rect: pos = array([-94.32789557,  41.24512555])
25.5060 	EXP 	unnamed Rect: pos = array([-94.32789557,  41.24512555])
25.5103 	DATA 	Keypress: down
25.5236 	EXP 	unnamed Rect: pos = array([-94.32789557,  41.24512555])
25.5402 	EXP 	unnamed Rect: pos = array([-94.32789557,  31.24512555])
25.5565 	EXP 	unnamed Rect: pos = array([-94.32789557,  31.24512555])
25.5728 	EXP 	unnamed Rect: pos = array([-94.32789557,  31.24512555])
25.5901 	EXP 	unnamed Rect: pos = array([-94.32789557,  31.24512555])
25.6065 	EXP 	unnamed Rect: pos = array([-94.32789557,  31.24512555])
25.6226 	EXP 	unnamed Rect: pos = array([-94.32789557,  31.24512555])
25.6391 	EXP 	unnamed Rect: pos = array([-94.32789557,  31.24512555])
25.6559 	EXP 	unnamed Rect: pos = array([-94.32789557,  31.24512555])
25.6726 	EXP 	unnamed Rect: pos = array([-94.32789557,  31.24512555])
25.6892 	EXP 	unnamed Rect: pos = array([-94.32789557,  31.24512555])
25.7059 	EXP 	unnamed Rect: pos = array([-94.32789557,  31.24512555])
25.7101 	DATA 	Keypress: down
25.7236 	EXP 	unnamed Rect: pos = array([-94.32789557,  31.24512555])
25.7392 	EXP 	unnamed Rect: pos = array([-94.32789557,  21.24512555])
25.7561 	EXP 	unnamed Rect: pos = array([-94.32789557,  21.24512555])
25.7733 	EXP 	unnamed Rect: pos = array([-94.32789557,  21.24512555])
25.7893 	EXP 	unnamed Rect: pos = array([-94.32789557,  21.24512555])
25.8060 	EXP 	unnamed Rect: pos = array([-94.32789557,  21.24512555])
25.8225 	EXP 	unnamed Rect: pos = array([-94.32789557,  21.24512555])
25.8394 	EXP 	unnamed Rect: pos = array([-94.32789557,  21.24512555])
25.8562 	EXP 	unnamed Rect: pos = array([-94.32789557,  21.24512555])
25.8725 	EXP 	unnamed Rect: pos = array([-94.32789557,  21.24512555])
25.8900 	EXP 	unnamed Rect: pos = array([-94.32789557,  21.24512555])
25.8909 	DATA 	Keypress: down
25.9069 	EXP 	unnamed Rect: pos = array([-94.32789557,  11.24512555])
25.9226 	EXP 	unnamed Rect: pos = array([-94.32789557,  11.24512555])
25.9395 	EXP 	unnamed Rect: pos = array([-94.32789557,  11.24512555])
25.9564 	EXP 	unnamed Rect: pos = array([-94.32789557,  11.24512555])
25.9725 	EXP 	unnamed Rect: pos = array([-94.32789557,  11.24512555])
25.9892 	EXP 	unnamed Rect: pos = array([-94.32789557,  11.24512555])
26.0059 	EXP 	unnamed Rect: pos = array([-94.32789557,  11.24512555])
26.0226 	EXP 	unnamed Rect: pos = array([-94.32789557,  11.24512555])
26.0392 	EXP 	unnamed Rect: pos = array([-94.32789557,  11.24512555])
26.0560 	EXP 	unnamed Rect: pos = array([-94.32789557,  11.24512555])
26.0726 	EXP 	unnamed Rect: pos = array([-94.32789557,  11.24512555])
26.0895 	EXP 	unnamed Rect: pos = array([-94.32789557,  11.24512555])
26.0905 	DATA 	Keypress: down
26.1060 	EXP 	unnamed Rect: pos = array([-94.32789557,   1.24512555])
26.1225 	EXP 	unnamed Rect: pos = array([-94.32789557,   1.24512555])
26.1392 	EXP 	unnamed Rect: pos = array([-94.32789557,   1.24512555])
26.1569 	EXP 	unnamed Rect: pos = array([-94.32789557,   1.24512555])
26.1730 	EXP 	unnamed Rect: pos = array([-94.32789557,   1.24512555])
26.1894 	EXP 	unnamed Rect: pos = array([-94.32789557,   1.24512555])
26.2060 	EXP 	unnamed Rect: pos = array([-94.32789557,   1.24512555])
26.2226 	EXP 	unnamed Rect: pos = array([-94.32789557,   1.24512555])
26.2392 	EXP 	unnamed Rect: pos = array([-94.32789557,   1.24512555])
26.2559 	EXP 	unnamed Rect: pos = array([-94.32789557,   1.24512555])
26.2736 	EXP 	unnamed Rect: pos = array([-94.32789557,   1.24512555])
26.2745 	DATA 	Keypress: down
26.2891 	EXP 	unnamed Rect: pos = array([-94.32789557,  -8.75487445])
26.3059 	EXP 	unnamed Rect: pos = array([-94.32789557,  -8.75487445])
26.3225 	EXP 	unnamed Rect: pos = array([-94.32789557,  -8.75487445])
26.3402 	EXP 	unnamed Rect: pos = array([-94.32789557,  -8.75487445])
26.3561 	EXP 	unnamed Rect: pos = array([-94.32789557,  -8.75487445])
26.3726 	EXP 	unnamed Rect: pos = array([-94.32789557,  -8.75487445])
26.3895 	EXP 	unnamed Rect: pos = array([-94.32789557,  -8.75487445])
26.4063 	EXP 	unnamed Rect: pos = array([-94.32789557,  -8.75487445])
26.4229 	EXP 	unnamed Rect: pos = array([-94.32789557,  -8.75487445])
26.4391 	EXP 	unnamed Rect: pos = array([-94.32789557,  -8.75487445])
26.4558 	EXP 	unnamed Rect: pos = array([-94.32789557,  -8.75487445])
26.4735 	EXP 	unnamed Rect: pos = array([-94.32789557,  -8.75487445])
26.4745 	DATA 	Keypress: down
26.4897 	EXP 	unnamed Rect: pos = array([-94.32789557, -18.75487445])
26.5067 	EXP 	unnamed Rect: pos = array([-94.32789557, -18.75487445])
26.5236 	EXP 	unnamed Rect: pos = array([-94.32789557, -18.75487445])
26.5394 	EXP 	unnamed Rect: pos = array([-94.32789557, -18.75487445])
26.5562 	EXP 	unnamed Rect: pos = array([-94.32789557, -18.75487445])
26.5726 	EXP 	unnamed Rect: pos = array([-94.32789557, -18.75487445])
26.5893 	EXP 	unnamed Rect: pos = array([-94.32789557, -18.75487445])
26.6070 	EXP 	unnamed Rect: pos = array([-94.32789557, -18.75487445])
26.6226 	EXP 	unnamed Rect: pos = array([-94.32789557, -18.75487445])
26.6392 	EXP 	unnamed Rect: pos = array([-94.32789557, -18.75487445])
26.6560 	EXP 	unnamed Rect: pos = array([-94.32789557, -18.75487445])
26.6729 	EXP 	unnamed Rect: pos = array([-94.32789557, -18.75487445])
26.6892 	EXP 	unnamed Rect: pos = array([-94.32789557, -18.75487445])
26.7060 	EXP 	unnamed Rect: pos = array([-94.32789557, -18.75487445])
26.7228 	EXP 	unnamed Rect: pos = array([-94.32789557, -18.75487445])
26.7395 	EXP 	unnamed Rect: pos = array([-94.32789557, -18.75487445])
26.7559 	EXP 	unnamed Rect: pos = array([-94.32789557, -18.75487445])
26.7726 	EXP 	unnamed Rect: pos = array([-94.32789557, -18.75487445])
26.7892 	EXP 	unnamed Rect: pos = array([-94.32789557, -18.75487445])
26.8059 	EXP 	unnamed Rect: pos = array([-94.32789557, -18.75487445])
26.8227 	EXP 	unnamed Rect: pos = array([-94.32789557, -18.75487445])
26.8395 	EXP 	unnamed Rect: pos = array([-94.32789557, -18.75487445])
26.8405 	DATA 	Keypress: down
26.8570 	EXP 	unnamed Rect: pos = array([-94.32789557, -28.75487445])
26.8725 	EXP 	unnamed Rect: pos = array([-94.32789557, -28.75487445])
26.8894 	EXP 	unnamed Rect: pos = array([-94.32789557, -28.75487445])
26.9059 	EXP 	unnamed Rect: pos = array([-94.32789557, -28.75487445])
26.9240 	EXP 	unnamed Rect: pos = array([-94.32789557, -28.75487445])
26.9396 	EXP 	unnamed Rect: pos = array([-94.32789557, -28.75487445])
26.9562 	EXP 	unnamed Rect: pos = array([-94.32789557, -28.75487445])
26.9729 	EXP 	unnamed Rect: pos = array([-94.32789557, -28.75487445])
26.9896 	EXP 	unnamed Rect: pos = array([-94.32789557, -28.75487445])
27.0060 	EXP 	unnamed Rect: pos = array([-94.32789557, -28.75487445])
27.0229 	EXP 	unnamed Rect: pos = array([-94.32789557, -28.75487445])
27.0238 	DATA 	Keypress: down
27.0403 	EXP 	unnamed Rect: pos = array([-94.32789557, -38.75487445])
27.0560 	EXP 	unnamed Rect: pos = array([-94.32789557, -38.75487445])
27.0727 	EXP 	unnamed Rect: pos = array([-94.32789557, -38.75487445])
27.0896 	EXP 	unnamed Rect: pos = array([-94.32789557, -38.75487445])
27.1062 	EXP 	unnamed Rect: pos = array([-94.32789557, -38.75487445])
27.1225 	EXP 	unnamed Rect: pos = array([-94.32789557, -38.75487445])
27.1392 	EXP 	unnamed Rect: pos = array([-94.32789557, -38.75487445])
27.1559 	EXP 	unnamed Rect: pos = array([-94.32789557, -38.75487445])
27.1728 	EXP 	unnamed Rect: pos = array([-94.32789557, -38.75487445])
27.1773 	DATA 	Keypress: down
27.1902 	EXP 	unnamed Rect: pos = array([-94.32789557, -38.75487445])
27.2060 	EXP 	unnamed Rect: pos = array([-94.32789557, -48.75487445])
27.2226 	EXP 	unnamed Rect: pos = array([-94.32789557, -48.75487445])
27.2399 	EXP 	unnamed Rect: pos = array([-94.32789557, -48.75487445])
27.2560 	EXP 	unnamed Rect: pos = array([-94.32789557, -48.75487445])
27.2735 	EXP 	unnamed Rect: pos = array([-94.32789557, -48.75487445])
27.2892 	EXP 	unnamed Rect: pos = array([-94.32789557, -48.75487445])
27.3060 	EXP 	unnamed Rect: pos = array([-94.32789557, -48.75487445])
27.3226 	EXP 	unnamed Rect: pos = array([-94.32789557, -48.75487445])
27.3396 	EXP 	unnamed Rect: pos = array([-94.32789557, -48.75487445])
27.3562 	EXP 	unnamed Rect: pos = array([-94.32789557, -48.75487445])
27.3571 	DATA 	Keypress: down
27.3736 	EXP 	unnamed Rect: pos = array([-94.32789557, -58.75487445])
27.3895 	EXP 	unnamed Rect: pos = array([-94.32789557, -58.75487445])
27.4061 	EXP 	unnamed Rect: pos = array([-94.32789557, -58.75487445])
27.4228 	EXP 	unnamed Rect: pos = array([-94.32789557, -58.75487445])
27.4396 	EXP 	unnamed Rect: pos = array([-94.32789557, -58.75487445])
27.4569 	EXP 	unnamed Rect: pos = array([-94.32789557, -58.75487445])
27.4730 	EXP 	unnamed Rect: pos = array([-94.32789557, -58.75487445])
27.4891 	EXP 	unnamed Rect: pos = array([-94.32789557, -58.75487445])
27.5059 	EXP 	unnamed Rect: pos = array([-94.32789557, -58.75487445])
27.5225 	EXP 	unnamed Rect: pos = array([-94.32789557, -58.75487445])
27.5395 	EXP 	unnamed Rect: pos = array([-94.32789557, -58.75487445])
27.5561 	EXP 	unnamed Rect: pos = array([-94.32789557, -58.75487445])
27.5730 	EXP 	unnamed Rect: pos = array([-94.32789557, -58.75487445])
27.5739 	DATA 	Keypress: down
27.5895 	EXP 	unnamed Rect: pos = array([-94.32789557, -68.75487445])
27.6066 	EXP 	unnamed Rect: pos = array([-94.32789557, -68.75487445])
27.6228 	EXP 	unnamed Rect: pos = array([-94.32789557, -68.75487445])
27.6394 	EXP 	unnamed Rect: pos = array([-94.32789557, -68.75487445])
27.6559 	EXP 	unnamed Rect: pos = array([-94.32789557, -68.75487445])
27.6728 	EXP 	unnamed Rect: pos = array([-94.32789557, -68.75487445])
27.6896 	EXP 	unnamed Rect: pos = array([-94.32789557, -68.75487445])
27.7059 	EXP 	unnamed Rect: pos = array([-94.32789557, -68.75487445])
27.7229 	EXP 	unnamed Rect: pos = array([-94.32789557, -68.75487445])
27.7392 	EXP 	unnamed Rect: pos = array([-94.32789557, -68.75487445])
27.7559 	EXP 	unnamed Rect: pos = array([-94.32789557, -68.75487445])
27.7727 	EXP 	unnamed Rect: pos = array([-94.32789557, -68.75487445])
27.7895 	EXP 	unnamed Rect: pos = array([-94.32789557, -68.75487445])
27.7904 	DATA 	Keypress: down
27.8065 	EXP 	unnamed Rect: pos = array([-94.32789557, -78.75487445])
27.8235 	EXP 	unnamed Rect: pos = array([-94.32789557, -78.75487445])
27.8392 	EXP 	unnamed Rect: pos = array([-94.32789557, -78.75487445])
27.8560 	EXP 	unnamed Rect: pos = array([-94.32789557, -78.75487445])
27.8728 	EXP 	unnamed Rect: pos = array([-94.32789557, -78.75487445])
27.8892 	EXP 	unnamed Rect: pos = array([-94.32789557, -78.75487445])
27.9060 	EXP 	unnamed Rect: pos = array([-94.32789557, -78.75487445])
27.9225 	EXP 	unnamed Rect: pos = array([-94.32789557, -78.75487445])
27.9391 	EXP 	unnamed Rect: pos = array([-94.32789557, -78.75487445])
27.9560 	EXP 	unnamed Rect: pos = array([-94.32789557, -78.75487445])
27.9601 	DATA 	Keypress: down
27.9735 	EXP 	unnamed Rect: pos = array([-94.32789557, -78.75487445])
27.9892 	EXP 	unnamed Rect: pos = array([-94.32789557, -88.75487445])
28.0059 	EXP 	unnamed Rect: pos = array([-94.32789557, -88.75487445])
28.0228 	EXP 	unnamed Rect: pos = array([-94.32789557, -88.75487445])
28.0403 	EXP 	unnamed Rect: pos = array([-94.32789557, -88.75487445])
28.0559 	EXP 	unnamed Rect: pos = array([-94.32789557, -88.75487445])
28.0725 	EXP 	unnamed Rect: pos = array([-94.32789557, -88.75487445])
28.0891 	EXP 	unnamed Rect: pos = array([-94.32789557, -88.75487445])
28.1059 	EXP 	unnamed Rect: pos = array([-94.32789557, -88.75487445])
28.1225 	EXP 	unnamed Rect: pos = array([-94.32789557, -88.75487445])
28.1393 	EXP 	unnamed Rect: pos = array([-94.32789557, -88.75487445])
28.1571 	EXP 	unnamed Rect: pos = array([-94.32789557, -88.75487445])
28.1580 	DATA 	Keypress: down
28.1726 	EXP 	unnamed Rect: pos = array([-94.32789557, -98.75487445])
28.1893 	EXP 	unnamed Rect: pos = array([-94.32789557, -98.75487445])
28.2059 	EXP 	unnamed Rect: pos = array([-94.32789557, -98.75487445])
28.2231 	EXP 	unnamed Rect: pos = array([-94.32789557, -98.75487445])
28.2396 	EXP 	unnamed Rect: pos = array([-94.32789557, -98.75487445])
28.2564 	EXP 	unnamed Rect: pos = array([-94.32789557, -98.75487445])
28.2725 	EXP 	unnamed Rect: pos = array([-94.32789557, -98.75487445])
28.2891 	EXP 	unnamed Rect: pos = array([-94.32789557, -98.75487445])
28.3060 	EXP 	unnamed Rect: pos = array([-94.32789557, -98.75487445])
28.3225 	EXP 	unnamed Rect: pos = array([-94.32789557, -98.75487445])
28.3397 	EXP 	unnamed Rect: pos = array([-94.32789557, -98.75487445])
28.3406 	DATA 	Keypress: down
28.3567 	EXP 	unnamed Rect: pos = array([ -94.32789557, -108.75487445])
28.3726 	EXP 	unnamed Rect: pos = array([ -94.32789557, -108.75487445])
28.3905 	EXP 	unnamed Rect: pos = array([ -94.32789557, -108.75487445])
28.4060 	EXP 	unnamed Rect: pos = array([ -94.32789557, -108.75487445])
28.4228 	EXP 	unnamed Rect: pos = array([ -94.32789557, -108.75487445])
28.4402 	EXP 	unnamed Rect: pos = array([ -94.32789557, -108.75487445])
28.4560 	EXP 	unnamed Rect: pos = array([ -94.32789557, -108.75487445])
28.4728 	EXP 	unnamed Rect: pos = array([ -94.32789557, -108.75487445])
28.4892 	EXP 	unnamed Rect: pos = array([ -94.32789557, -108.75487445])
28.5062 	EXP 	unnamed Rect: pos = array([ -94.32789557, -108.75487445])
28.5231 	EXP 	unnamed Rect: pos = array([ -94.32789557, -108.75487445])
28.5242 	DATA 	Keypress: down
28.5395 	EXP 	unnamed Rect: pos = array([ -94.32789557, -118.75487445])
28.5560 	EXP 	unnamed Rect: pos = array([ -94.32789557, -118.75487445])
28.5725 	EXP 	unnamed Rect: pos = array([ -94.32789557, -118.75487445])
28.5892 	EXP 	unnamed Rect: pos = array([ -94.32789557, -118.75487445])
28.6065 	EXP 	unnamed Rect: pos = array([ -94.32789557, -118.75487445])
28.6227 	EXP 	unnamed Rect: pos = array([ -94.32789557, -118.75487445])
28.6393 	EXP 	unnamed Rect: pos = array([ -94.32789557, -118.75487445])
28.6560 	EXP 	unnamed Rect: pos = array([ -94.32789557, -118.75487445])
28.6725 	EXP 	unnamed Rect: pos = array([ -94.32789557, -118.75487445])
28.6893 	EXP 	unnamed Rect: pos = array([ -94.32789557, -118.75487445])
28.7060 	EXP 	text: autoDraw = True
28.7083 	DATA 	Keypress: down
28.9090 	DATA 	Keypress: down
29.0931 	DATA 	Keypress: down
30.3942 	DATA 	Keypress: escape
30.5689 	EXP 	window1: mouseVisible = True
