0.5933 	WARNING 	We strongly recommend you activate the PTB sound engine in PsychoPy prefs as the preferred audio engine. Its timing is vastly superior. Your prefs are currently set to use ['sounddevice', 'PTB', 'pyo', 'pygame'] (in that order).
5.8765 	ERROR 	'-1.0000, -1.0000, -1.0000' is not a valid rgb color
6.4612 	EXP 	Created window1 = Window(allowGUI=False, allowStencil=False, autoLog=True, backendConf=UNKNOWN, bitsMode=UNKNOWN, blendMode='avg', bpc=(8, 8, 8), color=array([0, 0, 0]), colorSpace='rgb', depthBits=8, fullscr=<method-wrapper '__getattribute__' of attributeSetter object at 0x7f930ad50a20>, gamma=None, gammaErrorPolicy='raise', lms=UNKNOWN, monitor=<psychopy.monitors.calibTools.Monitor object at 0x7f930ab404a8>, multiSample=False, name='window1', numSamples=2, pos=[360.0, 225.0], screen=0, size=array([2880, 1800]), stencilBits=0, stereo=False, units='height', useFBO=True, useRetina=True, viewOri=0.0, viewPos=None, viewScale=None, waitBlanking=True, winType='pyglet')
6.4615 	EXP 	window1: mouseVisible = True
6.4616 	EXP 	window1: recordFrameIntervals = False
6.6275 	EXP 	window1: recordFrameIntervals = True
6.8115 	EXP 	window1: recordFrameIntervals = False
7.4046 	DEPRECATION 	'1.0000, 1.0000, 1.0000' is not a valid rgb color
7.4326 	EXP 	Created Welcometext = TextStim(__class__=<class 'psychopy.visual.text.TextStim'>, alignHoriz=method-wrapper(...), alignText='center', alignVert=method-wrapper(...), anchorHoriz='center', anchorVert='center', antialias=True, autoLog=True, bold=False, color=array([0., 0., 0.]), colorSpace='rgb', contrast=1.0, depth=0.0, flipHoriz=False, flipVert=False, font='Open Sans', fontFiles=[], height=0.05, italic=False, languageStyle='LTR', name='Welcometext', opacity=0, ori=0.0, pos=array([0., 0.]), rgb=UNKNOWN, text='Welcome\nPlease press Spacebar to start', units='height', win=Window(...), wrapWidth=1)
7.7912 	EXP 	Created text = TextStim(__class__=<class 'psychopy.visual.text.TextStim'>, alignHoriz=method-wrapper(...), alignText='center', alignVert=method-wrapper(...), anchorHoriz='center', anchorVert='center', antialias=True, autoLog=True, bold=False, color=array([1., 1., 1.]), colorSpace='rgb', contrast=1.0, depth=0.0, flipHoriz=False, flipVert=False, font='Open Sans', fontFiles=[], height=0.05, italic=False, languageStyle='LTR', name='text', opacity=1, ori=0.0, pos=array([0., 0.]), rgb=UNKNOWN, text=str(...), units='height', win=Window(...), wrapWidth=1)
7.7917 	EXP 	Created sequence: random, trialTypes=1, nReps=5, seed=None
7.7919 	EXP 	New trial (rep=0, index=0): None
7.7977 	EXP 	Welcometext: autoDraw = True
11.0056 	EXP 	Created unnamed Rect = Rect(__class__=<class 'psychopy.visual.rect.Rect'>, autoDraw=False, autoLog=True, closeShape=True, color=method-wrapper(...), colorSpace='rgb', contrast=None, depth=0, fillColor=array([ 1, -1, -1]), fillColorSpace='rgb', fillRGB=array([ 1, -1, -1]), interpolate=True, lineColor=array([-1., -1.,  1.]), lineColorSpace='rgb', lineRGB=array([-1, -1,  1]), lineWidth=1.5, name='unnamed Rect', opacity=1, ori=0.0, pos=array([0., 0.]), size=array([1000.,  700.]), units='pix', vertices=ndarray(...), win=Window(...))
11.0078 	EXP 	Created unnamed Rect = Rect(__class__=<class 'psychopy.visual.rect.Rect'>, autoDraw=False, autoLog=True, closeShape=True, color=method-wrapper(...), colorSpace='rgb', contrast=None, depth=0, fillColor=array([-1, -1, -1]), fillColorSpace='rgb', fillRGB=array([-1, -1, -1]), interpolate=True, lineColor=array([-1., -1.,  1.]), lineColorSpace='rgb', lineRGB=array([-1, -1,  1]), lineWidth=1.5, name='unnamed Rect', opacity=1, ori=0.0, pos=array([0., 0.]), size=array([400., 600.]), units='pix', vertices=ndarray(...), win=Window(...))
11.0099 	EXP 	Created unnamed Rect = Rect(__class__=<class 'psychopy.visual.rect.Rect'>, autoDraw=False, autoLog=True, closeShape=True, color=method-wrapper(...), colorSpace='rgb', contrast=None, depth=0, fillColor=array([-1, -1, -1]), fillColorSpace='rgb', fillRGB=array([-1, -1, -1]), interpolate=True, lineColor=array([-1., -1.,  1.]), lineColorSpace='rgb', lineRGB=array([-1, -1,  1]), lineWidth=1.5, name='unnamed Rect', opacity=1, ori=0.0, pos=array([0., 0.]), size=array([400., 600.]), units='pix', vertices=ndarray(...), win=Window(...))
11.0128 	EXP 	Created unnamed Rect = Rect(__class__=<class 'psychopy.visual.rect.Rect'>, autoDraw=False, autoLog=True, closeShape=True, color=method-wrapper(...), colorSpace='rgb', contrast=None, depth=0, fillColor=array([ 1,  1, -1]), fillColorSpace='rgb', fillRGB=array([ 1,  1, -1]), interpolate=True, lineColor=array([0., 0., 0.]), lineColorSpace='rgb', lineRGB=array([0, 0, 0]), lineWidth=1.5, name='unnamed Rect', opacity=0.5, ori=0.0, pos=array([0., 0.]), size=array([30., 30.]), units='pix', vertices=ndarray(...), win=Window(...))
11.0157 	EXP 	Created unnamed Rect = Rect(__class__=<class 'psychopy.visual.rect.Rect'>, autoDraw=False, autoLog=True, closeShape=True, color=method-wrapper(...), colorSpace='rgb', contrast=None, depth=0, fillColor=array([ 1,  1, -1]), fillColorSpace='rgb', fillRGB=array([ 1,  1, -1]), interpolate=True, lineColor=array([0., 0., 0.]), lineColorSpace='rgb', lineRGB=array([0, 0, 0]), lineWidth=1.5, name='unnamed Rect', opacity=0.5, ori=0.0, pos=array([0., 0.]), size=array([30., 30.]), units='pix', vertices=ndarray(...), win=Window(...))
11.0181 	EXP 	Created unnamed Rect = Rect(__class__=<class 'psychopy.visual.rect.Rect'>, autoDraw=False, autoLog=True, closeShape=True, color=method-wrapper(...), colorSpace='rgb', contrast=None, depth=0, fillColor=array([ 1,  1, -1]), fillColorSpace='rgb', fillRGB=array([ 1,  1, -1]), interpolate=True, lineColor=array([0., 0., 0.]), lineColorSpace='rgb', lineRGB=array([0, 0, 0]), lineWidth=1.5, name='unnamed Rect', opacity=0.5, ori=0.0, pos=array([0., 0.]), size=array([30., 30.]), units='pix', vertices=ndarray(...), win=Window(...))
11.0204 	EXP 	Created unnamed Rect = Rect(__class__=<class 'psychopy.visual.rect.Rect'>, autoDraw=False, autoLog=True, closeShape=True, color=method-wrapper(...), colorSpace='rgb', contrast=None, depth=0, fillColor=array([ 1,  1, -1]), fillColorSpace='rgb', fillRGB=array([ 1,  1, -1]), interpolate=True, lineColor=array([0., 0., 0.]), lineColorSpace='rgb', lineRGB=array([0, 0, 0]), lineWidth=1.5, name='unnamed Rect', opacity=0.5, ori=0.0, pos=array([0., 0.]), size=array([30., 30.]), units='pix', vertices=ndarray(...), win=Window(...))
11.0228 	EXP 	Created unnamed Rect = Rect(__class__=<class 'psychopy.visual.rect.Rect'>, autoDraw=False, autoLog=True, closeShape=True, color=method-wrapper(...), colorSpace='rgb', contrast=None, depth=0, fillColor=array([ 1,  1, -1]), fillColorSpace='rgb', fillRGB=array([ 1,  1, -1]), interpolate=True, lineColor=array([0., 0., 0.]), lineColorSpace='rgb', lineRGB=array([0, 0, 0]), lineWidth=1.5, name='unnamed Rect', opacity=0.5, ori=0.0, pos=array([0., 0.]), size=array([30., 30.]), units='pix', vertices=ndarray(...), win=Window(...))
11.0252 	EXP 	Created unnamed Rect = Rect(__class__=<class 'psychopy.visual.rect.Rect'>, autoDraw=False, autoLog=True, closeShape=True, color=method-wrapper(...), colorSpace='rgb', contrast=None, depth=0, fillColor=array([ 1,  1, -1]), fillColorSpace='rgb', fillRGB=array([ 1,  1, -1]), interpolate=True, lineColor=array([0., 0., 0.]), lineColorSpace='rgb', lineRGB=array([0, 0, 0]), lineWidth=1.5, name='unnamed Rect', opacity=0.5, ori=0.0, pos=array([0., 0.]), size=array([30., 30.]), units='pix', vertices=ndarray(...), win=Window(...))
11.0640 	EXP 	Created unnamed ImageStim = ImageStim(__class__=<class 'psychopy.visual.image.ImageStim'>, autoLog=True, color=array([1., 1., 1.]), colorSpace='rgb', contrast=1.0, depth=0, flipHoriz=False, flipVert=False, image='tree.png', interpolate=False, mask=None, maskParams=None, name='unnamed ImageStim', opacity=1, ori=0.0, pos=array([0., 0.]), size=array([512, 512]), texRes=128, units='pix', win=Window(...))
11.0840 	EXP 	Created unnamed ImageStim = ImageStim(__class__=<class 'psychopy.visual.image.ImageStim'>, autoLog=True, color=array([1., 1., 1.]), colorSpace='rgb', contrast=1.0, depth=0, flipHoriz=False, flipVert=False, image='tree.png', interpolate=False, mask=None, maskParams=None, name='unnamed ImageStim', opacity=1, ori=0.0, pos=array([0., 0.]), size=array([512, 512]), texRes=128, units='pix', win=Window(...))
11.1025 	EXP 	Created unnamed ImageStim = ImageStim(__class__=<class 'psychopy.visual.image.ImageStim'>, autoLog=True, color=array([1., 1., 1.]), colorSpace='rgb', contrast=1.0, depth=0, flipHoriz=False, flipVert=False, image='tree.png', interpolate=False, mask=None, maskParams=None, name='unnamed ImageStim', opacity=1, ori=0.0, pos=array([0., 0.]), size=array([512, 512]), texRes=128, units='pix', win=Window(...))
11.1201 	EXP 	Created unnamed ImageStim = ImageStim(__class__=<class 'psychopy.visual.image.ImageStim'>, autoLog=True, color=array([1., 1., 1.]), colorSpace='rgb', contrast=1.0, depth=0, flipHoriz=False, flipVert=False, image='tree.png', interpolate=False, mask=None, maskParams=None, name='unnamed ImageStim', opacity=1, ori=0.0, pos=array([0., 0.]), size=array([512, 512]), texRes=128, units='pix', win=Window(...))
11.1379 	EXP 	Created unnamed ImageStim = ImageStim(__class__=<class 'psychopy.visual.image.ImageStim'>, autoLog=True, color=array([1., 1., 1.]), colorSpace='rgb', contrast=1.0, depth=0, flipHoriz=False, flipVert=False, image='tree.png', interpolate=False, mask=None, maskParams=None, name='unnamed ImageStim', opacity=1, ori=0.0, pos=array([0., 0.]), size=array([512, 512]), texRes=128, units='pix', win=Window(...))
11.1557 	EXP 	Created unnamed ImageStim = ImageStim(__class__=<class 'psychopy.visual.image.ImageStim'>, autoLog=True, color=array([1., 1., 1.]), colorSpace='rgb', contrast=1.0, depth=0, flipHoriz=False, flipVert=False, image='tree.png', interpolate=False, mask=None, maskParams=None, name='unnamed ImageStim', opacity=1, ori=0.0, pos=array([0., 0.]), size=array([512, 512]), texRes=128, units='pix', win=Window(...))
11.1734 	EXP 	Created unnamed ImageStim = ImageStim(__class__=<class 'psychopy.visual.image.ImageStim'>, autoLog=True, color=array([1., 1., 1.]), colorSpace='rgb', contrast=1.0, depth=0, flipHoriz=False, flipVert=False, image='tree.png', interpolate=False, mask=None, maskParams=None, name='unnamed ImageStim', opacity=1, ori=0.0, pos=array([0., 0.]), size=array([512, 512]), texRes=128, units='pix', win=Window(...))
11.1912 	EXP 	Created unnamed ImageStim = ImageStim(__class__=<class 'psychopy.visual.image.ImageStim'>, autoLog=True, color=array([1., 1., 1.]), colorSpace='rgb', contrast=1.0, depth=0, flipHoriz=False, flipVert=False, image='tree.png', interpolate=False, mask=None, maskParams=None, name='unnamed ImageStim', opacity=1, ori=0.0, pos=array([0., 0.]), size=array([512, 512]), texRes=128, units='pix', win=Window(...))
11.2089 	EXP 	Created unnamed ImageStim = ImageStim(__class__=<class 'psychopy.visual.image.ImageStim'>, autoLog=True, color=array([1., 1., 1.]), colorSpace='rgb', contrast=1.0, depth=0, flipHoriz=False, flipVert=False, image='tree.png', interpolate=False, mask=None, maskParams=None, name='unnamed ImageStim', opacity=1, ori=0.0, pos=array([0., 0.]), size=array([512, 512]), texRes=128, units='pix', win=Window(...))
11.2185 	DATA 	Keypress: space
11.2248 	EXP 	Welcometext: autoDraw = False
11.2248 	EXP 	unnamed Rect: pos = [-250, 0]
11.2248 	EXP 	unnamed Rect: pos = [250, 0]
11.2248 	EXP 	unnamed Rect: pos = [-255.75350188379056, -213.2915839817522]
11.2248 	EXP 	unnamed Rect: pos = [-429.66984614349144, 251.61559156258366]
11.2248 	EXP 	unnamed Rect: pos = [-188.7489688675057, 150.72871339846205]
11.2248 	EXP 	unnamed Rect: pos = [-350.82503001281253, 86.99230819383244]
11.2248 	EXP 	unnamed Rect: pos = [-329.50801553866813, 58.97416117360213]
11.2248 	EXP 	unnamed Rect: pos = [122.01390447911724, -88.20653958156755]
11.2248 	EXP 	unnamed ImageStim: size = [128.0, 128.0]
11.2248 	EXP 	unnamed ImageStim: size = [128.0, 128.0]
11.2248 	EXP 	unnamed ImageStim: size = [128.0, 128.0]
11.2248 	EXP 	unnamed ImageStim: size = [128.0, 128.0]
11.2248 	EXP 	unnamed ImageStim: size = [128.0, 128.0]
11.2248 	EXP 	unnamed ImageStim: size = [128.0, 128.0]
11.2248 	EXP 	unnamed ImageStim: size = [128.0, 128.0]
11.2248 	EXP 	unnamed ImageStim: size = [128.0, 128.0]
11.2248 	EXP 	unnamed ImageStim: size = [128.0, 128.0]
11.2248 	EXP 	unnamed ImageStim: pos = [28.982231040089637, 66.7081952408733]
11.2248 	EXP 	unnamed ImageStim: pos = [8.067266612845795, -27.73973783879535]
11.2248 	EXP 	unnamed ImageStim: pos = [57.49460754739359, 120.29733063181752]
11.2248 	EXP 	unnamed ImageStim: pos = [-221.01776895991037, 66.7081952408733]
11.2248 	EXP 	unnamed ImageStim: pos = [278.98223104008963, 66.7081952408733]
11.2248 	EXP 	unnamed ImageStim: pos = [-241.9327333871542, -27.73973783879535]
11.2248 	EXP 	unnamed ImageStim: pos = [258.0672666128458, -27.73973783879535]
11.2248 	EXP 	unnamed ImageStim: pos = [-192.5053924526064, 120.29733063181752]
11.2248 	EXP 	unnamed ImageStim: pos = [307.49460754739357, 120.29733063181752]
12.4736 	DATA 	Keypress: right
16.8667 	EXP 	Created unnamed Rect = Rect(__class__=<class 'psychopy.visual.rect.Rect'>, autoDraw=False, autoLog=True, closeShape=True, color=method-wrapper(...), colorSpace='rgb', contrast=None, depth=0, fillColor=array([-1, -1, -1]), fillColorSpace='rgb', fillRGB=array([-1, -1, -1]), interpolate=True, lineColor=array([-1., -1.,  1.]), lineColorSpace='rgb', lineRGB=array([-1, -1,  1]), lineWidth=1.5, name='unnamed Rect', opacity=1, ori=0.0, pos=array([0., 0.]), size=array([400., 600.]), units='pix', vertices=ndarray(...), win=Window(...))
16.8712 	EXP 	Created unnamed Rect = Rect(__class__=<class 'psychopy.visual.rect.Rect'>, autoDraw=False, autoLog=True, closeShape=True, color=method-wrapper(...), colorSpace='rgb', contrast=None, depth=0, fillColor=array([-1, -1, -1]), fillColorSpace='rgb', fillRGB=array([-1, -1, -1]), interpolate=True, lineColor=array([-1., -1.,  1.]), lineColorSpace='rgb', lineRGB=array([-1, -1,  1]), lineWidth=1.5, name='unnamed Rect', opacity=1, ori=0.0, pos=array([0., 0.]), size=array([400., 600.]), units='pix', vertices=ndarray(...), win=Window(...))
16.8730 	DATA 	Keypress: right
16.8826 	EXP 	unnamed Rect: pos = array([-127.98609552,  -88.20653958])
16.8826 	EXP 	unnamed Rect: pos = array([-127.98609552,  -88.20653958])
16.8929 	EXP 	unnamed Rect: pos = array([-127.98609552,  -88.20653958])
16.9105 	EXP 	unnamed Rect: pos = array([-127.98609552,  -88.20653958])
16.9267 	EXP 	unnamed Rect: pos = array([-127.98609552,  -88.20653958])
16.9439 	EXP 	unnamed Rect: pos = array([-127.98609552,  -88.20653958])
16.9610 	EXP 	unnamed Rect: pos = array([-127.98609552,  -88.20653958])
16.9777 	EXP 	unnamed Rect: pos = array([-127.98609552,  -88.20653958])
16.9944 	EXP 	unnamed Rect: pos = array([-127.98609552,  -88.20653958])
17.0105 	EXP 	unnamed Rect: pos = array([-127.98609552,  -88.20653958])
17.0269 	EXP 	unnamed Rect: pos = array([-127.98609552,  -88.20653958])
17.0435 	EXP 	unnamed Rect: pos = array([-127.98609552,  -88.20653958])
17.0602 	EXP 	unnamed Rect: pos = array([-127.98609552,  -88.20653958])
17.0768 	EXP 	unnamed Rect: pos = array([-127.98609552,  -88.20653958])
17.0934 	EXP 	unnamed Rect: pos = array([-127.98609552,  -88.20653958])
17.1102 	EXP 	unnamed Rect: pos = array([-127.98609552,  -88.20653958])
17.1268 	EXP 	unnamed Rect: pos = array([-127.98609552,  -88.20653958])
17.1436 	EXP 	unnamed Rect: pos = array([-127.98609552,  -88.20653958])
17.1600 	EXP 	unnamed Rect: pos = array([-127.98609552,  -88.20653958])
17.1772 	EXP 	unnamed Rect: pos = array([-127.98609552,  -88.20653958])
17.1936 	EXP 	unnamed Rect: pos = array([-127.98609552,  -88.20653958])
17.2100 	EXP 	unnamed Rect: pos = array([-127.98609552,  -88.20653958])
17.2268 	EXP 	unnamed Rect: pos = array([-127.98609552,  -88.20653958])
17.2447 	EXP 	unnamed Rect: pos = array([-127.98609552,  -88.20653958])
17.2600 	EXP 	unnamed Rect: pos = array([-127.98609552,  -88.20653958])
17.2771 	EXP 	unnamed Rect: pos = array([-127.98609552,  -88.20653958])
17.2941 	EXP 	unnamed Rect: pos = array([-127.98609552,  -88.20653958])
17.3103 	EXP 	unnamed Rect: pos = array([-127.98609552,  -88.20653958])
17.3267 	EXP 	unnamed Rect: pos = array([-127.98609552,  -88.20653958])
17.3438 	EXP 	unnamed Rect: pos = array([-127.98609552,  -88.20653958])
17.3603 	EXP 	unnamed Rect: pos = array([-127.98609552,  -88.20653958])
17.3770 	EXP 	unnamed Rect: pos = array([-127.98609552,  -88.20653958])
17.3937 	EXP 	unnamed Rect: pos = array([-127.98609552,  -88.20653958])
17.4109 	EXP 	unnamed Rect: pos = array([-127.98609552,  -88.20653958])
17.4276 	EXP 	unnamed Rect: pos = array([-127.98609552,  -88.20653958])
17.4438 	EXP 	unnamed Rect: pos = array([-127.98609552,  -88.20653958])
17.4605 	EXP 	unnamed Rect: pos = array([-127.98609552,  -88.20653958])
17.4773 	EXP 	unnamed Rect: pos = array([-127.98609552,  -88.20653958])
17.4787 	DATA 	Keypress: up
17.4941 	EXP 	unnamed Rect: pos = array([-127.98609552,  -78.20653958])
17.5100 	EXP 	unnamed Rect: pos = array([-127.98609552,  -78.20653958])
17.5270 	EXP 	unnamed Rect: pos = array([-127.98609552,  -78.20653958])
17.5436 	EXP 	unnamed Rect: pos = array([-127.98609552,  -78.20653958])
17.5601 	EXP 	unnamed Rect: pos = array([-127.98609552,  -78.20653958])
17.5771 	EXP 	unnamed Rect: pos = array([-127.98609552,  -78.20653958])
17.5942 	EXP 	unnamed Rect: pos = array([-127.98609552,  -78.20653958])
17.6100 	EXP 	unnamed Rect: pos = array([-127.98609552,  -78.20653958])
17.6269 	EXP 	unnamed Rect: pos = array([-127.98609552,  -78.20653958])
17.6435 	EXP 	unnamed Rect: pos = array([-127.98609552,  -78.20653958])
17.6609 	EXP 	unnamed Rect: pos = array([-127.98609552,  -78.20653958])
17.6624 	DATA 	Keypress: up
17.6780 	EXP 	unnamed Rect: pos = array([-127.98609552,  -68.20653958])
17.6933 	EXP 	unnamed Rect: pos = array([-127.98609552,  -68.20653958])
17.7103 	EXP 	unnamed Rect: pos = array([-127.98609552,  -68.20653958])
17.7270 	EXP 	unnamed Rect: pos = array([-127.98609552,  -68.20653958])
17.7441 	EXP 	unnamed Rect: pos = array([-127.98609552,  -68.20653958])
17.7612 	EXP 	unnamed Rect: pos = array([-127.98609552,  -68.20653958])
17.7772 	EXP 	unnamed Rect: pos = array([-127.98609552,  -68.20653958])
17.7935 	EXP 	unnamed Rect: pos = array([-127.98609552,  -68.20653958])
17.8101 	EXP 	unnamed Rect: pos = array([-127.98609552,  -68.20653958])
17.8268 	EXP 	unnamed Rect: pos = array([-127.98609552,  -68.20653958])
17.8436 	EXP 	unnamed Rect: pos = array([-127.98609552,  -68.20653958])
17.8481 	DATA 	Keypress: up
17.8607 	EXP 	unnamed Rect: pos = array([-127.98609552,  -68.20653958])
17.8772 	EXP 	unnamed Rect: pos = array([-127.98609552,  -58.20653958])
17.8934 	EXP 	unnamed Rect: pos = array([-127.98609552,  -58.20653958])
17.9111 	EXP 	unnamed Rect: pos = array([-127.98609552,  -58.20653958])
17.9269 	EXP 	unnamed Rect: pos = array([-127.98609552,  -58.20653958])
17.9435 	EXP 	unnamed Rect: pos = array([-127.98609552,  -58.20653958])
17.9606 	EXP 	unnamed Rect: pos = array([-127.98609552,  -58.20653958])
17.9772 	EXP 	unnamed Rect: pos = array([-127.98609552,  -58.20653958])
17.9938 	EXP 	unnamed Rect: pos = array([-127.98609552,  -58.20653958])
18.0105 	EXP 	unnamed Rect: pos = array([-127.98609552,  -58.20653958])
18.0145 	DATA 	Keypress: up
18.0277 	EXP 	unnamed Rect: pos = array([-127.98609552,  -58.20653958])
18.0436 	EXP 	unnamed Rect: pos = array([-127.98609552,  -48.20653958])
18.0600 	EXP 	unnamed Rect: pos = array([-127.98609552,  -48.20653958])
18.0771 	EXP 	unnamed Rect: pos = array([-127.98609552,  -48.20653958])
18.0943 	EXP 	unnamed Rect: pos = array([-127.98609552,  -48.20653958])
18.1102 	EXP 	unnamed Rect: pos = array([-127.98609552,  -48.20653958])
18.1271 	EXP 	unnamed Rect: pos = array([-127.98609552,  -48.20653958])
18.1439 	EXP 	unnamed Rect: pos = array([-127.98609552,  -48.20653958])
18.1600 	EXP 	unnamed Rect: pos = array([-127.98609552,  -48.20653958])
18.1776 	EXP 	unnamed Rect: pos = array([-127.98609552,  -48.20653958])
18.1938 	EXP 	unnamed Rect: pos = array([-127.98609552,  -48.20653958])
18.1978 	DATA 	Keypress: up
18.2110 	EXP 	unnamed Rect: pos = array([-127.98609552,  -48.20653958])
18.2270 	EXP 	unnamed Rect: pos = array([-127.98609552,  -38.20653958])
18.2445 	EXP 	unnamed Rect: pos = array([-127.98609552,  -38.20653958])
18.2604 	EXP 	unnamed Rect: pos = array([-127.98609552,  -38.20653958])
18.2778 	EXP 	unnamed Rect: pos = array([-127.98609552,  -38.20653958])
18.2934 	EXP 	unnamed Rect: pos = array([-127.98609552,  -38.20653958])
18.3100 	EXP 	unnamed Rect: pos = array([-127.98609552,  -38.20653958])
18.3267 	EXP 	unnamed Rect: pos = array([-127.98609552,  -38.20653958])
18.3435 	EXP 	unnamed Rect: pos = array([-127.98609552,  -38.20653958])
18.3601 	EXP 	unnamed Rect: pos = array([-127.98609552,  -38.20653958])
18.3769 	EXP 	unnamed Rect: pos = array([-127.98609552,  -38.20653958])
18.3780 	DATA 	Keypress: up
18.3944 	EXP 	unnamed Rect: pos = array([-127.98609552,  -28.20653958])
18.4105 	EXP 	unnamed Rect: pos = array([-127.98609552,  -28.20653958])
18.4269 	EXP 	unnamed Rect: pos = array([-127.98609552,  -28.20653958])
18.4436 	EXP 	unnamed Rect: pos = array([-127.98609552,  -28.20653958])
18.4603 	EXP 	unnamed Rect: pos = array([-127.98609552,  -28.20653958])
18.4777 	EXP 	unnamed Rect: pos = array([-127.98609552,  -28.20653958])
18.4935 	EXP 	unnamed Rect: pos = array([-127.98609552,  -28.20653958])
18.5102 	EXP 	unnamed Rect: pos = array([-127.98609552,  -28.20653958])
18.5267 	EXP 	unnamed Rect: pos = array([-127.98609552,  -28.20653958])
18.5435 	EXP 	unnamed Rect: pos = array([-127.98609552,  -28.20653958])
18.5604 	EXP 	unnamed Rect: pos = array([-127.98609552,  -28.20653958])
18.5649 	DATA 	Keypress: up
18.5778 	EXP 	unnamed Rect: pos = array([-127.98609552,  -28.20653958])
18.5934 	EXP 	unnamed Rect: pos = array([-127.98609552,  -18.20653958])
18.6100 	EXP 	unnamed Rect: pos = array([-127.98609552,  -18.20653958])
18.6272 	EXP 	unnamed Rect: pos = array([-127.98609552,  -18.20653958])
18.6435 	EXP 	unnamed Rect: pos = array([-127.98609552,  -18.20653958])
18.6613 	EXP 	unnamed Rect: pos = array([-127.98609552,  -18.20653958])
18.6769 	EXP 	unnamed Rect: pos = array([-127.98609552,  -18.20653958])
18.6934 	EXP 	unnamed Rect: pos = array([-127.98609552,  -18.20653958])
18.7102 	EXP 	unnamed Rect: pos = array([-127.98609552,  -18.20653958])
18.7266 	EXP 	unnamed Rect: pos = array([-127.98609552,  -18.20653958])
18.7435 	EXP 	unnamed Rect: pos = array([-127.98609552,  -18.20653958])
18.7610 	EXP 	unnamed Rect: pos = array([-127.98609552,  -18.20653958])
18.7621 	DATA 	Keypress: up
18.7768 	EXP 	unnamed Rect: pos = array([-127.98609552,   -8.20653958])
18.7933 	EXP 	unnamed Rect: pos = array([-127.98609552,   -8.20653958])
18.8100 	EXP 	unnamed Rect: pos = array([-127.98609552,   -8.20653958])
18.8270 	EXP 	unnamed Rect: pos = array([-127.98609552,   -8.20653958])
18.8437 	EXP 	unnamed Rect: pos = array([-127.98609552,   -8.20653958])
18.8610 	EXP 	unnamed Rect: pos = array([-127.98609552,   -8.20653958])
18.8769 	EXP 	unnamed Rect: pos = array([-127.98609552,   -8.20653958])
18.8938 	EXP 	unnamed Rect: pos = array([-127.98609552,   -8.20653958])
18.9102 	EXP 	unnamed Rect: pos = array([-127.98609552,   -8.20653958])
18.9268 	EXP 	unnamed Rect: pos = array([-127.98609552,   -8.20653958])
18.9440 	EXP 	unnamed Rect: pos = array([-127.98609552,   -8.20653958])
18.9608 	EXP 	unnamed Rect: pos = array([-127.98609552,   -8.20653958])
18.9620 	DATA 	Keypress: up
18.9779 	EXP 	unnamed Rect: pos = array([-127.98609552,    1.79346042])
18.9936 	EXP 	unnamed Rect: pos = array([-127.98609552,    1.79346042])
19.0106 	EXP 	unnamed Rect: pos = array([-127.98609552,    1.79346042])
19.0269 	EXP 	unnamed Rect: pos = array([-127.98609552,    1.79346042])
19.0435 	EXP 	unnamed Rect: pos = array([-127.98609552,    1.79346042])
19.0611 	EXP 	unnamed Rect: pos = array([-127.98609552,    1.79346042])
19.0772 	EXP 	unnamed Rect: pos = array([-127.98609552,    1.79346042])
19.0936 	EXP 	unnamed Rect: pos = array([-127.98609552,    1.79346042])
19.1101 	EXP 	unnamed Rect: pos = array([-127.98609552,    1.79346042])
19.1269 	EXP 	unnamed Rect: pos = array([-127.98609552,    1.79346042])
19.1436 	EXP 	unnamed Rect: pos = array([-127.98609552,    1.79346042])
19.1607 	EXP 	unnamed Rect: pos = array([-127.98609552,    1.79346042])
19.1620 	DATA 	Keypress: up
19.1769 	EXP 	unnamed Rect: pos = array([-127.98609552,   11.79346042])
19.1934 	EXP 	unnamed Rect: pos = array([-127.98609552,   11.79346042])
19.2105 	EXP 	unnamed Rect: pos = array([-127.98609552,   11.79346042])
19.2270 	EXP 	unnamed Rect: pos = array([-127.98609552,   11.79346042])
19.2446 	EXP 	unnamed Rect: pos = array([-127.98609552,   11.79346042])
19.2610 	EXP 	unnamed Rect: pos = array([-127.98609552,   11.79346042])
19.2767 	EXP 	unnamed Rect: pos = array([-127.98609552,   11.79346042])
19.2935 	EXP 	unnamed Rect: pos = array([-127.98609552,   11.79346042])
19.3102 	EXP 	unnamed Rect: pos = array([-127.98609552,   11.79346042])
19.3267 	EXP 	unnamed Rect: pos = array([-127.98609552,   11.79346042])
19.3442 	EXP 	unnamed Rect: pos = array([-127.98609552,   11.79346042])
19.3454 	DATA 	Keypress: up
19.3612 	EXP 	unnamed Rect: pos = array([-127.98609552,   21.79346042])
19.3767 	EXP 	unnamed Rect: pos = array([-127.98609552,   21.79346042])
19.3935 	EXP 	unnamed Rect: pos = array([-127.98609552,   21.79346042])
19.4104 	EXP 	unnamed Rect: pos = array([-127.98609552,   21.79346042])
19.4268 	EXP 	unnamed Rect: pos = array([-127.98609552,   21.79346042])
19.4445 	EXP 	unnamed Rect: pos = array([-127.98609552,   21.79346042])
19.4611 	EXP 	unnamed Rect: pos = array([-127.98609552,   21.79346042])
19.4777 	EXP 	unnamed Rect: pos = array([-127.98609552,   21.79346042])
19.4940 	EXP 	unnamed Rect: pos = array([-127.98609552,   21.79346042])
19.5105 	EXP 	unnamed Rect: pos = array([-127.98609552,   21.79346042])
19.5272 	EXP 	unnamed Rect: pos = array([-127.98609552,   21.79346042])
19.5283 	DATA 	Keypress: up
19.5441 	EXP 	unnamed Rect: pos = array([-127.98609552,   31.79346042])
19.5606 	EXP 	unnamed Rect: pos = array([-127.98609552,   31.79346042])
19.5769 	EXP 	unnamed Rect: pos = array([-127.98609552,   31.79346042])
19.5937 	EXP 	unnamed Rect: pos = array([-127.98609552,   31.79346042])
19.6109 	EXP 	unnamed Rect: pos = array([-127.98609552,   31.79346042])
19.6267 	EXP 	unnamed Rect: pos = array([-127.98609552,   31.79346042])
19.6438 	EXP 	unnamed Rect: pos = array([-127.98609552,   31.79346042])
19.6600 	EXP 	unnamed Rect: pos = array([-127.98609552,   31.79346042])
19.6769 	EXP 	unnamed Rect: pos = array([-127.98609552,   31.79346042])
19.6936 	EXP 	unnamed Rect: pos = array([-127.98609552,   31.79346042])
19.6974 	DATA 	Keypress: up
19.7110 	EXP 	unnamed Rect: pos = array([-127.98609552,   31.79346042])
19.7272 	EXP 	unnamed Rect: pos = array([-127.98609552,   41.79346042])
19.7437 	EXP 	unnamed Rect: pos = array([-127.98609552,   41.79346042])
19.7603 	EXP 	unnamed Rect: pos = array([-127.98609552,   41.79346042])
19.7771 	EXP 	unnamed Rect: pos = array([-127.98609552,   41.79346042])
19.7935 	EXP 	unnamed Rect: pos = array([-127.98609552,   41.79346042])
19.8101 	EXP 	unnamed Rect: pos = array([-127.98609552,   41.79346042])
19.8269 	EXP 	unnamed Rect: pos = array([-127.98609552,   41.79346042])
19.8439 	EXP 	unnamed Rect: pos = array([-127.98609552,   41.79346042])
19.8601 	EXP 	unnamed Rect: pos = array([-127.98609552,   41.79346042])
19.8776 	EXP 	unnamed Rect: pos = array([-127.98609552,   41.79346042])
19.8789 	DATA 	Keypress: up
19.8944 	EXP 	unnamed Rect: pos = array([-127.98609552,   51.79346042])
19.9101 	EXP 	unnamed Rect: pos = array([-127.98609552,   51.79346042])
19.9270 	EXP 	unnamed Rect: pos = array([-127.98609552,   51.79346042])
19.9438 	EXP 	unnamed Rect: pos = array([-127.98609552,   51.79346042])
19.9603 	EXP 	unnamed Rect: pos = array([-127.98609552,   51.79346042])
19.9767 	EXP 	unnamed Rect: pos = array([-127.98609552,   51.79346042])
19.9936 	EXP 	unnamed Rect: pos = array([-127.98609552,   51.79346042])
20.0103 	EXP 	unnamed Rect: pos = array([-127.98609552,   51.79346042])
20.0274 	EXP 	unnamed Rect: pos = array([-127.98609552,   51.79346042])
20.0284 	DATA 	Keypress: up
20.0436 	EXP 	unnamed Rect: pos = array([-127.98609552,   61.79346042])
20.0600 	EXP 	unnamed Rect: pos = array([-127.98609552,   61.79346042])
20.0769 	EXP 	unnamed Rect: pos = array([-127.98609552,   61.79346042])
20.0936 	EXP 	unnamed Rect: pos = array([-127.98609552,   61.79346042])
20.1109 	EXP 	unnamed Rect: pos = array([-127.98609552,   61.79346042])
20.1272 	EXP 	unnamed Rect: pos = array([-127.98609552,   61.79346042])
20.1445 	EXP 	unnamed Rect: pos = array([-127.98609552,   61.79346042])
20.1602 	EXP 	unnamed Rect: pos = array([-127.98609552,   61.79346042])
20.1769 	EXP 	unnamed Rect: pos = array([-127.98609552,   61.79346042])
20.1935 	EXP 	unnamed Rect: pos = array([-127.98609552,   61.79346042])
20.2111 	EXP 	unnamed Rect: pos = array([-127.98609552,   61.79346042])
20.2123 	DATA 	Keypress: right
20.2273 	EXP 	unnamed Rect: pos = array([-117.98609552,   61.79346042])
20.2443 	EXP 	unnamed Rect: pos = array([-117.98609552,   61.79346042])
20.2602 	EXP 	unnamed Rect: pos = array([-117.98609552,   61.79346042])
20.2772 	EXP 	unnamed Rect: pos = array([-117.98609552,   61.79346042])
20.2945 	EXP 	unnamed Rect: pos = array([-117.98609552,   61.79346042])
20.3103 	EXP 	unnamed Rect: pos = array([-117.98609552,   61.79346042])
20.3269 	EXP 	unnamed Rect: pos = array([-117.98609552,   61.79346042])
20.3435 	EXP 	unnamed Rect: pos = array([-117.98609552,   61.79346042])
20.3611 	EXP 	unnamed Rect: pos = array([-117.98609552,   61.79346042])
20.3624 	DATA 	Keypress: right
20.3768 	EXP 	unnamed Rect: pos = array([-107.98609552,   61.79346042])
20.3935 	EXP 	unnamed Rect: pos = array([-107.98609552,   61.79346042])
20.4105 	EXP 	unnamed Rect: pos = array([-107.98609552,   61.79346042])
20.4267 	EXP 	unnamed Rect: pos = array([-107.98609552,   61.79346042])
20.4435 	EXP 	unnamed Rect: pos = array([-107.98609552,   61.79346042])
20.4605 	EXP 	unnamed Rect: pos = array([-107.98609552,   61.79346042])
20.4769 	EXP 	unnamed Rect: pos = array([-107.98609552,   61.79346042])
20.4934 	EXP 	unnamed Rect: pos = array([-107.98609552,   61.79346042])
20.5108 	EXP 	unnamed Rect: pos = array([-107.98609552,   61.79346042])
20.5269 	EXP 	unnamed Rect: pos = array([-107.98609552,   61.79346042])
20.5450 	EXP 	unnamed Rect: pos = array([-107.98609552,   61.79346042])
20.5461 	DATA 	Keypress: right
20.5604 	EXP 	unnamed Rect: pos = array([-97.98609552,  61.79346042])
20.5771 	EXP 	unnamed Rect: pos = array([-97.98609552,  61.79346042])
20.5939 	EXP 	unnamed Rect: pos = array([-97.98609552,  61.79346042])
20.6104 	EXP 	unnamed Rect: pos = array([-97.98609552,  61.79346042])
20.6277 	EXP 	unnamed Rect: pos = array([-97.98609552,  61.79346042])
20.6439 	EXP 	unnamed Rect: pos = array([-97.98609552,  61.79346042])
20.6601 	EXP 	unnamed Rect: pos = array([-97.98609552,  61.79346042])
20.6769 	EXP 	unnamed Rect: pos = array([-97.98609552,  61.79346042])
20.6934 	EXP 	unnamed Rect: pos = array([-97.98609552,  61.79346042])
20.7109 	EXP 	unnamed Rect: pos = array([-97.98609552,  61.79346042])
20.7121 	DATA 	Keypress: right
20.7269 	EXP 	unnamed Rect: pos = array([-87.98609552,  61.79346042])
20.7436 	EXP 	unnamed Rect: pos = array([-87.98609552,  61.79346042])
20.7602 	EXP 	unnamed Rect: pos = array([-87.98609552,  61.79346042])
20.7767 	EXP 	unnamed Rect: pos = array([-87.98609552,  61.79346042])
20.7941 	EXP 	unnamed Rect: pos = array([-87.98609552,  61.79346042])
20.8104 	EXP 	unnamed Rect: pos = array([-87.98609552,  61.79346042])
20.8271 	EXP 	unnamed Rect: pos = array([-87.98609552,  61.79346042])
20.8445 	EXP 	unnamed Rect: pos = array([-87.98609552,  61.79346042])
20.8605 	EXP 	unnamed Rect: pos = array([-87.98609552,  61.79346042])
20.8768 	EXP 	unnamed Rect: pos = array([-87.98609552,  61.79346042])
20.8947 	EXP 	unnamed Rect: pos = array([-87.98609552,  61.79346042])
20.8959 	DATA 	Keypress: right
20.9104 	EXP 	unnamed Rect: pos = array([-77.98609552,  61.79346042])
20.9311 	EXP 	unnamed Rect: pos = array([-77.98609552,  61.79346042])
20.9433 	EXP 	unnamed Rect: pos = array([-77.98609552,  61.79346042])
20.9604 	EXP 	unnamed Rect: pos = array([-77.98609552,  61.79346042])
20.9770 	EXP 	unnamed Rect: pos = array([-77.98609552,  61.79346042])
20.9939 	EXP 	unnamed Rect: pos = array([-77.98609552,  61.79346042])
21.0103 	EXP 	unnamed Rect: pos = array([-77.98609552,  61.79346042])
21.0272 	EXP 	unnamed Rect: pos = array([-77.98609552,  61.79346042])
21.0436 	EXP 	unnamed Rect: pos = array([-77.98609552,  61.79346042])
21.0603 	EXP 	unnamed Rect: pos = array([-77.98609552,  61.79346042])
21.0767 	EXP 	unnamed Rect: pos = array([-77.98609552,  61.79346042])
21.0934 	EXP 	unnamed Rect: pos = array([-77.98609552,  61.79346042])
21.1103 	EXP 	unnamed Rect: pos = array([-77.98609552,  61.79346042])
21.1267 	EXP 	unnamed Rect: pos = array([-77.98609552,  61.79346042])
21.1434 	EXP 	unnamed Rect: pos = array([-77.98609552,  61.79346042])
21.1601 	EXP 	unnamed Rect: pos = array([-77.98609552,  61.79346042])
21.1767 	EXP 	unnamed Rect: pos = array([-77.98609552,  61.79346042])
21.1936 	EXP 	unnamed Rect: pos = array([-77.98609552,  61.79346042])
21.2110 	EXP 	unnamed Rect: pos = array([-77.98609552,  61.79346042])
21.2123 	DATA 	Keypress: up
21.2269 	EXP 	unnamed Rect: pos = array([-77.98609552,  71.79346042])
21.2440 	EXP 	unnamed Rect: pos = array([-77.98609552,  71.79346042])
21.2602 	EXP 	unnamed Rect: pos = array([-77.98609552,  71.79346042])
21.2775 	EXP 	unnamed Rect: pos = array([-77.98609552,  71.79346042])
21.2945 	EXP 	unnamed Rect: pos = array([-77.98609552,  71.79346042])
21.3106 	EXP 	unnamed Rect: pos = array([-77.98609552,  71.79346042])
21.3271 	EXP 	unnamed Rect: pos = array([-77.98609552,  71.79346042])
21.3437 	EXP 	unnamed Rect: pos = array([-77.98609552,  71.79346042])
21.3605 	EXP 	unnamed Rect: pos = array([-77.98609552,  71.79346042])
21.3781 	EXP 	unnamed Rect: pos = array([-77.98609552,  71.79346042])
21.3793 	DATA 	Keypress: up
21.3936 	EXP 	unnamed Rect: pos = array([-77.98609552,  81.79346042])
21.4103 	EXP 	unnamed Rect: pos = array([-77.98609552,  81.79346042])
21.4270 	EXP 	unnamed Rect: pos = array([-77.98609552,  81.79346042])
21.4440 	EXP 	unnamed Rect: pos = array([-77.98609552,  81.79346042])
21.4605 	EXP 	unnamed Rect: pos = array([-77.98609552,  81.79346042])
21.4769 	EXP 	unnamed Rect: pos = array([-77.98609552,  81.79346042])
21.4934 	EXP 	unnamed Rect: pos = array([-77.98609552,  81.79346042])
21.5103 	EXP 	unnamed Rect: pos = array([-77.98609552,  81.79346042])
21.5273 	EXP 	unnamed Rect: pos = array([-77.98609552,  81.79346042])
21.5285 	DATA 	Keypress: up
21.5444 	EXP 	unnamed Rect: pos = array([-77.98609552,  91.79346042])
21.5603 	EXP 	unnamed Rect: pos = array([-77.98609552,  91.79346042])
21.5775 	EXP 	unnamed Rect: pos = array([-77.98609552,  91.79346042])
21.5936 	EXP 	unnamed Rect: pos = array([-77.98609552,  91.79346042])
21.6102 	EXP 	unnamed Rect: pos = array([-77.98609552,  91.79346042])
21.6269 	EXP 	unnamed Rect: pos = array([-77.98609552,  91.79346042])
21.6436 	EXP 	unnamed Rect: pos = array([-77.98609552,  91.79346042])
21.6607 	EXP 	unnamed Rect: pos = array([-77.98609552,  91.79346042])
21.6774 	EXP 	unnamed Rect: pos = array([-77.98609552,  91.79346042])
21.6938 	EXP 	unnamed Rect: pos = array([-77.98609552,  91.79346042])
21.7103 	EXP 	unnamed Rect: pos = array([-77.98609552,  91.79346042])
21.7268 	EXP 	unnamed Rect: pos = array([-77.98609552,  91.79346042])
21.7441 	EXP 	unnamed Rect: pos = array([-77.98609552,  91.79346042])
21.7454 	DATA 	Keypress: down
21.7611 	EXP 	unnamed Rect: pos = array([-77.98609552,  81.79346042])
21.7769 	EXP 	unnamed Rect: pos = array([-77.98609552,  81.79346042])
21.7937 	EXP 	unnamed Rect: pos = array([-77.98609552,  81.79346042])
21.8112 	EXP 	unnamed Rect: pos = array([-77.98609552,  81.79346042])
21.8268 	EXP 	unnamed Rect: pos = array([-77.98609552,  81.79346042])
21.8446 	EXP 	unnamed Rect: pos = array([-77.98609552,  81.79346042])
21.8600 	EXP 	unnamed Rect: pos = array([-77.98609552,  81.79346042])
21.8767 	EXP 	unnamed Rect: pos = array([-77.98609552,  81.79346042])
21.8936 	EXP 	unnamed Rect: pos = array([-77.98609552,  81.79346042])
21.9103 	EXP 	unnamed Rect: pos = array([-77.98609552,  81.79346042])
21.9145 	DATA 	Keypress: down
21.9280 	EXP 	unnamed Rect: pos = array([-77.98609552,  81.79346042])
21.9437 	EXP 	unnamed Rect: pos = array([-77.98609552,  71.79346042])
21.9605 	EXP 	unnamed Rect: pos = array([-77.98609552,  71.79346042])
21.9770 	EXP 	unnamed Rect: pos = array([-77.98609552,  71.79346042])
21.9943 	EXP 	unnamed Rect: pos = array([-77.98609552,  71.79346042])
22.0103 	EXP 	unnamed Rect: pos = array([-77.98609552,  71.79346042])
22.0269 	EXP 	unnamed Rect: pos = array([-77.98609552,  71.79346042])
22.0437 	EXP 	unnamed Rect: pos = array([-77.98609552,  71.79346042])
22.0609 	EXP 	unnamed Rect: pos = array([-77.98609552,  71.79346042])
22.0774 	EXP 	unnamed Rect: pos = array([-77.98609552,  71.79346042])
22.0786 	DATA 	Keypress: down
22.0943 	EXP 	unnamed Rect: pos = array([-77.98609552,  61.79346042])
22.1102 	EXP 	unnamed Rect: pos = array([-77.98609552,  61.79346042])
22.1269 	EXP 	unnamed Rect: pos = array([-77.98609552,  61.79346042])
22.1443 	EXP 	unnamed Rect: pos = array([-77.98609552,  61.79346042])
22.1603 	EXP 	unnamed Rect: pos = array([-77.98609552,  61.79346042])
22.1770 	EXP 	unnamed Rect: pos = array([-77.98609552,  61.79346042])
22.1934 	EXP 	unnamed Rect: pos = array([-77.98609552,  61.79346042])
22.2102 	EXP 	unnamed Rect: pos = array([-77.98609552,  61.79346042])
22.2115 	DATA 	Keypress: down
22.2277 	EXP 	unnamed Rect: pos = array([-77.98609552,  51.79346042])
22.2440 	EXP 	unnamed Rect: pos = array([-77.98609552,  51.79346042])
22.2603 	EXP 	unnamed Rect: pos = array([-77.98609552,  51.79346042])
22.2779 	EXP 	unnamed Rect: pos = array([-77.98609552,  51.79346042])
22.2934 	EXP 	unnamed Rect: pos = array([-77.98609552,  51.79346042])
22.3100 	EXP 	unnamed Rect: pos = array([-77.98609552,  51.79346042])
22.3267 	EXP 	unnamed Rect: pos = array([-77.98609552,  51.79346042])
22.3441 	EXP 	unnamed Rect: pos = array([-77.98609552,  51.79346042])
22.3453 	DATA 	Keypress: down
22.3610 	EXP 	unnamed Rect: pos = array([-77.98609552,  41.79346042])
22.3766 	EXP 	unnamed Rect: pos = array([-77.98609552,  41.79346042])
22.3936 	EXP 	unnamed Rect: pos = array([-77.98609552,  41.79346042])
22.4105 	EXP 	unnamed Rect: pos = array([-77.98609552,  41.79346042])
22.4277 	EXP 	unnamed Rect: pos = array([-77.98609552,  41.79346042])
22.4441 	EXP 	unnamed Rect: pos = array([-77.98609552,  41.79346042])
22.4601 	EXP 	unnamed Rect: pos = array([-77.98609552,  41.79346042])
22.4768 	EXP 	unnamed Rect: pos = array([-77.98609552,  41.79346042])
22.4941 	EXP 	unnamed Rect: pos = array([-77.98609552,  41.79346042])
22.4954 	DATA 	Keypress: right
22.5105 	EXP 	unnamed Rect: pos = array([-67.98609552,  41.79346042])
22.5268 	EXP 	unnamed Rect: pos = array([-67.98609552,  41.79346042])
22.5434 	EXP 	unnamed Rect: pos = array([-67.98609552,  41.79346042])
22.5600 	EXP 	unnamed Rect: pos = array([-67.98609552,  41.79346042])
22.5767 	EXP 	unnamed Rect: pos = array([-67.98609552,  41.79346042])
22.5934 	EXP 	unnamed Rect: pos = array([-67.98609552,  41.79346042])
22.6110 	EXP 	unnamed Rect: pos = array([-67.98609552,  41.79346042])
22.6277 	EXP 	unnamed Rect: pos = array([-67.98609552,  41.79346042])
22.6290 	DATA 	Keypress: right
22.6438 	EXP 	unnamed Rect: pos = array([-57.98609552,  41.79346042])
22.6605 	EXP 	unnamed Rect: pos = array([-57.98609552,  41.79346042])
22.6770 	EXP 	unnamed Rect: pos = array([-57.98609552,  41.79346042])
22.6935 	EXP 	unnamed Rect: pos = array([-57.98609552,  41.79346042])
22.7103 	EXP 	unnamed Rect: pos = array([-57.98609552,  41.79346042])
22.7268 	EXP 	unnamed Rect: pos = array([-57.98609552,  41.79346042])
22.7434 	EXP 	unnamed Rect: pos = array([-57.98609552,  41.79346042])
22.7610 	EXP 	unnamed Rect: pos = array([-57.98609552,  41.79346042])
22.7768 	EXP 	unnamed Rect: pos = array([-57.98609552,  41.79346042])
22.7935 	EXP 	unnamed Rect: pos = array([-57.98609552,  41.79346042])
22.8110 	EXP 	unnamed Rect: pos = array([-57.98609552,  41.79346042])
22.8122 	DATA 	Keypress: down
22.8269 	EXP 	unnamed Rect: pos = array([-57.98609552,  31.79346042])
22.8442 	EXP 	unnamed Rect: pos = array([-57.98609552,  31.79346042])
22.8603 	EXP 	unnamed Rect: pos = array([-57.98609552,  31.79346042])
22.8768 	EXP 	unnamed Rect: pos = array([-57.98609552,  31.79346042])
22.8946 	EXP 	unnamed Rect: pos = array([-57.98609552,  31.79346042])
22.9101 	EXP 	unnamed Rect: pos = array([-57.98609552,  31.79346042])
22.9268 	EXP 	unnamed Rect: pos = array([-57.98609552,  31.79346042])
22.9436 	EXP 	unnamed Rect: pos = array([-57.98609552,  31.79346042])
22.9601 	EXP 	unnamed Rect: pos = array([-57.98609552,  31.79346042])
22.9768 	EXP 	unnamed Rect: pos = array([-57.98609552,  31.79346042])
22.9945 	EXP 	unnamed Rect: pos = array([-57.98609552,  31.79346042])
22.9958 	DATA 	Keypress: down
23.0103 	EXP 	unnamed Rect: pos = array([-57.98609552,  21.79346042])
23.0267 	EXP 	unnamed Rect: pos = array([-57.98609552,  21.79346042])
23.0437 	EXP 	unnamed Rect: pos = array([-57.98609552,  21.79346042])
23.0601 	EXP 	unnamed Rect: pos = array([-57.98609552,  21.79346042])
23.0768 	EXP 	unnamed Rect: pos = array([-57.98609552,  21.79346042])
23.0938 	EXP 	unnamed Rect: pos = array([-57.98609552,  21.79346042])
23.1104 	EXP 	unnamed Rect: pos = array([-57.98609552,  21.79346042])
23.1267 	EXP 	unnamed Rect: pos = array([-57.98609552,  21.79346042])
23.1440 	EXP 	unnamed Rect: pos = array([-57.98609552,  21.79346042])
23.1452 	DATA 	Keypress: down
23.1601 	EXP 	unnamed Rect: pos = array([-57.98609552,  11.79346042])
23.1769 	EXP 	unnamed Rect: pos = array([-57.98609552,  11.79346042])
23.1939 	EXP 	unnamed Rect: pos = array([-57.98609552,  11.79346042])
23.2103 	EXP 	unnamed Rect: pos = array([-57.98609552,  11.79346042])
23.2270 	EXP 	unnamed Rect: pos = array([-57.98609552,  11.79346042])
23.2441 	EXP 	unnamed Rect: pos = array([-57.98609552,  11.79346042])
23.2601 	EXP 	unnamed Rect: pos = array([-57.98609552,  11.79346042])
23.2637 	DATA 	Keypress: right
23.2779 	EXP 	unnamed Rect: pos = array([-57.98609552,  11.79346042])
23.2932 	EXP 	unnamed Rect: pos = array([-47.98609552,  11.79346042])
23.3100 	EXP 	unnamed Rect: pos = array([-47.98609552,  11.79346042])
23.3268 	EXP 	unnamed Rect: pos = array([-47.98609552,  11.79346042])
23.3436 	EXP 	unnamed Rect: pos = array([-47.98609552,  11.79346042])
23.3604 	EXP 	unnamed Rect: pos = array([-47.98609552,  11.79346042])
23.3777 	EXP 	unnamed Rect: pos = array([-47.98609552,  11.79346042])
23.3934 	EXP 	unnamed Rect: pos = array([-47.98609552,  11.79346042])
23.4106 	EXP 	unnamed Rect: pos = array([-47.98609552,  11.79346042])
23.4269 	EXP 	unnamed Rect: pos = array([-47.98609552,  11.79346042])
23.4446 	EXP 	unnamed Rect: pos = array([-47.98609552,  11.79346042])
23.4459 	DATA 	Keypress: right
23.4602 	EXP 	unnamed Rect: pos = array([-37.98609552,  11.79346042])
23.4767 	EXP 	unnamed Rect: pos = array([-37.98609552,  11.79346042])
23.4934 	EXP 	unnamed Rect: pos = array([-37.98609552,  11.79346042])
23.5101 	EXP 	unnamed Rect: pos = array([-37.98609552,  11.79346042])
23.5269 	EXP 	unnamed Rect: pos = array([-37.98609552,  11.79346042])
23.5450 	EXP 	unnamed Rect: pos = array([-37.98609552,  11.79346042])
23.5601 	EXP 	unnamed Rect: pos = array([-37.98609552,  11.79346042])
23.5768 	EXP 	unnamed Rect: pos = array([-37.98609552,  11.79346042])
23.5934 	EXP 	unnamed Rect: pos = array([-37.98609552,  11.79346042])
23.6107 	EXP 	unnamed Rect: pos = array([-37.98609552,  11.79346042])
23.6270 	EXP 	unnamed Rect: pos = array([-37.98609552,  11.79346042])
23.6282 	DATA 	Keypress: right
23.6444 	EXP 	unnamed Rect: pos = array([-27.98609552,  11.79346042])
23.6601 	EXP 	unnamed Rect: pos = array([-27.98609552,  11.79346042])
23.6769 	EXP 	unnamed Rect: pos = array([-27.98609552,  11.79346042])
23.6940 	EXP 	unnamed Rect: pos = array([-27.98609552,  11.79346042])
23.7112 	EXP 	unnamed Rect: pos = array([-27.98609552,  11.79346042])
23.7266 	EXP 	unnamed Rect: pos = array([-27.98609552,  11.79346042])
23.7435 	EXP 	unnamed Rect: pos = array([-27.98609552,  11.79346042])
23.7603 	EXP 	unnamed Rect: pos = array([-27.98609552,  11.79346042])
23.7774 	EXP 	unnamed Rect: pos = array([-27.98609552,  11.79346042])
23.7936 	EXP 	unnamed Rect: pos = array([-27.98609552,  11.79346042])
23.7949 	DATA 	Keypress: right
23.8111 	EXP 	unnamed Rect: pos = array([-17.98609552,  11.79346042])
23.8266 	EXP 	unnamed Rect: pos = array([-17.98609552,  11.79346042])
23.8433 	EXP 	unnamed Rect: pos = array([-17.98609552,  11.79346042])
23.8611 	EXP 	unnamed Rect: pos = array([-17.98609552,  11.79346042])
23.8770 	EXP 	unnamed Rect: pos = array([-17.98609552,  11.79346042])
23.8937 	EXP 	unnamed Rect: pos = array([-17.98609552,  11.79346042])
23.9101 	EXP 	unnamed Rect: pos = array([-17.98609552,  11.79346042])
23.9268 	EXP 	unnamed Rect: pos = array([-17.98609552,  11.79346042])
23.9436 	EXP 	unnamed Rect: pos = array([-17.98609552,  11.79346042])
23.9449 	DATA 	Keypress: down
23.9601 	EXP 	unnamed Rect: pos = array([-17.98609552,   1.79346042])
23.9769 	EXP 	unnamed Rect: pos = array([-17.98609552,   1.79346042])
23.9936 	EXP 	unnamed Rect: pos = array([-17.98609552,   1.79346042])
24.0107 	EXP 	unnamed Rect: pos = array([-17.98609552,   1.79346042])
24.0268 	EXP 	unnamed Rect: pos = array([-17.98609552,   1.79346042])
24.0444 	EXP 	unnamed Rect: pos = array([-17.98609552,   1.79346042])
24.0603 	EXP 	unnamed Rect: pos = array([-17.98609552,   1.79346042])
24.0768 	EXP 	unnamed Rect: pos = array([-17.98609552,   1.79346042])
24.0936 	EXP 	unnamed Rect: pos = array([-17.98609552,   1.79346042])
24.1101 	EXP 	unnamed Rect: pos = array([-17.98609552,   1.79346042])
24.1274 	EXP 	unnamed Rect: pos = array([-17.98609552,   1.79346042])
24.1441 	EXP 	unnamed Rect: pos = array([-17.98609552,   1.79346042])
24.1599 	EXP 	unnamed Rect: pos = array([-17.98609552,   1.79346042])
24.1771 	EXP 	unnamed Rect: pos = array([-17.98609552,   1.79346042])
24.1936 	EXP 	unnamed Rect: pos = array([-17.98609552,   1.79346042])
24.2101 	EXP 	unnamed Rect: pos = array([-17.98609552,   1.79346042])
24.2275 	EXP 	unnamed Rect: pos = array([-17.98609552,   1.79346042])
24.2288 	DATA 	Keypress: down
24.2434 	EXP 	unnamed Rect: pos = array([-17.98609552,  -8.20653958])
24.2600 	EXP 	unnamed Rect: pos = array([-17.98609552,  -8.20653958])
24.2767 	EXP 	unnamed Rect: pos = array([-17.98609552,  -8.20653958])
24.2934 	EXP 	unnamed Rect: pos = array([-17.98609552,  -8.20653958])
24.3100 	EXP 	unnamed Rect: pos = array([-17.98609552,  -8.20653958])
24.3268 	EXP 	unnamed Rect: pos = array([-17.98609552,  -8.20653958])
24.3443 	EXP 	unnamed Rect: pos = array([-17.98609552,  -8.20653958])
24.3601 	EXP 	unnamed Rect: pos = array([-17.98609552,  -8.20653958])
24.3769 	EXP 	unnamed Rect: pos = array([-17.98609552,  -8.20653958])
24.3943 	EXP 	unnamed Rect: pos = array([-17.98609552,  -8.20653958])
24.4111 	EXP 	unnamed Rect: pos = array([-17.98609552,  -8.20653958])
24.4268 	EXP 	unnamed Rect: pos = array([-17.98609552,  -8.20653958])
24.4281 	DATA 	Keypress: left
24.4444 	EXP 	unnamed Rect: pos = array([-27.98609552,  -8.20653958])
24.4604 	EXP 	unnamed Rect: pos = array([-27.98609552,  -8.20653958])
24.4768 	EXP 	unnamed Rect: pos = array([-27.98609552,  -8.20653958])
24.4934 	EXP 	unnamed Rect: pos = array([-27.98609552,  -8.20653958])
24.5106 	EXP 	unnamed Rect: pos = array([-27.98609552,  -8.20653958])
24.5271 	EXP 	unnamed Rect: pos = array([-27.98609552,  -8.20653958])
24.5435 	EXP 	unnamed Rect: pos = array([-27.98609552,  -8.20653958])
24.5601 	EXP 	unnamed Rect: pos = array([-27.98609552,  -8.20653958])
24.5767 	EXP 	unnamed Rect: pos = array([-27.98609552,  -8.20653958])
24.5935 	EXP 	unnamed Rect: pos = array([-27.98609552,  -8.20653958])
24.6104 	EXP 	unnamed Rect: pos = array([-27.98609552,  -8.20653958])
24.6117 	DATA 	Keypress: left
24.6272 	EXP 	unnamed Rect: pos = array([-37.98609552,  -8.20653958])
24.6436 	EXP 	unnamed Rect: pos = array([-37.98609552,  -8.20653958])
24.6601 	EXP 	unnamed Rect: pos = array([-37.98609552,  -8.20653958])
24.6777 	EXP 	unnamed Rect: pos = array([-37.98609552,  -8.20653958])
24.6939 	EXP 	unnamed Rect: pos = array([-37.98609552,  -8.20653958])
24.7104 	EXP 	unnamed Rect: pos = array([-37.98609552,  -8.20653958])
24.7267 	EXP 	unnamed Rect: pos = array([-37.98609552,  -8.20653958])
24.7436 	EXP 	unnamed Rect: pos = array([-37.98609552,  -8.20653958])
24.7603 	EXP 	unnamed Rect: pos = array([-37.98609552,  -8.20653958])
24.7772 	EXP 	unnamed Rect: pos = array([-37.98609552,  -8.20653958])
24.7936 	EXP 	unnamed Rect: pos = array([-37.98609552,  -8.20653958])
24.8100 	EXP 	unnamed Rect: pos = array([-37.98609552,  -8.20653958])
24.8268 	EXP 	unnamed Rect: pos = array([-37.98609552,  -8.20653958])
24.8434 	EXP 	unnamed Rect: pos = array([-37.98609552,  -8.20653958])
24.8601 	EXP 	unnamed Rect: pos = array([-37.98609552,  -8.20653958])
24.8767 	EXP 	unnamed Rect: pos = array([-37.98609552,  -8.20653958])
24.8972 	EXP 	window1: mouseVisible = True
