0.5176 	WARNING 	We strongly recommend you activate the PTB sound engine in PsychoPy prefs as the preferred audio engine. Its timing is vastly superior. Your prefs are currently set to use ['sounddevice', 'PTB', 'pyo', 'pygame'] (in that order).
4.5623 	ERROR 	'-1.0000, -1.0000, -1.0000' is not a valid rgb color
5.1248 	EXP 	Created window1 = Window(allowGUI=False, allowStencil=False, autoLog=True, backendConf=UNKNOWN, bitsMode=UNKNOWN, blendMode='avg', bpc=(8, 8, 8), color=array([0, 0, 0]), colorSpace='rgb', depthBits=8, fullscr=<method-wrapper '__getattribute__' of attributeSetter object at 0x7f8d248d5940>, gamma=None, gammaErrorPolicy='raise', lms=UNKNOWN, monitor=<psychopy.monitors.calibTools.Monitor object at 0x7f8d23bbf390>, multiSample=False, name='window1', numSamples=2, pos=[360.0, 225.0], screen=0, size=array([2880, 1800]), stencilBits=0, stereo=False, units='height', useFBO=True, useRetina=True, viewOri=0.0, viewPos=None, viewScale=None, waitBlanking=True, winType='pyglet')
5.1251 	EXP 	window1: mouseVisible = True
5.1252 	EXP 	window1: recordFrameIntervals = False
5.2911 	EXP 	window1: recordFrameIntervals = True
5.4748 	EXP 	window1: recordFrameIntervals = False
6.1373 	DEPRECATION 	'1.0000, 1.0000, 1.0000' is not a valid rgb color
6.1665 	EXP 	Created Welcometext = TextStim(__class__=<class 'psychopy.visual.text.TextStim'>, alignHoriz=method-wrapper(...), alignText='center', alignVert=method-wrapper(...), anchorHoriz='center', anchorVert='center', antialias=True, autoLog=True, bold=False, color=array([0., 0., 0.]), colorSpace='rgb', contrast=1.0, depth=0.0, flipHoriz=False, flipVert=False, font='Open Sans', fontFiles=[], height=0.05, italic=False, languageStyle='LTR', name='Welcometext', opacity=0, ori=0.0, pos=array([0., 0.]), rgb=UNKNOWN, text='Welcome\nPlease press Spacebar to start', units='height', win=Window(...), wrapWidth=1)
6.5123 	EXP 	Created text = TextStim(__class__=<class 'psychopy.visual.text.TextStim'>, alignHoriz=method-wrapper(...), alignText='center', alignVert=method-wrapper(...), anchorHoriz='center', anchorVert='center', antialias=True, autoLog=True, bold=False, color=array([1., 1., 1.]), colorSpace='rgb', contrast=1.0, depth=0.0, flipHoriz=False, flipVert=False, font='Open Sans', fontFiles=[], height=0.05, italic=False, languageStyle='LTR', name='text', opacity=1, ori=0.0, pos=array([0., 0.]), rgb=UNKNOWN, text=str(...), units='height', win=Window(...), wrapWidth=1)
6.5128 	EXP 	Created sequence: random, trialTypes=1, nReps=5, seed=None
6.5130 	EXP 	New trial (rep=0, index=0): None
6.5220 	EXP 	Welcometext: autoDraw = True
7.1145 	EXP 	Created unnamed Rect = Rect(__class__=<class 'psychopy.visual.rect.Rect'>, autoDraw=False, autoLog=True, closeShape=True, color=method-wrapper(...), colorSpace='rgb', contrast=None, depth=0, fillColor=array([ 1, -1, -1]), fillColorSpace='rgb', fillRGB=array([ 1, -1, -1]), interpolate=True, lineColor=array([-1., -1.,  1.]), lineColorSpace='rgb', lineRGB=array([-1, -1,  1]), lineWidth=1.5, name='unnamed Rect', opacity=1, ori=0.0, pos=array([0., 0.]), size=array([1000.,  700.]), units='pix', vertices=ndarray(...), win=Window(...))
7.1172 	EXP 	Created unnamed Rect = Rect(__class__=<class 'psychopy.visual.rect.Rect'>, autoDraw=False, autoLog=True, closeShape=True, color=method-wrapper(...), colorSpace='rgb', contrast=None, depth=0, fillColor=array([-1, -1, -1]), fillColorSpace='rgb', fillRGB=array([-1, -1, -1]), interpolate=True, lineColor=array([-1., -1.,  1.]), lineColorSpace='rgb', lineRGB=array([-1, -1,  1]), lineWidth=1.5, name='unnamed Rect', opacity=1, ori=0.0, pos=array([0., 0.]), size=array([400., 600.]), units='pix', vertices=ndarray(...), win=Window(...))
7.1198 	EXP 	Created unnamed Rect = Rect(__class__=<class 'psychopy.visual.rect.Rect'>, autoDraw=False, autoLog=True, closeShape=True, color=method-wrapper(...), colorSpace='rgb', contrast=None, depth=0, fillColor=array([-1, -1, -1]), fillColorSpace='rgb', fillRGB=array([-1, -1, -1]), interpolate=True, lineColor=array([-1., -1.,  1.]), lineColorSpace='rgb', lineRGB=array([-1, -1,  1]), lineWidth=1.5, name='unnamed Rect', opacity=1, ori=0.0, pos=array([0., 0.]), size=array([400., 600.]), units='pix', vertices=ndarray(...), win=Window(...))
7.1227 	EXP 	Created unnamed Rect = Rect(__class__=<class 'psychopy.visual.rect.Rect'>, autoDraw=False, autoLog=True, closeShape=True, color=method-wrapper(...), colorSpace='rgb', contrast=None, depth=0, fillColor=array([ 1,  1, -1]), fillColorSpace='rgb', fillRGB=array([ 1,  1, -1]), interpolate=True, lineColor=array([0., 0., 0.]), lineColorSpace='rgb', lineRGB=array([0, 0, 0]), lineWidth=1.5, name='unnamed Rect', opacity=0.5, ori=0.0, pos=array([0., 0.]), size=array([30., 30.]), units='pix', vertices=ndarray(...), win=Window(...))
7.1258 	EXP 	Created unnamed Rect = Rect(__class__=<class 'psychopy.visual.rect.Rect'>, autoDraw=False, autoLog=True, closeShape=True, color=method-wrapper(...), colorSpace='rgb', contrast=None, depth=0, fillColor=array([ 1,  1, -1]), fillColorSpace='rgb', fillRGB=array([ 1,  1, -1]), interpolate=True, lineColor=array([0., 0., 0.]), lineColorSpace='rgb', lineRGB=array([0, 0, 0]), lineWidth=1.5, name='unnamed Rect', opacity=0.5, ori=0.0, pos=array([0., 0.]), size=array([30., 30.]), units='pix', vertices=ndarray(...), win=Window(...))
7.1287 	EXP 	Created unnamed Rect = Rect(__class__=<class 'psychopy.visual.rect.Rect'>, autoDraw=False, autoLog=True, closeShape=True, color=method-wrapper(...), colorSpace='rgb', contrast=None, depth=0, fillColor=array([ 1,  1, -1]), fillColorSpace='rgb', fillRGB=array([ 1,  1, -1]), interpolate=True, lineColor=array([0., 0., 0.]), lineColorSpace='rgb', lineRGB=array([0, 0, 0]), lineWidth=1.5, name='unnamed Rect', opacity=0.5, ori=0.0, pos=array([0., 0.]), size=array([30., 30.]), units='pix', vertices=ndarray(...), win=Window(...))
7.1315 	EXP 	Created unnamed Rect = Rect(__class__=<class 'psychopy.visual.rect.Rect'>, autoDraw=False, autoLog=True, closeShape=True, color=method-wrapper(...), colorSpace='rgb', contrast=None, depth=0, fillColor=array([ 1,  1, -1]), fillColorSpace='rgb', fillRGB=array([ 1,  1, -1]), interpolate=True, lineColor=array([0., 0., 0.]), lineColorSpace='rgb', lineRGB=array([0, 0, 0]), lineWidth=1.5, name='unnamed Rect', opacity=0.5, ori=0.0, pos=array([0., 0.]), size=array([30., 30.]), units='pix', vertices=ndarray(...), win=Window(...))
7.1339 	EXP 	Created unnamed Rect = Rect(__class__=<class 'psychopy.visual.rect.Rect'>, autoDraw=False, autoLog=True, closeShape=True, color=method-wrapper(...), colorSpace='rgb', contrast=None, depth=0, fillColor=array([ 1,  1, -1]), fillColorSpace='rgb', fillRGB=array([ 1,  1, -1]), interpolate=True, lineColor=array([0., 0., 0.]), lineColorSpace='rgb', lineRGB=array([0, 0, 0]), lineWidth=1.5, name='unnamed Rect', opacity=0.5, ori=0.0, pos=array([0., 0.]), size=array([30., 30.]), units='pix', vertices=ndarray(...), win=Window(...))
7.1365 	EXP 	Created unnamed Rect = Rect(__class__=<class 'psychopy.visual.rect.Rect'>, autoDraw=False, autoLog=True, closeShape=True, color=method-wrapper(...), colorSpace='rgb', contrast=None, depth=0, fillColor=array([ 1,  1, -1]), fillColorSpace='rgb', fillRGB=array([ 1,  1, -1]), interpolate=True, lineColor=array([0., 0., 0.]), lineColorSpace='rgb', lineRGB=array([0, 0, 0]), lineWidth=1.5, name='unnamed Rect', opacity=0.5, ori=0.0, pos=array([0., 0.]), size=array([30., 30.]), units='pix', vertices=ndarray(...), win=Window(...))
7.1765 	EXP 	Created unnamed ImageStim = ImageStim(__class__=<class 'psychopy.visual.image.ImageStim'>, autoLog=True, color=array([1., 1., 1.]), colorSpace='rgb', contrast=1.0, depth=0, flipHoriz=False, flipVert=False, image='tree.png', interpolate=False, mask=None, maskParams=None, name='unnamed ImageStim', opacity=1, ori=0.0, pos=array([0., 0.]), size=array([512, 512]), texRes=128, units='pix', win=Window(...))
7.1972 	EXP 	Created unnamed ImageStim = ImageStim(__class__=<class 'psychopy.visual.image.ImageStim'>, autoLog=True, color=array([1., 1., 1.]), colorSpace='rgb', contrast=1.0, depth=0, flipHoriz=False, flipVert=False, image='tree.png', interpolate=False, mask=None, maskParams=None, name='unnamed ImageStim', opacity=1, ori=0.0, pos=array([0., 0.]), size=array([512, 512]), texRes=128, units='pix', win=Window(...))
7.2155 	EXP 	Created unnamed ImageStim = ImageStim(__class__=<class 'psychopy.visual.image.ImageStim'>, autoLog=True, color=array([1., 1., 1.]), colorSpace='rgb', contrast=1.0, depth=0, flipHoriz=False, flipVert=False, image='tree.png', interpolate=False, mask=None, maskParams=None, name='unnamed ImageStim', opacity=1, ori=0.0, pos=array([0., 0.]), size=array([512, 512]), texRes=128, units='pix', win=Window(...))
7.2332 	EXP 	Created unnamed ImageStim = ImageStim(__class__=<class 'psychopy.visual.image.ImageStim'>, autoLog=True, color=array([1., 1., 1.]), colorSpace='rgb', contrast=1.0, depth=0, flipHoriz=False, flipVert=False, image='tree.png', interpolate=False, mask=None, maskParams=None, name='unnamed ImageStim', opacity=1, ori=0.0, pos=array([0., 0.]), size=array([512, 512]), texRes=128, units='pix', win=Window(...))
7.2506 	EXP 	Created unnamed ImageStim = ImageStim(__class__=<class 'psychopy.visual.image.ImageStim'>, autoLog=True, color=array([1., 1., 1.]), colorSpace='rgb', contrast=1.0, depth=0, flipHoriz=False, flipVert=False, image='tree.png', interpolate=False, mask=None, maskParams=None, name='unnamed ImageStim', opacity=1, ori=0.0, pos=array([0., 0.]), size=array([512, 512]), texRes=128, units='pix', win=Window(...))
7.2680 	EXP 	Created unnamed ImageStim = ImageStim(__class__=<class 'psychopy.visual.image.ImageStim'>, autoLog=True, color=array([1., 1., 1.]), colorSpace='rgb', contrast=1.0, depth=0, flipHoriz=False, flipVert=False, image='tree.png', interpolate=False, mask=None, maskParams=None, name='unnamed ImageStim', opacity=1, ori=0.0, pos=array([0., 0.]), size=array([512, 512]), texRes=128, units='pix', win=Window(...))
7.2768 	DATA 	Keypress: space
7.2828 	EXP 	Welcometext: autoDraw = False
7.2828 	EXP 	unnamed Rect: pos = [-250, 0]
7.2828 	EXP 	unnamed Rect: pos = [250, 0]
7.2828 	EXP 	unnamed Rect: pos = [-102.87597367489266, 111.60696158409857]
7.2828 	EXP 	unnamed Rect: pos = [-296.59447323070907, -74.55083692321557]
7.2828 	EXP 	unnamed Rect: pos = [-155.68515901396978, 233.4509227853183]
7.2828 	EXP 	unnamed Rect: pos = [-389.3463328526524, -282.2081322614253]
7.2828 	EXP 	unnamed Rect: pos = [-361.28937948348766, 201.6633209947588]
7.2828 	EXP 	unnamed Rect: pos = [389.82635169012326, 186.56834466265207]
7.2828 	EXP 	unnamed ImageStim: size = [51.2, 51.2]
7.2828 	EXP 	unnamed ImageStim: size = [51.2, 51.2]
7.2828 	EXP 	unnamed ImageStim: size = [51.2, 51.2]
7.2828 	EXP 	unnamed ImageStim: size = [51.2, 51.2]
7.2828 	EXP 	unnamed ImageStim: size = [51.2, 51.2]
7.2828 	EXP 	unnamed ImageStim: size = [51.2, 51.2]
7.2828 	EXP 	unnamed ImageStim: pos = [-139.1030103584855, 210.34888693878244]
7.2828 	EXP 	unnamed ImageStim: pos = [14.106942481838907, -133.89607917870086]
7.2828 	EXP 	unnamed ImageStim: pos = [-389.1030103584855, 210.34888693878244]
7.2828 	EXP 	unnamed ImageStim: pos = [110.8969896415145, 210.34888693878244]
7.2828 	EXP 	unnamed ImageStim: pos = [-235.8930575181611, -133.89607917870086]
7.2828 	EXP 	unnamed ImageStim: pos = [264.1069424818389, -133.89607917870086]
12.5953 	EXP 	Created unnamed Rect = Rect(__class__=<class 'psychopy.visual.rect.Rect'>, autoDraw=False, autoLog=True, closeShape=True, color=method-wrapper(...), colorSpace='rgb', contrast=None, depth=0, fillColor=array([-1, -1, -1]), fillColorSpace='rgb', fillRGB=array([-1, -1, -1]), interpolate=True, lineColor=array([-1., -1.,  1.]), lineColorSpace='rgb', lineRGB=array([-1, -1,  1]), lineWidth=1.5, name='unnamed Rect', opacity=1, ori=0.0, pos=array([0., 0.]), size=array([400., 600.]), units='pix', vertices=ndarray(...), win=Window(...))
12.6004 	EXP 	Created unnamed Rect = Rect(__class__=<class 'psychopy.visual.rect.Rect'>, autoDraw=False, autoLog=True, closeShape=True, color=method-wrapper(...), colorSpace='rgb', contrast=None, depth=0, fillColor=array([-1, -1, -1]), fillColorSpace='rgb', fillRGB=array([-1, -1, -1]), interpolate=True, lineColor=array([-1., -1.,  1.]), lineColorSpace='rgb', lineRGB=array([-1, -1,  1]), lineWidth=1.5, name='unnamed Rect', opacity=1, ori=0.0, pos=array([0., 0.]), size=array([400., 600.]), units='pix', vertices=ndarray(...), win=Window(...))
12.6173 	DATA 	Keypress: left
12.6281 	EXP 	unnamed Rect: pos = array([147.12402633, 111.60696158])
12.6281 	EXP 	unnamed Rect: pos = array([-46.59447323, -74.55083692])
12.6281 	EXP 	unnamed Rect: pos = array([ 94.31484099, 233.45092279])
12.6281 	EXP 	unnamed Rect: pos = array([-139.34633285, -282.20813226])
12.6281 	EXP 	unnamed Rect: pos = array([-111.28937948,  201.66332099])
12.6281 	EXP 	unnamed Rect: pos = array([147.12402633, 111.60696158])
12.6401 	EXP 	unnamed Rect: pos = array([147.12402633, 111.60696158])
12.6573 	EXP 	unnamed Rect: pos = array([147.12402633, 111.60696158])
12.6741 	EXP 	unnamed Rect: pos = array([147.12402633, 111.60696158])
12.6909 	EXP 	unnamed Rect: pos = array([147.12402633, 111.60696158])
12.7067 	EXP 	unnamed Rect: pos = array([147.12402633, 111.60696158])
12.7234 	EXP 	unnamed Rect: pos = array([147.12402633, 111.60696158])
12.7401 	EXP 	unnamed Rect: pos = array([147.12402633, 111.60696158])
12.7570 	EXP 	unnamed Rect: pos = array([147.12402633, 111.60696158])
12.7747 	EXP 	unnamed Rect: pos = array([147.12402633, 111.60696158])
12.7904 	EXP 	unnamed Rect: pos = array([147.12402633, 111.60696158])
12.8068 	EXP 	unnamed Rect: pos = array([147.12402633, 111.60696158])
12.8241 	EXP 	unnamed Rect: pos = array([147.12402633, 111.60696158])
12.8401 	EXP 	unnamed Rect: pos = array([147.12402633, 111.60696158])
12.8568 	EXP 	unnamed Rect: pos = array([147.12402633, 111.60696158])
12.8738 	EXP 	unnamed Rect: pos = array([147.12402633, 111.60696158])
12.8904 	EXP 	unnamed Rect: pos = array([147.12402633, 111.60696158])
12.9068 	EXP 	unnamed Rect: pos = array([147.12402633, 111.60696158])
12.9234 	EXP 	unnamed Rect: pos = array([147.12402633, 111.60696158])
12.9406 	EXP 	unnamed Rect: pos = array([147.12402633, 111.60696158])
12.9414 	DATA 	Keypress: down
12.9573 	EXP 	unnamed Rect: pos = array([147.12402633, 101.60696158])
12.9736 	EXP 	unnamed Rect: pos = array([147.12402633, 101.60696158])
12.9902 	EXP 	unnamed Rect: pos = array([147.12402633, 101.60696158])
13.0068 	EXP 	unnamed Rect: pos = array([147.12402633, 101.60696158])
13.0235 	EXP 	unnamed Rect: pos = array([147.12402633, 101.60696158])
13.0411 	EXP 	unnamed Rect: pos = array([147.12402633, 101.60696158])
13.0566 	EXP 	unnamed Rect: pos = array([147.12402633, 101.60696158])
13.0741 	EXP 	unnamed Rect: pos = array([147.12402633, 101.60696158])
13.0904 	EXP 	unnamed Rect: pos = array([147.12402633, 101.60696158])
13.1068 	EXP 	unnamed Rect: pos = array([147.12402633, 101.60696158])
13.1234 	EXP 	unnamed Rect: pos = array([147.12402633, 101.60696158])
13.1401 	EXP 	unnamed Rect: pos = array([147.12402633, 101.60696158])
13.1567 	EXP 	unnamed Rect: pos = array([147.12402633, 101.60696158])
13.1734 	EXP 	unnamed Rect: pos = array([147.12402633, 101.60696158])
13.1902 	EXP 	unnamed Rect: pos = array([147.12402633, 101.60696158])
13.2068 	EXP 	unnamed Rect: pos = array([147.12402633, 101.60696158])
13.2242 	EXP 	unnamed Rect: pos = array([147.12402633, 101.60696158])
13.2401 	EXP 	unnamed Rect: pos = array([147.12402633, 101.60696158])
13.2568 	EXP 	unnamed Rect: pos = array([147.12402633, 101.60696158])
13.2734 	EXP 	unnamed Rect: pos = array([147.12402633, 101.60696158])
13.2905 	EXP 	unnamed Rect: pos = array([147.12402633, 101.60696158])
13.3073 	EXP 	unnamed Rect: pos = array([147.12402633, 101.60696158])
13.3237 	EXP 	unnamed Rect: pos = array([147.12402633, 101.60696158])
13.3403 	EXP 	unnamed Rect: pos = array([147.12402633, 101.60696158])
13.3569 	EXP 	unnamed Rect: pos = array([147.12402633, 101.60696158])
13.3737 	EXP 	unnamed Rect: pos = array([147.12402633, 101.60696158])
13.3907 	EXP 	unnamed Rect: pos = array([147.12402633, 101.60696158])
13.4068 	EXP 	unnamed Rect: pos = array([147.12402633, 101.60696158])
13.4236 	EXP 	unnamed Rect: pos = array([147.12402633, 101.60696158])
13.4403 	EXP 	unnamed Rect: pos = array([147.12402633, 101.60696158])
13.4572 	EXP 	unnamed Rect: pos = array([147.12402633, 101.60696158])
13.4735 	EXP 	unnamed Rect: pos = array([147.12402633, 101.60696158])
13.4902 	EXP 	unnamed Rect: pos = array([147.12402633, 101.60696158])
13.5071 	EXP 	unnamed Rect: pos = array([147.12402633, 101.60696158])
13.5238 	EXP 	unnamed Rect: pos = array([147.12402633, 101.60696158])
13.5401 	EXP 	unnamed Rect: pos = array([147.12402633, 101.60696158])
13.5567 	EXP 	unnamed Rect: pos = array([147.12402633, 101.60696158])
13.5734 	EXP 	unnamed Rect: pos = array([147.12402633, 101.60696158])
13.5901 	EXP 	unnamed Rect: pos = array([147.12402633, 101.60696158])
13.6066 	EXP 	unnamed Rect: pos = array([147.12402633, 101.60696158])
13.6235 	EXP 	unnamed Rect: pos = array([147.12402633, 101.60696158])
13.6408 	EXP 	unnamed Rect: pos = array([147.12402633, 101.60696158])
13.6567 	EXP 	unnamed Rect: pos = array([147.12402633, 101.60696158])
13.6734 	EXP 	unnamed Rect: pos = array([147.12402633, 101.60696158])
13.6903 	EXP 	unnamed Rect: pos = array([147.12402633, 101.60696158])
13.7070 	EXP 	unnamed Rect: pos = array([147.12402633, 101.60696158])
13.7239 	EXP 	unnamed Rect: pos = array([147.12402633, 101.60696158])
13.7314 	DATA 	Keypress: down
13.7403 	EXP 	unnamed Rect: pos = array([147.12402633,  91.60696158])
13.7569 	EXP 	unnamed Rect: pos = array([147.12402633,  91.60696158])
13.7739 	EXP 	unnamed Rect: pos = array([147.12402633,  91.60696158])
13.7900 	EXP 	unnamed Rect: pos = array([147.12402633,  91.60696158])
13.8081 	EXP 	unnamed Rect: pos = array([147.12402633,  91.60696158])
13.8239 	EXP 	unnamed Rect: pos = array([147.12402633,  91.60696158])
13.8410 	EXP 	unnamed Rect: pos = array([147.12402633,  91.60696158])
13.8568 	EXP 	unnamed Rect: pos = array([147.12402633,  91.60696158])
13.8737 	EXP 	unnamed Rect: pos = array([147.12402633,  91.60696158])
13.8744 	DATA 	Keypress: down
13.8906 	EXP 	unnamed Rect: pos = array([147.12402633,  81.60696158])
13.9067 	EXP 	unnamed Rect: pos = array([147.12402633,  81.60696158])
13.9237 	EXP 	unnamed Rect: pos = array([147.12402633,  81.60696158])
13.9405 	EXP 	unnamed Rect: pos = array([147.12402633,  81.60696158])
13.9571 	EXP 	unnamed Rect: pos = array([147.12402633,  81.60696158])
13.9738 	EXP 	unnamed Rect: pos = array([147.12402633,  81.60696158])
13.9901 	EXP 	unnamed Rect: pos = array([147.12402633,  81.60696158])
14.0068 	EXP 	unnamed Rect: pos = array([147.12402633,  81.60696158])
14.0107 	DATA 	Keypress: down
14.0245 	EXP 	unnamed Rect: pos = array([147.12402633,  81.60696158])
14.0401 	EXP 	unnamed Rect: pos = array([147.12402633,  71.60696158])
14.0568 	EXP 	unnamed Rect: pos = array([147.12402633,  71.60696158])
14.0734 	EXP 	unnamed Rect: pos = array([147.12402633,  71.60696158])
14.0913 	EXP 	unnamed Rect: pos = array([147.12402633,  71.60696158])
14.1067 	EXP 	unnamed Rect: pos = array([147.12402633,  71.60696158])
14.1237 	EXP 	unnamed Rect: pos = array([147.12402633,  71.60696158])
14.1402 	EXP 	unnamed Rect: pos = array([147.12402633,  71.60696158])
14.1570 	EXP 	unnamed Rect: pos = array([147.12402633,  71.60696158])
14.1610 	DATA 	Keypress: down
14.1744 	EXP 	unnamed Rect: pos = array([147.12402633,  71.60696158])
14.1901 	EXP 	unnamed Rect: pos = array([147.12402633,  61.60696158])
14.2067 	EXP 	unnamed Rect: pos = array([147.12402633,  61.60696158])
14.2240 	EXP 	unnamed Rect: pos = array([147.12402633,  61.60696158])
14.2412 	EXP 	unnamed Rect: pos = array([147.12402633,  61.60696158])
14.2567 	EXP 	unnamed Rect: pos = array([147.12402633,  61.60696158])
14.2735 	EXP 	unnamed Rect: pos = array([147.12402633,  61.60696158])
14.2902 	EXP 	unnamed Rect: pos = array([147.12402633,  61.60696158])
14.3078 	EXP 	unnamed Rect: pos = array([147.12402633,  61.60696158])
14.3085 	DATA 	Keypress: down
14.3235 	EXP 	unnamed Rect: pos = array([147.12402633,  51.60696158])
14.3404 	EXP 	unnamed Rect: pos = array([147.12402633,  51.60696158])
14.3570 	EXP 	unnamed Rect: pos = array([147.12402633,  51.60696158])
14.3741 	EXP 	unnamed Rect: pos = array([147.12402633,  51.60696158])
14.3911 	EXP 	unnamed Rect: pos = array([147.12402633,  51.60696158])
14.4068 	EXP 	unnamed Rect: pos = array([147.12402633,  51.60696158])
14.4237 	EXP 	unnamed Rect: pos = array([147.12402633,  51.60696158])
14.4405 	EXP 	unnamed Rect: pos = array([147.12402633,  51.60696158])
14.4578 	EXP 	unnamed Rect: pos = array([147.12402633,  51.60696158])
14.4585 	DATA 	Keypress: down
14.4737 	EXP 	unnamed Rect: pos = array([147.12402633,  41.60696158])
14.4901 	EXP 	unnamed Rect: pos = array([147.12402633,  41.60696158])
14.5068 	EXP 	unnamed Rect: pos = array([147.12402633,  41.60696158])
14.5237 	EXP 	unnamed Rect: pos = array([147.12402633,  41.60696158])
14.5407 	EXP 	unnamed Rect: pos = array([147.12402633,  41.60696158])
14.5568 	EXP 	unnamed Rect: pos = array([147.12402633,  41.60696158])
14.5735 	EXP 	unnamed Rect: pos = array([147.12402633,  41.60696158])
14.5903 	EXP 	unnamed Rect: pos = array([147.12402633,  41.60696158])
14.5942 	DATA 	Keypress: down
14.6080 	EXP 	unnamed Rect: pos = array([147.12402633,  41.60696158])
14.6237 	EXP 	unnamed Rect: pos = array([147.12402633,  31.60696158])
14.6401 	EXP 	unnamed Rect: pos = array([147.12402633,  31.60696158])
14.6568 	EXP 	unnamed Rect: pos = array([147.12402633,  31.60696158])
14.6734 	EXP 	unnamed Rect: pos = array([147.12402633,  31.60696158])
14.6907 	EXP 	unnamed Rect: pos = array([147.12402633,  31.60696158])
14.7068 	EXP 	unnamed Rect: pos = array([147.12402633,  31.60696158])
14.7234 	EXP 	unnamed Rect: pos = array([147.12402633,  31.60696158])
14.7407 	EXP 	unnamed Rect: pos = array([147.12402633,  31.60696158])
14.7448 	DATA 	Keypress: down
14.7575 	EXP 	unnamed Rect: pos = array([147.12402633,  31.60696158])
14.7737 	EXP 	unnamed Rect: pos = array([147.12402633,  21.60696158])
14.7905 	EXP 	unnamed Rect: pos = array([147.12402633,  21.60696158])
14.8077 	EXP 	unnamed Rect: pos = array([147.12402633,  21.60696158])
14.8240 	EXP 	unnamed Rect: pos = array([147.12402633,  21.60696158])
14.8401 	EXP 	unnamed Rect: pos = array([147.12402633,  21.60696158])
14.8568 	EXP 	unnamed Rect: pos = array([147.12402633,  21.60696158])
14.8736 	EXP 	unnamed Rect: pos = array([147.12402633,  21.60696158])
14.8911 	EXP 	unnamed Rect: pos = array([147.12402633,  21.60696158])
14.8918 	DATA 	Keypress: down
14.9072 	EXP 	unnamed Rect: pos = array([147.12402633,  11.60696158])
14.9234 	EXP 	unnamed Rect: pos = array([147.12402633,  11.60696158])
14.9406 	EXP 	unnamed Rect: pos = array([147.12402633,  11.60696158])
14.9579 	EXP 	unnamed Rect: pos = array([147.12402633,  11.60696158])
14.9735 	EXP 	unnamed Rect: pos = array([147.12402633,  11.60696158])
14.9901 	EXP 	unnamed Rect: pos = array([147.12402633,  11.60696158])
15.0070 	EXP 	unnamed Rect: pos = array([147.12402633,  11.60696158])
15.0237 	EXP 	unnamed Rect: pos = array([147.12402633,  11.60696158])
15.0245 	DATA 	Keypress: down
15.0410 	EXP 	unnamed Rect: pos = array([147.12402633,   1.60696158])
15.0569 	EXP 	unnamed Rect: pos = array([147.12402633,   1.60696158])
15.0741 	EXP 	unnamed Rect: pos = array([147.12402633,   1.60696158])
15.0901 	EXP 	unnamed Rect: pos = array([147.12402633,   1.60696158])
15.1066 	EXP 	unnamed Rect: pos = array([147.12402633,   1.60696158])
15.1240 	EXP 	unnamed Rect: pos = array([147.12402633,   1.60696158])
15.1248 	DATA 	Keypress: left
15.1410 	EXP 	unnamed Rect: pos = array([137.12402633,   1.60696158])
15.1566 	EXP 	unnamed Rect: pos = array([137.12402633,   1.60696158])
15.1734 	EXP 	unnamed Rect: pos = array([137.12402633,   1.60696158])
15.1903 	EXP 	unnamed Rect: pos = array([137.12402633,   1.60696158])
15.2071 	EXP 	unnamed Rect: pos = array([137.12402633,   1.60696158])
15.2237 	EXP 	unnamed Rect: pos = array([137.12402633,   1.60696158])
15.2403 	EXP 	unnamed Rect: pos = array([137.12402633,   1.60696158])
15.2568 	EXP 	unnamed Rect: pos = array([137.12402633,   1.60696158])
15.2734 	EXP 	unnamed Rect: pos = array([137.12402633,   1.60696158])
15.2914 	EXP 	unnamed Rect: pos = array([137.12402633,   1.60696158])
15.2922 	DATA 	Keypress: left
15.3072 	EXP 	unnamed Rect: pos = array([127.12402633,   1.60696158])
15.3237 	EXP 	unnamed Rect: pos = array([127.12402633,   1.60696158])
15.3403 	EXP 	unnamed Rect: pos = array([127.12402633,   1.60696158])
15.3571 	EXP 	unnamed Rect: pos = array([127.12402633,   1.60696158])
15.3747 	EXP 	unnamed Rect: pos = array([127.12402633,   1.60696158])
15.3907 	EXP 	unnamed Rect: pos = array([127.12402633,   1.60696158])
15.4079 	EXP 	unnamed Rect: pos = array([127.12402633,   1.60696158])
15.4234 	EXP 	unnamed Rect: pos = array([127.12402633,   1.60696158])
15.4409 	EXP 	unnamed Rect: pos = array([127.12402633,   1.60696158])
15.4562 	EXP 	unnamed Rect: pos = array([127.12402633,   1.60696158])
15.4734 	EXP 	unnamed Rect: pos = array([127.12402633,   1.60696158])
15.4743 	DATA 	Keypress: up
15.4903 	EXP 	unnamed Rect: pos = array([127.12402633,  11.60696158])
15.5068 	EXP 	unnamed Rect: pos = array([127.12402633,  11.60696158])
15.5235 	EXP 	unnamed Rect: pos = array([127.12402633,  11.60696158])
15.5410 	EXP 	unnamed Rect: pos = array([127.12402633,  11.60696158])
15.5569 	EXP 	unnamed Rect: pos = array([127.12402633,  11.60696158])
15.5741 	EXP 	unnamed Rect: pos = array([127.12402633,  11.60696158])
15.5906 	EXP 	unnamed Rect: pos = array([127.12402633,  11.60696158])
15.6070 	EXP 	unnamed Rect: pos = array([127.12402633,  11.60696158])
15.6236 	EXP 	unnamed Rect: pos = array([127.12402633,  11.60696158])
15.6404 	EXP 	unnamed Rect: pos = array([127.12402633,  11.60696158])
15.6568 	EXP 	unnamed Rect: pos = array([127.12402633,  11.60696158])
15.6735 	EXP 	unnamed Rect: pos = array([127.12402633,  11.60696158])
15.6904 	EXP 	unnamed Rect: pos = array([127.12402633,  11.60696158])
15.7070 	EXP 	unnamed Rect: pos = array([127.12402633,  11.60696158])
15.7234 	EXP 	unnamed Rect: pos = array([127.12402633,  11.60696158])
15.7401 	EXP 	unnamed Rect: pos = array([127.12402633,  11.60696158])
15.7566 	EXP 	unnamed Rect: pos = array([127.12402633,  11.60696158])
15.7740 	EXP 	unnamed Rect: pos = array([127.12402633,  11.60696158])
15.7908 	EXP 	unnamed Rect: pos = array([127.12402633,  11.60696158])
15.8068 	EXP 	unnamed Rect: pos = array([127.12402633,  11.60696158])
15.8238 	EXP 	unnamed Rect: pos = array([127.12402633,  11.60696158])
15.8401 	EXP 	unnamed Rect: pos = array([127.12402633,  11.60696158])
15.8568 	EXP 	unnamed Rect: pos = array([127.12402633,  11.60696158])
15.8735 	EXP 	unnamed Rect: pos = array([127.12402633,  11.60696158])
15.8905 	EXP 	unnamed Rect: pos = array([127.12402633,  11.60696158])
15.9068 	EXP 	unnamed Rect: pos = array([127.12402633,  11.60696158])
15.9234 	EXP 	unnamed Rect: pos = array([127.12402633,  11.60696158])
15.9401 	EXP 	unnamed Rect: pos = array([127.12402633,  11.60696158])
15.9568 	EXP 	unnamed Rect: pos = array([127.12402633,  11.60696158])
15.9734 	EXP 	unnamed Rect: pos = array([127.12402633,  11.60696158])
15.9908 	EXP 	unnamed Rect: pos = array([127.12402633,  11.60696158])
16.0071 	EXP 	unnamed Rect: pos = array([127.12402633,  11.60696158])
16.0235 	EXP 	unnamed Rect: pos = array([127.12402633,  11.60696158])
16.0406 	EXP 	unnamed Rect: pos = array([127.12402633,  11.60696158])
16.0569 	EXP 	unnamed Rect: pos = array([127.12402633,  11.60696158])
16.0735 	EXP 	unnamed Rect: pos = array([127.12402633,  11.60696158])
16.0904 	EXP 	unnamed Rect: pos = array([127.12402633,  11.60696158])
16.1068 	EXP 	unnamed Rect: pos = array([127.12402633,  11.60696158])
16.1236 	EXP 	unnamed Rect: pos = array([127.12402633,  11.60696158])
16.1405 	EXP 	unnamed Rect: pos = array([127.12402633,  11.60696158])
16.1567 	EXP 	unnamed Rect: pos = array([127.12402633,  11.60696158])
16.1741 	EXP 	unnamed Rect: pos = array([127.12402633,  11.60696158])
16.1904 	EXP 	unnamed Rect: pos = array([127.12402633,  11.60696158])
16.2070 	EXP 	unnamed Rect: pos = array([127.12402633,  11.60696158])
16.2237 	EXP 	unnamed Rect: pos = array([127.12402633,  11.60696158])
16.2403 	EXP 	unnamed Rect: pos = array([127.12402633,  11.60696158])
16.2571 	EXP 	unnamed Rect: pos = array([127.12402633,  11.60696158])
16.2738 	EXP 	unnamed Rect: pos = array([127.12402633,  11.60696158])
16.2901 	EXP 	unnamed Rect: pos = array([127.12402633,  11.60696158])
16.3068 	EXP 	unnamed Rect: pos = array([127.12402633,  11.60696158])
16.3238 	EXP 	unnamed Rect: pos = array([127.12402633,  11.60696158])
16.3403 	EXP 	unnamed Rect: pos = array([127.12402633,  11.60696158])
16.3569 	EXP 	unnamed Rect: pos = array([127.12402633,  11.60696158])
16.3736 	EXP 	unnamed Rect: pos = array([127.12402633,  11.60696158])
16.3901 	EXP 	unnamed Rect: pos = array([127.12402633,  11.60696158])
16.4071 	EXP 	unnamed Rect: pos = array([127.12402633,  11.60696158])
16.4235 	EXP 	unnamed Rect: pos = array([127.12402633,  11.60696158])
16.4404 	EXP 	unnamed Rect: pos = array([127.12402633,  11.60696158])
16.4570 	EXP 	unnamed Rect: pos = array([127.12402633,  11.60696158])
16.4735 	EXP 	unnamed Rect: pos = array([127.12402633,  11.60696158])
16.4905 	EXP 	unnamed Rect: pos = array([127.12402633,  11.60696158])
16.5069 	EXP 	unnamed Rect: pos = array([127.12402633,  11.60696158])
16.5238 	EXP 	unnamed Rect: pos = array([127.12402633,  11.60696158])
16.5403 	EXP 	unnamed Rect: pos = array([127.12402633,  11.60696158])
16.5567 	EXP 	unnamed Rect: pos = array([127.12402633,  11.60696158])
16.5739 	EXP 	unnamed Rect: pos = array([127.12402633,  11.60696158])
16.5901 	EXP 	unnamed Rect: pos = array([127.12402633,  11.60696158])
16.6071 	EXP 	unnamed Rect: pos = array([127.12402633,  11.60696158])
16.6235 	EXP 	unnamed Rect: pos = array([127.12402633,  11.60696158])
16.6406 	EXP 	unnamed Rect: pos = array([127.12402633,  11.60696158])
16.6575 	EXP 	unnamed Rect: pos = array([127.12402633,  11.60696158])
16.6737 	EXP 	unnamed Rect: pos = array([127.12402633,  11.60696158])
16.6905 	EXP 	unnamed Rect: pos = array([127.12402633,  11.60696158])
16.7070 	EXP 	unnamed Rect: pos = array([127.12402633,  11.60696158])
16.7235 	EXP 	unnamed Rect: pos = array([127.12402633,  11.60696158])
16.7402 	EXP 	unnamed Rect: pos = array([127.12402633,  11.60696158])
16.7567 	EXP 	unnamed Rect: pos = array([127.12402633,  11.60696158])
16.7741 	EXP 	unnamed Rect: pos = array([127.12402633,  11.60696158])
16.7906 	EXP 	unnamed Rect: pos = array([127.12402633,  11.60696158])
16.8072 	EXP 	unnamed Rect: pos = array([127.12402633,  11.60696158])
16.8240 	EXP 	unnamed Rect: pos = array([127.12402633,  11.60696158])
16.8402 	EXP 	unnamed Rect: pos = array([127.12402633,  11.60696158])
16.8568 	EXP 	unnamed Rect: pos = array([127.12402633,  11.60696158])
16.8738 	EXP 	unnamed Rect: pos = array([127.12402633,  11.60696158])
16.8901 	EXP 	unnamed Rect: pos = array([127.12402633,  11.60696158])
16.9068 	EXP 	unnamed Rect: pos = array([127.12402633,  11.60696158])
16.9234 	EXP 	unnamed Rect: pos = array([127.12402633,  11.60696158])
16.9402 	EXP 	unnamed Rect: pos = array([127.12402633,  11.60696158])
16.9574 	EXP 	unnamed Rect: pos = array([127.12402633,  11.60696158])
16.9735 	EXP 	unnamed Rect: pos = array([127.12402633,  11.60696158])
16.9905 	EXP 	unnamed Rect: pos = array([127.12402633,  11.60696158])
17.0071 	EXP 	unnamed Rect: pos = array([127.12402633,  11.60696158])
17.0235 	EXP 	unnamed Rect: pos = array([127.12402633,  11.60696158])
17.0406 	EXP 	unnamed Rect: pos = array([127.12402633,  11.60696158])
17.0568 	EXP 	unnamed Rect: pos = array([127.12402633,  11.60696158])
17.0736 	EXP 	unnamed Rect: pos = array([127.12402633,  11.60696158])
17.0901 	EXP 	unnamed Rect: pos = array([127.12402633,  11.60696158])
17.1070 	EXP 	unnamed Rect: pos = array([127.12402633,  11.60696158])
17.1237 	EXP 	unnamed Rect: pos = array([127.12402633,  11.60696158])
17.1402 	EXP 	unnamed Rect: pos = array([127.12402633,  11.60696158])
17.1574 	EXP 	unnamed Rect: pos = array([127.12402633,  11.60696158])
17.1735 	EXP 	unnamed Rect: pos = array([127.12402633,  11.60696158])
17.1905 	EXP 	unnamed Rect: pos = array([127.12402633,  11.60696158])
17.2071 	EXP 	unnamed Rect: pos = array([127.12402633,  11.60696158])
17.2233 	EXP 	unnamed Rect: pos = array([127.12402633,  11.60696158])
17.2401 	EXP 	unnamed Rect: pos = array([127.12402633,  11.60696158])
17.2567 	EXP 	unnamed Rect: pos = array([127.12402633,  11.60696158])
17.2734 	EXP 	unnamed Rect: pos = array([127.12402633,  11.60696158])
17.2902 	EXP 	unnamed Rect: pos = array([127.12402633,  11.60696158])
17.3067 	EXP 	unnamed Rect: pos = array([127.12402633,  11.60696158])
17.3235 	EXP 	unnamed Rect: pos = array([127.12402633,  11.60696158])
17.3402 	EXP 	unnamed Rect: pos = array([127.12402633,  11.60696158])
17.3570 	EXP 	unnamed Rect: pos = array([127.12402633,  11.60696158])
17.3737 	EXP 	unnamed Rect: pos = array([127.12402633,  11.60696158])
17.3905 	EXP 	unnamed Rect: pos = array([127.12402633,  11.60696158])
17.4068 	EXP 	unnamed Rect: pos = array([127.12402633,  11.60696158])
17.4239 	EXP 	unnamed Rect: pos = array([127.12402633,  11.60696158])
17.4401 	EXP 	unnamed Rect: pos = array([127.12402633,  11.60696158])
17.4571 	EXP 	unnamed Rect: pos = array([127.12402633,  11.60696158])
17.4737 	EXP 	unnamed Rect: pos = array([127.12402633,  11.60696158])
17.4904 	EXP 	unnamed Rect: pos = array([127.12402633,  11.60696158])
17.5066 	EXP 	unnamed Rect: pos = array([127.12402633,  11.60696158])
17.5238 	EXP 	unnamed Rect: pos = array([127.12402633,  11.60696158])
17.5403 	EXP 	unnamed Rect: pos = array([127.12402633,  11.60696158])
17.5569 	EXP 	unnamed Rect: pos = array([127.12402633,  11.60696158])
17.5737 	EXP 	unnamed Rect: pos = array([127.12402633,  11.60696158])
17.5905 	EXP 	unnamed Rect: pos = array([127.12402633,  11.60696158])
17.6071 	EXP 	unnamed Rect: pos = array([127.12402633,  11.60696158])
17.6234 	EXP 	unnamed Rect: pos = array([127.12402633,  11.60696158])
17.6406 	EXP 	unnamed Rect: pos = array([127.12402633,  11.60696158])
17.6567 	EXP 	unnamed Rect: pos = array([127.12402633,  11.60696158])
17.6737 	EXP 	unnamed Rect: pos = array([127.12402633,  11.60696158])
17.6903 	EXP 	unnamed Rect: pos = array([127.12402633,  11.60696158])
17.7071 	EXP 	unnamed Rect: pos = array([127.12402633,  11.60696158])
17.7236 	EXP 	unnamed Rect: pos = array([127.12402633,  11.60696158])
17.7405 	EXP 	unnamed Rect: pos = array([127.12402633,  11.60696158])
17.7568 	EXP 	unnamed Rect: pos = array([127.12402633,  11.60696158])
17.7742 	EXP 	unnamed Rect: pos = array([127.12402633,  11.60696158])
17.7905 	EXP 	unnamed Rect: pos = array([127.12402633,  11.60696158])
17.8070 	EXP 	unnamed Rect: pos = array([127.12402633,  11.60696158])
17.8239 	EXP 	unnamed Rect: pos = array([127.12402633,  11.60696158])
17.8403 	EXP 	unnamed Rect: pos = array([127.12402633,  11.60696158])
17.8569 	EXP 	unnamed Rect: pos = array([127.12402633,  11.60696158])
17.8738 	EXP 	unnamed Rect: pos = array([127.12402633,  11.60696158])
17.8904 	EXP 	unnamed Rect: pos = array([127.12402633,  11.60696158])
17.9068 	EXP 	unnamed Rect: pos = array([127.12402633,  11.60696158])
17.9235 	EXP 	unnamed Rect: pos = array([127.12402633,  11.60696158])
17.9403 	EXP 	unnamed Rect: pos = array([127.12402633,  11.60696158])
17.9568 	EXP 	unnamed Rect: pos = array([127.12402633,  11.60696158])
17.9738 	EXP 	unnamed Rect: pos = array([127.12402633,  11.60696158])
17.9904 	EXP 	unnamed Rect: pos = array([127.12402633,  11.60696158])
18.0068 	EXP 	unnamed Rect: pos = array([127.12402633,  11.60696158])
18.0237 	EXP 	unnamed Rect: pos = array([127.12402633,  11.60696158])
18.0402 	EXP 	unnamed Rect: pos = array([127.12402633,  11.60696158])
18.0571 	EXP 	unnamed Rect: pos = array([127.12402633,  11.60696158])
18.0735 	EXP 	unnamed Rect: pos = array([127.12402633,  11.60696158])
18.0902 	EXP 	unnamed Rect: pos = array([127.12402633,  11.60696158])
18.1070 	EXP 	unnamed Rect: pos = array([127.12402633,  11.60696158])
18.1238 	EXP 	unnamed Rect: pos = array([127.12402633,  11.60696158])
18.1404 	EXP 	unnamed Rect: pos = array([127.12402633,  11.60696158])
18.1568 	EXP 	unnamed Rect: pos = array([127.12402633,  11.60696158])
18.1734 	EXP 	unnamed Rect: pos = array([127.12402633,  11.60696158])
18.1907 	EXP 	unnamed Rect: pos = array([127.12402633,  11.60696158])
18.2070 	EXP 	unnamed Rect: pos = array([127.12402633,  11.60696158])
18.2238 	EXP 	unnamed Rect: pos = array([127.12402633,  11.60696158])
18.2403 	EXP 	unnamed Rect: pos = array([127.12402633,  11.60696158])
18.2569 	EXP 	unnamed Rect: pos = array([127.12402633,  11.60696158])
18.2734 	EXP 	unnamed Rect: pos = array([127.12402633,  11.60696158])
18.2906 	EXP 	unnamed Rect: pos = array([127.12402633,  11.60696158])
18.3069 	EXP 	unnamed Rect: pos = array([127.12402633,  11.60696158])
18.3237 	EXP 	unnamed Rect: pos = array([127.12402633,  11.60696158])
18.3404 	EXP 	unnamed Rect: pos = array([127.12402633,  11.60696158])
18.3570 	EXP 	unnamed Rect: pos = array([127.12402633,  11.60696158])
18.3735 	EXP 	unnamed Rect: pos = array([127.12402633,  11.60696158])
18.3905 	EXP 	unnamed Rect: pos = array([127.12402633,  11.60696158])
18.4071 	EXP 	unnamed Rect: pos = array([127.12402633,  11.60696158])
18.4235 	EXP 	unnamed Rect: pos = array([127.12402633,  11.60696158])
18.4405 	EXP 	unnamed Rect: pos = array([127.12402633,  11.60696158])
18.4571 	EXP 	unnamed Rect: pos = array([127.12402633,  11.60696158])
18.4737 	EXP 	unnamed Rect: pos = array([127.12402633,  11.60696158])
18.4903 	EXP 	unnamed Rect: pos = array([127.12402633,  11.60696158])
18.5071 	EXP 	unnamed Rect: pos = array([127.12402633,  11.60696158])
18.5237 	EXP 	unnamed Rect: pos = array([127.12402633,  11.60696158])
18.5404 	EXP 	unnamed Rect: pos = array([127.12402633,  11.60696158])
18.5569 	EXP 	unnamed Rect: pos = array([127.12402633,  11.60696158])
18.5737 	EXP 	unnamed Rect: pos = array([127.12402633,  11.60696158])
18.5910 	EXP 	unnamed Rect: pos = array([127.12402633,  11.60696158])
18.6071 	EXP 	unnamed Rect: pos = array([127.12402633,  11.60696158])
18.6237 	EXP 	unnamed Rect: pos = array([127.12402633,  11.60696158])
18.6407 	EXP 	unnamed Rect: pos = array([127.12402633,  11.60696158])
18.6568 	EXP 	unnamed Rect: pos = array([127.12402633,  11.60696158])
18.6734 	EXP 	unnamed Rect: pos = array([127.12402633,  11.60696158])
18.6902 	EXP 	unnamed Rect: pos = array([127.12402633,  11.60696158])
18.7068 	EXP 	unnamed Rect: pos = array([127.12402633,  11.60696158])
18.7238 	EXP 	unnamed Rect: pos = array([127.12402633,  11.60696158])
18.7405 	EXP 	unnamed Rect: pos = array([127.12402633,  11.60696158])
18.7572 	EXP 	unnamed Rect: pos = array([127.12402633,  11.60696158])
18.7739 	EXP 	unnamed Rect: pos = array([127.12402633,  11.60696158])
18.7906 	EXP 	unnamed Rect: pos = array([127.12402633,  11.60696158])
18.8068 	EXP 	unnamed Rect: pos = array([127.12402633,  11.60696158])
18.8239 	EXP 	unnamed Rect: pos = array([127.12402633,  11.60696158])
18.8411 	EXP 	unnamed Rect: pos = array([127.12402633,  11.60696158])
18.8568 	EXP 	unnamed Rect: pos = array([127.12402633,  11.60696158])
18.8737 	EXP 	unnamed Rect: pos = array([127.12402633,  11.60696158])
18.8903 	EXP 	unnamed Rect: pos = array([127.12402633,  11.60696158])
18.9073 	EXP 	unnamed Rect: pos = array([127.12402633,  11.60696158])
18.9235 	EXP 	unnamed Rect: pos = array([127.12402633,  11.60696158])
18.9401 	EXP 	unnamed Rect: pos = array([127.12402633,  11.60696158])
18.9568 	EXP 	unnamed Rect: pos = array([127.12402633,  11.60696158])
18.9735 	EXP 	unnamed Rect: pos = array([127.12402633,  11.60696158])
18.9905 	EXP 	unnamed Rect: pos = array([127.12402633,  11.60696158])
19.0068 	EXP 	unnamed Rect: pos = array([127.12402633,  11.60696158])
19.0235 	EXP 	unnamed Rect: pos = array([127.12402633,  11.60696158])
19.0405 	EXP 	unnamed Rect: pos = array([127.12402633,  11.60696158])
19.0568 	EXP 	unnamed Rect: pos = array([127.12402633,  11.60696158])
19.0738 	EXP 	unnamed Rect: pos = array([127.12402633,  11.60696158])
19.0903 	EXP 	unnamed Rect: pos = array([127.12402633,  11.60696158])
19.1068 	EXP 	unnamed Rect: pos = array([127.12402633,  11.60696158])
19.1240 	EXP 	unnamed Rect: pos = array([127.12402633,  11.60696158])
19.1405 	EXP 	unnamed Rect: pos = array([127.12402633,  11.60696158])
19.1568 	EXP 	unnamed Rect: pos = array([127.12402633,  11.60696158])
19.1739 	EXP 	unnamed Rect: pos = array([127.12402633,  11.60696158])
19.1903 	EXP 	unnamed Rect: pos = array([127.12402633,  11.60696158])
19.2075 	EXP 	unnamed Rect: pos = array([127.12402633,  11.60696158])
19.2241 	EXP 	unnamed Rect: pos = array([127.12402633,  11.60696158])
19.2407 	EXP 	unnamed Rect: pos = array([127.12402633,  11.60696158])
19.2567 	EXP 	unnamed Rect: pos = array([127.12402633,  11.60696158])
19.2737 	EXP 	unnamed Rect: pos = array([127.12402633,  11.60696158])
19.2913 	EXP 	unnamed Rect: pos = array([127.12402633,  11.60696158])
19.3072 	EXP 	unnamed Rect: pos = array([127.12402633,  11.60696158])
19.3236 	EXP 	unnamed Rect: pos = array([127.12402633,  11.60696158])
19.3405 	EXP 	unnamed Rect: pos = array([127.12402633,  11.60696158])
19.3571 	EXP 	unnamed Rect: pos = array([127.12402633,  11.60696158])
19.3739 	EXP 	unnamed Rect: pos = array([127.12402633,  11.60696158])
19.3903 	EXP 	unnamed Rect: pos = array([127.12402633,  11.60696158])
19.4068 	EXP 	unnamed Rect: pos = array([127.12402633,  11.60696158])
19.4235 	EXP 	unnamed Rect: pos = array([127.12402633,  11.60696158])
19.4405 	EXP 	unnamed Rect: pos = array([127.12402633,  11.60696158])
19.4568 	EXP 	unnamed Rect: pos = array([127.12402633,  11.60696158])
19.4735 	EXP 	unnamed Rect: pos = array([127.12402633,  11.60696158])
19.4904 	EXP 	unnamed Rect: pos = array([127.12402633,  11.60696158])
19.5073 	EXP 	unnamed Rect: pos = array([127.12402633,  11.60696158])
19.5235 	EXP 	unnamed Rect: pos = array([127.12402633,  11.60696158])
19.5409 	EXP 	unnamed Rect: pos = array([127.12402633,  11.60696158])
19.5570 	EXP 	unnamed Rect: pos = array([127.12402633,  11.60696158])
19.5737 	EXP 	unnamed Rect: pos = array([127.12402633,  11.60696158])
19.5908 	EXP 	unnamed Rect: pos = array([127.12402633,  11.60696158])
19.6071 	EXP 	unnamed Rect: pos = array([127.12402633,  11.60696158])
19.6267 	EXP 	unnamed Rect: pos = array([127.12402633,  11.60696158])
19.6397 	EXP 	unnamed Rect: pos = array([127.12402633,  11.60696158])
19.6574 	EXP 	unnamed Rect: pos = array([127.12402633,  11.60696158])
19.6735 	EXP 	unnamed Rect: pos = array([127.12402633,  11.60696158])
19.6903 	EXP 	unnamed Rect: pos = array([127.12402633,  11.60696158])
19.7067 	EXP 	unnamed Rect: pos = array([127.12402633,  11.60696158])
19.7239 	EXP 	unnamed Rect: pos = array([127.12402633,  11.60696158])
19.7402 	EXP 	unnamed Rect: pos = array([127.12402633,  11.60696158])
19.7568 	EXP 	unnamed Rect: pos = array([127.12402633,  11.60696158])
19.7740 	EXP 	unnamed Rect: pos = array([127.12402633,  11.60696158])
19.7906 	EXP 	unnamed Rect: pos = array([127.12402633,  11.60696158])
19.8072 	EXP 	unnamed Rect: pos = array([127.12402633,  11.60696158])
19.8242 	EXP 	unnamed Rect: pos = array([127.12402633,  11.60696158])
19.8404 	EXP 	unnamed Rect: pos = array([127.12402633,  11.60696158])
19.8572 	EXP 	unnamed Rect: pos = array([127.12402633,  11.60696158])
19.8735 	EXP 	unnamed Rect: pos = array([127.12402633,  11.60696158])
19.8902 	EXP 	unnamed Rect: pos = array([127.12402633,  11.60696158])
19.9067 	EXP 	unnamed Rect: pos = array([127.12402633,  11.60696158])
19.9235 	EXP 	unnamed Rect: pos = array([127.12402633,  11.60696158])
19.9402 	EXP 	unnamed Rect: pos = array([127.12402633,  11.60696158])
19.9572 	EXP 	unnamed Rect: pos = array([127.12402633,  11.60696158])
19.9737 	EXP 	unnamed Rect: pos = array([127.12402633,  11.60696158])
19.9902 	EXP 	unnamed Rect: pos = array([127.12402633,  11.60696158])
20.0072 	EXP 	unnamed Rect: pos = array([127.12402633,  11.60696158])
20.0235 	EXP 	unnamed Rect: pos = array([127.12402633,  11.60696158])
20.0403 	EXP 	unnamed Rect: pos = array([127.12402633,  11.60696158])
20.0570 	EXP 	unnamed Rect: pos = array([127.12402633,  11.60696158])
20.0738 	EXP 	unnamed Rect: pos = array([127.12402633,  11.60696158])
20.0902 	EXP 	unnamed Rect: pos = array([127.12402633,  11.60696158])
20.1072 	EXP 	unnamed Rect: pos = array([127.12402633,  11.60696158])
20.1239 	EXP 	unnamed Rect: pos = array([127.12402633,  11.60696158])
20.1401 	EXP 	unnamed Rect: pos = array([127.12402633,  11.60696158])
20.1574 	EXP 	unnamed Rect: pos = array([127.12402633,  11.60696158])
20.1737 	EXP 	unnamed Rect: pos = array([127.12402633,  11.60696158])
20.1904 	EXP 	unnamed Rect: pos = array([127.12402633,  11.60696158])
20.2071 	EXP 	unnamed Rect: pos = array([127.12402633,  11.60696158])
20.2235 	EXP 	unnamed Rect: pos = array([127.12402633,  11.60696158])
20.2405 	EXP 	unnamed Rect: pos = array([127.12402633,  11.60696158])
20.2569 	EXP 	unnamed Rect: pos = array([127.12402633,  11.60696158])
20.2735 	EXP 	unnamed Rect: pos = array([127.12402633,  11.60696158])
20.2902 	EXP 	unnamed Rect: pos = array([127.12402633,  11.60696158])
20.3069 	EXP 	unnamed Rect: pos = array([127.12402633,  11.60696158])
20.3238 	EXP 	unnamed Rect: pos = array([127.12402633,  11.60696158])
20.3403 	EXP 	unnamed Rect: pos = array([127.12402633,  11.60696158])
20.3571 	EXP 	unnamed Rect: pos = array([127.12402633,  11.60696158])
20.3735 	EXP 	unnamed Rect: pos = array([127.12402633,  11.60696158])
20.3906 	EXP 	unnamed Rect: pos = array([127.12402633,  11.60696158])
20.4071 	EXP 	unnamed Rect: pos = array([127.12402633,  11.60696158])
20.4238 	EXP 	unnamed Rect: pos = array([127.12402633,  11.60696158])
20.4401 	EXP 	unnamed Rect: pos = array([127.12402633,  11.60696158])
20.4572 	EXP 	unnamed Rect: pos = array([127.12402633,  11.60696158])
20.4738 	EXP 	unnamed Rect: pos = array([127.12402633,  11.60696158])
20.4906 	EXP 	unnamed Rect: pos = array([127.12402633,  11.60696158])
20.5067 	EXP 	unnamed Rect: pos = array([127.12402633,  11.60696158])
20.5235 	EXP 	unnamed Rect: pos = array([127.12402633,  11.60696158])
20.5408 	EXP 	unnamed Rect: pos = array([127.12402633,  11.60696158])
20.5583 	EXP 	unnamed Rect: pos = array([127.12402633,  11.60696158])
20.5791 	EXP 	unnamed Rect: pos = array([127.12402633,  11.60696158])
20.5894 	EXP 	unnamed Rect: pos = array([127.12402633,  11.60696158])
20.6073 	EXP 	unnamed Rect: pos = array([127.12402633,  11.60696158])
20.6236 	EXP 	unnamed Rect: pos = array([127.12402633,  11.60696158])
20.6406 	EXP 	unnamed Rect: pos = array([127.12402633,  11.60696158])
20.6570 	EXP 	unnamed Rect: pos = array([127.12402633,  11.60696158])
20.6734 	EXP 	unnamed Rect: pos = array([127.12402633,  11.60696158])
20.6902 	EXP 	unnamed Rect: pos = array([127.12402633,  11.60696158])
20.7071 	EXP 	unnamed Rect: pos = array([127.12402633,  11.60696158])
20.7234 	EXP 	unnamed Rect: pos = array([127.12402633,  11.60696158])
20.7405 	EXP 	unnamed Rect: pos = array([127.12402633,  11.60696158])
20.7569 	EXP 	unnamed Rect: pos = array([127.12402633,  11.60696158])
20.7740 	EXP 	unnamed Rect: pos = array([127.12402633,  11.60696158])
20.7904 	EXP 	unnamed Rect: pos = array([127.12402633,  11.60696158])
20.8069 	EXP 	unnamed Rect: pos = array([127.12402633,  11.60696158])
20.8238 	EXP 	unnamed Rect: pos = array([127.12402633,  11.60696158])
20.8404 	EXP 	unnamed Rect: pos = array([127.12402633,  11.60696158])
20.8574 	EXP 	unnamed Rect: pos = array([127.12402633,  11.60696158])
20.8739 	EXP 	unnamed Rect: pos = array([127.12402633,  11.60696158])
20.8909 	EXP 	unnamed Rect: pos = array([127.12402633,  11.60696158])
20.9078 	EXP 	unnamed Rect: pos = array([127.12402633,  11.60696158])
20.9241 	EXP 	unnamed Rect: pos = array([127.12402633,  11.60696158])
20.9403 	EXP 	unnamed Rect: pos = array([127.12402633,  11.60696158])
20.9569 	EXP 	unnamed Rect: pos = array([127.12402633,  11.60696158])
20.9733 	EXP 	unnamed Rect: pos = array([127.12402633,  11.60696158])
20.9903 	EXP 	unnamed Rect: pos = array([127.12402633,  11.60696158])
21.0067 	EXP 	unnamed Rect: pos = array([127.12402633,  11.60696158])
21.0238 	EXP 	unnamed Rect: pos = array([127.12402633,  11.60696158])
21.0403 	EXP 	unnamed Rect: pos = array([127.12402633,  11.60696158])
21.0569 	EXP 	unnamed Rect: pos = array([127.12402633,  11.60696158])
21.0739 	EXP 	unnamed Rect: pos = array([127.12402633,  11.60696158])
21.0905 	EXP 	unnamed Rect: pos = array([127.12402633,  11.60696158])
21.1069 	EXP 	unnamed Rect: pos = array([127.12402633,  11.60696158])
21.1236 	EXP 	unnamed Rect: pos = array([127.12402633,  11.60696158])
21.1407 	EXP 	unnamed Rect: pos = array([127.12402633,  11.60696158])
21.1569 	EXP 	unnamed Rect: pos = array([127.12402633,  11.60696158])
21.1740 	EXP 	unnamed Rect: pos = array([127.12402633,  11.60696158])
21.1905 	EXP 	unnamed Rect: pos = array([127.12402633,  11.60696158])
21.2072 	EXP 	unnamed Rect: pos = array([127.12402633,  11.60696158])
21.2236 	EXP 	unnamed Rect: pos = array([127.12402633,  11.60696158])
21.2407 	EXP 	unnamed Rect: pos = array([127.12402633,  11.60696158])
21.2572 	EXP 	unnamed Rect: pos = array([127.12402633,  11.60696158])
21.2738 	EXP 	unnamed Rect: pos = array([127.12402633,  11.60696158])
21.2902 	EXP 	unnamed Rect: pos = array([127.12402633,  11.60696158])
21.3073 	EXP 	unnamed Rect: pos = array([127.12402633,  11.60696158])
21.3247 	EXP 	unnamed Rect: pos = array([127.12402633,  11.60696158])
21.3413 	EXP 	unnamed Rect: pos = array([127.12402633,  11.60696158])
21.3581 	EXP 	unnamed Rect: pos = array([127.12402633,  11.60696158])
21.3736 	EXP 	unnamed Rect: pos = array([127.12402633,  11.60696158])
21.3904 	EXP 	unnamed Rect: pos = array([127.12402633,  11.60696158])
21.4068 	EXP 	unnamed Rect: pos = array([127.12402633,  11.60696158])
21.4236 	EXP 	unnamed Rect: pos = array([127.12402633,  11.60696158])
21.4404 	EXP 	unnamed Rect: pos = array([127.12402633,  11.60696158])
21.4572 	EXP 	unnamed Rect: pos = array([127.12402633,  11.60696158])
21.4735 	EXP 	unnamed Rect: pos = array([127.12402633,  11.60696158])
21.4903 	EXP 	unnamed Rect: pos = array([127.12402633,  11.60696158])
21.5076 	EXP 	unnamed Rect: pos = array([127.12402633,  11.60696158])
21.5241 	EXP 	unnamed Rect: pos = array([127.12402633,  11.60696158])
21.5409 	EXP 	unnamed Rect: pos = array([127.12402633,  11.60696158])
21.5566 	EXP 	unnamed Rect: pos = array([127.12402633,  11.60696158])
21.5731 	EXP 	unnamed Rect: pos = array([127.12402633,  11.60696158])
21.5899 	EXP 	unnamed Rect: pos = array([127.12402633,  11.60696158])
21.6068 	EXP 	unnamed Rect: pos = array([127.12402633,  11.60696158])
21.6243 	EXP 	unnamed Rect: pos = array([127.12402633,  11.60696158])
21.6412 	EXP 	unnamed Rect: pos = array([127.12402633,  11.60696158])
21.6579 	EXP 	unnamed Rect: pos = array([127.12402633,  11.60696158])
21.6741 	EXP 	unnamed Rect: pos = array([127.12402633,  11.60696158])
21.6910 	EXP 	unnamed Rect: pos = array([127.12402633,  11.60696158])
21.7074 	EXP 	unnamed Rect: pos = array([127.12402633,  11.60696158])
21.7236 	EXP 	unnamed Rect: pos = array([127.12402633,  11.60696158])
21.7402 	EXP 	unnamed Rect: pos = array([127.12402633,  11.60696158])
21.7569 	EXP 	unnamed Rect: pos = array([127.12402633,  11.60696158])
21.7735 	EXP 	unnamed Rect: pos = array([127.12402633,  11.60696158])
21.7899 	EXP 	unnamed Rect: pos = array([127.12402633,  11.60696158])
21.8067 	EXP 	unnamed Rect: pos = array([127.12402633,  11.60696158])
21.8240 	EXP 	unnamed Rect: pos = array([127.12402633,  11.60696158])
21.8405 	EXP 	unnamed Rect: pos = array([127.12402633,  11.60696158])
21.8569 	EXP 	unnamed Rect: pos = array([127.12402633,  11.60696158])
21.8740 	EXP 	unnamed Rect: pos = array([127.12402633,  11.60696158])
21.8908 	EXP 	unnamed Rect: pos = array([127.12402633,  11.60696158])
21.9068 	EXP 	unnamed Rect: pos = array([127.12402633,  11.60696158])
21.9235 	EXP 	unnamed Rect: pos = array([127.12402633,  11.60696158])
21.9401 	EXP 	unnamed Rect: pos = array([127.12402633,  11.60696158])
21.9579 	EXP 	unnamed Rect: pos = array([127.12402633,  11.60696158])
21.9739 	EXP 	unnamed Rect: pos = array([127.12402633,  11.60696158])
21.9912 	EXP 	unnamed Rect: pos = array([127.12402633,  11.60696158])
22.0071 	EXP 	unnamed Rect: pos = array([127.12402633,  11.60696158])
22.0236 	EXP 	unnamed Rect: pos = array([127.12402633,  11.60696158])
22.0401 	EXP 	unnamed Rect: pos = array([127.12402633,  11.60696158])
22.0569 	EXP 	unnamed Rect: pos = array([127.12402633,  11.60696158])
22.0735 	EXP 	unnamed Rect: pos = array([127.12402633,  11.60696158])
22.0905 	EXP 	unnamed Rect: pos = array([127.12402633,  11.60696158])
22.1071 	EXP 	unnamed Rect: pos = array([127.12402633,  11.60696158])
22.1235 	EXP 	unnamed Rect: pos = array([127.12402633,  11.60696158])
22.1406 	EXP 	unnamed Rect: pos = array([127.12402633,  11.60696158])
22.1572 	EXP 	unnamed Rect: pos = array([127.12402633,  11.60696158])
22.1735 	EXP 	unnamed Rect: pos = array([127.12402633,  11.60696158])
22.1906 	EXP 	unnamed Rect: pos = array([127.12402633,  11.60696158])
22.2072 	EXP 	unnamed Rect: pos = array([127.12402633,  11.60696158])
22.2234 	EXP 	unnamed Rect: pos = array([127.12402633,  11.60696158])
22.2406 	EXP 	unnamed Rect: pos = array([127.12402633,  11.60696158])
22.2568 	EXP 	unnamed Rect: pos = array([127.12402633,  11.60696158])
22.2736 	EXP 	unnamed Rect: pos = array([127.12402633,  11.60696158])
22.2903 	EXP 	unnamed Rect: pos = array([127.12402633,  11.60696158])
22.3067 	EXP 	unnamed Rect: pos = array([127.12402633,  11.60696158])
22.3235 	EXP 	unnamed Rect: pos = array([127.12402633,  11.60696158])
22.3407 	EXP 	unnamed Rect: pos = array([127.12402633,  11.60696158])
22.3571 	EXP 	unnamed Rect: pos = array([127.12402633,  11.60696158])
22.3733 	EXP 	unnamed Rect: pos = array([127.12402633,  11.60696158])
22.3907 	EXP 	unnamed Rect: pos = array([127.12402633,  11.60696158])
22.4072 	EXP 	unnamed Rect: pos = array([127.12402633,  11.60696158])
22.4235 	EXP 	unnamed Rect: pos = array([127.12402633,  11.60696158])
22.4401 	EXP 	unnamed Rect: pos = array([127.12402633,  11.60696158])
22.4571 	EXP 	unnamed Rect: pos = array([127.12402633,  11.60696158])
22.4735 	EXP 	unnamed Rect: pos = array([127.12402633,  11.60696158])
22.4902 	EXP 	unnamed Rect: pos = array([127.12402633,  11.60696158])
22.5071 	EXP 	unnamed Rect: pos = array([127.12402633,  11.60696158])
22.5240 	EXP 	unnamed Rect: pos = array([127.12402633,  11.60696158])
22.5402 	EXP 	unnamed Rect: pos = array([127.12402633,  11.60696158])
22.5570 	EXP 	unnamed Rect: pos = array([127.12402633,  11.60696158])
22.5738 	EXP 	unnamed Rect: pos = array([127.12402633,  11.60696158])
22.5902 	EXP 	unnamed Rect: pos = array([127.12402633,  11.60696158])
22.6068 	EXP 	unnamed Rect: pos = array([127.12402633,  11.60696158])
22.6239 	EXP 	text: autoDraw = True
25.2794 	DATA 	Keypress: q
25.6078 	EXP 	New trial (rep=1, index=0): None
25.6243 	EXP 	text: autoDraw = False
25.6243 	EXP 	text: autoDraw = False
25.6243 	EXP 	Welcometext: autoDraw = True
25.7609 	DATA 	Keypress: escape
25.9090 	EXP 	window1: mouseVisible = True
0.5147 	WARNING 	We strongly recommend you activate the PTB sound engine in PsychoPy prefs as the preferred audio engine. Its timing is vastly superior. Your prefs are currently set to use ['sounddevice', 'PTB', 'pyo', 'pygame'] (in that order).
5.8684 	ERROR 	'-1.0000, -1.0000, -1.0000' is not a valid rgb color
6.4323 	EXP 	Created window1 = Window(allowGUI=False, allowStencil=False, autoLog=True, backendConf=UNKNOWN, bitsMode=UNKNOWN, blendMode='avg', bpc=(8, 8, 8), color=array([0, 0, 0]), colorSpace='rgb', depthBits=8, fullscr=<method-wrapper '__getattribute__' of attributeSetter object at 0x7fa4a5ed39b0>, gamma=None, gammaErrorPolicy='raise', lms=UNKNOWN, monitor=<psychopy.monitors.calibTools.Monitor object at 0x7fa4a59f2400>, multiSample=False, name='window1', numSamples=2, pos=[360.0, 225.0], screen=0, size=array([2880, 1800]), stencilBits=0, stereo=False, units='height', useFBO=True, useRetina=True, viewOri=0.0, viewPos=None, viewScale=None, waitBlanking=True, winType='pyglet')
6.4326 	EXP 	window1: mouseVisible = True
6.4327 	EXP 	window1: recordFrameIntervals = False
6.5989 	EXP 	window1: recordFrameIntervals = True
6.7823 	EXP 	window1: recordFrameIntervals = False
7.3613 	DEPRECATION 	'1.0000, 1.0000, 1.0000' is not a valid rgb color
7.3861 	EXP 	Created Welcometext = TextStim(__class__=<class 'psychopy.visual.text.TextStim'>, alignHoriz=method-wrapper(...), alignText='center', alignVert=method-wrapper(...), anchorHoriz='center', anchorVert='center', antialias=True, autoLog=True, bold=False, color=array([0., 0., 0.]), colorSpace='rgb', contrast=1.0, depth=0.0, flipHoriz=False, flipVert=False, font='Open Sans', fontFiles=[], height=0.05, italic=False, languageStyle='LTR', name='Welcometext', opacity=0, ori=0.0, pos=array([0., 0.]), rgb=UNKNOWN, text='Welcome\nPlease press Spacebar to start', units='height', win=Window(...), wrapWidth=1)
7.7500 	EXP 	Created text = TextStim(__class__=<class 'psychopy.visual.text.TextStim'>, alignHoriz=method-wrapper(...), alignText='center', alignVert=method-wrapper(...), anchorHoriz='center', anchorVert='center', antialias=True, autoLog=True, bold=False, color=array([1., 1., 1.]), colorSpace='rgb', contrast=1.0, depth=0.0, flipHoriz=False, flipVert=False, font='Open Sans', fontFiles=[], height=0.05, italic=False, languageStyle='LTR', name='text', opacity=1, ori=0.0, pos=array([0., 0.]), rgb=UNKNOWN, text=str(...), units='height', win=Window(...), wrapWidth=1)
7.7505 	EXP 	Created sequence: random, trialTypes=1, nReps=5, seed=None
7.7507 	EXP 	New trial (rep=0, index=0): None
7.7565 	EXP 	Welcometext: autoDraw = True
14.0188 	DATA 	Keypress: left
14.3380 	EXP 	Created unnamed Rect = Rect(__class__=<class 'psychopy.visual.rect.Rect'>, autoDraw=False, autoLog=True, closeShape=True, color=method-wrapper(...), colorSpace='rgb', contrast=None, depth=0, fillColor=array([ 1, -1, -1]), fillColorSpace='rgb', fillRGB=array([ 1, -1, -1]), interpolate=True, lineColor=array([-1., -1.,  1.]), lineColorSpace='rgb', lineRGB=array([-1, -1,  1]), lineWidth=1.5, name='unnamed Rect', opacity=1, ori=0.0, pos=array([0., 0.]), size=array([1000.,  700.]), units='pix', vertices=ndarray(...), win=Window(...))
14.3406 	EXP 	Created unnamed Rect = Rect(__class__=<class 'psychopy.visual.rect.Rect'>, autoDraw=False, autoLog=True, closeShape=True, color=method-wrapper(...), colorSpace='rgb', contrast=None, depth=0, fillColor=array([-1, -1, -1]), fillColorSpace='rgb', fillRGB=array([-1, -1, -1]), interpolate=True, lineColor=array([-1., -1.,  1.]), lineColorSpace='rgb', lineRGB=array([-1, -1,  1]), lineWidth=1.5, name='unnamed Rect', opacity=1, ori=0.0, pos=array([0., 0.]), size=array([400., 600.]), units='pix', vertices=ndarray(...), win=Window(...))
14.3432 	EXP 	Created unnamed Rect = Rect(__class__=<class 'psychopy.visual.rect.Rect'>, autoDraw=False, autoLog=True, closeShape=True, color=method-wrapper(...), colorSpace='rgb', contrast=None, depth=0, fillColor=array([-1, -1, -1]), fillColorSpace='rgb', fillRGB=array([-1, -1, -1]), interpolate=True, lineColor=array([-1., -1.,  1.]), lineColorSpace='rgb', lineRGB=array([-1, -1,  1]), lineWidth=1.5, name='unnamed Rect', opacity=1, ori=0.0, pos=array([0., 0.]), size=array([400., 600.]), units='pix', vertices=ndarray(...), win=Window(...))
14.3465 	EXP 	Created unnamed Rect = Rect(__class__=<class 'psychopy.visual.rect.Rect'>, autoDraw=False, autoLog=True, closeShape=True, color=method-wrapper(...), colorSpace='rgb', contrast=None, depth=0, fillColor=array([ 1,  1, -1]), fillColorSpace='rgb', fillRGB=array([ 1,  1, -1]), interpolate=True, lineColor=array([0., 0., 0.]), lineColorSpace='rgb', lineRGB=array([0, 0, 0]), lineWidth=1.5, name='unnamed Rect', opacity=0.5, ori=0.0, pos=array([0., 0.]), size=array([30., 30.]), units='pix', vertices=ndarray(...), win=Window(...))
14.3493 	EXP 	Created unnamed Rect = Rect(__class__=<class 'psychopy.visual.rect.Rect'>, autoDraw=False, autoLog=True, closeShape=True, color=method-wrapper(...), colorSpace='rgb', contrast=None, depth=0, fillColor=array([ 1,  1, -1]), fillColorSpace='rgb', fillRGB=array([ 1,  1, -1]), interpolate=True, lineColor=array([0., 0., 0.]), lineColorSpace='rgb', lineRGB=array([0, 0, 0]), lineWidth=1.5, name='unnamed Rect', opacity=0.5, ori=0.0, pos=array([0., 0.]), size=array([30., 30.]), units='pix', vertices=ndarray(...), win=Window(...))
14.3520 	EXP 	Created unnamed Rect = Rect(__class__=<class 'psychopy.visual.rect.Rect'>, autoDraw=False, autoLog=True, closeShape=True, color=method-wrapper(...), colorSpace='rgb', contrast=None, depth=0, fillColor=array([ 1,  1, -1]), fillColorSpace='rgb', fillRGB=array([ 1,  1, -1]), interpolate=True, lineColor=array([0., 0., 0.]), lineColorSpace='rgb', lineRGB=array([0, 0, 0]), lineWidth=1.5, name='unnamed Rect', opacity=0.5, ori=0.0, pos=array([0., 0.]), size=array([30., 30.]), units='pix', vertices=ndarray(...), win=Window(...))
14.3548 	EXP 	Created unnamed Rect = Rect(__class__=<class 'psychopy.visual.rect.Rect'>, autoDraw=False, autoLog=True, closeShape=True, color=method-wrapper(...), colorSpace='rgb', contrast=None, depth=0, fillColor=array([ 1,  1, -1]), fillColorSpace='rgb', fillRGB=array([ 1,  1, -1]), interpolate=True, lineColor=array([0., 0., 0.]), lineColorSpace='rgb', lineRGB=array([0, 0, 0]), lineWidth=1.5, name='unnamed Rect', opacity=0.5, ori=0.0, pos=array([0., 0.]), size=array([30., 30.]), units='pix', vertices=ndarray(...), win=Window(...))
14.3572 	EXP 	Created unnamed Rect = Rect(__class__=<class 'psychopy.visual.rect.Rect'>, autoDraw=False, autoLog=True, closeShape=True, color=method-wrapper(...), colorSpace='rgb', contrast=None, depth=0, fillColor=array([ 1,  1, -1]), fillColorSpace='rgb', fillRGB=array([ 1,  1, -1]), interpolate=True, lineColor=array([0., 0., 0.]), lineColorSpace='rgb', lineRGB=array([0, 0, 0]), lineWidth=1.5, name='unnamed Rect', opacity=0.5, ori=0.0, pos=array([0., 0.]), size=array([30., 30.]), units='pix', vertices=ndarray(...), win=Window(...))
14.3597 	EXP 	Created unnamed Rect = Rect(__class__=<class 'psychopy.visual.rect.Rect'>, autoDraw=False, autoLog=True, closeShape=True, color=method-wrapper(...), colorSpace='rgb', contrast=None, depth=0, fillColor=array([ 1,  1, -1]), fillColorSpace='rgb', fillRGB=array([ 1,  1, -1]), interpolate=True, lineColor=array([0., 0., 0.]), lineColorSpace='rgb', lineRGB=array([0, 0, 0]), lineWidth=1.5, name='unnamed Rect', opacity=0.5, ori=0.0, pos=array([0., 0.]), size=array([30., 30.]), units='pix', vertices=ndarray(...), win=Window(...))
14.3991 	EXP 	Created unnamed ImageStim = ImageStim(__class__=<class 'psychopy.visual.image.ImageStim'>, autoLog=True, color=array([1., 1., 1.]), colorSpace='rgb', contrast=1.0, depth=0, flipHoriz=False, flipVert=False, image='tree.png', interpolate=False, mask=None, maskParams=None, name='unnamed ImageStim', opacity=1, ori=0.0, pos=array([0., 0.]), size=array([512, 512]), texRes=128, units='pix', win=Window(...))
14.4201 	EXP 	Created unnamed ImageStim = ImageStim(__class__=<class 'psychopy.visual.image.ImageStim'>, autoLog=True, color=array([1., 1., 1.]), colorSpace='rgb', contrast=1.0, depth=0, flipHoriz=False, flipVert=False, image='tree.png', interpolate=False, mask=None, maskParams=None, name='unnamed ImageStim', opacity=1, ori=0.0, pos=array([0., 0.]), size=array([512, 512]), texRes=128, units='pix', win=Window(...))
14.4385 	EXP 	Created unnamed ImageStim = ImageStim(__class__=<class 'psychopy.visual.image.ImageStim'>, autoLog=True, color=array([1., 1., 1.]), colorSpace='rgb', contrast=1.0, depth=0, flipHoriz=False, flipVert=False, image='tree.png', interpolate=False, mask=None, maskParams=None, name='unnamed ImageStim', opacity=1, ori=0.0, pos=array([0., 0.]), size=array([512, 512]), texRes=128, units='pix', win=Window(...))
14.4561 	EXP 	Created unnamed ImageStim = ImageStim(__class__=<class 'psychopy.visual.image.ImageStim'>, autoLog=True, color=array([1., 1., 1.]), colorSpace='rgb', contrast=1.0, depth=0, flipHoriz=False, flipVert=False, image='tree.png', interpolate=False, mask=None, maskParams=None, name='unnamed ImageStim', opacity=1, ori=0.0, pos=array([0., 0.]), size=array([512, 512]), texRes=128, units='pix', win=Window(...))
14.4734 	EXP 	Created unnamed ImageStim = ImageStim(__class__=<class 'psychopy.visual.image.ImageStim'>, autoLog=True, color=array([1., 1., 1.]), colorSpace='rgb', contrast=1.0, depth=0, flipHoriz=False, flipVert=False, image='tree.png', interpolate=False, mask=None, maskParams=None, name='unnamed ImageStim', opacity=1, ori=0.0, pos=array([0., 0.]), size=array([512, 512]), texRes=128, units='pix', win=Window(...))
14.4909 	EXP 	Created unnamed ImageStim = ImageStim(__class__=<class 'psychopy.visual.image.ImageStim'>, autoLog=True, color=array([1., 1., 1.]), colorSpace='rgb', contrast=1.0, depth=0, flipHoriz=False, flipVert=False, image='tree.png', interpolate=False, mask=None, maskParams=None, name='unnamed ImageStim', opacity=1, ori=0.0, pos=array([0., 0.]), size=array([512, 512]), texRes=128, units='pix', win=Window(...))
14.5083 	EXP 	Created unnamed ImageStim = ImageStim(__class__=<class 'psychopy.visual.image.ImageStim'>, autoLog=True, color=array([1., 1., 1.]), colorSpace='rgb', contrast=1.0, depth=0, flipHoriz=False, flipVert=False, image='tree.png', interpolate=False, mask=None, maskParams=None, name='unnamed ImageStim', opacity=1, ori=0.0, pos=array([0., 0.]), size=array([512, 512]), texRes=128, units='pix', win=Window(...))
14.5257 	EXP 	Created unnamed ImageStim = ImageStim(__class__=<class 'psychopy.visual.image.ImageStim'>, autoLog=True, color=array([1., 1., 1.]), colorSpace='rgb', contrast=1.0, depth=0, flipHoriz=False, flipVert=False, image='tree.png', interpolate=False, mask=None, maskParams=None, name='unnamed ImageStim', opacity=1, ori=0.0, pos=array([0., 0.]), size=array([512, 512]), texRes=128, units='pix', win=Window(...))
14.5433 	EXP 	Created unnamed ImageStim = ImageStim(__class__=<class 'psychopy.visual.image.ImageStim'>, autoLog=True, color=array([1., 1., 1.]), colorSpace='rgb', contrast=1.0, depth=0, flipHoriz=False, flipVert=False, image='tree.png', interpolate=False, mask=None, maskParams=None, name='unnamed ImageStim', opacity=1, ori=0.0, pos=array([0., 0.]), size=array([512, 512]), texRes=128, units='pix', win=Window(...))
14.5512 	DATA 	Keypress: space
14.5520 	DATA 	Keypress: n
14.5579 	EXP 	Welcometext: autoDraw = False
14.5579 	EXP 	unnamed Rect: pos = [-250, 0]
14.5579 	EXP 	unnamed Rect: pos = [250, 0]
14.5579 	EXP 	unnamed Rect: pos = [-115.63649551167777, -207.8240041942042]
14.5579 	EXP 	unnamed Rect: pos = [-218.81059471067405, -109.159860031095]
14.5579 	EXP 	unnamed Rect: pos = [-254.16531895087198, 191.24674581865364]
14.5579 	EXP 	unnamed Rect: pos = [-433.0664343828859, 15.6025007380564]
14.5579 	EXP 	unnamed Rect: pos = [-231.16763084919504, -160.97837759075264]
14.5579 	EXP 	unnamed Rect: pos = [266.14589748437254, -14.834139544243335]
14.5579 	EXP 	unnamed ImageStim: size = [51.2, 51.2]
14.5579 	EXP 	unnamed ImageStim: size = [51.2, 51.2]
14.5579 	EXP 	unnamed ImageStim: size = [51.2, 51.2]
14.5579 	EXP 	unnamed ImageStim: size = [51.2, 51.2]
14.5579 	EXP 	unnamed ImageStim: size = [51.2, 51.2]
14.5579 	EXP 	unnamed ImageStim: size = [51.2, 51.2]
14.5579 	EXP 	unnamed ImageStim: size = [51.2, 51.2]
14.5579 	EXP 	unnamed ImageStim: size = [51.2, 51.2]
14.5579 	EXP 	unnamed ImageStim: size = [51.2, 51.2]
14.5579 	EXP 	unnamed ImageStim: pos = [88.45708583839772, 216.42555898365677]
14.5579 	EXP 	unnamed ImageStim: pos = [88.69608714046444, -202.76627332643668]
14.5579 	EXP 	unnamed ImageStim: pos = [42.096423322824066, -160.10864944115065]
14.5579 	EXP 	unnamed ImageStim: pos = [-161.54291416160228, 216.42555898365677]
14.5579 	EXP 	unnamed ImageStim: pos = [338.4570858383977, 216.42555898365677]
14.5579 	EXP 	unnamed ImageStim: pos = [-161.30391285953556, -202.76627332643668]
14.5579 	EXP 	unnamed ImageStim: pos = [338.69608714046444, -202.76627332643668]
14.5579 	EXP 	unnamed ImageStim: pos = [-207.90357667717592, -160.10864944115065]
14.5579 	EXP 	unnamed ImageStim: pos = [292.0964233228241, -160.10864944115065]
20.0875 	EXP 	Created unnamed Rect = Rect(__class__=<class 'psychopy.visual.rect.Rect'>, autoDraw=False, autoLog=True, closeShape=True, color=method-wrapper(...), colorSpace='rgb', contrast=None, depth=0, fillColor=array([-1, -1, -1]), fillColorSpace='rgb', fillRGB=array([-1, -1, -1]), interpolate=True, lineColor=array([-1., -1.,  1.]), lineColorSpace='rgb', lineRGB=array([-1, -1,  1]), lineWidth=1.5, name='unnamed Rect', opacity=1, ori=0.0, pos=array([0., 0.]), size=array([400., 600.]), units='pix', vertices=ndarray(...), win=Window(...))
20.0940 	EXP 	Created unnamed Rect = Rect(__class__=<class 'psychopy.visual.rect.Rect'>, autoDraw=False, autoLog=True, closeShape=True, color=method-wrapper(...), colorSpace='rgb', contrast=None, depth=0, fillColor=array([-1, -1, -1]), fillColorSpace='rgb', fillRGB=array([-1, -1, -1]), interpolate=True, lineColor=array([-1., -1.,  1.]), lineColorSpace='rgb', lineRGB=array([-1, -1,  1]), lineWidth=1.5, name='unnamed Rect', opacity=1, ori=0.0, pos=array([0., 0.]), size=array([400., 600.]), units='pix', vertices=ndarray(...), win=Window(...))
20.0957 	DATA 	Keypress: left
20.1080 	EXP 	unnamed Rect: pos = array([ 134.36350449, -207.82400419])
20.1080 	EXP 	unnamed Rect: pos = array([  31.18940529, -109.15986003])
20.1080 	EXP 	unnamed Rect: pos = array([ -4.16531895, 191.24674582])
20.1080 	EXP 	unnamed Rect: pos = array([-183.06643438,   15.60250074])
20.1080 	EXP 	unnamed Rect: pos = array([  18.83236915, -160.97837759])
20.1080 	EXP 	unnamed Rect: pos = array([  21.18940529, -109.15986003])
20.1183 	EXP 	unnamed Rect: pos = array([  21.18940529, -109.15986003])
20.1312 	EXP 	unnamed Rect: pos = array([  21.18940529, -109.15986003])
20.1484 	EXP 	unnamed Rect: pos = array([  21.18940529, -109.15986003])
20.1648 	EXP 	unnamed Rect: pos = array([  21.18940529, -109.15986003])
20.1819 	EXP 	unnamed Rect: pos = array([  21.18940529, -109.15986003])
20.1985 	EXP 	unnamed Rect: pos = array([  21.18940529, -109.15986003])
20.2158 	EXP 	unnamed Rect: pos = array([  21.18940529, -109.15986003])
20.2320 	EXP 	unnamed Rect: pos = array([  21.18940529, -109.15986003])
20.2481 	EXP 	unnamed Rect: pos = array([  21.18940529, -109.15986003])
20.2647 	EXP 	unnamed Rect: pos = array([  21.18940529, -109.15986003])
20.2815 	EXP 	unnamed Rect: pos = array([  21.18940529, -109.15986003])
20.2986 	EXP 	unnamed Rect: pos = array([  21.18940529, -109.15986003])
20.3150 	EXP 	unnamed Rect: pos = array([  21.18940529, -109.15986003])
20.3316 	EXP 	unnamed Rect: pos = array([  21.18940529, -109.15986003])
20.3479 	EXP 	unnamed Rect: pos = array([  21.18940529, -109.15986003])
20.3650 	EXP 	unnamed Rect: pos = array([  21.18940529, -109.15986003])
20.3814 	EXP 	unnamed Rect: pos = array([  21.18940529, -109.15986003])
20.3981 	EXP 	unnamed Rect: pos = array([  21.18940529, -109.15986003])
20.4147 	EXP 	unnamed Rect: pos = array([  21.18940529, -109.15986003])
20.4315 	EXP 	unnamed Rect: pos = array([  21.18940529, -109.15986003])
20.4480 	EXP 	unnamed Rect: pos = array([  21.18940529, -109.15986003])
20.4649 	EXP 	unnamed Rect: pos = array([  21.18940529, -109.15986003])
20.4820 	EXP 	unnamed Rect: pos = array([  21.18940529, -109.15986003])
20.4829 	DATA 	Keypress: up
20.4987 	EXP 	unnamed Rect: pos = array([ 21.18940529, -99.15986003])
20.5148 	EXP 	unnamed Rect: pos = array([ 21.18940529, -99.15986003])
20.5315 	EXP 	unnamed Rect: pos = array([ 21.18940529, -99.15986003])
20.5487 	EXP 	unnamed Rect: pos = array([ 21.18940529, -99.15986003])
20.5649 	EXP 	unnamed Rect: pos = array([ 21.18940529, -99.15986003])
20.5819 	EXP 	unnamed Rect: pos = array([ 21.18940529, -99.15986003])
20.5989 	EXP 	unnamed Rect: pos = array([ 21.18940529, -99.15986003])
20.6146 	EXP 	unnamed Rect: pos = array([ 21.18940529, -99.15986003])
20.6316 	EXP 	unnamed Rect: pos = array([ 21.18940529, -99.15986003])
20.6479 	EXP 	unnamed Rect: pos = array([ 21.18940529, -99.15986003])
20.6660 	EXP 	unnamed Rect: pos = array([ 21.18940529, -99.15986003])
20.6733 	DATA 	Keypress: up
20.6818 	EXP 	unnamed Rect: pos = array([ 21.18940529, -89.15986003])
20.6977 	EXP 	unnamed Rect: pos = array([ 21.18940529, -89.15986003])
20.7153 	EXP 	unnamed Rect: pos = array([ 21.18940529, -89.15986003])
20.7312 	EXP 	unnamed Rect: pos = array([ 21.18940529, -89.15986003])
20.7485 	EXP 	unnamed Rect: pos = array([ 21.18940529, -89.15986003])
20.7645 	EXP 	unnamed Rect: pos = array([ 21.18940529, -89.15986003])
20.7813 	EXP 	unnamed Rect: pos = array([ 21.18940529, -89.15986003])
20.7978 	EXP 	unnamed Rect: pos = array([ 21.18940529, -89.15986003])
20.8148 	EXP 	unnamed Rect: pos = array([ 21.18940529, -89.15986003])
20.8317 	EXP 	unnamed Rect: pos = array([ 21.18940529, -89.15986003])
20.8324 	DATA 	Keypress: up
20.8492 	EXP 	unnamed Rect: pos = array([ 21.18940529, -79.15986003])
20.8658 	EXP 	unnamed Rect: pos = array([ 21.18940529, -79.15986003])
20.8823 	EXP 	unnamed Rect: pos = array([ 21.18940529, -79.15986003])
20.8979 	EXP 	unnamed Rect: pos = array([ 21.18940529, -79.15986003])
20.9146 	EXP 	unnamed Rect: pos = array([ 21.18940529, -79.15986003])
20.9324 	EXP 	unnamed Rect: pos = array([ 21.18940529, -79.15986003])
20.9474 	EXP 	unnamed Rect: pos = array([ 21.18940529, -79.15986003])
20.9649 	EXP 	unnamed Rect: pos = array([ 21.18940529, -79.15986003])
20.9813 	EXP 	unnamed Rect: pos = array([ 21.18940529, -79.15986003])
20.9820 	DATA 	Keypress: down
20.9974 	EXP 	unnamed Rect: pos = array([ 21.18940529, -89.15986003])
21.0145 	EXP 	unnamed Rect: pos = array([ 21.18940529, -89.15986003])
21.0309 	EXP 	unnamed Rect: pos = array([ 21.18940529, -89.15986003])
21.0483 	EXP 	unnamed Rect: pos = array([ 21.18940529, -89.15986003])
21.0652 	EXP 	unnamed Rect: pos = array([ 21.18940529, -89.15986003])
21.0819 	EXP 	unnamed Rect: pos = array([ 21.18940529, -89.15986003])
21.0981 	EXP 	unnamed Rect: pos = array([ 21.18940529, -89.15986003])
21.1143 	EXP 	unnamed Rect: pos = array([ 21.18940529, -89.15986003])
21.1312 	EXP 	unnamed Rect: pos = array([ 21.18940529, -89.15986003])
21.1483 	EXP 	unnamed Rect: pos = array([ 21.18940529, -89.15986003])
21.1489 	DATA 	Keypress: down
21.1649 	EXP 	unnamed Rect: pos = array([ 21.18940529, -99.15986003])
21.1824 	EXP 	unnamed Rect: pos = array([ 21.18940529, -99.15986003])
21.1982 	EXP 	unnamed Rect: pos = array([ 21.18940529, -99.15986003])
21.2152 	EXP 	unnamed Rect: pos = array([ 21.18940529, -99.15986003])
21.2318 	EXP 	unnamed Rect: pos = array([ 21.18940529, -99.15986003])
21.2483 	EXP 	unnamed Rect: pos = array([ 21.18940529, -99.15986003])
21.2648 	EXP 	unnamed Rect: pos = array([ 21.18940529, -99.15986003])
21.2820 	EXP 	unnamed Rect: pos = array([ 21.18940529, -99.15986003])
21.2826 	DATA 	Keypress: down
21.2980 	EXP 	unnamed Rect: pos = array([  21.18940529, -109.15986003])
21.3149 	EXP 	unnamed Rect: pos = array([  21.18940529, -109.15986003])
21.3312 	EXP 	unnamed Rect: pos = array([  21.18940529, -109.15986003])
21.3482 	EXP 	unnamed Rect: pos = array([  21.18940529, -109.15986003])
21.3657 	EXP 	unnamed Rect: pos = array([  21.18940529, -109.15986003])
21.3815 	EXP 	unnamed Rect: pos = array([  21.18940529, -109.15986003])
21.3979 	EXP 	unnamed Rect: pos = array([  21.18940529, -109.15986003])
21.4148 	EXP 	unnamed Rect: pos = array([  21.18940529, -109.15986003])
21.4319 	EXP 	unnamed Rect: pos = array([  21.18940529, -109.15986003])
21.4327 	DATA 	Keypress: down
21.4485 	EXP 	unnamed Rect: pos = array([  21.18940529, -119.15986003])
21.4645 	EXP 	unnamed Rect: pos = array([  21.18940529, -119.15986003])
21.4816 	EXP 	unnamed Rect: pos = array([  21.18940529, -119.15986003])
21.4983 	EXP 	unnamed Rect: pos = array([  21.18940529, -119.15986003])
21.5156 	EXP 	unnamed Rect: pos = array([  21.18940529, -119.15986003])
21.5314 	EXP 	unnamed Rect: pos = array([  21.18940529, -119.15986003])
21.5479 	EXP 	unnamed Rect: pos = array([  21.18940529, -119.15986003])
21.5648 	EXP 	unnamed Rect: pos = array([  21.18940529, -119.15986003])
21.5822 	EXP 	unnamed Rect: pos = array([  21.18940529, -119.15986003])
21.5829 	DATA 	Keypress: right
21.5982 	EXP 	unnamed Rect: pos = array([  31.18940529, -119.15986003])
21.6153 	EXP 	unnamed Rect: pos = array([  31.18940529, -119.15986003])
21.6312 	EXP 	unnamed Rect: pos = array([  31.18940529, -119.15986003])
21.6479 	EXP 	unnamed Rect: pos = array([  31.18940529, -119.15986003])
21.6654 	EXP 	unnamed Rect: pos = array([  31.18940529, -119.15986003])
21.6814 	EXP 	unnamed Rect: pos = array([  31.18940529, -119.15986003])
21.6982 	EXP 	unnamed Rect: pos = array([  31.18940529, -119.15986003])
21.7148 	EXP 	unnamed Rect: pos = array([  31.18940529, -119.15986003])
21.7322 	EXP 	unnamed Rect: pos = array([  31.18940529, -119.15986003])
21.7329 	DATA 	Keypress: right
21.7482 	EXP 	unnamed Rect: pos = array([  41.18940529, -119.15986003])
21.7645 	EXP 	unnamed Rect: pos = array([  41.18940529, -119.15986003])
21.7811 	EXP 	unnamed Rect: pos = array([  41.18940529, -119.15986003])
21.7981 	EXP 	unnamed Rect: pos = array([  41.18940529, -119.15986003])
21.8155 	EXP 	unnamed Rect: pos = array([  41.18940529, -119.15986003])
21.8161 	DATA 	Keypress: down
21.8311 	EXP 	unnamed Rect: pos = array([  41.18940529, -129.15986003])
21.8479 	EXP 	unnamed Rect: pos = array([  41.18940529, -129.15986003])
21.8648 	EXP 	unnamed Rect: pos = array([  41.18940529, -129.15986003])
21.8816 	EXP 	unnamed Rect: pos = array([  41.18940529, -129.15986003])
21.8982 	EXP 	unnamed Rect: pos = array([  41.18940529, -129.15986003])
21.9147 	EXP 	unnamed Rect: pos = array([  41.18940529, -129.15986003])
21.9319 	EXP 	unnamed Rect: pos = array([  41.18940529, -129.15986003])
21.9479 	EXP 	unnamed Rect: pos = array([  41.18940529, -129.15986003])
21.9650 	EXP 	unnamed Rect: pos = array([  41.18940529, -129.15986003])
21.9657 	DATA 	Keypress: down
21.9818 	EXP 	unnamed Rect: pos = array([  41.18940529, -139.15986003])
21.9982 	EXP 	unnamed Rect: pos = array([  41.18940529, -139.15986003])
22.0148 	EXP 	unnamed Rect: pos = array([  41.18940529, -139.15986003])
22.0317 	EXP 	unnamed Rect: pos = array([  41.18940529, -139.15986003])
22.0485 	EXP 	unnamed Rect: pos = array([  41.18940529, -139.15986003])
22.0648 	EXP 	unnamed Rect: pos = array([  41.18940529, -139.15986003])
22.0815 	EXP 	unnamed Rect: pos = array([  41.18940529, -139.15986003])
22.0982 	EXP 	unnamed Rect: pos = array([  41.18940529, -139.15986003])
22.1150 	EXP 	unnamed Rect: pos = array([  41.18940529, -139.15986003])
22.1157 	DATA 	Keypress: down
22.1302 	EXP 	window1: mouseVisible = True
