0.6093 	WARNING 	We strongly recommend you activate the PTB sound engine in PsychoPy prefs as the preferred audio engine. Its timing is vastly superior. Your prefs are currently set to use ['sounddevice', 'PTB', 'pyo', 'pygame'] (in that order).
4.3107 	ERROR 	'-1.0000, -1.0000, -1.0000' is not a valid rgb color
4.8898 	EXP 	Created window1 = Window(allowGUI=False, allowStencil=False, autoLog=True, backendConf=UNKNOWN, bitsMode=UNKNOWN, blendMode='avg', bpc=(8, 8, 8), color=array([0, 0, 0]), colorSpace='rgb', depthBits=8, fullscr=<method-wrapper '__getattribute__' of attributeSetter object at 0x7fa6087839e8>, gamma=None, gammaErrorPolicy='raise', lms=UNKNOWN, monitor=<psychopy.monitors.calibTools.Monitor object at 0x7fa6081e2438>, multiSample=False, name='window1', numSamples=2, pos=[360.0, 225.0], screen=0, size=array([2880, 1800]), stencilBits=0, stereo=False, units='height', useFBO=True, useRetina=True, viewOri=0.0, viewPos=None, viewScale=None, waitBlanking=True, winType='pyglet')
4.8903 	EXP 	window1: mouseVisible = True
4.8904 	EXP 	window1: recordFrameIntervals = False
5.0565 	EXP 	window1: recordFrameIntervals = True
5.2396 	EXP 	window1: recordFrameIntervals = False
5.8376 	DEPRECATION 	'1.0000, 1.0000, 1.0000' is not a valid rgb color
5.8650 	EXP 	Created Welcometext = TextStim(__class__=<class 'psychopy.visual.text.TextStim'>, alignHoriz=method-wrapper(...), alignText='center', alignVert=method-wrapper(...), anchorHoriz='center', anchorVert='center', antialias=True, autoLog=True, bold=False, color=array([0., 0., 0.]), colorSpace='rgb', contrast=1.0, depth=0.0, flipHoriz=False, flipVert=False, font='Open Sans', fontFiles=[], height=0.05, italic=False, languageStyle='LTR', name='Welcometext', opacity=0, ori=0.0, pos=array([0., 0.]), rgb=UNKNOWN, text='Welcome\nPlease press Spacebar to start', units='height', win=Window(...), wrapWidth=1)
6.2214 	EXP 	Created text = TextStim(__class__=<class 'psychopy.visual.text.TextStim'>, alignHoriz=method-wrapper(...), alignText='center', alignVert=method-wrapper(...), anchorHoriz='center', anchorVert='center', antialias=True, autoLog=True, bold=False, color=array([1., 1., 1.]), colorSpace='rgb', contrast=1.0, depth=0.0, flipHoriz=False, flipVert=False, font='Open Sans', fontFiles=[], height=0.05, italic=False, languageStyle='LTR', name='text', opacity=1, ori=0.0, pos=array([0., 0.]), rgb=UNKNOWN, text=str(...), units='height', win=Window(...), wrapWidth=1)
6.2220 	EXP 	Created sequence: random, trialTypes=1, nReps=5, seed=None
6.2222 	EXP 	New trial (rep=0, index=0): None
6.2285 	EXP 	Welcometext: autoDraw = True
8.6300 	EXP 	Created unnamed Rect = Rect(__class__=<class 'psychopy.visual.rect.Rect'>, autoDraw=False, autoLog=True, closeShape=True, color=method-wrapper(...), colorSpace='rgb', contrast=None, depth=0, fillColor=array([ 1, -1, -1]), fillColorSpace='rgb', fillRGB=array([ 1, -1, -1]), interpolate=True, lineColor=array([-1., -1.,  1.]), lineColorSpace='rgb', lineRGB=array([-1, -1,  1]), lineWidth=1.5, name='unnamed Rect', opacity=1, ori=0.0, pos=array([0., 0.]), size=array([1000.,  700.]), units='pix', vertices=ndarray(...), win=Window(...))
8.6326 	EXP 	Created unnamed Rect = Rect(__class__=<class 'psychopy.visual.rect.Rect'>, autoDraw=False, autoLog=True, closeShape=True, color=method-wrapper(...), colorSpace='rgb', contrast=None, depth=0, fillColor=array([-1, -1, -1]), fillColorSpace='rgb', fillRGB=array([-1, -1, -1]), interpolate=True, lineColor=array([-1., -1.,  1.]), lineColorSpace='rgb', lineRGB=array([-1, -1,  1]), lineWidth=1.5, name='unnamed Rect', opacity=1, ori=0.0, pos=array([0., 0.]), size=array([400., 600.]), units='pix', vertices=ndarray(...), win=Window(...))
8.6352 	EXP 	Created unnamed Rect = Rect(__class__=<class 'psychopy.visual.rect.Rect'>, autoDraw=False, autoLog=True, closeShape=True, color=method-wrapper(...), colorSpace='rgb', contrast=None, depth=0, fillColor=array([-1, -1, -1]), fillColorSpace='rgb', fillRGB=array([-1, -1, -1]), interpolate=True, lineColor=array([-1., -1.,  1.]), lineColorSpace='rgb', lineRGB=array([-1, -1,  1]), lineWidth=1.5, name='unnamed Rect', opacity=1, ori=0.0, pos=array([0., 0.]), size=array([400., 600.]), units='pix', vertices=ndarray(...), win=Window(...))
8.6383 	EXP 	Created unnamed Rect = Rect(__class__=<class 'psychopy.visual.rect.Rect'>, autoDraw=False, autoLog=True, closeShape=True, color=method-wrapper(...), colorSpace='rgb', contrast=None, depth=0, fillColor=array([ 1,  1, -1]), fillColorSpace='rgb', fillRGB=array([ 1,  1, -1]), interpolate=True, lineColor=array([0., 0., 0.]), lineColorSpace='rgb', lineRGB=array([0, 0, 0]), lineWidth=1.5, name='unnamed Rect', opacity=0.5, ori=0.0, pos=array([0., 0.]), size=array([30., 30.]), units='pix', vertices=ndarray(...), win=Window(...))
8.6414 	EXP 	Created unnamed Rect = Rect(__class__=<class 'psychopy.visual.rect.Rect'>, autoDraw=False, autoLog=True, closeShape=True, color=method-wrapper(...), colorSpace='rgb', contrast=None, depth=0, fillColor=array([ 1,  1, -1]), fillColorSpace='rgb', fillRGB=array([ 1,  1, -1]), interpolate=True, lineColor=array([0., 0., 0.]), lineColorSpace='rgb', lineRGB=array([0, 0, 0]), lineWidth=1.5, name='unnamed Rect', opacity=0.5, ori=0.0, pos=array([0., 0.]), size=array([30., 30.]), units='pix', vertices=ndarray(...), win=Window(...))
8.6443 	EXP 	Created unnamed Rect = Rect(__class__=<class 'psychopy.visual.rect.Rect'>, autoDraw=False, autoLog=True, closeShape=True, color=method-wrapper(...), colorSpace='rgb', contrast=None, depth=0, fillColor=array([ 1,  1, -1]), fillColorSpace='rgb', fillRGB=array([ 1,  1, -1]), interpolate=True, lineColor=array([0., 0., 0.]), lineColorSpace='rgb', lineRGB=array([0, 0, 0]), lineWidth=1.5, name='unnamed Rect', opacity=0.5, ori=0.0, pos=array([0., 0.]), size=array([30., 30.]), units='pix', vertices=ndarray(...), win=Window(...))
8.6471 	EXP 	Created unnamed Rect = Rect(__class__=<class 'psychopy.visual.rect.Rect'>, autoDraw=False, autoLog=True, closeShape=True, color=method-wrapper(...), colorSpace='rgb', contrast=None, depth=0, fillColor=array([ 1,  1, -1]), fillColorSpace='rgb', fillRGB=array([ 1,  1, -1]), interpolate=True, lineColor=array([0., 0., 0.]), lineColorSpace='rgb', lineRGB=array([0, 0, 0]), lineWidth=1.5, name='unnamed Rect', opacity=0.5, ori=0.0, pos=array([0., 0.]), size=array([30., 30.]), units='pix', vertices=ndarray(...), win=Window(...))
8.6496 	EXP 	Created unnamed Rect = Rect(__class__=<class 'psychopy.visual.rect.Rect'>, autoDraw=False, autoLog=True, closeShape=True, color=method-wrapper(...), colorSpace='rgb', contrast=None, depth=0, fillColor=array([ 1,  1, -1]), fillColorSpace='rgb', fillRGB=array([ 1,  1, -1]), interpolate=True, lineColor=array([0., 0., 0.]), lineColorSpace='rgb', lineRGB=array([0, 0, 0]), lineWidth=1.5, name='unnamed Rect', opacity=0.5, ori=0.0, pos=array([0., 0.]), size=array([30., 30.]), units='pix', vertices=ndarray(...), win=Window(...))
8.6915 	EXP 	Created unnamed ImageStim = ImageStim(__class__=<class 'psychopy.visual.image.ImageStim'>, autoLog=True, color=array([1., 1., 1.]), colorSpace='rgb', contrast=1.0, depth=0, flipHoriz=False, flipVert=False, image='tree.png', interpolate=False, mask=None, maskParams=None, name='unnamed ImageStim', opacity=1, ori=0.0, pos=array([0., 0.]), size=array([512, 512]), texRes=128, units='pix', win=Window(...))
8.7128 	EXP 	Created unnamed ImageStim = ImageStim(__class__=<class 'psychopy.visual.image.ImageStim'>, autoLog=True, color=array([1., 1., 1.]), colorSpace='rgb', contrast=1.0, depth=0, flipHoriz=False, flipVert=False, image='tree.png', interpolate=False, mask=None, maskParams=None, name='unnamed ImageStim', opacity=1, ori=0.0, pos=array([0., 0.]), size=array([512, 512]), texRes=128, units='pix', win=Window(...))
8.7313 	EXP 	Created unnamed ImageStim = ImageStim(__class__=<class 'psychopy.visual.image.ImageStim'>, autoLog=True, color=array([1., 1., 1.]), colorSpace='rgb', contrast=1.0, depth=0, flipHoriz=False, flipVert=False, image='tree.png', interpolate=False, mask=None, maskParams=None, name='unnamed ImageStim', opacity=1, ori=0.0, pos=array([0., 0.]), size=array([512, 512]), texRes=128, units='pix', win=Window(...))
8.7488 	EXP 	Created unnamed ImageStim = ImageStim(__class__=<class 'psychopy.visual.image.ImageStim'>, autoLog=True, color=array([1., 1., 1.]), colorSpace='rgb', contrast=1.0, depth=0, flipHoriz=False, flipVert=False, image='tree.png', interpolate=False, mask=None, maskParams=None, name='unnamed ImageStim', opacity=1, ori=0.0, pos=array([0., 0.]), size=array([512, 512]), texRes=128, units='pix', win=Window(...))
8.7667 	EXP 	Created unnamed ImageStim = ImageStim(__class__=<class 'psychopy.visual.image.ImageStim'>, autoLog=True, color=array([1., 1., 1.]), colorSpace='rgb', contrast=1.0, depth=0, flipHoriz=False, flipVert=False, image='tree.png', interpolate=False, mask=None, maskParams=None, name='unnamed ImageStim', opacity=1, ori=0.0, pos=array([0., 0.]), size=array([512, 512]), texRes=128, units='pix', win=Window(...))
8.7845 	EXP 	Created unnamed ImageStim = ImageStim(__class__=<class 'psychopy.visual.image.ImageStim'>, autoLog=True, color=array([1., 1., 1.]), colorSpace='rgb', contrast=1.0, depth=0, flipHoriz=False, flipVert=False, image='tree.png', interpolate=False, mask=None, maskParams=None, name='unnamed ImageStim', opacity=1, ori=0.0, pos=array([0., 0.]), size=array([512, 512]), texRes=128, units='pix', win=Window(...))
8.8025 	EXP 	Created unnamed ImageStim = ImageStim(__class__=<class 'psychopy.visual.image.ImageStim'>, autoLog=True, color=array([1., 1., 1.]), colorSpace='rgb', contrast=1.0, depth=0, flipHoriz=False, flipVert=False, image='tree.png', interpolate=False, mask=None, maskParams=None, name='unnamed ImageStim', opacity=1, ori=0.0, pos=array([0., 0.]), size=array([512, 512]), texRes=128, units='pix', win=Window(...))
8.8199 	EXP 	Created unnamed ImageStim = ImageStim(__class__=<class 'psychopy.visual.image.ImageStim'>, autoLog=True, color=array([1., 1., 1.]), colorSpace='rgb', contrast=1.0, depth=0, flipHoriz=False, flipVert=False, image='tree.png', interpolate=False, mask=None, maskParams=None, name='unnamed ImageStim', opacity=1, ori=0.0, pos=array([0., 0.]), size=array([512, 512]), texRes=128, units='pix', win=Window(...))
8.8373 	EXP 	Created unnamed ImageStim = ImageStim(__class__=<class 'psychopy.visual.image.ImageStim'>, autoLog=True, color=array([1., 1., 1.]), colorSpace='rgb', contrast=1.0, depth=0, flipHoriz=False, flipVert=False, image='tree.png', interpolate=False, mask=None, maskParams=None, name='unnamed ImageStim', opacity=1, ori=0.0, pos=array([0., 0.]), size=array([512, 512]), texRes=128, units='pix', win=Window(...))
8.8547 	EXP 	Created unnamed ImageStim = ImageStim(__class__=<class 'psychopy.visual.image.ImageStim'>, autoLog=True, color=array([1., 1., 1.]), colorSpace='rgb', contrast=1.0, depth=0, flipHoriz=False, flipVert=False, image='tree.png', interpolate=False, mask=None, maskParams=None, name='unnamed ImageStim', opacity=1, ori=0.0, pos=array([0., 0.]), size=array([512, 512]), texRes=128, units='pix', win=Window(...))
8.8720 	EXP 	Created unnamed ImageStim = ImageStim(__class__=<class 'psychopy.visual.image.ImageStim'>, autoLog=True, color=array([1., 1., 1.]), colorSpace='rgb', contrast=1.0, depth=0, flipHoriz=False, flipVert=False, image='tree.png', interpolate=False, mask=None, maskParams=None, name='unnamed ImageStim', opacity=1, ori=0.0, pos=array([0., 0.]), size=array([512, 512]), texRes=128, units='pix', win=Window(...))
8.8899 	EXP 	Created unnamed ImageStim = ImageStim(__class__=<class 'psychopy.visual.image.ImageStim'>, autoLog=True, color=array([1., 1., 1.]), colorSpace='rgb', contrast=1.0, depth=0, flipHoriz=False, flipVert=False, image='tree.png', interpolate=False, mask=None, maskParams=None, name='unnamed ImageStim', opacity=1, ori=0.0, pos=array([0., 0.]), size=array([512, 512]), texRes=128, units='pix', win=Window(...))
8.9073 	EXP 	Created unnamed ImageStim = ImageStim(__class__=<class 'psychopy.visual.image.ImageStim'>, autoLog=True, color=array([1., 1., 1.]), colorSpace='rgb', contrast=1.0, depth=0, flipHoriz=False, flipVert=False, image='tree.png', interpolate=False, mask=None, maskParams=None, name='unnamed ImageStim', opacity=1, ori=0.0, pos=array([0., 0.]), size=array([512, 512]), texRes=128, units='pix', win=Window(...))
8.9246 	EXP 	Created unnamed ImageStim = ImageStim(__class__=<class 'psychopy.visual.image.ImageStim'>, autoLog=True, color=array([1., 1., 1.]), colorSpace='rgb', contrast=1.0, depth=0, flipHoriz=False, flipVert=False, image='tree.png', interpolate=False, mask=None, maskParams=None, name='unnamed ImageStim', opacity=1, ori=0.0, pos=array([0., 0.]), size=array([512, 512]), texRes=128, units='pix', win=Window(...))
8.9420 	EXP 	Created unnamed ImageStim = ImageStim(__class__=<class 'psychopy.visual.image.ImageStim'>, autoLog=True, color=array([1., 1., 1.]), colorSpace='rgb', contrast=1.0, depth=0, flipHoriz=False, flipVert=False, image='tree.png', interpolate=False, mask=None, maskParams=None, name='unnamed ImageStim', opacity=1, ori=0.0, pos=array([0., 0.]), size=array([512, 512]), texRes=128, units='pix', win=Window(...))
8.9519 	DATA 	Keypress: space
8.9577 	EXP 	Welcometext: autoDraw = False
8.9577 	EXP 	unnamed Rect: pos = [-250, 0]
8.9577 	EXP 	unnamed Rect: pos = [250, 0]
8.9577 	EXP 	unnamed Rect: pos = [-223.47190031602517, -103.39221543400599]
8.9577 	EXP 	unnamed Rect: pos = [208.93543386695404, -37.6102956623026]
8.9577 	EXP 	unnamed Rect: pos = [164.002123044041, -205.30258641776564]
8.9577 	EXP 	unnamed Rect: pos = [395.7487383306517, 243.46070543967429]
8.9577 	EXP 	unnamed Rect: pos = [86.15835781973485, -181.75605916951298]
8.9577 	EXP 	unnamed ImageStim: size = [51.2, 51.2]
8.9577 	EXP 	unnamed ImageStim: size = [51.2, 51.2]
8.9577 	EXP 	unnamed ImageStim: size = [51.2, 51.2]
8.9577 	EXP 	unnamed ImageStim: size = [51.2, 51.2]
8.9577 	EXP 	unnamed ImageStim: size = [51.2, 51.2]
8.9577 	EXP 	unnamed ImageStim: size = [51.2, 51.2]
8.9577 	EXP 	unnamed ImageStim: size = [51.2, 51.2]
8.9577 	EXP 	unnamed ImageStim: size = [51.2, 51.2]
8.9577 	EXP 	unnamed ImageStim: size = [51.2, 51.2]
8.9577 	EXP 	unnamed ImageStim: size = [51.2, 51.2]
8.9577 	EXP 	unnamed ImageStim: size = [51.2, 51.2]
8.9577 	EXP 	unnamed ImageStim: size = [51.2, 51.2]
8.9577 	EXP 	unnamed ImageStim: size = [51.2, 51.2]
8.9577 	EXP 	unnamed ImageStim: size = [51.2, 51.2]
8.9577 	EXP 	unnamed ImageStim: size = [51.2, 51.2]
8.9577 	EXP 	unnamed ImageStim: pos = [-135.26823069499315, 164.10862980033536]
8.9577 	EXP 	unnamed ImageStim: pos = [37.21344707182408, 117.47710773134231]
8.9577 	EXP 	unnamed ImageStim: pos = [80.7754864264932, 85.52798277888458]
8.9577 	EXP 	unnamed ImageStim: pos = [128.2357659851215, 104.75429316658511]
8.9577 	EXP 	unnamed ImageStim: pos = [-88.1773216326789, -130.18112318969523]
8.9577 	EXP 	unnamed ImageStim: pos = [-385.2682306949931, 164.10862980033536]
8.9577 	EXP 	unnamed ImageStim: pos = [114.73176930500685, 164.10862980033536]
8.9577 	EXP 	unnamed ImageStim: pos = [-212.78655292817592, 117.47710773134231]
8.9577 	EXP 	unnamed ImageStim: pos = [287.2134470718241, 117.47710773134231]
8.9577 	EXP 	unnamed ImageStim: pos = [-169.22451357350678, 85.52798277888458]
8.9577 	EXP 	unnamed ImageStim: pos = [330.7754864264932, 85.52798277888458]
8.9577 	EXP 	unnamed ImageStim: pos = [-121.7642340148785, 104.75429316658511]
8.9577 	EXP 	unnamed ImageStim: pos = [378.2357659851215, 104.75429316658511]
8.9577 	EXP 	unnamed ImageStim: pos = [-338.1773216326789, -130.18112318969523]
8.9577 	EXP 	unnamed ImageStim: pos = [161.8226783673211, -130.18112318969523]
14.3082 	EXP 	Created unnamed Rect = Rect(__class__=<class 'psychopy.visual.rect.Rect'>, autoDraw=False, autoLog=True, closeShape=True, color=method-wrapper(...), colorSpace='rgb', contrast=None, depth=0, fillColor=array([-1, -1, -1]), fillColorSpace='rgb', fillRGB=array([-1, -1, -1]), interpolate=True, lineColor=array([-1., -1.,  1.]), lineColorSpace='rgb', lineRGB=array([-1, -1,  1]), lineWidth=1.5, name='unnamed Rect', opacity=1, ori=0.0, pos=array([0., 0.]), size=array([400., 600.]), units='pix', vertices=ndarray(...), win=Window(...))
14.4673 	EXP 	Created unnamed Rect = Rect(__class__=<class 'psychopy.visual.rect.Rect'>, autoDraw=False, autoLog=True, closeShape=True, color=method-wrapper(...), colorSpace='rgb', contrast=None, depth=0, fillColor=array([-1, -1, -1]), fillColorSpace='rgb', fillRGB=array([-1, -1, -1]), interpolate=True, lineColor=array([-1., -1.,  1.]), lineColorSpace='rgb', lineRGB=array([-1, -1,  1]), lineWidth=1.5, name='unnamed Rect', opacity=1, ori=0.0, pos=array([0., 0.]), size=array([400., 600.]), units='pix', vertices=ndarray(...), win=Window(...))
14.4757 	DATA 	Keypress: left
14.4836 	EXP 	unnamed Rect: pos = array([  26.52809968, -103.39221543])
14.4836 	EXP 	unnamed Rect: pos = array([  26.52809968, -103.39221543])
14.4909 	EXP 	unnamed Rect: pos = array([  26.52809968, -103.39221543])
14.5051 	EXP 	unnamed Rect: pos = array([  26.52809968, -103.39221543])
14.5122 	EXP 	unnamed Rect: pos = array([  26.52809968, -103.39221543])
14.5218 	EXP 	unnamed Rect: pos = array([  26.52809968, -103.39221543])
14.5386 	EXP 	unnamed Rect: pos = array([  26.52809968, -103.39221543])
14.5556 	EXP 	unnamed Rect: pos = array([  26.52809968, -103.39221543])
14.5716 	EXP 	unnamed Rect: pos = array([  26.52809968, -103.39221543])
14.5892 	EXP 	unnamed Rect: pos = array([  26.52809968, -103.39221543])
14.6054 	EXP 	unnamed Rect: pos = array([  26.52809968, -103.39221543])
14.6215 	EXP 	unnamed Rect: pos = array([  26.52809968, -103.39221543])
14.6383 	EXP 	unnamed Rect: pos = array([  26.52809968, -103.39221543])
14.6552 	EXP 	unnamed Rect: pos = array([  26.52809968, -103.39221543])
14.6718 	EXP 	unnamed Rect: pos = array([  26.52809968, -103.39221543])
14.6881 	EXP 	unnamed Rect: pos = array([  26.52809968, -103.39221543])
14.7050 	EXP 	unnamed Rect: pos = array([  26.52809968, -103.39221543])
14.7216 	EXP 	unnamed Rect: pos = array([  26.52809968, -103.39221543])
14.7381 	EXP 	unnamed Rect: pos = array([  26.52809968, -103.39221543])
14.7549 	EXP 	unnamed Rect: pos = array([  26.52809968, -103.39221543])
14.7723 	EXP 	unnamed Rect: pos = array([  26.52809968, -103.39221543])
14.7888 	EXP 	unnamed Rect: pos = array([  26.52809968, -103.39221543])
14.8048 	EXP 	unnamed Rect: pos = array([  26.52809968, -103.39221543])
14.8221 	EXP 	unnamed Rect: pos = array([  26.52809968, -103.39221543])
14.8382 	EXP 	unnamed Rect: pos = array([  26.52809968, -103.39221543])
14.8556 	EXP 	unnamed Rect: pos = array([  26.52809968, -103.39221543])
14.8722 	EXP 	unnamed Rect: pos = array([  26.52809968, -103.39221543])
14.8882 	EXP 	unnamed Rect: pos = array([  26.52809968, -103.39221543])
14.9050 	EXP 	unnamed Rect: pos = array([  26.52809968, -103.39221543])
14.9217 	EXP 	unnamed Rect: pos = array([  26.52809968, -103.39221543])
14.9384 	EXP 	unnamed Rect: pos = array([  26.52809968, -103.39221543])
14.9554 	EXP 	unnamed Rect: pos = array([  26.52809968, -103.39221543])
14.9717 	EXP 	unnamed Rect: pos = array([  26.52809968, -103.39221543])
14.9883 	EXP 	unnamed Rect: pos = array([  26.52809968, -103.39221543])
15.0051 	EXP 	unnamed Rect: pos = array([  26.52809968, -103.39221543])
15.0216 	EXP 	unnamed Rect: pos = array([  26.52809968, -103.39221543])
15.0384 	EXP 	unnamed Rect: pos = array([  26.52809968, -103.39221543])
15.0552 	EXP 	unnamed Rect: pos = array([  26.52809968, -103.39221543])
15.0719 	EXP 	unnamed Rect: pos = array([  26.52809968, -103.39221543])
15.0885 	EXP 	unnamed Rect: pos = array([  26.52809968, -103.39221543])
15.1055 	EXP 	unnamed Rect: pos = array([  26.52809968, -103.39221543])
15.1219 	EXP 	unnamed Rect: pos = array([  26.52809968, -103.39221543])
15.1390 	EXP 	unnamed Rect: pos = array([  26.52809968, -103.39221543])
15.1557 	EXP 	unnamed Rect: pos = array([  26.52809968, -103.39221543])
15.1721 	EXP 	unnamed Rect: pos = array([  26.52809968, -103.39221543])
15.1887 	EXP 	unnamed Rect: pos = array([  26.52809968, -103.39221543])
15.2057 	EXP 	unnamed Rect: pos = array([  26.52809968, -103.39221543])
15.2220 	EXP 	unnamed Rect: pos = array([  26.52809968, -103.39221543])
15.2387 	EXP 	unnamed Rect: pos = array([  26.52809968, -103.39221543])
15.2564 	EXP 	unnamed Rect: pos = array([  26.52809968, -103.39221543])
15.2725 	EXP 	unnamed Rect: pos = array([  26.52809968, -103.39221543])
15.2887 	EXP 	unnamed Rect: pos = array([  26.52809968, -103.39221543])
15.3058 	EXP 	unnamed Rect: pos = array([  26.52809968, -103.39221543])
15.3221 	EXP 	unnamed Rect: pos = array([  26.52809968, -103.39221543])
15.3399 	EXP 	unnamed Rect: pos = array([  26.52809968, -103.39221543])
15.3408 	DATA 	Keypress: up
15.3554 	EXP 	unnamed Rect: pos = array([ 26.52809968, -93.39221543])
15.3721 	EXP 	unnamed Rect: pos = array([ 26.52809968, -93.39221543])
15.3886 	EXP 	unnamed Rect: pos = array([ 26.52809968, -93.39221543])
15.4054 	EXP 	unnamed Rect: pos = array([ 26.52809968, -93.39221543])
15.4224 	EXP 	unnamed Rect: pos = array([ 26.52809968, -93.39221543])
15.4391 	EXP 	unnamed Rect: pos = array([ 26.52809968, -93.39221543])
15.4555 	EXP 	unnamed Rect: pos = array([ 26.52809968, -93.39221543])
15.4723 	EXP 	unnamed Rect: pos = array([ 26.52809968, -93.39221543])
15.4887 	EXP 	unnamed Rect: pos = array([ 26.52809968, -93.39221543])
15.5065 	EXP 	unnamed Rect: pos = array([ 26.52809968, -93.39221543])
15.5132 	DATA 	Keypress: up
15.5220 	EXP 	unnamed Rect: pos = array([ 26.52809968, -83.39221543])
15.5386 	EXP 	unnamed Rect: pos = array([ 26.52809968, -83.39221543])
15.5559 	EXP 	unnamed Rect: pos = array([ 26.52809968, -83.39221543])
15.5723 	EXP 	unnamed Rect: pos = array([ 26.52809968, -83.39221543])
15.5890 	EXP 	unnamed Rect: pos = array([ 26.52809968, -83.39221543])
15.6051 	EXP 	unnamed Rect: pos = array([ 26.52809968, -83.39221543])
15.6218 	EXP 	unnamed Rect: pos = array([ 26.52809968, -83.39221543])
15.6388 	EXP 	unnamed Rect: pos = array([ 26.52809968, -83.39221543])
15.6394 	DATA 	Keypress: up
15.6557 	EXP 	unnamed Rect: pos = array([ 26.52809968, -73.39221543])
15.6716 	EXP 	unnamed Rect: pos = array([ 26.52809968, -73.39221543])
15.6885 	EXP 	unnamed Rect: pos = array([ 26.52809968, -73.39221543])
15.7051 	EXP 	unnamed Rect: pos = array([ 26.52809968, -73.39221543])
15.7219 	EXP 	unnamed Rect: pos = array([ 26.52809968, -73.39221543])
15.7386 	EXP 	unnamed Rect: pos = array([ 26.52809968, -73.39221543])
15.7551 	EXP 	unnamed Rect: pos = array([ 26.52809968, -73.39221543])
15.7720 	EXP 	unnamed Rect: pos = array([ 26.52809968, -73.39221543])
15.7888 	EXP 	unnamed Rect: pos = array([ 26.52809968, -73.39221543])
15.7894 	DATA 	Keypress: up
15.8051 	EXP 	unnamed Rect: pos = array([ 26.52809968, -63.39221543])
15.8218 	EXP 	unnamed Rect: pos = array([ 26.52809968, -63.39221543])
15.8386 	EXP 	unnamed Rect: pos = array([ 26.52809968, -63.39221543])
15.8556 	EXP 	unnamed Rect: pos = array([ 26.52809968, -63.39221543])
15.8724 	EXP 	unnamed Rect: pos = array([ 26.52809968, -63.39221543])
15.8887 	EXP 	unnamed Rect: pos = array([ 26.52809968, -63.39221543])
15.9051 	EXP 	unnamed Rect: pos = array([ 26.52809968, -63.39221543])
15.9219 	EXP 	unnamed Rect: pos = array([ 26.52809968, -63.39221543])
15.9386 	EXP 	unnamed Rect: pos = array([ 26.52809968, -63.39221543])
15.9392 	DATA 	Keypress: up
15.9395 	DATA 	Keypress: rshift
15.9557 	EXP 	unnamed Rect: pos = array([ 26.52809968, -53.39221543])
15.9720 	EXP 	unnamed Rect: pos = array([ 26.52809968, -53.39221543])
15.9889 	EXP 	unnamed Rect: pos = array([ 26.52809968, -53.39221543])
16.0054 	EXP 	unnamed Rect: pos = array([ 26.52809968, -53.39221543])
16.0218 	EXP 	unnamed Rect: pos = array([ 26.52809968, -53.39221543])
16.0387 	EXP 	unnamed Rect: pos = array([ 26.52809968, -53.39221543])
16.0556 	EXP 	unnamed Rect: pos = array([ 26.52809968, -53.39221543])
16.0724 	EXP 	unnamed Rect: pos = array([ 26.52809968, -53.39221543])
16.0730 	DATA 	Keypress: up
16.0896 	EXP 	unnamed Rect: pos = array([ 26.52809968, -43.39221543])
16.1052 	EXP 	unnamed Rect: pos = array([ 26.52809968, -43.39221543])
16.1221 	EXP 	unnamed Rect: pos = array([ 26.52809968, -43.39221543])
16.1386 	EXP 	unnamed Rect: pos = array([ 26.52809968, -43.39221543])
16.1553 	EXP 	unnamed Rect: pos = array([ 26.52809968, -43.39221543])
16.1727 	EXP 	unnamed Rect: pos = array([ 26.52809968, -43.39221543])
16.1888 	EXP 	unnamed Rect: pos = array([ 26.52809968, -43.39221543])
16.2051 	EXP 	unnamed Rect: pos = array([ 26.52809968, -43.39221543])
16.2215 	EXP 	unnamed Rect: pos = array([ 26.52809968, -43.39221543])
16.2389 	EXP 	unnamed Rect: pos = array([ 26.52809968, -43.39221543])
16.2395 	DATA 	Keypress: up
16.2557 	EXP 	unnamed Rect: pos = array([ 26.52809968, -33.39221543])
16.2723 	EXP 	unnamed Rect: pos = array([ 26.52809968, -33.39221543])
16.2888 	EXP 	unnamed Rect: pos = array([ 26.52809968, -33.39221543])
16.3057 	EXP 	unnamed Rect: pos = array([ 26.52809968, -33.39221543])
16.3220 	EXP 	unnamed Rect: pos = array([ 26.52809968, -33.39221543])
16.3384 	EXP 	unnamed Rect: pos = array([ 26.52809968, -33.39221543])
16.3552 	EXP 	unnamed Rect: pos = array([ 26.52809968, -33.39221543])
16.3717 	EXP 	unnamed Rect: pos = array([ 26.52809968, -33.39221543])
16.3760 	DATA 	Keypress: up
16.3891 	EXP 	unnamed Rect: pos = array([ 26.52809968, -33.39221543])
16.4050 	EXP 	unnamed Rect: pos = array([ 26.52809968, -23.39221543])
16.4220 	EXP 	unnamed Rect: pos = array([ 26.52809968, -23.39221543])
16.4397 	EXP 	unnamed Rect: pos = array([ 26.52809968, -23.39221543])
16.4552 	EXP 	unnamed Rect: pos = array([ 26.52809968, -23.39221543])
16.4727 	EXP 	unnamed Rect: pos = array([ 26.52809968, -23.39221543])
16.4892 	EXP 	unnamed Rect: pos = array([ 26.52809968, -23.39221543])
16.5054 	EXP 	unnamed Rect: pos = array([ 26.52809968, -23.39221543])
16.5221 	EXP 	unnamed Rect: pos = array([ 26.52809968, -23.39221543])
16.5388 	EXP 	unnamed Rect: pos = array([ 26.52809968, -23.39221543])
16.5394 	DATA 	Keypress: up
16.5553 	EXP 	unnamed Rect: pos = array([ 26.52809968, -13.39221543])
16.5722 	EXP 	unnamed Rect: pos = array([ 26.52809968, -13.39221543])
16.5889 	EXP 	unnamed Rect: pos = array([ 26.52809968, -13.39221543])
16.6053 	EXP 	unnamed Rect: pos = array([ 26.52809968, -13.39221543])
16.6217 	EXP 	unnamed Rect: pos = array([ 26.52809968, -13.39221543])
16.6395 	EXP 	unnamed Rect: pos = array([ 26.52809968, -13.39221543])
16.6555 	EXP 	unnamed Rect: pos = array([ 26.52809968, -13.39221543])
16.6720 	EXP 	unnamed Rect: pos = array([ 26.52809968, -13.39221543])
16.6883 	EXP 	unnamed Rect: pos = array([ 26.52809968, -13.39221543])
16.7052 	EXP 	unnamed Rect: pos = array([ 26.52809968, -13.39221543])
16.7223 	EXP 	unnamed Rect: pos = array([ 26.52809968, -13.39221543])
16.7230 	DATA 	Keypress: up
16.7385 	EXP 	unnamed Rect: pos = array([26.52809968, -3.39221543])
16.7552 	EXP 	unnamed Rect: pos = array([26.52809968, -3.39221543])
16.7721 	EXP 	unnamed Rect: pos = array([26.52809968, -3.39221543])
16.7897 	EXP 	unnamed Rect: pos = array([26.52809968, -3.39221543])
16.8058 	EXP 	unnamed Rect: pos = array([26.52809968, -3.39221543])
16.8224 	EXP 	unnamed Rect: pos = array([26.52809968, -3.39221543])
16.8386 	EXP 	unnamed Rect: pos = array([26.52809968, -3.39221543])
16.8393 	DATA 	Keypress: up
16.8550 	EXP 	unnamed Rect: pos = array([26.52809968,  6.60778457])
16.8718 	EXP 	unnamed Rect: pos = array([26.52809968,  6.60778457])
16.8886 	EXP 	unnamed Rect: pos = array([26.52809968,  6.60778457])
16.9046 	EXP 	unnamed Rect: pos = array([26.52809968,  6.60778457])
16.9220 	EXP 	unnamed Rect: pos = array([26.52809968,  6.60778457])
16.9385 	EXP 	unnamed Rect: pos = array([26.52809968,  6.60778457])
16.9552 	EXP 	unnamed Rect: pos = array([26.52809968,  6.60778457])
16.9721 	EXP 	unnamed Rect: pos = array([26.52809968,  6.60778457])
16.9885 	EXP 	unnamed Rect: pos = array([26.52809968,  6.60778457])
17.0052 	EXP 	unnamed Rect: pos = array([26.52809968,  6.60778457])
17.0215 	EXP 	unnamed Rect: pos = array([26.52809968,  6.60778457])
17.0223 	DATA 	Keypress: up
17.0384 	EXP 	unnamed Rect: pos = array([26.52809968, 16.60778457])
17.0558 	EXP 	unnamed Rect: pos = array([26.52809968, 16.60778457])
17.0719 	EXP 	unnamed Rect: pos = array([26.52809968, 16.60778457])
17.0884 	EXP 	unnamed Rect: pos = array([26.52809968, 16.60778457])
17.1057 	EXP 	unnamed Rect: pos = array([26.52809968, 16.60778457])
17.1219 	EXP 	unnamed Rect: pos = array([26.52809968, 16.60778457])
17.1385 	EXP 	unnamed Rect: pos = array([26.52809968, 16.60778457])
17.1555 	EXP 	unnamed Rect: pos = array([26.52809968, 16.60778457])
17.1598 	DATA 	Keypress: up
17.1724 	EXP 	unnamed Rect: pos = array([26.52809968, 16.60778457])
17.1886 	EXP 	unnamed Rect: pos = array([26.52809968, 26.60778457])
17.2053 	EXP 	unnamed Rect: pos = array([26.52809968, 26.60778457])
17.2217 	EXP 	unnamed Rect: pos = array([26.52809968, 26.60778457])
17.2387 	EXP 	unnamed Rect: pos = array([26.52809968, 26.60778457])
17.2565 	EXP 	unnamed Rect: pos = array([26.52809968, 26.60778457])
17.2724 	EXP 	unnamed Rect: pos = array([26.52809968, 26.60778457])
17.2890 	EXP 	unnamed Rect: pos = array([26.52809968, 26.60778457])
17.3056 	EXP 	unnamed Rect: pos = array([26.52809968, 26.60778457])
17.3221 	EXP 	unnamed Rect: pos = array([26.52809968, 26.60778457])
17.3394 	EXP 	unnamed Rect: pos = array([26.52809968, 26.60778457])
17.3401 	DATA 	Keypress: up
17.3555 	EXP 	unnamed Rect: pos = array([26.52809968, 36.60778457])
17.3722 	EXP 	unnamed Rect: pos = array([26.52809968, 36.60778457])
17.3890 	EXP 	unnamed Rect: pos = array([26.52809968, 36.60778457])
17.4055 	EXP 	unnamed Rect: pos = array([26.52809968, 36.60778457])
17.4227 	EXP 	unnamed Rect: pos = array([26.52809968, 36.60778457])
17.4387 	EXP 	unnamed Rect: pos = array([26.52809968, 36.60778457])
17.4551 	EXP 	unnamed Rect: pos = array([26.52809968, 36.60778457])
17.4724 	EXP 	unnamed Rect: pos = array([26.52809968, 36.60778457])
17.4891 	EXP 	unnamed Rect: pos = array([26.52809968, 36.60778457])
17.4898 	DATA 	Keypress: up
17.5058 	EXP 	unnamed Rect: pos = array([26.52809968, 46.60778457])
17.5220 	EXP 	unnamed Rect: pos = array([26.52809968, 46.60778457])
17.5391 	EXP 	unnamed Rect: pos = array([26.52809968, 46.60778457])
17.5558 	EXP 	unnamed Rect: pos = array([26.52809968, 46.60778457])
17.5722 	EXP 	unnamed Rect: pos = array([26.52809968, 46.60778457])
17.5892 	EXP 	unnamed Rect: pos = array([26.52809968, 46.60778457])
17.6061 	EXP 	unnamed Rect: pos = array([26.52809968, 46.60778457])
17.6222 	EXP 	unnamed Rect: pos = array([26.52809968, 46.60778457])
17.6390 	EXP 	unnamed Rect: pos = array([26.52809968, 46.60778457])
17.6396 	DATA 	Keypress: up
17.6554 	EXP 	unnamed Rect: pos = array([26.52809968, 56.60778457])
17.6719 	EXP 	unnamed Rect: pos = array([26.52809968, 56.60778457])
17.6886 	EXP 	unnamed Rect: pos = array([26.52809968, 56.60778457])
17.7058 	EXP 	unnamed Rect: pos = array([26.52809968, 56.60778457])
17.7222 	EXP 	unnamed Rect: pos = array([26.52809968, 56.60778457])
17.7392 	EXP 	unnamed Rect: pos = array([26.52809968, 56.60778457])
17.7553 	EXP 	unnamed Rect: pos = array([26.52809968, 56.60778457])
17.7722 	EXP 	unnamed Rect: pos = array([26.52809968, 56.60778457])
17.7889 	EXP 	unnamed Rect: pos = array([26.52809968, 56.60778457])
17.8059 	EXP 	unnamed Rect: pos = array([26.52809968, 56.60778457])
17.8065 	DATA 	Keypress: up
17.8219 	EXP 	unnamed Rect: pos = array([26.52809968, 66.60778457])
17.8387 	EXP 	unnamed Rect: pos = array([26.52809968, 66.60778457])
17.8555 	EXP 	unnamed Rect: pos = array([26.52809968, 66.60778457])
17.8721 	EXP 	unnamed Rect: pos = array([26.52809968, 66.60778457])
17.8883 	EXP 	unnamed Rect: pos = array([26.52809968, 66.60778457])
17.9055 	EXP 	unnamed Rect: pos = array([26.52809968, 66.60778457])
17.9216 	EXP 	unnamed Rect: pos = array([26.52809968, 66.60778457])
17.9385 	EXP 	unnamed Rect: pos = array([26.52809968, 66.60778457])
17.9552 	EXP 	unnamed Rect: pos = array([26.52809968, 66.60778457])
17.9594 	DATA 	Keypress: up
17.9726 	EXP 	unnamed Rect: pos = array([26.52809968, 66.60778457])
17.9891 	EXP 	unnamed Rect: pos = array([26.52809968, 76.60778457])
18.0053 	EXP 	unnamed Rect: pos = array([26.52809968, 76.60778457])
18.0216 	EXP 	unnamed Rect: pos = array([26.52809968, 76.60778457])
18.0385 	EXP 	unnamed Rect: pos = array([26.52809968, 76.60778457])
18.0554 	EXP 	unnamed Rect: pos = array([26.52809968, 76.60778457])
18.0723 	EXP 	unnamed Rect: pos = array([26.52809968, 76.60778457])
18.0890 	EXP 	unnamed Rect: pos = array([26.52809968, 76.60778457])
18.1054 	EXP 	unnamed Rect: pos = array([26.52809968, 76.60778457])
18.1218 	EXP 	unnamed Rect: pos = array([26.52809968, 76.60778457])
18.1387 	EXP 	unnamed Rect: pos = array([26.52809968, 76.60778457])
18.1554 	EXP 	unnamed Rect: pos = array([26.52809968, 76.60778457])
18.1719 	EXP 	unnamed Rect: pos = array([26.52809968, 76.60778457])
18.1888 	EXP 	unnamed Rect: pos = array([26.52809968, 76.60778457])
18.2050 	EXP 	unnamed Rect: pos = array([26.52809968, 76.60778457])
18.2222 	EXP 	unnamed Rect: pos = array([26.52809968, 76.60778457])
18.2388 	EXP 	unnamed Rect: pos = array([26.52809968, 76.60778457])
18.2559 	EXP 	unnamed Rect: pos = array([26.52809968, 76.60778457])
18.2721 	EXP 	unnamed Rect: pos = array([26.52809968, 76.60778457])
18.2886 	EXP 	unnamed Rect: pos = array([26.52809968, 76.60778457])
18.3054 	EXP 	unnamed Rect: pos = array([26.52809968, 76.60778457])
18.3221 	EXP 	unnamed Rect: pos = array([26.52809968, 76.60778457])
18.3391 	EXP 	unnamed Rect: pos = array([26.52809968, 76.60778457])
18.3556 	EXP 	unnamed Rect: pos = array([26.52809968, 76.60778457])
18.3721 	EXP 	unnamed Rect: pos = array([26.52809968, 76.60778457])
18.3888 	EXP 	unnamed Rect: pos = array([26.52809968, 76.60778457])
18.4055 	EXP 	unnamed Rect: pos = array([26.52809968, 76.60778457])
18.4223 	EXP 	unnamed Rect: pos = array([26.52809968, 76.60778457])
18.4394 	EXP 	unnamed Rect: pos = array([26.52809968, 76.60778457])
18.4555 	EXP 	unnamed Rect: pos = array([26.52809968, 76.60778457])
18.4723 	EXP 	unnamed Rect: pos = array([26.52809968, 76.60778457])
18.4891 	EXP 	unnamed Rect: pos = array([26.52809968, 76.60778457])
18.5057 	EXP 	unnamed Rect: pos = array([26.52809968, 76.60778457])
18.5227 	EXP 	unnamed Rect: pos = array([26.52809968, 76.60778457])
18.5391 	EXP 	unnamed Rect: pos = array([26.52809968, 76.60778457])
18.5555 	EXP 	unnamed Rect: pos = array([26.52809968, 76.60778457])
18.5727 	EXP 	unnamed Rect: pos = array([26.52809968, 76.60778457])
18.5895 	EXP 	unnamed Rect: pos = array([26.52809968, 76.60778457])
18.6054 	EXP 	unnamed Rect: pos = array([26.52809968, 76.60778457])
18.6224 	EXP 	unnamed Rect: pos = array([26.52809968, 76.60778457])
18.6388 	EXP 	unnamed Rect: pos = array([26.52809968, 76.60778457])
18.6556 	EXP 	unnamed Rect: pos = array([26.52809968, 76.60778457])
18.6721 	EXP 	unnamed Rect: pos = array([26.52809968, 76.60778457])
18.6892 	EXP 	unnamed Rect: pos = array([26.52809968, 76.60778457])
18.7063 	EXP 	unnamed Rect: pos = array([26.52809968, 76.60778457])
18.7221 	EXP 	unnamed Rect: pos = array([26.52809968, 76.60778457])
18.7393 	EXP 	unnamed Rect: pos = array([26.52809968, 76.60778457])
18.7557 	EXP 	unnamed Rect: pos = array([26.52809968, 76.60778457])
18.7729 	EXP 	unnamed Rect: pos = array([26.52809968, 76.60778457])
18.7892 	EXP 	unnamed Rect: pos = array([26.52809968, 76.60778457])
18.8065 	EXP 	unnamed Rect: pos = array([26.52809968, 76.60778457])
18.8221 	EXP 	unnamed Rect: pos = array([26.52809968, 76.60778457])
18.8388 	EXP 	unnamed Rect: pos = array([26.52809968, 76.60778457])
18.8553 	EXP 	unnamed Rect: pos = array([26.52809968, 76.60778457])
18.8721 	EXP 	unnamed Rect: pos = array([26.52809968, 76.60778457])
18.8886 	EXP 	unnamed Rect: pos = array([26.52809968, 76.60778457])
18.9053 	EXP 	unnamed Rect: pos = array([26.52809968, 76.60778457])
18.9219 	EXP 	unnamed Rect: pos = array([26.52809968, 76.60778457])
18.9386 	EXP 	unnamed Rect: pos = array([26.52809968, 76.60778457])
18.9553 	EXP 	unnamed Rect: pos = array([26.52809968, 76.60778457])
18.9720 	EXP 	unnamed Rect: pos = array([26.52809968, 76.60778457])
18.9886 	EXP 	unnamed Rect: pos = array([26.52809968, 76.60778457])
19.0054 	EXP 	unnamed Rect: pos = array([26.52809968, 76.60778457])
19.0219 	EXP 	unnamed Rect: pos = array([26.52809968, 76.60778457])
19.0386 	EXP 	unnamed Rect: pos = array([26.52809968, 76.60778457])
19.0553 	EXP 	unnamed Rect: pos = array([26.52809968, 76.60778457])
19.0727 	EXP 	unnamed Rect: pos = array([26.52809968, 76.60778457])
19.0888 	EXP 	unnamed Rect: pos = array([26.52809968, 76.60778457])
19.1056 	EXP 	unnamed Rect: pos = array([26.52809968, 76.60778457])
19.1222 	EXP 	unnamed Rect: pos = array([26.52809968, 76.60778457])
19.1386 	EXP 	unnamed Rect: pos = array([26.52809968, 76.60778457])
19.1559 	EXP 	unnamed Rect: pos = array([26.52809968, 76.60778457])
19.1722 	EXP 	unnamed Rect: pos = array([26.52809968, 76.60778457])
19.1889 	EXP 	unnamed Rect: pos = array([26.52809968, 76.60778457])
19.2055 	EXP 	unnamed Rect: pos = array([26.52809968, 76.60778457])
19.2222 	EXP 	unnamed Rect: pos = array([26.52809968, 76.60778457])
19.2386 	EXP 	unnamed Rect: pos = array([26.52809968, 76.60778457])
19.2556 	EXP 	unnamed Rect: pos = array([26.52809968, 76.60778457])
19.2724 	EXP 	unnamed Rect: pos = array([26.52809968, 76.60778457])
19.2889 	EXP 	unnamed Rect: pos = array([26.52809968, 76.60778457])
19.3064 	EXP 	unnamed Rect: pos = array([26.52809968, 76.60778457])
19.3231 	EXP 	unnamed Rect: pos = array([26.52809968, 76.60778457])
19.3389 	EXP 	unnamed Rect: pos = array([26.52809968, 76.60778457])
19.3557 	EXP 	unnamed Rect: pos = array([26.52809968, 76.60778457])
19.3725 	EXP 	unnamed Rect: pos = array([26.52809968, 76.60778457])
19.3875 	EXP 	unnamed Rect: pos = array([26.52809968, 76.60778457])
19.4055 	EXP 	unnamed Rect: pos = array([26.52809968, 76.60778457])
19.4216 	EXP 	unnamed Rect: pos = array([26.52809968, 76.60778457])
19.4384 	EXP 	unnamed Rect: pos = array([26.52809968, 76.60778457])
19.4550 	EXP 	unnamed Rect: pos = array([26.52809968, 76.60778457])
19.4717 	EXP 	unnamed Rect: pos = array([26.52809968, 76.60778457])
19.4884 	EXP 	unnamed Rect: pos = array([26.52809968, 76.60778457])
19.5050 	EXP 	unnamed Rect: pos = array([26.52809968, 76.60778457])
19.5218 	EXP 	unnamed Rect: pos = array([26.52809968, 76.60778457])
19.5384 	EXP 	unnamed Rect: pos = array([26.52809968, 76.60778457])
19.5553 	EXP 	unnamed Rect: pos = array([26.52809968, 76.60778457])
19.5718 	EXP 	unnamed Rect: pos = array([26.52809968, 76.60778457])
19.5884 	EXP 	unnamed Rect: pos = array([26.52809968, 76.60778457])
19.6052 	EXP 	unnamed Rect: pos = array([26.52809968, 76.60778457])
19.6224 	EXP 	unnamed Rect: pos = array([26.52809968, 76.60778457])
19.6387 	EXP 	unnamed Rect: pos = array([26.52809968, 76.60778457])
19.6555 	EXP 	unnamed Rect: pos = array([26.52809968, 76.60778457])
19.6722 	EXP 	unnamed Rect: pos = array([26.52809968, 76.60778457])
19.6886 	EXP 	unnamed Rect: pos = array([26.52809968, 76.60778457])
19.7052 	EXP 	unnamed Rect: pos = array([26.52809968, 76.60778457])
19.7217 	EXP 	unnamed Rect: pos = array([26.52809968, 76.60778457])
19.7386 	EXP 	unnamed Rect: pos = array([26.52809968, 76.60778457])
19.7555 	EXP 	unnamed Rect: pos = array([26.52809968, 76.60778457])
19.7723 	EXP 	unnamed Rect: pos = array([26.52809968, 76.60778457])
19.7885 	EXP 	unnamed Rect: pos = array([26.52809968, 76.60778457])
19.8059 	EXP 	unnamed Rect: pos = array([26.52809968, 76.60778457])
19.8219 	EXP 	unnamed Rect: pos = array([26.52809968, 76.60778457])
19.8387 	EXP 	unnamed Rect: pos = array([26.52809968, 76.60778457])
19.8552 	EXP 	unnamed Rect: pos = array([26.52809968, 76.60778457])
19.8722 	EXP 	unnamed Rect: pos = array([26.52809968, 76.60778457])
19.8885 	EXP 	unnamed Rect: pos = array([26.52809968, 76.60778457])
19.9055 	EXP 	unnamed Rect: pos = array([26.52809968, 76.60778457])
19.9220 	EXP 	unnamed Rect: pos = array([26.52809968, 76.60778457])
19.9387 	EXP 	unnamed Rect: pos = array([26.52809968, 76.60778457])
19.9553 	EXP 	unnamed Rect: pos = array([26.52809968, 76.60778457])
19.9720 	EXP 	unnamed Rect: pos = array([26.52809968, 76.60778457])
19.9890 	EXP 	unnamed Rect: pos = array([26.52809968, 76.60778457])
20.0051 	EXP 	unnamed Rect: pos = array([26.52809968, 76.60778457])
20.0219 	EXP 	unnamed Rect: pos = array([26.52809968, 76.60778457])
20.0385 	EXP 	unnamed Rect: pos = array([26.52809968, 76.60778457])
20.0551 	EXP 	unnamed Rect: pos = array([26.52809968, 76.60778457])
20.0717 	EXP 	unnamed Rect: pos = array([26.52809968, 76.60778457])
20.0885 	EXP 	unnamed Rect: pos = array([26.52809968, 76.60778457])
20.1051 	EXP 	unnamed Rect: pos = array([26.52809968, 76.60778457])
20.1220 	EXP 	unnamed Rect: pos = array([26.52809968, 76.60778457])
20.1385 	EXP 	unnamed Rect: pos = array([26.52809968, 76.60778457])
20.1558 	EXP 	unnamed Rect: pos = array([26.52809968, 76.60778457])
20.1723 	EXP 	unnamed Rect: pos = array([26.52809968, 76.60778457])
20.1885 	EXP 	unnamed Rect: pos = array([26.52809968, 76.60778457])
20.2051 	EXP 	unnamed Rect: pos = array([26.52809968, 76.60778457])
20.2219 	EXP 	unnamed Rect: pos = array([26.52809968, 76.60778457])
20.2385 	EXP 	unnamed Rect: pos = array([26.52809968, 76.60778457])
20.2559 	EXP 	unnamed Rect: pos = array([26.52809968, 76.60778457])
20.2718 	EXP 	unnamed Rect: pos = array([26.52809968, 76.60778457])
20.2886 	EXP 	unnamed Rect: pos = array([26.52809968, 76.60778457])
20.3055 	EXP 	unnamed Rect: pos = array([26.52809968, 76.60778457])
20.3225 	EXP 	unnamed Rect: pos = array([26.52809968, 76.60778457])
20.3390 	EXP 	unnamed Rect: pos = array([26.52809968, 76.60778457])
20.3557 	EXP 	unnamed Rect: pos = array([26.52809968, 76.60778457])
20.3723 	EXP 	unnamed Rect: pos = array([26.52809968, 76.60778457])
20.3889 	EXP 	unnamed Rect: pos = array([26.52809968, 76.60778457])
20.4053 	EXP 	unnamed Rect: pos = array([26.52809968, 76.60778457])
20.4224 	EXP 	unnamed Rect: pos = array([26.52809968, 76.60778457])
20.4389 	EXP 	unnamed Rect: pos = array([26.52809968, 76.60778457])
20.4555 	EXP 	unnamed Rect: pos = array([26.52809968, 76.60778457])
20.4720 	EXP 	unnamed Rect: pos = array([26.52809968, 76.60778457])
20.4886 	EXP 	unnamed Rect: pos = array([26.52809968, 76.60778457])
20.5053 	EXP 	unnamed Rect: pos = array([26.52809968, 76.60778457])
20.5223 	EXP 	unnamed Rect: pos = array([26.52809968, 76.60778457])
20.5387 	EXP 	unnamed Rect: pos = array([26.52809968, 76.60778457])
20.5555 	EXP 	unnamed Rect: pos = array([26.52809968, 76.60778457])
20.5722 	EXP 	unnamed Rect: pos = array([26.52809968, 76.60778457])
20.5887 	EXP 	unnamed Rect: pos = array([26.52809968, 76.60778457])
20.6058 	EXP 	unnamed Rect: pos = array([26.52809968, 76.60778457])
20.6226 	EXP 	unnamed Rect: pos = array([26.52809968, 76.60778457])
20.6389 	EXP 	unnamed Rect: pos = array([26.52809968, 76.60778457])
20.6558 	EXP 	unnamed Rect: pos = array([26.52809968, 76.60778457])
20.6725 	EXP 	unnamed Rect: pos = array([26.52809968, 76.60778457])
20.6888 	EXP 	unnamed Rect: pos = array([26.52809968, 76.60778457])
20.7056 	EXP 	unnamed Rect: pos = array([26.52809968, 76.60778457])
20.7225 	EXP 	unnamed Rect: pos = array([26.52809968, 76.60778457])
20.7388 	EXP 	unnamed Rect: pos = array([26.52809968, 76.60778457])
20.7557 	EXP 	unnamed Rect: pos = array([26.52809968, 76.60778457])
20.7727 	EXP 	unnamed Rect: pos = array([26.52809968, 76.60778457])
20.7891 	EXP 	unnamed Rect: pos = array([26.52809968, 76.60778457])
20.8058 	EXP 	unnamed Rect: pos = array([26.52809968, 76.60778457])
20.8223 	EXP 	unnamed Rect: pos = array([26.52809968, 76.60778457])
20.8391 	EXP 	unnamed Rect: pos = array([26.52809968, 76.60778457])
20.8560 	EXP 	unnamed Rect: pos = array([26.52809968, 76.60778457])
20.8722 	EXP 	unnamed Rect: pos = array([26.52809968, 76.60778457])
20.8890 	EXP 	unnamed Rect: pos = array([26.52809968, 76.60778457])
20.9056 	EXP 	unnamed Rect: pos = array([26.52809968, 76.60778457])
20.9223 	EXP 	unnamed Rect: pos = array([26.52809968, 76.60778457])
20.9388 	EXP 	unnamed Rect: pos = array([26.52809968, 76.60778457])
20.9555 	EXP 	unnamed Rect: pos = array([26.52809968, 76.60778457])
20.9723 	EXP 	unnamed Rect: pos = array([26.52809968, 76.60778457])
20.9890 	EXP 	unnamed Rect: pos = array([26.52809968, 76.60778457])
21.0055 	EXP 	unnamed Rect: pos = array([26.52809968, 76.60778457])
21.0222 	EXP 	unnamed Rect: pos = array([26.52809968, 76.60778457])
21.0389 	EXP 	unnamed Rect: pos = array([26.52809968, 76.60778457])
21.0555 	EXP 	unnamed Rect: pos = array([26.52809968, 76.60778457])
21.0722 	EXP 	unnamed Rect: pos = array([26.52809968, 76.60778457])
21.0892 	EXP 	unnamed Rect: pos = array([26.52809968, 76.60778457])
21.1063 	EXP 	unnamed Rect: pos = array([26.52809968, 76.60778457])
21.1224 	EXP 	unnamed Rect: pos = array([26.52809968, 76.60778457])
21.1389 	EXP 	unnamed Rect: pos = array([26.52809968, 76.60778457])
21.1555 	EXP 	unnamed Rect: pos = array([26.52809968, 76.60778457])
21.1726 	EXP 	unnamed Rect: pos = array([26.52809968, 76.60778457])
21.1889 	EXP 	unnamed Rect: pos = array([26.52809968, 76.60778457])
21.2056 	EXP 	unnamed Rect: pos = array([26.52809968, 76.60778457])
21.2224 	EXP 	unnamed Rect: pos = array([26.52809968, 76.60778457])
21.2391 	EXP 	unnamed Rect: pos = array([26.52809968, 76.60778457])
21.2562 	EXP 	unnamed Rect: pos = array([26.52809968, 76.60778457])
21.2720 	EXP 	unnamed Rect: pos = array([26.52809968, 76.60778457])
21.2892 	EXP 	unnamed Rect: pos = array([26.52809968, 76.60778457])
21.3062 	EXP 	unnamed Rect: pos = array([26.52809968, 76.60778457])
21.3225 	EXP 	unnamed Rect: pos = array([26.52809968, 76.60778457])
21.3389 	EXP 	unnamed Rect: pos = array([26.52809968, 76.60778457])
21.3554 	EXP 	unnamed Rect: pos = array([26.52809968, 76.60778457])
21.3722 	EXP 	unnamed Rect: pos = array([26.52809968, 76.60778457])
21.3889 	EXP 	unnamed Rect: pos = array([26.52809968, 76.60778457])
21.4058 	EXP 	unnamed Rect: pos = array([26.52809968, 76.60778457])
21.4227 	EXP 	unnamed Rect: pos = array([26.52809968, 76.60778457])
21.4391 	EXP 	unnamed Rect: pos = array([26.52809968, 76.60778457])
21.4555 	EXP 	unnamed Rect: pos = array([26.52809968, 76.60778457])
21.4730 	EXP 	unnamed Rect: pos = array([26.52809968, 76.60778457])
21.4896 	EXP 	unnamed Rect: pos = array([26.52809968, 76.60778457])
21.5055 	EXP 	unnamed Rect: pos = array([26.52809968, 76.60778457])
21.5225 	EXP 	unnamed Rect: pos = array([26.52809968, 76.60778457])
21.5388 	EXP 	unnamed Rect: pos = array([26.52809968, 76.60778457])
21.5555 	EXP 	unnamed Rect: pos = array([26.52809968, 76.60778457])
21.5722 	EXP 	unnamed Rect: pos = array([26.52809968, 76.60778457])
21.5887 	EXP 	unnamed Rect: pos = array([26.52809968, 76.60778457])
21.6055 	EXP 	unnamed Rect: pos = array([26.52809968, 76.60778457])
21.6222 	EXP 	unnamed Rect: pos = array([26.52809968, 76.60778457])
21.6391 	EXP 	unnamed Rect: pos = array([26.52809968, 76.60778457])
21.6557 	EXP 	unnamed Rect: pos = array([26.52809968, 76.60778457])
21.6724 	EXP 	unnamed Rect: pos = array([26.52809968, 76.60778457])
21.6889 	EXP 	unnamed Rect: pos = array([26.52809968, 76.60778457])
21.7057 	EXP 	unnamed Rect: pos = array([26.52809968, 76.60778457])
21.7222 	EXP 	unnamed Rect: pos = array([26.52809968, 76.60778457])
21.7389 	EXP 	unnamed Rect: pos = array([26.52809968, 76.60778457])
21.7556 	EXP 	unnamed Rect: pos = array([26.52809968, 76.60778457])
21.7721 	EXP 	unnamed Rect: pos = array([26.52809968, 76.60778457])
21.7892 	EXP 	unnamed Rect: pos = array([26.52809968, 76.60778457])
21.8055 	EXP 	unnamed Rect: pos = array([26.52809968, 76.60778457])
21.8220 	EXP 	unnamed Rect: pos = array([26.52809968, 76.60778457])
21.8388 	EXP 	unnamed Rect: pos = array([26.52809968, 76.60778457])
21.8555 	EXP 	unnamed Rect: pos = array([26.52809968, 76.60778457])
21.8724 	EXP 	unnamed Rect: pos = array([26.52809968, 76.60778457])
21.8892 	EXP 	unnamed Rect: pos = array([26.52809968, 76.60778457])
21.9058 	EXP 	unnamed Rect: pos = array([26.52809968, 76.60778457])
21.9223 	EXP 	unnamed Rect: pos = array([26.52809968, 76.60778457])
21.9389 	EXP 	unnamed Rect: pos = array([26.52809968, 76.60778457])
21.9555 	EXP 	unnamed Rect: pos = array([26.52809968, 76.60778457])
21.9724 	EXP 	unnamed Rect: pos = array([26.52809968, 76.60778457])
21.9892 	EXP 	unnamed Rect: pos = array([26.52809968, 76.60778457])
22.0059 	EXP 	unnamed Rect: pos = array([26.52809968, 76.60778457])
22.0220 	EXP 	unnamed Rect: pos = array([26.52809968, 76.60778457])
22.0395 	EXP 	unnamed Rect: pos = array([26.52809968, 76.60778457])
22.0556 	EXP 	unnamed Rect: pos = array([26.52809968, 76.60778457])
22.0720 	EXP 	unnamed Rect: pos = array([26.52809968, 76.60778457])
22.0893 	EXP 	unnamed Rect: pos = array([26.52809968, 76.60778457])
22.1056 	EXP 	unnamed Rect: pos = array([26.52809968, 76.60778457])
22.1222 	EXP 	unnamed Rect: pos = array([26.52809968, 76.60778457])
22.1399 	EXP 	unnamed Rect: pos = array([26.52809968, 76.60778457])
22.1557 	EXP 	unnamed Rect: pos = array([26.52809968, 76.60778457])
22.1720 	EXP 	unnamed Rect: pos = array([26.52809968, 76.60778457])
22.1887 	EXP 	unnamed Rect: pos = array([26.52809968, 76.60778457])
22.2053 	EXP 	unnamed Rect: pos = array([26.52809968, 76.60778457])
22.2222 	EXP 	unnamed Rect: pos = array([26.52809968, 76.60778457])
22.2387 	EXP 	unnamed Rect: pos = array([26.52809968, 76.60778457])
22.2566 	EXP 	unnamed Rect: pos = array([26.52809968, 76.60778457])
22.2726 	EXP 	unnamed Rect: pos = array([26.52809968, 76.60778457])
22.2891 	EXP 	unnamed Rect: pos = array([26.52809968, 76.60778457])
22.3058 	EXP 	unnamed Rect: pos = array([26.52809968, 76.60778457])
22.3223 	EXP 	unnamed Rect: pos = array([26.52809968, 76.60778457])
22.3389 	EXP 	unnamed Rect: pos = array([26.52809968, 76.60778457])
22.3553 	EXP 	unnamed Rect: pos = array([26.52809968, 76.60778457])
22.3720 	EXP 	unnamed Rect: pos = array([26.52809968, 76.60778457])
22.3887 	EXP 	unnamed Rect: pos = array([26.52809968, 76.60778457])
22.4054 	EXP 	unnamed Rect: pos = array([26.52809968, 76.60778457])
22.4221 	EXP 	unnamed Rect: pos = array([26.52809968, 76.60778457])
22.4387 	EXP 	unnamed Rect: pos = array([26.52809968, 76.60778457])
22.4554 	EXP 	unnamed Rect: pos = array([26.52809968, 76.60778457])
22.4722 	EXP 	unnamed Rect: pos = array([26.52809968, 76.60778457])
22.4887 	EXP 	unnamed Rect: pos = array([26.52809968, 76.60778457])
22.5050 	EXP 	unnamed Rect: pos = array([26.52809968, 76.60778457])
22.5213 	EXP 	unnamed Rect: pos = array([26.52809968, 76.60778457])
22.5383 	EXP 	unnamed Rect: pos = array([26.52809968, 76.60778457])
22.5546 	EXP 	unnamed Rect: pos = array([26.52809968, 76.60778457])
22.5713 	EXP 	unnamed Rect: pos = array([26.52809968, 76.60778457])
22.5886 	EXP 	unnamed Rect: pos = array([26.52809968, 76.60778457])
22.6051 	EXP 	unnamed Rect: pos = array([26.52809968, 76.60778457])
22.6213 	EXP 	unnamed Rect: pos = array([26.52809968, 76.60778457])
22.6388 	EXP 	unnamed Rect: pos = array([26.52809968, 76.60778457])
22.6558 	EXP 	unnamed Rect: pos = array([26.52809968, 76.60778457])
22.6724 	EXP 	unnamed Rect: pos = array([26.52809968, 76.60778457])
22.6887 	EXP 	unnamed Rect: pos = array([26.52809968, 76.60778457])
22.7049 	EXP 	unnamed Rect: pos = array([26.52809968, 76.60778457])
22.7220 	EXP 	unnamed Rect: pos = array([26.52809968, 76.60778457])
22.7382 	EXP 	unnamed Rect: pos = array([26.52809968, 76.60778457])
22.7550 	EXP 	unnamed Rect: pos = array([26.52809968, 76.60778457])
22.7726 	EXP 	unnamed Rect: pos = array([26.52809968, 76.60778457])
22.7923 	EXP 	unnamed Rect: pos = array([26.52809968, 76.60778457])
22.8048 	EXP 	unnamed Rect: pos = array([26.52809968, 76.60778457])
22.8220 	EXP 	unnamed Rect: pos = array([26.52809968, 76.60778457])
22.8385 	EXP 	unnamed Rect: pos = array([26.52809968, 76.60778457])
22.8551 	EXP 	unnamed Rect: pos = array([26.52809968, 76.60778457])
22.8718 	EXP 	unnamed Rect: pos = array([26.52809968, 76.60778457])
22.8884 	EXP 	unnamed Rect: pos = array([26.52809968, 76.60778457])
22.9054 	EXP 	unnamed Rect: pos = array([26.52809968, 76.60778457])
22.9217 	EXP 	unnamed Rect: pos = array([26.52809968, 76.60778457])
22.9384 	EXP 	unnamed Rect: pos = array([26.52809968, 76.60778457])
22.9556 	EXP 	unnamed Rect: pos = array([26.52809968, 76.60778457])
22.9717 	EXP 	unnamed Rect: pos = array([26.52809968, 76.60778457])
22.9884 	EXP 	unnamed Rect: pos = array([26.52809968, 76.60778457])
23.0054 	EXP 	unnamed Rect: pos = array([26.52809968, 76.60778457])
23.0215 	EXP 	unnamed Rect: pos = array([26.52809968, 76.60778457])
23.0387 	EXP 	unnamed Rect: pos = array([26.52809968, 76.60778457])
23.0552 	EXP 	unnamed Rect: pos = array([26.52809968, 76.60778457])
23.0728 	EXP 	unnamed Rect: pos = array([26.52809968, 76.60778457])
23.0888 	EXP 	unnamed Rect: pos = array([26.52809968, 76.60778457])
23.1055 	EXP 	unnamed Rect: pos = array([26.52809968, 76.60778457])
23.1223 	EXP 	unnamed Rect: pos = array([26.52809968, 76.60778457])
23.1386 	EXP 	unnamed Rect: pos = array([26.52809968, 76.60778457])
23.1554 	EXP 	unnamed Rect: pos = array([26.52809968, 76.60778457])
23.1721 	EXP 	unnamed Rect: pos = array([26.52809968, 76.60778457])
23.1889 	EXP 	unnamed Rect: pos = array([26.52809968, 76.60778457])
23.2055 	EXP 	unnamed Rect: pos = array([26.52809968, 76.60778457])
23.2225 	EXP 	unnamed Rect: pos = array([26.52809968, 76.60778457])
23.2403 	EXP 	unnamed Rect: pos = array([26.52809968, 76.60778457])
23.2604 	EXP 	unnamed Rect: pos = array([26.52809968, 76.60778457])
23.2720 	EXP 	unnamed Rect: pos = array([26.52809968, 76.60778457])
23.2885 	EXP 	unnamed Rect: pos = array([26.52809968, 76.60778457])
23.3055 	EXP 	unnamed Rect: pos = array([26.52809968, 76.60778457])
23.3221 	EXP 	unnamed Rect: pos = array([26.52809968, 76.60778457])
23.3389 	EXP 	unnamed Rect: pos = array([26.52809968, 76.60778457])
23.3553 	EXP 	unnamed Rect: pos = array([26.52809968, 76.60778457])
23.3721 	EXP 	unnamed Rect: pos = array([26.52809968, 76.60778457])
23.3890 	EXP 	unnamed Rect: pos = array([26.52809968, 76.60778457])
23.4056 	EXP 	unnamed Rect: pos = array([26.52809968, 76.60778457])
23.4221 	EXP 	unnamed Rect: pos = array([26.52809968, 76.60778457])
23.4389 	EXP 	unnamed Rect: pos = array([26.52809968, 76.60778457])
23.4555 	EXP 	unnamed Rect: pos = array([26.52809968, 76.60778457])
23.4721 	EXP 	unnamed Rect: pos = array([26.52809968, 76.60778457])
23.4888 	EXP 	unnamed Rect: pos = array([26.52809968, 76.60778457])
23.5056 	EXP 	unnamed Rect: pos = array([26.52809968, 76.60778457])
23.5220 	EXP 	unnamed Rect: pos = array([26.52809968, 76.60778457])
23.5388 	EXP 	unnamed Rect: pos = array([26.52809968, 76.60778457])
23.5555 	EXP 	unnamed Rect: pos = array([26.52809968, 76.60778457])
23.5722 	EXP 	unnamed Rect: pos = array([26.52809968, 76.60778457])
23.5888 	EXP 	unnamed Rect: pos = array([26.52809968, 76.60778457])
23.6053 	EXP 	unnamed Rect: pos = array([26.52809968, 76.60778457])
23.6221 	EXP 	unnamed Rect: pos = array([26.52809968, 76.60778457])
23.6388 	EXP 	unnamed Rect: pos = array([26.52809968, 76.60778457])
23.6559 	EXP 	unnamed Rect: pos = array([26.52809968, 76.60778457])
23.6722 	EXP 	unnamed Rect: pos = array([26.52809968, 76.60778457])
23.6887 	EXP 	unnamed Rect: pos = array([26.52809968, 76.60778457])
23.7053 	EXP 	unnamed Rect: pos = array([26.52809968, 76.60778457])
23.7221 	EXP 	unnamed Rect: pos = array([26.52809968, 76.60778457])
23.7391 	EXP 	unnamed Rect: pos = array([26.52809968, 76.60778457])
23.7556 	EXP 	unnamed Rect: pos = array([26.52809968, 76.60778457])
23.7727 	EXP 	unnamed Rect: pos = array([26.52809968, 76.60778457])
23.7929 	EXP 	unnamed Rect: pos = array([26.52809968, 76.60778457])
23.8053 	EXP 	unnamed Rect: pos = array([26.52809968, 76.60778457])
23.8220 	EXP 	unnamed Rect: pos = array([26.52809968, 76.60778457])
23.8386 	EXP 	unnamed Rect: pos = array([26.52809968, 76.60778457])
23.8553 	EXP 	unnamed Rect: pos = array([26.52809968, 76.60778457])
23.8722 	EXP 	unnamed Rect: pos = array([26.52809968, 76.60778457])
23.8888 	EXP 	unnamed Rect: pos = array([26.52809968, 76.60778457])
23.9054 	EXP 	unnamed Rect: pos = array([26.52809968, 76.60778457])
23.9219 	EXP 	unnamed Rect: pos = array([26.52809968, 76.60778457])
23.9386 	EXP 	unnamed Rect: pos = array([26.52809968, 76.60778457])
23.9556 	EXP 	unnamed Rect: pos = array([26.52809968, 76.60778457])
23.9723 	EXP 	unnamed Rect: pos = array([26.52809968, 76.60778457])
23.9891 	EXP 	unnamed Rect: pos = array([26.52809968, 76.60778457])
24.0054 	EXP 	unnamed Rect: pos = array([26.52809968, 76.60778457])
24.0224 	EXP 	unnamed Rect: pos = array([26.52809968, 76.60778457])
24.0391 	EXP 	unnamed Rect: pos = array([26.52809968, 76.60778457])
24.0553 	EXP 	unnamed Rect: pos = array([26.52809968, 76.60778457])
24.0728 	EXP 	unnamed Rect: pos = array([26.52809968, 76.60778457])
24.0891 	EXP 	unnamed Rect: pos = array([26.52809968, 76.60778457])
24.1053 	EXP 	unnamed Rect: pos = array([26.52809968, 76.60778457])
24.1226 	EXP 	unnamed Rect: pos = array([26.52809968, 76.60778457])
24.1389 	EXP 	unnamed Rect: pos = array([26.52809968, 76.60778457])
24.1556 	EXP 	unnamed Rect: pos = array([26.52809968, 76.60778457])
24.1720 	EXP 	unnamed Rect: pos = array([26.52809968, 76.60778457])
24.1887 	EXP 	unnamed Rect: pos = array([26.52809968, 76.60778457])
24.2056 	EXP 	unnamed Rect: pos = array([26.52809968, 76.60778457])
24.2221 	EXP 	unnamed Rect: pos = array([26.52809968, 76.60778457])
24.2388 	EXP 	unnamed Rect: pos = array([26.52809968, 76.60778457])
24.2573 	EXP 	unnamed Rect: pos = array([26.52809968, 76.60778457])
24.2773 	EXP 	unnamed Rect: pos = array([26.52809968, 76.60778457])
24.2883 	EXP 	unnamed Rect: pos = array([26.52809968, 76.60778457])
24.3057 	EXP 	unnamed Rect: pos = array([26.52809968, 76.60778457])
24.3226 	EXP 	unnamed Rect: pos = array([26.52809968, 76.60778457])
24.3387 	EXP 	unnamed Rect: pos = array([26.52809968, 76.60778457])
24.3558 	EXP 	unnamed Rect: pos = array([26.52809968, 76.60778457])
24.3722 	EXP 	unnamed Rect: pos = array([26.52809968, 76.60778457])
24.3893 	EXP 	unnamed Rect: pos = array([26.52809968, 76.60778457])
24.4059 	EXP 	unnamed Rect: pos = array([26.52809968, 76.60778457])
24.4226 	EXP 	unnamed Rect: pos = array([26.52809968, 76.60778457])
24.4389 	EXP 	unnamed Rect: pos = array([26.52809968, 76.60778457])
24.4559 	EXP 	unnamed Rect: pos = array([26.52809968, 76.60778457])
24.4720 	EXP 	unnamed Rect: pos = array([26.52809968, 76.60778457])
24.4892 	EXP 	text: autoDraw = True
24.6592 	DATA 	Mouse: Left button down, pos=(664,612)
24.7083 	DATA 	Mouse:  Left button up, pos=(664,612)
25.4437 	DATA 	Keypress: space
26.1431 	DATA 	Keypress: escape
26.1448 	DATA 	Keypress: quoteleft
26.3180 	EXP 	window1: mouseVisible = True
