0.6051 	WARNING 	We strongly recommend you activate the PTB sound engine in PsychoPy prefs as the preferred audio engine. Its timing is vastly superior. Your prefs are currently set to use ['sounddevice', 'PTB', 'pyo', 'pygame'] (in that order).
4.7537 	ERROR 	'-1.0000, -1.0000, -1.0000' is not a valid rgb color
5.3741 	EXP 	Created window1 = Window(allowGUI=False, allowStencil=False, autoLog=True, backendConf=UNKNOWN, bitsMode=UNKNOWN, blendMode='avg', bpc=(8, 8, 8), color=array([0, 0, 0]), colorSpace='rgb', depthBits=8, fullscr=<method-wrapper '__getattribute__' of attributeSetter object at 0x7fe097e0b9e8>, gamma=None, gammaErrorPolicy='raise', lms=UNKNOWN, monitor=<psychopy.monitors.calibTools.Monitor object at 0x7fe0406b7518>, multiSample=False, name='window1', numSamples=2, pos=[360.0, 225.0], screen=0, size=array([2880, 1800]), stencilBits=0, stereo=False, units='height', useFBO=True, useRetina=True, viewOri=0.0, viewPos=None, viewScale=None, waitBlanking=True, winType='pyglet')
5.3759 	EXP 	window1: mouseVisible = True
5.3762 	EXP 	window1: recordFrameIntervals = False
5.5392 	EXP 	window1: recordFrameIntervals = True
5.7228 	EXP 	window1: recordFrameIntervals = False
6.3848 	DEPRECATION 	'1.0000, 1.0000, 1.0000' is not a valid rgb color
6.4190 	EXP 	Created Welcometext = TextStim(__class__=<class 'psychopy.visual.text.TextStim'>, alignHoriz=method-wrapper(...), alignText='center', alignVert=method-wrapper(...), anchorHoriz='center', anchorVert='center', antialias=True, autoLog=True, bold=False, color=array([0., 0., 0.]), colorSpace='rgb', contrast=1.0, depth=0.0, flipHoriz=False, flipVert=False, font='Open Sans', fontFiles=[], height=0.05, italic=False, languageStyle='LTR', name='Welcometext', opacity=0, ori=0.0, pos=array([0., 0.]), rgb=UNKNOWN, text='Welcome\nPlease press Spacebar to start', units='height', win=Window(...), wrapWidth=1)
6.7868 	EXP 	Created text = TextStim(__class__=<class 'psychopy.visual.text.TextStim'>, alignHoriz=method-wrapper(...), alignText='center', alignVert=method-wrapper(...), anchorHoriz='center', anchorVert='center', antialias=True, autoLog=True, bold=False, color=array([1., 1., 1.]), colorSpace='rgb', contrast=1.0, depth=0.0, flipHoriz=False, flipVert=False, font='Open Sans', fontFiles=[], height=0.05, italic=False, languageStyle='LTR', name='text', opacity=1, ori=0.0, pos=array([0., 0.]), rgb=UNKNOWN, text=str(...), units='height', win=Window(...), wrapWidth=1)
6.7876 	EXP 	Created sequence: random, trialTypes=1, nReps=5, seed=None
6.7879 	EXP 	New trial (rep=0, index=0): None
6.7961 	EXP 	Welcometext: autoDraw = True
7.9108 	EXP 	Created unnamed Rect = Rect(__class__=<class 'psychopy.visual.rect.Rect'>, autoDraw=False, autoLog=True, closeShape=True, color=method-wrapper(...), colorSpace='rgb', contrast=None, depth=0, fillColor=array([ 1, -1, -1]), fillColorSpace='rgb', fillRGB=array([ 1, -1, -1]), interpolate=True, lineColor=array([-1., -1.,  1.]), lineColorSpace='rgb', lineRGB=array([-1, -1,  1]), lineWidth=1.5, name='unnamed Rect', opacity=1, ori=0.0, pos=array([0., 0.]), size=array([1000.,  700.]), units='pix', vertices=ndarray(...), win=Window(...))
7.9134 	EXP 	Created unnamed Rect = Rect(__class__=<class 'psychopy.visual.rect.Rect'>, autoDraw=False, autoLog=True, closeShape=True, color=method-wrapper(...), colorSpace='rgb', contrast=None, depth=0, fillColor=array([-1, -1, -1]), fillColorSpace='rgb', fillRGB=array([-1, -1, -1]), interpolate=True, lineColor=array([-1., -1.,  1.]), lineColorSpace='rgb', lineRGB=array([-1, -1,  1]), lineWidth=1.5, name='unnamed Rect', opacity=1, ori=0.0, pos=array([0., 0.]), size=array([400., 600.]), units='pix', vertices=ndarray(...), win=Window(...))
7.9160 	EXP 	Created unnamed Rect = Rect(__class__=<class 'psychopy.visual.rect.Rect'>, autoDraw=False, autoLog=True, closeShape=True, color=method-wrapper(...), colorSpace='rgb', contrast=None, depth=0, fillColor=array([-1, -1, -1]), fillColorSpace='rgb', fillRGB=array([-1, -1, -1]), interpolate=True, lineColor=array([-1., -1.,  1.]), lineColorSpace='rgb', lineRGB=array([-1, -1,  1]), lineWidth=1.5, name='unnamed Rect', opacity=1, ori=0.0, pos=array([0., 0.]), size=array([400., 600.]), units='pix', vertices=ndarray(...), win=Window(...))
7.9194 	EXP 	Created unnamed Rect = Rect(__class__=<class 'psychopy.visual.rect.Rect'>, autoDraw=False, autoLog=True, closeShape=True, color=method-wrapper(...), colorSpace='rgb', contrast=None, depth=0, fillColor=array([ 1,  1, -1]), fillColorSpace='rgb', fillRGB=array([ 1,  1, -1]), interpolate=True, lineColor=array([0., 0., 0.]), lineColorSpace='rgb', lineRGB=array([0, 0, 0]), lineWidth=1.5, name='unnamed Rect', opacity=0.5, ori=0.0, pos=array([0., 0.]), size=array([30., 30.]), units='pix', vertices=ndarray(...), win=Window(...))
7.9225 	EXP 	Created unnamed Rect = Rect(__class__=<class 'psychopy.visual.rect.Rect'>, autoDraw=False, autoLog=True, closeShape=True, color=method-wrapper(...), colorSpace='rgb', contrast=None, depth=0, fillColor=array([ 1,  1, -1]), fillColorSpace='rgb', fillRGB=array([ 1,  1, -1]), interpolate=True, lineColor=array([0., 0., 0.]), lineColorSpace='rgb', lineRGB=array([0, 0, 0]), lineWidth=1.5, name='unnamed Rect', opacity=0.5, ori=0.0, pos=array([0., 0.]), size=array([30., 30.]), units='pix', vertices=ndarray(...), win=Window(...))
7.9254 	EXP 	Created unnamed Rect = Rect(__class__=<class 'psychopy.visual.rect.Rect'>, autoDraw=False, autoLog=True, closeShape=True, color=method-wrapper(...), colorSpace='rgb', contrast=None, depth=0, fillColor=array([ 1,  1, -1]), fillColorSpace='rgb', fillRGB=array([ 1,  1, -1]), interpolate=True, lineColor=array([0., 0., 0.]), lineColorSpace='rgb', lineRGB=array([0, 0, 0]), lineWidth=1.5, name='unnamed Rect', opacity=0.5, ori=0.0, pos=array([0., 0.]), size=array([30., 30.]), units='pix', vertices=ndarray(...), win=Window(...))
7.9279 	EXP 	Created unnamed Rect = Rect(__class__=<class 'psychopy.visual.rect.Rect'>, autoDraw=False, autoLog=True, closeShape=True, color=method-wrapper(...), colorSpace='rgb', contrast=None, depth=0, fillColor=array([ 1,  1, -1]), fillColorSpace='rgb', fillRGB=array([ 1,  1, -1]), interpolate=True, lineColor=array([0., 0., 0.]), lineColorSpace='rgb', lineRGB=array([0, 0, 0]), lineWidth=1.5, name='unnamed Rect', opacity=0.5, ori=0.0, pos=array([0., 0.]), size=array([30., 30.]), units='pix', vertices=ndarray(...), win=Window(...))
7.9303 	EXP 	Created unnamed Rect = Rect(__class__=<class 'psychopy.visual.rect.Rect'>, autoDraw=False, autoLog=True, closeShape=True, color=method-wrapper(...), colorSpace='rgb', contrast=None, depth=0, fillColor=array([ 1,  1, -1]), fillColorSpace='rgb', fillRGB=array([ 1,  1, -1]), interpolate=True, lineColor=array([0., 0., 0.]), lineColorSpace='rgb', lineRGB=array([0, 0, 0]), lineWidth=1.5, name='unnamed Rect', opacity=0.5, ori=0.0, pos=array([0., 0.]), size=array([30., 30.]), units='pix', vertices=ndarray(...), win=Window(...))
7.9326 	EXP 	Created unnamed Rect = Rect(__class__=<class 'psychopy.visual.rect.Rect'>, autoDraw=False, autoLog=True, closeShape=True, color=method-wrapper(...), colorSpace='rgb', contrast=None, depth=0, fillColor=array([ 1,  1, -1]), fillColorSpace='rgb', fillRGB=array([ 1,  1, -1]), interpolate=True, lineColor=array([0., 0., 0.]), lineColorSpace='rgb', lineRGB=array([0, 0, 0]), lineWidth=1.5, name='unnamed Rect', opacity=0.5, ori=0.0, pos=array([0., 0.]), size=array([30., 30.]), units='pix', vertices=ndarray(...), win=Window(...))
7.9350 	EXP 	Created unnamed Rect = Rect(__class__=<class 'psychopy.visual.rect.Rect'>, autoDraw=False, autoLog=True, closeShape=True, color=method-wrapper(...), colorSpace='rgb', contrast=None, depth=0, fillColor=array([ 1,  1, -1]), fillColorSpace='rgb', fillRGB=array([ 1,  1, -1]), interpolate=True, lineColor=array([0., 0., 0.]), lineColorSpace='rgb', lineRGB=array([0, 0, 0]), lineWidth=1.5, name='unnamed Rect', opacity=0.5, ori=0.0, pos=array([0., 0.]), size=array([30., 30.]), units='pix', vertices=ndarray(...), win=Window(...))
7.9759 	EXP 	Created unnamed ImageStim = ImageStim(__class__=<class 'psychopy.visual.image.ImageStim'>, autoLog=True, color=array([1., 1., 1.]), colorSpace='rgb', contrast=1.0, depth=0, flipHoriz=False, flipVert=False, image='tree.png', interpolate=False, mask=None, maskParams=None, name='unnamed ImageStim', opacity=1, ori=0.0, pos=array([0., 0.]), size=array([512, 512]), texRes=128, units='pix', win=Window(...))
7.9964 	EXP 	Created unnamed ImageStim = ImageStim(__class__=<class 'psychopy.visual.image.ImageStim'>, autoLog=True, color=array([1., 1., 1.]), colorSpace='rgb', contrast=1.0, depth=0, flipHoriz=False, flipVert=False, image='tree.png', interpolate=False, mask=None, maskParams=None, name='unnamed ImageStim', opacity=1, ori=0.0, pos=array([0., 0.]), size=array([512, 512]), texRes=128, units='pix', win=Window(...))
8.0146 	EXP 	Created unnamed ImageStim = ImageStim(__class__=<class 'psychopy.visual.image.ImageStim'>, autoLog=True, color=array([1., 1., 1.]), colorSpace='rgb', contrast=1.0, depth=0, flipHoriz=False, flipVert=False, image='tree.png', interpolate=False, mask=None, maskParams=None, name='unnamed ImageStim', opacity=1, ori=0.0, pos=array([0., 0.]), size=array([512, 512]), texRes=128, units='pix', win=Window(...))
8.0324 	EXP 	Created unnamed ImageStim = ImageStim(__class__=<class 'psychopy.visual.image.ImageStim'>, autoLog=True, color=array([1., 1., 1.]), colorSpace='rgb', contrast=1.0, depth=0, flipHoriz=False, flipVert=False, image='tree.png', interpolate=False, mask=None, maskParams=None, name='unnamed ImageStim', opacity=1, ori=0.0, pos=array([0., 0.]), size=array([512, 512]), texRes=128, units='pix', win=Window(...))
8.0500 	EXP 	Created unnamed ImageStim = ImageStim(__class__=<class 'psychopy.visual.image.ImageStim'>, autoLog=True, color=array([1., 1., 1.]), colorSpace='rgb', contrast=1.0, depth=0, flipHoriz=False, flipVert=False, image='tree.png', interpolate=False, mask=None, maskParams=None, name='unnamed ImageStim', opacity=1, ori=0.0, pos=array([0., 0.]), size=array([512, 512]), texRes=128, units='pix', win=Window(...))
8.0674 	EXP 	Created unnamed ImageStim = ImageStim(__class__=<class 'psychopy.visual.image.ImageStim'>, autoLog=True, color=array([1., 1., 1.]), colorSpace='rgb', contrast=1.0, depth=0, flipHoriz=False, flipVert=False, image='tree.png', interpolate=False, mask=None, maskParams=None, name='unnamed ImageStim', opacity=1, ori=0.0, pos=array([0., 0.]), size=array([512, 512]), texRes=128, units='pix', win=Window(...))
8.0850 	EXP 	Created unnamed ImageStim = ImageStim(__class__=<class 'psychopy.visual.image.ImageStim'>, autoLog=True, color=array([1., 1., 1.]), colorSpace='rgb', contrast=1.0, depth=0, flipHoriz=False, flipVert=False, image='tree.png', interpolate=False, mask=None, maskParams=None, name='unnamed ImageStim', opacity=1, ori=0.0, pos=array([0., 0.]), size=array([512, 512]), texRes=128, units='pix', win=Window(...))
8.1025 	EXP 	Created unnamed ImageStim = ImageStim(__class__=<class 'psychopy.visual.image.ImageStim'>, autoLog=True, color=array([1., 1., 1.]), colorSpace='rgb', contrast=1.0, depth=0, flipHoriz=False, flipVert=False, image='tree.png', interpolate=False, mask=None, maskParams=None, name='unnamed ImageStim', opacity=1, ori=0.0, pos=array([0., 0.]), size=array([512, 512]), texRes=128, units='pix', win=Window(...))
8.1201 	EXP 	Created unnamed ImageStim = ImageStim(__class__=<class 'psychopy.visual.image.ImageStim'>, autoLog=True, color=array([1., 1., 1.]), colorSpace='rgb', contrast=1.0, depth=0, flipHoriz=False, flipVert=False, image='tree.png', interpolate=False, mask=None, maskParams=None, name='unnamed ImageStim', opacity=1, ori=0.0, pos=array([0., 0.]), size=array([512, 512]), texRes=128, units='pix', win=Window(...))
8.1375 	EXP 	Created unnamed ImageStim = ImageStim(__class__=<class 'psychopy.visual.image.ImageStim'>, autoLog=True, color=array([1., 1., 1.]), colorSpace='rgb', contrast=1.0, depth=0, flipHoriz=False, flipVert=False, image='tree.png', interpolate=False, mask=None, maskParams=None, name='unnamed ImageStim', opacity=1, ori=0.0, pos=array([0., 0.]), size=array([512, 512]), texRes=128, units='pix', win=Window(...))
8.1551 	EXP 	Created unnamed ImageStim = ImageStim(__class__=<class 'psychopy.visual.image.ImageStim'>, autoLog=True, color=array([1., 1., 1.]), colorSpace='rgb', contrast=1.0, depth=0, flipHoriz=False, flipVert=False, image='tree.png', interpolate=False, mask=None, maskParams=None, name='unnamed ImageStim', opacity=1, ori=0.0, pos=array([0., 0.]), size=array([512, 512]), texRes=128, units='pix', win=Window(...))
8.1728 	EXP 	Created unnamed ImageStim = ImageStim(__class__=<class 'psychopy.visual.image.ImageStim'>, autoLog=True, color=array([1., 1., 1.]), colorSpace='rgb', contrast=1.0, depth=0, flipHoriz=False, flipVert=False, image='tree.png', interpolate=False, mask=None, maskParams=None, name='unnamed ImageStim', opacity=1, ori=0.0, pos=array([0., 0.]), size=array([512, 512]), texRes=128, units='pix', win=Window(...))
8.1832 	DATA 	Keypress: space
8.1894 	EXP 	Welcometext: autoDraw = False
8.1894 	EXP 	unnamed Rect: pos = [-250, 0]
8.1894 	EXP 	unnamed Rect: pos = [250, 0]
8.1894 	EXP 	unnamed Rect: pos = [-307.03136892189997, -145.56356786258306]
8.1894 	EXP 	unnamed Rect: pos = [-324.35513918262996, -207.54213431959593]
8.1894 	EXP 	unnamed Rect: pos = [415.0667916917225, -119.18376441165924]
8.1894 	EXP 	unnamed Rect: pos = [425.1636228136785, -5.075655963777853]
8.1894 	EXP 	unnamed Rect: pos = [326.2305803201664, 13.564428246299654]
8.1894 	EXP 	unnamed Rect: pos = [143.0425991384372, 281.5334010485909]
8.1894 	EXP 	unnamed Rect: pos = [119.78648987771874, -139.66132420767403]
8.1894 	EXP 	unnamed ImageStim: size = [51.2, 51.2]
8.1894 	EXP 	unnamed ImageStim: size = [51.2, 51.2]
8.1894 	EXP 	unnamed ImageStim: size = [51.2, 51.2]
8.1894 	EXP 	unnamed ImageStim: size = [51.2, 51.2]
8.1894 	EXP 	unnamed ImageStim: size = [51.2, 51.2]
8.1894 	EXP 	unnamed ImageStim: size = [51.2, 51.2]
8.1894 	EXP 	unnamed ImageStim: size = [51.2, 51.2]
8.1894 	EXP 	unnamed ImageStim: size = [51.2, 51.2]
8.1894 	EXP 	unnamed ImageStim: size = [51.2, 51.2]
8.1894 	EXP 	unnamed ImageStim: size = [51.2, 51.2]
8.1894 	EXP 	unnamed ImageStim: size = [51.2, 51.2]
8.1894 	EXP 	unnamed ImageStim: size = [51.2, 51.2]
8.1894 	EXP 	unnamed ImageStim: pos = [51.46729301373888, -226.80598465731015]
8.1894 	EXP 	unnamed ImageStim: pos = [63.392710402489406, 192.3294963370499]
8.1894 	EXP 	unnamed ImageStim: pos = [-82.5489069692172, 186.13235680274403]
8.1894 	EXP 	unnamed ImageStim: pos = [129.61815398652575, 116.95221977885733]
8.1894 	EXP 	unnamed ImageStim: pos = [-198.53270698626113, -226.80598465731015]
8.1894 	EXP 	unnamed ImageStim: pos = [301.46729301373887, -226.80598465731015]
8.1894 	EXP 	unnamed ImageStim: pos = [-186.6072895975106, 192.3294963370499]
8.1894 	EXP 	unnamed ImageStim: pos = [313.3927104024894, 192.3294963370499]
8.1894 	EXP 	unnamed ImageStim: pos = [-332.5489069692172, 186.13235680274403]
8.1894 	EXP 	unnamed ImageStim: pos = [167.4510930307828, 186.13235680274403]
8.1894 	EXP 	unnamed ImageStim: pos = [-120.38184601347425, 116.95221977885733]
8.1894 	EXP 	unnamed ImageStim: pos = [379.6181539865257, 116.95221977885733]
13.6774 	EXP 	Created unnamed Rect = Rect(__class__=<class 'psychopy.visual.rect.Rect'>, autoDraw=False, autoLog=True, closeShape=True, color=method-wrapper(...), colorSpace='rgb', contrast=None, depth=0, fillColor=array([-1, -1, -1]), fillColorSpace='rgb', fillRGB=array([-1, -1, -1]), interpolate=True, lineColor=array([-1., -1.,  1.]), lineColorSpace='rgb', lineRGB=array([-1, -1,  1]), lineWidth=1.5, name='unnamed Rect', opacity=1, ori=0.0, pos=array([0., 0.]), size=array([400., 600.]), units='pix', vertices=ndarray(...), win=Window(...))
13.7145 	EXP 	Created unnamed Rect = Rect(__class__=<class 'psychopy.visual.rect.Rect'>, autoDraw=False, autoLog=True, closeShape=True, color=method-wrapper(...), colorSpace='rgb', contrast=None, depth=0, fillColor=array([-1, -1, -1]), fillColorSpace='rgb', fillRGB=array([-1, -1, -1]), interpolate=True, lineColor=array([-1., -1.,  1.]), lineColorSpace='rgb', lineRGB=array([-1, -1,  1]), lineWidth=1.5, name='unnamed Rect', opacity=1, ori=0.0, pos=array([0., 0.]), size=array([400., 600.]), units='pix', vertices=ndarray(...), win=Window(...))
13.7291 	DATA 	Keypress: left
13.7401 	EXP 	unnamed Rect: pos = array([ -57.03136892, -145.56356786])
13.7401 	EXP 	unnamed Rect: pos = array([ -74.35513918, -207.54213432])
13.7401 	EXP 	unnamed Rect: pos = array([ -74.35513918, -207.54213432])
13.7610 	EXP 	unnamed Rect: pos = array([ -74.35513918, -207.54213432])
13.7692 	EXP 	unnamed Rect: pos = array([ -74.35513918, -207.54213432])
13.7876 	EXP 	unnamed Rect: pos = array([ -74.35513918, -207.54213432])
13.7965 	EXP 	unnamed Rect: pos = array([ -74.35513918, -207.54213432])
13.8055 	EXP 	unnamed Rect: pos = array([ -74.35513918, -207.54213432])
13.8214 	EXP 	unnamed Rect: pos = array([ -74.35513918, -207.54213432])
13.8373 	EXP 	unnamed Rect: pos = array([ -74.35513918, -207.54213432])
13.8547 	EXP 	unnamed Rect: pos = array([ -74.35513918, -207.54213432])
13.8711 	EXP 	unnamed Rect: pos = array([ -74.35513918, -207.54213432])
13.8876 	EXP 	unnamed Rect: pos = array([ -74.35513918, -207.54213432])
13.9044 	EXP 	unnamed Rect: pos = array([ -74.35513918, -207.54213432])
13.9214 	EXP 	unnamed Rect: pos = array([ -74.35513918, -207.54213432])
13.9373 	EXP 	unnamed Rect: pos = array([ -74.35513918, -207.54213432])
13.9542 	EXP 	unnamed Rect: pos = array([ -74.35513918, -207.54213432])
13.9707 	EXP 	unnamed Rect: pos = array([ -74.35513918, -207.54213432])
13.9883 	EXP 	unnamed Rect: pos = array([ -74.35513918, -207.54213432])
13.9889 	DATA 	Keypress: down
14.0049 	EXP 	unnamed Rect: pos = array([ -74.35513918, -217.54213432])
14.0208 	EXP 	unnamed Rect: pos = array([ -74.35513918, -217.54213432])
14.0372 	EXP 	unnamed Rect: pos = array([ -74.35513918, -217.54213432])
14.0542 	EXP 	unnamed Rect: pos = array([ -74.35513918, -217.54213432])
14.0713 	EXP 	unnamed Rect: pos = array([ -74.35513918, -217.54213432])
14.0879 	EXP 	unnamed Rect: pos = array([ -74.35513918, -217.54213432])
14.1041 	EXP 	unnamed Rect: pos = array([ -74.35513918, -217.54213432])
14.1208 	EXP 	unnamed Rect: pos = array([ -74.35513918, -217.54213432])
14.1376 	EXP 	unnamed Rect: pos = array([ -74.35513918, -217.54213432])
14.1546 	EXP 	unnamed Rect: pos = array([ -74.35513918, -217.54213432])
14.1604 	DATA 	Keypress: down
14.1710 	EXP 	unnamed Rect: pos = array([ -74.35513918, -227.54213432])
14.1874 	EXP 	unnamed Rect: pos = array([ -74.35513918, -227.54213432])
14.2046 	EXP 	unnamed Rect: pos = array([ -74.35513918, -227.54213432])
14.2209 	EXP 	unnamed Rect: pos = array([ -74.35513918, -227.54213432])
14.2379 	EXP 	unnamed Rect: pos = array([ -74.35513918, -227.54213432])
14.2545 	EXP 	unnamed Rect: pos = array([ -74.35513918, -227.54213432])
14.2708 	EXP 	unnamed Rect: pos = array([ -74.35513918, -227.54213432])
14.2877 	EXP 	unnamed Rect: pos = array([ -74.35513918, -227.54213432])
14.3043 	EXP 	unnamed Rect: pos = array([ -74.35513918, -227.54213432])
14.3085 	DATA 	Keypress: right
14.3212 	EXP 	unnamed Rect: pos = array([ -74.35513918, -227.54213432])
14.3367 	EXP 	unnamed Rect: pos = array([ -64.35513918, -227.54213432])
14.3543 	EXP 	unnamed Rect: pos = array([ -64.35513918, -227.54213432])
14.3707 	EXP 	unnamed Rect: pos = array([ -64.35513918, -227.54213432])
14.3883 	EXP 	unnamed Rect: pos = array([ -64.35513918, -227.54213432])
14.4048 	EXP 	unnamed Rect: pos = array([ -64.35513918, -227.54213432])
14.4212 	EXP 	unnamed Rect: pos = array([ -64.35513918, -227.54213432])
14.4375 	EXP 	unnamed Rect: pos = array([ -64.35513918, -227.54213432])
14.4542 	EXP 	unnamed Rect: pos = array([ -64.35513918, -227.54213432])
14.4705 	EXP 	unnamed Rect: pos = array([ -64.35513918, -227.54213432])
14.4877 	EXP 	unnamed Rect: pos = array([ -64.35513918, -227.54213432])
14.4922 	DATA 	Keypress: right
14.5045 	EXP 	unnamed Rect: pos = array([ -64.35513918, -227.54213432])
14.5210 	EXP 	unnamed Rect: pos = array([ -54.35513918, -227.54213432])
14.5378 	EXP 	unnamed Rect: pos = array([ -54.35513918, -227.54213432])
14.5542 	EXP 	unnamed Rect: pos = array([ -54.35513918, -227.54213432])
14.5712 	EXP 	unnamed Rect: pos = array([ -54.35513918, -227.54213432])
14.5875 	EXP 	unnamed Rect: pos = array([ -54.35513918, -227.54213432])
14.6045 	EXP 	unnamed Rect: pos = array([ -54.35513918, -227.54213432])
14.6207 	EXP 	unnamed Rect: pos = array([ -54.35513918, -227.54213432])
14.6379 	EXP 	unnamed Rect: pos = array([ -54.35513918, -227.54213432])
14.6384 	DATA 	Keypress: right
14.6546 	EXP 	unnamed Rect: pos = array([ -44.35513918, -227.54213432])
14.6706 	EXP 	unnamed Rect: pos = array([ -44.35513918, -227.54213432])
14.6873 	EXP 	unnamed Rect: pos = array([ -44.35513918, -227.54213432])
14.7045 	EXP 	unnamed Rect: pos = array([ -44.35513918, -227.54213432])
14.7208 	EXP 	unnamed Rect: pos = array([ -44.35513918, -227.54213432])
14.7372 	EXP 	unnamed Rect: pos = array([ -44.35513918, -227.54213432])
14.7546 	EXP 	unnamed Rect: pos = array([ -44.35513918, -227.54213432])
14.7711 	EXP 	unnamed Rect: pos = array([ -44.35513918, -227.54213432])
14.7881 	EXP 	unnamed Rect: pos = array([ -44.35513918, -227.54213432])
14.7887 	DATA 	Keypress: right
14.8044 	EXP 	unnamed Rect: pos = array([ -34.35513918, -227.54213432])
14.8206 	EXP 	unnamed Rect: pos = array([ -34.35513918, -227.54213432])
14.8383 	EXP 	unnamed Rect: pos = array([ -34.35513918, -227.54213432])
14.8548 	EXP 	unnamed Rect: pos = array([ -34.35513918, -227.54213432])
14.8707 	EXP 	unnamed Rect: pos = array([ -34.35513918, -227.54213432])
14.8879 	EXP 	unnamed Rect: pos = array([ -34.35513918, -227.54213432])
14.9050 	EXP 	unnamed Rect: pos = array([ -34.35513918, -227.54213432])
14.9092 	DATA 	Keypress: right
14.9213 	EXP 	unnamed Rect: pos = array([ -34.35513918, -227.54213432])
14.9372 	EXP 	unnamed Rect: pos = array([ -24.35513918, -227.54213432])
14.9540 	EXP 	unnamed Rect: pos = array([ -24.35513918, -227.54213432])
14.9712 	EXP 	unnamed Rect: pos = array([ -24.35513918, -227.54213432])
14.9888 	EXP 	unnamed Rect: pos = array([ -24.35513918, -227.54213432])
15.0043 	EXP 	unnamed Rect: pos = array([ -24.35513918, -227.54213432])
15.0207 	EXP 	unnamed Rect: pos = array([ -24.35513918, -227.54213432])
15.0379 	EXP 	unnamed Rect: pos = array([ -24.35513918, -227.54213432])
15.0541 	EXP 	unnamed Rect: pos = array([ -24.35513918, -227.54213432])
15.0713 	EXP 	unnamed Rect: pos = array([ -24.35513918, -227.54213432])
15.0719 	DATA 	Keypress: right
15.0877 	EXP 	unnamed Rect: pos = array([ -14.35513918, -227.54213432])
15.1045 	EXP 	unnamed Rect: pos = array([ -14.35513918, -227.54213432])
15.1213 	EXP 	unnamed Rect: pos = array([ -14.35513918, -227.54213432])
15.1375 	EXP 	unnamed Rect: pos = array([ -14.35513918, -227.54213432])
15.1541 	EXP 	unnamed Rect: pos = array([ -14.35513918, -227.54213432])
15.1713 	EXP 	unnamed Rect: pos = array([ -14.35513918, -227.54213432])
15.1875 	EXP 	unnamed Rect: pos = array([ -14.35513918, -227.54213432])
15.2048 	EXP 	unnamed Rect: pos = array([ -14.35513918, -227.54213432])
15.2053 	DATA 	Keypress: right
15.2213 	EXP 	unnamed Rect: pos = array([  -4.35513918, -227.54213432])
15.2372 	EXP 	unnamed Rect: pos = array([  -4.35513918, -227.54213432])
15.2549 	EXP 	unnamed Rect: pos = array([  -4.35513918, -227.54213432])
15.2717 	EXP 	unnamed Rect: pos = array([  -4.35513918, -227.54213432])
15.2874 	EXP 	unnamed Rect: pos = array([  -4.35513918, -227.54213432])
15.3050 	EXP 	unnamed Rect: pos = array([  -4.35513918, -227.54213432])
15.3215 	EXP 	unnamed Rect: pos = array([  -4.35513918, -227.54213432])
15.3371 	EXP 	unnamed Rect: pos = array([  -4.35513918, -227.54213432])
15.3548 	EXP 	unnamed Rect: pos = array([  -4.35513918, -227.54213432])
15.3554 	DATA 	Keypress: right
15.3706 	EXP 	unnamed Rect: pos = array([   5.64486082, -227.54213432])
15.3878 	EXP 	unnamed Rect: pos = array([   5.64486082, -227.54213432])
15.4048 	EXP 	unnamed Rect: pos = array([   5.64486082, -227.54213432])
15.4213 	EXP 	unnamed Rect: pos = array([   5.64486082, -227.54213432])
15.4372 	EXP 	unnamed Rect: pos = array([   5.64486082, -227.54213432])
15.4546 	EXP 	unnamed Rect: pos = array([   5.64486082, -227.54213432])
15.4707 	EXP 	unnamed Rect: pos = array([   5.64486082, -227.54213432])
15.4882 	EXP 	unnamed Rect: pos = array([   5.64486082, -227.54213432])
15.4924 	DATA 	Keypress: right
15.5048 	EXP 	unnamed Rect: pos = array([   5.64486082, -227.54213432])
15.5215 	EXP 	unnamed Rect: pos = array([  15.64486082, -227.54213432])
15.5376 	EXP 	unnamed Rect: pos = array([  15.64486082, -227.54213432])
15.5544 	EXP 	unnamed Rect: pos = array([  15.64486082, -227.54213432])
15.5710 	EXP 	unnamed Rect: pos = array([  15.64486082, -227.54213432])
15.5873 	EXP 	unnamed Rect: pos = array([  15.64486082, -227.54213432])
15.6042 	EXP 	unnamed Rect: pos = array([  15.64486082, -227.54213432])
15.6219 	EXP 	unnamed Rect: pos = array([  15.64486082, -227.54213432])
15.6379 	EXP 	unnamed Rect: pos = array([  15.64486082, -227.54213432])
15.6384 	DATA 	Keypress: right
15.6541 	EXP 	unnamed Rect: pos = array([  25.64486082, -227.54213432])
15.6712 	EXP 	unnamed Rect: pos = array([  25.64486082, -227.54213432])
15.6875 	EXP 	unnamed Rect: pos = array([  25.64486082, -227.54213432])
15.7045 	EXP 	unnamed Rect: pos = array([  25.64486082, -227.54213432])
15.7213 	EXP 	unnamed Rect: pos = array([  25.64486082, -227.54213432])
15.7381 	EXP 	unnamed Rect: pos = array([  25.64486082, -227.54213432])
15.7542 	EXP 	unnamed Rect: pos = array([  25.64486082, -227.54213432])
15.7714 	EXP 	unnamed Rect: pos = array([  25.64486082, -227.54213432])
15.7876 	EXP 	unnamed Rect: pos = array([  25.64486082, -227.54213432])
15.7919 	DATA 	Keypress: right
15.8044 	EXP 	unnamed Rect: pos = array([  25.64486082, -227.54213432])
15.8221 	EXP 	unnamed Rect: pos = array([  35.64486082, -227.54213432])
15.8377 	EXP 	unnamed Rect: pos = array([  35.64486082, -227.54213432])
15.8542 	EXP 	unnamed Rect: pos = array([  35.64486082, -227.54213432])
15.8707 	EXP 	unnamed Rect: pos = array([  35.64486082, -227.54213432])
15.8874 	EXP 	unnamed Rect: pos = array([  35.64486082, -227.54213432])
15.9046 	EXP 	unnamed Rect: pos = array([  35.64486082, -227.54213432])
15.9207 	EXP 	unnamed Rect: pos = array([  35.64486082, -227.54213432])
15.9372 	EXP 	unnamed Rect: pos = array([  35.64486082, -227.54213432])
15.9550 	EXP 	unnamed Rect: pos = array([  35.64486082, -227.54213432])
15.9705 	EXP 	unnamed Rect: pos = array([  35.64486082, -227.54213432])
15.9872 	EXP 	unnamed Rect: pos = array([  35.64486082, -227.54213432])
16.0044 	EXP 	unnamed Rect: pos = array([  35.64486082, -227.54213432])
16.0212 	EXP 	unnamed Rect: pos = array([  35.64486082, -227.54213432])
16.0379 	EXP 	unnamed Rect: pos = array([  35.64486082, -227.54213432])
16.0550 	EXP 	unnamed Rect: pos = array([  35.64486082, -227.54213432])
16.0706 	EXP 	unnamed Rect: pos = array([  35.64486082, -227.54213432])
16.0879 	EXP 	unnamed Rect: pos = array([  35.64486082, -227.54213432])
16.0886 	DATA 	Keypress: up
16.1053 	EXP 	unnamed Rect: pos = array([  35.64486082, -217.54213432])
16.1213 	EXP 	unnamed Rect: pos = array([  35.64486082, -217.54213432])
16.1378 	EXP 	unnamed Rect: pos = array([  35.64486082, -217.54213432])
16.1546 	EXP 	unnamed Rect: pos = array([  35.64486082, -217.54213432])
16.1705 	EXP 	unnamed Rect: pos = array([  35.64486082, -217.54213432])
16.1874 	EXP 	unnamed Rect: pos = array([  35.64486082, -217.54213432])
16.2041 	EXP 	unnamed Rect: pos = array([  35.64486082, -217.54213432])
16.2207 	EXP 	unnamed Rect: pos = array([  35.64486082, -217.54213432])
16.2382 	EXP 	unnamed Rect: pos = array([  35.64486082, -217.54213432])
16.2389 	DATA 	Keypress: up
16.2542 	EXP 	unnamed Rect: pos = array([  35.64486082, -207.54213432])
16.2711 	EXP 	unnamed Rect: pos = array([  35.64486082, -207.54213432])
16.2878 	EXP 	unnamed Rect: pos = array([  35.64486082, -207.54213432])
16.3048 	EXP 	unnamed Rect: pos = array([  35.64486082, -207.54213432])
16.3214 	EXP 	unnamed Rect: pos = array([  35.64486082, -207.54213432])
16.3375 	EXP 	unnamed Rect: pos = array([  35.64486082, -207.54213432])
16.3543 	EXP 	unnamed Rect: pos = array([  35.64486082, -207.54213432])
16.3711 	EXP 	unnamed Rect: pos = array([  35.64486082, -207.54213432])
16.3881 	EXP 	unnamed Rect: pos = array([  35.64486082, -207.54213432])
16.3888 	DATA 	Keypress: up
16.4044 	EXP 	unnamed Rect: pos = array([  35.64486082, -197.54213432])
16.4210 	EXP 	unnamed Rect: pos = array([  35.64486082, -197.54213432])
16.4379 	EXP 	unnamed Rect: pos = array([  35.64486082, -197.54213432])
16.4550 	EXP 	unnamed Rect: pos = array([  35.64486082, -197.54213432])
16.4715 	EXP 	unnamed Rect: pos = array([  35.64486082, -197.54213432])
16.4876 	EXP 	unnamed Rect: pos = array([  35.64486082, -197.54213432])
16.5049 	EXP 	unnamed Rect: pos = array([  35.64486082, -197.54213432])
16.5214 	EXP 	unnamed Rect: pos = array([  35.64486082, -197.54213432])
16.5378 	EXP 	unnamed Rect: pos = array([  35.64486082, -197.54213432])
16.5549 	EXP 	unnamed Rect: pos = array([  35.64486082, -197.54213432])
16.5556 	DATA 	Keypress: up
16.5709 	EXP 	unnamed Rect: pos = array([  35.64486082, -187.54213432])
16.5874 	EXP 	unnamed Rect: pos = array([  35.64486082, -187.54213432])
16.6045 	EXP 	unnamed Rect: pos = array([  35.64486082, -187.54213432])
16.6206 	EXP 	unnamed Rect: pos = array([  35.64486082, -187.54213432])
16.6374 	EXP 	unnamed Rect: pos = array([  35.64486082, -187.54213432])
16.6541 	EXP 	unnamed Rect: pos = array([  35.64486082, -187.54213432])
16.6712 	EXP 	unnamed Rect: pos = array([  35.64486082, -187.54213432])
16.6874 	EXP 	unnamed Rect: pos = array([  35.64486082, -187.54213432])
16.7044 	EXP 	unnamed Rect: pos = array([  35.64486082, -187.54213432])
16.7049 	DATA 	Keypress: up
16.7208 	EXP 	unnamed Rect: pos = array([  35.64486082, -177.54213432])
16.7382 	EXP 	unnamed Rect: pos = array([  35.64486082, -177.54213432])
16.7544 	EXP 	unnamed Rect: pos = array([  35.64486082, -177.54213432])
16.7712 	EXP 	unnamed Rect: pos = array([  35.64486082, -177.54213432])
16.7879 	EXP 	unnamed Rect: pos = array([  35.64486082, -177.54213432])
16.8050 	EXP 	unnamed Rect: pos = array([  35.64486082, -177.54213432])
16.8213 	EXP 	unnamed Rect: pos = array([  35.64486082, -177.54213432])
16.8376 	EXP 	unnamed Rect: pos = array([  35.64486082, -177.54213432])
16.8547 	EXP 	unnamed Rect: pos = array([  35.64486082, -177.54213432])
16.8553 	DATA 	Keypress: up
16.8708 	EXP 	unnamed Rect: pos = array([  35.64486082, -167.54213432])
16.8879 	EXP 	unnamed Rect: pos = array([  35.64486082, -167.54213432])
16.9045 	EXP 	unnamed Rect: pos = array([  35.64486082, -167.54213432])
16.9213 	EXP 	unnamed Rect: pos = array([  35.64486082, -167.54213432])
16.9372 	EXP 	unnamed Rect: pos = array([  35.64486082, -167.54213432])
16.9541 	EXP 	unnamed Rect: pos = array([  35.64486082, -167.54213432])
16.9706 	EXP 	unnamed Rect: pos = array([  35.64486082, -167.54213432])
16.9881 	EXP 	unnamed Rect: pos = array([  35.64486082, -167.54213432])
16.9886 	DATA 	Keypress: right
17.0046 	EXP 	unnamed Rect: pos = array([  45.64486082, -167.54213432])
17.0211 	EXP 	unnamed Rect: pos = array([  45.64486082, -167.54213432])
17.0374 	EXP 	unnamed Rect: pos = array([  45.64486082, -167.54213432])
17.0550 	EXP 	unnamed Rect: pos = array([  45.64486082, -167.54213432])
17.0708 	EXP 	unnamed Rect: pos = array([  45.64486082, -167.54213432])
17.0873 	EXP 	unnamed Rect: pos = array([  45.64486082, -167.54213432])
17.1042 	EXP 	unnamed Rect: pos = array([  45.64486082, -167.54213432])
17.1205 	EXP 	unnamed Rect: pos = array([  45.64486082, -167.54213432])
17.1374 	EXP 	unnamed Rect: pos = array([  45.64486082, -167.54213432])
17.1381 	DATA 	Keypress: right
17.1550 	EXP 	unnamed Rect: pos = array([  55.64486082, -167.54213432])
17.1706 	EXP 	unnamed Rect: pos = array([  55.64486082, -167.54213432])
17.1874 	EXP 	unnamed Rect: pos = array([  55.64486082, -167.54213432])
17.2041 	EXP 	unnamed Rect: pos = array([  55.64486082, -167.54213432])
17.2217 	EXP 	unnamed Rect: pos = array([  55.64486082, -167.54213432])
17.2376 	EXP 	unnamed Rect: pos = array([  55.64486082, -167.54213432])
17.2543 	EXP 	unnamed Rect: pos = array([  55.64486082, -167.54213432])
17.2710 	EXP 	unnamed Rect: pos = array([  55.64486082, -167.54213432])
17.2751 	DATA 	Keypress: right
17.2886 	EXP 	unnamed Rect: pos = array([  55.64486082, -167.54213432])
17.3047 	EXP 	unnamed Rect: pos = array([  65.64486082, -167.54213432])
17.3209 	EXP 	unnamed Rect: pos = array([  65.64486082, -167.54213432])
17.3379 	EXP 	unnamed Rect: pos = array([  65.64486082, -167.54213432])
17.3551 	EXP 	unnamed Rect: pos = array([  65.64486082, -167.54213432])
17.3705 	EXP 	unnamed Rect: pos = array([  65.64486082, -167.54213432])
17.3874 	EXP 	unnamed Rect: pos = array([  65.64486082, -167.54213432])
17.4039 	EXP 	unnamed Rect: pos = array([  65.64486082, -167.54213432])
17.4218 	EXP 	unnamed Rect: pos = array([  65.64486082, -167.54213432])
17.4223 	DATA 	Keypress: up
17.4375 	EXP 	unnamed Rect: pos = array([  65.64486082, -157.54213432])
17.4541 	EXP 	unnamed Rect: pos = array([  65.64486082, -157.54213432])
17.4718 	EXP 	unnamed Rect: pos = array([  65.64486082, -157.54213432])
17.4879 	EXP 	unnamed Rect: pos = array([  65.64486082, -157.54213432])
17.5043 	EXP 	unnamed Rect: pos = array([  65.64486082, -157.54213432])
17.5208 	EXP 	unnamed Rect: pos = array([  65.64486082, -157.54213432])
17.5378 	EXP 	unnamed Rect: pos = array([  65.64486082, -157.54213432])
17.5540 	EXP 	unnamed Rect: pos = array([  65.64486082, -157.54213432])
17.5716 	EXP 	unnamed Rect: pos = array([  65.64486082, -157.54213432])
17.5722 	DATA 	Keypress: up
17.5876 	EXP 	unnamed Rect: pos = array([  65.64486082, -147.54213432])
17.6043 	EXP 	unnamed Rect: pos = array([  65.64486082, -147.54213432])
17.6211 	EXP 	unnamed Rect: pos = array([  65.64486082, -147.54213432])
17.6377 	EXP 	unnamed Rect: pos = array([  65.64486082, -147.54213432])
17.6551 	EXP 	unnamed Rect: pos = array([  65.64486082, -147.54213432])
17.6708 	EXP 	unnamed Rect: pos = array([  65.64486082, -147.54213432])
17.6879 	EXP 	unnamed Rect: pos = array([  65.64486082, -147.54213432])
17.7044 	EXP 	unnamed Rect: pos = array([  65.64486082, -147.54213432])
17.7215 	EXP 	unnamed Rect: pos = array([  65.64486082, -147.54213432])
17.7220 	DATA 	Keypress: up
17.7378 	EXP 	unnamed Rect: pos = array([  65.64486082, -137.54213432])
17.7544 	EXP 	unnamed Rect: pos = array([  65.64486082, -137.54213432])
17.7708 	EXP 	unnamed Rect: pos = array([  65.64486082, -137.54213432])
17.7879 	EXP 	unnamed Rect: pos = array([  65.64486082, -137.54213432])
17.8044 	EXP 	unnamed Rect: pos = array([  65.64486082, -137.54213432])
17.8212 	EXP 	unnamed Rect: pos = array([  65.64486082, -137.54213432])
17.8373 	EXP 	unnamed Rect: pos = array([  65.64486082, -137.54213432])
17.8544 	EXP 	unnamed Rect: pos = array([  65.64486082, -137.54213432])
17.8586 	DATA 	Keypress: up
17.8712 	EXP 	unnamed Rect: pos = array([  65.64486082, -137.54213432])
17.8876 	EXP 	unnamed Rect: pos = array([  65.64486082, -127.54213432])
17.9042 	EXP 	unnamed Rect: pos = array([  65.64486082, -127.54213432])
17.9211 	EXP 	unnamed Rect: pos = array([  65.64486082, -127.54213432])
17.9385 	EXP 	unnamed Rect: pos = array([  65.64486082, -127.54213432])
17.9541 	EXP 	unnamed Rect: pos = array([  65.64486082, -127.54213432])
17.9715 	EXP 	unnamed Rect: pos = array([  65.64486082, -127.54213432])
17.9882 	EXP 	unnamed Rect: pos = array([  65.64486082, -127.54213432])
17.9888 	DATA 	Keypress: right
18.0053 	EXP 	unnamed Rect: pos = array([  75.64486082, -127.54213432])
18.0209 	EXP 	unnamed Rect: pos = array([  75.64486082, -127.54213432])
18.0369 	EXP 	unnamed Rect: pos = array([  75.64486082, -127.54213432])
18.0541 	EXP 	unnamed Rect: pos = array([  75.64486082, -127.54213432])
18.0713 	EXP 	unnamed Rect: pos = array([  75.64486082, -127.54213432])
18.0880 	EXP 	unnamed Rect: pos = array([  75.64486082, -127.54213432])
18.1044 	EXP 	unnamed Rect: pos = array([  75.64486082, -127.54213432])
18.1206 	EXP 	unnamed Rect: pos = array([  75.64486082, -127.54213432])
18.1380 	EXP 	unnamed Rect: pos = array([  75.64486082, -127.54213432])
18.1541 	EXP 	unnamed Rect: pos = array([  75.64486082, -127.54213432])
18.1548 	DATA 	Keypress: right
18.1713 	EXP 	unnamed Rect: pos = array([  85.64486082, -127.54213432])
18.1882 	EXP 	unnamed Rect: pos = array([  85.64486082, -127.54213432])
18.2044 	EXP 	unnamed Rect: pos = array([  85.64486082, -127.54213432])
18.2215 	EXP 	unnamed Rect: pos = array([  85.64486082, -127.54213432])
18.2373 	EXP 	unnamed Rect: pos = array([  85.64486082, -127.54213432])
18.2541 	EXP 	unnamed Rect: pos = array([  85.64486082, -127.54213432])
18.2709 	EXP 	unnamed Rect: pos = array([  85.64486082, -127.54213432])
18.2878 	EXP 	unnamed Rect: pos = array([  85.64486082, -127.54213432])
18.2883 	DATA 	Keypress: right
18.3043 	EXP 	unnamed Rect: pos = array([  95.64486082, -127.54213432])
18.3209 	EXP 	unnamed Rect: pos = array([  95.64486082, -127.54213432])
18.3372 	EXP 	unnamed Rect: pos = array([  95.64486082, -127.54213432])
18.3544 	EXP 	unnamed Rect: pos = array([  95.64486082, -127.54213432])
18.3712 	EXP 	unnamed Rect: pos = array([  95.64486082, -127.54213432])
18.3873 	EXP 	unnamed Rect: pos = array([  95.64486082, -127.54213432])
18.4048 	EXP 	unnamed Rect: pos = array([  95.64486082, -127.54213432])
18.4208 	EXP 	unnamed Rect: pos = array([  95.64486082, -127.54213432])
18.4374 	EXP 	unnamed Rect: pos = array([  95.64486082, -127.54213432])
18.4542 	EXP 	unnamed Rect: pos = array([  95.64486082, -127.54213432])
18.4548 	DATA 	Keypress: right
18.4708 	EXP 	unnamed Rect: pos = array([ 105.64486082, -127.54213432])
18.4875 	EXP 	unnamed Rect: pos = array([ 105.64486082, -127.54213432])
18.5046 	EXP 	unnamed Rect: pos = array([ 105.64486082, -127.54213432])
18.5212 	EXP 	unnamed Rect: pos = array([ 105.64486082, -127.54213432])
18.5379 	EXP 	unnamed Rect: pos = array([ 105.64486082, -127.54213432])
18.5553 	EXP 	unnamed Rect: pos = array([ 105.64486082, -127.54213432])
18.5592 	DATA 	Keypress: up
18.5718 	EXP 	unnamed Rect: pos = array([ 105.64486082, -127.54213432])
18.5877 	EXP 	unnamed Rect: pos = array([ 105.64486082, -117.54213432])
18.6046 	EXP 	unnamed Rect: pos = array([ 105.64486082, -117.54213432])
18.6211 	EXP 	unnamed Rect: pos = array([ 105.64486082, -117.54213432])
18.6379 	EXP 	unnamed Rect: pos = array([ 105.64486082, -117.54213432])
18.6549 	EXP 	unnamed Rect: pos = array([ 105.64486082, -117.54213432])
18.6710 	EXP 	unnamed Rect: pos = array([ 105.64486082, -117.54213432])
18.6876 	EXP 	unnamed Rect: pos = array([ 105.64486082, -117.54213432])
18.7043 	EXP 	unnamed Rect: pos = array([ 105.64486082, -117.54213432])
18.7208 	EXP 	unnamed Rect: pos = array([ 105.64486082, -117.54213432])
18.7378 	EXP 	unnamed Rect: pos = array([ 105.64486082, -117.54213432])
18.7384 	DATA 	Keypress: up
18.7542 	EXP 	unnamed Rect: pos = array([ 105.64486082, -107.54213432])
18.7715 	EXP 	unnamed Rect: pos = array([ 105.64486082, -107.54213432])
18.7884 	EXP 	unnamed Rect: pos = array([ 105.64486082, -107.54213432])
18.8040 	EXP 	unnamed Rect: pos = array([ 105.64486082, -107.54213432])
18.8209 	EXP 	unnamed Rect: pos = array([ 105.64486082, -107.54213432])
18.8374 	EXP 	unnamed Rect: pos = array([ 105.64486082, -107.54213432])
18.8541 	EXP 	unnamed Rect: pos = array([ 105.64486082, -107.54213432])
18.8714 	EXP 	unnamed Rect: pos = array([ 105.64486082, -107.54213432])
18.8720 	DATA 	Keypress: up
18.8880 	EXP 	unnamed Rect: pos = array([105.64486082, -97.54213432])
18.9041 	EXP 	unnamed Rect: pos = array([105.64486082, -97.54213432])
18.9208 	EXP 	unnamed Rect: pos = array([105.64486082, -97.54213432])
18.9380 	EXP 	unnamed Rect: pos = array([105.64486082, -97.54213432])
18.9545 	EXP 	unnamed Rect: pos = array([105.64486082, -97.54213432])
18.9710 	EXP 	unnamed Rect: pos = array([105.64486082, -97.54213432])
18.9876 	EXP 	unnamed Rect: pos = array([105.64486082, -97.54213432])
19.0045 	EXP 	unnamed Rect: pos = array([105.64486082, -97.54213432])
19.0217 	EXP 	unnamed Rect: pos = array([105.64486082, -97.54213432])
19.0224 	DATA 	Keypress: up
19.0377 	EXP 	unnamed Rect: pos = array([105.64486082, -87.54213432])
19.0542 	EXP 	unnamed Rect: pos = array([105.64486082, -87.54213432])
19.0709 	EXP 	unnamed Rect: pos = array([105.64486082, -87.54213432])
19.0874 	EXP 	unnamed Rect: pos = array([105.64486082, -87.54213432])
19.1041 	EXP 	unnamed Rect: pos = array([105.64486082, -87.54213432])
19.1213 	EXP 	unnamed Rect: pos = array([105.64486082, -87.54213432])
19.1374 	EXP 	unnamed Rect: pos = array([105.64486082, -87.54213432])
19.1547 	EXP 	unnamed Rect: pos = array([105.64486082, -87.54213432])
19.1715 	EXP 	unnamed Rect: pos = array([105.64486082, -87.54213432])
19.1721 	DATA 	Keypress: up
19.1875 	EXP 	unnamed Rect: pos = array([105.64486082, -77.54213432])
19.2043 	EXP 	unnamed Rect: pos = array([105.64486082, -77.54213432])
19.2209 	EXP 	unnamed Rect: pos = array([105.64486082, -77.54213432])
19.2377 	EXP 	unnamed Rect: pos = array([105.64486082, -77.54213432])
19.2547 	EXP 	unnamed Rect: pos = array([105.64486082, -77.54213432])
19.2708 	EXP 	unnamed Rect: pos = array([105.64486082, -77.54213432])
19.2872 	EXP 	unnamed Rect: pos = array([105.64486082, -77.54213432])
19.3048 	EXP 	unnamed Rect: pos = array([105.64486082, -77.54213432])
19.3208 	EXP 	unnamed Rect: pos = array([105.64486082, -77.54213432])
19.3247 	DATA 	Keypress: up
19.3382 	EXP 	unnamed Rect: pos = array([105.64486082, -77.54213432])
19.3545 	EXP 	unnamed Rect: pos = array([105.64486082, -67.54213432])
19.3708 	EXP 	unnamed Rect: pos = array([105.64486082, -67.54213432])
19.3876 	EXP 	unnamed Rect: pos = array([105.64486082, -67.54213432])
19.4043 	EXP 	unnamed Rect: pos = array([105.64486082, -67.54213432])
19.4208 	EXP 	unnamed Rect: pos = array([105.64486082, -67.54213432])
19.4373 	EXP 	unnamed Rect: pos = array([105.64486082, -67.54213432])
19.4540 	EXP 	unnamed Rect: pos = array([105.64486082, -67.54213432])
19.4708 	EXP 	unnamed Rect: pos = array([105.64486082, -67.54213432])
19.4877 	EXP 	unnamed Rect: pos = array([105.64486082, -67.54213432])
19.4882 	DATA 	Keypress: up
19.5042 	EXP 	unnamed Rect: pos = array([105.64486082, -57.54213432])
19.5210 	EXP 	unnamed Rect: pos = array([105.64486082, -57.54213432])
19.5377 	EXP 	unnamed Rect: pos = array([105.64486082, -57.54213432])
19.5545 	EXP 	unnamed Rect: pos = array([105.64486082, -57.54213432])
19.5706 	EXP 	unnamed Rect: pos = array([105.64486082, -57.54213432])
19.5875 	EXP 	unnamed Rect: pos = array([105.64486082, -57.54213432])
19.6041 	EXP 	unnamed Rect: pos = array([105.64486082, -57.54213432])
19.6207 	EXP 	unnamed Rect: pos = array([105.64486082, -57.54213432])
19.6375 	EXP 	unnamed Rect: pos = array([105.64486082, -57.54213432])
19.6417 	DATA 	Keypress: up
19.6548 	EXP 	unnamed Rect: pos = array([105.64486082, -57.54213432])
19.6706 	EXP 	unnamed Rect: pos = array([105.64486082, -47.54213432])
19.6875 	EXP 	unnamed Rect: pos = array([105.64486082, -47.54213432])
19.7050 	EXP 	unnamed Rect: pos = array([105.64486082, -47.54213432])
19.7207 	EXP 	unnamed Rect: pos = array([105.64486082, -47.54213432])
19.7373 	EXP 	unnamed Rect: pos = array([105.64486082, -47.54213432])
19.7548 	EXP 	unnamed Rect: pos = array([105.64486082, -47.54213432])
19.7711 	EXP 	unnamed Rect: pos = array([105.64486082, -47.54213432])
19.7880 	EXP 	unnamed Rect: pos = array([105.64486082, -47.54213432])
19.7886 	DATA 	Keypress: up
19.8129 	EXP 	unnamed Rect: pos = array([105.64486082, -37.54213432])
19.8211 	EXP 	unnamed Rect: pos = array([105.64486082, -37.54213432])
19.8370 	EXP 	unnamed Rect: pos = array([105.64486082, -37.54213432])
19.8537 	EXP 	unnamed Rect: pos = array([105.64486082, -37.54213432])
19.8711 	EXP 	unnamed Rect: pos = array([105.64486082, -37.54213432])
19.8873 	EXP 	unnamed Rect: pos = array([105.64486082, -37.54213432])
19.9042 	EXP 	unnamed Rect: pos = array([105.64486082, -37.54213432])
19.9211 	EXP 	unnamed Rect: pos = array([105.64486082, -37.54213432])
19.9377 	EXP 	unnamed Rect: pos = array([105.64486082, -37.54213432])
19.9383 	DATA 	Keypress: up
19.9543 	EXP 	unnamed Rect: pos = array([105.64486082, -27.54213432])
19.9712 	EXP 	unnamed Rect: pos = array([105.64486082, -27.54213432])
19.9881 	EXP 	unnamed Rect: pos = array([105.64486082, -27.54213432])
20.0045 	EXP 	unnamed Rect: pos = array([105.64486082, -27.54213432])
20.0208 	EXP 	unnamed Rect: pos = array([105.64486082, -27.54213432])
20.0380 	EXP 	unnamed Rect: pos = array([105.64486082, -27.54213432])
20.0542 	EXP 	unnamed Rect: pos = array([105.64486082, -27.54213432])
20.0708 	EXP 	unnamed Rect: pos = array([105.64486082, -27.54213432])
20.0879 	EXP 	unnamed Rect: pos = array([105.64486082, -27.54213432])
20.0918 	DATA 	Keypress: up
20.1045 	EXP 	unnamed Rect: pos = array([105.64486082, -27.54213432])
20.1206 	EXP 	unnamed Rect: pos = array([105.64486082, -17.54213432])
20.1377 	EXP 	unnamed Rect: pos = array([105.64486082, -17.54213432])
20.1545 	EXP 	unnamed Rect: pos = array([105.64486082, -17.54213432])
20.1706 	EXP 	unnamed Rect: pos = array([105.64486082, -17.54213432])
20.1884 	EXP 	unnamed Rect: pos = array([105.64486082, -17.54213432])
20.2041 	EXP 	unnamed Rect: pos = array([105.64486082, -17.54213432])
20.2210 	EXP 	unnamed Rect: pos = array([105.64486082, -17.54213432])
20.2377 	EXP 	unnamed Rect: pos = array([105.64486082, -17.54213432])
20.2416 	DATA 	Keypress: up
20.2547 	EXP 	unnamed Rect: pos = array([105.64486082, -17.54213432])
20.2714 	EXP 	unnamed Rect: pos = array([105.64486082,  -7.54213432])
20.2876 	EXP 	unnamed Rect: pos = array([105.64486082,  -7.54213432])
20.3048 	EXP 	unnamed Rect: pos = array([105.64486082,  -7.54213432])
20.3210 	EXP 	unnamed Rect: pos = array([105.64486082,  -7.54213432])
20.3379 	EXP 	unnamed Rect: pos = array([105.64486082,  -7.54213432])
20.3544 	EXP 	unnamed Rect: pos = array([105.64486082,  -7.54213432])
20.3708 	EXP 	unnamed Rect: pos = array([105.64486082,  -7.54213432])
20.3746 	DATA 	Keypress: up
20.3877 	EXP 	unnamed Rect: pos = array([105.64486082,  -7.54213432])
20.4042 	EXP 	unnamed Rect: pos = array([105.64486082,   2.45786568])
20.4217 	EXP 	unnamed Rect: pos = array([105.64486082,   2.45786568])
20.4378 	EXP 	unnamed Rect: pos = array([105.64486082,   2.45786568])
20.4545 	EXP 	unnamed Rect: pos = array([105.64486082,   2.45786568])
20.4712 	EXP 	unnamed Rect: pos = array([105.64486082,   2.45786568])
20.4874 	EXP 	unnamed Rect: pos = array([105.64486082,   2.45786568])
20.5040 	EXP 	unnamed Rect: pos = array([105.64486082,   2.45786568])
20.5206 	EXP 	unnamed Rect: pos = array([105.64486082,   2.45786568])
20.5374 	EXP 	unnamed Rect: pos = array([105.64486082,   2.45786568])
20.5540 	EXP 	unnamed Rect: pos = array([105.64486082,   2.45786568])
20.5712 	EXP 	unnamed Rect: pos = array([105.64486082,   2.45786568])
20.5875 	EXP 	unnamed Rect: pos = array([105.64486082,   2.45786568])
20.6045 	EXP 	unnamed Rect: pos = array([105.64486082,   2.45786568])
20.6209 	EXP 	unnamed Rect: pos = array([105.64486082,   2.45786568])
20.6373 	EXP 	unnamed Rect: pos = array([105.64486082,   2.45786568])
20.6541 	EXP 	unnamed Rect: pos = array([105.64486082,   2.45786568])
20.6706 	EXP 	unnamed Rect: pos = array([105.64486082,   2.45786568])
20.6877 	EXP 	unnamed Rect: pos = array([105.64486082,   2.45786568])
20.6883 	DATA 	Keypress: up
20.7042 	EXP 	unnamed Rect: pos = array([105.64486082,  12.45786568])
20.7213 	EXP 	unnamed Rect: pos = array([105.64486082,  12.45786568])
20.7380 	EXP 	unnamed Rect: pos = array([105.64486082,  12.45786568])
20.7542 	EXP 	unnamed Rect: pos = array([105.64486082,  12.45786568])
20.7714 	EXP 	unnamed Rect: pos = array([105.64486082,  12.45786568])
20.7878 	EXP 	unnamed Rect: pos = array([105.64486082,  12.45786568])
20.8044 	EXP 	unnamed Rect: pos = array([105.64486082,  12.45786568])
20.8210 	EXP 	unnamed Rect: pos = array([105.64486082,  12.45786568])
20.8382 	EXP 	unnamed Rect: pos = array([105.64486082,  12.45786568])
20.8545 	EXP 	unnamed Rect: pos = array([105.64486082,  12.45786568])
20.8552 	DATA 	Keypress: up
20.8718 	EXP 	unnamed Rect: pos = array([105.64486082,  22.45786568])
20.8878 	EXP 	unnamed Rect: pos = array([105.64486082,  22.45786568])
20.9042 	EXP 	unnamed Rect: pos = array([105.64486082,  22.45786568])
20.9210 	EXP 	unnamed Rect: pos = array([105.64486082,  22.45786568])
20.9385 	EXP 	unnamed Rect: pos = array([105.64486082,  22.45786568])
20.9544 	EXP 	unnamed Rect: pos = array([105.64486082,  22.45786568])
20.9711 	EXP 	unnamed Rect: pos = array([105.64486082,  22.45786568])
20.9885 	EXP 	unnamed Rect: pos = array([105.64486082,  22.45786568])
21.0052 	EXP 	unnamed Rect: pos = array([105.64486082,  22.45786568])
21.0092 	DATA 	Keypress: up
21.0214 	EXP 	unnamed Rect: pos = array([105.64486082,  22.45786568])
21.0376 	EXP 	unnamed Rect: pos = array([105.64486082,  32.45786568])
21.0544 	EXP 	unnamed Rect: pos = array([105.64486082,  32.45786568])
21.0709 	EXP 	unnamed Rect: pos = array([105.64486082,  32.45786568])
21.0885 	EXP 	unnamed Rect: pos = array([105.64486082,  32.45786568])
21.1044 	EXP 	unnamed Rect: pos = array([105.64486082,  32.45786568])
21.1209 	EXP 	unnamed Rect: pos = array([105.64486082,  32.45786568])
21.1373 	EXP 	unnamed Rect: pos = array([105.64486082,  32.45786568])
21.1545 	EXP 	unnamed Rect: pos = array([105.64486082,  32.45786568])
21.1707 	EXP 	unnamed Rect: pos = array([105.64486082,  32.45786568])
21.1878 	EXP 	unnamed Rect: pos = array([105.64486082,  32.45786568])
21.1884 	DATA 	Keypress: up
21.2043 	EXP 	unnamed Rect: pos = array([105.64486082,  42.45786568])
21.2208 	EXP 	unnamed Rect: pos = array([105.64486082,  42.45786568])
21.2378 	EXP 	unnamed Rect: pos = array([105.64486082,  42.45786568])
21.2543 	EXP 	unnamed Rect: pos = array([105.64486082,  42.45786568])
21.2712 	EXP 	unnamed Rect: pos = array([105.64486082,  42.45786568])
21.2877 	EXP 	unnamed Rect: pos = array([105.64486082,  42.45786568])
21.3050 	EXP 	unnamed Rect: pos = array([105.64486082,  42.45786568])
21.3207 	EXP 	unnamed Rect: pos = array([105.64486082,  42.45786568])
21.3379 	EXP 	unnamed Rect: pos = array([105.64486082,  42.45786568])
21.3385 	DATA 	Keypress: up
21.3543 	EXP 	unnamed Rect: pos = array([105.64486082,  52.45786568])
21.3712 	EXP 	unnamed Rect: pos = array([105.64486082,  52.45786568])
21.3875 	EXP 	unnamed Rect: pos = array([105.64486082,  52.45786568])
21.4046 	EXP 	unnamed Rect: pos = array([105.64486082,  52.45786568])
21.4210 	EXP 	unnamed Rect: pos = array([105.64486082,  52.45786568])
21.4380 	EXP 	unnamed Rect: pos = array([105.64486082,  52.45786568])
21.4543 	EXP 	unnamed Rect: pos = array([105.64486082,  52.45786568])
21.4707 	EXP 	unnamed Rect: pos = array([105.64486082,  52.45786568])
21.4873 	EXP 	unnamed Rect: pos = array([105.64486082,  52.45786568])
21.5041 	EXP 	unnamed Rect: pos = array([105.64486082,  52.45786568])
21.5086 	DATA 	Keypress: up
21.5212 	EXP 	unnamed Rect: pos = array([105.64486082,  52.45786568])
21.5378 	EXP 	unnamed Rect: pos = array([105.64486082,  62.45786568])
21.5542 	EXP 	unnamed Rect: pos = array([105.64486082,  62.45786568])
21.5719 	EXP 	unnamed Rect: pos = array([105.64486082,  62.45786568])
21.5878 	EXP 	unnamed Rect: pos = array([105.64486082,  62.45786568])
21.6041 	EXP 	unnamed Rect: pos = array([105.64486082,  62.45786568])
21.6207 	EXP 	unnamed Rect: pos = array([105.64486082,  62.45786568])
21.6378 	EXP 	unnamed Rect: pos = array([105.64486082,  62.45786568])
21.6541 	EXP 	unnamed Rect: pos = array([105.64486082,  62.45786568])
21.6711 	EXP 	unnamed Rect: pos = array([105.64486082,  62.45786568])
21.6717 	DATA 	Keypress: up
21.6878 	EXP 	unnamed Rect: pos = array([105.64486082,  72.45786568])
21.7044 	EXP 	unnamed Rect: pos = array([105.64486082,  72.45786568])
21.7209 	EXP 	unnamed Rect: pos = array([105.64486082,  72.45786568])
21.7378 	EXP 	unnamed Rect: pos = array([105.64486082,  72.45786568])
21.7541 	EXP 	unnamed Rect: pos = array([105.64486082,  72.45786568])
21.7714 	EXP 	unnamed Rect: pos = array([105.64486082,  72.45786568])
21.7878 	EXP 	unnamed Rect: pos = array([105.64486082,  72.45786568])
21.8049 	EXP 	unnamed Rect: pos = array([105.64486082,  72.45786568])
21.8213 	EXP 	unnamed Rect: pos = array([105.64486082,  72.45786568])
21.8375 	EXP 	unnamed Rect: pos = array([105.64486082,  72.45786568])
21.8546 	EXP 	unnamed Rect: pos = array([105.64486082,  72.45786568])
21.8552 	DATA 	Keypress: up
21.8710 	EXP 	unnamed Rect: pos = array([105.64486082,  82.45786568])
21.8878 	EXP 	unnamed Rect: pos = array([105.64486082,  82.45786568])
21.9044 	EXP 	unnamed Rect: pos = array([105.64486082,  82.45786568])
21.9209 	EXP 	unnamed Rect: pos = array([105.64486082,  82.45786568])
21.9377 	EXP 	unnamed Rect: pos = array([105.64486082,  82.45786568])
21.9539 	EXP 	unnamed Rect: pos = array([105.64486082,  82.45786568])
21.9708 	EXP 	unnamed Rect: pos = array([105.64486082,  82.45786568])
21.9883 	EXP 	unnamed Rect: pos = array([105.64486082,  82.45786568])
22.0044 	EXP 	unnamed Rect: pos = array([105.64486082,  82.45786568])
22.0212 	EXP 	unnamed Rect: pos = array([105.64486082,  82.45786568])
22.0218 	DATA 	Keypress: right
22.0374 	EXP 	unnamed Rect: pos = array([115.64486082,  82.45786568])
22.0545 	EXP 	unnamed Rect: pos = array([115.64486082,  82.45786568])
22.0706 	EXP 	unnamed Rect: pos = array([115.64486082,  82.45786568])
22.0881 	EXP 	unnamed Rect: pos = array([115.64486082,  82.45786568])
22.1043 	EXP 	unnamed Rect: pos = array([115.64486082,  82.45786568])
22.1208 	EXP 	unnamed Rect: pos = array([115.64486082,  82.45786568])
22.1374 	EXP 	unnamed Rect: pos = array([115.64486082,  82.45786568])
22.1545 	EXP 	unnamed Rect: pos = array([115.64486082,  82.45786568])
22.1709 	EXP 	unnamed Rect: pos = array([115.64486082,  82.45786568])
22.1875 	EXP 	unnamed Rect: pos = array([115.64486082,  82.45786568])
22.1914 	DATA 	Keypress: right
22.2048 	EXP 	unnamed Rect: pos = array([115.64486082,  82.45786568])
22.2210 	EXP 	unnamed Rect: pos = array([125.64486082,  82.45786568])
22.2249 	DATA 	Keypress: up
22.2385 	EXP 	unnamed Rect: pos = array([125.64486082,  82.45786568])
22.2549 	EXP 	unnamed Rect: pos = array([125.64486082,  92.45786568])
22.2708 	EXP 	unnamed Rect: pos = array([125.64486082,  92.45786568])
22.2875 	EXP 	unnamed Rect: pos = array([125.64486082,  92.45786568])
22.3047 	EXP 	unnamed Rect: pos = array([125.64486082,  92.45786568])
22.3212 	EXP 	unnamed Rect: pos = array([125.64486082,  92.45786568])
22.3383 	EXP 	unnamed Rect: pos = array([125.64486082,  92.45786568])
22.3544 	EXP 	unnamed Rect: pos = array([125.64486082,  92.45786568])
22.3709 	EXP 	unnamed Rect: pos = array([125.64486082,  92.45786568])
22.3879 	EXP 	unnamed Rect: pos = array([125.64486082,  92.45786568])
22.4047 	EXP 	unnamed Rect: pos = array([125.64486082,  92.45786568])
22.4052 	DATA 	Keypress: up
22.4215 	EXP 	unnamed Rect: pos = array([125.64486082, 102.45786568])
22.4374 	EXP 	unnamed Rect: pos = array([125.64486082, 102.45786568])
22.4540 	EXP 	unnamed Rect: pos = array([125.64486082, 102.45786568])
22.4708 	EXP 	unnamed Rect: pos = array([125.64486082, 102.45786568])
22.4876 	EXP 	unnamed Rect: pos = array([125.64486082, 102.45786568])
22.5043 	EXP 	unnamed Rect: pos = array([125.64486082, 102.45786568])
22.5207 	EXP 	unnamed Rect: pos = array([125.64486082, 102.45786568])
22.5374 	EXP 	unnamed Rect: pos = array([125.64486082, 102.45786568])
22.5542 	EXP 	unnamed Rect: pos = array([125.64486082, 102.45786568])
22.5711 	EXP 	unnamed Rect: pos = array([125.64486082, 102.45786568])
22.5718 	DATA 	Keypress: up
22.5883 	EXP 	unnamed Rect: pos = array([125.64486082, 112.45786568])
22.6045 	EXP 	unnamed Rect: pos = array([125.64486082, 112.45786568])
22.6208 	EXP 	unnamed Rect: pos = array([125.64486082, 112.45786568])
22.6382 	EXP 	unnamed Rect: pos = array([125.64486082, 112.45786568])
22.6552 	EXP 	unnamed Rect: pos = array([125.64486082, 112.45786568])
22.6713 	EXP 	unnamed Rect: pos = array([125.64486082, 112.45786568])
22.6878 	EXP 	unnamed Rect: pos = array([125.64486082, 112.45786568])
22.7046 	EXP 	unnamed Rect: pos = array([125.64486082, 112.45786568])
22.7214 	EXP 	unnamed Rect: pos = array([125.64486082, 112.45786568])
22.7390 	EXP 	unnamed Rect: pos = array([125.64486082, 112.45786568])
22.7396 	DATA 	Keypress: left
22.7547 	EXP 	unnamed Rect: pos = array([115.64486082, 112.45786568])
22.7714 	EXP 	unnamed Rect: pos = array([115.64486082, 112.45786568])
22.7885 	EXP 	unnamed Rect: pos = array([115.64486082, 112.45786568])
22.8047 	EXP 	unnamed Rect: pos = array([115.64486082, 112.45786568])
22.8221 	EXP 	unnamed Rect: pos = array([115.64486082, 112.45786568])
22.8379 	EXP 	unnamed Rect: pos = array([115.64486082, 112.45786568])
22.8549 	EXP 	unnamed Rect: pos = array([115.64486082, 112.45786568])
22.8713 	EXP 	unnamed Rect: pos = array([115.64486082, 112.45786568])
22.8880 	EXP 	unnamed Rect: pos = array([115.64486082, 112.45786568])
22.9044 	EXP 	unnamed Rect: pos = array([115.64486082, 112.45786568])
22.9221 	EXP 	unnamed Rect: pos = array([115.64486082, 112.45786568])
22.9228 	DATA 	Keypress: left
22.9378 	EXP 	unnamed Rect: pos = array([105.64486082, 112.45786568])
22.9546 	EXP 	unnamed Rect: pos = array([105.64486082, 112.45786568])
22.9711 	EXP 	unnamed Rect: pos = array([105.64486082, 112.45786568])
22.9885 	EXP 	unnamed Rect: pos = array([105.64486082, 112.45786568])
23.0057 	EXP 	unnamed Rect: pos = array([105.64486082, 112.45786568])
23.0212 	EXP 	unnamed Rect: pos = array([105.64486082, 112.45786568])
23.0380 	EXP 	unnamed Rect: pos = array([105.64486082, 112.45786568])
23.0550 	EXP 	unnamed Rect: pos = array([105.64486082, 112.45786568])
23.0714 	EXP 	unnamed Rect: pos = array([105.64486082, 112.45786568])
23.0885 	EXP 	unnamed Rect: pos = array([105.64486082, 112.45786568])
23.0892 	DATA 	Keypress: left
23.1059 	EXP 	unnamed Rect: pos = array([ 95.64486082, 112.45786568])
23.1213 	EXP 	unnamed Rect: pos = array([ 95.64486082, 112.45786568])
23.1382 	EXP 	unnamed Rect: pos = array([ 95.64486082, 112.45786568])
23.1547 	EXP 	unnamed Rect: pos = array([ 95.64486082, 112.45786568])
23.1717 	EXP 	unnamed Rect: pos = array([ 95.64486082, 112.45786568])
23.1875 	EXP 	unnamed Rect: pos = array([ 95.64486082, 112.45786568])
23.2040 	EXP 	unnamed Rect: pos = array([ 95.64486082, 112.45786568])
23.2207 	EXP 	unnamed Rect: pos = array([ 95.64486082, 112.45786568])
23.2374 	EXP 	unnamed Rect: pos = array([ 95.64486082, 112.45786568])
23.2549 	EXP 	unnamed Rect: pos = array([ 95.64486082, 112.45786568])
23.2555 	DATA 	Keypress: left
23.2716 	EXP 	unnamed Rect: pos = array([ 85.64486082, 112.45786568])
23.2874 	EXP 	unnamed Rect: pos = array([ 85.64486082, 112.45786568])
23.3044 	EXP 	unnamed Rect: pos = array([ 85.64486082, 112.45786568])
23.3214 	EXP 	unnamed Rect: pos = array([ 85.64486082, 112.45786568])
23.3380 	EXP 	unnamed Rect: pos = array([ 85.64486082, 112.45786568])
23.3540 	EXP 	unnamed Rect: pos = array([ 85.64486082, 112.45786568])
23.3710 	EXP 	unnamed Rect: pos = array([ 85.64486082, 112.45786568])
23.3875 	EXP 	unnamed Rect: pos = array([ 85.64486082, 112.45786568])
23.4047 	EXP 	unnamed Rect: pos = array([ 85.64486082, 112.45786568])
23.4218 	EXP 	unnamed Rect: pos = array([ 85.64486082, 112.45786568])
23.4224 	DATA 	Keypress: left
23.4382 	EXP 	unnamed Rect: pos = array([ 75.64486082, 112.45786568])
23.4541 	EXP 	unnamed Rect: pos = array([ 75.64486082, 112.45786568])
23.4710 	EXP 	unnamed Rect: pos = array([ 75.64486082, 112.45786568])
23.4878 	EXP 	unnamed Rect: pos = array([ 75.64486082, 112.45786568])
23.5048 	EXP 	unnamed Rect: pos = array([ 75.64486082, 112.45786568])
23.5210 	EXP 	unnamed Rect: pos = array([ 75.64486082, 112.45786568])
23.5378 	EXP 	unnamed Rect: pos = array([ 75.64486082, 112.45786568])
23.5550 	EXP 	unnamed Rect: pos = array([ 75.64486082, 112.45786568])
23.5717 	EXP 	unnamed Rect: pos = array([ 75.64486082, 112.45786568])
23.5724 	DATA 	Keypress: up
23.5880 	EXP 	unnamed Rect: pos = array([ 75.64486082, 122.45786568])
23.6036 	EXP 	unnamed Rect: pos = array([ 75.64486082, 122.45786568])
23.6213 	EXP 	unnamed Rect: pos = array([ 75.64486082, 122.45786568])
23.6379 	EXP 	unnamed Rect: pos = array([ 75.64486082, 122.45786568])
23.6547 	EXP 	unnamed Rect: pos = array([ 75.64486082, 122.45786568])
23.6716 	EXP 	unnamed Rect: pos = array([ 75.64486082, 122.45786568])
23.6881 	EXP 	unnamed Rect: pos = array([ 75.64486082, 122.45786568])
23.7047 	EXP 	unnamed Rect: pos = array([ 75.64486082, 122.45786568])
23.7208 	EXP 	unnamed Rect: pos = array([ 75.64486082, 122.45786568])
23.7379 	EXP 	text: autoDraw = True
23.7395 	DATA 	Keypress: up
23.9243 	DATA 	Keypress: up
24.0920 	DATA 	Keypress: up
25.8262 	DATA 	Keypress: space
26.7224 	EXP 	New trial (rep=1, index=0): None
26.7385 	EXP 	text: autoDraw = False
26.7385 	EXP 	text: autoDraw = False
26.7385 	EXP 	Welcometext: autoDraw = True
27.1247 	DATA 	Keypress: escape
27.3512 	EXP 	window1: mouseVisible = True
