0.6833 	WARNING 	We strongly recommend you activate the PTB sound engine in PsychoPy prefs as the preferred audio engine. Its timing is vastly superior. Your prefs are currently set to use ['sounddevice', 'PTB', 'pyo', 'pygame'] (in that order).
4.2638 	ERROR 	'-1.0000, -1.0000, -1.0000' is not a valid rgb color
4.9346 	EXP 	Created window1 = Window(allowGUI=False, allowStencil=False, autoLog=True, backendConf=UNKNOWN, bitsMode=UNKNOWN, blendMode='avg', bpc=(8, 8, 8), color=array([0, 0, 0]), colorSpace='rgb', depthBits=8, fullscr=<method-wrapper '__getattribute__' of attributeSetter object at 0x7fb180fefa20>, gamma=None, gammaErrorPolicy='raise', lms=UNKNOWN, monitor=<psychopy.monitors.calibTools.Monitor object at 0x7fb180ddf390>, multiSample=False, name='window1', numSamples=2, pos=[360.0, 225.0], screen=0, size=array([2880, 1800]), stencilBits=0, stereo=False, units='height', useFBO=True, useRetina=True, viewOri=0.0, viewPos=None, viewScale=None, waitBlanking=True, winType='pyglet')
4.9348 	EXP 	window1: mouseVisible = True
4.9348 	EXP 	window1: recordFrameIntervals = False
5.1010 	EXP 	window1: recordFrameIntervals = True
5.2852 	EXP 	window1: recordFrameIntervals = False
6.0403 	DEPRECATION 	'1.0000, 1.0000, 1.0000' is not a valid rgb color
6.0739 	EXP 	Created Welcometext = TextStim(__class__=<class 'psychopy.visual.text.TextStim'>, alignHoriz=method-wrapper(...), alignText='center', alignVert=method-wrapper(...), anchorHoriz='center', anchorVert='center', antialias=True, autoLog=True, bold=False, color=array([0., 0., 0.]), colorSpace='rgb', contrast=1.0, depth=0.0, flipHoriz=False, flipVert=False, font='Open Sans', fontFiles=[], height=0.05, italic=False, languageStyle='LTR', name='Welcometext', opacity=0, ori=0.0, pos=array([0., 0.]), rgb=UNKNOWN, text='Welcome\nPlease press Spacebar to start', units='height', win=Window(...), wrapWidth=1)
6.4263 	EXP 	Created text = TextStim(__class__=<class 'psychopy.visual.text.TextStim'>, alignHoriz=method-wrapper(...), alignText='center', alignVert=method-wrapper(...), anchorHoriz='center', anchorVert='center', antialias=True, autoLog=True, bold=False, color=array([1., 1., 1.]), colorSpace='rgb', contrast=1.0, depth=0.0, flipHoriz=False, flipVert=False, font='Open Sans', fontFiles=[], height=0.05, italic=False, languageStyle='LTR', name='text', opacity=1, ori=0.0, pos=array([0., 0.]), rgb=UNKNOWN, text=str(...), units='height', win=Window(...), wrapWidth=1)
6.4288 	EXP 	Created sequence: random, trialTypes=1, nReps=5, seed=None
6.4290 	EXP 	New trial (rep=0, index=0): None
6.4463 	EXP 	Welcometext: autoDraw = True
10.2915 	DATA 	Keypress: space
10.3068 	EXP 	Created unnamed Rect = Rect(__class__=<class 'psychopy.visual.rect.Rect'>, autoDraw=False, autoLog=True, closeShape=True, color=method-wrapper(...), colorSpace='rgb', contrast=None, depth=0, fillColor=array([ 1, -1, -1]), fillColorSpace='rgb', fillRGB=array([ 1, -1, -1]), interpolate=True, lineColor=array([-1., -1.,  1.]), lineColorSpace='rgb', lineRGB=array([-1, -1,  1]), lineWidth=1.5, name='unnamed Rect', opacity=1, ori=0.0, pos=array([0., 0.]), size=array([1000.,  700.]), units='pix', vertices=ndarray(...), win=Window(...))
10.3089 	EXP 	Created unnamed Rect = Rect(__class__=<class 'psychopy.visual.rect.Rect'>, autoDraw=False, autoLog=True, closeShape=True, color=method-wrapper(...), colorSpace='rgb', contrast=None, depth=0, fillColor=array([-1, -1, -1]), fillColorSpace='rgb', fillRGB=array([-1, -1, -1]), interpolate=True, lineColor=array([-1., -1.,  1.]), lineColorSpace='rgb', lineRGB=array([-1, -1,  1]), lineWidth=1.5, name='unnamed Rect', opacity=1, ori=0.0, pos=array([0., 0.]), size=array([400., 600.]), units='pix', vertices=ndarray(...), win=Window(...))
10.3111 	EXP 	Created unnamed Rect = Rect(__class__=<class 'psychopy.visual.rect.Rect'>, autoDraw=False, autoLog=True, closeShape=True, color=method-wrapper(...), colorSpace='rgb', contrast=None, depth=0, fillColor=array([-1, -1, -1]), fillColorSpace='rgb', fillRGB=array([-1, -1, -1]), interpolate=True, lineColor=array([-1., -1.,  1.]), lineColorSpace='rgb', lineRGB=array([-1, -1,  1]), lineWidth=1.5, name='unnamed Rect', opacity=1, ori=0.0, pos=array([0., 0.]), size=array([400., 600.]), units='pix', vertices=ndarray(...), win=Window(...))
10.3138 	EXP 	Created unnamed Rect = Rect(__class__=<class 'psychopy.visual.rect.Rect'>, autoDraw=False, autoLog=True, closeShape=True, color=method-wrapper(...), colorSpace='rgb', contrast=None, depth=0, fillColor=array([ 1,  1, -1]), fillColorSpace='rgb', fillRGB=array([ 1,  1, -1]), interpolate=True, lineColor=array([0., 0., 0.]), lineColorSpace='rgb', lineRGB=array([0, 0, 0]), lineWidth=1.5, name='unnamed Rect', opacity=0.5, ori=0.0, pos=array([0., 0.]), size=array([30., 30.]), units='pix', vertices=ndarray(...), win=Window(...))
10.3162 	EXP 	Created unnamed Rect = Rect(__class__=<class 'psychopy.visual.rect.Rect'>, autoDraw=False, autoLog=True, closeShape=True, color=method-wrapper(...), colorSpace='rgb', contrast=None, depth=0, fillColor=array([ 1,  1, -1]), fillColorSpace='rgb', fillRGB=array([ 1,  1, -1]), interpolate=True, lineColor=array([0., 0., 0.]), lineColorSpace='rgb', lineRGB=array([0, 0, 0]), lineWidth=1.5, name='unnamed Rect', opacity=0.5, ori=0.0, pos=array([0., 0.]), size=array([30., 30.]), units='pix', vertices=ndarray(...), win=Window(...))
10.3186 	EXP 	Created unnamed Rect = Rect(__class__=<class 'psychopy.visual.rect.Rect'>, autoDraw=False, autoLog=True, closeShape=True, color=method-wrapper(...), colorSpace='rgb', contrast=None, depth=0, fillColor=array([ 1,  1, -1]), fillColorSpace='rgb', fillRGB=array([ 1,  1, -1]), interpolate=True, lineColor=array([0., 0., 0.]), lineColorSpace='rgb', lineRGB=array([0, 0, 0]), lineWidth=1.5, name='unnamed Rect', opacity=0.5, ori=0.0, pos=array([0., 0.]), size=array([30., 30.]), units='pix', vertices=ndarray(...), win=Window(...))
10.3209 	EXP 	Created unnamed Rect = Rect(__class__=<class 'psychopy.visual.rect.Rect'>, autoDraw=False, autoLog=True, closeShape=True, color=method-wrapper(...), colorSpace='rgb', contrast=None, depth=0, fillColor=array([ 1,  1, -1]), fillColorSpace='rgb', fillRGB=array([ 1,  1, -1]), interpolate=True, lineColor=array([0., 0., 0.]), lineColorSpace='rgb', lineRGB=array([0, 0, 0]), lineWidth=1.5, name='unnamed Rect', opacity=0.5, ori=0.0, pos=array([0., 0.]), size=array([30., 30.]), units='pix', vertices=ndarray(...), win=Window(...))
10.3232 	EXP 	Created unnamed Rect = Rect(__class__=<class 'psychopy.visual.rect.Rect'>, autoDraw=False, autoLog=True, closeShape=True, color=method-wrapper(...), colorSpace='rgb', contrast=None, depth=0, fillColor=array([ 1,  1, -1]), fillColorSpace='rgb', fillRGB=array([ 1,  1, -1]), interpolate=True, lineColor=array([0., 0., 0.]), lineColorSpace='rgb', lineRGB=array([0, 0, 0]), lineWidth=1.5, name='unnamed Rect', opacity=0.5, ori=0.0, pos=array([0., 0.]), size=array([30., 30.]), units='pix', vertices=ndarray(...), win=Window(...))
10.3252 	EXP 	Created unnamed Rect = Rect(__class__=<class 'psychopy.visual.rect.Rect'>, autoDraw=False, autoLog=True, closeShape=True, color=method-wrapper(...), colorSpace='rgb', contrast=None, depth=0, fillColor=array([ 1,  1, -1]), fillColorSpace='rgb', fillRGB=array([ 1,  1, -1]), interpolate=True, lineColor=array([0., 0., 0.]), lineColorSpace='rgb', lineRGB=array([0, 0, 0]), lineWidth=1.5, name='unnamed Rect', opacity=0.5, ori=0.0, pos=array([0., 0.]), size=array([30., 30.]), units='pix', vertices=ndarray(...), win=Window(...))
10.3272 	EXP 	Created unnamed Rect = Rect(__class__=<class 'psychopy.visual.rect.Rect'>, autoDraw=False, autoLog=True, closeShape=True, color=method-wrapper(...), colorSpace='rgb', contrast=None, depth=0, fillColor=array([ 1,  1, -1]), fillColorSpace='rgb', fillRGB=array([ 1,  1, -1]), interpolate=True, lineColor=array([0., 0., 0.]), lineColorSpace='rgb', lineRGB=array([0, 0, 0]), lineWidth=1.5, name='unnamed Rect', opacity=0.5, ori=0.0, pos=array([0., 0.]), size=array([30., 30.]), units='pix', vertices=ndarray(...), win=Window(...))
10.3666 	EXP 	Created unnamed ImageStim = ImageStim(__class__=<class 'psychopy.visual.image.ImageStim'>, autoLog=True, color=array([1., 1., 1.]), colorSpace='rgb', contrast=1.0, depth=0, flipHoriz=False, flipVert=False, image='tree.png', interpolate=False, mask=None, maskParams=None, name='unnamed ImageStim', opacity=1, ori=0.0, pos=array([0., 0.]), size=array([512, 512]), texRes=128, units='pix', win=Window(...))
10.3875 	EXP 	Created unnamed ImageStim = ImageStim(__class__=<class 'psychopy.visual.image.ImageStim'>, autoLog=True, color=array([1., 1., 1.]), colorSpace='rgb', contrast=1.0, depth=0, flipHoriz=False, flipVert=False, image='tree.png', interpolate=False, mask=None, maskParams=None, name='unnamed ImageStim', opacity=1, ori=0.0, pos=array([0., 0.]), size=array([512, 512]), texRes=128, units='pix', win=Window(...))
10.4056 	EXP 	Created unnamed ImageStim = ImageStim(__class__=<class 'psychopy.visual.image.ImageStim'>, autoLog=True, color=array([1., 1., 1.]), colorSpace='rgb', contrast=1.0, depth=0, flipHoriz=False, flipVert=False, image='tree.png', interpolate=False, mask=None, maskParams=None, name='unnamed ImageStim', opacity=1, ori=0.0, pos=array([0., 0.]), size=array([512, 512]), texRes=128, units='pix', win=Window(...))
10.4237 	EXP 	Created unnamed ImageStim = ImageStim(__class__=<class 'psychopy.visual.image.ImageStim'>, autoLog=True, color=array([1., 1., 1.]), colorSpace='rgb', contrast=1.0, depth=0, flipHoriz=False, flipVert=False, image='tree.png', interpolate=False, mask=None, maskParams=None, name='unnamed ImageStim', opacity=1, ori=0.0, pos=array([0., 0.]), size=array([512, 512]), texRes=128, units='pix', win=Window(...))
10.4417 	EXP 	Created unnamed ImageStim = ImageStim(__class__=<class 'psychopy.visual.image.ImageStim'>, autoLog=True, color=array([1., 1., 1.]), colorSpace='rgb', contrast=1.0, depth=0, flipHoriz=False, flipVert=False, image='tree.png', interpolate=False, mask=None, maskParams=None, name='unnamed ImageStim', opacity=1, ori=0.0, pos=array([0., 0.]), size=array([512, 512]), texRes=128, units='pix', win=Window(...))
10.4595 	EXP 	Created unnamed ImageStim = ImageStim(__class__=<class 'psychopy.visual.image.ImageStim'>, autoLog=True, color=array([1., 1., 1.]), colorSpace='rgb', contrast=1.0, depth=0, flipHoriz=False, flipVert=False, image='tree.png', interpolate=False, mask=None, maskParams=None, name='unnamed ImageStim', opacity=1, ori=0.0, pos=array([0., 0.]), size=array([512, 512]), texRes=128, units='pix', win=Window(...))
10.4772 	EXP 	Created unnamed ImageStim = ImageStim(__class__=<class 'psychopy.visual.image.ImageStim'>, autoLog=True, color=array([1., 1., 1.]), colorSpace='rgb', contrast=1.0, depth=0, flipHoriz=False, flipVert=False, image='tree.png', interpolate=False, mask=None, maskParams=None, name='unnamed ImageStim', opacity=1, ori=0.0, pos=array([0., 0.]), size=array([512, 512]), texRes=128, units='pix', win=Window(...))
10.4950 	EXP 	Created unnamed ImageStim = ImageStim(__class__=<class 'psychopy.visual.image.ImageStim'>, autoLog=True, color=array([1., 1., 1.]), colorSpace='rgb', contrast=1.0, depth=0, flipHoriz=False, flipVert=False, image='tree.png', interpolate=False, mask=None, maskParams=None, name='unnamed ImageStim', opacity=1, ori=0.0, pos=array([0., 0.]), size=array([512, 512]), texRes=128, units='pix', win=Window(...))
10.5127 	EXP 	Created unnamed ImageStim = ImageStim(__class__=<class 'psychopy.visual.image.ImageStim'>, autoLog=True, color=array([1., 1., 1.]), colorSpace='rgb', contrast=1.0, depth=0, flipHoriz=False, flipVert=False, image='tree.png', interpolate=False, mask=None, maskParams=None, name='unnamed ImageStim', opacity=1, ori=0.0, pos=array([0., 0.]), size=array([512, 512]), texRes=128, units='pix', win=Window(...))
10.5304 	EXP 	Created unnamed ImageStim = ImageStim(__class__=<class 'psychopy.visual.image.ImageStim'>, autoLog=True, color=array([1., 1., 1.]), colorSpace='rgb', contrast=1.0, depth=0, flipHoriz=False, flipVert=False, image='tree.png', interpolate=False, mask=None, maskParams=None, name='unnamed ImageStim', opacity=1, ori=0.0, pos=array([0., 0.]), size=array([512, 512]), texRes=128, units='pix', win=Window(...))
10.5481 	EXP 	Created unnamed ImageStim = ImageStim(__class__=<class 'psychopy.visual.image.ImageStim'>, autoLog=True, color=array([1., 1., 1.]), colorSpace='rgb', contrast=1.0, depth=0, flipHoriz=False, flipVert=False, image='tree.png', interpolate=False, mask=None, maskParams=None, name='unnamed ImageStim', opacity=1, ori=0.0, pos=array([0., 0.]), size=array([512, 512]), texRes=128, units='pix', win=Window(...))
10.5659 	EXP 	Created unnamed ImageStim = ImageStim(__class__=<class 'psychopy.visual.image.ImageStim'>, autoLog=True, color=array([1., 1., 1.]), colorSpace='rgb', contrast=1.0, depth=0, flipHoriz=False, flipVert=False, image='tree.png', interpolate=False, mask=None, maskParams=None, name='unnamed ImageStim', opacity=1, ori=0.0, pos=array([0., 0.]), size=array([512, 512]), texRes=128, units='pix', win=Window(...))
10.6021 	EXP 	Welcometext: autoDraw = False
10.6021 	EXP 	unnamed Rect: pos = [-250, 0]
10.6021 	EXP 	unnamed Rect: pos = [250, 0]
10.6021 	EXP 	unnamed Rect: pos = [-66.90873916887224, -38.4996720482393]
10.6021 	EXP 	unnamed Rect: pos = [-190.24437917287293, 11.439692773263998]
10.6021 	EXP 	unnamed Rect: pos = [106.55634685674099, -275.381046667977]
10.6021 	EXP 	unnamed Rect: pos = [374.77160817801325, -268.95403861000483]
10.6021 	EXP 	unnamed Rect: pos = [350.68487671437776, -153.53293657652375]
10.6021 	EXP 	unnamed Rect: pos = [235.7902104640313, 160.32259577628665]
10.6021 	EXP 	unnamed Rect: pos = [179.8888723131643, -245.24048107858718]
10.6021 	EXP 	unnamed ImageStim: size = [128.0, 128.0]
10.6021 	EXP 	unnamed ImageStim: size = [128.0, 128.0]
10.6021 	EXP 	unnamed ImageStim: size = [128.0, 128.0]
10.6021 	EXP 	unnamed ImageStim: size = [128.0, 128.0]
10.6021 	EXP 	unnamed ImageStim: size = [128.0, 128.0]
10.6021 	EXP 	unnamed ImageStim: size = [128.0, 128.0]
10.6021 	EXP 	unnamed ImageStim: size = [128.0, 128.0]
10.6021 	EXP 	unnamed ImageStim: size = [128.0, 128.0]
10.6021 	EXP 	unnamed ImageStim: size = [128.0, 128.0]
10.6021 	EXP 	unnamed ImageStim: size = [128.0, 128.0]
10.6021 	EXP 	unnamed ImageStim: size = [128.0, 128.0]
10.6021 	EXP 	unnamed ImageStim: size = [128.0, 128.0]
10.6021 	EXP 	unnamed ImageStim: pos = [-58.21813807626932, -145.7038078038887]
10.6021 	EXP 	unnamed ImageStim: pos = [39.42718537442526, 144.40576851918277]
10.6021 	EXP 	unnamed ImageStim: pos = [-36.942398989023616, 41.37809892890386]
10.6021 	EXP 	unnamed ImageStim: pos = [62.674551046125536, 138.32551477557473]
10.6021 	EXP 	unnamed ImageStim: pos = [-308.2181380762693, -145.7038078038887]
10.6021 	EXP 	unnamed ImageStim: pos = [191.78186192373067, -145.7038078038887]
10.6021 	EXP 	unnamed ImageStim: pos = [-210.57281462557475, 144.40576851918277]
10.6021 	EXP 	unnamed ImageStim: pos = [289.4271853744253, 144.40576851918277]
10.6021 	EXP 	unnamed ImageStim: pos = [-286.9423989890236, 41.37809892890386]
10.6021 	EXP 	unnamed ImageStim: pos = [213.05760101097638, 41.37809892890386]
10.6021 	EXP 	unnamed ImageStim: pos = [-187.32544895387446, 138.32551477557473]
10.6021 	EXP 	unnamed ImageStim: pos = [312.67455104612554, 138.32551477557473]
12.0853 	DATA 	Keypress: left
19.1559 	EXP 	Created unnamed Rect = Rect(__class__=<class 'psychopy.visual.rect.Rect'>, autoDraw=False, autoLog=True, closeShape=True, color=method-wrapper(...), colorSpace='rgb', contrast=None, depth=0, fillColor=array([-1, -1, -1]), fillColorSpace='rgb', fillRGB=array([-1, -1, -1]), interpolate=True, lineColor=array([-1., -1.,  1.]), lineColorSpace='rgb', lineRGB=array([-1, -1,  1]), lineWidth=1.5, name='unnamed Rect', opacity=1, ori=0.0, pos=array([0., 0.]), size=array([400., 600.]), units='pix', vertices=ndarray(...), win=Window(...))
19.1604 	EXP 	Created unnamed Rect = Rect(__class__=<class 'psychopy.visual.rect.Rect'>, autoDraw=False, autoLog=True, closeShape=True, color=method-wrapper(...), colorSpace='rgb', contrast=None, depth=0, fillColor=array([-1, -1, -1]), fillColorSpace='rgb', fillRGB=array([-1, -1, -1]), interpolate=True, lineColor=array([-1., -1.,  1.]), lineColorSpace='rgb', lineRGB=array([-1, -1,  1]), lineWidth=1.5, name='unnamed Rect', opacity=1, ori=0.0, pos=array([0., 0.]), size=array([400., 600.]), units='pix', vertices=ndarray(...), win=Window(...))
19.1743 	DATA 	Keypress: left
19.1852 	EXP 	unnamed Rect: pos = array([183.09126083, -38.49967205])
19.1852 	EXP 	unnamed Rect: pos = array([59.75562083, 11.43969277])
19.1852 	EXP 	unnamed Rect: pos = array([59.75562083, 11.43969277])
19.2013 	EXP 	unnamed Rect: pos = array([59.75562083, 11.43969277])
19.2174 	EXP 	unnamed Rect: pos = array([59.75562083, 11.43969277])
19.2346 	EXP 	unnamed Rect: pos = array([59.75562083, 11.43969277])
19.2513 	EXP 	unnamed Rect: pos = array([59.75562083, 11.43969277])
19.2670 	EXP 	unnamed Rect: pos = array([59.75562083, 11.43969277])
19.2848 	EXP 	unnamed Rect: pos = array([59.75562083, 11.43969277])
19.3014 	EXP 	unnamed Rect: pos = array([59.75562083, 11.43969277])
19.3182 	EXP 	unnamed Rect: pos = array([59.75562083, 11.43969277])
19.3354 	EXP 	unnamed Rect: pos = array([59.75562083, 11.43969277])
19.3504 	EXP 	unnamed Rect: pos = array([59.75562083, 11.43969277])
19.3678 	EXP 	unnamed Rect: pos = array([59.75562083, 11.43969277])
19.3837 	EXP 	unnamed Rect: pos = array([59.75562083, 11.43969277])
19.4015 	EXP 	unnamed Rect: pos = array([59.75562083, 11.43969277])
19.4182 	EXP 	unnamed Rect: pos = array([59.75562083, 11.43969277])
19.4336 	EXP 	unnamed Rect: pos = array([59.75562083, 11.43969277])
19.4515 	EXP 	unnamed Rect: pos = array([59.75562083, 11.43969277])
19.4680 	EXP 	unnamed Rect: pos = array([59.75562083, 11.43969277])
19.4845 	EXP 	unnamed Rect: pos = array([59.75562083, 11.43969277])
19.5006 	EXP 	unnamed Rect: pos = array([59.75562083, 11.43969277])
19.5170 	EXP 	unnamed Rect: pos = array([59.75562083, 11.43969277])
19.5347 	EXP 	unnamed Rect: pos = array([59.75562083, 11.43969277])
19.5514 	EXP 	unnamed Rect: pos = array([59.75562083, 11.43969277])
19.5679 	EXP 	unnamed Rect: pos = array([59.75562083, 11.43969277])
19.5848 	EXP 	unnamed Rect: pos = array([59.75562083, 11.43969277])
19.6003 	EXP 	unnamed Rect: pos = array([59.75562083, 11.43969277])
19.6181 	EXP 	unnamed Rect: pos = array([59.75562083, 11.43969277])
19.6346 	EXP 	unnamed Rect: pos = array([59.75562083, 11.43969277])
19.6511 	EXP 	unnamed Rect: pos = array([59.75562083, 11.43969277])
19.6679 	EXP 	unnamed Rect: pos = array([59.75562083, 11.43969277])
19.6845 	EXP 	unnamed Rect: pos = array([59.75562083, 11.43969277])
19.7012 	EXP 	unnamed Rect: pos = array([59.75562083, 11.43969277])
19.7178 	EXP 	unnamed Rect: pos = array([59.75562083, 11.43969277])
19.7338 	EXP 	unnamed Rect: pos = array([59.75562083, 11.43969277])
19.7504 	EXP 	unnamed Rect: pos = array([59.75562083, 11.43969277])
19.7680 	EXP 	unnamed Rect: pos = array([59.75562083, 11.43969277])
19.7845 	EXP 	unnamed Rect: pos = array([59.75562083, 11.43969277])
19.8012 	EXP 	unnamed Rect: pos = array([59.75562083, 11.43969277])
19.8180 	EXP 	unnamed Rect: pos = array([59.75562083, 11.43969277])
19.8348 	EXP 	unnamed Rect: pos = array([59.75562083, 11.43969277])
19.8516 	EXP 	unnamed Rect: pos = array([59.75562083, 11.43969277])
19.8669 	EXP 	unnamed Rect: pos = array([59.75562083, 11.43969277])
19.8846 	EXP 	unnamed Rect: pos = array([59.75562083, 11.43969277])
19.9011 	EXP 	unnamed Rect: pos = array([59.75562083, 11.43969277])
19.9176 	EXP 	unnamed Rect: pos = array([59.75562083, 11.43969277])
19.9346 	EXP 	unnamed Rect: pos = array([59.75562083, 11.43969277])
19.9511 	EXP 	unnamed Rect: pos = array([59.75562083, 11.43969277])
19.9682 	EXP 	unnamed Rect: pos = array([59.75562083, 11.43969277])
19.9837 	EXP 	unnamed Rect: pos = array([59.75562083, 11.43969277])
20.0009 	EXP 	unnamed Rect: pos = array([59.75562083, 11.43969277])
20.0018 	DATA 	Keypress: up
20.0179 	EXP 	unnamed Rect: pos = array([59.75562083, 21.43969277])
20.0347 	EXP 	unnamed Rect: pos = array([59.75562083, 21.43969277])
20.0514 	EXP 	unnamed Rect: pos = array([59.75562083, 21.43969277])
20.0679 	EXP 	unnamed Rect: pos = array([59.75562083, 21.43969277])
20.0841 	EXP 	unnamed Rect: pos = array([59.75562083, 21.43969277])
20.1013 	EXP 	unnamed Rect: pos = array([59.75562083, 21.43969277])
20.1179 	EXP 	unnamed Rect: pos = array([59.75562083, 21.43969277])
20.1336 	EXP 	unnamed Rect: pos = array([59.75562083, 21.43969277])
20.1515 	EXP 	unnamed Rect: pos = array([59.75562083, 21.43969277])
20.1683 	EXP 	unnamed Rect: pos = array([59.75562083, 21.43969277])
20.1837 	EXP 	unnamed Rect: pos = array([59.75562083, 21.43969277])
20.2014 	EXP 	unnamed Rect: pos = array([59.75562083, 21.43969277])
20.2176 	EXP 	unnamed Rect: pos = array([59.75562083, 21.43969277])
20.2185 	DATA 	Keypress: up
20.2347 	EXP 	unnamed Rect: pos = array([59.75562083, 31.43969277])
20.2505 	EXP 	unnamed Rect: pos = array([59.75562083, 31.43969277])
20.2679 	EXP 	unnamed Rect: pos = array([59.75562083, 31.43969277])
20.2845 	EXP 	unnamed Rect: pos = array([59.75562083, 31.43969277])
20.3005 	EXP 	unnamed Rect: pos = array([59.75562083, 31.43969277])
20.3182 	EXP 	unnamed Rect: pos = array([59.75562083, 31.43969277])
20.3346 	EXP 	unnamed Rect: pos = array([59.75562083, 31.43969277])
20.3512 	EXP 	unnamed Rect: pos = array([59.75562083, 31.43969277])
20.3677 	EXP 	unnamed Rect: pos = array([59.75562083, 31.43969277])
20.3684 	DATA 	Keypress: up
20.3841 	EXP 	unnamed Rect: pos = array([59.75562083, 41.43969277])
20.4015 	EXP 	unnamed Rect: pos = array([59.75562083, 41.43969277])
20.4181 	EXP 	unnamed Rect: pos = array([59.75562083, 41.43969277])
20.4336 	EXP 	unnamed Rect: pos = array([59.75562083, 41.43969277])
20.4515 	EXP 	unnamed Rect: pos = array([59.75562083, 41.43969277])
20.4680 	EXP 	unnamed Rect: pos = array([59.75562083, 41.43969277])
20.4845 	EXP 	unnamed Rect: pos = array([59.75562083, 41.43969277])
20.5006 	EXP 	unnamed Rect: pos = array([59.75562083, 41.43969277])
20.5171 	EXP 	unnamed Rect: pos = array([59.75562083, 41.43969277])
20.5180 	DATA 	Keypress: right
20.5345 	EXP 	unnamed Rect: pos = array([69.75562083, 41.43969277])
20.5508 	EXP 	unnamed Rect: pos = array([69.75562083, 41.43969277])
20.5682 	EXP 	unnamed Rect: pos = array([69.75562083, 41.43969277])
20.5847 	EXP 	unnamed Rect: pos = array([69.75562083, 41.43969277])
20.6006 	EXP 	unnamed Rect: pos = array([69.75562083, 41.43969277])
20.6175 	EXP 	unnamed Rect: pos = array([69.75562083, 41.43969277])
20.6337 	EXP 	unnamed Rect: pos = array([69.75562083, 41.43969277])
20.6515 	EXP 	unnamed Rect: pos = array([69.75562083, 41.43969277])
20.6679 	EXP 	unnamed Rect: pos = array([69.75562083, 41.43969277])
20.6688 	DATA 	Keypress: right
20.6838 	EXP 	unnamed Rect: pos = array([79.75562083, 41.43969277])
20.7015 	EXP 	unnamed Rect: pos = array([79.75562083, 41.43969277])
20.7174 	EXP 	unnamed Rect: pos = array([79.75562083, 41.43969277])
20.7342 	EXP 	unnamed Rect: pos = array([79.75562083, 41.43969277])
20.7509 	EXP 	unnamed Rect: pos = array([79.75562083, 41.43969277])
20.7669 	EXP 	unnamed Rect: pos = array([79.75562083, 41.43969277])
20.7841 	EXP 	unnamed Rect: pos = array([79.75562083, 41.43969277])
20.8008 	EXP 	unnamed Rect: pos = array([79.75562083, 41.43969277])
20.8173 	EXP 	unnamed Rect: pos = array([79.75562083, 41.43969277])
20.8179 	DATA 	Keypress: right
20.8335 	EXP 	unnamed Rect: pos = array([89.75562083, 41.43969277])
20.8505 	EXP 	unnamed Rect: pos = array([89.75562083, 41.43969277])
20.8669 	EXP 	unnamed Rect: pos = array([89.75562083, 41.43969277])
20.8836 	EXP 	unnamed Rect: pos = array([89.75562083, 41.43969277])
20.9001 	EXP 	unnamed Rect: pos = array([89.75562083, 41.43969277])
20.9171 	EXP 	unnamed Rect: pos = array([89.75562083, 41.43969277])
20.9336 	EXP 	unnamed Rect: pos = array([89.75562083, 41.43969277])
20.9502 	EXP 	unnamed Rect: pos = array([89.75562083, 41.43969277])
20.9667 	EXP 	unnamed Rect: pos = array([89.75562083, 41.43969277])
20.9832 	EXP 	unnamed Rect: pos = array([89.75562083, 41.43969277])
20.9839 	DATA 	Keypress: down
21.0002 	EXP 	unnamed Rect: pos = array([89.75562083, 31.43969277])
21.0178 	EXP 	unnamed Rect: pos = array([89.75562083, 31.43969277])
21.0334 	EXP 	unnamed Rect: pos = array([89.75562083, 31.43969277])
21.0505 	EXP 	unnamed Rect: pos = array([89.75562083, 31.43969277])
21.0667 	EXP 	unnamed Rect: pos = array([89.75562083, 31.43969277])
21.0840 	EXP 	unnamed Rect: pos = array([89.75562083, 31.43969277])
21.1003 	EXP 	unnamed Rect: pos = array([89.75562083, 31.43969277])
21.1171 	EXP 	unnamed Rect: pos = array([89.75562083, 31.43969277])
21.1336 	EXP 	unnamed Rect: pos = array([89.75562083, 31.43969277])
21.1505 	EXP 	unnamed Rect: pos = array([89.75562083, 31.43969277])
21.1667 	EXP 	unnamed Rect: pos = array([89.75562083, 31.43969277])
21.1674 	DATA 	Keypress: down
21.1836 	EXP 	unnamed Rect: pos = array([89.75562083, 21.43969277])
21.2007 	EXP 	unnamed Rect: pos = array([89.75562083, 21.43969277])
21.2170 	EXP 	unnamed Rect: pos = array([89.75562083, 21.43969277])
21.2335 	EXP 	unnamed Rect: pos = array([89.75562083, 21.43969277])
21.2501 	EXP 	unnamed Rect: pos = array([89.75562083, 21.43969277])
21.2666 	EXP 	unnamed Rect: pos = array([89.75562083, 21.43969277])
21.2832 	EXP 	unnamed Rect: pos = array([89.75562083, 21.43969277])
21.3002 	EXP 	unnamed Rect: pos = array([89.75562083, 21.43969277])
21.3169 	EXP 	unnamed Rect: pos = array([89.75562083, 21.43969277])
21.3219 	DATA 	Keypress: down
21.3332 	EXP 	unnamed Rect: pos = array([89.75562083, 21.43969277])
21.3502 	EXP 	unnamed Rect: pos = array([89.75562083, 11.43969277])
21.3670 	EXP 	unnamed Rect: pos = array([89.75562083, 11.43969277])
21.3835 	EXP 	unnamed Rect: pos = array([89.75562083, 11.43969277])
21.4003 	EXP 	unnamed Rect: pos = array([89.75562083, 11.43969277])
21.4170 	EXP 	unnamed Rect: pos = array([89.75562083, 11.43969277])
21.4334 	EXP 	unnamed Rect: pos = array([89.75562083, 11.43969277])
21.4503 	EXP 	unnamed Rect: pos = array([89.75562083, 11.43969277])
21.4670 	EXP 	unnamed Rect: pos = array([89.75562083, 11.43969277])
21.4837 	EXP 	unnamed Rect: pos = array([89.75562083, 11.43969277])
21.4844 	DATA 	Keypress: down
21.5001 	EXP 	unnamed Rect: pos = array([89.75562083,  1.43969277])
21.5167 	EXP 	unnamed Rect: pos = array([89.75562083,  1.43969277])
21.5337 	EXP 	unnamed Rect: pos = array([89.75562083,  1.43969277])
21.5504 	EXP 	unnamed Rect: pos = array([89.75562083,  1.43969277])
21.5669 	EXP 	unnamed Rect: pos = array([89.75562083,  1.43969277])
21.5833 	EXP 	unnamed Rect: pos = array([89.75562083,  1.43969277])
21.6002 	EXP 	unnamed Rect: pos = array([89.75562083,  1.43969277])
21.6169 	EXP 	unnamed Rect: pos = array([89.75562083,  1.43969277])
21.6338 	EXP 	unnamed Rect: pos = array([89.75562083,  1.43969277])
21.6354 	DATA 	Keypress: left
21.6503 	EXP 	unnamed Rect: pos = array([79.75562083,  1.43969277])
21.6671 	EXP 	unnamed Rect: pos = array([79.75562083,  1.43969277])
21.6837 	EXP 	unnamed Rect: pos = array([79.75562083,  1.43969277])
21.7002 	EXP 	unnamed Rect: pos = array([79.75562083,  1.43969277])
21.7169 	EXP 	unnamed Rect: pos = array([79.75562083,  1.43969277])
21.7339 	EXP 	unnamed Rect: pos = array([79.75562083,  1.43969277])
21.7504 	EXP 	unnamed Rect: pos = array([79.75562083,  1.43969277])
21.7674 	EXP 	unnamed Rect: pos = array([79.75562083,  1.43969277])
21.7839 	EXP 	unnamed Rect: pos = array([79.75562083,  1.43969277])
21.8006 	EXP 	unnamed Rect: pos = array([79.75562083,  1.43969277])
21.8014 	DATA 	Keypress: left
21.8180 	EXP 	unnamed Rect: pos = array([69.75562083,  1.43969277])
21.8332 	EXP 	unnamed Rect: pos = array([69.75562083,  1.43969277])
21.8510 	EXP 	unnamed Rect: pos = array([69.75562083,  1.43969277])
21.8668 	EXP 	unnamed Rect: pos = array([69.75562083,  1.43969277])
21.8833 	EXP 	unnamed Rect: pos = array([69.75562083,  1.43969277])
21.9001 	EXP 	unnamed Rect: pos = array([69.75562083,  1.43969277])
21.9170 	EXP 	unnamed Rect: pos = array([69.75562083,  1.43969277])
21.9333 	EXP 	unnamed Rect: pos = array([69.75562083,  1.43969277])
21.9505 	EXP 	unnamed Rect: pos = array([69.75562083,  1.43969277])
21.9530 	DATA 	Keypress: left
21.9671 	EXP 	unnamed Rect: pos = array([69.75562083,  1.43969277])
21.9834 	EXP 	unnamed Rect: pos = array([59.75562083,  1.43969277])
22.0001 	EXP 	unnamed Rect: pos = array([59.75562083,  1.43969277])
22.0169 	EXP 	unnamed Rect: pos = array([59.75562083,  1.43969277])
22.0334 	EXP 	unnamed Rect: pos = array([59.75562083,  1.43969277])
22.0503 	EXP 	unnamed Rect: pos = array([59.75562083,  1.43969277])
22.0670 	EXP 	unnamed Rect: pos = array([59.75562083,  1.43969277])
22.0836 	EXP 	unnamed Rect: pos = array([59.75562083,  1.43969277])
22.1002 	EXP 	unnamed Rect: pos = array([59.75562083,  1.43969277])
22.1171 	EXP 	unnamed Rect: pos = array([59.75562083,  1.43969277])
22.1339 	EXP 	unnamed Rect: pos = array([59.75562083,  1.43969277])
22.1354 	DATA 	Keypress: left
22.1501 	EXP 	unnamed Rect: pos = array([49.75562083,  1.43969277])
22.1669 	EXP 	unnamed Rect: pos = array([49.75562083,  1.43969277])
22.1835 	EXP 	unnamed Rect: pos = array([49.75562083,  1.43969277])
22.2002 	EXP 	unnamed Rect: pos = array([49.75562083,  1.43969277])
22.2167 	EXP 	unnamed Rect: pos = array([49.75562083,  1.43969277])
22.2336 	EXP 	unnamed Rect: pos = array([49.75562083,  1.43969277])
22.2501 	EXP 	unnamed Rect: pos = array([49.75562083,  1.43969277])
22.2673 	EXP 	unnamed Rect: pos = array([49.75562083,  1.43969277])
22.2837 	EXP 	unnamed Rect: pos = array([49.75562083,  1.43969277])
22.2861 	DATA 	Keypress: left
22.3005 	EXP 	unnamed Rect: pos = array([49.75562083,  1.43969277])
22.3171 	EXP 	unnamed Rect: pos = array([39.75562083,  1.43969277])
22.3336 	EXP 	unnamed Rect: pos = array([39.75562083,  1.43969277])
22.3503 	EXP 	unnamed Rect: pos = array([39.75562083,  1.43969277])
22.3670 	EXP 	unnamed Rect: pos = array([39.75562083,  1.43969277])
22.3835 	EXP 	unnamed Rect: pos = array([39.75562083,  1.43969277])
22.4001 	EXP 	unnamed Rect: pos = array([39.75562083,  1.43969277])
22.4172 	EXP 	unnamed Rect: pos = array([39.75562083,  1.43969277])
22.4340 	EXP 	unnamed Rect: pos = array([39.75562083,  1.43969277])
22.4502 	EXP 	unnamed Rect: pos = array([39.75562083,  1.43969277])
22.4508 	DATA 	Keypress: left
22.4669 	EXP 	unnamed Rect: pos = array([29.75562083,  1.43969277])
22.4837 	EXP 	unnamed Rect: pos = array([29.75562083,  1.43969277])
22.5005 	EXP 	unnamed Rect: pos = array([29.75562083,  1.43969277])
22.5167 	EXP 	unnamed Rect: pos = array([29.75562083,  1.43969277])
22.5332 	EXP 	unnamed Rect: pos = array([29.75562083,  1.43969277])
22.5500 	EXP 	unnamed Rect: pos = array([29.75562083,  1.43969277])
22.5673 	EXP 	unnamed Rect: pos = array([29.75562083,  1.43969277])
22.5836 	EXP 	unnamed Rect: pos = array([29.75562083,  1.43969277])
22.6004 	EXP 	unnamed Rect: pos = array([29.75562083,  1.43969277])
22.6027 	DATA 	Keypress: down
22.6169 	EXP 	unnamed Rect: pos = array([29.75562083,  1.43969277])
22.6337 	EXP 	unnamed Rect: pos = array([29.75562083, -8.56030723])
22.6504 	EXP 	unnamed Rect: pos = array([29.75562083, -8.56030723])
22.6672 	EXP 	unnamed Rect: pos = array([29.75562083, -8.56030723])
22.6836 	EXP 	unnamed Rect: pos = array([29.75562083, -8.56030723])
22.7007 	EXP 	unnamed Rect: pos = array([29.75562083, -8.56030723])
22.7167 	EXP 	unnamed Rect: pos = array([29.75562083, -8.56030723])
22.7334 	EXP 	unnamed Rect: pos = array([29.75562083, -8.56030723])
22.7502 	EXP 	unnamed Rect: pos = array([29.75562083, -8.56030723])
22.7668 	EXP 	unnamed Rect: pos = array([29.75562083, -8.56030723])
22.7837 	EXP 	unnamed Rect: pos = array([29.75562083, -8.56030723])
22.7853 	DATA 	Keypress: down
22.8004 	EXP 	unnamed Rect: pos = array([ 29.75562083, -18.56030723])
22.8170 	EXP 	unnamed Rect: pos = array([ 29.75562083, -18.56030723])
22.8340 	EXP 	unnamed Rect: pos = array([ 29.75562083, -18.56030723])
22.8504 	EXP 	unnamed Rect: pos = array([ 29.75562083, -18.56030723])
22.8669 	EXP 	unnamed Rect: pos = array([ 29.75562083, -18.56030723])
22.8837 	EXP 	unnamed Rect: pos = array([ 29.75562083, -18.56030723])
22.9003 	EXP 	unnamed Rect: pos = array([ 29.75562083, -18.56030723])
22.9166 	EXP 	unnamed Rect: pos = array([ 29.75562083, -18.56030723])
22.9333 	EXP 	unnamed Rect: pos = array([ 29.75562083, -18.56030723])
22.9504 	EXP 	unnamed Rect: pos = array([ 29.75562083, -18.56030723])
22.9671 	EXP 	unnamed Rect: pos = array([ 29.75562083, -18.56030723])
22.9679 	DATA 	Keypress: down
22.9834 	EXP 	unnamed Rect: pos = array([ 29.75562083, -28.56030723])
22.9998 	EXP 	unnamed Rect: pos = array([ 29.75562083, -28.56030723])
23.0170 	EXP 	unnamed Rect: pos = array([ 29.75562083, -28.56030723])
23.0336 	EXP 	unnamed Rect: pos = array([ 29.75562083, -28.56030723])
23.0501 	EXP 	unnamed Rect: pos = array([ 29.75562083, -28.56030723])
23.0668 	EXP 	unnamed Rect: pos = array([ 29.75562083, -28.56030723])
23.0836 	EXP 	unnamed Rect: pos = array([ 29.75562083, -28.56030723])
23.1000 	EXP 	unnamed Rect: pos = array([ 29.75562083, -28.56030723])
23.1165 	EXP 	unnamed Rect: pos = array([ 29.75562083, -28.56030723])
23.1338 	EXP 	unnamed Rect: pos = array([ 29.75562083, -28.56030723])
23.1345 	DATA 	Keypress: left
23.1506 	EXP 	unnamed Rect: pos = array([ 19.75562083, -28.56030723])
23.1673 	EXP 	unnamed Rect: pos = array([ 19.75562083, -28.56030723])
23.1837 	EXP 	unnamed Rect: pos = array([ 19.75562083, -28.56030723])
23.2006 	EXP 	unnamed Rect: pos = array([ 19.75562083, -28.56030723])
23.2172 	EXP 	unnamed Rect: pos = array([ 19.75562083, -28.56030723])
23.2334 	EXP 	unnamed Rect: pos = array([ 19.75562083, -28.56030723])
23.2503 	EXP 	unnamed Rect: pos = array([ 19.75562083, -28.56030723])
23.2670 	EXP 	unnamed Rect: pos = array([ 19.75562083, -28.56030723])
23.2836 	EXP 	unnamed Rect: pos = array([ 19.75562083, -28.56030723])
23.3003 	EXP 	unnamed Rect: pos = array([ 19.75562083, -28.56030723])
23.3171 	EXP 	unnamed Rect: pos = array([ 19.75562083, -28.56030723])
23.3337 	EXP 	unnamed Rect: pos = array([ 19.75562083, -28.56030723])
23.3344 	DATA 	Keypress: left
23.3504 	EXP 	unnamed Rect: pos = array([  9.75562083, -28.56030723])
23.3670 	EXP 	unnamed Rect: pos = array([  9.75562083, -28.56030723])
23.3834 	EXP 	unnamed Rect: pos = array([  9.75562083, -28.56030723])
23.4001 	EXP 	unnamed Rect: pos = array([  9.75562083, -28.56030723])
23.4168 	EXP 	unnamed Rect: pos = array([  9.75562083, -28.56030723])
23.4336 	EXP 	unnamed Rect: pos = array([  9.75562083, -28.56030723])
23.4502 	EXP 	unnamed Rect: pos = array([  9.75562083, -28.56030723])
23.4668 	EXP 	unnamed Rect: pos = array([  9.75562083, -28.56030723])
23.4836 	EXP 	unnamed Rect: pos = array([  9.75562083, -28.56030723])
23.4843 	DATA 	Keypress: left
23.5001 	EXP 	unnamed Rect: pos = array([ -0.24437917, -28.56030723])
23.5168 	EXP 	unnamed Rect: pos = array([ -0.24437917, -28.56030723])
23.5334 	EXP 	unnamed Rect: pos = array([ -0.24437917, -28.56030723])
23.5502 	EXP 	unnamed Rect: pos = array([ -0.24437917, -28.56030723])
23.5668 	EXP 	unnamed Rect: pos = array([ -0.24437917, -28.56030723])
23.5833 	EXP 	unnamed Rect: pos = array([ -0.24437917, -28.56030723])
23.5999 	EXP 	unnamed Rect: pos = array([ -0.24437917, -28.56030723])
23.6168 	EXP 	unnamed Rect: pos = array([ -0.24437917, -28.56030723])
23.6332 	EXP 	unnamed Rect: pos = array([ -0.24437917, -28.56030723])
23.6503 	EXP 	unnamed Rect: pos = array([ -0.24437917, -28.56030723])
23.6510 	DATA 	Keypress: left
23.6673 	EXP 	unnamed Rect: pos = array([-10.24437917, -28.56030723])
23.6835 	EXP 	unnamed Rect: pos = array([-10.24437917, -28.56030723])
23.7003 	EXP 	unnamed Rect: pos = array([-10.24437917, -28.56030723])
23.7170 	EXP 	unnamed Rect: pos = array([-10.24437917, -28.56030723])
23.7335 	EXP 	unnamed Rect: pos = array([-10.24437917, -28.56030723])
23.7505 	EXP 	unnamed Rect: pos = array([-10.24437917, -28.56030723])
23.7668 	EXP 	unnamed Rect: pos = array([-10.24437917, -28.56030723])
23.7836 	EXP 	unnamed Rect: pos = array([-10.24437917, -28.56030723])
23.8001 	EXP 	unnamed Rect: pos = array([-10.24437917, -28.56030723])
23.8168 	EXP 	unnamed Rect: pos = array([-10.24437917, -28.56030723])
23.8337 	EXP 	unnamed Rect: pos = array([-10.24437917, -28.56030723])
23.8345 	DATA 	Keypress: left
23.8505 	EXP 	unnamed Rect: pos = array([-20.24437917, -28.56030723])
23.8672 	EXP 	unnamed Rect: pos = array([-20.24437917, -28.56030723])
23.8835 	EXP 	unnamed Rect: pos = array([-20.24437917, -28.56030723])
23.9003 	EXP 	unnamed Rect: pos = array([-20.24437917, -28.56030723])
23.9168 	EXP 	unnamed Rect: pos = array([-20.24437917, -28.56030723])
23.9340 	EXP 	unnamed Rect: pos = array([-20.24437917, -28.56030723])
23.9501 	EXP 	unnamed Rect: pos = array([-20.24437917, -28.56030723])
23.9670 	EXP 	unnamed Rect: pos = array([-20.24437917, -28.56030723])
23.9836 	EXP 	unnamed Rect: pos = array([-20.24437917, -28.56030723])
24.0002 	EXP 	unnamed Rect: pos = array([-20.24437917, -28.56030723])
24.0011 	DATA 	Keypress: left
24.0168 	EXP 	unnamed Rect: pos = array([-30.24437917, -28.56030723])
24.0335 	EXP 	unnamed Rect: pos = array([-30.24437917, -28.56030723])
24.0501 	EXP 	unnamed Rect: pos = array([-30.24437917, -28.56030723])
24.0669 	EXP 	unnamed Rect: pos = array([-30.24437917, -28.56030723])
24.0834 	EXP 	unnamed Rect: pos = array([-30.24437917, -28.56030723])
24.1003 	EXP 	unnamed Rect: pos = array([-30.24437917, -28.56030723])
24.1174 	EXP 	unnamed Rect: pos = array([-30.24437917, -28.56030723])
24.1336 	EXP 	unnamed Rect: pos = array([-30.24437917, -28.56030723])
24.1500 	EXP 	unnamed Rect: pos = array([-30.24437917, -28.56030723])
24.1669 	EXP 	unnamed Rect: pos = array([-30.24437917, -28.56030723])
24.1834 	EXP 	unnamed Rect: pos = array([-30.24437917, -28.56030723])
24.1841 	DATA 	Keypress: left
24.1998 	EXP 	unnamed Rect: pos = array([-40.24437917, -28.56030723])
24.2164 	EXP 	unnamed Rect: pos = array([-40.24437917, -28.56030723])
24.2334 	EXP 	unnamed Rect: pos = array([-40.24437917, -28.56030723])
24.2500 	EXP 	unnamed Rect: pos = array([-40.24437917, -28.56030723])
24.2663 	EXP 	unnamed Rect: pos = array([-40.24437917, -28.56030723])
24.2832 	EXP 	unnamed Rect: pos = array([-40.24437917, -28.56030723])
24.3003 	EXP 	unnamed Rect: pos = array([-40.24437917, -28.56030723])
24.3170 	EXP 	unnamed Rect: pos = array([-40.24437917, -28.56030723])
24.3336 	EXP 	unnamed Rect: pos = array([-40.24437917, -28.56030723])
24.3344 	DATA 	Keypress: left
24.3502 	EXP 	unnamed Rect: pos = array([-50.24437917, -28.56030723])
24.3669 	EXP 	unnamed Rect: pos = array([-50.24437917, -28.56030723])
24.3835 	EXP 	unnamed Rect: pos = array([-50.24437917, -28.56030723])
24.4004 	EXP 	unnamed Rect: pos = array([-50.24437917, -28.56030723])
24.4210 	EXP 	unnamed Rect: pos = array([-50.24437917, -28.56030723])
24.4330 	EXP 	unnamed Rect: pos = array([-50.24437917, -28.56030723])
24.4500 	EXP 	unnamed Rect: pos = array([-50.24437917, -28.56030723])
24.4667 	EXP 	unnamed Rect: pos = array([-50.24437917, -28.56030723])
24.4834 	EXP 	unnamed Rect: pos = array([-50.24437917, -28.56030723])
24.5004 	EXP 	unnamed Rect: pos = array([-50.24437917, -28.56030723])
24.5170 	EXP 	unnamed Rect: pos = array([-50.24437917, -28.56030723])
24.5199 	DATA 	Keypress: up
24.5333 	EXP 	unnamed Rect: pos = array([-50.24437917, -28.56030723])
24.5498 	EXP 	unnamed Rect: pos = array([-50.24437917, -18.56030723])
24.5667 	EXP 	unnamed Rect: pos = array([-50.24437917, -18.56030723])
24.5834 	EXP 	unnamed Rect: pos = array([-50.24437917, -18.56030723])
24.5999 	EXP 	unnamed Rect: pos = array([-50.24437917, -18.56030723])
24.6167 	EXP 	unnamed Rect: pos = array([-50.24437917, -18.56030723])
24.6338 	EXP 	unnamed Rect: pos = array([-50.24437917, -18.56030723])
24.6505 	EXP 	unnamed Rect: pos = array([-50.24437917, -18.56030723])
24.6667 	EXP 	unnamed Rect: pos = array([-50.24437917, -18.56030723])
24.6835 	EXP 	unnamed Rect: pos = array([-50.24437917, -18.56030723])
24.7002 	EXP 	unnamed Rect: pos = array([-50.24437917, -18.56030723])
24.7172 	EXP 	unnamed Rect: pos = array([-50.24437917, -18.56030723])
24.7180 	DATA 	Keypress: up
24.7334 	EXP 	unnamed Rect: pos = array([-50.24437917,  -8.56030723])
24.7503 	EXP 	unnamed Rect: pos = array([-50.24437917,  -8.56030723])
24.7672 	EXP 	unnamed Rect: pos = array([-50.24437917,  -8.56030723])
24.7834 	EXP 	unnamed Rect: pos = array([-50.24437917,  -8.56030723])
24.8000 	EXP 	unnamed Rect: pos = array([-50.24437917,  -8.56030723])
24.8171 	EXP 	unnamed Rect: pos = array([-50.24437917,  -8.56030723])
24.8335 	EXP 	unnamed Rect: pos = array([-50.24437917,  -8.56030723])
24.8504 	EXP 	unnamed Rect: pos = array([-50.24437917,  -8.56030723])
24.8668 	EXP 	unnamed Rect: pos = array([-50.24437917,  -8.56030723])
24.8675 	DATA 	Keypress: up
24.8840 	EXP 	unnamed Rect: pos = array([-50.24437917,   1.43969277])
24.9001 	EXP 	unnamed Rect: pos = array([-50.24437917,   1.43969277])
24.9167 	EXP 	unnamed Rect: pos = array([-50.24437917,   1.43969277])
24.9337 	EXP 	unnamed Rect: pos = array([-50.24437917,   1.43969277])
24.9501 	EXP 	unnamed Rect: pos = array([-50.24437917,   1.43969277])
24.9666 	EXP 	unnamed Rect: pos = array([-50.24437917,   1.43969277])
24.9831 	EXP 	unnamed Rect: pos = array([-50.24437917,   1.43969277])
25.0003 	EXP 	unnamed Rect: pos = array([-50.24437917,   1.43969277])
25.0168 	EXP 	unnamed Rect: pos = array([-50.24437917,   1.43969277])
25.0175 	DATA 	Keypress: left
25.0332 	EXP 	unnamed Rect: pos = array([-60.24437917,   1.43969277])
25.0500 	EXP 	unnamed Rect: pos = array([-60.24437917,   1.43969277])
25.0670 	EXP 	unnamed Rect: pos = array([-60.24437917,   1.43969277])
25.0829 	EXP 	unnamed Rect: pos = array([-60.24437917,   1.43969277])
25.1003 	EXP 	unnamed Rect: pos = array([-60.24437917,   1.43969277])
25.1170 	EXP 	unnamed Rect: pos = array([-60.24437917,   1.43969277])
25.1333 	EXP 	unnamed Rect: pos = array([-60.24437917,   1.43969277])
25.1498 	EXP 	unnamed Rect: pos = array([-60.24437917,   1.43969277])
25.1670 	EXP 	unnamed Rect: pos = array([-60.24437917,   1.43969277])
25.1839 	EXP 	unnamed Rect: pos = array([-60.24437917,   1.43969277])
25.2002 	EXP 	unnamed Rect: pos = array([-60.24437917,   1.43969277])
25.2009 	DATA 	Keypress: left
25.2168 	EXP 	unnamed Rect: pos = array([-70.24437917,   1.43969277])
25.2338 	EXP 	unnamed Rect: pos = array([-70.24437917,   1.43969277])
25.2502 	EXP 	unnamed Rect: pos = array([-70.24437917,   1.43969277])
25.2668 	EXP 	unnamed Rect: pos = array([-70.24437917,   1.43969277])
25.2837 	EXP 	unnamed Rect: pos = array([-70.24437917,   1.43969277])
25.3001 	EXP 	unnamed Rect: pos = array([-70.24437917,   1.43969277])
25.3168 	EXP 	unnamed Rect: pos = array([-70.24437917,   1.43969277])
25.3334 	EXP 	unnamed Rect: pos = array([-70.24437917,   1.43969277])
25.3502 	EXP 	unnamed Rect: pos = array([-70.24437917,   1.43969277])
25.3667 	EXP 	unnamed Rect: pos = array([-70.24437917,   1.43969277])
25.3836 	EXP 	unnamed Rect: pos = array([-70.24437917,   1.43969277])
25.3844 	DATA 	Keypress: up
25.4001 	EXP 	unnamed Rect: pos = array([-70.24437917,  11.43969277])
25.4168 	EXP 	unnamed Rect: pos = array([-70.24437917,  11.43969277])
25.4333 	EXP 	unnamed Rect: pos = array([-70.24437917,  11.43969277])
25.4499 	EXP 	unnamed Rect: pos = array([-70.24437917,  11.43969277])
25.4665 	EXP 	unnamed Rect: pos = array([-70.24437917,  11.43969277])
25.4834 	EXP 	unnamed Rect: pos = array([-70.24437917,  11.43969277])
25.4999 	EXP 	unnamed Rect: pos = array([-70.24437917,  11.43969277])
25.5166 	EXP 	unnamed Rect: pos = array([-70.24437917,  11.43969277])
25.5338 	EXP 	unnamed Rect: pos = array([-70.24437917,  11.43969277])
25.5503 	EXP 	unnamed Rect: pos = array([-70.24437917,  11.43969277])
25.5510 	DATA 	Keypress: up
25.5665 	EXP 	unnamed Rect: pos = array([-70.24437917,  21.43969277])
25.5834 	EXP 	unnamed Rect: pos = array([-70.24437917,  21.43969277])
25.6003 	EXP 	unnamed Rect: pos = array([-70.24437917,  21.43969277])
25.6166 	EXP 	unnamed Rect: pos = array([-70.24437917,  21.43969277])
25.6333 	EXP 	unnamed Rect: pos = array([-70.24437917,  21.43969277])
25.6502 	EXP 	unnamed Rect: pos = array([-70.24437917,  21.43969277])
25.6670 	EXP 	unnamed Rect: pos = array([-70.24437917,  21.43969277])
25.6838 	EXP 	unnamed Rect: pos = array([-70.24437917,  21.43969277])
25.6846 	DATA 	Keypress: left
25.7001 	EXP 	unnamed Rect: pos = array([-80.24437917,  21.43969277])
25.7168 	EXP 	unnamed Rect: pos = array([-80.24437917,  21.43969277])
25.7336 	EXP 	unnamed Rect: pos = array([-80.24437917,  21.43969277])
25.7500 	EXP 	unnamed Rect: pos = array([-80.24437917,  21.43969277])
25.7668 	EXP 	unnamed Rect: pos = array([-80.24437917,  21.43969277])
25.7833 	EXP 	unnamed Rect: pos = array([-80.24437917,  21.43969277])
25.8002 	EXP 	unnamed Rect: pos = array([-80.24437917,  21.43969277])
25.8167 	EXP 	unnamed Rect: pos = array([-80.24437917,  21.43969277])
25.8333 	EXP 	unnamed Rect: pos = array([-80.24437917,  21.43969277])
25.8500 	EXP 	unnamed Rect: pos = array([-80.24437917,  21.43969277])
25.8508 	DATA 	Keypress: left
25.8678 	EXP 	unnamed Rect: pos = array([-90.24437917,  21.43969277])
25.8837 	EXP 	unnamed Rect: pos = array([-90.24437917,  21.43969277])
25.9004 	EXP 	unnamed Rect: pos = array([-90.24437917,  21.43969277])
25.9169 	EXP 	unnamed Rect: pos = array([-90.24437917,  21.43969277])
25.9334 	EXP 	unnamed Rect: pos = array([-90.24437917,  21.43969277])
25.9502 	EXP 	unnamed Rect: pos = array([-90.24437917,  21.43969277])
25.9670 	EXP 	unnamed Rect: pos = array([-90.24437917,  21.43969277])
25.9834 	EXP 	unnamed Rect: pos = array([-90.24437917,  21.43969277])
26.0000 	EXP 	unnamed Rect: pos = array([-90.24437917,  21.43969277])
26.0164 	EXP 	unnamed Rect: pos = array([-90.24437917,  21.43969277])
26.0172 	DATA 	Keypress: left
26.0334 	EXP 	unnamed Rect: pos = array([-100.24437917,   21.43969277])
26.0499 	EXP 	unnamed Rect: pos = array([-100.24437917,   21.43969277])
26.0667 	EXP 	unnamed Rect: pos = array([-100.24437917,   21.43969277])
26.0836 	EXP 	unnamed Rect: pos = array([-100.24437917,   21.43969277])
26.1000 	EXP 	unnamed Rect: pos = array([-100.24437917,   21.43969277])
26.1166 	EXP 	unnamed Rect: pos = array([-100.24437917,   21.43969277])
26.1331 	EXP 	unnamed Rect: pos = array([-100.24437917,   21.43969277])
26.1502 	EXP 	unnamed Rect: pos = array([-100.24437917,   21.43969277])
26.1509 	DATA 	Keypress: up
26.1666 	EXP 	unnamed Rect: pos = array([-100.24437917,   31.43969277])
26.1831 	EXP 	unnamed Rect: pos = array([-100.24437917,   31.43969277])
26.2000 	EXP 	unnamed Rect: pos = array([-100.24437917,   31.43969277])
26.2167 	EXP 	unnamed Rect: pos = array([-100.24437917,   31.43969277])
26.2335 	EXP 	unnamed Rect: pos = array([-100.24437917,   31.43969277])
26.2500 	EXP 	unnamed Rect: pos = array([-100.24437917,   31.43969277])
26.2670 	EXP 	unnamed Rect: pos = array([-100.24437917,   31.43969277])
26.2835 	EXP 	unnamed Rect: pos = array([-100.24437917,   31.43969277])
26.3003 	EXP 	unnamed Rect: pos = array([-100.24437917,   31.43969277])
26.3029 	DATA 	Keypress: up
26.3168 	EXP 	unnamed Rect: pos = array([-100.24437917,   31.43969277])
26.3337 	EXP 	unnamed Rect: pos = array([-100.24437917,   41.43969277])
26.3502 	EXP 	unnamed Rect: pos = array([-100.24437917,   41.43969277])
26.3668 	EXP 	unnamed Rect: pos = array([-100.24437917,   41.43969277])
26.3835 	EXP 	unnamed Rect: pos = array([-100.24437917,   41.43969277])
26.4001 	EXP 	unnamed Rect: pos = array([-100.24437917,   41.43969277])
26.4166 	EXP 	unnamed Rect: pos = array([-100.24437917,   41.43969277])
26.4333 	EXP 	unnamed Rect: pos = array([-100.24437917,   41.43969277])
26.4504 	EXP 	unnamed Rect: pos = array([-100.24437917,   41.43969277])
26.4665 	EXP 	unnamed Rect: pos = array([-100.24437917,   41.43969277])
26.4830 	EXP 	unnamed Rect: pos = array([-100.24437917,   41.43969277])
26.4837 	DATA 	Keypress: up
26.4996 	EXP 	unnamed Rect: pos = array([-100.24437917,   51.43969277])
26.5166 	EXP 	unnamed Rect: pos = array([-100.24437917,   51.43969277])
26.5332 	EXP 	unnamed Rect: pos = array([-100.24437917,   51.43969277])
26.5498 	EXP 	unnamed Rect: pos = array([-100.24437917,   51.43969277])
26.5666 	EXP 	unnamed Rect: pos = array([-100.24437917,   51.43969277])
26.5832 	EXP 	unnamed Rect: pos = array([-100.24437917,   51.43969277])
26.5995 	EXP 	unnamed Rect: pos = array([-100.24437917,   51.43969277])
26.6166 	EXP 	unnamed Rect: pos = array([-100.24437917,   51.43969277])
26.6332 	EXP 	unnamed Rect: pos = array([-100.24437917,   51.43969277])
26.6340 	DATA 	Keypress: up
26.6498 	EXP 	unnamed Rect: pos = array([-100.24437917,   61.43969277])
26.6661 	EXP 	unnamed Rect: pos = array([-100.24437917,   61.43969277])
26.6827 	EXP 	unnamed Rect: pos = array([-100.24437917,   61.43969277])
26.6998 	EXP 	unnamed Rect: pos = array([-100.24437917,   61.43969277])
26.7162 	EXP 	unnamed Rect: pos = array([-100.24437917,   61.43969277])
26.7330 	EXP 	unnamed Rect: pos = array([-100.24437917,   61.43969277])
26.7493 	EXP 	unnamed Rect: pos = array([-100.24437917,   61.43969277])
26.7664 	EXP 	unnamed Rect: pos = array([-100.24437917,   61.43969277])
26.7832 	EXP 	unnamed Rect: pos = array([-100.24437917,   61.43969277])
26.7861 	DATA 	Keypress: up
26.7998 	EXP 	unnamed Rect: pos = array([-100.24437917,   61.43969277])
26.8164 	EXP 	unnamed Rect: pos = array([-100.24437917,   71.43969277])
26.8335 	EXP 	unnamed Rect: pos = array([-100.24437917,   71.43969277])
26.8498 	EXP 	unnamed Rect: pos = array([-100.24437917,   71.43969277])
26.8667 	EXP 	unnamed Rect: pos = array([-100.24437917,   71.43969277])
26.8830 	EXP 	unnamed Rect: pos = array([-100.24437917,   71.43969277])
26.8999 	EXP 	unnamed Rect: pos = array([-100.24437917,   71.43969277])
26.9167 	EXP 	unnamed Rect: pos = array([-100.24437917,   71.43969277])
26.9331 	EXP 	unnamed Rect: pos = array([-100.24437917,   71.43969277])
26.9497 	EXP 	unnamed Rect: pos = array([-100.24437917,   71.43969277])
26.9505 	DATA 	Keypress: up
26.9665 	EXP 	unnamed Rect: pos = array([-100.24437917,   81.43969277])
26.9832 	EXP 	unnamed Rect: pos = array([-100.24437917,   81.43969277])
26.9998 	EXP 	unnamed Rect: pos = array([-100.24437917,   81.43969277])
27.0166 	EXP 	unnamed Rect: pos = array([-100.24437917,   81.43969277])
27.0330 	EXP 	unnamed Rect: pos = array([-100.24437917,   81.43969277])
27.0499 	EXP 	unnamed Rect: pos = array([-100.24437917,   81.43969277])
27.0668 	EXP 	unnamed Rect: pos = array([-100.24437917,   81.43969277])
27.0833 	EXP 	unnamed Rect: pos = array([-100.24437917,   81.43969277])
27.1005 	EXP 	unnamed Rect: pos = array([-100.24437917,   81.43969277])
27.1165 	EXP 	unnamed Rect: pos = array([-100.24437917,   81.43969277])
27.1173 	DATA 	Keypress: up
27.1330 	EXP 	unnamed Rect: pos = array([-100.24437917,   91.43969277])
27.1497 	EXP 	unnamed Rect: pos = array([-100.24437917,   91.43969277])
27.1662 	EXP 	unnamed Rect: pos = array([-100.24437917,   91.43969277])
27.1831 	EXP 	unnamed Rect: pos = array([-100.24437917,   91.43969277])
27.1997 	EXP 	unnamed Rect: pos = array([-100.24437917,   91.43969277])
27.2161 	EXP 	unnamed Rect: pos = array([-100.24437917,   91.43969277])
27.2329 	EXP 	unnamed Rect: pos = array([-100.24437917,   91.43969277])
27.2498 	EXP 	unnamed Rect: pos = array([-100.24437917,   91.43969277])
27.2664 	EXP 	unnamed Rect: pos = array([-100.24437917,   91.43969277])
27.2831 	EXP 	unnamed Rect: pos = array([-100.24437917,   91.43969277])
27.2999 	EXP 	unnamed Rect: pos = array([-100.24437917,   91.43969277])
27.3167 	EXP 	unnamed Rect: pos = array([-100.24437917,   91.43969277])
27.3331 	EXP 	unnamed Rect: pos = array([-100.24437917,   91.43969277])
27.3500 	EXP 	unnamed Rect: pos = array([-100.24437917,   91.43969277])
27.3666 	EXP 	unnamed Rect: pos = array([-100.24437917,   91.43969277])
27.3833 	EXP 	unnamed Rect: pos = array([-100.24437917,   91.43969277])
27.3998 	EXP 	unnamed Rect: pos = array([-100.24437917,   91.43969277])
27.4164 	EXP 	unnamed Rect: pos = array([-100.24437917,   91.43969277])
27.4333 	EXP 	unnamed Rect: pos = array([-100.24437917,   91.43969277])
27.4499 	EXP 	unnamed Rect: pos = array([-100.24437917,   91.43969277])
27.4667 	EXP 	unnamed Rect: pos = array([-100.24437917,   91.43969277])
27.4674 	DATA 	Keypress: right
27.4831 	EXP 	unnamed Rect: pos = array([-90.24437917,  91.43969277])
27.4999 	EXP 	unnamed Rect: pos = array([-90.24437917,  91.43969277])
27.5165 	EXP 	unnamed Rect: pos = array([-90.24437917,  91.43969277])
27.5330 	EXP 	unnamed Rect: pos = array([-90.24437917,  91.43969277])
27.5499 	EXP 	unnamed Rect: pos = array([-90.24437917,  91.43969277])
27.5665 	EXP 	unnamed Rect: pos = array([-90.24437917,  91.43969277])
27.5833 	EXP 	unnamed Rect: pos = array([-90.24437917,  91.43969277])
27.6003 	EXP 	unnamed Rect: pos = array([-90.24437917,  91.43969277])
27.6168 	EXP 	unnamed Rect: pos = array([-90.24437917,  91.43969277])
27.6331 	EXP 	unnamed Rect: pos = array([-90.24437917,  91.43969277])
27.6501 	EXP 	unnamed Rect: pos = array([-90.24437917,  91.43969277])
27.6509 	DATA 	Keypress: right
27.6666 	EXP 	unnamed Rect: pos = array([-80.24437917,  91.43969277])
27.6834 	EXP 	unnamed Rect: pos = array([-80.24437917,  91.43969277])
27.7000 	EXP 	unnamed Rect: pos = array([-80.24437917,  91.43969277])
27.7167 	EXP 	unnamed Rect: pos = array([-80.24437917,  91.43969277])
27.7334 	EXP 	unnamed Rect: pos = array([-80.24437917,  91.43969277])
27.7497 	EXP 	unnamed Rect: pos = array([-80.24437917,  91.43969277])
27.7667 	EXP 	unnamed Rect: pos = array([-80.24437917,  91.43969277])
27.7833 	EXP 	unnamed Rect: pos = array([-80.24437917,  91.43969277])
27.8000 	EXP 	unnamed Rect: pos = array([-80.24437917,  91.43969277])
27.8007 	DATA 	Keypress: right
27.8165 	EXP 	unnamed Rect: pos = array([-70.24437917,  91.43969277])
27.8333 	EXP 	unnamed Rect: pos = array([-70.24437917,  91.43969277])
27.8499 	EXP 	unnamed Rect: pos = array([-70.24437917,  91.43969277])
27.8677 	EXP 	unnamed Rect: pos = array([-70.24437917,  91.43969277])
27.8835 	EXP 	unnamed Rect: pos = array([-70.24437917,  91.43969277])
27.8998 	EXP 	unnamed Rect: pos = array([-70.24437917,  91.43969277])
27.9164 	EXP 	unnamed Rect: pos = array([-70.24437917,  91.43969277])
27.9329 	EXP 	unnamed Rect: pos = array([-70.24437917,  91.43969277])
27.9498 	EXP 	unnamed Rect: pos = array([-70.24437917,  91.43969277])
27.9505 	DATA 	Keypress: up
27.9664 	EXP 	unnamed Rect: pos = array([-70.24437917, 101.43969277])
27.9829 	EXP 	unnamed Rect: pos = array([-70.24437917, 101.43969277])
27.9999 	EXP 	unnamed Rect: pos = array([-70.24437917, 101.43969277])
28.0170 	EXP 	unnamed Rect: pos = array([-70.24437917, 101.43969277])
28.0333 	EXP 	unnamed Rect: pos = array([-70.24437917, 101.43969277])
28.0499 	EXP 	unnamed Rect: pos = array([-70.24437917, 101.43969277])
28.0666 	EXP 	unnamed Rect: pos = array([-70.24437917, 101.43969277])
28.0831 	EXP 	unnamed Rect: pos = array([-70.24437917, 101.43969277])
28.1002 	EXP 	unnamed Rect: pos = array([-70.24437917, 101.43969277])
28.1009 	DATA 	Keypress: up
28.1165 	EXP 	unnamed Rect: pos = array([-70.24437917, 111.43969277])
28.1333 	EXP 	unnamed Rect: pos = array([-70.24437917, 111.43969277])
28.1498 	EXP 	unnamed Rect: pos = array([-70.24437917, 111.43969277])
28.1669 	EXP 	unnamed Rect: pos = array([-70.24437917, 111.43969277])
28.1831 	EXP 	unnamed Rect: pos = array([-70.24437917, 111.43969277])
28.1997 	EXP 	unnamed Rect: pos = array([-70.24437917, 111.43969277])
28.2166 	EXP 	unnamed Rect: pos = array([-70.24437917, 111.43969277])
28.2333 	EXP 	unnamed Rect: pos = array([-70.24437917, 111.43969277])
28.2497 	EXP 	unnamed Rect: pos = array([-70.24437917, 111.43969277])
28.2668 	EXP 	unnamed Rect: pos = array([-70.24437917, 111.43969277])
28.2677 	DATA 	Keypress: up
28.2833 	EXP 	unnamed Rect: pos = array([-70.24437917, 121.43969277])
28.3001 	EXP 	unnamed Rect: pos = array([-70.24437917, 121.43969277])
28.3167 	EXP 	unnamed Rect: pos = array([-70.24437917, 121.43969277])
28.3333 	EXP 	unnamed Rect: pos = array([-70.24437917, 121.43969277])
28.3499 	EXP 	unnamed Rect: pos = array([-70.24437917, 121.43969277])
28.3665 	EXP 	unnamed Rect: pos = array([-70.24437917, 121.43969277])
28.3832 	EXP 	unnamed Rect: pos = array([-70.24437917, 121.43969277])
28.4000 	EXP 	unnamed Rect: pos = array([-70.24437917, 121.43969277])
28.4168 	EXP 	unnamed Rect: pos = array([-70.24437917, 121.43969277])
28.4331 	EXP 	unnamed Rect: pos = array([-70.24437917, 121.43969277])
28.4357 	DATA 	Keypress: right
28.4498 	EXP 	unnamed Rect: pos = array([-70.24437917, 121.43969277])
28.4666 	EXP 	unnamed Rect: pos = array([-60.24437917, 121.43969277])
28.4833 	EXP 	unnamed Rect: pos = array([-60.24437917, 121.43969277])
28.5002 	EXP 	unnamed Rect: pos = array([-60.24437917, 121.43969277])
28.5163 	EXP 	unnamed Rect: pos = array([-60.24437917, 121.43969277])
28.5330 	EXP 	unnamed Rect: pos = array([-60.24437917, 121.43969277])
28.5497 	EXP 	unnamed Rect: pos = array([-60.24437917, 121.43969277])
28.5663 	EXP 	unnamed Rect: pos = array([-60.24437917, 121.43969277])
28.5699 	DATA 	Keypress: right
28.5831 	EXP 	unnamed Rect: pos = array([-60.24437917, 121.43969277])
28.5998 	EXP 	unnamed Rect: pos = array([-50.24437917, 121.43969277])
28.6164 	EXP 	unnamed Rect: pos = array([-50.24437917, 121.43969277])
28.6327 	EXP 	unnamed Rect: pos = array([-50.24437917, 121.43969277])
28.6497 	EXP 	unnamed Rect: pos = array([-50.24437917, 121.43969277])
28.6664 	EXP 	unnamed Rect: pos = array([-50.24437917, 121.43969277])
28.6833 	EXP 	unnamed Rect: pos = array([-50.24437917, 121.43969277])
28.6998 	EXP 	unnamed Rect: pos = array([-50.24437917, 121.43969277])
28.7171 	EXP 	unnamed Rect: pos = array([-50.24437917, 121.43969277])
28.7330 	EXP 	unnamed Rect: pos = array([-50.24437917, 121.43969277])
28.7337 	DATA 	Keypress: right
28.7500 	EXP 	unnamed Rect: pos = array([-40.24437917, 121.43969277])
28.7665 	EXP 	unnamed Rect: pos = array([-40.24437917, 121.43969277])
28.7831 	EXP 	unnamed Rect: pos = array([-40.24437917, 121.43969277])
28.7999 	EXP 	unnamed Rect: pos = array([-40.24437917, 121.43969277])
28.8166 	EXP 	unnamed Rect: pos = array([-40.24437917, 121.43969277])
28.8332 	EXP 	unnamed Rect: pos = array([-40.24437917, 121.43969277])
28.8501 	EXP 	unnamed Rect: pos = array([-40.24437917, 121.43969277])
28.8668 	EXP 	unnamed Rect: pos = array([-40.24437917, 121.43969277])
28.8837 	EXP 	unnamed Rect: pos = array([-40.24437917, 121.43969277])
28.8999 	EXP 	unnamed Rect: pos = array([-40.24437917, 121.43969277])
28.9164 	EXP 	unnamed Rect: pos = array([-40.24437917, 121.43969277])
28.9334 	EXP 	unnamed Rect: pos = array([-40.24437917, 121.43969277])
28.9500 	EXP 	unnamed Rect: pos = array([-40.24437917, 121.43969277])
28.9666 	EXP 	unnamed Rect: pos = array([-40.24437917, 121.43969277])
28.9831 	EXP 	unnamed Rect: pos = array([-40.24437917, 121.43969277])
29.0002 	EXP 	unnamed Rect: pos = array([-40.24437917, 121.43969277])
29.0167 	EXP 	unnamed Rect: pos = array([-40.24437917, 121.43969277])
29.0336 	EXP 	unnamed Rect: pos = array([-40.24437917, 121.43969277])
29.0391 	DATA 	Keypress: down
29.0500 	EXP 	unnamed Rect: pos = array([-40.24437917, 121.43969277])
29.0665 	EXP 	unnamed Rect: pos = array([-40.24437917, 111.43969277])
29.0834 	EXP 	unnamed Rect: pos = array([-40.24437917, 111.43969277])
29.0997 	EXP 	unnamed Rect: pos = array([-40.24437917, 111.43969277])
29.1164 	EXP 	unnamed Rect: pos = array([-40.24437917, 111.43969277])
29.1335 	EXP 	unnamed Rect: pos = array([-40.24437917, 111.43969277])
29.1502 	EXP 	unnamed Rect: pos = array([-40.24437917, 111.43969277])
29.1669 	EXP 	unnamed Rect: pos = array([-40.24437917, 111.43969277])
29.1836 	EXP 	text: autoDraw = True
29.1859 	DATA 	Keypress: down
29.3694 	DATA 	Keypress: down
32.1679 	EXP 	New trial (rep=1, index=0): None
32.1836 	EXP 	text: autoDraw = False
32.1836 	EXP 	text: autoDraw = False
32.1836 	EXP 	Welcometext: autoDraw = True
32.4208 	DATA 	Keypress: q
33.5682 	EXP 	Created unnamed Rect = Rect(__class__=<class 'psychopy.visual.rect.Rect'>, autoDraw=False, autoLog=True, closeShape=True, color=method-wrapper(...), colorSpace='rgb', contrast=None, depth=0, fillColor=array([ 1, -1, -1]), fillColorSpace='rgb', fillRGB=array([ 1, -1, -1]), interpolate=True, lineColor=array([-1., -1.,  1.]), lineColorSpace='rgb', lineRGB=array([-1, -1,  1]), lineWidth=1.5, name='unnamed Rect', opacity=1, ori=0.0, pos=array([0., 0.]), size=array([1000.,  700.]), units='pix', vertices=ndarray(...), win=Window(...))
33.5692 	EXP 	Created unnamed Rect = Rect(__class__=<class 'psychopy.visual.rect.Rect'>, autoDraw=False, autoLog=True, closeShape=True, color=method-wrapper(...), colorSpace='rgb', contrast=None, depth=0, fillColor=array([-1, -1, -1]), fillColorSpace='rgb', fillRGB=array([-1, -1, -1]), interpolate=True, lineColor=array([-1., -1.,  1.]), lineColorSpace='rgb', lineRGB=array([-1, -1,  1]), lineWidth=1.5, name='unnamed Rect', opacity=1, ori=0.0, pos=array([0., 0.]), size=array([400., 600.]), units='pix', vertices=ndarray(...), win=Window(...))
33.5701 	EXP 	Created unnamed Rect = Rect(__class__=<class 'psychopy.visual.rect.Rect'>, autoDraw=False, autoLog=True, closeShape=True, color=method-wrapper(...), colorSpace='rgb', contrast=None, depth=0, fillColor=array([-1, -1, -1]), fillColorSpace='rgb', fillRGB=array([-1, -1, -1]), interpolate=True, lineColor=array([-1., -1.,  1.]), lineColorSpace='rgb', lineRGB=array([-1, -1,  1]), lineWidth=1.5, name='unnamed Rect', opacity=1, ori=0.0, pos=array([0., 0.]), size=array([400., 600.]), units='pix', vertices=ndarray(...), win=Window(...))
33.5713 	EXP 	Created unnamed Rect = Rect(__class__=<class 'psychopy.visual.rect.Rect'>, autoDraw=False, autoLog=True, closeShape=True, color=method-wrapper(...), colorSpace='rgb', contrast=None, depth=0, fillColor=array([ 1,  1, -1]), fillColorSpace='rgb', fillRGB=array([ 1,  1, -1]), interpolate=True, lineColor=array([0., 0., 0.]), lineColorSpace='rgb', lineRGB=array([0, 0, 0]), lineWidth=1.5, name='unnamed Rect', opacity=0.5, ori=0.0, pos=array([0., 0.]), size=array([30., 30.]), units='pix', vertices=ndarray(...), win=Window(...))
33.5725 	EXP 	Created unnamed Rect = Rect(__class__=<class 'psychopy.visual.rect.Rect'>, autoDraw=False, autoLog=True, closeShape=True, color=method-wrapper(...), colorSpace='rgb', contrast=None, depth=0, fillColor=array([ 1,  1, -1]), fillColorSpace='rgb', fillRGB=array([ 1,  1, -1]), interpolate=True, lineColor=array([0., 0., 0.]), lineColorSpace='rgb', lineRGB=array([0, 0, 0]), lineWidth=1.5, name='unnamed Rect', opacity=0.5, ori=0.0, pos=array([0., 0.]), size=array([30., 30.]), units='pix', vertices=ndarray(...), win=Window(...))
33.5737 	EXP 	Created unnamed Rect = Rect(__class__=<class 'psychopy.visual.rect.Rect'>, autoDraw=False, autoLog=True, closeShape=True, color=method-wrapper(...), colorSpace='rgb', contrast=None, depth=0, fillColor=array([ 1,  1, -1]), fillColorSpace='rgb', fillRGB=array([ 1,  1, -1]), interpolate=True, lineColor=array([0., 0., 0.]), lineColorSpace='rgb', lineRGB=array([0, 0, 0]), lineWidth=1.5, name='unnamed Rect', opacity=0.5, ori=0.0, pos=array([0., 0.]), size=array([30., 30.]), units='pix', vertices=ndarray(...), win=Window(...))
33.5749 	EXP 	Created unnamed Rect = Rect(__class__=<class 'psychopy.visual.rect.Rect'>, autoDraw=False, autoLog=True, closeShape=True, color=method-wrapper(...), colorSpace='rgb', contrast=None, depth=0, fillColor=array([ 1,  1, -1]), fillColorSpace='rgb', fillRGB=array([ 1,  1, -1]), interpolate=True, lineColor=array([0., 0., 0.]), lineColorSpace='rgb', lineRGB=array([0, 0, 0]), lineWidth=1.5, name='unnamed Rect', opacity=0.5, ori=0.0, pos=array([0., 0.]), size=array([30., 30.]), units='pix', vertices=ndarray(...), win=Window(...))
33.5761 	EXP 	Created unnamed Rect = Rect(__class__=<class 'psychopy.visual.rect.Rect'>, autoDraw=False, autoLog=True, closeShape=True, color=method-wrapper(...), colorSpace='rgb', contrast=None, depth=0, fillColor=array([ 1,  1, -1]), fillColorSpace='rgb', fillRGB=array([ 1,  1, -1]), interpolate=True, lineColor=array([0., 0., 0.]), lineColorSpace='rgb', lineRGB=array([0, 0, 0]), lineWidth=1.5, name='unnamed Rect', opacity=0.5, ori=0.0, pos=array([0., 0.]), size=array([30., 30.]), units='pix', vertices=ndarray(...), win=Window(...))
33.5772 	EXP 	Created unnamed Rect = Rect(__class__=<class 'psychopy.visual.rect.Rect'>, autoDraw=False, autoLog=True, closeShape=True, color=method-wrapper(...), colorSpace='rgb', contrast=None, depth=0, fillColor=array([ 1,  1, -1]), fillColorSpace='rgb', fillRGB=array([ 1,  1, -1]), interpolate=True, lineColor=array([0., 0., 0.]), lineColorSpace='rgb', lineRGB=array([0, 0, 0]), lineWidth=1.5, name='unnamed Rect', opacity=0.5, ori=0.0, pos=array([0., 0.]), size=array([30., 30.]), units='pix', vertices=ndarray(...), win=Window(...))
33.5784 	EXP 	Created unnamed Rect = Rect(__class__=<class 'psychopy.visual.rect.Rect'>, autoDraw=False, autoLog=True, closeShape=True, color=method-wrapper(...), colorSpace='rgb', contrast=None, depth=0, fillColor=array([ 1,  1, -1]), fillColorSpace='rgb', fillRGB=array([ 1,  1, -1]), interpolate=True, lineColor=array([0., 0., 0.]), lineColorSpace='rgb', lineRGB=array([0, 0, 0]), lineWidth=1.5, name='unnamed Rect', opacity=0.5, ori=0.0, pos=array([0., 0.]), size=array([30., 30.]), units='pix', vertices=ndarray(...), win=Window(...))
33.5988 	EXP 	Created unnamed ImageStim = ImageStim(__class__=<class 'psychopy.visual.image.ImageStim'>, autoLog=True, color=array([1., 1., 1.]), colorSpace='rgb', contrast=1.0, depth=0, flipHoriz=False, flipVert=False, image='tree.png', interpolate=False, mask=None, maskParams=None, name='unnamed ImageStim', opacity=1, ori=0.0, pos=array([0., 0.]), size=array([512, 512]), texRes=128, units='pix', win=Window(...))
33.6181 	EXP 	Created unnamed ImageStim = ImageStim(__class__=<class 'psychopy.visual.image.ImageStim'>, autoLog=True, color=array([1., 1., 1.]), colorSpace='rgb', contrast=1.0, depth=0, flipHoriz=False, flipVert=False, image='tree.png', interpolate=False, mask=None, maskParams=None, name='unnamed ImageStim', opacity=1, ori=0.0, pos=array([0., 0.]), size=array([512, 512]), texRes=128, units='pix', win=Window(...))
33.6373 	EXP 	Created unnamed ImageStim = ImageStim(__class__=<class 'psychopy.visual.image.ImageStim'>, autoLog=True, color=array([1., 1., 1.]), colorSpace='rgb', contrast=1.0, depth=0, flipHoriz=False, flipVert=False, image='tree.png', interpolate=False, mask=None, maskParams=None, name='unnamed ImageStim', opacity=1, ori=0.0, pos=array([0., 0.]), size=array([512, 512]), texRes=128, units='pix', win=Window(...))
33.6563 	EXP 	Created unnamed ImageStim = ImageStim(__class__=<class 'psychopy.visual.image.ImageStim'>, autoLog=True, color=array([1., 1., 1.]), colorSpace='rgb', contrast=1.0, depth=0, flipHoriz=False, flipVert=False, image='tree.png', interpolate=False, mask=None, maskParams=None, name='unnamed ImageStim', opacity=1, ori=0.0, pos=array([0., 0.]), size=array([512, 512]), texRes=128, units='pix', win=Window(...))
33.6752 	EXP 	Created unnamed ImageStim = ImageStim(__class__=<class 'psychopy.visual.image.ImageStim'>, autoLog=True, color=array([1., 1., 1.]), colorSpace='rgb', contrast=1.0, depth=0, flipHoriz=False, flipVert=False, image='tree.png', interpolate=False, mask=None, maskParams=None, name='unnamed ImageStim', opacity=1, ori=0.0, pos=array([0., 0.]), size=array([512, 512]), texRes=128, units='pix', win=Window(...))
33.6947 	EXP 	Created unnamed ImageStim = ImageStim(__class__=<class 'psychopy.visual.image.ImageStim'>, autoLog=True, color=array([1., 1., 1.]), colorSpace='rgb', contrast=1.0, depth=0, flipHoriz=False, flipVert=False, image='tree.png', interpolate=False, mask=None, maskParams=None, name='unnamed ImageStim', opacity=1, ori=0.0, pos=array([0., 0.]), size=array([512, 512]), texRes=128, units='pix', win=Window(...))
33.7137 	EXP 	Created unnamed ImageStim = ImageStim(__class__=<class 'psychopy.visual.image.ImageStim'>, autoLog=True, color=array([1., 1., 1.]), colorSpace='rgb', contrast=1.0, depth=0, flipHoriz=False, flipVert=False, image='tree.png', interpolate=False, mask=None, maskParams=None, name='unnamed ImageStim', opacity=1, ori=0.0, pos=array([0., 0.]), size=array([512, 512]), texRes=128, units='pix', win=Window(...))
33.7331 	EXP 	Created unnamed ImageStim = ImageStim(__class__=<class 'psychopy.visual.image.ImageStim'>, autoLog=True, color=array([1., 1., 1.]), colorSpace='rgb', contrast=1.0, depth=0, flipHoriz=False, flipVert=False, image='tree.png', interpolate=False, mask=None, maskParams=None, name='unnamed ImageStim', opacity=1, ori=0.0, pos=array([0., 0.]), size=array([512, 512]), texRes=128, units='pix', win=Window(...))
33.7525 	EXP 	Created unnamed ImageStim = ImageStim(__class__=<class 'psychopy.visual.image.ImageStim'>, autoLog=True, color=array([1., 1., 1.]), colorSpace='rgb', contrast=1.0, depth=0, flipHoriz=False, flipVert=False, image='tree.png', interpolate=False, mask=None, maskParams=None, name='unnamed ImageStim', opacity=1, ori=0.0, pos=array([0., 0.]), size=array([512, 512]), texRes=128, units='pix', win=Window(...))
33.7718 	EXP 	Created unnamed ImageStim = ImageStim(__class__=<class 'psychopy.visual.image.ImageStim'>, autoLog=True, color=array([1., 1., 1.]), colorSpace='rgb', contrast=1.0, depth=0, flipHoriz=False, flipVert=False, image='tree.png', interpolate=False, mask=None, maskParams=None, name='unnamed ImageStim', opacity=1, ori=0.0, pos=array([0., 0.]), size=array([512, 512]), texRes=128, units='pix', win=Window(...))
33.7910 	EXP 	Created unnamed ImageStim = ImageStim(__class__=<class 'psychopy.visual.image.ImageStim'>, autoLog=True, color=array([1., 1., 1.]), colorSpace='rgb', contrast=1.0, depth=0, flipHoriz=False, flipVert=False, image='tree.png', interpolate=False, mask=None, maskParams=None, name='unnamed ImageStim', opacity=1, ori=0.0, pos=array([0., 0.]), size=array([512, 512]), texRes=128, units='pix', win=Window(...))
33.8101 	EXP 	Created unnamed ImageStim = ImageStim(__class__=<class 'psychopy.visual.image.ImageStim'>, autoLog=True, color=array([1., 1., 1.]), colorSpace='rgb', contrast=1.0, depth=0, flipHoriz=False, flipVert=False, image='tree.png', interpolate=False, mask=None, maskParams=None, name='unnamed ImageStim', opacity=1, ori=0.0, pos=array([0., 0.]), size=array([512, 512]), texRes=128, units='pix', win=Window(...))
33.8168 	DATA 	Keypress: space
33.8228 	EXP 	Welcometext: autoDraw = False
33.8228 	EXP 	unnamed Rect: pos = [-250, 0]
33.8228 	EXP 	unnamed Rect: pos = [250, 0]
33.8228 	EXP 	unnamed Rect: pos = [-411.348941904648, 261.34959793180263]
33.8228 	EXP 	unnamed Rect: pos = [-100.59890450910774, 207.6573120528964]
33.8228 	EXP 	unnamed Rect: pos = [174.45676491289998, 137.46281959742495]
33.8228 	EXP 	unnamed Rect: pos = [216.23483620620615, -47.090910439793326]
33.8228 	EXP 	unnamed Rect: pos = [361.243126126395, 36.258446071920396]
33.8228 	EXP 	unnamed Rect: pos = [73.8351740257952, 115.44356565808368]
33.8228 	EXP 	unnamed Rect: pos = [181.05289369438975, 124.06404380335518]
33.8228 	EXP 	unnamed ImageStim: size = [128.0, 128.0]
33.8228 	EXP 	unnamed ImageStim: size = [128.0, 128.0]
33.8228 	EXP 	unnamed ImageStim: size = [128.0, 128.0]
33.8228 	EXP 	unnamed ImageStim: size = [128.0, 128.0]
33.8228 	EXP 	unnamed ImageStim: size = [128.0, 128.0]
33.8228 	EXP 	unnamed ImageStim: size = [128.0, 128.0]
33.8228 	EXP 	unnamed ImageStim: size = [128.0, 128.0]
33.8228 	EXP 	unnamed ImageStim: size = [128.0, 128.0]
33.8228 	EXP 	unnamed ImageStim: size = [128.0, 128.0]
33.8228 	EXP 	unnamed ImageStim: size = [128.0, 128.0]
33.8228 	EXP 	unnamed ImageStim: size = [128.0, 128.0]
33.8228 	EXP 	unnamed ImageStim: size = [128.0, 128.0]
33.8228 	EXP 	unnamed ImageStim: pos = [44.60633987999849, 47.37291252999995]
33.8228 	EXP 	unnamed ImageStim: pos = [30.89446613737249, 158.13382852938392]
33.8228 	EXP 	unnamed ImageStim: pos = [31.349083444773477, 171.04906794122917]
33.8228 	EXP 	unnamed ImageStim: pos = [-61.514239026951685, 6.505448763380076]
33.8228 	EXP 	unnamed ImageStim: pos = [-40.549851562019924, -101.84444686890228]
33.8228 	EXP 	unnamed ImageStim: pos = [16.941302520309605, 30.09653262840077]
33.8228 	EXP 	unnamed ImageStim: pos = [-64.77278366603913, 55.359520298825686]
33.8228 	EXP 	unnamed ImageStim: pos = [44.02928654524378, -80.90252042149926]
33.8228 	EXP 	unnamed ImageStim: pos = [-205.39366012000153, 47.37291252999995]
33.8228 	EXP 	unnamed ImageStim: pos = [294.6063398799985, 47.37291252999995]
33.8228 	EXP 	unnamed ImageStim: pos = [-219.1055338626275, 158.13382852938392]
33.8228 	EXP 	unnamed ImageStim: pos = [280.8944661373725, 158.13382852938392]
33.8228 	EXP 	unnamed ImageStim: pos = [-218.65091655522653, 171.04906794122917]
33.8228 	EXP 	unnamed ImageStim: pos = [281.3490834447735, 171.04906794122917]
33.8228 	EXP 	unnamed ImageStim: pos = [-311.5142390269517, 6.505448763380076]
33.8228 	EXP 	unnamed ImageStim: pos = [188.48576097304831, 6.505448763380076]
33.8228 	EXP 	unnamed ImageStim: pos = [-290.5498515620199, -101.84444686890228]
33.8228 	EXP 	unnamed ImageStim: pos = [209.4501484379801, -101.84444686890228]
33.8228 	EXP 	unnamed ImageStim: pos = [-233.0586974796904, 30.09653262840077]
33.8228 	EXP 	unnamed ImageStim: pos = [266.9413025203096, 30.09653262840077]
33.8228 	EXP 	unnamed ImageStim: pos = [-314.7727836660391, 55.359520298825686]
33.8228 	EXP 	unnamed ImageStim: pos = [185.22721633396088, 55.359520298825686]
33.8228 	EXP 	unnamed ImageStim: pos = [-205.9707134547562, -80.90252042149926]
33.8228 	EXP 	unnamed ImageStim: pos = [294.0292865452438, -80.90252042149926]
34.9370 	DATA 	Keypress: left
35.8708 	DATA 	Keypress: q
39.2210 	EXP 	Created unnamed Rect = Rect(__class__=<class 'psychopy.visual.rect.Rect'>, autoDraw=False, autoLog=True, closeShape=True, color=method-wrapper(...), colorSpace='rgb', contrast=None, depth=0, fillColor=array([-1, -1, -1]), fillColorSpace='rgb', fillRGB=array([-1, -1, -1]), interpolate=True, lineColor=array([-1., -1.,  1.]), lineColorSpace='rgb', lineRGB=array([-1, -1,  1]), lineWidth=1.5, name='unnamed Rect', opacity=1, ori=0.0, pos=array([0., 0.]), size=array([400., 600.]), units='pix', vertices=ndarray(...), win=Window(...))
39.2230 	EXP 	Created unnamed Rect = Rect(__class__=<class 'psychopy.visual.rect.Rect'>, autoDraw=False, autoLog=True, closeShape=True, color=method-wrapper(...), colorSpace='rgb', contrast=None, depth=0, fillColor=array([-1, -1, -1]), fillColorSpace='rgb', fillRGB=array([-1, -1, -1]), interpolate=True, lineColor=array([-1., -1.,  1.]), lineColorSpace='rgb', lineRGB=array([-1, -1,  1]), lineWidth=1.5, name='unnamed Rect', opacity=1, ori=0.0, pos=array([0., 0.]), size=array([400., 600.]), units='pix', vertices=ndarray(...), win=Window(...))
39.2236 	DATA 	Keypress: left
39.2329 	EXP 	unnamed Rect: pos = array([-161.3489419 ,  261.34959793])
39.2329 	EXP 	unnamed Rect: pos = array([149.40109549, 207.65731205])
39.2329 	EXP 	unnamed Rect: pos = array([250.,   0.])
39.2329 	EXP 	unnamed Rect: pos = array([250.,   0.])
39.2329 	EXP 	unnamed Rect: pos = array([185., -10.])
39.2495 	EXP 	unnamed Rect: pos = array([185., -10.])
39.2662 	EXP 	unnamed Rect: pos = array([185., -10.])
39.2828 	EXP 	unnamed Rect: pos = array([185., -10.])
39.2995 	EXP 	unnamed Rect: pos = array([185., -10.])
39.3162 	EXP 	unnamed Rect: pos = array([185., -10.])
39.3328 	EXP 	unnamed Rect: pos = array([185., -10.])
39.3495 	EXP 	unnamed Rect: pos = array([185., -10.])
39.3665 	EXP 	unnamed Rect: pos = array([185., -10.])
39.3829 	EXP 	unnamed Rect: pos = array([185., -10.])
39.3995 	EXP 	unnamed Rect: pos = array([185., -10.])
39.4167 	EXP 	unnamed Rect: pos = array([185., -10.])
39.4333 	EXP 	unnamed Rect: pos = array([185., -10.])
39.4499 	EXP 	unnamed Rect: pos = array([185., -10.])
39.4665 	EXP 	unnamed Rect: pos = array([185., -10.])
39.4828 	EXP 	unnamed Rect: pos = array([185., -10.])
39.4993 	EXP 	unnamed Rect: pos = array([185., -10.])
39.5161 	EXP 	unnamed Rect: pos = array([185., -10.])
39.5328 	EXP 	unnamed Rect: pos = array([185., -10.])
39.5495 	EXP 	unnamed Rect: pos = array([185., -10.])
39.5667 	EXP 	unnamed Rect: pos = array([185., -10.])
39.5833 	EXP 	unnamed Rect: pos = array([185., -10.])
39.6000 	EXP 	unnamed Rect: pos = array([185., -10.])
39.6162 	EXP 	unnamed Rect: pos = array([185., -10.])
39.6329 	EXP 	unnamed Rect: pos = array([185., -10.])
39.6495 	EXP 	unnamed Rect: pos = array([185., -10.])
39.6666 	EXP 	unnamed Rect: pos = array([185., -10.])
39.6828 	EXP 	unnamed Rect: pos = array([185., -10.])
39.6994 	EXP 	unnamed Rect: pos = array([185., -10.])
39.7165 	EXP 	unnamed Rect: pos = array([185., -10.])
39.7328 	EXP 	unnamed Rect: pos = array([185., -10.])
39.7496 	EXP 	unnamed Rect: pos = array([185., -10.])
39.7659 	EXP 	unnamed Rect: pos = array([185., -10.])
39.7824 	EXP 	unnamed Rect: pos = array([185., -10.])
39.7991 	EXP 	unnamed Rect: pos = array([185., -10.])
39.8163 	EXP 	unnamed Rect: pos = array([185., -10.])
39.8328 	EXP 	unnamed Rect: pos = array([185., -10.])
39.8495 	EXP 	unnamed Rect: pos = array([185., -10.])
39.8663 	EXP 	unnamed Rect: pos = array([185., -10.])
39.8839 	EXP 	unnamed Rect: pos = array([185., -10.])
39.8996 	EXP 	unnamed Rect: pos = array([185., -10.])
39.9161 	EXP 	unnamed Rect: pos = array([185., -10.])
39.9329 	EXP 	unnamed Rect: pos = array([185., -10.])
39.9496 	EXP 	unnamed Rect: pos = array([185., -10.])
39.9663 	EXP 	unnamed Rect: pos = array([185., -10.])
39.9833 	EXP 	unnamed Rect: pos = array([185., -10.])
39.9998 	EXP 	unnamed Rect: pos = array([185., -10.])
40.0028 	DATA 	Keypress: up
40.0164 	EXP 	unnamed Rect: pos = array([185., -10.])
40.0328 	EXP 	unnamed Rect: pos = array([185.,   0.])
40.0495 	EXP 	unnamed Rect: pos = array([185.,   0.])
40.0661 	EXP 	unnamed Rect: pos = array([185.,   0.])
40.0828 	EXP 	unnamed Rect: pos = array([185.,   0.])
40.0995 	EXP 	unnamed Rect: pos = array([185.,   0.])
40.1161 	EXP 	unnamed Rect: pos = array([185.,   0.])
40.1329 	EXP 	unnamed Rect: pos = array([185.,   0.])
40.1495 	EXP 	unnamed Rect: pos = array([185.,   0.])
40.1666 	EXP 	unnamed Rect: pos = array([185.,   0.])
40.1829 	EXP 	unnamed Rect: pos = array([185.,   0.])
40.1835 	DATA 	Keypress: up
40.1999 	EXP 	unnamed Rect: pos = array([185.,  10.])
40.2165 	EXP 	unnamed Rect: pos = array([185.,  10.])
40.2332 	EXP 	unnamed Rect: pos = array([185.,  10.])
40.2498 	EXP 	unnamed Rect: pos = array([185.,  10.])
40.2664 	EXP 	unnamed Rect: pos = array([185.,  10.])
40.2830 	EXP 	unnamed Rect: pos = array([185.,  10.])
40.2998 	EXP 	unnamed Rect: pos = array([185.,  10.])
40.3164 	EXP 	unnamed Rect: pos = array([185.,  10.])
40.3332 	EXP 	unnamed Rect: pos = array([185.,  10.])
40.3367 	DATA 	Keypress: up
40.3499 	EXP 	unnamed Rect: pos = array([185.,  10.])
40.3662 	EXP 	unnamed Rect: pos = array([185.,  20.])
40.3828 	EXP 	unnamed Rect: pos = array([185.,  20.])
40.3996 	EXP 	unnamed Rect: pos = array([185.,  20.])
40.4161 	EXP 	unnamed Rect: pos = array([185.,  20.])
40.4331 	EXP 	unnamed Rect: pos = array([185.,  20.])
40.4497 	EXP 	unnamed Rect: pos = array([185.,  20.])
40.4661 	EXP 	unnamed Rect: pos = array([185.,  20.])
40.4827 	EXP 	unnamed Rect: pos = array([185.,  20.])
40.4994 	EXP 	unnamed Rect: pos = array([185.,  20.])
40.5166 	EXP 	unnamed Rect: pos = array([185.,  20.])
40.5176 	DATA 	Keypress: left
40.5327 	EXP 	unnamed Rect: pos = array([175.,  20.])
40.5492 	EXP 	unnamed Rect: pos = array([175.,  20.])
40.5664 	EXP 	unnamed Rect: pos = array([175.,  20.])
40.5827 	EXP 	unnamed Rect: pos = array([175.,  20.])
40.5994 	EXP 	unnamed Rect: pos = array([175.,  20.])
40.6161 	EXP 	unnamed Rect: pos = array([175.,  20.])
40.6328 	EXP 	unnamed Rect: pos = array([175.,  20.])
40.6497 	EXP 	unnamed Rect: pos = array([175.,  20.])
40.6661 	EXP 	unnamed Rect: pos = array([175.,  20.])
40.6829 	EXP 	unnamed Rect: pos = array([175.,  20.])
40.6994 	EXP 	unnamed Rect: pos = array([175.,  20.])
40.7000 	DATA 	Keypress: left
40.7161 	EXP 	unnamed Rect: pos = array([165.,  20.])
40.7329 	EXP 	unnamed Rect: pos = array([165.,  20.])
40.7495 	EXP 	unnamed Rect: pos = array([165.,  20.])
40.7663 	EXP 	unnamed Rect: pos = array([165.,  20.])
40.7828 	EXP 	unnamed Rect: pos = array([165.,  20.])
40.7995 	EXP 	unnamed Rect: pos = array([165.,  20.])
40.8163 	EXP 	unnamed Rect: pos = array([165.,  20.])
40.8328 	EXP 	unnamed Rect: pos = array([165.,  20.])
40.8495 	EXP 	unnamed Rect: pos = array([165.,  20.])
40.8662 	EXP 	unnamed Rect: pos = array([165.,  20.])
40.8829 	EXP 	unnamed Rect: pos = array([165.,  20.])
40.8996 	EXP 	unnamed Rect: pos = array([165.,  20.])
40.9002 	DATA 	Keypress: left
40.9203 	EXP 	unnamed Rect: pos = array([155.,  20.])
40.9328 	EXP 	unnamed Rect: pos = array([155.,  20.])
40.9497 	EXP 	unnamed Rect: pos = array([155.,  20.])
40.9663 	EXP 	unnamed Rect: pos = array([155.,  20.])
40.9829 	EXP 	unnamed Rect: pos = array([155.,  20.])
40.9995 	EXP 	unnamed Rect: pos = array([155.,  20.])
41.0162 	EXP 	unnamed Rect: pos = array([155.,  20.])
41.0327 	EXP 	unnamed Rect: pos = array([155.,  20.])
41.0494 	EXP 	unnamed Rect: pos = array([155.,  20.])
41.0660 	EXP 	unnamed Rect: pos = array([155.,  20.])
41.0825 	EXP 	unnamed Rect: pos = array([155.,  20.])
41.0993 	EXP 	unnamed Rect: pos = array([155.,  20.])
41.1162 	EXP 	unnamed Rect: pos = array([155.,  20.])
41.1328 	EXP 	unnamed Rect: pos = array([155.,  20.])
41.1494 	EXP 	unnamed Rect: pos = array([155.,  20.])
41.1661 	EXP 	unnamed Rect: pos = array([155.,  20.])
41.1828 	EXP 	unnamed Rect: pos = array([155.,  20.])
41.1997 	EXP 	unnamed Rect: pos = array([155.,  20.])
41.2165 	EXP 	unnamed Rect: pos = array([155.,  20.])
41.2329 	EXP 	unnamed Rect: pos = array([155.,  20.])
41.2496 	EXP 	unnamed Rect: pos = array([155.,  20.])
41.2664 	EXP 	unnamed Rect: pos = array([155.,  20.])
41.2828 	EXP 	unnamed Rect: pos = array([155.,  20.])
41.3000 	EXP 	unnamed Rect: pos = array([155.,  20.])
41.3006 	DATA 	Keypress: left
41.3160 	EXP 	unnamed Rect: pos = array([145.,  20.])
41.3327 	EXP 	unnamed Rect: pos = array([145.,  20.])
41.3497 	EXP 	unnamed Rect: pos = array([145.,  20.])
41.3664 	EXP 	unnamed Rect: pos = array([145.,  20.])
41.3827 	EXP 	unnamed Rect: pos = array([145.,  20.])
41.3994 	EXP 	unnamed Rect: pos = array([145.,  20.])
41.4166 	EXP 	unnamed Rect: pos = array([145.,  20.])
41.4329 	EXP 	unnamed Rect: pos = array([145.,  20.])
41.4497 	EXP 	unnamed Rect: pos = array([145.,  20.])
41.4663 	EXP 	unnamed Rect: pos = array([145.,  20.])
41.4832 	EXP 	unnamed Rect: pos = array([145.,  20.])
41.4995 	EXP 	unnamed Rect: pos = array([145.,  20.])
41.5007 	DATA 	Keypress: left
41.5168 	EXP 	unnamed Rect: pos = array([135.,  20.])
41.5330 	EXP 	unnamed Rect: pos = array([135.,  20.])
41.5495 	EXP 	unnamed Rect: pos = array([135.,  20.])
41.5663 	EXP 	unnamed Rect: pos = array([135.,  20.])
41.5829 	EXP 	unnamed Rect: pos = array([135.,  20.])
41.5993 	EXP 	unnamed Rect: pos = array([135.,  20.])
41.6160 	EXP 	unnamed Rect: pos = array([135.,  20.])
41.6330 	EXP 	unnamed Rect: pos = array([135.,  20.])
41.6495 	EXP 	unnamed Rect: pos = array([135.,  20.])
41.6662 	EXP 	unnamed Rect: pos = array([135.,  20.])
41.6695 	DATA 	Keypress: left
41.6831 	EXP 	unnamed Rect: pos = array([135.,  20.])
41.6996 	EXP 	unnamed Rect: pos = array([125.,  20.])
41.7162 	EXP 	unnamed Rect: pos = array([125.,  20.])
41.7329 	EXP 	unnamed Rect: pos = array([125.,  20.])
41.7496 	EXP 	unnamed Rect: pos = array([125.,  20.])
41.7663 	EXP 	unnamed Rect: pos = array([125.,  20.])
41.7829 	EXP 	unnamed Rect: pos = array([125.,  20.])
41.7995 	EXP 	unnamed Rect: pos = array([125.,  20.])
41.8162 	EXP 	unnamed Rect: pos = array([125.,  20.])
41.8330 	EXP 	unnamed Rect: pos = array([125.,  20.])
41.8495 	EXP 	unnamed Rect: pos = array([125.,  20.])
41.8660 	EXP 	unnamed Rect: pos = array([125.,  20.])
41.8666 	DATA 	Keypress: left
41.8827 	EXP 	unnamed Rect: pos = array([115.,  20.])
41.8995 	EXP 	unnamed Rect: pos = array([115.,  20.])
41.9162 	EXP 	unnamed Rect: pos = array([115.,  20.])
41.9329 	EXP 	unnamed Rect: pos = array([115.,  20.])
41.9496 	EXP 	unnamed Rect: pos = array([115.,  20.])
41.9661 	EXP 	unnamed Rect: pos = array([115.,  20.])
41.9828 	EXP 	unnamed Rect: pos = array([115.,  20.])
41.9994 	EXP 	unnamed Rect: pos = array([115.,  20.])
42.0161 	EXP 	unnamed Rect: pos = array([115.,  20.])
42.0328 	EXP 	unnamed Rect: pos = array([115.,  20.])
42.0501 	EXP 	unnamed Rect: pos = array([115.,  20.])
42.0665 	EXP 	unnamed Rect: pos = array([115.,  20.])
42.0699 	DATA 	Keypress: up
42.0865 	EXP 	unnamed Rect: pos = array([115.,  20.])
42.0993 	EXP 	unnamed Rect: pos = array([115.,  30.])
42.1163 	EXP 	unnamed Rect: pos = array([115.,  30.])
42.1327 	EXP 	unnamed Rect: pos = array([115.,  30.])
42.1493 	EXP 	unnamed Rect: pos = array([115.,  30.])
42.1662 	EXP 	unnamed Rect: pos = array([115.,  30.])
42.1827 	EXP 	unnamed Rect: pos = array([115.,  30.])
42.1995 	EXP 	unnamed Rect: pos = array([115.,  30.])
42.2163 	EXP 	unnamed Rect: pos = array([115.,  30.])
42.2329 	EXP 	unnamed Rect: pos = array([115.,  30.])
42.2495 	EXP 	unnamed Rect: pos = array([115.,  30.])
42.2660 	EXP 	unnamed Rect: pos = array([115.,  30.])
42.2667 	DATA 	Keypress: up
42.2828 	EXP 	unnamed Rect: pos = array([115.,  40.])
42.2997 	EXP 	unnamed Rect: pos = array([115.,  40.])
42.3164 	EXP 	unnamed Rect: pos = array([115.,  40.])
42.3329 	EXP 	unnamed Rect: pos = array([115.,  40.])
42.3495 	EXP 	unnamed Rect: pos = array([115.,  40.])
42.3662 	EXP 	unnamed Rect: pos = array([115.,  40.])
42.3828 	EXP 	unnamed Rect: pos = array([115.,  40.])
42.3994 	EXP 	unnamed Rect: pos = array([115.,  40.])
42.4001 	DATA 	Keypress: left
42.4163 	EXP 	unnamed Rect: pos = array([105.,  40.])
42.4328 	EXP 	unnamed Rect: pos = array([105.,  40.])
42.4495 	EXP 	unnamed Rect: pos = array([105.,  40.])
42.4662 	EXP 	unnamed Rect: pos = array([105.,  40.])
42.4829 	EXP 	unnamed Rect: pos = array([105.,  40.])
42.4994 	EXP 	unnamed Rect: pos = array([105.,  40.])
42.5161 	EXP 	unnamed Rect: pos = array([105.,  40.])
42.5330 	EXP 	unnamed Rect: pos = array([105.,  40.])
42.5496 	EXP 	unnamed Rect: pos = array([105.,  40.])
42.5662 	EXP 	unnamed Rect: pos = array([105.,  40.])
42.5828 	EXP 	unnamed Rect: pos = array([105.,  40.])
42.5834 	DATA 	Keypress: left
42.5995 	EXP 	unnamed Rect: pos = array([95., 40.])
42.6162 	EXP 	unnamed Rect: pos = array([95., 40.])
42.6328 	EXP 	unnamed Rect: pos = array([95., 40.])
42.6496 	EXP 	unnamed Rect: pos = array([95., 40.])
42.6663 	EXP 	unnamed Rect: pos = array([95., 40.])
42.6827 	EXP 	unnamed Rect: pos = array([95., 40.])
42.6997 	EXP 	unnamed Rect: pos = array([95., 40.])
42.7162 	EXP 	unnamed Rect: pos = array([95., 40.])
42.7329 	EXP 	unnamed Rect: pos = array([95., 40.])
42.7495 	EXP 	unnamed Rect: pos = array([95., 40.])
42.7507 	DATA 	Keypress: left
42.7662 	EXP 	unnamed Rect: pos = array([85., 40.])
42.7829 	EXP 	unnamed Rect: pos = array([85., 40.])
42.7994 	EXP 	unnamed Rect: pos = array([85., 40.])
42.8166 	EXP 	unnamed Rect: pos = array([85., 40.])
42.8330 	EXP 	unnamed Rect: pos = array([85., 40.])
42.8495 	EXP 	unnamed Rect: pos = array([85., 40.])
42.8662 	EXP 	unnamed Rect: pos = array([85., 40.])
42.8828 	EXP 	unnamed Rect: pos = array([85., 40.])
42.8996 	EXP 	unnamed Rect: pos = array([85., 40.])
42.9161 	EXP 	unnamed Rect: pos = array([85., 40.])
42.9167 	DATA 	Keypress: left
42.9329 	EXP 	unnamed Rect: pos = array([75., 40.])
42.9495 	EXP 	unnamed Rect: pos = array([75., 40.])
42.9661 	EXP 	unnamed Rect: pos = array([75., 40.])
42.9829 	EXP 	unnamed Rect: pos = array([75., 40.])
42.9994 	EXP 	unnamed Rect: pos = array([75., 40.])
43.0161 	EXP 	unnamed Rect: pos = array([75., 40.])
43.0331 	EXP 	unnamed Rect: pos = array([75., 40.])
43.0495 	EXP 	unnamed Rect: pos = array([75., 40.])
43.0661 	EXP 	unnamed Rect: pos = array([75., 40.])
43.0828 	EXP 	unnamed Rect: pos = array([75., 40.])
43.1011 	EXP 	unnamed Rect: pos = array([75., 40.])
43.1018 	DATA 	Keypress: left
43.1160 	EXP 	unnamed Rect: pos = array([65., 40.])
43.1329 	EXP 	unnamed Rect: pos = array([65., 40.])
43.1500 	EXP 	unnamed Rect: pos = array([65., 40.])
43.1661 	EXP 	unnamed Rect: pos = array([65., 40.])
43.1828 	EXP 	unnamed Rect: pos = array([65., 40.])
43.2000 	EXP 	unnamed Rect: pos = array([65., 40.])
43.2162 	EXP 	unnamed Rect: pos = array([65., 40.])
43.2330 	EXP 	unnamed Rect: pos = array([65., 40.])
43.2496 	EXP 	unnamed Rect: pos = array([65., 40.])
43.2526 	DATA 	Keypress: left
43.2661 	EXP 	unnamed Rect: pos = array([65., 40.])
43.2830 	EXP 	unnamed Rect: pos = array([55., 40.])
43.2995 	EXP 	unnamed Rect: pos = array([55., 40.])
43.3163 	EXP 	unnamed Rect: pos = array([55., 40.])
43.3334 	EXP 	unnamed Rect: pos = array([55., 40.])
43.3499 	EXP 	unnamed Rect: pos = array([55., 40.])
43.3664 	EXP 	unnamed Rect: pos = array([55., 40.])
43.3826 	EXP 	unnamed Rect: pos = array([55., 40.])
43.3993 	EXP 	unnamed Rect: pos = array([55., 40.])
43.4161 	EXP 	unnamed Rect: pos = array([55., 40.])
43.4168 	DATA 	Keypress: left
43.4327 	EXP 	unnamed Rect: pos = array([45., 40.])
43.4494 	EXP 	unnamed Rect: pos = array([45., 40.])
43.4661 	EXP 	unnamed Rect: pos = array([45., 40.])
43.4827 	EXP 	unnamed Rect: pos = array([45., 40.])
43.4993 	EXP 	unnamed Rect: pos = array([45., 40.])
43.5162 	EXP 	unnamed Rect: pos = array([45., 40.])
43.5330 	EXP 	unnamed Rect: pos = array([45., 40.])
43.5496 	EXP 	unnamed Rect: pos = array([45., 40.])
43.5665 	EXP 	unnamed Rect: pos = array([45., 40.])
43.5828 	EXP 	unnamed Rect: pos = array([45., 40.])
43.5834 	DATA 	Keypress: up
43.5998 	EXP 	unnamed Rect: pos = array([45., 50.])
43.6162 	EXP 	unnamed Rect: pos = array([45., 50.])
43.6328 	EXP 	unnamed Rect: pos = array([45., 50.])
43.6498 	EXP 	unnamed Rect: pos = array([45., 50.])
43.6661 	EXP 	unnamed Rect: pos = array([45., 50.])
43.6829 	EXP 	unnamed Rect: pos = array([45., 50.])
43.6995 	EXP 	unnamed Rect: pos = array([45., 50.])
43.7162 	EXP 	unnamed Rect: pos = array([45., 50.])
43.7327 	EXP 	unnamed Rect: pos = array([45., 50.])
43.7494 	EXP 	unnamed Rect: pos = array([45., 50.])
43.7663 	EXP 	unnamed Rect: pos = array([45., 50.])
43.7694 	DATA 	Keypress: up
43.7829 	EXP 	unnamed Rect: pos = array([45., 50.])
43.7996 	EXP 	unnamed Rect: pos = array([45., 60.])
43.8161 	EXP 	unnamed Rect: pos = array([45., 60.])
43.8327 	EXP 	unnamed Rect: pos = array([45., 60.])
43.8494 	EXP 	unnamed Rect: pos = array([45., 60.])
43.8661 	EXP 	unnamed Rect: pos = array([45., 60.])
43.8828 	EXP 	unnamed Rect: pos = array([45., 60.])
43.8997 	EXP 	unnamed Rect: pos = array([45., 60.])
43.9010 	DATA 	Keypress: left
43.9163 	EXP 	unnamed Rect: pos = array([35., 60.])
43.9327 	EXP 	unnamed Rect: pos = array([35., 60.])
43.9493 	EXP 	unnamed Rect: pos = array([35., 60.])
43.9661 	EXP 	unnamed Rect: pos = array([35., 60.])
43.9827 	EXP 	unnamed Rect: pos = array([35., 60.])
43.9994 	EXP 	unnamed Rect: pos = array([35., 60.])
44.0163 	EXP 	unnamed Rect: pos = array([35., 60.])
44.0328 	EXP 	unnamed Rect: pos = array([35., 60.])
44.0496 	EXP 	unnamed Rect: pos = array([35., 60.])
44.0663 	EXP 	unnamed Rect: pos = array([35., 60.])
44.0727 	DATA 	Keypress: left
44.0830 	EXP 	unnamed Rect: pos = array([35., 60.])
44.0996 	EXP 	unnamed Rect: pos = array([25., 60.])
44.1162 	EXP 	unnamed Rect: pos = array([25., 60.])
44.1331 	EXP 	unnamed Rect: pos = array([25., 60.])
44.1495 	EXP 	unnamed Rect: pos = array([25., 60.])
44.1664 	EXP 	unnamed Rect: pos = array([25., 60.])
44.1830 	EXP 	unnamed Rect: pos = array([25., 60.])
44.1997 	EXP 	unnamed Rect: pos = array([25., 60.])
44.2160 	EXP 	unnamed Rect: pos = array([25., 60.])
44.2329 	EXP 	unnamed Rect: pos = array([25., 60.])
44.2496 	EXP 	unnamed Rect: pos = array([25., 60.])
44.2502 	DATA 	Keypress: left
44.2661 	EXP 	unnamed Rect: pos = array([15., 60.])
44.2827 	EXP 	unnamed Rect: pos = array([15., 60.])
44.2994 	EXP 	unnamed Rect: pos = array([15., 60.])
44.3161 	EXP 	unnamed Rect: pos = array([15., 60.])
44.3328 	EXP 	unnamed Rect: pos = array([15., 60.])
44.3495 	EXP 	unnamed Rect: pos = array([15., 60.])
44.3661 	EXP 	unnamed Rect: pos = array([15., 60.])
44.3829 	EXP 	unnamed Rect: pos = array([15., 60.])
44.3995 	EXP 	unnamed Rect: pos = array([15., 60.])
44.4161 	EXP 	unnamed Rect: pos = array([15., 60.])
44.4208 	DATA 	Keypress: left
44.4329 	EXP 	unnamed Rect: pos = array([15., 60.])
44.4497 	EXP 	unnamed Rect: pos = array([ 5., 60.])
44.4660 	EXP 	unnamed Rect: pos = array([ 5., 60.])
44.4830 	EXP 	unnamed Rect: pos = array([ 5., 60.])
44.4993 	EXP 	unnamed Rect: pos = array([ 5., 60.])
44.5160 	EXP 	unnamed Rect: pos = array([ 5., 60.])
44.5328 	EXP 	unnamed Rect: pos = array([ 5., 60.])
44.5494 	EXP 	unnamed Rect: pos = array([ 5., 60.])
44.5662 	EXP 	unnamed Rect: pos = array([ 5., 60.])
44.5828 	EXP 	unnamed Rect: pos = array([ 5., 60.])
44.5993 	EXP 	unnamed Rect: pos = array([ 5., 60.])
44.6160 	EXP 	unnamed Rect: pos = array([ 5., 60.])
44.6166 	DATA 	Keypress: up
44.6327 	EXP 	unnamed Rect: pos = array([ 5., 70.])
44.6494 	EXP 	unnamed Rect: pos = array([ 5., 70.])
44.6661 	EXP 	unnamed Rect: pos = array([ 5., 70.])
44.6831 	EXP 	unnamed Rect: pos = array([ 5., 70.])
44.6995 	EXP 	unnamed Rect: pos = array([ 5., 70.])
44.7160 	EXP 	unnamed Rect: pos = array([ 5., 70.])
44.7329 	EXP 	unnamed Rect: pos = array([ 5., 70.])
44.7498 	EXP 	unnamed Rect: pos = array([ 5., 70.])
44.7665 	EXP 	unnamed Rect: pos = array([ 5., 70.])
44.7695 	DATA 	Keypress: up
44.7833 	EXP 	unnamed Rect: pos = array([ 5., 70.])
44.7994 	EXP 	unnamed Rect: pos = array([ 5., 80.])
44.8161 	EXP 	unnamed Rect: pos = array([ 5., 80.])
44.8333 	EXP 	unnamed Rect: pos = array([ 5., 80.])
44.8498 	EXP 	unnamed Rect: pos = array([ 5., 80.])
44.8662 	EXP 	unnamed Rect: pos = array([ 5., 80.])
44.8826 	EXP 	unnamed Rect: pos = array([ 5., 80.])
44.8993 	EXP 	unnamed Rect: pos = array([ 5., 80.])
44.9162 	EXP 	unnamed Rect: pos = array([ 5., 80.])
44.9245 	DATA 	Keypress: a
44.9328 	EXP 	unnamed Rect: pos = array([ 5., 80.])
44.9495 	EXP 	unnamed Rect: pos = array([ 5., 80.])
44.9662 	EXP 	unnamed Rect: pos = array([ 5., 80.])
44.9833 	EXP 	unnamed Rect: pos = array([ 5., 80.])
44.9995 	EXP 	unnamed Rect: pos = array([ 5., 80.])
45.0164 	EXP 	unnamed Rect: pos = array([ 5., 80.])
45.0333 	EXP 	unnamed Rect: pos = array([ 5., 80.])
45.0495 	EXP 	unnamed Rect: pos = array([ 5., 80.])
45.0662 	EXP 	unnamed Rect: pos = array([ 5., 80.])
45.0829 	EXP 	unnamed Rect: pos = array([ 5., 80.])
45.1000 	EXP 	unnamed Rect: pos = array([ 5., 80.])
45.1160 	EXP 	unnamed Rect: pos = array([ 5., 80.])
45.1335 	EXP 	unnamed Rect: pos = array([ 5., 80.])
45.1496 	EXP 	unnamed Rect: pos = array([ 5., 80.])
45.1662 	EXP 	unnamed Rect: pos = array([ 5., 80.])
45.1828 	EXP 	unnamed Rect: pos = array([ 5., 80.])
45.1995 	EXP 	unnamed Rect: pos = array([ 5., 80.])
45.2161 	EXP 	unnamed Rect: pos = array([ 5., 80.])
45.2329 	EXP 	unnamed Rect: pos = array([ 5., 80.])
45.2495 	EXP 	unnamed Rect: pos = array([ 5., 80.])
45.2660 	EXP 	unnamed Rect: pos = array([ 5., 80.])
45.2834 	EXP 	unnamed Rect: pos = array([ 5., 80.])
45.2996 	EXP 	unnamed Rect: pos = array([ 5., 80.])
45.3160 	EXP 	unnamed Rect: pos = array([ 5., 80.])
45.3327 	EXP 	unnamed Rect: pos = array([ 5., 80.])
45.3494 	EXP 	unnamed Rect: pos = array([ 5., 80.])
45.3662 	EXP 	unnamed Rect: pos = array([ 5., 80.])
45.3828 	EXP 	unnamed Rect: pos = array([ 5., 80.])
45.3995 	EXP 	unnamed Rect: pos = array([ 5., 80.])
45.4161 	EXP 	unnamed Rect: pos = array([ 5., 80.])
45.4328 	EXP 	unnamed Rect: pos = array([ 5., 80.])
45.4494 	EXP 	unnamed Rect: pos = array([ 5., 80.])
45.4662 	EXP 	unnamed Rect: pos = array([ 5., 80.])
45.4828 	EXP 	unnamed Rect: pos = array([ 5., 80.])
45.4838 	DATA 	Keypress: a
45.4996 	EXP 	unnamed Rect: pos = array([ 5., 80.])
45.5166 	EXP 	unnamed Rect: pos = array([ 5., 80.])
45.5327 	EXP 	unnamed Rect: pos = array([ 5., 80.])
45.5494 	EXP 	unnamed Rect: pos = array([ 5., 80.])
45.5661 	EXP 	unnamed Rect: pos = array([ 5., 80.])
45.5828 	EXP 	unnamed Rect: pos = array([ 5., 80.])
45.5996 	EXP 	unnamed Rect: pos = array([ 5., 80.])
45.6164 	EXP 	unnamed Rect: pos = array([ 5., 80.])
45.6331 	EXP 	unnamed Rect: pos = array([ 5., 80.])
45.6494 	EXP 	unnamed Rect: pos = array([ 5., 80.])
45.6660 	EXP 	unnamed Rect: pos = array([ 5., 80.])
45.6669 	DATA 	Keypress: q
45.6872 	EXP 	window1: mouseVisible = True
