0.5927 	WARNING 	We strongly recommend you activate the PTB sound engine in PsychoPy prefs as the preferred audio engine. Its timing is vastly superior. Your prefs are currently set to use ['sounddevice', 'PTB', 'pyo', 'pygame'] (in that order).
4.6727 	ERROR 	'-1.0000, -1.0000, -1.0000' is not a valid rgb color
5.2712 	EXP 	Created window1 = Window(allowGUI=False, allowStencil=False, autoLog=True, backendConf=UNKNOWN, bitsMode=UNKNOWN, blendMode='avg', bpc=(8, 8, 8), color=array([0, 0, 0]), colorSpace='rgb', depthBits=8, fullscr=<method-wrapper '__getattribute__' of attributeSetter object at 0x7fba436aaa20>, gamma=None, gammaErrorPolicy='raise', lms=UNKNOWN, monitor=<psychopy.monitors.calibTools.Monitor object at 0x7fba42cfd470>, multiSample=False, name='window1', numSamples=2, pos=[360.0, 225.0], screen=0, size=array([2880, 1800]), stencilBits=0, stereo=False, units='height', useFBO=True, useRetina=True, viewOri=0.0, viewPos=None, viewScale=None, waitBlanking=True, winType='pyglet')
5.2718 	EXP 	window1: mouseVisible = True
5.2720 	EXP 	window1: recordFrameIntervals = False
5.4371 	EXP 	window1: recordFrameIntervals = True
5.6200 	EXP 	window1: recordFrameIntervals = False
6.2312 	DEPRECATION 	'1.0000, 1.0000, 1.0000' is not a valid rgb color
6.2598 	EXP 	Created Welcometext = TextStim(__class__=<class 'psychopy.visual.text.TextStim'>, alignHoriz=method-wrapper(...), alignText='center', alignVert=method-wrapper(...), anchorHoriz='center', anchorVert='center', antialias=True, autoLog=True, bold=False, color=array([0., 0., 0.]), colorSpace='rgb', contrast=1.0, depth=0.0, flipHoriz=False, flipVert=False, font='Open Sans', fontFiles=[], height=0.05, italic=False, languageStyle='LTR', name='Welcometext', opacity=0, ori=0.0, pos=array([0., 0.]), rgb=UNKNOWN, text='Welcome\nPlease press Spacebar to start', units='height', win=Window(...), wrapWidth=1)
6.6309 	EXP 	Created text = TextStim(__class__=<class 'psychopy.visual.text.TextStim'>, alignHoriz=method-wrapper(...), alignText='center', alignVert=method-wrapper(...), anchorHoriz='center', anchorVert='center', antialias=True, autoLog=True, bold=False, color=array([1., 1., 1.]), colorSpace='rgb', contrast=1.0, depth=0.0, flipHoriz=False, flipVert=False, font='Open Sans', fontFiles=[], height=0.05, italic=False, languageStyle='LTR', name='text', opacity=1, ori=0.0, pos=array([0., 0.]), rgb=UNKNOWN, text=str(...), units='height', win=Window(...), wrapWidth=1)
6.6315 	EXP 	Created sequence: random, trialTypes=1, nReps=5, seed=None
6.6317 	EXP 	New trial (rep=0, index=0): None
6.6379 	EXP 	Welcometext: autoDraw = True
6.8405 	EXP 	Created unnamed Rect = Rect(__class__=<class 'psychopy.visual.rect.Rect'>, autoDraw=False, autoLog=True, closeShape=True, color=method-wrapper(...), colorSpace='rgb', contrast=None, depth=0, fillColor=array([ 1, -1, -1]), fillColorSpace='rgb', fillRGB=array([ 1, -1, -1]), interpolate=True, lineColor=array([-1., -1.,  1.]), lineColorSpace='rgb', lineRGB=array([-1, -1,  1]), lineWidth=1.5, name='unnamed Rect', opacity=1, ori=0.0, pos=array([0., 0.]), size=array([1000.,  700.]), units='pix', vertices=ndarray(...), win=Window(...))
6.8421 	EXP 	Created unnamed Rect = Rect(__class__=<class 'psychopy.visual.rect.Rect'>, autoDraw=False, autoLog=True, closeShape=True, color=method-wrapper(...), colorSpace='rgb', contrast=None, depth=0, fillColor=array([-1, -1, -1]), fillColorSpace='rgb', fillRGB=array([-1, -1, -1]), interpolate=True, lineColor=array([-1., -1.,  1.]), lineColorSpace='rgb', lineRGB=array([-1, -1,  1]), lineWidth=1.5, name='unnamed Rect', opacity=1, ori=0.0, pos=array([0., 0.]), size=array([400., 600.]), units='pix', vertices=ndarray(...), win=Window(...))
6.8437 	EXP 	Created unnamed Rect = Rect(__class__=<class 'psychopy.visual.rect.Rect'>, autoDraw=False, autoLog=True, closeShape=True, color=method-wrapper(...), colorSpace='rgb', contrast=None, depth=0, fillColor=array([-1, -1, -1]), fillColorSpace='rgb', fillRGB=array([-1, -1, -1]), interpolate=True, lineColor=array([-1., -1.,  1.]), lineColorSpace='rgb', lineRGB=array([-1, -1,  1]), lineWidth=1.5, name='unnamed Rect', opacity=1, ori=0.0, pos=array([0., 0.]), size=array([400., 600.]), units='pix', vertices=ndarray(...), win=Window(...))
6.8458 	EXP 	Created unnamed Rect = Rect(__class__=<class 'psychopy.visual.rect.Rect'>, autoDraw=False, autoLog=True, closeShape=True, color=method-wrapper(...), colorSpace='rgb', contrast=None, depth=0, fillColor=array([ 1,  1, -1]), fillColorSpace='rgb', fillRGB=array([ 1,  1, -1]), interpolate=True, lineColor=array([0., 0., 0.]), lineColorSpace='rgb', lineRGB=array([0, 0, 0]), lineWidth=1.5, name='unnamed Rect', opacity=0.5, ori=0.0, pos=array([0., 0.]), size=array([30., 30.]), units='pix', vertices=ndarray(...), win=Window(...))
6.8481 	EXP 	Created unnamed Rect = Rect(__class__=<class 'psychopy.visual.rect.Rect'>, autoDraw=False, autoLog=True, closeShape=True, color=method-wrapper(...), colorSpace='rgb', contrast=None, depth=0, fillColor=array([ 1,  1, -1]), fillColorSpace='rgb', fillRGB=array([ 1,  1, -1]), interpolate=True, lineColor=array([0., 0., 0.]), lineColorSpace='rgb', lineRGB=array([0, 0, 0]), lineWidth=1.5, name='unnamed Rect', opacity=0.5, ori=0.0, pos=array([0., 0.]), size=array([30., 30.]), units='pix', vertices=ndarray(...), win=Window(...))
6.8500 	EXP 	Created unnamed Rect = Rect(__class__=<class 'psychopy.visual.rect.Rect'>, autoDraw=False, autoLog=True, closeShape=True, color=method-wrapper(...), colorSpace='rgb', contrast=None, depth=0, fillColor=array([ 1,  1, -1]), fillColorSpace='rgb', fillRGB=array([ 1,  1, -1]), interpolate=True, lineColor=array([0., 0., 0.]), lineColorSpace='rgb', lineRGB=array([0, 0, 0]), lineWidth=1.5, name='unnamed Rect', opacity=0.5, ori=0.0, pos=array([0., 0.]), size=array([30., 30.]), units='pix', vertices=ndarray(...), win=Window(...))
6.8518 	EXP 	Created unnamed Rect = Rect(__class__=<class 'psychopy.visual.rect.Rect'>, autoDraw=False, autoLog=True, closeShape=True, color=method-wrapper(...), colorSpace='rgb', contrast=None, depth=0, fillColor=array([ 1,  1, -1]), fillColorSpace='rgb', fillRGB=array([ 1,  1, -1]), interpolate=True, lineColor=array([0., 0., 0.]), lineColorSpace='rgb', lineRGB=array([0, 0, 0]), lineWidth=1.5, name='unnamed Rect', opacity=0.5, ori=0.0, pos=array([0., 0.]), size=array([30., 30.]), units='pix', vertices=ndarray(...), win=Window(...))
6.8536 	EXP 	Created unnamed Rect = Rect(__class__=<class 'psychopy.visual.rect.Rect'>, autoDraw=False, autoLog=True, closeShape=True, color=method-wrapper(...), colorSpace='rgb', contrast=None, depth=0, fillColor=array([ 1,  1, -1]), fillColorSpace='rgb', fillRGB=array([ 1,  1, -1]), interpolate=True, lineColor=array([0., 0., 0.]), lineColorSpace='rgb', lineRGB=array([0, 0, 0]), lineWidth=1.5, name='unnamed Rect', opacity=0.5, ori=0.0, pos=array([0., 0.]), size=array([30., 30.]), units='pix', vertices=ndarray(...), win=Window(...))
6.8863 	EXP 	Created unnamed ImageStim = ImageStim(__class__=<class 'psychopy.visual.image.ImageStim'>, autoLog=True, color=array([1., 1., 1.]), colorSpace='rgb', contrast=1.0, depth=0, flipHoriz=False, flipVert=False, image='tree.png', interpolate=False, mask=None, maskParams=None, name='unnamed ImageStim', opacity=1, ori=0.0, pos=array([0., 0.]), size=array([512, 512]), texRes=128, units='pix', win=Window(...))
6.9076 	EXP 	Created unnamed ImageStim = ImageStim(__class__=<class 'psychopy.visual.image.ImageStim'>, autoLog=True, color=array([1., 1., 1.]), colorSpace='rgb', contrast=1.0, depth=0, flipHoriz=False, flipVert=False, image='tree.png', interpolate=False, mask=None, maskParams=None, name='unnamed ImageStim', opacity=1, ori=0.0, pos=array([0., 0.]), size=array([512, 512]), texRes=128, units='pix', win=Window(...))
6.9256 	EXP 	Created unnamed ImageStim = ImageStim(__class__=<class 'psychopy.visual.image.ImageStim'>, autoLog=True, color=array([1., 1., 1.]), colorSpace='rgb', contrast=1.0, depth=0, flipHoriz=False, flipVert=False, image='tree.png', interpolate=False, mask=None, maskParams=None, name='unnamed ImageStim', opacity=1, ori=0.0, pos=array([0., 0.]), size=array([512, 512]), texRes=128, units='pix', win=Window(...))
6.9330 	DATA 	Keypress: space
6.9388 	EXP 	Welcometext: autoDraw = False
6.9388 	EXP 	unnamed Rect: pos = [-250, 0]
6.9388 	EXP 	unnamed Rect: pos = [250, 0]
6.9388 	EXP 	unnamed Rect: pos = [-103.77601844853595, 113.61073475401811]
6.9388 	EXP 	unnamed Rect: pos = [347.2421219602425, -247.6503763133946]
6.9388 	EXP 	unnamed Rect: pos = [144.23322007346184, -284.98699729654277]
6.9388 	EXP 	unnamed Rect: pos = [87.16657648740141, -256.1066079081312]
6.9388 	EXP 	unnamed Rect: pos = [208.87341771015636, 76.15508679217794]
6.9388 	EXP 	unnamed ImageStim: size = [128.0, 128.0]
6.9388 	EXP 	unnamed ImageStim: size = [128.0, 128.0]
6.9388 	EXP 	unnamed ImageStim: size = [128.0, 128.0]
6.9388 	EXP 	unnamed ImageStim: pos = [46.62835999623996, 46.28019199056427]
6.9388 	EXP 	unnamed ImageStim: pos = [-203.37164000376004, 46.28019199056427]
6.9388 	EXP 	unnamed ImageStim: pos = [296.62835999623996, 46.28019199056427]
8.1348 	DATA 	Keypress: left
12.3417 	EXP 	Created unnamed Rect = Rect(__class__=<class 'psychopy.visual.rect.Rect'>, autoDraw=False, autoLog=True, closeShape=True, color=method-wrapper(...), colorSpace='rgb', contrast=None, depth=0, fillColor=array([-1, -1, -1]), fillColorSpace='rgb', fillRGB=array([-1, -1, -1]), interpolate=True, lineColor=array([-1., -1.,  1.]), lineColorSpace='rgb', lineRGB=array([-1, -1,  1]), lineWidth=1.5, name='unnamed Rect', opacity=1, ori=0.0, pos=array([0., 0.]), size=array([400., 600.]), units='pix', vertices=ndarray(...), win=Window(...))
12.3471 	EXP 	Created unnamed Rect = Rect(__class__=<class 'psychopy.visual.rect.Rect'>, autoDraw=False, autoLog=True, closeShape=True, color=method-wrapper(...), colorSpace='rgb', contrast=None, depth=0, fillColor=array([-1, -1, -1]), fillColorSpace='rgb', fillRGB=array([-1, -1, -1]), interpolate=True, lineColor=array([-1., -1.,  1.]), lineColorSpace='rgb', lineRGB=array([-1, -1,  1]), lineWidth=1.5, name='unnamed Rect', opacity=1, ori=0.0, pos=array([0., 0.]), size=array([400., 600.]), units='pix', vertices=ndarray(...), win=Window(...))
12.3580 	DATA 	Keypress: left
12.3662 	EXP 	unnamed Rect: pos = array([146.22398155, 113.61073475])
12.3662 	EXP 	unnamed Rect: pos = array([146.22398155, 113.61073475])
12.3737 	EXP 	unnamed Rect: pos = array([146.22398155, 113.61073475])
12.3859 	EXP 	unnamed Rect: pos = array([146.22398155, 113.61073475])
12.4023 	EXP 	unnamed Rect: pos = array([146.22398155, 113.61073475])
12.4192 	EXP 	unnamed Rect: pos = array([146.22398155, 113.61073475])
12.4356 	EXP 	unnamed Rect: pos = array([146.22398155, 113.61073475])
12.4523 	EXP 	unnamed Rect: pos = array([146.22398155, 113.61073475])
12.4690 	EXP 	unnamed Rect: pos = array([146.22398155, 113.61073475])
12.4864 	EXP 	unnamed Rect: pos = array([146.22398155, 113.61073475])
12.5024 	EXP 	unnamed Rect: pos = array([146.22398155, 113.61073475])
12.5206 	EXP 	unnamed Rect: pos = array([146.22398155, 113.61073475])
12.5356 	EXP 	unnamed Rect: pos = array([146.22398155, 113.61073475])
12.5522 	EXP 	unnamed Rect: pos = array([146.22398155, 113.61073475])
12.5697 	EXP 	unnamed Rect: pos = array([146.22398155, 113.61073475])
12.5854 	EXP 	unnamed Rect: pos = array([146.22398155, 113.61073475])
12.6023 	EXP 	unnamed Rect: pos = array([146.22398155, 113.61073475])
12.6189 	EXP 	unnamed Rect: pos = array([146.22398155, 113.61073475])
12.6360 	EXP 	unnamed Rect: pos = array([146.22398155, 113.61073475])
12.6522 	EXP 	unnamed Rect: pos = array([146.22398155, 113.61073475])
12.6690 	EXP 	unnamed Rect: pos = array([146.22398155, 113.61073475])
12.6854 	EXP 	unnamed Rect: pos = array([146.22398155, 113.61073475])
12.7021 	EXP 	unnamed Rect: pos = array([146.22398155, 113.61073475])
12.7190 	EXP 	unnamed Rect: pos = array([146.22398155, 113.61073475])
12.7356 	EXP 	unnamed Rect: pos = array([146.22398155, 113.61073475])
12.7523 	EXP 	unnamed Rect: pos = array([146.22398155, 113.61073475])
12.7697 	EXP 	unnamed Rect: pos = array([146.22398155, 113.61073475])
12.7861 	EXP 	unnamed Rect: pos = array([146.22398155, 113.61073475])
12.7874 	DATA 	Keypress: up
12.8027 	EXP 	unnamed Rect: pos = array([146.22398155, 123.61073475])
12.8191 	EXP 	unnamed Rect: pos = array([146.22398155, 123.61073475])
12.8360 	EXP 	unnamed Rect: pos = array([146.22398155, 123.61073475])
12.8523 	EXP 	unnamed Rect: pos = array([146.22398155, 123.61073475])
12.8693 	EXP 	unnamed Rect: pos = array([146.22398155, 123.61073475])
12.8867 	EXP 	unnamed Rect: pos = array([146.22398155, 123.61073475])
12.9023 	EXP 	unnamed Rect: pos = array([146.22398155, 123.61073475])
12.9196 	EXP 	unnamed Rect: pos = array([146.22398155, 123.61073475])
12.9357 	EXP 	unnamed Rect: pos = array([146.22398155, 123.61073475])
12.9523 	EXP 	unnamed Rect: pos = array([146.22398155, 123.61073475])
12.9696 	EXP 	unnamed Rect: pos = array([146.22398155, 123.61073475])
12.9867 	EXP 	unnamed Rect: pos = array([146.22398155, 123.61073475])
12.9880 	DATA 	Keypress: left
13.0025 	EXP 	unnamed Rect: pos = array([136.22398155, 123.61073475])
13.0191 	EXP 	unnamed Rect: pos = array([136.22398155, 123.61073475])
13.0356 	EXP 	unnamed Rect: pos = array([136.22398155, 123.61073475])
13.0525 	EXP 	unnamed Rect: pos = array([136.22398155, 123.61073475])
13.0695 	EXP 	unnamed Rect: pos = array([136.22398155, 123.61073475])
13.0861 	EXP 	unnamed Rect: pos = array([136.22398155, 123.61073475])
13.1024 	EXP 	unnamed Rect: pos = array([136.22398155, 123.61073475])
13.1189 	EXP 	unnamed Rect: pos = array([136.22398155, 123.61073475])
13.1362 	EXP 	unnamed Rect: pos = array([136.22398155, 123.61073475])
13.1523 	EXP 	unnamed Rect: pos = array([136.22398155, 123.61073475])
13.1703 	EXP 	unnamed Rect: pos = array([136.22398155, 123.61073475])
13.1716 	DATA 	Keypress: left
13.1859 	EXP 	unnamed Rect: pos = array([126.22398155, 123.61073475])
13.2026 	EXP 	unnamed Rect: pos = array([126.22398155, 123.61073475])
13.2188 	EXP 	unnamed Rect: pos = array([126.22398155, 123.61073475])
13.2369 	EXP 	unnamed Rect: pos = array([126.22398155, 123.61073475])
13.2524 	EXP 	unnamed Rect: pos = array([126.22398155, 123.61073475])
13.2690 	EXP 	unnamed Rect: pos = array([126.22398155, 123.61073475])
13.2858 	EXP 	unnamed Rect: pos = array([126.22398155, 123.61073475])
13.3022 	EXP 	unnamed Rect: pos = array([126.22398155, 123.61073475])
13.3064 	DATA 	Keypress: left
13.3198 	EXP 	unnamed Rect: pos = array([126.22398155, 123.61073475])
13.3357 	EXP 	unnamed Rect: pos = array([116.22398155, 123.61073475])
13.3522 	EXP 	unnamed Rect: pos = array([116.22398155, 123.61073475])
13.3690 	EXP 	unnamed Rect: pos = array([116.22398155, 123.61073475])
13.3857 	EXP 	unnamed Rect: pos = array([116.22398155, 123.61073475])
13.4034 	EXP 	unnamed Rect: pos = array([116.22398155, 123.61073475])
13.4188 	EXP 	unnamed Rect: pos = array([116.22398155, 123.61073475])
13.4355 	EXP 	unnamed Rect: pos = array([116.22398155, 123.61073475])
13.4522 	EXP 	unnamed Rect: pos = array([116.22398155, 123.61073475])
13.4693 	EXP 	unnamed Rect: pos = array([116.22398155, 123.61073475])
13.4856 	EXP 	unnamed Rect: pos = array([116.22398155, 123.61073475])
13.4897 	DATA 	Keypress: left
13.5034 	EXP 	unnamed Rect: pos = array([116.22398155, 123.61073475])
13.5189 	EXP 	unnamed Rect: pos = array([106.22398155, 123.61073475])
13.5357 	EXP 	unnamed Rect: pos = array([106.22398155, 123.61073475])
13.5528 	EXP 	unnamed Rect: pos = array([106.22398155, 123.61073475])
13.5697 	EXP 	unnamed Rect: pos = array([106.22398155, 123.61073475])
13.5855 	EXP 	unnamed Rect: pos = array([106.22398155, 123.61073475])
13.6024 	EXP 	unnamed Rect: pos = array([106.22398155, 123.61073475])
13.6038 	DATA 	Keypress: down
13.6191 	EXP 	unnamed Rect: pos = array([106.22398155, 113.61073475])
13.6359 	EXP 	unnamed Rect: pos = array([106.22398155, 113.61073475])
13.6526 	EXP 	unnamed Rect: pos = array([106.22398155, 113.61073475])
13.6698 	EXP 	unnamed Rect: pos = array([106.22398155, 113.61073475])
13.6856 	EXP 	unnamed Rect: pos = array([106.22398155, 113.61073475])
13.7022 	EXP 	unnamed Rect: pos = array([106.22398155, 113.61073475])
13.7188 	EXP 	unnamed Rect: pos = array([106.22398155, 113.61073475])
13.7363 	EXP 	unnamed Rect: pos = array([106.22398155, 113.61073475])
13.7526 	EXP 	unnamed Rect: pos = array([106.22398155, 113.61073475])
13.7693 	EXP 	unnamed Rect: pos = array([106.22398155, 113.61073475])
13.7735 	DATA 	Keypress: down
13.7869 	EXP 	unnamed Rect: pos = array([106.22398155, 113.61073475])
13.8025 	EXP 	unnamed Rect: pos = array([106.22398155, 103.61073475])
13.8189 	EXP 	unnamed Rect: pos = array([106.22398155, 103.61073475])
13.8356 	EXP 	unnamed Rect: pos = array([106.22398155, 103.61073475])
13.8522 	EXP 	unnamed Rect: pos = array([106.22398155, 103.61073475])
13.8698 	EXP 	unnamed Rect: pos = array([106.22398155, 103.61073475])
13.8857 	EXP 	unnamed Rect: pos = array([106.22398155, 103.61073475])
13.9026 	EXP 	unnamed Rect: pos = array([106.22398155, 103.61073475])
13.9192 	EXP 	unnamed Rect: pos = array([106.22398155, 103.61073475])
13.9364 	EXP 	unnamed Rect: pos = array([106.22398155, 103.61073475])
13.9521 	EXP 	unnamed Rect: pos = array([106.22398155, 103.61073475])
13.9695 	EXP 	unnamed Rect: pos = array([106.22398155, 103.61073475])
13.9737 	DATA 	Keypress: down
13.9865 	EXP 	unnamed Rect: pos = array([106.22398155, 103.61073475])
14.0022 	EXP 	unnamed Rect: pos = array([106.22398155,  93.61073475])
14.0191 	EXP 	unnamed Rect: pos = array([106.22398155,  93.61073475])
14.0367 	EXP 	unnamed Rect: pos = array([106.22398155,  93.61073475])
14.0526 	EXP 	unnamed Rect: pos = array([106.22398155,  93.61073475])
14.0692 	EXP 	unnamed Rect: pos = array([106.22398155,  93.61073475])
14.0856 	EXP 	unnamed Rect: pos = array([106.22398155,  93.61073475])
14.1023 	EXP 	unnamed Rect: pos = array([106.22398155,  93.61073475])
14.1199 	EXP 	unnamed Rect: pos = array([106.22398155,  93.61073475])
14.1211 	DATA 	Keypress: down
14.1356 	EXP 	unnamed Rect: pos = array([106.22398155,  83.61073475])
14.1523 	EXP 	unnamed Rect: pos = array([106.22398155,  83.61073475])
14.1690 	EXP 	unnamed Rect: pos = array([106.22398155,  83.61073475])
14.1854 	EXP 	unnamed Rect: pos = array([106.22398155,  83.61073475])
14.2032 	EXP 	unnamed Rect: pos = array([106.22398155,  83.61073475])
14.2191 	EXP 	unnamed Rect: pos = array([106.22398155,  83.61073475])
14.2356 	EXP 	unnamed Rect: pos = array([106.22398155,  83.61073475])
14.2522 	EXP 	unnamed Rect: pos = array([106.22398155,  83.61073475])
14.2690 	EXP 	unnamed Rect: pos = array([106.22398155,  83.61073475])
14.2858 	EXP 	unnamed Rect: pos = array([106.22398155,  83.61073475])
14.3022 	EXP 	unnamed Rect: pos = array([106.22398155,  83.61073475])
14.3200 	EXP 	unnamed Rect: pos = array([106.22398155,  83.61073475])
14.3213 	DATA 	Keypress: down
14.3356 	EXP 	unnamed Rect: pos = array([106.22398155,  73.61073475])
14.3520 	EXP 	unnamed Rect: pos = array([106.22398155,  73.61073475])
14.3697 	EXP 	unnamed Rect: pos = array([106.22398155,  73.61073475])
14.3857 	EXP 	unnamed Rect: pos = array([106.22398155,  73.61073475])
14.4029 	EXP 	unnamed Rect: pos = array([106.22398155,  73.61073475])
14.4041 	DATA 	Keypress: left
14.4201 	EXP 	unnamed Rect: pos = array([96.22398155, 73.61073475])
14.4359 	EXP 	unnamed Rect: pos = array([96.22398155, 73.61073475])
14.4526 	EXP 	unnamed Rect: pos = array([96.22398155, 73.61073475])
14.4696 	EXP 	unnamed Rect: pos = array([96.22398155, 73.61073475])
14.4864 	EXP 	unnamed Rect: pos = array([96.22398155, 73.61073475])
14.5025 	EXP 	unnamed Rect: pos = array([96.22398155, 73.61073475])
14.5193 	EXP 	unnamed Rect: pos = array([96.22398155, 73.61073475])
14.5356 	EXP 	unnamed Rect: pos = array([96.22398155, 73.61073475])
14.5522 	EXP 	unnamed Rect: pos = array([96.22398155, 73.61073475])
14.5690 	EXP 	unnamed Rect: pos = array([96.22398155, 73.61073475])
14.5865 	EXP 	unnamed Rect: pos = array([96.22398155, 73.61073475])
14.5878 	DATA 	Keypress: left
14.6025 	EXP 	unnamed Rect: pos = array([86.22398155, 73.61073475])
14.6199 	EXP 	unnamed Rect: pos = array([86.22398155, 73.61073475])
14.6356 	EXP 	unnamed Rect: pos = array([86.22398155, 73.61073475])
14.6529 	EXP 	unnamed Rect: pos = array([86.22398155, 73.61073475])
14.6691 	EXP 	unnamed Rect: pos = array([86.22398155, 73.61073475])
14.6856 	EXP 	unnamed Rect: pos = array([86.22398155, 73.61073475])
14.7026 	EXP 	unnamed Rect: pos = array([86.22398155, 73.61073475])
14.7193 	EXP 	unnamed Rect: pos = array([86.22398155, 73.61073475])
14.7362 	EXP 	unnamed Rect: pos = array([86.22398155, 73.61073475])
14.7375 	DATA 	Keypress: left
14.7533 	EXP 	unnamed Rect: pos = array([76.22398155, 73.61073475])
14.7690 	EXP 	unnamed Rect: pos = array([76.22398155, 73.61073475])
14.7856 	EXP 	unnamed Rect: pos = array([76.22398155, 73.61073475])
14.8022 	EXP 	unnamed Rect: pos = array([76.22398155, 73.61073475])
14.8192 	EXP 	unnamed Rect: pos = array([76.22398155, 73.61073475])
14.8366 	EXP 	unnamed Rect: pos = array([76.22398155, 73.61073475])
14.8523 	EXP 	unnamed Rect: pos = array([76.22398155, 73.61073475])
14.8690 	EXP 	unnamed Rect: pos = array([76.22398155, 73.61073475])
14.8855 	EXP 	unnamed Rect: pos = array([76.22398155, 73.61073475])
14.9028 	EXP 	unnamed Rect: pos = array([76.22398155, 73.61073475])
14.9193 	EXP 	unnamed Rect: pos = array([76.22398155, 73.61073475])
14.9205 	DATA 	Keypress: down
14.9365 	EXP 	unnamed Rect: pos = array([76.22398155, 63.61073475])
14.9522 	EXP 	unnamed Rect: pos = array([76.22398155, 63.61073475])
14.9697 	EXP 	unnamed Rect: pos = array([76.22398155, 63.61073475])
14.9860 	EXP 	unnamed Rect: pos = array([76.22398155, 63.61073475])
15.0032 	EXP 	unnamed Rect: pos = array([76.22398155, 63.61073475])
15.0189 	EXP 	unnamed Rect: pos = array([76.22398155, 63.61073475])
15.0358 	EXP 	unnamed Rect: pos = array([76.22398155, 63.61073475])
15.0523 	EXP 	unnamed Rect: pos = array([76.22398155, 63.61073475])
15.0701 	EXP 	unnamed Rect: pos = array([76.22398155, 63.61073475])
15.0867 	EXP 	unnamed Rect: pos = array([76.22398155, 63.61073475])
15.0880 	DATA 	Keypress: down
15.1031 	EXP 	unnamed Rect: pos = array([76.22398155, 53.61073475])
15.1198 	EXP 	unnamed Rect: pos = array([76.22398155, 53.61073475])
15.1360 	EXP 	unnamed Rect: pos = array([76.22398155, 53.61073475])
15.1526 	EXP 	unnamed Rect: pos = array([76.22398155, 53.61073475])
15.1690 	EXP 	unnamed Rect: pos = array([76.22398155, 53.61073475])
15.1856 	EXP 	unnamed Rect: pos = array([76.22398155, 53.61073475])
15.2022 	EXP 	unnamed Rect: pos = array([76.22398155, 53.61073475])
15.2196 	EXP 	unnamed Rect: pos = array([76.22398155, 53.61073475])
15.2361 	EXP 	unnamed Rect: pos = array([76.22398155, 53.61073475])
15.2535 	EXP 	unnamed Rect: pos = array([76.22398155, 53.61073475])
15.2547 	DATA 	Keypress: down
15.2696 	EXP 	unnamed Rect: pos = array([76.22398155, 43.61073475])
15.2856 	EXP 	unnamed Rect: pos = array([76.22398155, 43.61073475])
15.3036 	EXP 	unnamed Rect: pos = array([76.22398155, 43.61073475])
15.3192 	EXP 	unnamed Rect: pos = array([76.22398155, 43.61073475])
15.3365 	EXP 	unnamed Rect: pos = array([76.22398155, 43.61073475])
15.3521 	EXP 	unnamed Rect: pos = array([76.22398155, 43.61073475])
15.3689 	EXP 	unnamed Rect: pos = array([76.22398155, 43.61073475])
15.3859 	EXP 	unnamed Rect: pos = array([76.22398155, 43.61073475])
15.4024 	EXP 	unnamed Rect: pos = array([76.22398155, 43.61073475])
15.4190 	EXP 	unnamed Rect: pos = array([76.22398155, 43.61073475])
15.4233 	DATA 	Keypress: down
15.4366 	EXP 	unnamed Rect: pos = array([76.22398155, 43.61073475])
15.4525 	EXP 	unnamed Rect: pos = array([76.22398155, 33.61073475])
15.4691 	EXP 	unnamed Rect: pos = array([76.22398155, 33.61073475])
15.4858 	EXP 	unnamed Rect: pos = array([76.22398155, 33.61073475])
15.5033 	EXP 	unnamed Rect: pos = array([76.22398155, 33.61073475])
15.5189 	EXP 	unnamed Rect: pos = array([76.22398155, 33.61073475])
15.5356 	EXP 	unnamed Rect: pos = array([76.22398155, 33.61073475])
15.5527 	EXP 	unnamed Rect: pos = array([76.22398155, 33.61073475])
15.5690 	EXP 	unnamed Rect: pos = array([76.22398155, 33.61073475])
15.5865 	EXP 	unnamed Rect: pos = array([76.22398155, 33.61073475])
15.5875 	DATA 	Keypress: down
15.6023 	EXP 	unnamed Rect: pos = array([76.22398155, 23.61073475])
15.6193 	EXP 	unnamed Rect: pos = array([76.22398155, 23.61073475])
15.6356 	EXP 	unnamed Rect: pos = array([76.22398155, 23.61073475])
15.6526 	EXP 	unnamed Rect: pos = array([76.22398155, 23.61073475])
15.6694 	EXP 	unnamed Rect: pos = array([76.22398155, 23.61073475])
15.6856 	EXP 	unnamed Rect: pos = array([76.22398155, 23.61073475])
15.7024 	EXP 	unnamed Rect: pos = array([76.22398155, 23.61073475])
15.7190 	EXP 	unnamed Rect: pos = array([76.22398155, 23.61073475])
15.7355 	EXP 	unnamed Rect: pos = array([76.22398155, 23.61073475])
15.7525 	EXP 	unnamed Rect: pos = array([76.22398155, 23.61073475])
15.7571 	DATA 	Keypress: down
15.7699 	EXP 	unnamed Rect: pos = array([76.22398155, 23.61073475])
15.7859 	EXP 	unnamed Rect: pos = array([76.22398155, 13.61073475])
15.8022 	EXP 	unnamed Rect: pos = array([76.22398155, 13.61073475])
15.8198 	EXP 	unnamed Rect: pos = array([76.22398155, 13.61073475])
15.8356 	EXP 	unnamed Rect: pos = array([76.22398155, 13.61073475])
15.8523 	EXP 	unnamed Rect: pos = array([76.22398155, 13.61073475])
15.8695 	EXP 	unnamed Rect: pos = array([76.22398155, 13.61073475])
15.8860 	EXP 	unnamed Rect: pos = array([76.22398155, 13.61073475])
15.9024 	EXP 	unnamed Rect: pos = array([76.22398155, 13.61073475])
15.9199 	EXP 	unnamed Rect: pos = array([76.22398155, 13.61073475])
15.9212 	DATA 	Keypress: down
15.9353 	EXP 	unnamed Rect: pos = array([76.22398155,  3.61073475])
15.9524 	EXP 	unnamed Rect: pos = array([76.22398155,  3.61073475])
15.9694 	EXP 	unnamed Rect: pos = array([76.22398155,  3.61073475])
15.9856 	EXP 	unnamed Rect: pos = array([76.22398155,  3.61073475])
16.0025 	EXP 	unnamed Rect: pos = array([76.22398155,  3.61073475])
16.0194 	EXP 	unnamed Rect: pos = array([76.22398155,  3.61073475])
16.0356 	EXP 	unnamed Rect: pos = array([76.22398155,  3.61073475])
16.0525 	EXP 	unnamed Rect: pos = array([76.22398155,  3.61073475])
16.0694 	EXP 	unnamed Rect: pos = array([76.22398155,  3.61073475])
16.0859 	EXP 	unnamed Rect: pos = array([76.22398155,  3.61073475])
16.1028 	EXP 	unnamed Rect: pos = array([76.22398155,  3.61073475])
16.1039 	DATA 	Keypress: down
16.1190 	EXP 	unnamed Rect: pos = array([76.22398155, -6.38926525])
16.1359 	EXP 	unnamed Rect: pos = array([76.22398155, -6.38926525])
16.1523 	EXP 	unnamed Rect: pos = array([76.22398155, -6.38926525])
16.1699 	EXP 	unnamed Rect: pos = array([76.22398155, -6.38926525])
16.1856 	EXP 	unnamed Rect: pos = array([76.22398155, -6.38926525])
16.2022 	EXP 	unnamed Rect: pos = array([76.22398155, -6.38926525])
16.2189 	EXP 	unnamed Rect: pos = array([76.22398155, -6.38926525])
16.2356 	EXP 	unnamed Rect: pos = array([76.22398155, -6.38926525])
16.2398 	DATA 	Keypress: left
16.2532 	EXP 	unnamed Rect: pos = array([76.22398155, -6.38926525])
16.2691 	EXP 	unnamed Rect: pos = array([66.22398155, -6.38926525])
16.2855 	EXP 	unnamed Rect: pos = array([66.22398155, -6.38926525])
16.3022 	EXP 	unnamed Rect: pos = array([66.22398155, -6.38926525])
16.3188 	EXP 	unnamed Rect: pos = array([66.22398155, -6.38926525])
16.3364 	EXP 	unnamed Rect: pos = array([66.22398155, -6.38926525])
16.3524 	EXP 	unnamed Rect: pos = array([66.22398155, -6.38926525])
16.3692 	EXP 	unnamed Rect: pos = array([66.22398155, -6.38926525])
16.3856 	EXP 	unnamed Rect: pos = array([66.22398155, -6.38926525])
16.4026 	EXP 	unnamed Rect: pos = array([66.22398155, -6.38926525])
16.4192 	EXP 	unnamed Rect: pos = array([66.22398155, -6.38926525])
16.4359 	EXP 	unnamed Rect: pos = array([66.22398155, -6.38926525])
16.4371 	DATA 	Keypress: left
16.4531 	EXP 	unnamed Rect: pos = array([56.22398155, -6.38926525])
16.4692 	EXP 	unnamed Rect: pos = array([56.22398155, -6.38926525])
16.4855 	EXP 	unnamed Rect: pos = array([56.22398155, -6.38926525])
16.5026 	EXP 	unnamed Rect: pos = array([56.22398155, -6.38926525])
16.5189 	EXP 	unnamed Rect: pos = array([56.22398155, -6.38926525])
16.5358 	EXP 	unnamed Rect: pos = array([56.22398155, -6.38926525])
16.5524 	EXP 	unnamed Rect: pos = array([56.22398155, -6.38926525])
16.5690 	EXP 	unnamed Rect: pos = array([56.22398155, -6.38926525])
16.5855 	EXP 	unnamed Rect: pos = array([56.22398155, -6.38926525])
16.6027 	EXP 	unnamed Rect: pos = array([56.22398155, -6.38926525])
16.6068 	DATA 	Keypress: left
16.6194 	EXP 	unnamed Rect: pos = array([56.22398155, -6.38926525])
16.6360 	EXP 	unnamed Rect: pos = array([46.22398155, -6.38926525])
16.6523 	EXP 	unnamed Rect: pos = array([46.22398155, -6.38926525])
16.6689 	EXP 	unnamed Rect: pos = array([46.22398155, -6.38926525])
16.6866 	EXP 	unnamed Rect: pos = array([46.22398155, -6.38926525])
16.7023 	EXP 	unnamed Rect: pos = array([46.22398155, -6.38926525])
16.7193 	EXP 	unnamed Rect: pos = array([46.22398155, -6.38926525])
16.7357 	EXP 	unnamed Rect: pos = array([46.22398155, -6.38926525])
16.7522 	EXP 	unnamed Rect: pos = array([46.22398155, -6.38926525])
16.7688 	EXP 	unnamed Rect: pos = array([46.22398155, -6.38926525])
16.7856 	EXP 	unnamed Rect: pos = array([46.22398155, -6.38926525])
16.8028 	EXP 	unnamed Rect: pos = array([46.22398155, -6.38926525])
16.8189 	EXP 	unnamed Rect: pos = array([46.22398155, -6.38926525])
16.8355 	EXP 	unnamed Rect: pos = array([46.22398155, -6.38926525])
16.8523 	EXP 	unnamed Rect: pos = array([46.22398155, -6.38926525])
16.8691 	EXP 	unnamed Rect: pos = array([46.22398155, -6.38926525])
16.8855 	EXP 	unnamed Rect: pos = array([46.22398155, -6.38926525])
16.9022 	EXP 	unnamed Rect: pos = array([46.22398155, -6.38926525])
16.9190 	EXP 	unnamed Rect: pos = array([46.22398155, -6.38926525])
16.9360 	EXP 	unnamed Rect: pos = array([46.22398155, -6.38926525])
16.9523 	EXP 	unnamed Rect: pos = array([46.22398155, -6.38926525])
16.9696 	EXP 	unnamed Rect: pos = array([46.22398155, -6.38926525])
16.9854 	EXP 	unnamed Rect: pos = array([46.22398155, -6.38926525])
17.0022 	EXP 	unnamed Rect: pos = array([46.22398155, -6.38926525])
17.0189 	EXP 	unnamed Rect: pos = array([46.22398155, -6.38926525])
17.0356 	EXP 	unnamed Rect: pos = array([46.22398155, -6.38926525])
17.0524 	EXP 	unnamed Rect: pos = array([46.22398155, -6.38926525])
17.0691 	EXP 	unnamed Rect: pos = array([46.22398155, -6.38926525])
17.0856 	EXP 	unnamed Rect: pos = array([46.22398155, -6.38926525])
17.1025 	EXP 	unnamed Rect: pos = array([46.22398155, -6.38926525])
17.1190 	EXP 	unnamed Rect: pos = array([46.22398155, -6.38926525])
17.1356 	EXP 	unnamed Rect: pos = array([46.22398155, -6.38926525])
17.1524 	EXP 	unnamed Rect: pos = array([46.22398155, -6.38926525])
17.1689 	EXP 	unnamed Rect: pos = array([46.22398155, -6.38926525])
17.1856 	EXP 	unnamed Rect: pos = array([46.22398155, -6.38926525])
17.2022 	EXP 	unnamed Rect: pos = array([46.22398155, -6.38926525])
17.2189 	EXP 	unnamed Rect: pos = array([46.22398155, -6.38926525])
17.2363 	EXP 	unnamed Rect: pos = array([46.22398155, -6.38926525])
17.2524 	EXP 	unnamed Rect: pos = array([46.22398155, -6.38926525])
17.2689 	EXP 	unnamed Rect: pos = array([46.22398155, -6.38926525])
17.2861 	EXP 	unnamed Rect: pos = array([46.22398155, -6.38926525])
17.3023 	EXP 	unnamed Rect: pos = array([46.22398155, -6.38926525])
17.3189 	EXP 	unnamed Rect: pos = array([46.22398155, -6.38926525])
17.3357 	EXP 	unnamed Rect: pos = array([46.22398155, -6.38926525])
17.3522 	EXP 	unnamed Rect: pos = array([46.22398155, -6.38926525])
17.3693 	EXP 	unnamed Rect: pos = array([46.22398155, -6.38926525])
17.3858 	EXP 	unnamed Rect: pos = array([46.22398155, -6.38926525])
17.4023 	EXP 	unnamed Rect: pos = array([46.22398155, -6.38926525])
17.4190 	EXP 	unnamed Rect: pos = array([46.22398155, -6.38926525])
17.4364 	EXP 	unnamed Rect: pos = array([46.22398155, -6.38926525])
17.4524 	EXP 	unnamed Rect: pos = array([46.22398155, -6.38926525])
17.4689 	EXP 	unnamed Rect: pos = array([46.22398155, -6.38926525])
17.4856 	EXP 	unnamed Rect: pos = array([46.22398155, -6.38926525])
17.5024 	EXP 	unnamed Rect: pos = array([46.22398155, -6.38926525])
17.5188 	EXP 	unnamed Rect: pos = array([46.22398155, -6.38926525])
17.5356 	EXP 	unnamed Rect: pos = array([46.22398155, -6.38926525])
17.5525 	EXP 	unnamed Rect: pos = array([46.22398155, -6.38926525])
17.5690 	EXP 	unnamed Rect: pos = array([46.22398155, -6.38926525])
17.5856 	EXP 	unnamed Rect: pos = array([46.22398155, -6.38926525])
17.6024 	EXP 	unnamed Rect: pos = array([46.22398155, -6.38926525])
17.6191 	EXP 	unnamed Rect: pos = array([46.22398155, -6.38926525])
17.6360 	EXP 	unnamed Rect: pos = array([46.22398155, -6.38926525])
17.6522 	EXP 	unnamed Rect: pos = array([46.22398155, -6.38926525])
17.6692 	EXP 	unnamed Rect: pos = array([46.22398155, -6.38926525])
17.6857 	EXP 	unnamed Rect: pos = array([46.22398155, -6.38926525])
17.7025 	EXP 	unnamed Rect: pos = array([46.22398155, -6.38926525])
17.7190 	EXP 	unnamed Rect: pos = array([46.22398155, -6.38926525])
17.7355 	EXP 	unnamed Rect: pos = array([46.22398155, -6.38926525])
17.7523 	EXP 	unnamed Rect: pos = array([46.22398155, -6.38926525])
17.7693 	EXP 	unnamed Rect: pos = array([46.22398155, -6.38926525])
17.7856 	EXP 	unnamed Rect: pos = array([46.22398155, -6.38926525])
17.8024 	EXP 	unnamed Rect: pos = array([46.22398155, -6.38926525])
17.8191 	EXP 	unnamed Rect: pos = array([46.22398155, -6.38926525])
17.8359 	EXP 	unnamed Rect: pos = array([46.22398155, -6.38926525])
17.8527 	EXP 	unnamed Rect: pos = array([46.22398155, -6.38926525])
17.8692 	EXP 	unnamed Rect: pos = array([46.22398155, -6.38926525])
17.8855 	EXP 	unnamed Rect: pos = array([46.22398155, -6.38926525])
17.9025 	EXP 	unnamed Rect: pos = array([46.22398155, -6.38926525])
17.9192 	EXP 	unnamed Rect: pos = array([46.22398155, -6.38926525])
17.9359 	EXP 	unnamed Rect: pos = array([46.22398155, -6.38926525])
17.9522 	EXP 	unnamed Rect: pos = array([46.22398155, -6.38926525])
17.9697 	EXP 	unnamed Rect: pos = array([46.22398155, -6.38926525])
17.9854 	EXP 	unnamed Rect: pos = array([46.22398155, -6.38926525])
18.0022 	EXP 	unnamed Rect: pos = array([46.22398155, -6.38926525])
18.0193 	EXP 	unnamed Rect: pos = array([46.22398155, -6.38926525])
18.0356 	EXP 	unnamed Rect: pos = array([46.22398155, -6.38926525])
18.0522 	EXP 	unnamed Rect: pos = array([46.22398155, -6.38926525])
18.0693 	EXP 	unnamed Rect: pos = array([46.22398155, -6.38926525])
18.0856 	EXP 	unnamed Rect: pos = array([46.22398155, -6.38926525])
18.1022 	EXP 	unnamed Rect: pos = array([46.22398155, -6.38926525])
18.1196 	EXP 	unnamed Rect: pos = array([46.22398155, -6.38926525])
18.1355 	EXP 	unnamed Rect: pos = array([46.22398155, -6.38926525])
18.1525 	EXP 	unnamed Rect: pos = array([46.22398155, -6.38926525])
18.1690 	EXP 	unnamed Rect: pos = array([46.22398155, -6.38926525])
18.1859 	EXP 	unnamed Rect: pos = array([46.22398155, -6.38926525])
18.2024 	EXP 	unnamed Rect: pos = array([46.22398155, -6.38926525])
18.2190 	EXP 	unnamed Rect: pos = array([46.22398155, -6.38926525])
18.2360 	EXP 	unnamed Rect: pos = array([46.22398155, -6.38926525])
18.2520 	EXP 	unnamed Rect: pos = array([46.22398155, -6.38926525])
18.2688 	EXP 	unnamed Rect: pos = array([46.22398155, -6.38926525])
18.2858 	EXP 	unnamed Rect: pos = array([46.22398155, -6.38926525])
18.3022 	EXP 	unnamed Rect: pos = array([46.22398155, -6.38926525])
18.3189 	EXP 	unnamed Rect: pos = array([46.22398155, -6.38926525])
18.3361 	EXP 	unnamed Rect: pos = array([46.22398155, -6.38926525])
18.3523 	EXP 	unnamed Rect: pos = array([46.22398155, -6.38926525])
18.3689 	EXP 	unnamed Rect: pos = array([46.22398155, -6.38926525])
18.3860 	EXP 	unnamed Rect: pos = array([46.22398155, -6.38926525])
18.4027 	EXP 	unnamed Rect: pos = array([46.22398155, -6.38926525])
18.4190 	EXP 	unnamed Rect: pos = array([46.22398155, -6.38926525])
18.4356 	EXP 	unnamed Rect: pos = array([46.22398155, -6.38926525])
18.4522 	EXP 	unnamed Rect: pos = array([46.22398155, -6.38926525])
18.4689 	EXP 	unnamed Rect: pos = array([46.22398155, -6.38926525])
18.4859 	EXP 	unnamed Rect: pos = array([46.22398155, -6.38926525])
18.5024 	EXP 	unnamed Rect: pos = array([46.22398155, -6.38926525])
18.5188 	EXP 	unnamed Rect: pos = array([46.22398155, -6.38926525])
18.5357 	EXP 	unnamed Rect: pos = array([46.22398155, -6.38926525])
18.5523 	EXP 	unnamed Rect: pos = array([46.22398155, -6.38926525])
18.5692 	EXP 	unnamed Rect: pos = array([46.22398155, -6.38926525])
18.5862 	EXP 	unnamed Rect: pos = array([46.22398155, -6.38926525])
18.6028 	EXP 	unnamed Rect: pos = array([46.22398155, -6.38926525])
18.6192 	EXP 	unnamed Rect: pos = array([46.22398155, -6.38926525])
18.6360 	EXP 	unnamed Rect: pos = array([46.22398155, -6.38926525])
18.6523 	EXP 	unnamed Rect: pos = array([46.22398155, -6.38926525])
18.6690 	EXP 	unnamed Rect: pos = array([46.22398155, -6.38926525])
18.6854 	EXP 	unnamed Rect: pos = array([46.22398155, -6.38926525])
18.7022 	EXP 	unnamed Rect: pos = array([46.22398155, -6.38926525])
18.7189 	EXP 	unnamed Rect: pos = array([46.22398155, -6.38926525])
18.7356 	EXP 	unnamed Rect: pos = array([46.22398155, -6.38926525])
18.7522 	EXP 	unnamed Rect: pos = array([46.22398155, -6.38926525])
18.7692 	EXP 	unnamed Rect: pos = array([46.22398155, -6.38926525])
18.7859 	EXP 	unnamed Rect: pos = array([46.22398155, -6.38926525])
18.8023 	EXP 	unnamed Rect: pos = array([46.22398155, -6.38926525])
18.8189 	EXP 	unnamed Rect: pos = array([46.22398155, -6.38926525])
18.8355 	EXP 	unnamed Rect: pos = array([46.22398155, -6.38926525])
18.8521 	EXP 	unnamed Rect: pos = array([46.22398155, -6.38926525])
18.8689 	EXP 	unnamed Rect: pos = array([46.22398155, -6.38926525])
18.8856 	EXP 	unnamed Rect: pos = array([46.22398155, -6.38926525])
18.9021 	EXP 	unnamed Rect: pos = array([46.22398155, -6.38926525])
18.9189 	EXP 	unnamed Rect: pos = array([46.22398155, -6.38926525])
18.9362 	EXP 	unnamed Rect: pos = array([46.22398155, -6.38926525])
18.9523 	EXP 	unnamed Rect: pos = array([46.22398155, -6.38926525])
18.9696 	EXP 	unnamed Rect: pos = array([46.22398155, -6.38926525])
18.9857 	EXP 	unnamed Rect: pos = array([46.22398155, -6.38926525])
19.0022 	EXP 	unnamed Rect: pos = array([46.22398155, -6.38926525])
19.0189 	EXP 	unnamed Rect: pos = array([46.22398155, -6.38926525])
19.0356 	EXP 	unnamed Rect: pos = array([46.22398155, -6.38926525])
19.0526 	EXP 	unnamed Rect: pos = array([46.22398155, -6.38926525])
19.0691 	EXP 	unnamed Rect: pos = array([46.22398155, -6.38926525])
19.0856 	EXP 	unnamed Rect: pos = array([46.22398155, -6.38926525])
19.1023 	EXP 	unnamed Rect: pos = array([46.22398155, -6.38926525])
19.1192 	EXP 	unnamed Rect: pos = array([46.22398155, -6.38926525])
19.1354 	EXP 	unnamed Rect: pos = array([46.22398155, -6.38926525])
19.1521 	EXP 	unnamed Rect: pos = array([46.22398155, -6.38926525])
19.1690 	EXP 	unnamed Rect: pos = array([46.22398155, -6.38926525])
19.1859 	EXP 	unnamed Rect: pos = array([46.22398155, -6.38926525])
19.2022 	EXP 	unnamed Rect: pos = array([46.22398155, -6.38926525])
19.2195 	EXP 	unnamed Rect: pos = array([46.22398155, -6.38926525])
19.2359 	EXP 	unnamed Rect: pos = array([46.22398155, -6.38926525])
19.2523 	EXP 	unnamed Rect: pos = array([46.22398155, -6.38926525])
19.2689 	EXP 	unnamed Rect: pos = array([46.22398155, -6.38926525])
19.2857 	EXP 	unnamed Rect: pos = array([46.22398155, -6.38926525])
19.3020 	EXP 	unnamed Rect: pos = array([46.22398155, -6.38926525])
19.3187 	EXP 	unnamed Rect: pos = array([46.22398155, -6.38926525])
19.3356 	EXP 	unnamed Rect: pos = array([46.22398155, -6.38926525])
19.3522 	EXP 	unnamed Rect: pos = array([46.22398155, -6.38926525])
19.3690 	EXP 	unnamed Rect: pos = array([46.22398155, -6.38926525])
19.3856 	EXP 	unnamed Rect: pos = array([46.22398155, -6.38926525])
19.4027 	EXP 	unnamed Rect: pos = array([46.22398155, -6.38926525])
19.4189 	EXP 	unnamed Rect: pos = array([46.22398155, -6.38926525])
19.4360 	EXP 	unnamed Rect: pos = array([46.22398155, -6.38926525])
19.4531 	EXP 	unnamed Rect: pos = array([46.22398155, -6.38926525])
19.4692 	EXP 	unnamed Rect: pos = array([46.22398155, -6.38926525])
19.4856 	EXP 	unnamed Rect: pos = array([46.22398155, -6.38926525])
19.5020 	EXP 	unnamed Rect: pos = array([46.22398155, -6.38926525])
19.5187 	EXP 	unnamed Rect: pos = array([46.22398155, -6.38926525])
19.5359 	EXP 	unnamed Rect: pos = array([46.22398155, -6.38926525])
19.5523 	EXP 	unnamed Rect: pos = array([46.22398155, -6.38926525])
19.5696 	EXP 	unnamed Rect: pos = array([46.22398155, -6.38926525])
19.5856 	EXP 	unnamed Rect: pos = array([46.22398155, -6.38926525])
19.6023 	EXP 	unnamed Rect: pos = array([46.22398155, -6.38926525])
19.6189 	EXP 	unnamed Rect: pos = array([46.22398155, -6.38926525])
19.6360 	EXP 	unnamed Rect: pos = array([46.22398155, -6.38926525])
19.6522 	EXP 	unnamed Rect: pos = array([46.22398155, -6.38926525])
19.6688 	EXP 	unnamed Rect: pos = array([46.22398155, -6.38926525])
19.6855 	EXP 	unnamed Rect: pos = array([46.22398155, -6.38926525])
19.7023 	EXP 	unnamed Rect: pos = array([46.22398155, -6.38926525])
19.7189 	EXP 	unnamed Rect: pos = array([46.22398155, -6.38926525])
19.7433 	EXP 	unnamed Rect: pos = array([46.22398155, -6.38926525])
19.7518 	EXP 	unnamed Rect: pos = array([46.22398155, -6.38926525])
19.7685 	EXP 	unnamed Rect: pos = array([46.22398155, -6.38926525])
19.7858 	EXP 	unnamed Rect: pos = array([46.22398155, -6.38926525])
19.8024 	EXP 	unnamed Rect: pos = array([46.22398155, -6.38926525])
19.8189 	EXP 	unnamed Rect: pos = array([46.22398155, -6.38926525])
19.8356 	EXP 	unnamed Rect: pos = array([46.22398155, -6.38926525])
19.8523 	EXP 	unnamed Rect: pos = array([46.22398155, -6.38926525])
19.8694 	EXP 	unnamed Rect: pos = array([46.22398155, -6.38926525])
19.8858 	EXP 	unnamed Rect: pos = array([46.22398155, -6.38926525])
19.9022 	EXP 	unnamed Rect: pos = array([46.22398155, -6.38926525])
19.9189 	EXP 	unnamed Rect: pos = array([46.22398155, -6.38926525])
19.9358 	EXP 	unnamed Rect: pos = array([46.22398155, -6.38926525])
19.9523 	EXP 	unnamed Rect: pos = array([46.22398155, -6.38926525])
19.9693 	EXP 	unnamed Rect: pos = array([46.22398155, -6.38926525])
19.9856 	EXP 	unnamed Rect: pos = array([46.22398155, -6.38926525])
20.0022 	EXP 	unnamed Rect: pos = array([46.22398155, -6.38926525])
20.0189 	EXP 	unnamed Rect: pos = array([46.22398155, -6.38926525])
20.0354 	EXP 	unnamed Rect: pos = array([46.22398155, -6.38926525])
20.0520 	EXP 	unnamed Rect: pos = array([46.22398155, -6.38926525])
20.0695 	EXP 	unnamed Rect: pos = array([46.22398155, -6.38926525])
20.0863 	EXP 	unnamed Rect: pos = array([46.22398155, -6.38926525])
20.1026 	EXP 	unnamed Rect: pos = array([46.22398155, -6.38926525])
20.1187 	EXP 	unnamed Rect: pos = array([46.22398155, -6.38926525])
20.1354 	EXP 	unnamed Rect: pos = array([46.22398155, -6.38926525])
20.1523 	EXP 	unnamed Rect: pos = array([46.22398155, -6.38926525])
20.1691 	EXP 	unnamed Rect: pos = array([46.22398155, -6.38926525])
20.1856 	EXP 	unnamed Rect: pos = array([46.22398155, -6.38926525])
20.2022 	EXP 	unnamed Rect: pos = array([46.22398155, -6.38926525])
20.2188 	EXP 	unnamed Rect: pos = array([46.22398155, -6.38926525])
20.2356 	EXP 	unnamed Rect: pos = array([46.22398155, -6.38926525])
20.2523 	EXP 	unnamed Rect: pos = array([46.22398155, -6.38926525])
20.2692 	EXP 	unnamed Rect: pos = array([46.22398155, -6.38926525])
20.2858 	EXP 	unnamed Rect: pos = array([46.22398155, -6.38926525])
20.3024 	EXP 	unnamed Rect: pos = array([46.22398155, -6.38926525])
20.3189 	EXP 	unnamed Rect: pos = array([46.22398155, -6.38926525])
20.3356 	EXP 	unnamed Rect: pos = array([46.22398155, -6.38926525])
20.3522 	EXP 	unnamed Rect: pos = array([46.22398155, -6.38926525])
20.3688 	EXP 	unnamed Rect: pos = array([46.22398155, -6.38926525])
20.3855 	EXP 	unnamed Rect: pos = array([46.22398155, -6.38926525])
20.4024 	EXP 	unnamed Rect: pos = array([46.22398155, -6.38926525])
20.4188 	EXP 	unnamed Rect: pos = array([46.22398155, -6.38926525])
20.4357 	EXP 	unnamed Rect: pos = array([46.22398155, -6.38926525])
20.4522 	EXP 	unnamed Rect: pos = array([46.22398155, -6.38926525])
20.4692 	EXP 	unnamed Rect: pos = array([46.22398155, -6.38926525])
20.4856 	EXP 	unnamed Rect: pos = array([46.22398155, -6.38926525])
20.5021 	EXP 	unnamed Rect: pos = array([46.22398155, -6.38926525])
20.5189 	EXP 	unnamed Rect: pos = array([46.22398155, -6.38926525])
20.5356 	EXP 	unnamed Rect: pos = array([46.22398155, -6.38926525])
20.5523 	EXP 	unnamed Rect: pos = array([46.22398155, -6.38926525])
20.5688 	EXP 	unnamed Rect: pos = array([46.22398155, -6.38926525])
20.5855 	EXP 	unnamed Rect: pos = array([46.22398155, -6.38926525])
20.6022 	EXP 	unnamed Rect: pos = array([46.22398155, -6.38926525])
20.6192 	EXP 	unnamed Rect: pos = array([46.22398155, -6.38926525])
20.6358 	EXP 	unnamed Rect: pos = array([46.22398155, -6.38926525])
20.6526 	EXP 	unnamed Rect: pos = array([46.22398155, -6.38926525])
20.6689 	EXP 	unnamed Rect: pos = array([46.22398155, -6.38926525])
20.6859 	EXP 	unnamed Rect: pos = array([46.22398155, -6.38926525])
20.7023 	EXP 	unnamed Rect: pos = array([46.22398155, -6.38926525])
20.7193 	EXP 	unnamed Rect: pos = array([46.22398155, -6.38926525])
20.7358 	EXP 	unnamed Rect: pos = array([46.22398155, -6.38926525])
20.7531 	EXP 	unnamed Rect: pos = array([46.22398155, -6.38926525])
20.7694 	EXP 	unnamed Rect: pos = array([46.22398155, -6.38926525])
20.7854 	EXP 	unnamed Rect: pos = array([46.22398155, -6.38926525])
20.8032 	EXP 	unnamed Rect: pos = array([46.22398155, -6.38926525])
20.8190 	EXP 	unnamed Rect: pos = array([46.22398155, -6.38926525])
20.8358 	EXP 	unnamed Rect: pos = array([46.22398155, -6.38926525])
20.8529 	EXP 	unnamed Rect: pos = array([46.22398155, -6.38926525])
20.8695 	EXP 	unnamed Rect: pos = array([46.22398155, -6.38926525])
20.8856 	EXP 	unnamed Rect: pos = array([46.22398155, -6.38926525])
20.9021 	EXP 	unnamed Rect: pos = array([46.22398155, -6.38926525])
20.9194 	EXP 	unnamed Rect: pos = array([46.22398155, -6.38926525])
20.9362 	EXP 	unnamed Rect: pos = array([46.22398155, -6.38926525])
20.9524 	EXP 	unnamed Rect: pos = array([46.22398155, -6.38926525])
20.9698 	EXP 	unnamed Rect: pos = array([46.22398155, -6.38926525])
20.9858 	EXP 	unnamed Rect: pos = array([46.22398155, -6.38926525])
21.0027 	EXP 	unnamed Rect: pos = array([46.22398155, -6.38926525])
21.0051 	DATA 	Keypress: q
21.0314 	EXP 	window1: mouseVisible = True
