0.5945 	WARNING 	We strongly recommend you activate the PTB sound engine in PsychoPy prefs as the preferred audio engine. Its timing is vastly superior. Your prefs are currently set to use ['sounddevice', 'PTB', 'pyo', 'pygame'] (in that order).
4.4649 	ERROR 	'-1.0000, -1.0000, -1.0000' is not a valid rgb color
5.0396 	EXP 	Created window1 = Window(allowGUI=False, allowStencil=False, autoLog=True, backendConf=UNKNOWN, bitsMode=UNKNOWN, blendMode='avg', bpc=(8, 8, 8), color=array([0, 0, 0]), colorSpace='rgb', depthBits=8, fullscr=<method-wrapper '__getattribute__' of attributeSetter object at 0x7fc206f9b9e8>, gamma=None, gammaErrorPolicy='raise', lms=UNKNOWN, monitor=<psychopy.monitors.calibTools.Monitor object at 0x7fc206185470>, multiSample=False, name='window1', numSamples=2, pos=[360.0, 225.0], screen=0, size=array([2880, 1800]), stencilBits=0, stereo=False, units='height', useFBO=True, useRetina=True, viewOri=0.0, viewPos=None, viewScale=None, waitBlanking=True, winType='pyglet')
5.0400 	EXP 	window1: mouseVisible = True
5.0400 	EXP 	window1: recordFrameIntervals = False
5.2060 	EXP 	window1: recordFrameIntervals = True
5.3895 	EXP 	window1: recordFrameIntervals = False
5.9894 	DEPRECATION 	'1.0000, 1.0000, 1.0000' is not a valid rgb color
6.0168 	EXP 	Created Welcometext = TextStim(__class__=<class 'psychopy.visual.text.TextStim'>, alignHoriz=method-wrapper(...), alignText='center', alignVert=method-wrapper(...), anchorHoriz='center', anchorVert='center', antialias=True, autoLog=True, bold=False, color=array([0., 0., 0.]), colorSpace='rgb', contrast=1.0, depth=0.0, flipHoriz=False, flipVert=False, font='Open Sans', fontFiles=[], height=0.05, italic=False, languageStyle='LTR', name='Welcometext', opacity=0, ori=0.0, pos=array([0., 0.]), rgb=UNKNOWN, text='Welcome\nPlease press Spacebar to start', units='height', win=Window(...), wrapWidth=1)
6.3712 	EXP 	Created text = TextStim(__class__=<class 'psychopy.visual.text.TextStim'>, alignHoriz=method-wrapper(...), alignText='center', alignVert=method-wrapper(...), anchorHoriz='center', anchorVert='center', antialias=True, autoLog=True, bold=False, color=array([1., 1., 1.]), colorSpace='rgb', contrast=1.0, depth=0.0, flipHoriz=False, flipVert=False, font='Open Sans', fontFiles=[], height=0.05, italic=False, languageStyle='LTR', name='text', opacity=1, ori=0.0, pos=array([0., 0.]), rgb=UNKNOWN, text=str(...), units='height', win=Window(...), wrapWidth=1)
6.3718 	EXP 	Created sequence: random, trialTypes=1, nReps=5, seed=None
6.3720 	EXP 	New trial (rep=0, index=0): None
6.3783 	EXP 	Welcometext: autoDraw = True
7.1117 	EXP 	Created unnamed Rect = Rect(__class__=<class 'psychopy.visual.rect.Rect'>, autoDraw=False, autoLog=True, closeShape=True, color=method-wrapper(...), colorSpace='rgb', contrast=None, depth=0, fillColor=array([ 1, -1, -1]), fillColorSpace='rgb', fillRGB=array([ 1, -1, -1]), interpolate=True, lineColor=array([-1., -1.,  1.]), lineColorSpace='rgb', lineRGB=array([-1, -1,  1]), lineWidth=1.5, name='unnamed Rect', opacity=1, ori=0.0, pos=array([0., 0.]), size=array([1000.,  700.]), units='pix', vertices=ndarray(...), win=Window(...))
7.1143 	EXP 	Created unnamed Rect = Rect(__class__=<class 'psychopy.visual.rect.Rect'>, autoDraw=False, autoLog=True, closeShape=True, color=method-wrapper(...), colorSpace='rgb', contrast=None, depth=0, fillColor=array([-1, -1, -1]), fillColorSpace='rgb', fillRGB=array([-1, -1, -1]), interpolate=True, lineColor=array([-1., -1.,  1.]), lineColorSpace='rgb', lineRGB=array([-1, -1,  1]), lineWidth=1.5, name='unnamed Rect', opacity=1, ori=0.0, pos=array([0., 0.]), size=array([400., 600.]), units='pix', vertices=ndarray(...), win=Window(...))
7.1166 	EXP 	Created unnamed Rect = Rect(__class__=<class 'psychopy.visual.rect.Rect'>, autoDraw=False, autoLog=True, closeShape=True, color=method-wrapper(...), colorSpace='rgb', contrast=None, depth=0, fillColor=array([-1, -1, -1]), fillColorSpace='rgb', fillRGB=array([-1, -1, -1]), interpolate=True, lineColor=array([-1., -1.,  1.]), lineColorSpace='rgb', lineRGB=array([-1, -1,  1]), lineWidth=1.5, name='unnamed Rect', opacity=1, ori=0.0, pos=array([0., 0.]), size=array([400., 600.]), units='pix', vertices=ndarray(...), win=Window(...))
7.1196 	EXP 	Created unnamed Rect = Rect(__class__=<class 'psychopy.visual.rect.Rect'>, autoDraw=False, autoLog=True, closeShape=True, color=method-wrapper(...), colorSpace='rgb', contrast=None, depth=0, fillColor=array([ 1,  1, -1]), fillColorSpace='rgb', fillRGB=array([ 1,  1, -1]), interpolate=True, lineColor=array([0., 0., 0.]), lineColorSpace='rgb', lineRGB=array([0, 0, 0]), lineWidth=1.5, name='unnamed Rect', opacity=0.5, ori=0.0, pos=array([0., 0.]), size=array([30., 30.]), units='pix', vertices=ndarray(...), win=Window(...))
7.1227 	EXP 	Created unnamed Rect = Rect(__class__=<class 'psychopy.visual.rect.Rect'>, autoDraw=False, autoLog=True, closeShape=True, color=method-wrapper(...), colorSpace='rgb', contrast=None, depth=0, fillColor=array([ 1,  1, -1]), fillColorSpace='rgb', fillRGB=array([ 1,  1, -1]), interpolate=True, lineColor=array([0., 0., 0.]), lineColorSpace='rgb', lineRGB=array([0, 0, 0]), lineWidth=1.5, name='unnamed Rect', opacity=0.5, ori=0.0, pos=array([0., 0.]), size=array([30., 30.]), units='pix', vertices=ndarray(...), win=Window(...))
7.1254 	EXP 	Created unnamed Rect = Rect(__class__=<class 'psychopy.visual.rect.Rect'>, autoDraw=False, autoLog=True, closeShape=True, color=method-wrapper(...), colorSpace='rgb', contrast=None, depth=0, fillColor=array([ 1,  1, -1]), fillColorSpace='rgb', fillRGB=array([ 1,  1, -1]), interpolate=True, lineColor=array([0., 0., 0.]), lineColorSpace='rgb', lineRGB=array([0, 0, 0]), lineWidth=1.5, name='unnamed Rect', opacity=0.5, ori=0.0, pos=array([0., 0.]), size=array([30., 30.]), units='pix', vertices=ndarray(...), win=Window(...))
7.1281 	EXP 	Created unnamed Rect = Rect(__class__=<class 'psychopy.visual.rect.Rect'>, autoDraw=False, autoLog=True, closeShape=True, color=method-wrapper(...), colorSpace='rgb', contrast=None, depth=0, fillColor=array([ 1,  1, -1]), fillColorSpace='rgb', fillRGB=array([ 1,  1, -1]), interpolate=True, lineColor=array([0., 0., 0.]), lineColorSpace='rgb', lineRGB=array([0, 0, 0]), lineWidth=1.5, name='unnamed Rect', opacity=0.5, ori=0.0, pos=array([0., 0.]), size=array([30., 30.]), units='pix', vertices=ndarray(...), win=Window(...))
7.1304 	EXP 	Created unnamed Rect = Rect(__class__=<class 'psychopy.visual.rect.Rect'>, autoDraw=False, autoLog=True, closeShape=True, color=method-wrapper(...), colorSpace='rgb', contrast=None, depth=0, fillColor=array([ 1,  1, -1]), fillColorSpace='rgb', fillRGB=array([ 1,  1, -1]), interpolate=True, lineColor=array([0., 0., 0.]), lineColorSpace='rgb', lineRGB=array([0, 0, 0]), lineWidth=1.5, name='unnamed Rect', opacity=0.5, ori=0.0, pos=array([0., 0.]), size=array([30., 30.]), units='pix', vertices=ndarray(...), win=Window(...))
7.1747 	EXP 	Created unnamed ImageStim = ImageStim(__class__=<class 'psychopy.visual.image.ImageStim'>, autoLog=True, color=array([1., 1., 1.]), colorSpace='rgb', contrast=1.0, depth=0, flipHoriz=False, flipVert=False, image='tree.png', interpolate=False, mask=None, maskParams=None, name='unnamed ImageStim', opacity=1, ori=0.0, pos=array([0., 0.]), size=array([512, 512]), texRes=128, units='pix', win=Window(...))
7.1951 	EXP 	Created unnamed ImageStim = ImageStim(__class__=<class 'psychopy.visual.image.ImageStim'>, autoLog=True, color=array([1., 1., 1.]), colorSpace='rgb', contrast=1.0, depth=0, flipHoriz=False, flipVert=False, image='tree.png', interpolate=False, mask=None, maskParams=None, name='unnamed ImageStim', opacity=1, ori=0.0, pos=array([0., 0.]), size=array([512, 512]), texRes=128, units='pix', win=Window(...))
7.2136 	EXP 	Created unnamed ImageStim = ImageStim(__class__=<class 'psychopy.visual.image.ImageStim'>, autoLog=True, color=array([1., 1., 1.]), colorSpace='rgb', contrast=1.0, depth=0, flipHoriz=False, flipVert=False, image='tree.png', interpolate=False, mask=None, maskParams=None, name='unnamed ImageStim', opacity=1, ori=0.0, pos=array([0., 0.]), size=array([512, 512]), texRes=128, units='pix', win=Window(...))
7.2311 	EXP 	Created unnamed ImageStim = ImageStim(__class__=<class 'psychopy.visual.image.ImageStim'>, autoLog=True, color=array([1., 1., 1.]), colorSpace='rgb', contrast=1.0, depth=0, flipHoriz=False, flipVert=False, image='tree.png', interpolate=False, mask=None, maskParams=None, name='unnamed ImageStim', opacity=1, ori=0.0, pos=array([0., 0.]), size=array([512, 512]), texRes=128, units='pix', win=Window(...))
7.2485 	EXP 	Created unnamed ImageStim = ImageStim(__class__=<class 'psychopy.visual.image.ImageStim'>, autoLog=True, color=array([1., 1., 1.]), colorSpace='rgb', contrast=1.0, depth=0, flipHoriz=False, flipVert=False, image='tree.png', interpolate=False, mask=None, maskParams=None, name='unnamed ImageStim', opacity=1, ori=0.0, pos=array([0., 0.]), size=array([512, 512]), texRes=128, units='pix', win=Window(...))
7.2667 	EXP 	Created unnamed ImageStim = ImageStim(__class__=<class 'psychopy.visual.image.ImageStim'>, autoLog=True, color=array([1., 1., 1.]), colorSpace='rgb', contrast=1.0, depth=0, flipHoriz=False, flipVert=False, image='tree.png', interpolate=False, mask=None, maskParams=None, name='unnamed ImageStim', opacity=1, ori=0.0, pos=array([0., 0.]), size=array([512, 512]), texRes=128, units='pix', win=Window(...))
7.2843 	EXP 	Created unnamed ImageStim = ImageStim(__class__=<class 'psychopy.visual.image.ImageStim'>, autoLog=True, color=array([1., 1., 1.]), colorSpace='rgb', contrast=1.0, depth=0, flipHoriz=False, flipVert=False, image='tree.png', interpolate=False, mask=None, maskParams=None, name='unnamed ImageStim', opacity=1, ori=0.0, pos=array([0., 0.]), size=array([512, 512]), texRes=128, units='pix', win=Window(...))
7.3021 	EXP 	Created unnamed ImageStim = ImageStim(__class__=<class 'psychopy.visual.image.ImageStim'>, autoLog=True, color=array([1., 1., 1.]), colorSpace='rgb', contrast=1.0, depth=0, flipHoriz=False, flipVert=False, image='tree.png', interpolate=False, mask=None, maskParams=None, name='unnamed ImageStim', opacity=1, ori=0.0, pos=array([0., 0.]), size=array([512, 512]), texRes=128, units='pix', win=Window(...))
7.3212 	EXP 	Created unnamed ImageStim = ImageStim(__class__=<class 'psychopy.visual.image.ImageStim'>, autoLog=True, color=array([1., 1., 1.]), colorSpace='rgb', contrast=1.0, depth=0, flipHoriz=False, flipVert=False, image='tree.png', interpolate=False, mask=None, maskParams=None, name='unnamed ImageStim', opacity=1, ori=0.0, pos=array([0., 0.]), size=array([512, 512]), texRes=128, units='pix', win=Window(...))
7.3308 	DATA 	Keypress: space
7.3369 	EXP 	Welcometext: autoDraw = False
7.3369 	EXP 	unnamed Rect: pos = [-250, 0]
7.3369 	EXP 	unnamed Rect: pos = [250, 0]
7.3369 	EXP 	unnamed Rect: pos = [-368.17921524826124, 91.60792136027258]
7.3369 	EXP 	unnamed Rect: pos = [232.43374072133042, -212.72260038011518]
7.3369 	EXP 	unnamed Rect: pos = [156.83481309474354, -7.130590885897686]
7.3369 	EXP 	unnamed Rect: pos = [70.60446367858506, 82.00316292938302]
7.3369 	EXP 	unnamed Rect: pos = [155.6982544309743, -210.64739729246327]
7.3369 	EXP 	unnamed ImageStim: size = [51.2, 51.2]
7.3369 	EXP 	unnamed ImageStim: size = [51.2, 51.2]
7.3369 	EXP 	unnamed ImageStim: size = [51.2, 51.2]
7.3369 	EXP 	unnamed ImageStim: size = [51.2, 51.2]
7.3369 	EXP 	unnamed ImageStim: size = [51.2, 51.2]
7.3369 	EXP 	unnamed ImageStim: size = [51.2, 51.2]
7.3369 	EXP 	unnamed ImageStim: size = [51.2, 51.2]
7.3369 	EXP 	unnamed ImageStim: size = [51.2, 51.2]
7.3369 	EXP 	unnamed ImageStim: size = [51.2, 51.2]
7.3369 	EXP 	unnamed ImageStim: pos = [-122.40410577991148, -2.1619098528119327]
7.3369 	EXP 	unnamed ImageStim: pos = [91.62406490584563, -56.402570750974554]
7.3369 	EXP 	unnamed ImageStim: pos = [-95.30532390450367, -206.84443928343677]
7.3369 	EXP 	unnamed ImageStim: pos = [-372.40410577991145, -2.1619098528119327]
7.3369 	EXP 	unnamed ImageStim: pos = [127.59589422008852, -2.1619098528119327]
7.3369 	EXP 	unnamed ImageStim: pos = [-158.37593509415439, -56.402570750974554]
7.3369 	EXP 	unnamed ImageStim: pos = [341.6240649058456, -56.402570750974554]
7.3369 	EXP 	unnamed ImageStim: pos = [-345.30532390450367, -206.84443928343677]
7.3369 	EXP 	unnamed ImageStim: pos = [154.69467609549633, -206.84443928343677]
12.8780 	EXP 	Created unnamed Rect = Rect(__class__=<class 'psychopy.visual.rect.Rect'>, autoDraw=False, autoLog=True, closeShape=True, color=method-wrapper(...), colorSpace='rgb', contrast=None, depth=0, fillColor=array([-1, -1, -1]), fillColorSpace='rgb', fillRGB=array([-1, -1, -1]), interpolate=True, lineColor=array([-1., -1.,  1.]), lineColorSpace='rgb', lineRGB=array([-1, -1,  1]), lineWidth=1.5, name='unnamed Rect', opacity=1, ori=0.0, pos=array([0., 0.]), size=array([400., 600.]), units='pix', vertices=ndarray(...), win=Window(...))
12.8941 	EXP 	Created unnamed Rect = Rect(__class__=<class 'psychopy.visual.rect.Rect'>, autoDraw=False, autoLog=True, closeShape=True, color=method-wrapper(...), colorSpace='rgb', contrast=None, depth=0, fillColor=array([-1, -1, -1]), fillColorSpace='rgb', fillRGB=array([-1, -1, -1]), interpolate=True, lineColor=array([-1., -1.,  1.]), lineColorSpace='rgb', lineRGB=array([-1, -1,  1]), lineWidth=1.5, name='unnamed Rect', opacity=1, ori=0.0, pos=array([0., 0.]), size=array([400., 600.]), units='pix', vertices=ndarray(...), win=Window(...))
12.9123 	DATA 	Keypress: left
12.9227 	EXP 	unnamed Rect: pos = array([-118.17921525,   91.60792136])
12.9227 	EXP 	unnamed Rect: pos = array([-118.17921525,   91.60792136])
12.9441 	EXP 	unnamed Rect: pos = array([-118.17921525,   91.60792136])
12.9544 	EXP 	unnamed Rect: pos = array([-118.17921525,   91.60792136])
12.9717 	EXP 	unnamed Rect: pos = array([-118.17921525,   91.60792136])
12.9890 	EXP 	unnamed Rect: pos = array([-118.17921525,   91.60792136])
13.0051 	EXP 	unnamed Rect: pos = array([-118.17921525,   91.60792136])
13.0218 	EXP 	unnamed Rect: pos = array([-118.17921525,   91.60792136])
13.0383 	EXP 	unnamed Rect: pos = array([-118.17921525,   91.60792136])
13.0550 	EXP 	unnamed Rect: pos = array([-118.17921525,   91.60792136])
13.0717 	EXP 	unnamed Rect: pos = array([-118.17921525,   91.60792136])
13.0887 	EXP 	unnamed Rect: pos = array([-118.17921525,   91.60792136])
13.1054 	EXP 	unnamed Rect: pos = array([-118.17921525,   91.60792136])
13.1222 	EXP 	unnamed Rect: pos = array([-118.17921525,   91.60792136])
13.1387 	EXP 	unnamed Rect: pos = array([-118.17921525,   91.60792136])
13.1550 	EXP 	unnamed Rect: pos = array([-118.17921525,   91.60792136])
13.1720 	EXP 	unnamed Rect: pos = array([-118.17921525,   91.60792136])
13.1881 	EXP 	unnamed Rect: pos = array([-118.17921525,   91.60792136])
13.2047 	EXP 	unnamed Rect: pos = array([-118.17921525,   91.60792136])
13.2216 	EXP 	unnamed Rect: pos = array([-118.17921525,   91.60792136])
13.2383 	EXP 	unnamed Rect: pos = array([-118.17921525,   91.60792136])
13.2548 	EXP 	unnamed Rect: pos = array([-118.17921525,   91.60792136])
13.2714 	EXP 	unnamed Rect: pos = array([-118.17921525,   91.60792136])
13.2882 	EXP 	unnamed Rect: pos = array([-118.17921525,   91.60792136])
13.3048 	EXP 	unnamed Rect: pos = array([-118.17921525,   91.60792136])
13.3213 	EXP 	unnamed Rect: pos = array([-118.17921525,   91.60792136])
13.3384 	EXP 	unnamed Rect: pos = array([-118.17921525,   91.60792136])
13.3551 	EXP 	unnamed Rect: pos = array([-118.17921525,   91.60792136])
13.3714 	EXP 	unnamed Rect: pos = array([-118.17921525,   91.60792136])
13.3884 	EXP 	unnamed Rect: pos = array([-118.17921525,   91.60792136])
13.4049 	EXP 	unnamed Rect: pos = array([-118.17921525,   91.60792136])
13.4093 	DATA 	Keypress: down
13.4226 	EXP 	unnamed Rect: pos = array([-118.17921525,   91.60792136])
13.4381 	EXP 	unnamed Rect: pos = array([-118.17921525,   81.60792136])
13.4547 	EXP 	unnamed Rect: pos = array([-118.17921525,   81.60792136])
13.4715 	EXP 	unnamed Rect: pos = array([-118.17921525,   81.60792136])
13.4880 	EXP 	unnamed Rect: pos = array([-118.17921525,   81.60792136])
13.5059 	EXP 	unnamed Rect: pos = array([-118.17921525,   81.60792136])
13.5212 	EXP 	unnamed Rect: pos = array([-118.17921525,   81.60792136])
13.5382 	EXP 	unnamed Rect: pos = array([-118.17921525,   81.60792136])
13.5552 	EXP 	unnamed Rect: pos = array([-118.17921525,   81.60792136])
13.5715 	EXP 	unnamed Rect: pos = array([-118.17921525,   81.60792136])
13.5824 	DATA 	Keypress: down
13.5878 	EXP 	unnamed Rect: pos = array([-118.17921525,   81.60792136])
13.6047 	EXP 	unnamed Rect: pos = array([-118.17921525,   71.60792136])
13.6213 	EXP 	unnamed Rect: pos = array([-118.17921525,   71.60792136])
13.6384 	EXP 	unnamed Rect: pos = array([-118.17921525,   71.60792136])
13.6556 	EXP 	unnamed Rect: pos = array([-118.17921525,   71.60792136])
13.6716 	EXP 	unnamed Rect: pos = array([-118.17921525,   71.60792136])
13.6879 	EXP 	unnamed Rect: pos = array([-118.17921525,   71.60792136])
13.7051 	EXP 	unnamed Rect: pos = array([-118.17921525,   71.60792136])
13.7213 	EXP 	unnamed Rect: pos = array([-118.17921525,   71.60792136])
13.7383 	EXP 	unnamed Rect: pos = array([-118.17921525,   71.60792136])
13.7390 	DATA 	Keypress: down
13.7549 	EXP 	unnamed Rect: pos = array([-118.17921525,   61.60792136])
13.7714 	EXP 	unnamed Rect: pos = array([-118.17921525,   61.60792136])
13.7883 	EXP 	unnamed Rect: pos = array([-118.17921525,   61.60792136])
13.8056 	EXP 	unnamed Rect: pos = array([-118.17921525,   61.60792136])
13.8224 	EXP 	unnamed Rect: pos = array([-118.17921525,   61.60792136])
13.8383 	EXP 	unnamed Rect: pos = array([-118.17921525,   61.60792136])
13.8552 	EXP 	unnamed Rect: pos = array([-118.17921525,   61.60792136])
13.8718 	EXP 	unnamed Rect: pos = array([-118.17921525,   61.60792136])
13.8881 	EXP 	unnamed Rect: pos = array([-118.17921525,   61.60792136])
13.9051 	EXP 	unnamed Rect: pos = array([-118.17921525,   61.60792136])
13.9058 	DATA 	Keypress: down
13.9223 	EXP 	unnamed Rect: pos = array([-118.17921525,   51.60792136])
13.9387 	EXP 	unnamed Rect: pos = array([-118.17921525,   51.60792136])
13.9547 	EXP 	unnamed Rect: pos = array([-118.17921525,   51.60792136])
13.9718 	EXP 	unnamed Rect: pos = array([-118.17921525,   51.60792136])
13.9890 	EXP 	unnamed Rect: pos = array([-118.17921525,   51.60792136])
14.0047 	EXP 	unnamed Rect: pos = array([-118.17921525,   51.60792136])
14.0213 	EXP 	unnamed Rect: pos = array([-118.17921525,   51.60792136])
14.0380 	EXP 	unnamed Rect: pos = array([-118.17921525,   51.60792136])
14.0546 	EXP 	unnamed Rect: pos = array([-118.17921525,   51.60792136])
14.0718 	EXP 	unnamed Rect: pos = array([-118.17921525,   51.60792136])
14.0725 	DATA 	Keypress: down
14.0891 	EXP 	unnamed Rect: pos = array([-118.17921525,   41.60792136])
14.1046 	EXP 	unnamed Rect: pos = array([-118.17921525,   41.60792136])
14.1213 	EXP 	unnamed Rect: pos = array([-118.17921525,   41.60792136])
14.1387 	EXP 	unnamed Rect: pos = array([-118.17921525,   41.60792136])
14.1551 	EXP 	unnamed Rect: pos = array([-118.17921525,   41.60792136])
14.1718 	EXP 	unnamed Rect: pos = array([-118.17921525,   41.60792136])
14.1880 	EXP 	unnamed Rect: pos = array([-118.17921525,   41.60792136])
14.2047 	EXP 	unnamed Rect: pos = array([-118.17921525,   41.60792136])
14.2212 	EXP 	unnamed Rect: pos = array([-118.17921525,   41.60792136])
14.2393 	EXP 	unnamed Rect: pos = array([-118.17921525,   41.60792136])
14.2400 	DATA 	Keypress: down
14.2548 	EXP 	unnamed Rect: pos = array([-118.17921525,   31.60792136])
14.2713 	EXP 	unnamed Rect: pos = array([-118.17921525,   31.60792136])
14.2883 	EXP 	unnamed Rect: pos = array([-118.17921525,   31.60792136])
14.3051 	EXP 	unnamed Rect: pos = array([-118.17921525,   31.60792136])
14.3223 	EXP 	unnamed Rect: pos = array([-118.17921525,   31.60792136])
14.3382 	EXP 	unnamed Rect: pos = array([-118.17921525,   31.60792136])
14.3548 	EXP 	unnamed Rect: pos = array([-118.17921525,   31.60792136])
14.3715 	EXP 	unnamed Rect: pos = array([-118.17921525,   31.60792136])
14.3880 	EXP 	unnamed Rect: pos = array([-118.17921525,   31.60792136])
14.4055 	EXP 	unnamed Rect: pos = array([-118.17921525,   31.60792136])
14.4062 	DATA 	Keypress: down
14.4224 	EXP 	unnamed Rect: pos = array([-118.17921525,   21.60792136])
14.4382 	EXP 	unnamed Rect: pos = array([-118.17921525,   21.60792136])
14.4548 	EXP 	unnamed Rect: pos = array([-118.17921525,   21.60792136])
14.4714 	EXP 	unnamed Rect: pos = array([-118.17921525,   21.60792136])
14.4885 	EXP 	unnamed Rect: pos = array([-118.17921525,   21.60792136])
14.5049 	EXP 	unnamed Rect: pos = array([-118.17921525,   21.60792136])
14.5215 	EXP 	unnamed Rect: pos = array([-118.17921525,   21.60792136])
14.5381 	EXP 	unnamed Rect: pos = array([-118.17921525,   21.60792136])
14.5546 	EXP 	unnamed Rect: pos = array([-118.17921525,   21.60792136])
14.5715 	EXP 	unnamed Rect: pos = array([-118.17921525,   21.60792136])
14.5757 	DATA 	Keypress: down
14.5891 	EXP 	unnamed Rect: pos = array([-118.17921525,   21.60792136])
14.7770 	DATA 	Keypress: down
14.7814 	EXP 	unnamed Rect: pos = array([-118.17921525,   11.60792136])
14.7910 	EXP 	unnamed Rect: pos = array([-118.17921525,    1.60792136])
14.8041 	EXP 	unnamed Rect: pos = array([-118.17921525,    1.60792136])
14.8107 	EXP 	unnamed Rect: pos = array([-118.17921525,    1.60792136])
14.8211 	EXP 	unnamed Rect: pos = array([-118.17921525,    1.60792136])
14.8379 	EXP 	unnamed Rect: pos = array([-118.17921525,    1.60792136])
14.8541 	EXP 	unnamed Rect: pos = array([-118.17921525,    1.60792136])
14.8715 	EXP 	unnamed Rect: pos = array([-118.17921525,    1.60792136])
14.8875 	EXP 	unnamed Rect: pos = array([-118.17921525,    1.60792136])
14.9041 	EXP 	unnamed Rect: pos = array([-118.17921525,    1.60792136])
14.9208 	EXP 	unnamed Rect: pos = array([-118.17921525,    1.60792136])
14.9381 	EXP 	unnamed Rect: pos = array([-118.17921525,    1.60792136])
14.9388 	DATA 	Keypress: down
14.9546 	EXP 	unnamed Rect: pos = array([-118.17921525,   -8.39207864])
14.9714 	EXP 	unnamed Rect: pos = array([-118.17921525,   -8.39207864])
14.9882 	EXP 	unnamed Rect: pos = array([-118.17921525,   -8.39207864])
15.0046 	EXP 	unnamed Rect: pos = array([-118.17921525,   -8.39207864])
15.0213 	EXP 	unnamed Rect: pos = array([-118.17921525,   -8.39207864])
15.0389 	EXP 	unnamed Rect: pos = array([-118.17921525,   -8.39207864])
15.0549 	EXP 	unnamed Rect: pos = array([-118.17921525,   -8.39207864])
15.0713 	EXP 	unnamed Rect: pos = array([-118.17921525,   -8.39207864])
15.0886 	EXP 	unnamed Rect: pos = array([-118.17921525,   -8.39207864])
15.1053 	EXP 	unnamed Rect: pos = array([-118.17921525,   -8.39207864])
15.1213 	EXP 	unnamed Rect: pos = array([-118.17921525,   -8.39207864])
15.1386 	EXP 	unnamed Rect: pos = array([-118.17921525,   -8.39207864])
15.1555 	EXP 	unnamed Rect: pos = array([-118.17921525,   -8.39207864])
15.1723 	EXP 	unnamed Rect: pos = array([-118.17921525,   -8.39207864])
15.1880 	EXP 	unnamed Rect: pos = array([-118.17921525,   -8.39207864])
15.2047 	EXP 	unnamed Rect: pos = array([-118.17921525,   -8.39207864])
15.2215 	EXP 	unnamed Rect: pos = array([-118.17921525,   -8.39207864])
15.2382 	EXP 	unnamed Rect: pos = array([-118.17921525,   -8.39207864])
15.2390 	DATA 	Keypress: down
15.2556 	EXP 	unnamed Rect: pos = array([-118.17921525,  -18.39207864])
15.2714 	EXP 	unnamed Rect: pos = array([-118.17921525,  -18.39207864])
15.2881 	EXP 	unnamed Rect: pos = array([-118.17921525,  -18.39207864])
15.3055 	EXP 	unnamed Rect: pos = array([-118.17921525,  -18.39207864])
15.3216 	EXP 	unnamed Rect: pos = array([-118.17921525,  -18.39207864])
15.3392 	EXP 	unnamed Rect: pos = array([-118.17921525,  -18.39207864])
15.3551 	EXP 	unnamed Rect: pos = array([-118.17921525,  -18.39207864])
15.3713 	EXP 	unnamed Rect: pos = array([-118.17921525,  -18.39207864])
15.3885 	EXP 	unnamed Rect: pos = array([-118.17921525,  -18.39207864])
15.4058 	EXP 	unnamed Rect: pos = array([-118.17921525,  -18.39207864])
15.4220 	EXP 	unnamed Rect: pos = array([-118.17921525,  -18.39207864])
15.4378 	EXP 	unnamed Rect: pos = array([-118.17921525,  -18.39207864])
15.4387 	DATA 	Keypress: down
15.4545 	EXP 	unnamed Rect: pos = array([-118.17921525,  -28.39207864])
15.4708 	EXP 	unnamed Rect: pos = array([-118.17921525,  -28.39207864])
15.4881 	EXP 	unnamed Rect: pos = array([-118.17921525,  -28.39207864])
15.5052 	EXP 	unnamed Rect: pos = array([-118.17921525,  -28.39207864])
15.5219 	EXP 	unnamed Rect: pos = array([-118.17921525,  -28.39207864])
15.5383 	EXP 	unnamed Rect: pos = array([-118.17921525,  -28.39207864])
15.5548 	EXP 	unnamed Rect: pos = array([-118.17921525,  -28.39207864])
15.5717 	EXP 	unnamed Rect: pos = array([-118.17921525,  -28.39207864])
15.5886 	EXP 	unnamed Rect: pos = array([-118.17921525,  -28.39207864])
15.6053 	EXP 	unnamed Rect: pos = array([-118.17921525,  -28.39207864])
15.6060 	DATA 	Keypress: down
15.6224 	EXP 	unnamed Rect: pos = array([-118.17921525,  -38.39207864])
15.6385 	EXP 	unnamed Rect: pos = array([-118.17921525,  -38.39207864])
15.6548 	EXP 	unnamed Rect: pos = array([-118.17921525,  -38.39207864])
15.6720 	EXP 	unnamed Rect: pos = array([-118.17921525,  -38.39207864])
15.6880 	EXP 	unnamed Rect: pos = array([-118.17921525,  -38.39207864])
15.7050 	EXP 	unnamed Rect: pos = array([-118.17921525,  -38.39207864])
15.7215 	EXP 	unnamed Rect: pos = array([-118.17921525,  -38.39207864])
15.7380 	EXP 	unnamed Rect: pos = array([-118.17921525,  -38.39207864])
15.7545 	EXP 	unnamed Rect: pos = array([-118.17921525,  -38.39207864])
15.7718 	EXP 	unnamed Rect: pos = array([-118.17921525,  -38.39207864])
15.7726 	DATA 	Keypress: down
15.7887 	EXP 	unnamed Rect: pos = array([-118.17921525,  -48.39207864])
15.8049 	EXP 	unnamed Rect: pos = array([-118.17921525,  -48.39207864])
15.8214 	EXP 	unnamed Rect: pos = array([-118.17921525,  -48.39207864])
15.8383 	EXP 	unnamed Rect: pos = array([-118.17921525,  -48.39207864])
15.8556 	EXP 	unnamed Rect: pos = array([-118.17921525,  -48.39207864])
15.8713 	EXP 	unnamed Rect: pos = array([-118.17921525,  -48.39207864])
15.8887 	EXP 	unnamed Rect: pos = array([-118.17921525,  -48.39207864])
15.9051 	EXP 	unnamed Rect: pos = array([-118.17921525,  -48.39207864])
15.9225 	EXP 	unnamed Rect: pos = array([-118.17921525,  -48.39207864])
15.9384 	EXP 	unnamed Rect: pos = array([-118.17921525,  -48.39207864])
15.9391 	DATA 	Keypress: down
15.9557 	EXP 	unnamed Rect: pos = array([-118.17921525,  -58.39207864])
15.9713 	EXP 	unnamed Rect: pos = array([-118.17921525,  -58.39207864])
15.9880 	EXP 	unnamed Rect: pos = array([-118.17921525,  -58.39207864])
16.0052 	EXP 	unnamed Rect: pos = array([-118.17921525,  -58.39207864])
16.0219 	EXP 	unnamed Rect: pos = array([-118.17921525,  -58.39207864])
16.0381 	EXP 	unnamed Rect: pos = array([-118.17921525,  -58.39207864])
16.0547 	EXP 	unnamed Rect: pos = array([-118.17921525,  -58.39207864])
16.0715 	EXP 	unnamed Rect: pos = array([-118.17921525,  -58.39207864])
16.0888 	EXP 	unnamed Rect: pos = array([-118.17921525,  -58.39207864])
16.1057 	EXP 	unnamed Rect: pos = array([-118.17921525,  -58.39207864])
16.1065 	DATA 	Keypress: down
16.1214 	EXP 	unnamed Rect: pos = array([-118.17921525,  -68.39207864])
16.1388 	EXP 	unnamed Rect: pos = array([-118.17921525,  -68.39207864])
16.1549 	EXP 	unnamed Rect: pos = array([-118.17921525,  -68.39207864])
16.1725 	EXP 	unnamed Rect: pos = array([-118.17921525,  -68.39207864])
16.1883 	EXP 	unnamed Rect: pos = array([-118.17921525,  -68.39207864])
16.2047 	EXP 	unnamed Rect: pos = array([-118.17921525,  -68.39207864])
16.2215 	EXP 	unnamed Rect: pos = array([-118.17921525,  -68.39207864])
16.2381 	EXP 	unnamed Rect: pos = array([-118.17921525,  -68.39207864])
16.2551 	EXP 	unnamed Rect: pos = array([-118.17921525,  -68.39207864])
16.2557 	DATA 	Keypress: down
16.2726 	EXP 	unnamed Rect: pos = array([-118.17921525,  -78.39207864])
16.2888 	EXP 	unnamed Rect: pos = array([-118.17921525,  -78.39207864])
16.3051 	EXP 	unnamed Rect: pos = array([-118.17921525,  -78.39207864])
16.3220 	EXP 	unnamed Rect: pos = array([-118.17921525,  -78.39207864])
16.3388 	EXP 	unnamed Rect: pos = array([-118.17921525,  -78.39207864])
16.3549 	EXP 	unnamed Rect: pos = array([-118.17921525,  -78.39207864])
16.3713 	EXP 	unnamed Rect: pos = array([-118.17921525,  -78.39207864])
16.3881 	EXP 	unnamed Rect: pos = array([-118.17921525,  -78.39207864])
16.4060 	EXP 	unnamed Rect: pos = array([-118.17921525,  -78.39207864])
16.4223 	EXP 	unnamed Rect: pos = array([-118.17921525,  -78.39207864])
16.4231 	DATA 	Keypress: down
16.4389 	EXP 	unnamed Rect: pos = array([-118.17921525,  -88.39207864])
16.4555 	EXP 	unnamed Rect: pos = array([-118.17921525,  -88.39207864])
16.4721 	EXP 	unnamed Rect: pos = array([-118.17921525,  -88.39207864])
16.4884 	EXP 	unnamed Rect: pos = array([-118.17921525,  -88.39207864])
16.5052 	EXP 	unnamed Rect: pos = array([-118.17921525,  -88.39207864])
16.5219 	EXP 	unnamed Rect: pos = array([-118.17921525,  -88.39207864])
16.5387 	EXP 	unnamed Rect: pos = array([-118.17921525,  -88.39207864])
16.5553 	EXP 	unnamed Rect: pos = array([-118.17921525,  -88.39207864])
16.5714 	EXP 	unnamed Rect: pos = array([-118.17921525,  -88.39207864])
16.5720 	DATA 	Keypress: down
16.5890 	EXP 	unnamed Rect: pos = array([-118.17921525,  -98.39207864])
16.6047 	EXP 	unnamed Rect: pos = array([-118.17921525,  -98.39207864])
16.6213 	EXP 	unnamed Rect: pos = array([-118.17921525,  -98.39207864])
16.6388 	EXP 	unnamed Rect: pos = array([-118.17921525,  -98.39207864])
16.6556 	EXP 	unnamed Rect: pos = array([-118.17921525,  -98.39207864])
16.6719 	EXP 	unnamed Rect: pos = array([-118.17921525,  -98.39207864])
16.6889 	EXP 	unnamed Rect: pos = array([-118.17921525,  -98.39207864])
16.7048 	EXP 	unnamed Rect: pos = array([-118.17921525,  -98.39207864])
16.7225 	EXP 	unnamed Rect: pos = array([-118.17921525,  -98.39207864])
16.7384 	EXP 	unnamed Rect: pos = array([-118.17921525,  -98.39207864])
16.7391 	DATA 	Keypress: down
16.7546 	EXP 	unnamed Rect: pos = array([-118.17921525, -108.39207864])
16.7716 	EXP 	unnamed Rect: pos = array([-118.17921525, -108.39207864])
16.7883 	EXP 	unnamed Rect: pos = array([-118.17921525, -108.39207864])
16.8049 	EXP 	unnamed Rect: pos = array([-118.17921525, -108.39207864])
16.8218 	EXP 	unnamed Rect: pos = array([-118.17921525, -108.39207864])
16.8387 	EXP 	unnamed Rect: pos = array([-118.17921525, -108.39207864])
16.8550 	EXP 	unnamed Rect: pos = array([-118.17921525, -108.39207864])
16.8719 	EXP 	unnamed Rect: pos = array([-118.17921525, -108.39207864])
16.8882 	EXP 	unnamed Rect: pos = array([-118.17921525, -108.39207864])
16.9047 	EXP 	unnamed Rect: pos = array([-118.17921525, -108.39207864])
16.9215 	EXP 	unnamed Rect: pos = array([-118.17921525, -108.39207864])
16.9386 	EXP 	unnamed Rect: pos = array([-118.17921525, -108.39207864])
16.9393 	DATA 	Keypress: down
16.9557 	EXP 	unnamed Rect: pos = array([-118.17921525, -118.39207864])
16.9712 	EXP 	unnamed Rect: pos = array([-118.17921525, -118.39207864])
16.9880 	EXP 	unnamed Rect: pos = array([-118.17921525, -118.39207864])
17.0048 	EXP 	unnamed Rect: pos = array([-118.17921525, -118.39207864])
17.0214 	EXP 	unnamed Rect: pos = array([-118.17921525, -118.39207864])
17.0388 	EXP 	unnamed Rect: pos = array([-118.17921525, -118.39207864])
17.0549 	EXP 	unnamed Rect: pos = array([-118.17921525, -118.39207864])
17.0714 	EXP 	unnamed Rect: pos = array([-118.17921525, -118.39207864])
17.0886 	EXP 	unnamed Rect: pos = array([-118.17921525, -118.39207864])
17.1049 	EXP 	unnamed Rect: pos = array([-118.17921525, -118.39207864])
17.1216 	EXP 	unnamed Rect: pos = array([-118.17921525, -118.39207864])
17.1383 	EXP 	unnamed Rect: pos = array([-118.17921525, -118.39207864])
17.1423 	DATA 	Keypress: down
17.1556 	EXP 	unnamed Rect: pos = array([-118.17921525, -118.39207864])
17.1719 	EXP 	unnamed Rect: pos = array([-118.17921525, -128.39207864])
17.1883 	EXP 	unnamed Rect: pos = array([-118.17921525, -128.39207864])
17.2049 	EXP 	unnamed Rect: pos = array([-118.17921525, -128.39207864])
17.2213 	EXP 	unnamed Rect: pos = array([-118.17921525, -128.39207864])
17.2388 	EXP 	unnamed Rect: pos = array([-118.17921525, -128.39207864])
17.2546 	EXP 	unnamed Rect: pos = array([-118.17921525, -128.39207864])
17.2715 	EXP 	unnamed Rect: pos = array([-118.17921525, -128.39207864])
17.2887 	EXP 	unnamed Rect: pos = array([-118.17921525, -128.39207864])
17.3049 	EXP 	unnamed Rect: pos = array([-118.17921525, -128.39207864])
17.3213 	EXP 	unnamed Rect: pos = array([-118.17921525, -128.39207864])
17.3380 	EXP 	unnamed Rect: pos = array([-118.17921525, -128.39207864])
17.3546 	EXP 	unnamed Rect: pos = array([-118.17921525, -128.39207864])
17.3553 	DATA 	Keypress: down
17.3720 	EXP 	unnamed Rect: pos = array([-118.17921525, -138.39207864])
17.3881 	EXP 	unnamed Rect: pos = array([-118.17921525, -138.39207864])
17.4049 	EXP 	unnamed Rect: pos = array([-118.17921525, -138.39207864])
17.4224 	EXP 	unnamed Rect: pos = array([-118.17921525, -138.39207864])
17.4387 	EXP 	unnamed Rect: pos = array([-118.17921525, -138.39207864])
17.4546 	EXP 	unnamed Rect: pos = array([-118.17921525, -138.39207864])
17.4716 	EXP 	unnamed Rect: pos = array([-118.17921525, -138.39207864])
17.4883 	EXP 	unnamed Rect: pos = array([-118.17921525, -138.39207864])
17.5048 	EXP 	unnamed Rect: pos = array([-118.17921525, -138.39207864])
17.5213 	EXP 	unnamed Rect: pos = array([-118.17921525, -138.39207864])
17.5394 	EXP 	unnamed Rect: pos = array([-118.17921525, -138.39207864])
17.5402 	DATA 	Keypress: down
17.5549 	EXP 	unnamed Rect: pos = array([-118.17921525, -148.39207864])
17.5713 	EXP 	unnamed Rect: pos = array([-118.17921525, -148.39207864])
17.5886 	EXP 	unnamed Rect: pos = array([-118.17921525, -148.39207864])
17.6051 	EXP 	unnamed Rect: pos = array([-118.17921525, -148.39207864])
17.6221 	EXP 	unnamed Rect: pos = array([-118.17921525, -148.39207864])
17.6380 	EXP 	unnamed Rect: pos = array([-118.17921525, -148.39207864])
17.6547 	EXP 	unnamed Rect: pos = array([-118.17921525, -148.39207864])
17.6714 	EXP 	unnamed Rect: pos = array([-118.17921525, -148.39207864])
17.6880 	EXP 	unnamed Rect: pos = array([-118.17921525, -148.39207864])
17.7057 	EXP 	unnamed Rect: pos = array([-118.17921525, -148.39207864])
17.7065 	DATA 	Keypress: down
17.7222 	EXP 	unnamed Rect: pos = array([-118.17921525, -158.39207864])
17.7379 	EXP 	unnamed Rect: pos = array([-118.17921525, -158.39207864])
17.7547 	EXP 	unnamed Rect: pos = array([-118.17921525, -158.39207864])
17.7715 	EXP 	unnamed Rect: pos = array([-118.17921525, -158.39207864])
17.7880 	EXP 	unnamed Rect: pos = array([-118.17921525, -158.39207864])
17.8057 	EXP 	unnamed Rect: pos = array([-118.17921525, -158.39207864])
17.8216 	EXP 	unnamed Rect: pos = array([-118.17921525, -158.39207864])
17.8380 	EXP 	unnamed Rect: pos = array([-118.17921525, -158.39207864])
17.8550 	EXP 	unnamed Rect: pos = array([-118.17921525, -158.39207864])
17.8716 	EXP 	unnamed Rect: pos = array([-118.17921525, -158.39207864])
17.8894 	EXP 	unnamed Rect: pos = array([-118.17921525, -158.39207864])
17.8902 	DATA 	Keypress: right
17.9049 	EXP 	unnamed Rect: pos = array([-108.17921525, -158.39207864])
17.9213 	EXP 	unnamed Rect: pos = array([-108.17921525, -158.39207864])
17.9385 	EXP 	unnamed Rect: pos = array([-108.17921525, -158.39207864])
17.9545 	EXP 	unnamed Rect: pos = array([-108.17921525, -158.39207864])
17.9713 	EXP 	unnamed Rect: pos = array([-108.17921525, -158.39207864])
17.9881 	EXP 	unnamed Rect: pos = array([-108.17921525, -158.39207864])
18.0048 	EXP 	unnamed Rect: pos = array([-108.17921525, -158.39207864])
18.0212 	EXP 	unnamed Rect: pos = array([-108.17921525, -158.39207864])
18.0385 	EXP 	unnamed Rect: pos = array([-108.17921525, -158.39207864])
18.0393 	DATA 	Keypress: down
18.0553 	EXP 	unnamed Rect: pos = array([-108.17921525, -168.39207864])
18.0715 	EXP 	unnamed Rect: pos = array([-108.17921525, -168.39207864])
18.0890 	EXP 	unnamed Rect: pos = array([-108.17921525, -168.39207864])
18.1057 	EXP 	unnamed Rect: pos = array([-108.17921525, -168.39207864])
18.1225 	EXP 	unnamed Rect: pos = array([-108.17921525, -168.39207864])
18.1388 	EXP 	unnamed Rect: pos = array([-108.17921525, -168.39207864])
18.1552 	EXP 	unnamed Rect: pos = array([-108.17921525, -168.39207864])
18.1717 	EXP 	unnamed Rect: pos = array([-108.17921525, -168.39207864])
18.1881 	EXP 	unnamed Rect: pos = array([-108.17921525, -168.39207864])
18.2048 	EXP 	unnamed Rect: pos = array([-108.17921525, -168.39207864])
18.2219 	EXP 	unnamed Rect: pos = array([-108.17921525, -168.39207864])
18.2382 	EXP 	unnamed Rect: pos = array([-108.17921525, -168.39207864])
18.2549 	EXP 	unnamed Rect: pos = array([-108.17921525, -168.39207864])
18.2557 	DATA 	Keypress: down
18.2724 	EXP 	unnamed Rect: pos = array([-108.17921525, -178.39207864])
18.2880 	EXP 	unnamed Rect: pos = array([-108.17921525, -178.39207864])
18.3049 	EXP 	unnamed Rect: pos = array([-108.17921525, -178.39207864])
18.3213 	EXP 	unnamed Rect: pos = array([-108.17921525, -178.39207864])
18.3380 	EXP 	unnamed Rect: pos = array([-108.17921525, -178.39207864])
18.3546 	EXP 	unnamed Rect: pos = array([-108.17921525, -178.39207864])
18.3714 	EXP 	unnamed Rect: pos = array([-108.17921525, -178.39207864])
18.3887 	EXP 	unnamed Rect: pos = array([-108.17921525, -178.39207864])
18.3894 	DATA 	Keypress: right
18.4057 	EXP 	unnamed Rect: pos = array([ -98.17921525, -178.39207864])
18.4213 	EXP 	unnamed Rect: pos = array([ -98.17921525, -178.39207864])
18.4381 	EXP 	unnamed Rect: pos = array([ -98.17921525, -178.39207864])
18.4548 	EXP 	unnamed Rect: pos = array([ -98.17921525, -178.39207864])
18.4715 	EXP 	unnamed Rect: pos = array([ -98.17921525, -178.39207864])
18.4884 	EXP 	unnamed Rect: pos = array([ -98.17921525, -178.39207864])
18.5051 	EXP 	unnamed Rect: pos = array([ -98.17921525, -178.39207864])
18.5213 	EXP 	unnamed Rect: pos = array([ -98.17921525, -178.39207864])
18.5383 	EXP 	unnamed Rect: pos = array([ -98.17921525, -178.39207864])
18.5557 	EXP 	unnamed Rect: pos = array([ -98.17921525, -178.39207864])
18.5564 	DATA 	Keypress: down
18.5720 	EXP 	unnamed Rect: pos = array([ -98.17921525, -188.39207864])
18.5887 	EXP 	unnamed Rect: pos = array([ -98.17921525, -188.39207864])
18.6054 	EXP 	unnamed Rect: pos = array([ -98.17921525, -188.39207864])
18.6214 	EXP 	unnamed Rect: pos = array([ -98.17921525, -188.39207864])
18.6380 	EXP 	unnamed Rect: pos = array([ -98.17921525, -188.39207864])
18.6552 	EXP 	unnamed Rect: pos = array([ -98.17921525, -188.39207864])
18.6714 	EXP 	unnamed Rect: pos = array([ -98.17921525, -188.39207864])
18.6882 	EXP 	unnamed Rect: pos = array([ -98.17921525, -188.39207864])
18.7048 	EXP 	unnamed Rect: pos = array([ -98.17921525, -188.39207864])
18.7213 	EXP 	unnamed Rect: pos = array([ -98.17921525, -188.39207864])
18.7390 	EXP 	unnamed Rect: pos = array([ -98.17921525, -188.39207864])
18.7398 	DATA 	Keypress: left
18.7547 	EXP 	unnamed Rect: pos = array([-108.17921525, -188.39207864])
18.7714 	EXP 	unnamed Rect: pos = array([-108.17921525, -188.39207864])
18.7889 	EXP 	unnamed Rect: pos = array([-108.17921525, -188.39207864])
18.8047 	EXP 	unnamed Rect: pos = array([-108.17921525, -188.39207864])
18.8213 	EXP 	unnamed Rect: pos = array([-108.17921525, -188.39207864])
18.8381 	EXP 	unnamed Rect: pos = array([-108.17921525, -188.39207864])
18.8553 	EXP 	unnamed Rect: pos = array([-108.17921525, -188.39207864])
18.8721 	EXP 	unnamed Rect: pos = array([-108.17921525, -188.39207864])
18.8882 	EXP 	unnamed Rect: pos = array([-108.17921525, -188.39207864])
18.9050 	EXP 	unnamed Rect: pos = array([-108.17921525, -188.39207864])
18.9087 	DATA 	Keypress: down
18.9224 	EXP 	unnamed Rect: pos = array([-108.17921525, -188.39207864])
18.9383 	EXP 	unnamed Rect: pos = array([-108.17921525, -198.39207864])
18.9553 	EXP 	unnamed Rect: pos = array([-108.17921525, -198.39207864])
18.9720 	EXP 	unnamed Rect: pos = array([-108.17921525, -198.39207864])
18.9884 	EXP 	unnamed Rect: pos = array([-108.17921525, -198.39207864])
19.0051 	EXP 	unnamed Rect: pos = array([-108.17921525, -198.39207864])
19.0227 	EXP 	unnamed Rect: pos = array([-108.17921525, -198.39207864])
19.0235 	DATA 	Keypress: left
19.0380 	EXP 	unnamed Rect: pos = array([-118.17921525, -198.39207864])
19.0553 	EXP 	unnamed Rect: pos = array([-118.17921525, -198.39207864])
19.0713 	EXP 	unnamed Rect: pos = array([-118.17921525, -198.39207864])
19.0881 	EXP 	unnamed Rect: pos = array([-118.17921525, -198.39207864])
19.1054 	EXP 	unnamed Rect: pos = array([-118.17921525, -198.39207864])
19.1212 	EXP 	unnamed Rect: pos = array([-118.17921525, -198.39207864])
19.1385 	EXP 	unnamed Rect: pos = array([-118.17921525, -198.39207864])
19.1392 	DATA 	Keypress: right
19.1555 	EXP 	unnamed Rect: pos = array([-108.17921525, -198.39207864])
19.1721 	EXP 	unnamed Rect: pos = array([-108.17921525, -198.39207864])
19.1880 	EXP 	unnamed Rect: pos = array([-108.17921525, -198.39207864])
19.2047 	EXP 	unnamed Rect: pos = array([-108.17921525, -198.39207864])
19.2218 	EXP 	unnamed Rect: pos = array([-108.17921525, -198.39207864])
19.2226 	DATA 	Keypress: up
19.2377 	EXP 	unnamed Rect: pos = array([-108.17921525, -188.39207864])
19.2550 	EXP 	unnamed Rect: pos = array([-108.17921525, -188.39207864])
19.2722 	EXP 	unnamed Rect: pos = array([-108.17921525, -188.39207864])
19.2890 	EXP 	unnamed Rect: pos = array([-108.17921525, -188.39207864])
19.2897 	DATA 	Keypress: left
19.3057 	EXP 	unnamed Rect: pos = array([-118.17921525, -188.39207864])
19.3214 	EXP 	unnamed Rect: pos = array([-118.17921525, -188.39207864])
19.3383 	EXP 	unnamed Rect: pos = array([-118.17921525, -188.39207864])
19.3557 	EXP 	unnamed Rect: pos = array([-118.17921525, -188.39207864])
19.3716 	EXP 	unnamed Rect: pos = array([-118.17921525, -188.39207864])
19.3890 	EXP 	unnamed Rect: pos = array([-118.17921525, -188.39207864])
19.3898 	DATA 	Keypress: right
19.3903 	DATA 	Keypress: up
19.4054 	EXP 	unnamed Rect: pos = array([-108.17921525, -188.39207864])
19.4212 	EXP 	unnamed Rect: pos = array([-108.17921525, -188.39207864])
19.4380 	EXP 	unnamed Rect: pos = array([-108.17921525, -188.39207864])
19.4552 	EXP 	unnamed Rect: pos = array([-108.17921525, -188.39207864])
19.4718 	EXP 	unnamed Rect: pos = array([-108.17921525, -188.39207864])
19.4893 	EXP 	unnamed Rect: pos = array([-108.17921525, -188.39207864])
19.5059 	EXP 	unnamed Rect: pos = array([-108.17921525, -188.39207864])
19.5231 	EXP 	unnamed Rect: pos = array([-108.17921525, -188.39207864])
19.5375 	EXP 	unnamed Rect: pos = array([-108.17921525, -188.39207864])
19.5550 	EXP 	unnamed Rect: pos = array([-108.17921525, -188.39207864])
19.5711 	EXP 	unnamed Rect: pos = array([-108.17921525, -188.39207864])
19.5883 	EXP 	unnamed Rect: pos = array([-108.17921525, -188.39207864])
19.5918 	DATA 	Keypress: up
19.6050 	EXP 	unnamed Rect: pos = array([-108.17921525, -188.39207864])
19.6056 	DATA 	Keypress: right
19.6216 	EXP 	unnamed Rect: pos = array([-108.17921525, -178.39207864])
19.6382 	EXP 	unnamed Rect: pos = array([-108.17921525, -178.39207864])
19.6556 	EXP 	unnamed Rect: pos = array([-108.17921525, -178.39207864])
19.6711 	EXP 	unnamed Rect: pos = array([-108.17921525, -178.39207864])
19.6880 	EXP 	unnamed Rect: pos = array([-108.17921525, -178.39207864])
19.7058 	EXP 	unnamed Rect: pos = array([-108.17921525, -178.39207864])
19.7099 	DATA 	Keypress: left
19.7222 	EXP 	unnamed Rect: pos = array([-108.17921525, -178.39207864])
19.7380 	EXP 	unnamed Rect: pos = array([-118.17921525, -178.39207864])
19.7550 	EXP 	unnamed Rect: pos = array([-118.17921525, -178.39207864])
19.7721 	EXP 	unnamed Rect: pos = array([-118.17921525, -178.39207864])
19.7884 	EXP 	unnamed Rect: pos = array([-118.17921525, -178.39207864])
19.7891 	DATA 	Keypress: up
19.7925 	DATA 	Keypress: right
19.8058 	EXP 	unnamed Rect: pos = array([-118.17921525, -168.39207864])
19.8214 	EXP 	unnamed Rect: pos = array([-108.17921525, -168.39207864])
19.8385 	EXP 	unnamed Rect: pos = array([-108.17921525, -168.39207864])
19.8544 	EXP 	unnamed Rect: pos = array([-108.17921525, -168.39207864])
19.8714 	EXP 	unnamed Rect: pos = array([-108.17921525, -168.39207864])
19.8889 	EXP 	unnamed Rect: pos = array([-108.17921525, -168.39207864])
19.8898 	DATA 	Keypress: left
19.9049 	EXP 	unnamed Rect: pos = array([-118.17921525, -168.39207864])
19.9211 	EXP 	unnamed Rect: pos = array([-118.17921525, -168.39207864])
19.9383 	EXP 	unnamed Rect: pos = array([-118.17921525, -168.39207864])
19.9555 	EXP 	unnamed Rect: pos = array([-118.17921525, -168.39207864])
19.9711 	EXP 	unnamed Rect: pos = array([-118.17921525, -168.39207864])
19.9745 	DATA 	Keypress: up
19.9888 	EXP 	unnamed Rect: pos = array([-118.17921525, -168.39207864])
19.9893 	DATA 	Keypress: right
20.0044 	EXP 	unnamed Rect: pos = array([-118.17921525, -158.39207864])
20.0213 	EXP 	unnamed Rect: pos = array([-118.17921525, -158.39207864])
20.0385 	EXP 	unnamed Rect: pos = array([-118.17921525, -158.39207864])
20.0545 	EXP 	unnamed Rect: pos = array([-118.17921525, -158.39207864])
20.0713 	EXP 	unnamed Rect: pos = array([-118.17921525, -158.39207864])
20.0747 	DATA 	Keypress: left
20.0888 	EXP 	unnamed Rect: pos = array([-118.17921525, -158.39207864])
20.1049 	EXP 	unnamed Rect: pos = array([-128.17921525, -158.39207864])
20.1213 	EXP 	unnamed Rect: pos = array([-128.17921525, -158.39207864])
20.1388 	EXP 	unnamed Rect: pos = array([-128.17921525, -158.39207864])
20.1550 	EXP 	unnamed Rect: pos = array([-128.17921525, -158.39207864])
20.1718 	EXP 	unnamed Rect: pos = array([-128.17921525, -158.39207864])
20.1725 	DATA 	Keypress: right
20.1729 	DATA 	Keypress: up
20.1883 	EXP 	unnamed Rect: pos = array([-118.17921525, -158.39207864])
20.2047 	EXP 	unnamed Rect: pos = array([-118.17921525, -158.39207864])
20.2216 	EXP 	unnamed Rect: pos = array([-118.17921525, -158.39207864])
20.2391 	EXP 	unnamed Rect: pos = array([-118.17921525, -158.39207864])
20.2546 	EXP 	unnamed Rect: pos = array([-118.17921525, -158.39207864])
20.2717 	EXP 	unnamed Rect: pos = array([-118.17921525, -158.39207864])
20.2757 	DATA 	Keypress: left
20.2889 	EXP 	unnamed Rect: pos = array([-118.17921525, -158.39207864])
20.3046 	EXP 	unnamed Rect: pos = array([-128.17921525, -158.39207864])
20.3216 	EXP 	unnamed Rect: pos = array([-128.17921525, -158.39207864])
20.3384 	EXP 	unnamed Rect: pos = array([-128.17921525, -158.39207864])
20.3549 	EXP 	unnamed Rect: pos = array([-128.17921525, -158.39207864])
20.3585 	DATA 	Keypress: up
20.3724 	EXP 	unnamed Rect: pos = array([-128.17921525, -158.39207864])
20.3729 	DATA 	Keypress: right
20.3886 	EXP 	unnamed Rect: pos = array([-128.17921525, -148.39207864])
20.4054 	EXP 	unnamed Rect: pos = array([-128.17921525, -148.39207864])
20.4217 	EXP 	unnamed Rect: pos = array([-128.17921525, -148.39207864])
20.4381 	EXP 	unnamed Rect: pos = array([-128.17921525, -148.39207864])
20.4549 	EXP 	unnamed Rect: pos = array([-128.17921525, -148.39207864])
20.4722 	EXP 	unnamed Rect: pos = array([-128.17921525, -148.39207864])
20.4730 	DATA 	Keypress: left
20.4884 	EXP 	unnamed Rect: pos = array([-138.17921525, -148.39207864])
20.5047 	EXP 	unnamed Rect: pos = array([-138.17921525, -148.39207864])
20.5216 	EXP 	unnamed Rect: pos = array([-138.17921525, -148.39207864])
20.5385 	EXP 	unnamed Rect: pos = array([-138.17921525, -148.39207864])
20.5558 	EXP 	unnamed Rect: pos = array([-138.17921525, -148.39207864])
20.5565 	DATA 	Keypress: right
20.5570 	DATA 	Keypress: up
20.5716 	EXP 	unnamed Rect: pos = array([-128.17921525, -148.39207864])
20.5888 	EXP 	unnamed Rect: pos = array([-128.17921525, -148.39207864])
20.6049 	EXP 	unnamed Rect: pos = array([-128.17921525, -148.39207864])
20.6224 	EXP 	unnamed Rect: pos = array([-128.17921525, -148.39207864])
20.6382 	EXP 	unnamed Rect: pos = array([-128.17921525, -148.39207864])
20.6549 	EXP 	unnamed Rect: pos = array([-128.17921525, -148.39207864])
20.6722 	EXP 	unnamed Rect: pos = array([-128.17921525, -148.39207864])
20.6729 	DATA 	Keypress: left
20.6879 	EXP 	unnamed Rect: pos = array([-138.17921525, -148.39207864])
20.7045 	EXP 	unnamed Rect: pos = array([-138.17921525, -148.39207864])
20.7219 	EXP 	unnamed Rect: pos = array([-138.17921525, -148.39207864])
20.7380 	EXP 	unnamed Rect: pos = array([-138.17921525, -148.39207864])
20.7545 	EXP 	unnamed Rect: pos = array([-138.17921525, -148.39207864])
20.7720 	EXP 	unnamed Rect: pos = array([-138.17921525, -148.39207864])
20.7727 	DATA 	Keypress: right
20.7885 	EXP 	unnamed Rect: pos = array([-128.17921525, -148.39207864])
20.8060 	EXP 	unnamed Rect: pos = array([-128.17921525, -148.39207864])
20.8214 	EXP 	unnamed Rect: pos = array([-128.17921525, -148.39207864])
20.8382 	EXP 	unnamed Rect: pos = array([-128.17921525, -148.39207864])
20.8553 	EXP 	unnamed Rect: pos = array([-128.17921525, -148.39207864])
20.8560 	DATA 	Keypress: left
20.8714 	EXP 	unnamed Rect: pos = array([-138.17921525, -148.39207864])
20.8885 	EXP 	unnamed Rect: pos = array([-138.17921525, -148.39207864])
20.9060 	EXP 	unnamed Rect: pos = array([-138.17921525, -148.39207864])
20.9217 	EXP 	unnamed Rect: pos = array([-138.17921525, -148.39207864])
20.9384 	EXP 	unnamed Rect: pos = array([-138.17921525, -148.39207864])
20.9391 	DATA 	Keypress: right
20.9550 	EXP 	unnamed Rect: pos = array([-128.17921525, -148.39207864])
20.9555 	DATA 	Keypress: up
20.9714 	EXP 	unnamed Rect: pos = array([-128.17921525, -138.39207864])
20.9882 	EXP 	unnamed Rect: pos = array([-128.17921525, -138.39207864])
21.0054 	EXP 	unnamed Rect: pos = array([-128.17921525, -138.39207864])
21.0216 	EXP 	unnamed Rect: pos = array([-128.17921525, -138.39207864])
21.0390 	EXP 	unnamed Rect: pos = array([-128.17921525, -138.39207864])
21.0548 	EXP 	unnamed Rect: pos = array([-128.17921525, -138.39207864])
21.0554 	DATA 	Keypress: left
21.0711 	EXP 	unnamed Rect: pos = array([-138.17921525, -138.39207864])
21.0881 	EXP 	unnamed Rect: pos = array([-138.17921525, -138.39207864])
21.1049 	EXP 	unnamed Rect: pos = array([-138.17921525, -138.39207864])
21.1218 	EXP 	unnamed Rect: pos = array([-138.17921525, -138.39207864])
21.1384 	EXP 	unnamed Rect: pos = array([-138.17921525, -138.39207864])
21.1552 	EXP 	unnamed Rect: pos = array([-138.17921525, -138.39207864])
21.1588 	DATA 	Keypress: right
21.1594 	DATA 	Keypress: up
21.1724 	EXP 	unnamed Rect: pos = array([-138.17921525, -138.39207864])
21.1881 	EXP 	unnamed Rect: pos = array([-128.17921525, -138.39207864])
21.2048 	EXP 	unnamed Rect: pos = array([-128.17921525, -138.39207864])
21.2218 	EXP 	unnamed Rect: pos = array([-128.17921525, -138.39207864])
21.2392 	EXP 	unnamed Rect: pos = array([-128.17921525, -138.39207864])
21.2552 	EXP 	unnamed Rect: pos = array([-128.17921525, -138.39207864])
21.2723 	EXP 	unnamed Rect: pos = array([-128.17921525, -138.39207864])
21.2763 	DATA 	Keypress: left
21.2892 	EXP 	unnamed Rect: pos = array([-128.17921525, -138.39207864])
21.3047 	EXP 	unnamed Rect: pos = array([-138.17921525, -138.39207864])
21.3218 	EXP 	unnamed Rect: pos = array([-138.17921525, -138.39207864])
21.3384 	EXP 	unnamed Rect: pos = array([-138.17921525, -138.39207864])
21.3552 	EXP 	unnamed Rect: pos = array([-138.17921525, -138.39207864])
21.3723 	EXP 	unnamed Rect: pos = array([-138.17921525, -138.39207864])
21.3759 	DATA 	Keypress: right
21.3896 	EXP 	unnamed Rect: pos = array([-138.17921525, -138.39207864])
21.3934 	DATA 	Keypress: up
21.4048 	EXP 	unnamed Rect: pos = array([-128.17921525, -138.39207864])
21.4220 	EXP 	unnamed Rect: pos = array([-128.17921525, -128.39207864])
21.4381 	EXP 	unnamed Rect: pos = array([-128.17921525, -128.39207864])
21.4556 	EXP 	unnamed Rect: pos = array([-128.17921525, -128.39207864])
21.4715 	EXP 	unnamed Rect: pos = array([-128.17921525, -128.39207864])
21.4890 	EXP 	unnamed Rect: pos = array([-128.17921525, -128.39207864])
21.4923 	DATA 	Keypress: left
21.5056 	EXP 	unnamed Rect: pos = array([-128.17921525, -128.39207864])
21.5216 	EXP 	unnamed Rect: pos = array([-138.17921525, -128.39207864])
21.5381 	EXP 	unnamed Rect: pos = array([-138.17921525, -128.39207864])
21.5551 	EXP 	unnamed Rect: pos = array([-138.17921525, -128.39207864])
21.5726 	EXP 	unnamed Rect: pos = array([-138.17921525, -128.39207864])
21.5886 	EXP 	unnamed Rect: pos = array([-138.17921525, -128.39207864])
21.6056 	EXP 	unnamed Rect: pos = array([-138.17921525, -128.39207864])
21.6063 	DATA 	Keypress: right
21.6068 	DATA 	Keypress: up
21.6214 	EXP 	unnamed Rect: pos = array([-128.17921525, -128.39207864])
21.6381 	EXP 	unnamed Rect: pos = array([-128.17921525, -128.39207864])
21.6555 	EXP 	unnamed Rect: pos = array([-128.17921525, -128.39207864])
21.6717 	EXP 	unnamed Rect: pos = array([-128.17921525, -128.39207864])
21.6892 	EXP 	unnamed Rect: pos = array([-128.17921525, -128.39207864])
21.7052 	EXP 	unnamed Rect: pos = array([-128.17921525, -128.39207864])
21.7059 	DATA 	Keypress: left
21.7221 	EXP 	unnamed Rect: pos = array([-138.17921525, -128.39207864])
21.7381 	EXP 	unnamed Rect: pos = array([-138.17921525, -128.39207864])
21.7548 	EXP 	unnamed Rect: pos = array([-138.17921525, -128.39207864])
21.7719 	EXP 	unnamed Rect: pos = array([-138.17921525, -128.39207864])
21.7889 	EXP 	unnamed Rect: pos = array([-138.17921525, -128.39207864])
21.8050 	EXP 	unnamed Rect: pos = array([-138.17921525, -128.39207864])
21.8087 	DATA 	Keypress: right
21.8092 	DATA 	Keypress: up
21.8218 	EXP 	unnamed Rect: pos = array([-138.17921525, -128.39207864])
21.8385 	EXP 	unnamed Rect: pos = array([-128.17921525, -128.39207864])
21.8548 	EXP 	unnamed Rect: pos = array([-128.17921525, -128.39207864])
21.8715 	EXP 	unnamed Rect: pos = array([-128.17921525, -128.39207864])
21.8889 	EXP 	unnamed Rect: pos = array([-128.17921525, -128.39207864])
21.9049 	EXP 	unnamed Rect: pos = array([-128.17921525, -128.39207864])
21.9214 	EXP 	unnamed Rect: pos = array([-128.17921525, -128.39207864])
21.9223 	DATA 	Keypress: left
21.9386 	EXP 	unnamed Rect: pos = array([-138.17921525, -128.39207864])
21.9555 	EXP 	unnamed Rect: pos = array([-138.17921525, -128.39207864])
21.9720 	EXP 	unnamed Rect: pos = array([-138.17921525, -128.39207864])
21.9883 	EXP 	unnamed Rect: pos = array([-138.17921525, -128.39207864])
22.0052 	EXP 	unnamed Rect: pos = array([-138.17921525, -128.39207864])
22.0220 	EXP 	unnamed Rect: pos = array([-138.17921525, -128.39207864])
22.0227 	DATA 	Keypress: up
22.0232 	DATA 	Keypress: right
22.0389 	EXP 	unnamed Rect: pos = array([-138.17921525, -118.39207864])
22.0547 	EXP 	unnamed Rect: pos = array([-138.17921525, -118.39207864])
22.0713 	EXP 	unnamed Rect: pos = array([-138.17921525, -118.39207864])
22.0882 	EXP 	unnamed Rect: pos = array([-138.17921525, -118.39207864])
22.1054 	EXP 	unnamed Rect: pos = array([-138.17921525, -118.39207864])
22.1214 	EXP 	unnamed Rect: pos = array([-138.17921525, -118.39207864])
22.1388 	EXP 	unnamed Rect: pos = array([-138.17921525, -118.39207864])
22.1395 	DATA 	Keypress: left
22.1549 	EXP 	unnamed Rect: pos = array([-148.17921525, -118.39207864])
22.1718 	EXP 	unnamed Rect: pos = array([-148.17921525, -118.39207864])
22.1885 	EXP 	unnamed Rect: pos = array([-148.17921525, -118.39207864])
22.2055 	EXP 	unnamed Rect: pos = array([-148.17921525, -118.39207864])
22.2213 	EXP 	unnamed Rect: pos = array([-148.17921525, -118.39207864])
22.2384 	EXP 	unnamed Rect: pos = array([-148.17921525, -118.39207864])
22.2391 	DATA 	Keypress: right
22.2396 	DATA 	Keypress: up
22.2548 	EXP 	unnamed Rect: pos = array([-138.17921525, -118.39207864])
22.2724 	EXP 	unnamed Rect: pos = array([-138.17921525, -118.39207864])
22.2889 	EXP 	unnamed Rect: pos = array([-138.17921525, -118.39207864])
22.3054 	EXP 	unnamed Rect: pos = array([-138.17921525, -118.39207864])
22.3216 	EXP 	unnamed Rect: pos = array([-138.17921525, -118.39207864])
22.3386 	EXP 	unnamed Rect: pos = array([-138.17921525, -118.39207864])
22.3392 	DATA 	Keypress: left
22.3550 	EXP 	unnamed Rect: pos = array([-148.17921525, -118.39207864])
22.3715 	EXP 	unnamed Rect: pos = array([-148.17921525, -118.39207864])
22.3881 	EXP 	unnamed Rect: pos = array([-148.17921525, -118.39207864])
22.4049 	EXP 	unnamed Rect: pos = array([-148.17921525, -118.39207864])
22.4223 	EXP 	unnamed Rect: pos = array([-148.17921525, -118.39207864])
22.4380 	EXP 	unnamed Rect: pos = array([-148.17921525, -118.39207864])
22.4549 	EXP 	unnamed Rect: pos = array([-148.17921525, -118.39207864])
22.4557 	DATA 	Keypress: up
22.4562 	DATA 	Keypress: right
22.4717 	EXP 	unnamed Rect: pos = array([-148.17921525, -108.39207864])
22.4882 	EXP 	unnamed Rect: pos = array([-148.17921525, -108.39207864])
22.5048 	EXP 	unnamed Rect: pos = array([-148.17921525, -108.39207864])
22.5219 	EXP 	unnamed Rect: pos = array([-148.17921525, -108.39207864])
22.5382 	EXP 	unnamed Rect: pos = array([-148.17921525, -108.39207864])
22.5552 	EXP 	unnamed Rect: pos = array([-148.17921525, -108.39207864])
22.5560 	DATA 	Keypress: left
22.5722 	EXP 	unnamed Rect: pos = array([-158.17921525, -108.39207864])
22.5887 	EXP 	unnamed Rect: pos = array([-158.17921525, -108.39207864])
22.6052 	EXP 	unnamed Rect: pos = array([-158.17921525, -108.39207864])
22.6219 	EXP 	unnamed Rect: pos = array([-158.17921525, -108.39207864])
22.6393 	EXP 	unnamed Rect: pos = array([-158.17921525, -108.39207864])
22.6547 	EXP 	unnamed Rect: pos = array([-158.17921525, -108.39207864])
22.6720 	EXP 	unnamed Rect: pos = array([-158.17921525, -108.39207864])
22.6727 	DATA 	Keypress: up
22.6732 	DATA 	Keypress: right
22.6885 	EXP 	unnamed Rect: pos = array([-158.17921525,  -98.39207864])
22.7050 	EXP 	unnamed Rect: pos = array([-158.17921525,  -98.39207864])
22.7217 	EXP 	unnamed Rect: pos = array([-158.17921525,  -98.39207864])
22.7391 	EXP 	unnamed Rect: pos = array([-158.17921525,  -98.39207864])
22.7547 	EXP 	unnamed Rect: pos = array([-158.17921525,  -98.39207864])
22.7717 	EXP 	unnamed Rect: pos = array([-158.17921525,  -98.39207864])
22.7724 	DATA 	Keypress: left
22.7891 	EXP 	unnamed Rect: pos = array([-168.17921525,  -98.39207864])
22.8049 	EXP 	unnamed Rect: pos = array([-168.17921525,  -98.39207864])
22.8215 	EXP 	unnamed Rect: pos = array([-168.17921525,  -98.39207864])
22.8381 	EXP 	unnamed Rect: pos = array([-168.17921525,  -98.39207864])
22.8560 	EXP 	unnamed Rect: pos = array([-168.17921525,  -98.39207864])
22.8714 	EXP 	unnamed Rect: pos = array([-168.17921525,  -98.39207864])
22.8886 	EXP 	unnamed Rect: pos = array([-168.17921525,  -98.39207864])
22.9048 	EXP 	unnamed Rect: pos = array([-168.17921525,  -98.39207864])
22.9218 	EXP 	text: autoDraw = True
23.0911 	DATA 	Keypress: up
23.1084 	DATA 	Keypress: right
23.2083 	DATA 	Keypress: left
23.4582 	DATA 	Keypress: left
23.5748 	DATA 	Keypress: right
23.5758 	DATA 	Keypress: up
23.6920 	DATA 	Keypress: left
23.8083 	DATA 	Keypress: up
23.8093 	DATA 	Keypress: right
23.9085 	DATA 	Keypress: left
25.1749 	DATA 	Mouse: wheel shift=(0,0), pos=(648,510)
25.2245 	DATA 	Mouse: wheel shift=(0,0), pos=(648,510)
25.2249 	DATA 	Mouse: wheel shift=(0,0), pos=(648,510)
25.2410 	DATA 	Mouse: wheel shift=(0,0), pos=(648,510)
25.2580 	DATA 	Mouse: wheel shift=(0,0), pos=(648,510)
25.2745 	DATA 	Mouse: wheel shift=(0,0), pos=(648,510)
25.2911 	DATA 	Mouse: wheel shift=(0,0), pos=(648,510)
25.3078 	DATA 	Mouse: wheel shift=(0,0), pos=(648,510)
25.3244 	DATA 	Mouse: wheel shift=(0,0), pos=(648,510)
25.3411 	DATA 	Mouse: wheel shift=(0,0), pos=(648,510)
25.3579 	DATA 	Mouse: wheel shift=(0,0), pos=(648,510)
25.3583 	DATA 	Mouse: wheel shift=(0,0), pos=(648,510)
25.3909 	DATA 	Mouse: wheel shift=(0,0), pos=(648,510)
25.4077 	DATA 	Mouse: wheel shift=(0,0), pos=(648,510)
25.4241 	DATA 	Mouse: wheel shift=(0,0), pos=(648,510)
25.4409 	DATA 	Mouse: wheel shift=(0,0), pos=(648,510)
25.4578 	DATA 	Mouse: wheel shift=(0,0), pos=(648,510)
25.4741 	DATA 	Mouse: wheel shift=(0,0), pos=(648,510)
25.4908 	DATA 	Mouse: wheel shift=(0,1), pos=(648,510)
25.5074 	DATA 	Mouse: wheel shift=(0,0), pos=(648,510)
25.5239 	DATA 	Mouse: wheel shift=(0,0), pos=(648,510)
25.5407 	DATA 	Mouse: wheel shift=(0,0), pos=(648,510)
25.5575 	DATA 	Mouse: wheel shift=(0,0), pos=(648,510)
25.5740 	DATA 	Mouse: wheel shift=(0,1), pos=(648,510)
25.5911 	DATA 	Mouse: wheel shift=(0,0), pos=(648,510)
25.6076 	DATA 	Mouse: wheel shift=(0,0), pos=(648,510)
25.6239 	DATA 	Mouse: wheel shift=(0,0), pos=(648,510)
25.6405 	DATA 	Mouse: wheel shift=(0,0), pos=(648,510)
25.6575 	DATA 	Mouse: wheel shift=(0,0), pos=(648,510)
25.6742 	DATA 	Mouse: wheel shift=(0,0), pos=(648,510)
25.6906 	DATA 	Mouse: wheel shift=(0,0), pos=(648,510)
25.7072 	DATA 	Mouse: wheel shift=(0,0), pos=(648,510)
25.7238 	DATA 	Mouse: wheel shift=(0,0), pos=(648,510)
25.7571 	DATA 	Mouse: wheel shift=(0,0), pos=(648,510)
25.7748 	DATA 	Mouse: wheel shift=(0,0), pos=(648,510)
25.8075 	DATA 	Mouse: wheel shift=(0,0), pos=(648,510)
25.8079 	DATA 	Mouse: wheel shift=(0,0), pos=(648,510)
25.9055 	EXP 	New trial (rep=1, index=0): None
25.9215 	EXP 	text: autoDraw = False
25.9215 	EXP 	text: autoDraw = False
25.9215 	EXP 	Welcometext: autoDraw = True
26.2589 	DATA 	Keypress: escape
26.4184 	EXP 	window1: mouseVisible = True
