0.5901 	WARNING 	We strongly recommend you activate the PTB sound engine in PsychoPy prefs as the preferred audio engine. Its timing is vastly superior. Your prefs are currently set to use ['sounddevice', 'PTB', 'pyo', 'pygame'] (in that order).
5.3335 	ERROR 	'-1.0000, -1.0000, -1.0000' is not a valid rgb color
5.9055 	EXP 	Created window1 = Window(allowGUI=False, allowStencil=False, autoLog=True, backendConf=UNKNOWN, bitsMode=UNKNOWN, blendMode='avg', bpc=(8, 8, 8), color=array([0, 0, 0]), colorSpace='rgb', depthBits=8, fullscr=<method-wrapper '__getattribute__' of attributeSetter object at 0x7fd67e2fa9e8>, gamma=None, gammaErrorPolicy='raise', lms=UNKNOWN, monitor=<psychopy.monitors.calibTools.Monitor object at 0x7fd67de1a358>, multiSample=False, name='window1', numSamples=2, pos=[360.0, 225.0], screen=0, size=array([2880, 1800]), stencilBits=0, stereo=False, units='height', useFBO=True, useRetina=True, viewOri=0.0, viewPos=None, viewScale=None, waitBlanking=True, winType='pyglet')
5.9059 	EXP 	window1: mouseVisible = True
5.9059 	EXP 	window1: recordFrameIntervals = False
6.0719 	EXP 	window1: recordFrameIntervals = True
6.2555 	EXP 	window1: recordFrameIntervals = False
6.8336 	DEPRECATION 	'1.0000, 1.0000, 1.0000' is not a valid rgb color
6.8621 	EXP 	Created Welcometext = TextStim(__class__=<class 'psychopy.visual.text.TextStim'>, alignHoriz=method-wrapper(...), alignText='center', alignVert=method-wrapper(...), anchorHoriz='center', anchorVert='center', antialias=True, autoLog=True, bold=False, color=array([0., 0., 0.]), colorSpace='rgb', contrast=1.0, depth=0.0, flipHoriz=False, flipVert=False, font='Open Sans', fontFiles=[], height=0.05, italic=False, languageStyle='LTR', name='Welcometext', opacity=0, ori=0.0, pos=array([0., 0.]), rgb=UNKNOWN, text='Welcome\nPlease press Spacebar to start', units='height', win=Window(...), wrapWidth=1)
7.2032 	EXP 	Created text = TextStim(__class__=<class 'psychopy.visual.text.TextStim'>, alignHoriz=method-wrapper(...), alignText='center', alignVert=method-wrapper(...), anchorHoriz='center', anchorVert='center', antialias=True, autoLog=True, bold=False, color=array([1., 1., 1.]), colorSpace='rgb', contrast=1.0, depth=0.0, flipHoriz=False, flipVert=False, font='Open Sans', fontFiles=[], height=0.05, italic=False, languageStyle='LTR', name='text', opacity=1, ori=0.0, pos=array([0., 0.]), rgb=UNKNOWN, text=str(...), units='height', win=Window(...), wrapWidth=1)
7.2037 	EXP 	Created sequence: random, trialTypes=1, nReps=5, seed=None
7.2039 	EXP 	New trial (rep=0, index=0): None
7.2098 	EXP 	Welcometext: autoDraw = True
12.6793 	EXP 	Created unnamed Rect = Rect(__class__=<class 'psychopy.visual.rect.Rect'>, autoDraw=False, autoLog=True, closeShape=True, color=method-wrapper(...), colorSpace='rgb', contrast=None, depth=0, fillColor=array([ 1, -1, -1]), fillColorSpace='rgb', fillRGB=array([ 1, -1, -1]), interpolate=True, lineColor=array([-1., -1.,  1.]), lineColorSpace='rgb', lineRGB=array([-1, -1,  1]), lineWidth=1.5, name='unnamed Rect', opacity=1, ori=0.0, pos=array([0., 0.]), size=array([1000.,  700.]), units='pix', vertices=ndarray(...), win=Window(...))
12.6818 	EXP 	Created unnamed Rect = Rect(__class__=<class 'psychopy.visual.rect.Rect'>, autoDraw=False, autoLog=True, closeShape=True, color=method-wrapper(...), colorSpace='rgb', contrast=None, depth=0, fillColor=array([-1, -1, -1]), fillColorSpace='rgb', fillRGB=array([-1, -1, -1]), interpolate=True, lineColor=array([-1., -1.,  1.]), lineColorSpace='rgb', lineRGB=array([-1, -1,  1]), lineWidth=1.5, name='unnamed Rect', opacity=1, ori=0.0, pos=array([0., 0.]), size=array([400., 600.]), units='pix', vertices=ndarray(...), win=Window(...))
12.6844 	EXP 	Created unnamed Rect = Rect(__class__=<class 'psychopy.visual.rect.Rect'>, autoDraw=False, autoLog=True, closeShape=True, color=method-wrapper(...), colorSpace='rgb', contrast=None, depth=0, fillColor=array([-1, -1, -1]), fillColorSpace='rgb', fillRGB=array([-1, -1, -1]), interpolate=True, lineColor=array([-1., -1.,  1.]), lineColorSpace='rgb', lineRGB=array([-1, -1,  1]), lineWidth=1.5, name='unnamed Rect', opacity=1, ori=0.0, pos=array([0., 0.]), size=array([400., 600.]), units='pix', vertices=ndarray(...), win=Window(...))
12.6875 	EXP 	Created unnamed Rect = Rect(__class__=<class 'psychopy.visual.rect.Rect'>, autoDraw=False, autoLog=True, closeShape=True, color=method-wrapper(...), colorSpace='rgb', contrast=None, depth=0, fillColor=array([ 1,  1, -1]), fillColorSpace='rgb', fillRGB=array([ 1,  1, -1]), interpolate=True, lineColor=array([0., 0., 0.]), lineColorSpace='rgb', lineRGB=array([0, 0, 0]), lineWidth=1.5, name='unnamed Rect', opacity=0.5, ori=0.0, pos=array([0., 0.]), size=array([30., 30.]), units='pix', vertices=ndarray(...), win=Window(...))
12.6906 	EXP 	Created unnamed Rect = Rect(__class__=<class 'psychopy.visual.rect.Rect'>, autoDraw=False, autoLog=True, closeShape=True, color=method-wrapper(...), colorSpace='rgb', contrast=None, depth=0, fillColor=array([ 1,  1, -1]), fillColorSpace='rgb', fillRGB=array([ 1,  1, -1]), interpolate=True, lineColor=array([0., 0., 0.]), lineColorSpace='rgb', lineRGB=array([0, 0, 0]), lineWidth=1.5, name='unnamed Rect', opacity=0.5, ori=0.0, pos=array([0., 0.]), size=array([30., 30.]), units='pix', vertices=ndarray(...), win=Window(...))
12.6933 	EXP 	Created unnamed Rect = Rect(__class__=<class 'psychopy.visual.rect.Rect'>, autoDraw=False, autoLog=True, closeShape=True, color=method-wrapper(...), colorSpace='rgb', contrast=None, depth=0, fillColor=array([ 1,  1, -1]), fillColorSpace='rgb', fillRGB=array([ 1,  1, -1]), interpolate=True, lineColor=array([0., 0., 0.]), lineColorSpace='rgb', lineRGB=array([0, 0, 0]), lineWidth=1.5, name='unnamed Rect', opacity=0.5, ori=0.0, pos=array([0., 0.]), size=array([30., 30.]), units='pix', vertices=ndarray(...), win=Window(...))
12.6960 	EXP 	Created unnamed Rect = Rect(__class__=<class 'psychopy.visual.rect.Rect'>, autoDraw=False, autoLog=True, closeShape=True, color=method-wrapper(...), colorSpace='rgb', contrast=None, depth=0, fillColor=array([ 1,  1, -1]), fillColorSpace='rgb', fillRGB=array([ 1,  1, -1]), interpolate=True, lineColor=array([0., 0., 0.]), lineColorSpace='rgb', lineRGB=array([0, 0, 0]), lineWidth=1.5, name='unnamed Rect', opacity=0.5, ori=0.0, pos=array([0., 0.]), size=array([30., 30.]), units='pix', vertices=ndarray(...), win=Window(...))
12.6985 	EXP 	Created unnamed Rect = Rect(__class__=<class 'psychopy.visual.rect.Rect'>, autoDraw=False, autoLog=True, closeShape=True, color=method-wrapper(...), colorSpace='rgb', contrast=None, depth=0, fillColor=array([ 1,  1, -1]), fillColorSpace='rgb', fillRGB=array([ 1,  1, -1]), interpolate=True, lineColor=array([0., 0., 0.]), lineColorSpace='rgb', lineRGB=array([0, 0, 0]), lineWidth=1.5, name='unnamed Rect', opacity=0.5, ori=0.0, pos=array([0., 0.]), size=array([30., 30.]), units='pix', vertices=ndarray(...), win=Window(...))
12.7413 	EXP 	Created unnamed ImageStim = ImageStim(__class__=<class 'psychopy.visual.image.ImageStim'>, autoLog=True, color=array([1., 1., 1.]), colorSpace='rgb', contrast=1.0, depth=0, flipHoriz=False, flipVert=False, image='tree.png', interpolate=False, mask=None, maskParams=None, name='unnamed ImageStim', opacity=1, ori=0.0, pos=array([0., 0.]), size=array([512, 512]), texRes=128, units='pix', win=Window(...))
12.7621 	EXP 	Created unnamed ImageStim = ImageStim(__class__=<class 'psychopy.visual.image.ImageStim'>, autoLog=True, color=array([1., 1., 1.]), colorSpace='rgb', contrast=1.0, depth=0, flipHoriz=False, flipVert=False, image='tree.png', interpolate=False, mask=None, maskParams=None, name='unnamed ImageStim', opacity=1, ori=0.0, pos=array([0., 0.]), size=array([512, 512]), texRes=128, units='pix', win=Window(...))
12.7805 	EXP 	Created unnamed ImageStim = ImageStim(__class__=<class 'psychopy.visual.image.ImageStim'>, autoLog=True, color=array([1., 1., 1.]), colorSpace='rgb', contrast=1.0, depth=0, flipHoriz=False, flipVert=False, image='tree.png', interpolate=False, mask=None, maskParams=None, name='unnamed ImageStim', opacity=1, ori=0.0, pos=array([0., 0.]), size=array([512, 512]), texRes=128, units='pix', win=Window(...))
12.7984 	EXP 	Created unnamed ImageStim = ImageStim(__class__=<class 'psychopy.visual.image.ImageStim'>, autoLog=True, color=array([1., 1., 1.]), colorSpace='rgb', contrast=1.0, depth=0, flipHoriz=False, flipVert=False, image='tree.png', interpolate=False, mask=None, maskParams=None, name='unnamed ImageStim', opacity=1, ori=0.0, pos=array([0., 0.]), size=array([512, 512]), texRes=128, units='pix', win=Window(...))
12.8159 	EXP 	Created unnamed ImageStim = ImageStim(__class__=<class 'psychopy.visual.image.ImageStim'>, autoLog=True, color=array([1., 1., 1.]), colorSpace='rgb', contrast=1.0, depth=0, flipHoriz=False, flipVert=False, image='tree.png', interpolate=False, mask=None, maskParams=None, name='unnamed ImageStim', opacity=1, ori=0.0, pos=array([0., 0.]), size=array([512, 512]), texRes=128, units='pix', win=Window(...))
12.8334 	EXP 	Created unnamed ImageStim = ImageStim(__class__=<class 'psychopy.visual.image.ImageStim'>, autoLog=True, color=array([1., 1., 1.]), colorSpace='rgb', contrast=1.0, depth=0, flipHoriz=False, flipVert=False, image='tree.png', interpolate=False, mask=None, maskParams=None, name='unnamed ImageStim', opacity=1, ori=0.0, pos=array([0., 0.]), size=array([512, 512]), texRes=128, units='pix', win=Window(...))
12.8507 	EXP 	Created unnamed ImageStim = ImageStim(__class__=<class 'psychopy.visual.image.ImageStim'>, autoLog=True, color=array([1., 1., 1.]), colorSpace='rgb', contrast=1.0, depth=0, flipHoriz=False, flipVert=False, image='tree.png', interpolate=False, mask=None, maskParams=None, name='unnamed ImageStim', opacity=1, ori=0.0, pos=array([0., 0.]), size=array([512, 512]), texRes=128, units='pix', win=Window(...))
12.8681 	EXP 	Created unnamed ImageStim = ImageStim(__class__=<class 'psychopy.visual.image.ImageStim'>, autoLog=True, color=array([1., 1., 1.]), colorSpace='rgb', contrast=1.0, depth=0, flipHoriz=False, flipVert=False, image='tree.png', interpolate=False, mask=None, maskParams=None, name='unnamed ImageStim', opacity=1, ori=0.0, pos=array([0., 0.]), size=array([512, 512]), texRes=128, units='pix', win=Window(...))
12.8858 	EXP 	Created unnamed ImageStim = ImageStim(__class__=<class 'psychopy.visual.image.ImageStim'>, autoLog=True, color=array([1., 1., 1.]), colorSpace='rgb', contrast=1.0, depth=0, flipHoriz=False, flipVert=False, image='tree.png', interpolate=False, mask=None, maskParams=None, name='unnamed ImageStim', opacity=1, ori=0.0, pos=array([0., 0.]), size=array([512, 512]), texRes=128, units='pix', win=Window(...))
12.8955 	DATA 	Keypress: space
12.9014 	EXP 	Welcometext: autoDraw = False
12.9014 	EXP 	unnamed Rect: pos = [-250, 0]
12.9014 	EXP 	unnamed Rect: pos = [250, 0]
12.9014 	EXP 	unnamed Rect: pos = [-336.1275875791145, -24.699385155342842]
12.9014 	EXP 	unnamed Rect: pos = [223.48816327917672, -193.6021377312557]
12.9014 	EXP 	unnamed Rect: pos = [136.2033296073844, -211.1589314629266]
12.9014 	EXP 	unnamed Rect: pos = [381.3840199499661, 270.9651723685357]
12.9014 	EXP 	unnamed Rect: pos = [155.55814228170772, -28.849075278226707]
12.9014 	EXP 	unnamed ImageStim: size = [51.2, 51.2]
12.9014 	EXP 	unnamed ImageStim: size = [51.2, 51.2]
12.9014 	EXP 	unnamed ImageStim: size = [51.2, 51.2]
12.9014 	EXP 	unnamed ImageStim: size = [51.2, 51.2]
12.9014 	EXP 	unnamed ImageStim: size = [51.2, 51.2]
12.9014 	EXP 	unnamed ImageStim: size = [51.2, 51.2]
12.9014 	EXP 	unnamed ImageStim: size = [51.2, 51.2]
12.9014 	EXP 	unnamed ImageStim: size = [51.2, 51.2]
12.9014 	EXP 	unnamed ImageStim: size = [51.2, 51.2]
12.9014 	EXP 	unnamed ImageStim: pos = [128.68368646872364, -230.35444325509]
12.9014 	EXP 	unnamed ImageStim: pos = [119.14826882673798, -226.22440494603694]
12.9014 	EXP 	unnamed ImageStim: pos = [-17.190160802580845, 214.22138733925453]
12.9014 	EXP 	unnamed ImageStim: pos = [-121.31631353127636, -230.35444325509]
12.9014 	EXP 	unnamed ImageStim: pos = [378.68368646872364, -230.35444325509]
12.9014 	EXP 	unnamed ImageStim: pos = [-130.851731173262, -226.22440494603694]
12.9014 	EXP 	unnamed ImageStim: pos = [369.148268826738, -226.22440494603694]
12.9014 	EXP 	unnamed ImageStim: pos = [-267.19016080258086, 214.22138733925453]
12.9014 	EXP 	unnamed ImageStim: pos = [232.80983919741917, 214.22138733925453]
18.3450 	EXP 	Created unnamed Rect = Rect(__class__=<class 'psychopy.visual.rect.Rect'>, autoDraw=False, autoLog=True, closeShape=True, color=method-wrapper(...), colorSpace='rgb', contrast=None, depth=0, fillColor=array([-1, -1, -1]), fillColorSpace='rgb', fillRGB=array([-1, -1, -1]), interpolate=True, lineColor=array([-1., -1.,  1.]), lineColorSpace='rgb', lineRGB=array([-1, -1,  1]), lineWidth=1.5, name='unnamed Rect', opacity=1, ori=0.0, pos=array([0., 0.]), size=array([400., 600.]), units='pix', vertices=ndarray(...), win=Window(...))
18.3497 	EXP 	Created unnamed Rect = Rect(__class__=<class 'psychopy.visual.rect.Rect'>, autoDraw=False, autoLog=True, closeShape=True, color=method-wrapper(...), colorSpace='rgb', contrast=None, depth=0, fillColor=array([-1, -1, -1]), fillColorSpace='rgb', fillRGB=array([-1, -1, -1]), interpolate=True, lineColor=array([-1., -1.,  1.]), lineColorSpace='rgb', lineRGB=array([-1, -1,  1]), lineWidth=1.5, name='unnamed Rect', opacity=1, ori=0.0, pos=array([0., 0.]), size=array([400., 600.]), units='pix', vertices=ndarray(...), win=Window(...))
18.3695 	DATA 	Keypress: left
18.3791 	EXP 	unnamed Rect: pos = array([-86.12758758, -24.69938516])
18.3791 	EXP 	unnamed Rect: pos = array([-86.12758758, -24.69938516])
18.3885 	EXP 	unnamed Rect: pos = array([-86.12758758, -24.69938516])
18.4045 	EXP 	unnamed Rect: pos = array([-86.12758758, -24.69938516])
18.4222 	EXP 	unnamed Rect: pos = array([-86.12758758, -24.69938516])
18.4380 	EXP 	unnamed Rect: pos = array([-86.12758758, -24.69938516])
18.4552 	EXP 	unnamed Rect: pos = array([-86.12758758, -24.69938516])
18.4712 	EXP 	unnamed Rect: pos = array([-86.12758758, -24.69938516])
18.4880 	EXP 	unnamed Rect: pos = array([-86.12758758, -24.69938516])
18.5046 	EXP 	unnamed Rect: pos = array([-86.12758758, -24.69938516])
18.5213 	EXP 	unnamed Rect: pos = array([-86.12758758, -24.69938516])
18.5386 	EXP 	unnamed Rect: pos = array([-86.12758758, -24.69938516])
18.5547 	EXP 	unnamed Rect: pos = array([-86.12758758, -24.69938516])
18.5716 	EXP 	unnamed Rect: pos = array([-86.12758758, -24.69938516])
18.5878 	EXP 	unnamed Rect: pos = array([-86.12758758, -24.69938516])
18.6044 	EXP 	unnamed Rect: pos = array([-86.12758758, -24.69938516])
18.6224 	EXP 	unnamed Rect: pos = array([-86.12758758, -24.69938516])
18.6236 	DATA 	Keypress: down
18.6389 	EXP 	unnamed Rect: pos = array([-86.12758758, -34.69938516])
18.6545 	EXP 	unnamed Rect: pos = array([-86.12758758, -34.69938516])
18.6713 	EXP 	unnamed Rect: pos = array([-86.12758758, -34.69938516])
18.6880 	EXP 	unnamed Rect: pos = array([-86.12758758, -34.69938516])
18.7049 	EXP 	unnamed Rect: pos = array([-86.12758758, -34.69938516])
18.7219 	EXP 	unnamed Rect: pos = array([-86.12758758, -34.69938516])
18.7380 	EXP 	unnamed Rect: pos = array([-86.12758758, -34.69938516])
18.7548 	EXP 	unnamed Rect: pos = array([-86.12758758, -34.69938516])
18.7712 	EXP 	unnamed Rect: pos = array([-86.12758758, -34.69938516])
18.7888 	EXP 	unnamed Rect: pos = array([-86.12758758, -34.69938516])
18.7969 	DATA 	Keypress: down
18.8055 	EXP 	unnamed Rect: pos = array([-86.12758758, -44.69938516])
18.8217 	EXP 	unnamed Rect: pos = array([-86.12758758, -44.69938516])
18.8383 	EXP 	unnamed Rect: pos = array([-86.12758758, -44.69938516])
18.8557 	EXP 	unnamed Rect: pos = array([-86.12758758, -44.69938516])
18.8717 	EXP 	unnamed Rect: pos = array([-86.12758758, -44.69938516])
18.8881 	EXP 	unnamed Rect: pos = array([-86.12758758, -44.69938516])
18.9046 	EXP 	unnamed Rect: pos = array([-86.12758758, -44.69938516])
18.9211 	EXP 	unnamed Rect: pos = array([-86.12758758, -44.69938516])
18.9389 	EXP 	unnamed Rect: pos = array([-86.12758758, -44.69938516])
18.9398 	DATA 	Keypress: down
18.9546 	EXP 	unnamed Rect: pos = array([-86.12758758, -54.69938516])
18.9718 	EXP 	unnamed Rect: pos = array([-86.12758758, -54.69938516])
18.9878 	EXP 	unnamed Rect: pos = array([-86.12758758, -54.69938516])
19.0051 	EXP 	unnamed Rect: pos = array([-86.12758758, -54.69938516])
19.0210 	EXP 	unnamed Rect: pos = array([-86.12758758, -54.69938516])
19.0382 	EXP 	unnamed Rect: pos = array([-86.12758758, -54.69938516])
19.0550 	EXP 	unnamed Rect: pos = array([-86.12758758, -54.69938516])
19.0559 	DATA 	Keypress: down
19.0722 	EXP 	unnamed Rect: pos = array([-86.12758758, -64.69938516])
19.0881 	EXP 	unnamed Rect: pos = array([-86.12758758, -64.69938516])
19.1049 	EXP 	unnamed Rect: pos = array([-86.12758758, -64.69938516])
19.1215 	EXP 	unnamed Rect: pos = array([-86.12758758, -64.69938516])
19.1379 	EXP 	unnamed Rect: pos = array([-86.12758758, -64.69938516])
19.1546 	EXP 	unnamed Rect: pos = array([-86.12758758, -64.69938516])
19.1713 	EXP 	unnamed Rect: pos = array([-86.12758758, -64.69938516])
19.1886 	EXP 	unnamed Rect: pos = array([-86.12758758, -64.69938516])
19.1895 	DATA 	Keypress: down
19.2049 	EXP 	unnamed Rect: pos = array([-86.12758758, -74.69938516])
19.2215 	EXP 	unnamed Rect: pos = array([-86.12758758, -74.69938516])
19.2390 	EXP 	unnamed Rect: pos = array([-86.12758758, -74.69938516])
19.2547 	EXP 	unnamed Rect: pos = array([-86.12758758, -74.69938516])
19.2718 	EXP 	unnamed Rect: pos = array([-86.12758758, -74.69938516])
19.2879 	EXP 	unnamed Rect: pos = array([-86.12758758, -74.69938516])
19.3051 	EXP 	unnamed Rect: pos = array([-86.12758758, -74.69938516])
19.3215 	EXP 	unnamed Rect: pos = array([-86.12758758, -74.69938516])
19.3225 	DATA 	Keypress: down
19.3386 	EXP 	unnamed Rect: pos = array([-86.12758758, -84.69938516])
19.3546 	EXP 	unnamed Rect: pos = array([-86.12758758, -84.69938516])
19.3723 	EXP 	unnamed Rect: pos = array([-86.12758758, -84.69938516])
19.3878 	EXP 	unnamed Rect: pos = array([-86.12758758, -84.69938516])
19.4044 	EXP 	unnamed Rect: pos = array([-86.12758758, -84.69938516])
19.4211 	EXP 	unnamed Rect: pos = array([-86.12758758, -84.69938516])
19.4382 	EXP 	unnamed Rect: pos = array([-86.12758758, -84.69938516])
19.4559 	EXP 	unnamed Rect: pos = array([-86.12758758, -84.69938516])
19.4569 	DATA 	Keypress: down
19.4717 	EXP 	unnamed Rect: pos = array([-86.12758758, -94.69938516])
19.4879 	EXP 	unnamed Rect: pos = array([-86.12758758, -94.69938516])
19.5058 	EXP 	unnamed Rect: pos = array([-86.12758758, -94.69938516])
19.5224 	EXP 	unnamed Rect: pos = array([-86.12758758, -94.69938516])
19.5381 	EXP 	unnamed Rect: pos = array([-86.12758758, -94.69938516])
19.5546 	EXP 	unnamed Rect: pos = array([-86.12758758, -94.69938516])
19.5713 	EXP 	unnamed Rect: pos = array([-86.12758758, -94.69938516])
19.5890 	EXP 	unnamed Rect: pos = array([-86.12758758, -94.69938516])
19.5900 	DATA 	Keypress: down
19.6047 	EXP 	unnamed Rect: pos = array([ -86.12758758, -104.69938516])
19.6213 	EXP 	unnamed Rect: pos = array([ -86.12758758, -104.69938516])
19.6378 	EXP 	unnamed Rect: pos = array([ -86.12758758, -104.69938516])
19.6557 	EXP 	unnamed Rect: pos = array([ -86.12758758, -104.69938516])
19.6712 	EXP 	unnamed Rect: pos = array([ -86.12758758, -104.69938516])
19.6882 	EXP 	unnamed Rect: pos = array([ -86.12758758, -104.69938516])
19.7046 	EXP 	unnamed Rect: pos = array([ -86.12758758, -104.69938516])
19.7213 	EXP 	unnamed Rect: pos = array([ -86.12758758, -104.69938516])
19.7255 	DATA 	Keypress: down
19.7390 	EXP 	unnamed Rect: pos = array([ -86.12758758, -104.69938516])
19.7545 	EXP 	unnamed Rect: pos = array([ -86.12758758, -114.69938516])
19.7713 	EXP 	unnamed Rect: pos = array([ -86.12758758, -114.69938516])
19.7884 	EXP 	unnamed Rect: pos = array([ -86.12758758, -114.69938516])
19.8058 	EXP 	unnamed Rect: pos = array([ -86.12758758, -114.69938516])
19.8213 	EXP 	unnamed Rect: pos = array([ -86.12758758, -114.69938516])
19.8382 	EXP 	unnamed Rect: pos = array([ -86.12758758, -114.69938516])
19.8549 	EXP 	unnamed Rect: pos = array([ -86.12758758, -114.69938516])
19.8724 	EXP 	unnamed Rect: pos = array([ -86.12758758, -114.69938516])
19.8733 	DATA 	Keypress: down
19.8880 	EXP 	unnamed Rect: pos = array([ -86.12758758, -124.69938516])
19.9046 	EXP 	unnamed Rect: pos = array([ -86.12758758, -124.69938516])
19.9214 	EXP 	unnamed Rect: pos = array([ -86.12758758, -124.69938516])
19.9384 	EXP 	unnamed Rect: pos = array([ -86.12758758, -124.69938516])
19.9550 	EXP 	unnamed Rect: pos = array([ -86.12758758, -124.69938516])
19.9712 	EXP 	unnamed Rect: pos = array([ -86.12758758, -124.69938516])
19.9879 	EXP 	unnamed Rect: pos = array([ -86.12758758, -124.69938516])
20.0046 	EXP 	unnamed Rect: pos = array([ -86.12758758, -124.69938516])
20.0223 	EXP 	unnamed Rect: pos = array([ -86.12758758, -124.69938516])
20.0234 	DATA 	Keypress: down
20.0380 	EXP 	unnamed Rect: pos = array([ -86.12758758, -134.69938516])
20.0546 	EXP 	unnamed Rect: pos = array([ -86.12758758, -134.69938516])
20.0713 	EXP 	unnamed Rect: pos = array([ -86.12758758, -134.69938516])
20.0887 	EXP 	unnamed Rect: pos = array([ -86.12758758, -134.69938516])
20.1049 	EXP 	unnamed Rect: pos = array([ -86.12758758, -134.69938516])
20.1213 	EXP 	unnamed Rect: pos = array([ -86.12758758, -134.69938516])
20.1380 	EXP 	unnamed Rect: pos = array([ -86.12758758, -134.69938516])
20.1419 	DATA 	Keypress: down
20.1547 	EXP 	unnamed Rect: pos = array([ -86.12758758, -134.69938516])
20.1718 	EXP 	unnamed Rect: pos = array([ -86.12758758, -144.69938516])
20.1879 	EXP 	unnamed Rect: pos = array([ -86.12758758, -144.69938516])
20.2045 	EXP 	unnamed Rect: pos = array([ -86.12758758, -144.69938516])
20.2222 	EXP 	unnamed Rect: pos = array([ -86.12758758, -144.69938516])
20.2380 	EXP 	unnamed Rect: pos = array([ -86.12758758, -144.69938516])
20.2547 	EXP 	unnamed Rect: pos = array([ -86.12758758, -144.69938516])
20.2717 	EXP 	unnamed Rect: pos = array([ -86.12758758, -144.69938516])
20.2883 	EXP 	unnamed Rect: pos = array([ -86.12758758, -144.69938516])
20.3056 	EXP 	unnamed Rect: pos = array([ -86.12758758, -144.69938516])
20.3066 	DATA 	Keypress: down
20.3216 	EXP 	unnamed Rect: pos = array([ -86.12758758, -154.69938516])
20.3384 	EXP 	unnamed Rect: pos = array([ -86.12758758, -154.69938516])
20.3552 	EXP 	unnamed Rect: pos = array([ -86.12758758, -154.69938516])
20.3722 	EXP 	unnamed Rect: pos = array([ -86.12758758, -154.69938516])
20.3920 	EXP 	unnamed Rect: pos = array([ -86.12758758, -154.69938516])
20.4043 	EXP 	unnamed Rect: pos = array([ -86.12758758, -154.69938516])
20.4219 	EXP 	unnamed Rect: pos = array([ -86.12758758, -154.69938516])
20.4381 	EXP 	unnamed Rect: pos = array([ -86.12758758, -154.69938516])
20.4419 	DATA 	Keypress: down
20.4557 	EXP 	unnamed Rect: pos = array([ -86.12758758, -154.69938516])
20.4710 	EXP 	unnamed Rect: pos = array([ -86.12758758, -164.69938516])
20.4878 	EXP 	unnamed Rect: pos = array([ -86.12758758, -164.69938516])
20.5048 	EXP 	unnamed Rect: pos = array([ -86.12758758, -164.69938516])
20.5218 	EXP 	unnamed Rect: pos = array([ -86.12758758, -164.69938516])
20.5379 	EXP 	unnamed Rect: pos = array([ -86.12758758, -164.69938516])
20.5546 	EXP 	unnamed Rect: pos = array([ -86.12758758, -164.69938516])
20.5717 	EXP 	unnamed Rect: pos = array([ -86.12758758, -164.69938516])
20.5884 	EXP 	unnamed Rect: pos = array([ -86.12758758, -164.69938516])
20.5892 	DATA 	Keypress: down
20.6049 	EXP 	unnamed Rect: pos = array([ -86.12758758, -174.69938516])
20.6219 	EXP 	unnamed Rect: pos = array([ -86.12758758, -174.69938516])
20.6381 	EXP 	unnamed Rect: pos = array([ -86.12758758, -174.69938516])
20.6548 	EXP 	unnamed Rect: pos = array([ -86.12758758, -174.69938516])
20.6719 	EXP 	unnamed Rect: pos = array([ -86.12758758, -174.69938516])
20.6880 	EXP 	unnamed Rect: pos = array([ -86.12758758, -174.69938516])
20.7047 	EXP 	unnamed Rect: pos = array([ -86.12758758, -174.69938516])
20.7213 	EXP 	unnamed Rect: pos = array([ -86.12758758, -174.69938516])
20.7385 	EXP 	unnamed Rect: pos = array([ -86.12758758, -174.69938516])
20.7395 	DATA 	Keypress: down
20.7547 	EXP 	unnamed Rect: pos = array([ -86.12758758, -184.69938516])
20.7718 	EXP 	unnamed Rect: pos = array([ -86.12758758, -184.69938516])
20.7882 	EXP 	unnamed Rect: pos = array([ -86.12758758, -184.69938516])
20.8046 	EXP 	unnamed Rect: pos = array([ -86.12758758, -184.69938516])
20.8224 	EXP 	unnamed Rect: pos = array([ -86.12758758, -184.69938516])
20.8382 	EXP 	unnamed Rect: pos = array([ -86.12758758, -184.69938516])
20.8548 	EXP 	unnamed Rect: pos = array([ -86.12758758, -184.69938516])
20.8714 	EXP 	unnamed Rect: pos = array([ -86.12758758, -184.69938516])
20.8891 	EXP 	unnamed Rect: pos = array([ -86.12758758, -184.69938516])
20.8900 	DATA 	Keypress: down
20.9047 	EXP 	unnamed Rect: pos = array([ -86.12758758, -194.69938516])
20.9213 	EXP 	unnamed Rect: pos = array([ -86.12758758, -194.69938516])
20.9380 	EXP 	unnamed Rect: pos = array([ -86.12758758, -194.69938516])
20.9545 	EXP 	unnamed Rect: pos = array([ -86.12758758, -194.69938516])
20.9718 	EXP 	unnamed Rect: pos = array([ -86.12758758, -194.69938516])
20.9882 	EXP 	unnamed Rect: pos = array([ -86.12758758, -194.69938516])
21.0050 	EXP 	unnamed Rect: pos = array([ -86.12758758, -194.69938516])
21.0214 	EXP 	unnamed Rect: pos = array([ -86.12758758, -194.69938516])
21.0392 	EXP 	unnamed Rect: pos = array([ -86.12758758, -194.69938516])
21.0403 	DATA 	Keypress: down
21.0549 	EXP 	unnamed Rect: pos = array([ -86.12758758, -204.69938516])
21.0713 	EXP 	unnamed Rect: pos = array([ -86.12758758, -204.69938516])
21.0885 	EXP 	unnamed Rect: pos = array([ -86.12758758, -204.69938516])
21.1049 	EXP 	unnamed Rect: pos = array([ -86.12758758, -204.69938516])
21.1215 	EXP 	unnamed Rect: pos = array([ -86.12758758, -204.69938516])
21.1384 	EXP 	unnamed Rect: pos = array([ -86.12758758, -204.69938516])
21.1556 	EXP 	unnamed Rect: pos = array([ -86.12758758, -204.69938516])
21.1714 	EXP 	unnamed Rect: pos = array([ -86.12758758, -204.69938516])
21.1880 	EXP 	unnamed Rect: pos = array([ -86.12758758, -204.69938516])
21.2050 	EXP 	unnamed Rect: pos = array([ -86.12758758, -204.69938516])
21.2061 	DATA 	Keypress: right
21.2222 	EXP 	unnamed Rect: pos = array([ -76.12758758, -204.69938516])
21.2380 	EXP 	unnamed Rect: pos = array([ -76.12758758, -204.69938516])
21.2546 	EXP 	unnamed Rect: pos = array([ -76.12758758, -204.69938516])
21.2713 	EXP 	unnamed Rect: pos = array([ -76.12758758, -204.69938516])
21.2884 	EXP 	unnamed Rect: pos = array([ -76.12758758, -204.69938516])
21.3056 	EXP 	unnamed Rect: pos = array([ -76.12758758, -204.69938516])
21.3216 	EXP 	unnamed Rect: pos = array([ -76.12758758, -204.69938516])
21.3381 	EXP 	unnamed Rect: pos = array([ -76.12758758, -204.69938516])
21.3547 	EXP 	unnamed Rect: pos = array([ -76.12758758, -204.69938516])
21.3717 	EXP 	unnamed Rect: pos = array([ -76.12758758, -204.69938516])
21.3727 	DATA 	Keypress: right
21.3884 	EXP 	unnamed Rect: pos = array([ -66.12758758, -204.69938516])
21.4050 	EXP 	unnamed Rect: pos = array([ -66.12758758, -204.69938516])
21.4215 	EXP 	unnamed Rect: pos = array([ -66.12758758, -204.69938516])
21.4389 	EXP 	unnamed Rect: pos = array([ -66.12758758, -204.69938516])
21.4557 	EXP 	unnamed Rect: pos = array([ -66.12758758, -204.69938516])
21.4717 	EXP 	unnamed Rect: pos = array([ -66.12758758, -204.69938516])
21.4882 	EXP 	unnamed Rect: pos = array([ -66.12758758, -204.69938516])
21.5049 	EXP 	unnamed Rect: pos = array([ -66.12758758, -204.69938516])
21.5219 	EXP 	unnamed Rect: pos = array([ -66.12758758, -204.69938516])
21.5229 	DATA 	Keypress: right
21.5389 	EXP 	unnamed Rect: pos = array([ -56.12758758, -204.69938516])
21.5546 	EXP 	unnamed Rect: pos = array([ -56.12758758, -204.69938516])
21.5713 	EXP 	unnamed Rect: pos = array([ -56.12758758, -204.69938516])
21.5891 	EXP 	unnamed Rect: pos = array([ -56.12758758, -204.69938516])
21.6048 	EXP 	unnamed Rect: pos = array([ -56.12758758, -204.69938516])
21.6213 	EXP 	unnamed Rect: pos = array([ -56.12758758, -204.69938516])
21.6379 	EXP 	unnamed Rect: pos = array([ -56.12758758, -204.69938516])
21.6547 	EXP 	unnamed Rect: pos = array([ -56.12758758, -204.69938516])
21.6586 	DATA 	Keypress: right
21.6722 	EXP 	unnamed Rect: pos = array([ -56.12758758, -204.69938516])
21.6882 	EXP 	unnamed Rect: pos = array([ -46.12758758, -204.69938516])
21.7047 	EXP 	unnamed Rect: pos = array([ -46.12758758, -204.69938516])
21.7218 	EXP 	unnamed Rect: pos = array([ -46.12758758, -204.69938516])
21.7382 	EXP 	unnamed Rect: pos = array([ -46.12758758, -204.69938516])
21.7548 	EXP 	unnamed Rect: pos = array([ -46.12758758, -204.69938516])
21.7715 	EXP 	unnamed Rect: pos = array([ -46.12758758, -204.69938516])
21.7880 	EXP 	unnamed Rect: pos = array([ -46.12758758, -204.69938516])
21.8054 	EXP 	unnamed Rect: pos = array([ -46.12758758, -204.69938516])
21.8064 	DATA 	Keypress: right
21.8224 	EXP 	unnamed Rect: pos = array([ -36.12758758, -204.69938516])
21.8382 	EXP 	unnamed Rect: pos = array([ -36.12758758, -204.69938516])
21.8545 	EXP 	unnamed Rect: pos = array([ -36.12758758, -204.69938516])
21.8712 	EXP 	unnamed Rect: pos = array([ -36.12758758, -204.69938516])
21.8889 	EXP 	unnamed Rect: pos = array([ -36.12758758, -204.69938516])
21.9049 	EXP 	unnamed Rect: pos = array([ -36.12758758, -204.69938516])
21.9211 	EXP 	unnamed Rect: pos = array([ -36.12758758, -204.69938516])
21.9383 	EXP 	unnamed Rect: pos = array([ -36.12758758, -204.69938516])
21.9393 	DATA 	Keypress: right
21.9556 	EXP 	unnamed Rect: pos = array([ -26.12758758, -204.69938516])
21.9713 	EXP 	unnamed Rect: pos = array([ -26.12758758, -204.69938516])
21.9885 	EXP 	unnamed Rect: pos = array([ -26.12758758, -204.69938516])
22.0047 	EXP 	unnamed Rect: pos = array([ -26.12758758, -204.69938516])
22.0217 	EXP 	unnamed Rect: pos = array([ -26.12758758, -204.69938516])
22.0390 	EXP 	unnamed Rect: pos = array([ -26.12758758, -204.69938516])
22.0544 	EXP 	unnamed Rect: pos = array([ -26.12758758, -204.69938516])
22.0713 	EXP 	unnamed Rect: pos = array([ -26.12758758, -204.69938516])
22.0888 	EXP 	unnamed Rect: pos = array([ -26.12758758, -204.69938516])
22.0898 	DATA 	Keypress: right
22.1059 	EXP 	unnamed Rect: pos = array([ -16.12758758, -204.69938516])
22.1224 	EXP 	unnamed Rect: pos = array([ -16.12758758, -204.69938516])
22.1386 	EXP 	unnamed Rect: pos = array([ -16.12758758, -204.69938516])
22.1550 	EXP 	unnamed Rect: pos = array([ -16.12758758, -204.69938516])
22.1717 	EXP 	unnamed Rect: pos = array([ -16.12758758, -204.69938516])
22.1881 	EXP 	unnamed Rect: pos = array([ -16.12758758, -204.69938516])
22.2052 	EXP 	unnamed Rect: pos = array([ -16.12758758, -204.69938516])
22.2215 	EXP 	unnamed Rect: pos = array([ -16.12758758, -204.69938516])
22.2382 	EXP 	unnamed Rect: pos = array([ -16.12758758, -204.69938516])
22.2549 	EXP 	unnamed Rect: pos = array([ -16.12758758, -204.69938516])
22.2559 	DATA 	Keypress: right
22.2714 	EXP 	unnamed Rect: pos = array([  -6.12758758, -204.69938516])
22.2880 	EXP 	unnamed Rect: pos = array([  -6.12758758, -204.69938516])
22.3046 	EXP 	unnamed Rect: pos = array([  -6.12758758, -204.69938516])
22.3213 	EXP 	unnamed Rect: pos = array([  -6.12758758, -204.69938516])
22.3392 	EXP 	unnamed Rect: pos = array([  -6.12758758, -204.69938516])
22.3548 	EXP 	unnamed Rect: pos = array([  -6.12758758, -204.69938516])
22.3716 	EXP 	unnamed Rect: pos = array([  -6.12758758, -204.69938516])
22.3880 	EXP 	unnamed Rect: pos = array([  -6.12758758, -204.69938516])
22.4055 	EXP 	unnamed Rect: pos = array([  -6.12758758, -204.69938516])
22.4065 	DATA 	Keypress: right
22.4217 	EXP 	unnamed Rect: pos = array([   3.87241242, -204.69938516])
22.4382 	EXP 	unnamed Rect: pos = array([   3.87241242, -204.69938516])
22.4557 	EXP 	unnamed Rect: pos = array([   3.87241242, -204.69938516])
22.4723 	EXP 	unnamed Rect: pos = array([   3.87241242, -204.69938516])
22.4879 	EXP 	unnamed Rect: pos = array([   3.87241242, -204.69938516])
22.5047 	EXP 	unnamed Rect: pos = array([   3.87241242, -204.69938516])
22.5211 	EXP 	unnamed Rect: pos = array([   3.87241242, -204.69938516])
22.5382 	EXP 	unnamed Rect: pos = array([   3.87241242, -204.69938516])
22.5419 	DATA 	Keypress: right
22.5558 	EXP 	unnamed Rect: pos = array([   3.87241242, -204.69938516])
22.5713 	EXP 	unnamed Rect: pos = array([  13.87241242, -204.69938516])
22.5882 	EXP 	unnamed Rect: pos = array([  13.87241242, -204.69938516])
22.6053 	EXP 	unnamed Rect: pos = array([  13.87241242, -204.69938516])
22.6212 	EXP 	unnamed Rect: pos = array([  13.87241242, -204.69938516])
22.6392 	EXP 	unnamed Rect: pos = array([  13.87241242, -204.69938516])
22.6549 	EXP 	unnamed Rect: pos = array([  13.87241242, -204.69938516])
22.6715 	EXP 	unnamed Rect: pos = array([  13.87241242, -204.69938516])
22.6879 	EXP 	unnamed Rect: pos = array([  13.87241242, -204.69938516])
22.7054 	EXP 	unnamed Rect: pos = array([  13.87241242, -204.69938516])
22.7064 	DATA 	Keypress: right
22.7218 	EXP 	unnamed Rect: pos = array([  23.87241242, -204.69938516])
22.7385 	EXP 	unnamed Rect: pos = array([  23.87241242, -204.69938516])
22.7548 	EXP 	unnamed Rect: pos = array([  23.87241242, -204.69938516])
22.7724 	EXP 	unnamed Rect: pos = array([  23.87241242, -204.69938516])
22.7883 	EXP 	unnamed Rect: pos = array([  23.87241242, -204.69938516])
22.8049 	EXP 	unnamed Rect: pos = array([  23.87241242, -204.69938516])
22.8216 	EXP 	unnamed Rect: pos = array([  23.87241242, -204.69938516])
22.8384 	EXP 	unnamed Rect: pos = array([  23.87241242, -204.69938516])
22.8555 	EXP 	unnamed Rect: pos = array([  23.87241242, -204.69938516])
22.8565 	DATA 	Keypress: right
22.8717 	EXP 	unnamed Rect: pos = array([  33.87241242, -204.69938516])
22.8879 	EXP 	unnamed Rect: pos = array([  33.87241242, -204.69938516])
22.9051 	EXP 	unnamed Rect: pos = array([  33.87241242, -204.69938516])
22.9222 	EXP 	unnamed Rect: pos = array([  33.87241242, -204.69938516])
22.9384 	EXP 	unnamed Rect: pos = array([  33.87241242, -204.69938516])
22.9550 	EXP 	unnamed Rect: pos = array([  33.87241242, -204.69938516])
22.9713 	EXP 	unnamed Rect: pos = array([  33.87241242, -204.69938516])
22.9883 	EXP 	unnamed Rect: pos = array([  33.87241242, -204.69938516])
23.0053 	EXP 	unnamed Rect: pos = array([  33.87241242, -204.69938516])
23.0062 	DATA 	Keypress: right
23.0216 	EXP 	unnamed Rect: pos = array([  43.87241242, -204.69938516])
23.0383 	EXP 	unnamed Rect: pos = array([  43.87241242, -204.69938516])
23.0547 	EXP 	unnamed Rect: pos = array([  43.87241242, -204.69938516])
23.0719 	EXP 	unnamed Rect: pos = array([  43.87241242, -204.69938516])
23.0887 	EXP 	unnamed Rect: pos = array([  43.87241242, -204.69938516])
23.1046 	EXP 	unnamed Rect: pos = array([  43.87241242, -204.69938516])
23.1216 	EXP 	unnamed Rect: pos = array([  43.87241242, -204.69938516])
23.1385 	EXP 	unnamed Rect: pos = array([  43.87241242, -204.69938516])
23.1558 	EXP 	unnamed Rect: pos = array([  43.87241242, -204.69938516])
23.1567 	DATA 	Keypress: right
23.1715 	EXP 	unnamed Rect: pos = array([  53.87241242, -204.69938516])
23.1880 	EXP 	unnamed Rect: pos = array([  53.87241242, -204.69938516])
23.2049 	EXP 	unnamed Rect: pos = array([  53.87241242, -204.69938516])
23.2218 	EXP 	unnamed Rect: pos = array([  53.87241242, -204.69938516])
23.2385 	EXP 	unnamed Rect: pos = array([  53.87241242, -204.69938516])
23.2549 	EXP 	unnamed Rect: pos = array([  53.87241242, -204.69938516])
23.2715 	EXP 	unnamed Rect: pos = array([  53.87241242, -204.69938516])
23.2882 	EXP 	unnamed Rect: pos = array([  53.87241242, -204.69938516])
23.3049 	EXP 	unnamed Rect: pos = array([  53.87241242, -204.69938516])
23.3219 	EXP 	unnamed Rect: pos = array([  53.87241242, -204.69938516])
23.3228 	DATA 	Keypress: down
23.3389 	EXP 	unnamed Rect: pos = array([  53.87241242, -214.69938516])
23.3546 	EXP 	unnamed Rect: pos = array([  53.87241242, -214.69938516])
23.3712 	EXP 	unnamed Rect: pos = array([  53.87241242, -214.69938516])
23.3879 	EXP 	unnamed Rect: pos = array([  53.87241242, -214.69938516])
23.4055 	EXP 	unnamed Rect: pos = array([  53.87241242, -214.69938516])
23.4217 	EXP 	unnamed Rect: pos = array([  53.87241242, -214.69938516])
23.4379 	EXP 	unnamed Rect: pos = array([  53.87241242, -214.69938516])
23.4561 	EXP 	unnamed Rect: pos = array([  53.87241242, -214.69938516])
23.4715 	EXP 	unnamed Rect: pos = array([  53.87241242, -214.69938516])
23.4879 	EXP 	unnamed Rect: pos = array([  53.87241242, -214.69938516])
23.5046 	EXP 	unnamed Rect: pos = array([  53.87241242, -214.69938516])
23.5216 	EXP 	unnamed Rect: pos = array([  53.87241242, -214.69938516])
23.5395 	EXP 	unnamed Rect: pos = array([  53.87241242, -214.69938516])
23.5405 	DATA 	Keypress: right
23.5554 	EXP 	unnamed Rect: pos = array([  63.87241242, -214.69938516])
23.5714 	EXP 	unnamed Rect: pos = array([  63.87241242, -214.69938516])
23.5880 	EXP 	unnamed Rect: pos = array([  63.87241242, -214.69938516])
23.6047 	EXP 	unnamed Rect: pos = array([  63.87241242, -214.69938516])
23.6217 	EXP 	unnamed Rect: pos = array([  63.87241242, -214.69938516])
23.6389 	EXP 	unnamed Rect: pos = array([  63.87241242, -214.69938516])
23.6558 	EXP 	unnamed Rect: pos = array([  63.87241242, -214.69938516])
23.6723 	EXP 	unnamed Rect: pos = array([  63.87241242, -214.69938516])
23.6879 	EXP 	unnamed Rect: pos = array([  63.87241242, -214.69938516])
23.7052 	EXP 	unnamed Rect: pos = array([  63.87241242, -214.69938516])
23.7063 	DATA 	Keypress: right
23.7215 	EXP 	unnamed Rect: pos = array([  73.87241242, -214.69938516])
23.7382 	EXP 	unnamed Rect: pos = array([  73.87241242, -214.69938516])
23.7547 	EXP 	unnamed Rect: pos = array([  73.87241242, -214.69938516])
23.7717 	EXP 	unnamed Rect: pos = array([  73.87241242, -214.69938516])
23.7887 	EXP 	unnamed Rect: pos = array([  73.87241242, -214.69938516])
23.8047 	EXP 	unnamed Rect: pos = array([  73.87241242, -214.69938516])
23.8216 	EXP 	unnamed Rect: pos = array([  73.87241242, -214.69938516])
23.8383 	EXP 	unnamed Rect: pos = array([  73.87241242, -214.69938516])
23.8547 	EXP 	unnamed Rect: pos = array([  73.87241242, -214.69938516])
23.8718 	EXP 	unnamed Rect: pos = array([  73.87241242, -214.69938516])
23.8727 	DATA 	Keypress: right
23.8880 	EXP 	unnamed Rect: pos = array([  83.87241242, -214.69938516])
23.9058 	EXP 	unnamed Rect: pos = array([  83.87241242, -214.69938516])
23.9214 	EXP 	unnamed Rect: pos = array([  83.87241242, -214.69938516])
23.9387 	EXP 	unnamed Rect: pos = array([  83.87241242, -214.69938516])
23.9547 	EXP 	unnamed Rect: pos = array([  83.87241242, -214.69938516])
23.9712 	EXP 	unnamed Rect: pos = array([  83.87241242, -214.69938516])
23.9882 	EXP 	unnamed Rect: pos = array([  83.87241242, -214.69938516])
24.0048 	EXP 	unnamed Rect: pos = array([  83.87241242, -214.69938516])
24.0214 	EXP 	unnamed Rect: pos = array([  83.87241242, -214.69938516])
24.0257 	DATA 	Keypress: right
24.0391 	EXP 	unnamed Rect: pos = array([  83.87241242, -214.69938516])
24.0548 	EXP 	unnamed Rect: pos = array([  93.87241242, -214.69938516])
24.0714 	EXP 	unnamed Rect: pos = array([  93.87241242, -214.69938516])
24.0883 	EXP 	unnamed Rect: pos = array([  93.87241242, -214.69938516])
24.1056 	EXP 	unnamed Rect: pos = array([  93.87241242, -214.69938516])
24.1215 	EXP 	unnamed Rect: pos = array([  93.87241242, -214.69938516])
24.1380 	EXP 	unnamed Rect: pos = array([  93.87241242, -214.69938516])
24.1550 	EXP 	unnamed Rect: pos = array([  93.87241242, -214.69938516])
24.1714 	EXP 	unnamed Rect: pos = array([  93.87241242, -214.69938516])
24.1879 	EXP 	unnamed Rect: pos = array([  93.87241242, -214.69938516])
24.2051 	EXP 	unnamed Rect: pos = array([  93.87241242, -214.69938516])
24.2061 	DATA 	Keypress: down
24.2214 	EXP 	unnamed Rect: pos = array([  93.87241242, -224.69938516])
24.2382 	EXP 	unnamed Rect: pos = array([  93.87241242, -224.69938516])
24.2547 	EXP 	unnamed Rect: pos = array([  93.87241242, -224.69938516])
24.2716 	EXP 	unnamed Rect: pos = array([  93.87241242, -224.69938516])
24.2880 	EXP 	unnamed Rect: pos = array([  93.87241242, -224.69938516])
24.3046 	EXP 	unnamed Rect: pos = array([  93.87241242, -224.69938516])
24.3224 	EXP 	unnamed Rect: pos = array([  93.87241242, -224.69938516])
24.3380 	EXP 	unnamed Rect: pos = array([  93.87241242, -224.69938516])
24.3546 	EXP 	unnamed Rect: pos = array([  93.87241242, -224.69938516])
24.3714 	EXP 	unnamed Rect: pos = array([  93.87241242, -224.69938516])
24.3880 	EXP 	unnamed Rect: pos = array([  93.87241242, -224.69938516])
24.4049 	EXP 	unnamed Rect: pos = array([  93.87241242, -224.69938516])
24.4060 	DATA 	Keypress: down
24.4225 	EXP 	unnamed Rect: pos = array([  93.87241242, -234.69938516])
24.4380 	EXP 	unnamed Rect: pos = array([  93.87241242, -234.69938516])
24.4555 	EXP 	unnamed Rect: pos = array([  93.87241242, -234.69938516])
24.4714 	EXP 	unnamed Rect: pos = array([  93.87241242, -234.69938516])
24.4886 	EXP 	unnamed Rect: pos = array([  93.87241242, -234.69938516])
24.5059 	EXP 	unnamed Rect: pos = array([  93.87241242, -234.69938516])
24.5069 	DATA 	Keypress: right
24.5224 	EXP 	unnamed Rect: pos = array([ 103.87241242, -234.69938516])
24.5384 	EXP 	unnamed Rect: pos = array([ 103.87241242, -234.69938516])
24.5546 	EXP 	unnamed Rect: pos = array([ 103.87241242, -234.69938516])
24.5716 	EXP 	unnamed Rect: pos = array([ 103.87241242, -234.69938516])
24.5891 	EXP 	unnamed Rect: pos = array([ 103.87241242, -234.69938516])
24.6047 	EXP 	unnamed Rect: pos = array([ 103.87241242, -234.69938516])
24.6213 	EXP 	unnamed Rect: pos = array([ 103.87241242, -234.69938516])
24.6383 	EXP 	unnamed Rect: pos = array([ 103.87241242, -234.69938516])
24.6547 	EXP 	unnamed Rect: pos = array([ 103.87241242, -234.69938516])
24.6723 	EXP 	unnamed Rect: pos = array([ 103.87241242, -234.69938516])
24.6881 	EXP 	unnamed Rect: pos = array([ 103.87241242, -234.69938516])
24.7047 	EXP 	unnamed Rect: pos = array([ 103.87241242, -234.69938516])
24.7213 	EXP 	unnamed Rect: pos = array([ 103.87241242, -234.69938516])
24.7380 	EXP 	unnamed Rect: pos = array([ 103.87241242, -234.69938516])
24.7546 	EXP 	unnamed Rect: pos = array([ 103.87241242, -234.69938516])
24.7715 	EXP 	unnamed Rect: pos = array([ 103.87241242, -234.69938516])
24.7880 	EXP 	unnamed Rect: pos = array([ 103.87241242, -234.69938516])
24.8048 	EXP 	unnamed Rect: pos = array([ 103.87241242, -234.69938516])
24.8213 	EXP 	unnamed Rect: pos = array([ 103.87241242, -234.69938516])
24.8384 	EXP 	unnamed Rect: pos = array([ 103.87241242, -234.69938516])
24.8547 	EXP 	unnamed Rect: pos = array([ 103.87241242, -234.69938516])
24.8715 	EXP 	unnamed Rect: pos = array([ 103.87241242, -234.69938516])
24.8882 	EXP 	unnamed Rect: pos = array([ 103.87241242, -234.69938516])
24.9050 	EXP 	unnamed Rect: pos = array([ 103.87241242, -234.69938516])
24.9214 	EXP 	unnamed Rect: pos = array([ 103.87241242, -234.69938516])
24.9384 	EXP 	unnamed Rect: pos = array([ 103.87241242, -234.69938516])
24.9549 	EXP 	unnamed Rect: pos = array([ 103.87241242, -234.69938516])
24.9717 	EXP 	unnamed Rect: pos = array([ 103.87241242, -234.69938516])
24.9880 	EXP 	unnamed Rect: pos = array([ 103.87241242, -234.69938516])
25.0050 	EXP 	unnamed Rect: pos = array([ 103.87241242, -234.69938516])
25.0213 	EXP 	unnamed Rect: pos = array([ 103.87241242, -234.69938516])
25.0384 	EXP 	unnamed Rect: pos = array([ 103.87241242, -234.69938516])
25.0550 	EXP 	unnamed Rect: pos = array([ 103.87241242, -234.69938516])
25.0714 	EXP 	unnamed Rect: pos = array([ 103.87241242, -234.69938516])
25.0883 	EXP 	unnamed Rect: pos = array([ 103.87241242, -234.69938516])
25.1054 	EXP 	unnamed Rect: pos = array([ 103.87241242, -234.69938516])
25.1217 	EXP 	unnamed Rect: pos = array([ 103.87241242, -234.69938516])
25.1382 	EXP 	unnamed Rect: pos = array([ 103.87241242, -234.69938516])
25.1547 	EXP 	unnamed Rect: pos = array([ 103.87241242, -234.69938516])
25.1724 	EXP 	unnamed Rect: pos = array([ 103.87241242, -234.69938516])
25.1738 	DATA 	Keypress: up
25.1881 	EXP 	unnamed Rect: pos = array([ 103.87241242, -224.69938516])
25.2048 	EXP 	unnamed Rect: pos = array([ 103.87241242, -224.69938516])
25.2223 	EXP 	unnamed Rect: pos = array([ 103.87241242, -224.69938516])
25.2379 	EXP 	unnamed Rect: pos = array([ 103.87241242, -224.69938516])
25.2548 	EXP 	unnamed Rect: pos = array([ 103.87241242, -224.69938516])
25.2717 	EXP 	unnamed Rect: pos = array([ 103.87241242, -224.69938516])
25.2882 	EXP 	unnamed Rect: pos = array([ 103.87241242, -224.69938516])
25.3057 	EXP 	unnamed Rect: pos = array([ 103.87241242, -224.69938516])
25.3069 	DATA 	Keypress: up
25.3224 	EXP 	unnamed Rect: pos = array([ 103.87241242, -214.69938516])
25.3381 	EXP 	unnamed Rect: pos = array([ 103.87241242, -214.69938516])
25.3547 	EXP 	unnamed Rect: pos = array([ 103.87241242, -214.69938516])
25.3724 	EXP 	unnamed Rect: pos = array([ 103.87241242, -214.69938516])
25.3883 	EXP 	unnamed Rect: pos = array([ 103.87241242, -214.69938516])
25.4047 	EXP 	unnamed Rect: pos = array([ 103.87241242, -214.69938516])
25.4215 	EXP 	unnamed Rect: pos = array([ 103.87241242, -214.69938516])
25.4382 	EXP 	unnamed Rect: pos = array([ 103.87241242, -214.69938516])
25.4558 	EXP 	unnamed Rect: pos = array([ 103.87241242, -214.69938516])
25.4570 	DATA 	Keypress: up
25.4724 	EXP 	unnamed Rect: pos = array([ 103.87241242, -204.69938516])
25.4886 	EXP 	unnamed Rect: pos = array([ 103.87241242, -204.69938516])
25.5051 	EXP 	unnamed Rect: pos = array([ 103.87241242, -204.69938516])
25.5224 	EXP 	unnamed Rect: pos = array([ 103.87241242, -204.69938516])
25.5382 	EXP 	unnamed Rect: pos = array([ 103.87241242, -204.69938516])
25.5545 	EXP 	unnamed Rect: pos = array([ 103.87241242, -204.69938516])
25.5713 	EXP 	unnamed Rect: pos = array([ 103.87241242, -204.69938516])
25.5880 	EXP 	unnamed Rect: pos = array([ 103.87241242, -204.69938516])
25.6049 	EXP 	unnamed Rect: pos = array([ 103.87241242, -204.69938516])
25.6096 	DATA 	Keypress: up
25.6220 	EXP 	unnamed Rect: pos = array([ 103.87241242, -204.69938516])
25.6385 	EXP 	unnamed Rect: pos = array([ 103.87241242, -194.69938516])
25.6552 	EXP 	unnamed Rect: pos = array([ 103.87241242, -194.69938516])
25.6712 	EXP 	unnamed Rect: pos = array([ 103.87241242, -194.69938516])
25.6883 	EXP 	unnamed Rect: pos = array([ 103.87241242, -194.69938516])
25.7052 	EXP 	unnamed Rect: pos = array([ 103.87241242, -194.69938516])
25.7214 	EXP 	unnamed Rect: pos = array([ 103.87241242, -194.69938516])
25.7381 	EXP 	unnamed Rect: pos = array([ 103.87241242, -194.69938516])
25.7549 	EXP 	unnamed Rect: pos = array([ 103.87241242, -194.69938516])
25.7560 	DATA 	Keypress: up
25.7719 	EXP 	unnamed Rect: pos = array([ 103.87241242, -184.69938516])
25.7884 	EXP 	unnamed Rect: pos = array([ 103.87241242, -184.69938516])
25.8055 	EXP 	unnamed Rect: pos = array([ 103.87241242, -184.69938516])
25.8214 	EXP 	unnamed Rect: pos = array([ 103.87241242, -184.69938516])
25.8382 	EXP 	unnamed Rect: pos = array([ 103.87241242, -184.69938516])
25.8550 	EXP 	unnamed Rect: pos = array([ 103.87241242, -184.69938516])
25.8715 	EXP 	unnamed Rect: pos = array([ 103.87241242, -184.69938516])
25.8885 	EXP 	unnamed Rect: pos = array([ 103.87241242, -184.69938516])
25.8896 	DATA 	Keypress: up
25.9056 	EXP 	unnamed Rect: pos = array([ 103.87241242, -174.69938516])
25.9214 	EXP 	unnamed Rect: pos = array([ 103.87241242, -174.69938516])
25.9391 	EXP 	unnamed Rect: pos = array([ 103.87241242, -174.69938516])
25.9545 	EXP 	unnamed Rect: pos = array([ 103.87241242, -174.69938516])
25.9714 	EXP 	unnamed Rect: pos = array([ 103.87241242, -174.69938516])
25.9878 	EXP 	unnamed Rect: pos = array([ 103.87241242, -174.69938516])
26.0046 	EXP 	unnamed Rect: pos = array([ 103.87241242, -174.69938516])
26.0219 	EXP 	unnamed Rect: pos = array([ 103.87241242, -174.69938516])
26.0230 	DATA 	Keypress: up
26.0392 	EXP 	unnamed Rect: pos = array([ 103.87241242, -164.69938516])
26.0548 	EXP 	unnamed Rect: pos = array([ 103.87241242, -164.69938516])
26.0715 	EXP 	unnamed Rect: pos = array([ 103.87241242, -164.69938516])
26.0890 	EXP 	unnamed Rect: pos = array([ 103.87241242, -164.69938516])
26.1047 	EXP 	unnamed Rect: pos = array([ 103.87241242, -164.69938516])
26.1215 	EXP 	unnamed Rect: pos = array([ 103.87241242, -164.69938516])
26.1382 	EXP 	unnamed Rect: pos = array([ 103.87241242, -164.69938516])
26.1547 	EXP 	unnamed Rect: pos = array([ 103.87241242, -164.69938516])
26.1720 	EXP 	unnamed Rect: pos = array([ 103.87241242, -164.69938516])
26.1730 	DATA 	Keypress: up
26.1889 	EXP 	unnamed Rect: pos = array([ 103.87241242, -154.69938516])
26.2050 	EXP 	unnamed Rect: pos = array([ 103.87241242, -154.69938516])
26.2219 	EXP 	unnamed Rect: pos = array([ 103.87241242, -154.69938516])
26.2392 	EXP 	unnamed Rect: pos = array([ 103.87241242, -154.69938516])
26.2548 	EXP 	unnamed Rect: pos = array([ 103.87241242, -154.69938516])
26.2719 	EXP 	unnamed Rect: pos = array([ 103.87241242, -154.69938516])
26.2881 	EXP 	unnamed Rect: pos = array([ 103.87241242, -154.69938516])
26.3047 	EXP 	unnamed Rect: pos = array([ 103.87241242, -154.69938516])
26.3213 	EXP 	unnamed Rect: pos = array([ 103.87241242, -154.69938516])
26.3223 	DATA 	Keypress: up
26.3388 	EXP 	unnamed Rect: pos = array([ 103.87241242, -144.69938516])
26.3549 	EXP 	unnamed Rect: pos = array([ 103.87241242, -144.69938516])
26.3719 	EXP 	unnamed Rect: pos = array([ 103.87241242, -144.69938516])
26.3885 	EXP 	unnamed Rect: pos = array([ 103.87241242, -144.69938516])
26.4050 	EXP 	unnamed Rect: pos = array([ 103.87241242, -144.69938516])
26.4215 	EXP 	unnamed Rect: pos = array([ 103.87241242, -144.69938516])
26.4381 	EXP 	unnamed Rect: pos = array([ 103.87241242, -144.69938516])
26.4555 	EXP 	unnamed Rect: pos = array([ 103.87241242, -144.69938516])
26.4597 	DATA 	Keypress: up
26.4725 	EXP 	unnamed Rect: pos = array([ 103.87241242, -144.69938516])
26.4878 	EXP 	unnamed Rect: pos = array([ 103.87241242, -134.69938516])
26.5050 	EXP 	unnamed Rect: pos = array([ 103.87241242, -134.69938516])
26.5218 	EXP 	unnamed Rect: pos = array([ 103.87241242, -134.69938516])
26.5385 	EXP 	unnamed Rect: pos = array([ 103.87241242, -134.69938516])
26.5547 	EXP 	unnamed Rect: pos = array([ 103.87241242, -134.69938516])
26.5714 	EXP 	unnamed Rect: pos = array([ 103.87241242, -134.69938516])
26.5878 	EXP 	unnamed Rect: pos = array([ 103.87241242, -134.69938516])
26.6046 	EXP 	unnamed Rect: pos = array([ 103.87241242, -134.69938516])
26.6225 	EXP 	unnamed Rect: pos = array([ 103.87241242, -134.69938516])
26.6235 	DATA 	Keypress: up
26.6381 	EXP 	unnamed Rect: pos = array([ 103.87241242, -124.69938516])
26.6552 	EXP 	unnamed Rect: pos = array([ 103.87241242, -124.69938516])
26.6714 	EXP 	unnamed Rect: pos = array([ 103.87241242, -124.69938516])
26.6890 	EXP 	unnamed Rect: pos = array([ 103.87241242, -124.69938516])
26.7047 	EXP 	unnamed Rect: pos = array([ 103.87241242, -124.69938516])
26.7213 	EXP 	unnamed Rect: pos = array([ 103.87241242, -124.69938516])
26.7380 	EXP 	unnamed Rect: pos = array([ 103.87241242, -124.69938516])
26.7547 	EXP 	unnamed Rect: pos = array([ 103.87241242, -124.69938516])
26.7719 	EXP 	unnamed Rect: pos = array([ 103.87241242, -124.69938516])
26.7730 	DATA 	Keypress: up
26.7881 	EXP 	unnamed Rect: pos = array([ 103.87241242, -114.69938516])
26.8048 	EXP 	unnamed Rect: pos = array([ 103.87241242, -114.69938516])
26.8216 	EXP 	unnamed Rect: pos = array([ 103.87241242, -114.69938516])
26.8384 	EXP 	unnamed Rect: pos = array([ 103.87241242, -114.69938516])
26.8558 	EXP 	unnamed Rect: pos = array([ 103.87241242, -114.69938516])
26.8715 	EXP 	unnamed Rect: pos = array([ 103.87241242, -114.69938516])
26.8881 	EXP 	unnamed Rect: pos = array([ 103.87241242, -114.69938516])
26.9046 	EXP 	unnamed Rect: pos = array([ 103.87241242, -114.69938516])
26.9214 	EXP 	unnamed Rect: pos = array([ 103.87241242, -114.69938516])
26.9384 	EXP 	unnamed Rect: pos = array([ 103.87241242, -114.69938516])
26.9397 	DATA 	Keypress: up
26.9547 	EXP 	unnamed Rect: pos = array([ 103.87241242, -104.69938516])
26.9717 	EXP 	unnamed Rect: pos = array([ 103.87241242, -104.69938516])
26.9883 	EXP 	unnamed Rect: pos = array([ 103.87241242, -104.69938516])
27.0049 	EXP 	unnamed Rect: pos = array([ 103.87241242, -104.69938516])
27.0224 	EXP 	unnamed Rect: pos = array([ 103.87241242, -104.69938516])
27.0383 	EXP 	unnamed Rect: pos = array([ 103.87241242, -104.69938516])
27.0549 	EXP 	unnamed Rect: pos = array([ 103.87241242, -104.69938516])
27.0716 	EXP 	unnamed Rect: pos = array([ 103.87241242, -104.69938516])
27.0889 	EXP 	unnamed Rect: pos = array([ 103.87241242, -104.69938516])
27.0929 	DATA 	Keypress: up
27.1055 	EXP 	unnamed Rect: pos = array([ 103.87241242, -104.69938516])
27.1213 	EXP 	unnamed Rect: pos = array([103.87241242, -94.69938516])
27.1379 	EXP 	unnamed Rect: pos = array([103.87241242, -94.69938516])
27.1551 	EXP 	unnamed Rect: pos = array([103.87241242, -94.69938516])
27.1719 	EXP 	unnamed Rect: pos = array([103.87241242, -94.69938516])
27.1880 	EXP 	unnamed Rect: pos = array([103.87241242, -94.69938516])
27.2048 	EXP 	unnamed Rect: pos = array([103.87241242, -94.69938516])
27.2214 	EXP 	unnamed Rect: pos = array([103.87241242, -94.69938516])
27.2380 	EXP 	unnamed Rect: pos = array([103.87241242, -94.69938516])
27.2551 	EXP 	unnamed Rect: pos = array([103.87241242, -94.69938516])
27.2564 	DATA 	Keypress: up
27.2715 	EXP 	unnamed Rect: pos = array([103.87241242, -84.69938516])
27.2882 	EXP 	unnamed Rect: pos = array([103.87241242, -84.69938516])
27.3047 	EXP 	unnamed Rect: pos = array([103.87241242, -84.69938516])
27.3217 	EXP 	unnamed Rect: pos = array([103.87241242, -84.69938516])
27.3390 	EXP 	unnamed Rect: pos = array([103.87241242, -84.69938516])
27.3549 	EXP 	unnamed Rect: pos = array([103.87241242, -84.69938516])
27.3719 	EXP 	unnamed Rect: pos = array([103.87241242, -84.69938516])
27.3884 	EXP 	unnamed Rect: pos = array([103.87241242, -84.69938516])
27.4054 	EXP 	unnamed Rect: pos = array([103.87241242, -84.69938516])
27.4098 	DATA 	Keypress: up
27.4223 	EXP 	unnamed Rect: pos = array([103.87241242, -84.69938516])
27.4384 	EXP 	unnamed Rect: pos = array([103.87241242, -74.69938516])
27.4556 	EXP 	unnamed Rect: pos = array([103.87241242, -74.69938516])
27.4718 	EXP 	unnamed Rect: pos = array([103.87241242, -74.69938516])
27.4888 	EXP 	unnamed Rect: pos = array([103.87241242, -74.69938516])
27.5051 	EXP 	unnamed Rect: pos = array([103.87241242, -74.69938516])
27.5217 	EXP 	unnamed Rect: pos = array([103.87241242, -74.69938516])
27.5389 	EXP 	unnamed Rect: pos = array([103.87241242, -74.69938516])
27.5547 	EXP 	unnamed Rect: pos = array([103.87241242, -74.69938516])
27.5720 	EXP 	unnamed Rect: pos = array([103.87241242, -74.69938516])
27.5730 	DATA 	Keypress: up
27.5888 	EXP 	unnamed Rect: pos = array([103.87241242, -64.69938516])
27.6058 	EXP 	unnamed Rect: pos = array([103.87241242, -64.69938516])
27.6223 	EXP 	unnamed Rect: pos = array([103.87241242, -64.69938516])
27.6386 	EXP 	unnamed Rect: pos = array([103.87241242, -64.69938516])
27.6553 	EXP 	unnamed Rect: pos = array([103.87241242, -64.69938516])
27.6717 	EXP 	unnamed Rect: pos = array([103.87241242, -64.69938516])
27.6881 	EXP 	unnamed Rect: pos = array([103.87241242, -64.69938516])
27.7048 	EXP 	unnamed Rect: pos = array([103.87241242, -64.69938516])
27.7213 	EXP 	unnamed Rect: pos = array([103.87241242, -64.69938516])
27.7386 	EXP 	unnamed Rect: pos = array([103.87241242, -64.69938516])
27.7397 	DATA 	Keypress: up
27.7548 	EXP 	unnamed Rect: pos = array([103.87241242, -54.69938516])
27.7716 	EXP 	unnamed Rect: pos = array([103.87241242, -54.69938516])
27.7883 	EXP 	unnamed Rect: pos = array([103.87241242, -54.69938516])
27.8052 	EXP 	unnamed Rect: pos = array([103.87241242, -54.69938516])
27.8222 	EXP 	unnamed Rect: pos = array([103.87241242, -54.69938516])
27.8382 	EXP 	unnamed Rect: pos = array([103.87241242, -54.69938516])
27.8553 	EXP 	unnamed Rect: pos = array([103.87241242, -54.69938516])
27.8713 	EXP 	unnamed Rect: pos = array([103.87241242, -54.69938516])
27.8882 	EXP 	unnamed Rect: pos = array([103.87241242, -54.69938516])
27.8893 	DATA 	Keypress: up
27.9057 	EXP 	unnamed Rect: pos = array([103.87241242, -44.69938516])
27.9214 	EXP 	unnamed Rect: pos = array([103.87241242, -44.69938516])
27.9381 	EXP 	unnamed Rect: pos = array([103.87241242, -44.69938516])
27.9547 	EXP 	unnamed Rect: pos = array([103.87241242, -44.69938516])
27.9718 	EXP 	unnamed Rect: pos = array([103.87241242, -44.69938516])
27.9890 	EXP 	unnamed Rect: pos = array([103.87241242, -44.69938516])
28.0046 	EXP 	unnamed Rect: pos = array([103.87241242, -44.69938516])
28.0214 	EXP 	unnamed Rect: pos = array([103.87241242, -44.69938516])
28.0382 	EXP 	unnamed Rect: pos = array([103.87241242, -44.69938516])
28.0548 	EXP 	unnamed Rect: pos = array([103.87241242, -44.69938516])
28.0720 	EXP 	unnamed Rect: pos = array([103.87241242, -44.69938516])
28.0733 	DATA 	Keypress: up
28.0890 	EXP 	unnamed Rect: pos = array([103.87241242, -34.69938516])
28.1048 	EXP 	unnamed Rect: pos = array([103.87241242, -34.69938516])
28.1216 	EXP 	unnamed Rect: pos = array([103.87241242, -34.69938516])
28.1383 	EXP 	unnamed Rect: pos = array([103.87241242, -34.69938516])
28.1555 	EXP 	unnamed Rect: pos = array([103.87241242, -34.69938516])
28.1715 	EXP 	unnamed Rect: pos = array([103.87241242, -34.69938516])
28.1880 	EXP 	unnamed Rect: pos = array([103.87241242, -34.69938516])
28.2051 	EXP 	unnamed Rect: pos = array([103.87241242, -34.69938516])
28.2214 	EXP 	unnamed Rect: pos = array([103.87241242, -34.69938516])
28.2383 	EXP 	unnamed Rect: pos = array([103.87241242, -34.69938516])
28.2553 	EXP 	unnamed Rect: pos = array([103.87241242, -34.69938516])
28.2563 	DATA 	Keypress: up
28.2719 	EXP 	unnamed Rect: pos = array([103.87241242, -24.69938516])
28.2884 	EXP 	unnamed Rect: pos = array([103.87241242, -24.69938516])
28.3051 	EXP 	unnamed Rect: pos = array([103.87241242, -24.69938516])
28.3220 	EXP 	unnamed Rect: pos = array([103.87241242, -24.69938516])
28.3390 	EXP 	unnamed Rect: pos = array([103.87241242, -24.69938516])
28.3546 	EXP 	unnamed Rect: pos = array([103.87241242, -24.69938516])
28.3714 	EXP 	text: autoDraw = True
28.4420 	DATA 	Keypress: up
28.6088 	DATA 	Keypress: up
31.1266 	DATA 	Keypress: m
31.1283 	DATA 	Keypress: space
31.3556 	EXP 	New trial (rep=1, index=0): None
31.3714 	EXP 	text: autoDraw = False
31.3714 	EXP 	text: autoDraw = False
31.3714 	EXP 	Welcometext: autoDraw = True
32.4097 	EXP 	Created unnamed Rect = Rect(__class__=<class 'psychopy.visual.rect.Rect'>, autoDraw=False, autoLog=True, closeShape=True, color=method-wrapper(...), colorSpace='rgb', contrast=None, depth=0, fillColor=array([ 1, -1, -1]), fillColorSpace='rgb', fillRGB=array([ 1, -1, -1]), interpolate=True, lineColor=array([-1., -1.,  1.]), lineColorSpace='rgb', lineRGB=array([-1, -1,  1]), lineWidth=1.5, name='unnamed Rect', opacity=1, ori=0.0, pos=array([0., 0.]), size=array([1000.,  700.]), units='pix', vertices=ndarray(...), win=Window(...))
32.4123 	EXP 	Created unnamed Rect = Rect(__class__=<class 'psychopy.visual.rect.Rect'>, autoDraw=False, autoLog=True, closeShape=True, color=method-wrapper(...), colorSpace='rgb', contrast=None, depth=0, fillColor=array([-1, -1, -1]), fillColorSpace='rgb', fillRGB=array([-1, -1, -1]), interpolate=True, lineColor=array([-1., -1.,  1.]), lineColorSpace='rgb', lineRGB=array([-1, -1,  1]), lineWidth=1.5, name='unnamed Rect', opacity=1, ori=0.0, pos=array([0., 0.]), size=array([400., 600.]), units='pix', vertices=ndarray(...), win=Window(...))
32.4149 	EXP 	Created unnamed Rect = Rect(__class__=<class 'psychopy.visual.rect.Rect'>, autoDraw=False, autoLog=True, closeShape=True, color=method-wrapper(...), colorSpace='rgb', contrast=None, depth=0, fillColor=array([-1, -1, -1]), fillColorSpace='rgb', fillRGB=array([-1, -1, -1]), interpolate=True, lineColor=array([-1., -1.,  1.]), lineColorSpace='rgb', lineRGB=array([-1, -1,  1]), lineWidth=1.5, name='unnamed Rect', opacity=1, ori=0.0, pos=array([0., 0.]), size=array([400., 600.]), units='pix', vertices=ndarray(...), win=Window(...))
32.4183 	EXP 	Created unnamed Rect = Rect(__class__=<class 'psychopy.visual.rect.Rect'>, autoDraw=False, autoLog=True, closeShape=True, color=method-wrapper(...), colorSpace='rgb', contrast=None, depth=0, fillColor=array([ 1,  1, -1]), fillColorSpace='rgb', fillRGB=array([ 1,  1, -1]), interpolate=True, lineColor=array([0., 0., 0.]), lineColorSpace='rgb', lineRGB=array([0, 0, 0]), lineWidth=1.5, name='unnamed Rect', opacity=0.5, ori=0.0, pos=array([0., 0.]), size=array([30., 30.]), units='pix', vertices=ndarray(...), win=Window(...))
32.4212 	EXP 	Created unnamed Rect = Rect(__class__=<class 'psychopy.visual.rect.Rect'>, autoDraw=False, autoLog=True, closeShape=True, color=method-wrapper(...), colorSpace='rgb', contrast=None, depth=0, fillColor=array([ 1,  1, -1]), fillColorSpace='rgb', fillRGB=array([ 1,  1, -1]), interpolate=True, lineColor=array([0., 0., 0.]), lineColorSpace='rgb', lineRGB=array([0, 0, 0]), lineWidth=1.5, name='unnamed Rect', opacity=0.5, ori=0.0, pos=array([0., 0.]), size=array([30., 30.]), units='pix', vertices=ndarray(...), win=Window(...))
32.4239 	EXP 	Created unnamed Rect = Rect(__class__=<class 'psychopy.visual.rect.Rect'>, autoDraw=False, autoLog=True, closeShape=True, color=method-wrapper(...), colorSpace='rgb', contrast=None, depth=0, fillColor=array([ 1,  1, -1]), fillColorSpace='rgb', fillRGB=array([ 1,  1, -1]), interpolate=True, lineColor=array([0., 0., 0.]), lineColorSpace='rgb', lineRGB=array([0, 0, 0]), lineWidth=1.5, name='unnamed Rect', opacity=0.5, ori=0.0, pos=array([0., 0.]), size=array([30., 30.]), units='pix', vertices=ndarray(...), win=Window(...))
32.4266 	EXP 	Created unnamed Rect = Rect(__class__=<class 'psychopy.visual.rect.Rect'>, autoDraw=False, autoLog=True, closeShape=True, color=method-wrapper(...), colorSpace='rgb', contrast=None, depth=0, fillColor=array([ 1,  1, -1]), fillColorSpace='rgb', fillRGB=array([ 1,  1, -1]), interpolate=True, lineColor=array([0., 0., 0.]), lineColorSpace='rgb', lineRGB=array([0, 0, 0]), lineWidth=1.5, name='unnamed Rect', opacity=0.5, ori=0.0, pos=array([0., 0.]), size=array([30., 30.]), units='pix', vertices=ndarray(...), win=Window(...))
32.4293 	EXP 	Created unnamed Rect = Rect(__class__=<class 'psychopy.visual.rect.Rect'>, autoDraw=False, autoLog=True, closeShape=True, color=method-wrapper(...), colorSpace='rgb', contrast=None, depth=0, fillColor=array([ 1,  1, -1]), fillColorSpace='rgb', fillRGB=array([ 1,  1, -1]), interpolate=True, lineColor=array([0., 0., 0.]), lineColorSpace='rgb', lineRGB=array([0, 0, 0]), lineWidth=1.5, name='unnamed Rect', opacity=0.5, ori=0.0, pos=array([0., 0.]), size=array([30., 30.]), units='pix', vertices=ndarray(...), win=Window(...))
32.4621 	EXP 	Created unnamed ImageStim = ImageStim(__class__=<class 'psychopy.visual.image.ImageStim'>, autoLog=True, color=array([1., 1., 1.]), colorSpace='rgb', contrast=1.0, depth=0, flipHoriz=False, flipVert=False, image='tree.png', interpolate=False, mask=None, maskParams=None, name='unnamed ImageStim', opacity=1, ori=0.0, pos=array([0., 0.]), size=array([512, 512]), texRes=128, units='pix', win=Window(...))
32.4853 	EXP 	Created unnamed ImageStim = ImageStim(__class__=<class 'psychopy.visual.image.ImageStim'>, autoLog=True, color=array([1., 1., 1.]), colorSpace='rgb', contrast=1.0, depth=0, flipHoriz=False, flipVert=False, image='tree.png', interpolate=False, mask=None, maskParams=None, name='unnamed ImageStim', opacity=1, ori=0.0, pos=array([0., 0.]), size=array([512, 512]), texRes=128, units='pix', win=Window(...))
32.5045 	EXP 	Created unnamed ImageStim = ImageStim(__class__=<class 'psychopy.visual.image.ImageStim'>, autoLog=True, color=array([1., 1., 1.]), colorSpace='rgb', contrast=1.0, depth=0, flipHoriz=False, flipVert=False, image='tree.png', interpolate=False, mask=None, maskParams=None, name='unnamed ImageStim', opacity=1, ori=0.0, pos=array([0., 0.]), size=array([512, 512]), texRes=128, units='pix', win=Window(...))
32.5224 	EXP 	Created unnamed ImageStim = ImageStim(__class__=<class 'psychopy.visual.image.ImageStim'>, autoLog=True, color=array([1., 1., 1.]), colorSpace='rgb', contrast=1.0, depth=0, flipHoriz=False, flipVert=False, image='tree.png', interpolate=False, mask=None, maskParams=None, name='unnamed ImageStim', opacity=1, ori=0.0, pos=array([0., 0.]), size=array([512, 512]), texRes=128, units='pix', win=Window(...))
32.5397 	EXP 	Created unnamed ImageStim = ImageStim(__class__=<class 'psychopy.visual.image.ImageStim'>, autoLog=True, color=array([1., 1., 1.]), colorSpace='rgb', contrast=1.0, depth=0, flipHoriz=False, flipVert=False, image='tree.png', interpolate=False, mask=None, maskParams=None, name='unnamed ImageStim', opacity=1, ori=0.0, pos=array([0., 0.]), size=array([512, 512]), texRes=128, units='pix', win=Window(...))
32.5571 	EXP 	Created unnamed ImageStim = ImageStim(__class__=<class 'psychopy.visual.image.ImageStim'>, autoLog=True, color=array([1., 1., 1.]), colorSpace='rgb', contrast=1.0, depth=0, flipHoriz=False, flipVert=False, image='tree.png', interpolate=False, mask=None, maskParams=None, name='unnamed ImageStim', opacity=1, ori=0.0, pos=array([0., 0.]), size=array([512, 512]), texRes=128, units='pix', win=Window(...))
32.5744 	EXP 	Created unnamed ImageStim = ImageStim(__class__=<class 'psychopy.visual.image.ImageStim'>, autoLog=True, color=array([1., 1., 1.]), colorSpace='rgb', contrast=1.0, depth=0, flipHoriz=False, flipVert=False, image='tree.png', interpolate=False, mask=None, maskParams=None, name='unnamed ImageStim', opacity=1, ori=0.0, pos=array([0., 0.]), size=array([512, 512]), texRes=128, units='pix', win=Window(...))
32.5918 	EXP 	Created unnamed ImageStim = ImageStim(__class__=<class 'psychopy.visual.image.ImageStim'>, autoLog=True, color=array([1., 1., 1.]), colorSpace='rgb', contrast=1.0, depth=0, flipHoriz=False, flipVert=False, image='tree.png', interpolate=False, mask=None, maskParams=None, name='unnamed ImageStim', opacity=1, ori=0.0, pos=array([0., 0.]), size=array([512, 512]), texRes=128, units='pix', win=Window(...))
32.6092 	EXP 	Created unnamed ImageStim = ImageStim(__class__=<class 'psychopy.visual.image.ImageStim'>, autoLog=True, color=array([1., 1., 1.]), colorSpace='rgb', contrast=1.0, depth=0, flipHoriz=False, flipVert=False, image='tree.png', interpolate=False, mask=None, maskParams=None, name='unnamed ImageStim', opacity=1, ori=0.0, pos=array([0., 0.]), size=array([512, 512]), texRes=128, units='pix', win=Window(...))
32.6140 	DATA 	Keypress: space
32.6196 	EXP 	Welcometext: autoDraw = False
32.6196 	EXP 	unnamed Rect: pos = [-250, 0]
32.6196 	EXP 	unnamed Rect: pos = [250, 0]
32.6196 	EXP 	unnamed Rect: pos = [-395.2435434488992, -100.58159373542186]
32.6196 	EXP 	unnamed Rect: pos = [222.15930839801004, -174.08063752337708]
32.6196 	EXP 	unnamed Rect: pos = [310.259435034232, 178.8557292713012]
32.6196 	EXP 	unnamed Rect: pos = [83.09897599177776, -47.36656197176314]
32.6196 	EXP 	unnamed Rect: pos = [142.93226077949453, 225.42160862412078]
32.6196 	EXP 	unnamed ImageStim: size = [51.2, 51.2]
32.6196 	EXP 	unnamed ImageStim: size = [51.2, 51.2]
32.6196 	EXP 	unnamed ImageStim: size = [51.2, 51.2]
32.6196 	EXP 	unnamed ImageStim: size = [51.2, 51.2]
32.6196 	EXP 	unnamed ImageStim: size = [51.2, 51.2]
32.6196 	EXP 	unnamed ImageStim: size = [51.2, 51.2]
32.6196 	EXP 	unnamed ImageStim: size = [51.2, 51.2]
32.6196 	EXP 	unnamed ImageStim: size = [51.2, 51.2]
32.6196 	EXP 	unnamed ImageStim: size = [51.2, 51.2]
32.6196 	EXP 	unnamed ImageStim: pos = [78.09503306327704, 117.83996060033151]
32.6196 	EXP 	unnamed ImageStim: pos = [-21.184748640078404, 185.40989595148338]
32.6196 	EXP 	unnamed ImageStim: pos = [-34.93132363101755, 131.0605558161045]
32.6196 	EXP 	unnamed ImageStim: pos = [-26.056879765774426, -96.35203971247188]
32.6196 	EXP 	unnamed ImageStim: pos = [138.03191150986706, 40.94932411776626]
32.6196 	EXP 	unnamed ImageStim: pos = [49.55178383628064, -176.07479783788534]
32.6196 	EXP 	unnamed ImageStim: pos = [-171.90496693672296, 117.83996060033151]
32.6196 	EXP 	unnamed ImageStim: pos = [328.095033063277, 117.83996060033151]
32.6196 	EXP 	unnamed ImageStim: pos = [-271.1847486400784, 185.40989595148338]
32.6196 	EXP 	unnamed ImageStim: pos = [228.8152513599216, 185.40989595148338]
32.6196 	EXP 	unnamed ImageStim: pos = [-284.93132363101756, 131.0605558161045]
32.6196 	EXP 	unnamed ImageStim: pos = [215.06867636898244, 131.0605558161045]
32.6196 	EXP 	unnamed ImageStim: pos = [-276.0568797657744, -96.35203971247188]
32.6196 	EXP 	unnamed ImageStim: pos = [223.94312023422557, -96.35203971247188]
32.6196 	EXP 	unnamed ImageStim: pos = [-111.96808849013294, 40.94932411776626]
32.6196 	EXP 	unnamed ImageStim: pos = [388.0319115098671, 40.94932411776626]
32.6196 	EXP 	unnamed ImageStim: pos = [-200.44821616371937, -176.07479783788534]
32.6196 	EXP 	unnamed ImageStim: pos = [299.55178383628066, -176.07479783788534]
34.3097 	DATA 	Keypress: up
34.4761 	DATA 	Keypress: up
34.6093 	DATA 	Keypress: up
37.4430 	DATA 	Keypress: q
38.1923 	DATA 	Keypress: escape
38.3214 	EXP 	window1: mouseVisible = True
