0.6008 	WARNING 	We strongly recommend you activate the PTB sound engine in PsychoPy prefs as the preferred audio engine. Its timing is vastly superior. Your prefs are currently set to use ['sounddevice', 'PTB', 'pyo', 'pygame'] (in that order).
4.8578 	ERROR 	'-1.0000, -1.0000, -1.0000' is not a valid rgb color
5.4799 	EXP 	Created window1 = Window(allowGUI=False, allowStencil=False, autoLog=True, backendConf=UNKNOWN, bitsMode=UNKNOWN, blendMode='avg', bpc=(8, 8, 8), color=array([0, 0, 0]), colorSpace='rgb', depthBits=8, fullscr=<method-wrapper '__getattribute__' of attributeSetter object at 0x7f8a3ec789e8>, gamma=None, gammaErrorPolicy='raise', lms=UNKNOWN, monitor=<psychopy.monitors.calibTools.Monitor object at 0x7f8a3e2ca470>, multiSample=False, name='window1', numSamples=2, pos=[360.0, 225.0], screen=0, size=array([2880, 1800]), stencilBits=0, stereo=False, units='height', useFBO=True, useRetina=True, viewOri=0.0, viewPos=None, viewScale=None, waitBlanking=True, winType='pyglet')
5.4800 	EXP 	window1: mouseVisible = True
5.4801 	EXP 	window1: recordFrameIntervals = False
5.6466 	EXP 	window1: recordFrameIntervals = True
5.8306 	EXP 	window1: recordFrameIntervals = False
6.4633 	DEPRECATION 	'1.0000, 1.0000, 1.0000' is not a valid rgb color
6.4912 	EXP 	Created Welcometext = TextStim(__class__=<class 'psychopy.visual.text.TextStim'>, alignHoriz=method-wrapper(...), alignText='center', alignVert=method-wrapper(...), anchorHoriz='center', anchorVert='center', antialias=True, autoLog=True, bold=False, color=array([0., 0., 0.]), colorSpace='rgb', contrast=1.0, depth=0.0, flipHoriz=False, flipVert=False, font='Open Sans', fontFiles=[], height=0.05, italic=False, languageStyle='LTR', name='Welcometext', opacity=0, ori=0.0, pos=array([0., 0.]), rgb=UNKNOWN, text='Welcome\nPlease press Spacebar to start', units='height', win=Window(...), wrapWidth=1)
6.8417 	EXP 	Created text = TextStim(__class__=<class 'psychopy.visual.text.TextStim'>, alignHoriz=method-wrapper(...), alignText='center', alignVert=method-wrapper(...), anchorHoriz='center', anchorVert='center', antialias=True, autoLog=True, bold=False, color=array([1., 1., 1.]), colorSpace='rgb', contrast=1.0, depth=0.0, flipHoriz=False, flipVert=False, font='Open Sans', fontFiles=[], height=0.05, italic=False, languageStyle='LTR', name='text', opacity=1, ori=0.0, pos=array([0., 0.]), rgb=UNKNOWN, text=str(...), units='height', win=Window(...), wrapWidth=1)
6.8423 	EXP 	Created sequence: random, trialTypes=1, nReps=5, seed=None
6.8425 	EXP 	New trial (rep=0, index=0): None
6.8488 	EXP 	Welcometext: autoDraw = True
17.2699 	EXP 	Created unnamed Rect = Rect(__class__=<class 'psychopy.visual.rect.Rect'>, autoDraw=False, autoLog=True, closeShape=True, color=method-wrapper(...), colorSpace='rgb', contrast=None, depth=0, fillColor=array([ 1, -1, -1]), fillColorSpace='rgb', fillRGB=array([ 1, -1, -1]), interpolate=True, lineColor=array([-1., -1.,  1.]), lineColorSpace='rgb', lineRGB=array([-1, -1,  1]), lineWidth=1.5, name='unnamed Rect', opacity=1, ori=0.0, pos=array([0., 0.]), size=array([1000.,  700.]), units='pix', vertices=ndarray(...), win=Window(...))
17.2725 	EXP 	Created unnamed Rect = Rect(__class__=<class 'psychopy.visual.rect.Rect'>, autoDraw=False, autoLog=True, closeShape=True, color=method-wrapper(...), colorSpace='rgb', contrast=None, depth=0, fillColor=array([-1, -1, -1]), fillColorSpace='rgb', fillRGB=array([-1, -1, -1]), interpolate=True, lineColor=array([-1., -1.,  1.]), lineColorSpace='rgb', lineRGB=array([-1, -1,  1]), lineWidth=1.5, name='unnamed Rect', opacity=1, ori=0.0, pos=array([0., 0.]), size=array([400., 600.]), units='pix', vertices=ndarray(...), win=Window(...))
17.2751 	EXP 	Created unnamed Rect = Rect(__class__=<class 'psychopy.visual.rect.Rect'>, autoDraw=False, autoLog=True, closeShape=True, color=method-wrapper(...), colorSpace='rgb', contrast=None, depth=0, fillColor=array([-1, -1, -1]), fillColorSpace='rgb', fillRGB=array([-1, -1, -1]), interpolate=True, lineColor=array([-1., -1.,  1.]), lineColorSpace='rgb', lineRGB=array([-1, -1,  1]), lineWidth=1.5, name='unnamed Rect', opacity=1, ori=0.0, pos=array([0., 0.]), size=array([400., 600.]), units='pix', vertices=ndarray(...), win=Window(...))
17.2781 	EXP 	Created unnamed Rect = Rect(__class__=<class 'psychopy.visual.rect.Rect'>, autoDraw=False, autoLog=True, closeShape=True, color=method-wrapper(...), colorSpace='rgb', contrast=None, depth=0, fillColor=array([ 1,  1, -1]), fillColorSpace='rgb', fillRGB=array([ 1,  1, -1]), interpolate=True, lineColor=array([0., 0., 0.]), lineColorSpace='rgb', lineRGB=array([0, 0, 0]), lineWidth=1.5, name='unnamed Rect', opacity=0.5, ori=0.0, pos=array([0., 0.]), size=array([30., 30.]), units='pix', vertices=ndarray(...), win=Window(...))
17.2811 	EXP 	Created unnamed Rect = Rect(__class__=<class 'psychopy.visual.rect.Rect'>, autoDraw=False, autoLog=True, closeShape=True, color=method-wrapper(...), colorSpace='rgb', contrast=None, depth=0, fillColor=array([ 1,  1, -1]), fillColorSpace='rgb', fillRGB=array([ 1,  1, -1]), interpolate=True, lineColor=array([0., 0., 0.]), lineColorSpace='rgb', lineRGB=array([0, 0, 0]), lineWidth=1.5, name='unnamed Rect', opacity=0.5, ori=0.0, pos=array([0., 0.]), size=array([30., 30.]), units='pix', vertices=ndarray(...), win=Window(...))
17.2839 	EXP 	Created unnamed Rect = Rect(__class__=<class 'psychopy.visual.rect.Rect'>, autoDraw=False, autoLog=True, closeShape=True, color=method-wrapper(...), colorSpace='rgb', contrast=None, depth=0, fillColor=array([ 1,  1, -1]), fillColorSpace='rgb', fillRGB=array([ 1,  1, -1]), interpolate=True, lineColor=array([0., 0., 0.]), lineColorSpace='rgb', lineRGB=array([0, 0, 0]), lineWidth=1.5, name='unnamed Rect', opacity=0.5, ori=0.0, pos=array([0., 0.]), size=array([30., 30.]), units='pix', vertices=ndarray(...), win=Window(...))
17.2864 	EXP 	Created unnamed Rect = Rect(__class__=<class 'psychopy.visual.rect.Rect'>, autoDraw=False, autoLog=True, closeShape=True, color=method-wrapper(...), colorSpace='rgb', contrast=None, depth=0, fillColor=array([ 1,  1, -1]), fillColorSpace='rgb', fillRGB=array([ 1,  1, -1]), interpolate=True, lineColor=array([0., 0., 0.]), lineColorSpace='rgb', lineRGB=array([0, 0, 0]), lineWidth=1.5, name='unnamed Rect', opacity=0.5, ori=0.0, pos=array([0., 0.]), size=array([30., 30.]), units='pix', vertices=ndarray(...), win=Window(...))
17.2888 	EXP 	Created unnamed Rect = Rect(__class__=<class 'psychopy.visual.rect.Rect'>, autoDraw=False, autoLog=True, closeShape=True, color=method-wrapper(...), colorSpace='rgb', contrast=None, depth=0, fillColor=array([ 1,  1, -1]), fillColorSpace='rgb', fillRGB=array([ 1,  1, -1]), interpolate=True, lineColor=array([0., 0., 0.]), lineColorSpace='rgb', lineRGB=array([0, 0, 0]), lineWidth=1.5, name='unnamed Rect', opacity=0.5, ori=0.0, pos=array([0., 0.]), size=array([30., 30.]), units='pix', vertices=ndarray(...), win=Window(...))
17.3301 	EXP 	Created unnamed ImageStim = ImageStim(__class__=<class 'psychopy.visual.image.ImageStim'>, autoLog=True, color=array([1., 1., 1.]), colorSpace='rgb', contrast=1.0, depth=0, flipHoriz=False, flipVert=False, image='tree.png', interpolate=False, mask=None, maskParams=None, name='unnamed ImageStim', opacity=1, ori=0.0, pos=array([0., 0.]), size=array([512, 512]), texRes=128, units='pix', win=Window(...))
17.3506 	EXP 	Created unnamed ImageStim = ImageStim(__class__=<class 'psychopy.visual.image.ImageStim'>, autoLog=True, color=array([1., 1., 1.]), colorSpace='rgb', contrast=1.0, depth=0, flipHoriz=False, flipVert=False, image='tree.png', interpolate=False, mask=None, maskParams=None, name='unnamed ImageStim', opacity=1, ori=0.0, pos=array([0., 0.]), size=array([512, 512]), texRes=128, units='pix', win=Window(...))
17.3690 	EXP 	Created unnamed ImageStim = ImageStim(__class__=<class 'psychopy.visual.image.ImageStim'>, autoLog=True, color=array([1., 1., 1.]), colorSpace='rgb', contrast=1.0, depth=0, flipHoriz=False, flipVert=False, image='tree.png', interpolate=False, mask=None, maskParams=None, name='unnamed ImageStim', opacity=1, ori=0.0, pos=array([0., 0.]), size=array([512, 512]), texRes=128, units='pix', win=Window(...))
17.3870 	EXP 	Created unnamed ImageStim = ImageStim(__class__=<class 'psychopy.visual.image.ImageStim'>, autoLog=True, color=array([1., 1., 1.]), colorSpace='rgb', contrast=1.0, depth=0, flipHoriz=False, flipVert=False, image='tree.png', interpolate=False, mask=None, maskParams=None, name='unnamed ImageStim', opacity=1, ori=0.0, pos=array([0., 0.]), size=array([512, 512]), texRes=128, units='pix', win=Window(...))
17.4047 	EXP 	Created unnamed ImageStim = ImageStim(__class__=<class 'psychopy.visual.image.ImageStim'>, autoLog=True, color=array([1., 1., 1.]), colorSpace='rgb', contrast=1.0, depth=0, flipHoriz=False, flipVert=False, image='tree.png', interpolate=False, mask=None, maskParams=None, name='unnamed ImageStim', opacity=1, ori=0.0, pos=array([0., 0.]), size=array([512, 512]), texRes=128, units='pix', win=Window(...))
17.4224 	EXP 	Created unnamed ImageStim = ImageStim(__class__=<class 'psychopy.visual.image.ImageStim'>, autoLog=True, color=array([1., 1., 1.]), colorSpace='rgb', contrast=1.0, depth=0, flipHoriz=False, flipVert=False, image='tree.png', interpolate=False, mask=None, maskParams=None, name='unnamed ImageStim', opacity=1, ori=0.0, pos=array([0., 0.]), size=array([512, 512]), texRes=128, units='pix', win=Window(...))
17.4312 	DATA 	Keypress: space
17.4367 	EXP 	Welcometext: autoDraw = False
17.4367 	EXP 	unnamed Rect: pos = [-250, 0]
17.4367 	EXP 	unnamed Rect: pos = [250, 0]
17.4367 	EXP 	unnamed Rect: pos = [-173.47767724208975, -180.06920581911825]
17.4367 	EXP 	unnamed Rect: pos = [247.2881951110355, 24.622131596715054]
17.4367 	EXP 	unnamed Rect: pos = [426.36642847510245, -238.91512694108914]
17.4367 	EXP 	unnamed Rect: pos = [240.22387461058153, 114.67125951236265]
17.4367 	EXP 	unnamed Rect: pos = [307.37674355489827, 182.86591663288587]
17.4367 	EXP 	unnamed ImageStim: size = [128.0, 128.0]
17.4367 	EXP 	unnamed ImageStim: size = [128.0, 128.0]
17.4367 	EXP 	unnamed ImageStim: size = [128.0, 128.0]
17.4367 	EXP 	unnamed ImageStim: size = [128.0, 128.0]
17.4367 	EXP 	unnamed ImageStim: size = [128.0, 128.0]
17.4367 	EXP 	unnamed ImageStim: size = [128.0, 128.0]
17.4367 	EXP 	unnamed ImageStim: pos = [-66.80042793235802, 17.490234191584968]
17.4367 	EXP 	unnamed ImageStim: pos = [-28.79234244872618, 54.842215796807096]
17.4367 	EXP 	unnamed ImageStim: pos = [-316.80042793235805, 17.490234191584968]
17.4367 	EXP 	unnamed ImageStim: pos = [183.19957206764198, 17.490234191584968]
17.4367 	EXP 	unnamed ImageStim: pos = [-278.7923424487262, 54.842215796807096]
17.4367 	EXP 	unnamed ImageStim: pos = [221.20765755127383, 54.842215796807096]
18.0634 	DATA 	Keypress: left
22.8363 	EXP 	Created unnamed Rect = Rect(__class__=<class 'psychopy.visual.rect.Rect'>, autoDraw=False, autoLog=True, closeShape=True, color=method-wrapper(...), colorSpace='rgb', contrast=None, depth=0, fillColor=array([-1, -1, -1]), fillColorSpace='rgb', fillRGB=array([-1, -1, -1]), interpolate=True, lineColor=array([-1., -1.,  1.]), lineColorSpace='rgb', lineRGB=array([-1, -1,  1]), lineWidth=1.5, name='unnamed Rect', opacity=1, ori=0.0, pos=array([0., 0.]), size=array([400., 600.]), units='pix', vertices=ndarray(...), win=Window(...))
22.8407 	EXP 	Created unnamed Rect = Rect(__class__=<class 'psychopy.visual.rect.Rect'>, autoDraw=False, autoLog=True, closeShape=True, color=method-wrapper(...), colorSpace='rgb', contrast=None, depth=0, fillColor=array([-1, -1, -1]), fillColorSpace='rgb', fillRGB=array([-1, -1, -1]), interpolate=True, lineColor=array([-1., -1.,  1.]), lineColorSpace='rgb', lineRGB=array([-1, -1,  1]), lineWidth=1.5, name='unnamed Rect', opacity=1, ori=0.0, pos=array([0., 0.]), size=array([400., 600.]), units='pix', vertices=ndarray(...), win=Window(...))
22.8511 	DATA 	Keypress: left
22.8598 	EXP 	unnamed Rect: pos = array([  76.52232276, -180.06920582])
22.8598 	EXP 	unnamed Rect: pos = array([  76.52232276, -180.06920582])
22.8674 	EXP 	unnamed Rect: pos = array([  76.52232276, -180.06920582])
22.8798 	EXP 	unnamed Rect: pos = array([  76.52232276, -180.06920582])
22.8959 	EXP 	unnamed Rect: pos = array([  76.52232276, -180.06920582])
22.9133 	EXP 	unnamed Rect: pos = array([  76.52232276, -180.06920582])
22.9296 	EXP 	unnamed Rect: pos = array([  76.52232276, -180.06920582])
22.9461 	EXP 	unnamed Rect: pos = array([  76.52232276, -180.06920582])
22.9636 	EXP 	unnamed Rect: pos = array([  76.52232276, -180.06920582])
22.9793 	EXP 	unnamed Rect: pos = array([  76.52232276, -180.06920582])
22.9959 	EXP 	unnamed Rect: pos = array([  76.52232276, -180.06920582])
23.0129 	EXP 	unnamed Rect: pos = array([  76.52232276, -180.06920582])
23.0293 	EXP 	unnamed Rect: pos = array([  76.52232276, -180.06920582])
23.0459 	EXP 	unnamed Rect: pos = array([  76.52232276, -180.06920582])
23.0627 	EXP 	unnamed Rect: pos = array([  76.52232276, -180.06920582])
23.0793 	EXP 	unnamed Rect: pos = array([  76.52232276, -180.06920582])
23.0963 	EXP 	unnamed Rect: pos = array([  76.52232276, -180.06920582])
23.1127 	EXP 	unnamed Rect: pos = array([  76.52232276, -180.06920582])
23.1293 	EXP 	unnamed Rect: pos = array([  76.52232276, -180.06920582])
23.1460 	EXP 	unnamed Rect: pos = array([  76.52232276, -180.06920582])
23.1627 	EXP 	unnamed Rect: pos = array([  76.52232276, -180.06920582])
23.1796 	EXP 	unnamed Rect: pos = array([  76.52232276, -180.06920582])
23.1959 	EXP 	unnamed Rect: pos = array([  76.52232276, -180.06920582])
23.2133 	EXP 	unnamed Rect: pos = array([  76.52232276, -180.06920582])
23.2293 	EXP 	unnamed Rect: pos = array([  76.52232276, -180.06920582])
23.2460 	EXP 	unnamed Rect: pos = array([  76.52232276, -180.06920582])
23.2627 	EXP 	unnamed Rect: pos = array([  76.52232276, -180.06920582])
23.2801 	EXP 	unnamed Rect: pos = array([  76.52232276, -180.06920582])
23.2960 	EXP 	unnamed Rect: pos = array([  76.52232276, -180.06920582])
23.3129 	EXP 	unnamed Rect: pos = array([  76.52232276, -180.06920582])
23.3293 	EXP 	unnamed Rect: pos = array([  76.52232276, -180.06920582])
23.3460 	EXP 	unnamed Rect: pos = array([  76.52232276, -180.06920582])
23.3626 	EXP 	unnamed Rect: pos = array([  76.52232276, -180.06920582])
23.3794 	EXP 	unnamed Rect: pos = array([  76.52232276, -180.06920582])
23.3960 	EXP 	unnamed Rect: pos = array([  76.52232276, -180.06920582])
23.4137 	EXP 	unnamed Rect: pos = array([  76.52232276, -180.06920582])
23.4305 	EXP 	unnamed Rect: pos = array([  76.52232276, -180.06920582])
23.4461 	EXP 	unnamed Rect: pos = array([  76.52232276, -180.06920582])
23.4505 	DATA 	Keypress: up
23.4638 	EXP 	unnamed Rect: pos = array([  76.52232276, -180.06920582])
23.4793 	EXP 	unnamed Rect: pos = array([  76.52232276, -170.06920582])
23.4962 	EXP 	unnamed Rect: pos = array([  76.52232276, -170.06920582])
23.5127 	EXP 	unnamed Rect: pos = array([  76.52232276, -170.06920582])
23.5293 	EXP 	unnamed Rect: pos = array([  76.52232276, -170.06920582])
23.5474 	EXP 	unnamed Rect: pos = array([  76.52232276, -170.06920582])
23.5630 	EXP 	unnamed Rect: pos = array([  76.52232276, -170.06920582])
23.5794 	EXP 	unnamed Rect: pos = array([  76.52232276, -170.06920582])
23.5965 	EXP 	unnamed Rect: pos = array([  76.52232276, -170.06920582])
23.6133 	EXP 	unnamed Rect: pos = array([  76.52232276, -170.06920582])
23.6144 	DATA 	Keypress: up
23.6298 	EXP 	unnamed Rect: pos = array([  76.52232276, -160.06920582])
23.6461 	EXP 	unnamed Rect: pos = array([  76.52232276, -160.06920582])
23.6634 	EXP 	unnamed Rect: pos = array([  76.52232276, -160.06920582])
23.6796 	EXP 	unnamed Rect: pos = array([  76.52232276, -160.06920582])
23.6963 	EXP 	unnamed Rect: pos = array([  76.52232276, -160.06920582])
23.7137 	EXP 	unnamed Rect: pos = array([  76.52232276, -160.06920582])
23.7292 	EXP 	unnamed Rect: pos = array([  76.52232276, -160.06920582])
23.7460 	EXP 	unnamed Rect: pos = array([  76.52232276, -160.06920582])
23.7626 	EXP 	unnamed Rect: pos = array([  76.52232276, -160.06920582])
23.7799 	EXP 	unnamed Rect: pos = array([  76.52232276, -160.06920582])
23.7812 	DATA 	Keypress: up
23.7960 	EXP 	unnamed Rect: pos = array([  76.52232276, -150.06920582])
23.8128 	EXP 	unnamed Rect: pos = array([  76.52232276, -150.06920582])
23.8297 	EXP 	unnamed Rect: pos = array([  76.52232276, -150.06920582])
23.8465 	EXP 	unnamed Rect: pos = array([  76.52232276, -150.06920582])
23.8627 	EXP 	unnamed Rect: pos = array([  76.52232276, -150.06920582])
23.8795 	EXP 	unnamed Rect: pos = array([  76.52232276, -150.06920582])
23.8957 	EXP 	unnamed Rect: pos = array([  76.52232276, -150.06920582])
23.9127 	EXP 	unnamed Rect: pos = array([  76.52232276, -150.06920582])
23.9305 	EXP 	unnamed Rect: pos = array([  76.52232276, -150.06920582])
23.9315 	DATA 	Keypress: up
23.9466 	EXP 	unnamed Rect: pos = array([  76.52232276, -140.06920582])
23.9627 	EXP 	unnamed Rect: pos = array([  76.52232276, -140.06920582])
23.9794 	EXP 	unnamed Rect: pos = array([  76.52232276, -140.06920582])
23.9969 	EXP 	unnamed Rect: pos = array([  76.52232276, -140.06920582])
24.0127 	EXP 	unnamed Rect: pos = array([  76.52232276, -140.06920582])
24.0296 	EXP 	unnamed Rect: pos = array([  76.52232276, -140.06920582])
24.0463 	EXP 	unnamed Rect: pos = array([  76.52232276, -140.06920582])
24.0475 	DATA 	Keypress: up
24.0637 	EXP 	unnamed Rect: pos = array([  76.52232276, -130.06920582])
24.0802 	EXP 	unnamed Rect: pos = array([  76.52232276, -130.06920582])
24.0961 	EXP 	unnamed Rect: pos = array([  76.52232276, -130.06920582])
24.1127 	EXP 	unnamed Rect: pos = array([  76.52232276, -130.06920582])
24.1297 	EXP 	unnamed Rect: pos = array([  76.52232276, -130.06920582])
24.1462 	EXP 	unnamed Rect: pos = array([  76.52232276, -130.06920582])
24.1627 	EXP 	unnamed Rect: pos = array([  76.52232276, -130.06920582])
24.1797 	EXP 	unnamed Rect: pos = array([  76.52232276, -130.06920582])
24.1965 	EXP 	unnamed Rect: pos = array([  76.52232276, -130.06920582])
24.1975 	DATA 	Keypress: up
24.2136 	EXP 	unnamed Rect: pos = array([  76.52232276, -120.06920582])
24.2293 	EXP 	unnamed Rect: pos = array([  76.52232276, -120.06920582])
24.2460 	EXP 	unnamed Rect: pos = array([  76.52232276, -120.06920582])
24.2629 	EXP 	unnamed Rect: pos = array([  76.52232276, -120.06920582])
24.2796 	EXP 	unnamed Rect: pos = array([  76.52232276, -120.06920582])
24.2963 	EXP 	unnamed Rect: pos = array([  76.52232276, -120.06920582])
24.3004 	DATA 	Keypress: up
24.3138 	EXP 	unnamed Rect: pos = array([  76.52232276, -120.06920582])
24.3302 	EXP 	unnamed Rect: pos = array([  76.52232276, -110.06920582])
24.3464 	EXP 	unnamed Rect: pos = array([  76.52232276, -110.06920582])
24.3631 	EXP 	unnamed Rect: pos = array([  76.52232276, -110.06920582])
24.3793 	EXP 	unnamed Rect: pos = array([  76.52232276, -110.06920582])
24.3962 	EXP 	unnamed Rect: pos = array([  76.52232276, -110.06920582])
24.4139 	EXP 	unnamed Rect: pos = array([  76.52232276, -110.06920582])
24.4296 	EXP 	unnamed Rect: pos = array([  76.52232276, -110.06920582])
24.4461 	EXP 	unnamed Rect: pos = array([  76.52232276, -110.06920582])
24.4626 	EXP 	unnamed Rect: pos = array([  76.52232276, -110.06920582])
24.4794 	EXP 	unnamed Rect: pos = array([  76.52232276, -110.06920582])
24.4961 	EXP 	unnamed Rect: pos = array([  76.52232276, -110.06920582])
24.5131 	EXP 	unnamed Rect: pos = array([  76.52232276, -110.06920582])
24.5143 	DATA 	Keypress: up
24.5293 	EXP 	unnamed Rect: pos = array([  76.52232276, -100.06920582])
24.5458 	EXP 	unnamed Rect: pos = array([  76.52232276, -100.06920582])
24.5626 	EXP 	unnamed Rect: pos = array([  76.52232276, -100.06920582])
24.5794 	EXP 	unnamed Rect: pos = array([  76.52232276, -100.06920582])
24.5968 	EXP 	unnamed Rect: pos = array([  76.52232276, -100.06920582])
24.6129 	EXP 	unnamed Rect: pos = array([  76.52232276, -100.06920582])
24.6295 	EXP 	unnamed Rect: pos = array([  76.52232276, -100.06920582])
24.6461 	EXP 	unnamed Rect: pos = array([  76.52232276, -100.06920582])
24.6631 	EXP 	unnamed Rect: pos = array([  76.52232276, -100.06920582])
24.6794 	EXP 	unnamed Rect: pos = array([  76.52232276, -100.06920582])
24.6960 	EXP 	unnamed Rect: pos = array([  76.52232276, -100.06920582])
24.7127 	EXP 	unnamed Rect: pos = array([  76.52232276, -100.06920582])
24.7298 	EXP 	unnamed Rect: pos = array([  76.52232276, -100.06920582])
24.7464 	EXP 	unnamed Rect: pos = array([  76.52232276, -100.06920582])
24.7476 	DATA 	Keypress: up
24.7631 	EXP 	unnamed Rect: pos = array([ 76.52232276, -90.06920582])
24.7795 	EXP 	unnamed Rect: pos = array([ 76.52232276, -90.06920582])
24.7960 	EXP 	unnamed Rect: pos = array([ 76.52232276, -90.06920582])
24.8130 	EXP 	unnamed Rect: pos = array([ 76.52232276, -90.06920582])
24.8303 	EXP 	unnamed Rect: pos = array([ 76.52232276, -90.06920582])
24.8471 	EXP 	unnamed Rect: pos = array([ 76.52232276, -90.06920582])
24.8630 	EXP 	unnamed Rect: pos = array([ 76.52232276, -90.06920582])
24.8793 	EXP 	unnamed Rect: pos = array([ 76.52232276, -90.06920582])
24.8962 	EXP 	unnamed Rect: pos = array([ 76.52232276, -90.06920582])
24.9133 	EXP 	unnamed Rect: pos = array([ 76.52232276, -90.06920582])
24.9299 	EXP 	unnamed Rect: pos = array([ 76.52232276, -90.06920582])
24.9466 	EXP 	unnamed Rect: pos = array([ 76.52232276, -90.06920582])
24.9628 	EXP 	unnamed Rect: pos = array([ 76.52232276, -90.06920582])
24.9799 	EXP 	unnamed Rect: pos = array([ 76.52232276, -90.06920582])
24.9962 	EXP 	unnamed Rect: pos = array([ 76.52232276, -90.06920582])
25.0128 	EXP 	unnamed Rect: pos = array([ 76.52232276, -90.06920582])
25.0293 	EXP 	unnamed Rect: pos = array([ 76.52232276, -90.06920582])
25.0460 	EXP 	unnamed Rect: pos = array([ 76.52232276, -90.06920582])
25.0626 	EXP 	unnamed Rect: pos = array([ 76.52232276, -90.06920582])
25.0803 	EXP 	unnamed Rect: pos = array([ 76.52232276, -90.06920582])
25.0816 	DATA 	Keypress: right
25.0961 	EXP 	unnamed Rect: pos = array([ 86.52232276, -90.06920582])
25.1127 	EXP 	unnamed Rect: pos = array([ 86.52232276, -90.06920582])
25.1292 	EXP 	unnamed Rect: pos = array([ 86.52232276, -90.06920582])
25.1460 	EXP 	unnamed Rect: pos = array([ 86.52232276, -90.06920582])
25.1627 	EXP 	unnamed Rect: pos = array([ 86.52232276, -90.06920582])
25.1800 	EXP 	unnamed Rect: pos = array([ 86.52232276, -90.06920582])
25.1960 	EXP 	unnamed Rect: pos = array([ 86.52232276, -90.06920582])
25.2129 	EXP 	unnamed Rect: pos = array([ 86.52232276, -90.06920582])
25.2294 	EXP 	unnamed Rect: pos = array([ 86.52232276, -90.06920582])
25.2334 	DATA 	Keypress: up
25.2468 	EXP 	unnamed Rect: pos = array([ 86.52232276, -90.06920582])
25.2629 	EXP 	unnamed Rect: pos = array([ 86.52232276, -80.06920582])
25.2798 	EXP 	unnamed Rect: pos = array([ 86.52232276, -80.06920582])
25.2963 	EXP 	unnamed Rect: pos = array([ 86.52232276, -80.06920582])
25.3131 	EXP 	unnamed Rect: pos = array([ 86.52232276, -80.06920582])
25.3303 	EXP 	unnamed Rect: pos = array([ 86.52232276, -80.06920582])
25.3463 	EXP 	unnamed Rect: pos = array([ 86.52232276, -80.06920582])
25.3627 	EXP 	unnamed Rect: pos = array([ 86.52232276, -80.06920582])
25.3792 	EXP 	unnamed Rect: pos = array([ 86.52232276, -80.06920582])
25.3966 	EXP 	unnamed Rect: pos = array([ 86.52232276, -80.06920582])
25.4135 	EXP 	unnamed Rect: pos = array([ 86.52232276, -80.06920582])
25.4146 	DATA 	Keypress: up
25.4294 	EXP 	unnamed Rect: pos = array([ 86.52232276, -70.06920582])
25.4460 	EXP 	unnamed Rect: pos = array([ 86.52232276, -70.06920582])
25.4627 	EXP 	unnamed Rect: pos = array([ 86.52232276, -70.06920582])
25.4793 	EXP 	unnamed Rect: pos = array([ 86.52232276, -70.06920582])
25.4970 	EXP 	unnamed Rect: pos = array([ 86.52232276, -70.06920582])
25.5133 	EXP 	unnamed Rect: pos = array([ 86.52232276, -70.06920582])
25.5294 	EXP 	unnamed Rect: pos = array([ 86.52232276, -70.06920582])
25.5459 	EXP 	unnamed Rect: pos = array([ 86.52232276, -70.06920582])
25.5626 	EXP 	unnamed Rect: pos = array([ 86.52232276, -70.06920582])
25.5795 	EXP 	unnamed Rect: pos = array([ 86.52232276, -70.06920582])
25.5805 	DATA 	Keypress: up
25.5969 	EXP 	unnamed Rect: pos = array([ 86.52232276, -60.06920582])
25.6135 	EXP 	unnamed Rect: pos = array([ 86.52232276, -60.06920582])
25.6293 	EXP 	unnamed Rect: pos = array([ 86.52232276, -60.06920582])
25.6460 	EXP 	unnamed Rect: pos = array([ 86.52232276, -60.06920582])
25.6635 	EXP 	unnamed Rect: pos = array([ 86.52232276, -60.06920582])
25.6793 	EXP 	unnamed Rect: pos = array([ 86.52232276, -60.06920582])
25.6960 	EXP 	unnamed Rect: pos = array([ 86.52232276, -60.06920582])
25.7130 	EXP 	unnamed Rect: pos = array([ 86.52232276, -60.06920582])
25.7293 	EXP 	unnamed Rect: pos = array([ 86.52232276, -60.06920582])
25.7467 	EXP 	unnamed Rect: pos = array([ 86.52232276, -60.06920582])
25.7480 	DATA 	Keypress: up
25.7632 	EXP 	unnamed Rect: pos = array([ 86.52232276, -50.06920582])
25.7794 	EXP 	unnamed Rect: pos = array([ 86.52232276, -50.06920582])
25.7960 	EXP 	unnamed Rect: pos = array([ 86.52232276, -50.06920582])
25.8127 	EXP 	unnamed Rect: pos = array([ 86.52232276, -50.06920582])
25.8301 	EXP 	unnamed Rect: pos = array([ 86.52232276, -50.06920582])
25.8470 	EXP 	unnamed Rect: pos = array([ 86.52232276, -50.06920582])
25.8627 	EXP 	unnamed Rect: pos = array([ 86.52232276, -50.06920582])
25.8799 	EXP 	unnamed Rect: pos = array([ 86.52232276, -50.06920582])
25.8961 	EXP 	unnamed Rect: pos = array([ 86.52232276, -50.06920582])
25.9127 	EXP 	unnamed Rect: pos = array([ 86.52232276, -50.06920582])
25.9299 	EXP 	unnamed Rect: pos = array([ 86.52232276, -50.06920582])
25.9311 	DATA 	Keypress: right
25.9468 	EXP 	unnamed Rect: pos = array([ 96.52232276, -50.06920582])
25.9627 	EXP 	unnamed Rect: pos = array([ 96.52232276, -50.06920582])
25.9793 	EXP 	unnamed Rect: pos = array([ 96.52232276, -50.06920582])
25.9964 	EXP 	unnamed Rect: pos = array([ 96.52232276, -50.06920582])
26.0134 	EXP 	unnamed Rect: pos = array([ 96.52232276, -50.06920582])
26.0302 	EXP 	unnamed Rect: pos = array([ 96.52232276, -50.06920582])
26.0460 	EXP 	unnamed Rect: pos = array([ 96.52232276, -50.06920582])
26.0626 	EXP 	unnamed Rect: pos = array([ 96.52232276, -50.06920582])
26.0794 	EXP 	unnamed Rect: pos = array([ 96.52232276, -50.06920582])
26.0965 	EXP 	unnamed Rect: pos = array([ 96.52232276, -50.06920582])
26.0977 	DATA 	Keypress: up
26.1130 	EXP 	unnamed Rect: pos = array([ 96.52232276, -40.06920582])
26.1295 	EXP 	unnamed Rect: pos = array([ 96.52232276, -40.06920582])
26.1461 	EXP 	unnamed Rect: pos = array([ 96.52232276, -40.06920582])
26.1627 	EXP 	unnamed Rect: pos = array([ 96.52232276, -40.06920582])
26.1797 	EXP 	unnamed Rect: pos = array([ 96.52232276, -40.06920582])
26.1970 	EXP 	unnamed Rect: pos = array([ 96.52232276, -40.06920582])
26.2138 	EXP 	unnamed Rect: pos = array([ 96.52232276, -40.06920582])
26.2293 	EXP 	unnamed Rect: pos = array([ 96.52232276, -40.06920582])
26.2460 	EXP 	unnamed Rect: pos = array([ 96.52232276, -40.06920582])
26.2628 	EXP 	unnamed Rect: pos = array([ 96.52232276, -40.06920582])
26.2800 	EXP 	unnamed Rect: pos = array([ 96.52232276, -40.06920582])
26.2812 	DATA 	Keypress: up
26.2960 	EXP 	unnamed Rect: pos = array([ 96.52232276, -30.06920582])
26.3127 	EXP 	unnamed Rect: pos = array([ 96.52232276, -30.06920582])
26.3295 	EXP 	unnamed Rect: pos = array([ 96.52232276, -30.06920582])
26.3460 	EXP 	unnamed Rect: pos = array([ 96.52232276, -30.06920582])
26.3630 	EXP 	unnamed Rect: pos = array([ 96.52232276, -30.06920582])
26.3799 	EXP 	unnamed Rect: pos = array([ 96.52232276, -30.06920582])
26.3964 	EXP 	unnamed Rect: pos = array([ 96.52232276, -30.06920582])
26.4137 	EXP 	unnamed Rect: pos = array([ 96.52232276, -30.06920582])
26.4292 	EXP 	unnamed Rect: pos = array([ 96.52232276, -30.06920582])
26.4463 	EXP 	unnamed Rect: pos = array([ 96.52232276, -30.06920582])
26.4475 	DATA 	Keypress: up
26.4635 	EXP 	unnamed Rect: pos = array([ 96.52232276, -20.06920582])
26.4794 	EXP 	unnamed Rect: pos = array([ 96.52232276, -20.06920582])
26.4963 	EXP 	unnamed Rect: pos = array([ 96.52232276, -20.06920582])
26.5131 	EXP 	unnamed Rect: pos = array([ 96.52232276, -20.06920582])
26.5296 	EXP 	unnamed Rect: pos = array([ 96.52232276, -20.06920582])
26.5463 	EXP 	unnamed Rect: pos = array([ 96.52232276, -20.06920582])
26.5629 	EXP 	unnamed Rect: pos = array([ 96.52232276, -20.06920582])
26.5796 	EXP 	unnamed Rect: pos = array([ 96.52232276, -20.06920582])
26.5962 	EXP 	unnamed Rect: pos = array([ 96.52232276, -20.06920582])
26.6137 	EXP 	unnamed Rect: pos = array([ 96.52232276, -20.06920582])
26.6149 	DATA 	Keypress: up
26.6294 	EXP 	unnamed Rect: pos = array([ 96.52232276, -10.06920582])
26.6462 	EXP 	unnamed Rect: pos = array([ 96.52232276, -10.06920582])
26.6635 	EXP 	unnamed Rect: pos = array([ 96.52232276, -10.06920582])
26.6800 	EXP 	unnamed Rect: pos = array([ 96.52232276, -10.06920582])
26.6960 	EXP 	unnamed Rect: pos = array([ 96.52232276, -10.06920582])
26.7132 	EXP 	unnamed Rect: pos = array([ 96.52232276, -10.06920582])
26.7293 	EXP 	unnamed Rect: pos = array([ 96.52232276, -10.06920582])
26.7462 	EXP 	unnamed Rect: pos = array([ 96.52232276, -10.06920582])
26.7639 	EXP 	unnamed Rect: pos = array([ 96.52232276, -10.06920582])
26.7799 	EXP 	unnamed Rect: pos = array([ 96.52232276, -10.06920582])
26.7813 	DATA 	Keypress: up
26.7961 	EXP 	unnamed Rect: pos = array([ 9.65223228e+01, -6.92058191e-02])
26.8137 	EXP 	unnamed Rect: pos = array([ 9.65223228e+01, -6.92058191e-02])
26.8293 	EXP 	unnamed Rect: pos = array([ 9.65223228e+01, -6.92058191e-02])
26.8468 	EXP 	unnamed Rect: pos = array([ 9.65223228e+01, -6.92058191e-02])
26.8634 	EXP 	unnamed Rect: pos = array([ 9.65223228e+01, -6.92058191e-02])
26.8793 	EXP 	unnamed Rect: pos = array([ 9.65223228e+01, -6.92058191e-02])
26.8959 	EXP 	unnamed Rect: pos = array([ 9.65223228e+01, -6.92058191e-02])
26.9141 	EXP 	unnamed Rect: pos = array([ 9.65223228e+01, -6.92058191e-02])
26.9304 	EXP 	unnamed Rect: pos = array([ 9.65223228e+01, -6.92058191e-02])
26.9461 	EXP 	unnamed Rect: pos = array([ 9.65223228e+01, -6.92058191e-02])
26.9639 	EXP 	unnamed Rect: pos = array([ 9.65223228e+01, -6.92058191e-02])
26.9652 	DATA 	Keypress: up
26.9794 	EXP 	unnamed Rect: pos = array([96.52232276,  9.93079418])
26.9960 	EXP 	unnamed Rect: pos = array([96.52232276,  9.93079418])
27.0128 	EXP 	unnamed Rect: pos = array([96.52232276,  9.93079418])
27.0296 	EXP 	unnamed Rect: pos = array([96.52232276,  9.93079418])
27.0462 	EXP 	unnamed Rect: pos = array([96.52232276,  9.93079418])
27.0627 	EXP 	unnamed Rect: pos = array([96.52232276,  9.93079418])
27.0793 	EXP 	unnamed Rect: pos = array([96.52232276,  9.93079418])
27.0960 	EXP 	unnamed Rect: pos = array([96.52232276,  9.93079418])
27.1127 	EXP 	unnamed Rect: pos = array([96.52232276,  9.93079418])
27.1301 	EXP 	unnamed Rect: pos = array([96.52232276,  9.93079418])
27.1313 	DATA 	Keypress: up
27.1469 	EXP 	unnamed Rect: pos = array([96.52232276, 19.93079418])
27.1632 	EXP 	unnamed Rect: pos = array([96.52232276, 19.93079418])
27.1799 	EXP 	unnamed Rect: pos = array([96.52232276, 19.93079418])
27.1964 	EXP 	unnamed Rect: pos = array([96.52232276, 19.93079418])
27.2140 	EXP 	unnamed Rect: pos = array([96.52232276, 19.93079418])
27.2292 	EXP 	unnamed Rect: pos = array([96.52232276, 19.93079418])
27.2459 	EXP 	unnamed Rect: pos = array([96.52232276, 19.93079418])
27.2630 	EXP 	unnamed Rect: pos = array([96.52232276, 19.93079418])
27.2795 	EXP 	unnamed Rect: pos = array([96.52232276, 19.93079418])
27.2959 	EXP 	unnamed Rect: pos = array([96.52232276, 19.93079418])
27.3133 	EXP 	unnamed Rect: pos = array([96.52232276, 19.93079418])
27.3146 	DATA 	Keypress: up
27.3301 	EXP 	unnamed Rect: pos = array([96.52232276, 29.93079418])
27.3461 	EXP 	unnamed Rect: pos = array([96.52232276, 29.93079418])
27.3626 	EXP 	unnamed Rect: pos = array([96.52232276, 29.93079418])
27.3803 	EXP 	unnamed Rect: pos = array([96.52232276, 29.93079418])
27.3962 	EXP 	unnamed Rect: pos = array([96.52232276, 29.93079418])
27.4129 	EXP 	unnamed Rect: pos = array([96.52232276, 29.93079418])
27.4293 	EXP 	unnamed Rect: pos = array([96.52232276, 29.93079418])
27.4460 	EXP 	unnamed Rect: pos = array([96.52232276, 29.93079418])
27.4628 	EXP 	unnamed Rect: pos = array([96.52232276, 29.93079418])
27.4671 	DATA 	Keypress: up
27.4805 	EXP 	unnamed Rect: pos = array([96.52232276, 29.93079418])
27.4962 	EXP 	unnamed Rect: pos = array([96.52232276, 39.93079418])
27.5127 	EXP 	unnamed Rect: pos = array([96.52232276, 39.93079418])
27.5293 	EXP 	unnamed Rect: pos = array([96.52232276, 39.93079418])
27.5472 	EXP 	unnamed Rect: pos = array([96.52232276, 39.93079418])
27.5626 	EXP 	unnamed Rect: pos = array([96.52232276, 39.93079418])
27.5795 	EXP 	unnamed Rect: pos = array([96.52232276, 39.93079418])
27.5962 	EXP 	unnamed Rect: pos = array([96.52232276, 39.93079418])
27.6135 	EXP 	unnamed Rect: pos = array([96.52232276, 39.93079418])
27.6293 	EXP 	unnamed Rect: pos = array([96.52232276, 39.93079418])
27.6468 	EXP 	unnamed Rect: pos = array([96.52232276, 39.93079418])
27.6479 	DATA 	Keypress: up
27.6627 	EXP 	unnamed Rect: pos = array([96.52232276, 49.93079418])
27.6796 	EXP 	unnamed Rect: pos = array([96.52232276, 49.93079418])
27.6960 	EXP 	unnamed Rect: pos = array([96.52232276, 49.93079418])
27.7127 	EXP 	unnamed Rect: pos = array([96.52232276, 49.93079418])
27.7307 	EXP 	unnamed Rect: pos = array([96.52232276, 49.93079418])
27.7460 	EXP 	unnamed Rect: pos = array([96.52232276, 49.93079418])
27.7628 	EXP 	unnamed Rect: pos = array([96.52232276, 49.93079418])
27.7794 	EXP 	unnamed Rect: pos = array([96.52232276, 49.93079418])
27.7960 	EXP 	unnamed Rect: pos = array([96.52232276, 49.93079418])
27.8129 	EXP 	unnamed Rect: pos = array([96.52232276, 49.93079418])
27.8297 	EXP 	unnamed Rect: pos = array([96.52232276, 49.93079418])
27.8474 	EXP 	unnamed Rect: pos = array([96.52232276, 49.93079418])
27.8486 	DATA 	Keypress: up
27.8626 	EXP 	unnamed Rect: pos = array([96.52232276, 59.93079418])
27.8795 	EXP 	unnamed Rect: pos = array([96.52232276, 59.93079418])
27.8959 	EXP 	unnamed Rect: pos = array([96.52232276, 59.93079418])
27.9136 	EXP 	unnamed Rect: pos = array([96.52232276, 59.93079418])
27.9295 	EXP 	unnamed Rect: pos = array([96.52232276, 59.93079418])
27.9459 	EXP 	unnamed Rect: pos = array([96.52232276, 59.93079418])
27.9627 	EXP 	unnamed Rect: pos = array([96.52232276, 59.93079418])
27.9794 	EXP 	unnamed Rect: pos = array([96.52232276, 59.93079418])
27.9960 	EXP 	unnamed Rect: pos = array([96.52232276, 59.93079418])
28.0130 	EXP 	unnamed Rect: pos = array([96.52232276, 59.93079418])
28.0143 	DATA 	Keypress: up
28.0293 	EXP 	unnamed Rect: pos = array([96.52232276, 69.93079418])
28.0463 	EXP 	unnamed Rect: pos = array([96.52232276, 69.93079418])
28.0628 	EXP 	unnamed Rect: pos = array([96.52232276, 69.93079418])
28.0798 	EXP 	unnamed Rect: pos = array([96.52232276, 69.93079418])
28.0967 	EXP 	unnamed Rect: pos = array([96.52232276, 69.93079418])
28.1129 	EXP 	unnamed Rect: pos = array([96.52232276, 69.93079418])
28.1305 	EXP 	unnamed Rect: pos = array([96.52232276, 69.93079418])
28.1461 	EXP 	unnamed Rect: pos = array([96.52232276, 69.93079418])
28.1626 	EXP 	unnamed Rect: pos = array([96.52232276, 69.93079418])
28.1800 	EXP 	unnamed Rect: pos = array([96.52232276, 69.93079418])
28.1960 	EXP 	unnamed Rect: pos = array([96.52232276, 69.93079418])
28.2001 	DATA 	Keypress: up
28.2140 	EXP 	unnamed Rect: pos = array([96.52232276, 69.93079418])
28.2293 	EXP 	unnamed Rect: pos = array([96.52232276, 79.93079418])
28.2462 	EXP 	unnamed Rect: pos = array([96.52232276, 79.93079418])
28.2628 	EXP 	unnamed Rect: pos = array([96.52232276, 79.93079418])
28.2806 	EXP 	unnamed Rect: pos = array([96.52232276, 79.93079418])
28.2960 	EXP 	unnamed Rect: pos = array([96.52232276, 79.93079418])
28.3128 	EXP 	unnamed Rect: pos = array([96.52232276, 79.93079418])
28.3299 	EXP 	unnamed Rect: pos = array([96.52232276, 79.93079418])
28.3459 	EXP 	unnamed Rect: pos = array([96.52232276, 79.93079418])
28.3627 	EXP 	unnamed Rect: pos = array([96.52232276, 79.93079418])
28.3803 	EXP 	unnamed Rect: pos = array([96.52232276, 79.93079418])
28.3815 	DATA 	Keypress: up
28.3959 	EXP 	unnamed Rect: pos = array([96.52232276, 89.93079418])
28.4128 	EXP 	unnamed Rect: pos = array([96.52232276, 89.93079418])
28.4292 	EXP 	unnamed Rect: pos = array([96.52232276, 89.93079418])
28.4458 	EXP 	unnamed Rect: pos = array([96.52232276, 89.93079418])
28.4628 	EXP 	unnamed Rect: pos = array([96.52232276, 89.93079418])
28.4795 	EXP 	unnamed Rect: pos = array([96.52232276, 89.93079418])
28.4961 	EXP 	unnamed Rect: pos = array([96.52232276, 89.93079418])
28.5127 	EXP 	unnamed Rect: pos = array([96.52232276, 89.93079418])
28.5293 	EXP 	unnamed Rect: pos = array([96.52232276, 89.93079418])
28.5460 	EXP 	unnamed Rect: pos = array([96.52232276, 89.93079418])
28.5628 	EXP 	unnamed Rect: pos = array([96.52232276, 89.93079418])
28.5672 	DATA 	Keypress: up
28.5804 	EXP 	unnamed Rect: pos = array([96.52232276, 89.93079418])
28.5960 	EXP 	unnamed Rect: pos = array([96.52232276, 99.93079418])
28.6128 	EXP 	unnamed Rect: pos = array([96.52232276, 99.93079418])
28.6293 	EXP 	unnamed Rect: pos = array([96.52232276, 99.93079418])
28.6469 	EXP 	unnamed Rect: pos = array([96.52232276, 99.93079418])
28.6628 	EXP 	unnamed Rect: pos = array([96.52232276, 99.93079418])
28.6793 	EXP 	unnamed Rect: pos = array([96.52232276, 99.93079418])
28.6960 	EXP 	unnamed Rect: pos = array([96.52232276, 99.93079418])
28.7129 	EXP 	unnamed Rect: pos = array([96.52232276, 99.93079418])
28.7293 	EXP 	unnamed Rect: pos = array([96.52232276, 99.93079418])
28.7473 	EXP 	unnamed Rect: pos = array([96.52232276, 99.93079418])
28.7485 	DATA 	Keypress: up
28.7628 	EXP 	unnamed Rect: pos = array([ 96.52232276, 109.93079418])
28.7794 	EXP 	unnamed Rect: pos = array([ 96.52232276, 109.93079418])
28.7960 	EXP 	unnamed Rect: pos = array([ 96.52232276, 109.93079418])
28.8129 	EXP 	unnamed Rect: pos = array([ 96.52232276, 109.93079418])
28.8299 	EXP 	unnamed Rect: pos = array([ 96.52232276, 109.93079418])
28.8460 	EXP 	unnamed Rect: pos = array([ 96.52232276, 109.93079418])
28.8626 	EXP 	unnamed Rect: pos = array([ 96.52232276, 109.93079418])
28.8806 	EXP 	unnamed Rect: pos = array([ 96.52232276, 109.93079418])
28.8960 	EXP 	unnamed Rect: pos = array([ 96.52232276, 109.93079418])
28.9129 	EXP 	unnamed Rect: pos = array([ 96.52232276, 109.93079418])
28.9295 	EXP 	unnamed Rect: pos = array([ 96.52232276, 109.93079418])
28.9461 	EXP 	unnamed Rect: pos = array([ 96.52232276, 109.93079418])
28.9629 	EXP 	unnamed Rect: pos = array([ 96.52232276, 109.93079418])
28.9639 	DATA 	Keypress: left
28.9793 	EXP 	unnamed Rect: pos = array([ 86.52232276, 109.93079418])
28.9965 	EXP 	unnamed Rect: pos = array([ 86.52232276, 109.93079418])
29.0135 	EXP 	unnamed Rect: pos = array([ 86.52232276, 109.93079418])
29.0294 	EXP 	unnamed Rect: pos = array([ 86.52232276, 109.93079418])
29.0462 	EXP 	unnamed Rect: pos = array([ 86.52232276, 109.93079418])
29.0628 	EXP 	unnamed Rect: pos = array([ 86.52232276, 109.93079418])
29.0792 	EXP 	unnamed Rect: pos = array([ 86.52232276, 109.93079418])
29.0963 	EXP 	unnamed Rect: pos = array([ 86.52232276, 109.93079418])
29.1129 	EXP 	unnamed Rect: pos = array([ 86.52232276, 109.93079418])
29.1304 	EXP 	unnamed Rect: pos = array([ 86.52232276, 109.93079418])
29.1471 	EXP 	unnamed Rect: pos = array([ 86.52232276, 109.93079418])
29.1484 	DATA 	Keypress: left
29.1627 	EXP 	unnamed Rect: pos = array([ 76.52232276, 109.93079418])
29.1797 	EXP 	unnamed Rect: pos = array([ 76.52232276, 109.93079418])
29.1961 	EXP 	unnamed Rect: pos = array([ 76.52232276, 109.93079418])
29.2137 	EXP 	unnamed Rect: pos = array([ 76.52232276, 109.93079418])
29.2294 	EXP 	unnamed Rect: pos = array([ 76.52232276, 109.93079418])
29.2460 	EXP 	unnamed Rect: pos = array([ 76.52232276, 109.93079418])
29.2627 	EXP 	unnamed Rect: pos = array([ 76.52232276, 109.93079418])
29.2800 	EXP 	unnamed Rect: pos = array([ 76.52232276, 109.93079418])
29.2964 	EXP 	unnamed Rect: pos = array([ 76.52232276, 109.93079418])
29.3128 	EXP 	unnamed Rect: pos = array([ 76.52232276, 109.93079418])
29.3293 	EXP 	unnamed Rect: pos = array([ 76.52232276, 109.93079418])
29.3471 	EXP 	unnamed Rect: pos = array([ 76.52232276, 109.93079418])
29.3481 	DATA 	Keypress: up
29.3625 	EXP 	unnamed Rect: pos = array([ 76.52232276, 119.93079418])
29.3792 	EXP 	unnamed Rect: pos = array([ 76.52232276, 119.93079418])
29.3968 	EXP 	unnamed Rect: pos = array([ 76.52232276, 119.93079418])
29.4137 	EXP 	unnamed Rect: pos = array([ 76.52232276, 119.93079418])
29.4302 	EXP 	unnamed Rect: pos = array([ 76.52232276, 119.93079418])
29.4459 	EXP 	unnamed Rect: pos = array([ 76.52232276, 119.93079418])
29.4626 	EXP 	unnamed Rect: pos = array([ 76.52232276, 119.93079418])
29.4794 	EXP 	unnamed Rect: pos = array([ 76.52232276, 119.93079418])
29.4966 	EXP 	unnamed Rect: pos = array([ 76.52232276, 119.93079418])
29.5128 	EXP 	unnamed Rect: pos = array([ 76.52232276, 119.93079418])
29.5305 	EXP 	unnamed Rect: pos = array([ 76.52232276, 119.93079418])
29.5317 	DATA 	Keypress: up
29.5463 	EXP 	unnamed Rect: pos = array([ 76.52232276, 129.93079418])
29.5630 	EXP 	unnamed Rect: pos = array([ 76.52232276, 129.93079418])
29.5794 	EXP 	unnamed Rect: pos = array([ 76.52232276, 129.93079418])
29.5960 	EXP 	unnamed Rect: pos = array([ 76.52232276, 129.93079418])
29.6128 	EXP 	unnamed Rect: pos = array([ 76.52232276, 129.93079418])
29.6303 	EXP 	unnamed Rect: pos = array([ 76.52232276, 129.93079418])
29.6464 	EXP 	unnamed Rect: pos = array([ 76.52232276, 129.93079418])
29.6630 	EXP 	unnamed Rect: pos = array([ 76.52232276, 129.93079418])
29.6793 	EXP 	unnamed Rect: pos = array([ 76.52232276, 129.93079418])
29.6961 	EXP 	unnamed Rect: pos = array([ 76.52232276, 129.93079418])
29.6971 	DATA 	Keypress: left
29.7138 	EXP 	unnamed Rect: pos = array([ 66.52232276, 129.93079418])
29.7293 	EXP 	unnamed Rect: pos = array([ 66.52232276, 129.93079418])
29.7462 	EXP 	unnamed Rect: pos = array([ 66.52232276, 129.93079418])
29.7629 	EXP 	unnamed Rect: pos = array([ 66.52232276, 129.93079418])
29.7793 	EXP 	unnamed Rect: pos = array([ 66.52232276, 129.93079418])
29.7968 	EXP 	unnamed Rect: pos = array([ 66.52232276, 129.93079418])
29.8129 	EXP 	unnamed Rect: pos = array([ 66.52232276, 129.93079418])
29.8294 	EXP 	unnamed Rect: pos = array([ 66.52232276, 129.93079418])
29.8462 	EXP 	unnamed Rect: pos = array([ 66.52232276, 129.93079418])
29.8626 	EXP 	unnamed Rect: pos = array([ 66.52232276, 129.93079418])
29.8801 	EXP 	unnamed Rect: pos = array([ 66.52232276, 129.93079418])
29.8961 	EXP 	unnamed Rect: pos = array([ 66.52232276, 129.93079418])
29.9128 	EXP 	unnamed Rect: pos = array([ 66.52232276, 129.93079418])
29.9299 	EXP 	unnamed Rect: pos = array([ 66.52232276, 129.93079418])
29.9312 	DATA 	Keypress: left
29.9461 	EXP 	unnamed Rect: pos = array([ 56.52232276, 129.93079418])
29.9627 	EXP 	unnamed Rect: pos = array([ 56.52232276, 129.93079418])
29.9805 	EXP 	unnamed Rect: pos = array([ 56.52232276, 129.93079418])
29.9962 	EXP 	unnamed Rect: pos = array([ 56.52232276, 129.93079418])
30.0131 	EXP 	unnamed Rect: pos = array([ 56.52232276, 129.93079418])
30.0295 	EXP 	unnamed Rect: pos = array([ 56.52232276, 129.93079418])
30.0462 	EXP 	unnamed Rect: pos = array([ 56.52232276, 129.93079418])
30.0627 	EXP 	unnamed Rect: pos = array([ 56.52232276, 129.93079418])
30.0794 	EXP 	unnamed Rect: pos = array([ 56.52232276, 129.93079418])
30.0960 	EXP 	unnamed Rect: pos = array([ 56.52232276, 129.93079418])
30.1137 	EXP 	unnamed Rect: pos = array([ 56.52232276, 129.93079418])
30.1150 	DATA 	Keypress: left
30.1294 	EXP 	unnamed Rect: pos = array([ 46.52232276, 129.93079418])
30.1459 	EXP 	unnamed Rect: pos = array([ 46.52232276, 129.93079418])
30.1627 	EXP 	unnamed Rect: pos = array([ 46.52232276, 129.93079418])
30.1802 	EXP 	unnamed Rect: pos = array([ 46.52232276, 129.93079418])
30.1967 	EXP 	unnamed Rect: pos = array([ 46.52232276, 129.93079418])
30.2130 	EXP 	unnamed Rect: pos = array([ 46.52232276, 129.93079418])
30.2295 	EXP 	unnamed Rect: pos = array([ 46.52232276, 129.93079418])
30.2463 	EXP 	unnamed Rect: pos = array([ 46.52232276, 129.93079418])
30.2626 	EXP 	unnamed Rect: pos = array([ 46.52232276, 129.93079418])
30.2793 	EXP 	unnamed Rect: pos = array([ 46.52232276, 129.93079418])
30.2960 	EXP 	unnamed Rect: pos = array([ 46.52232276, 129.93079418])
30.3139 	EXP 	unnamed Rect: pos = array([ 46.52232276, 129.93079418])
30.3152 	DATA 	Keypress: left
30.3294 	EXP 	unnamed Rect: pos = array([ 36.52232276, 129.93079418])
30.3459 	EXP 	unnamed Rect: pos = array([ 36.52232276, 129.93079418])
30.3626 	EXP 	unnamed Rect: pos = array([ 36.52232276, 129.93079418])
30.3794 	EXP 	unnamed Rect: pos = array([ 36.52232276, 129.93079418])
30.3969 	EXP 	unnamed Rect: pos = array([ 36.52232276, 129.93079418])
30.4133 	EXP 	unnamed Rect: pos = array([ 36.52232276, 129.93079418])
30.4293 	EXP 	unnamed Rect: pos = array([ 36.52232276, 129.93079418])
30.4460 	EXP 	unnamed Rect: pos = array([ 36.52232276, 129.93079418])
30.4626 	EXP 	unnamed Rect: pos = array([ 36.52232276, 129.93079418])
30.4793 	EXP 	unnamed Rect: pos = array([ 36.52232276, 129.93079418])
30.4959 	EXP 	unnamed Rect: pos = array([ 36.52232276, 129.93079418])
30.5128 	EXP 	unnamed Rect: pos = array([ 36.52232276, 129.93079418])
30.5302 	EXP 	unnamed Rect: pos = array([ 36.52232276, 129.93079418])
30.5314 	DATA 	Keypress: up
30.5463 	EXP 	unnamed Rect: pos = array([ 36.52232276, 139.93079418])
30.5628 	EXP 	unnamed Rect: pos = array([ 36.52232276, 139.93079418])
30.5801 	EXP 	unnamed Rect: pos = array([ 36.52232276, 139.93079418])
30.5963 	EXP 	unnamed Rect: pos = array([ 36.52232276, 139.93079418])
30.6137 	EXP 	unnamed Rect: pos = array([ 36.52232276, 139.93079418])
30.6294 	EXP 	unnamed Rect: pos = array([ 36.52232276, 139.93079418])
30.6459 	EXP 	unnamed Rect: pos = array([ 36.52232276, 139.93079418])
30.6635 	EXP 	unnamed Rect: pos = array([ 36.52232276, 139.93079418])
30.6806 	EXP 	unnamed Rect: pos = array([ 36.52232276, 139.93079418])
30.6816 	DATA 	Keypress: up
30.6961 	EXP 	unnamed Rect: pos = array([ 36.52232276, 149.93079418])
30.7129 	EXP 	unnamed Rect: pos = array([ 36.52232276, 149.93079418])
30.7291 	EXP 	unnamed Rect: pos = array([ 36.52232276, 149.93079418])
30.7459 	EXP 	unnamed Rect: pos = array([ 36.52232276, 149.93079418])
30.7630 	EXP 	unnamed Rect: pos = array([ 36.52232276, 149.93079418])
30.7804 	EXP 	unnamed Rect: pos = array([ 36.52232276, 149.93079418])
30.7960 	EXP 	unnamed Rect: pos = array([ 36.52232276, 149.93079418])
30.8128 	EXP 	unnamed Rect: pos = array([ 36.52232276, 149.93079418])
30.8294 	EXP 	unnamed Rect: pos = array([ 36.52232276, 149.93079418])
30.8467 	EXP 	unnamed Rect: pos = array([ 36.52232276, 149.93079418])
30.8479 	DATA 	Keypress: left
30.8635 	EXP 	unnamed Rect: pos = array([ 26.52232276, 149.93079418])
30.8793 	EXP 	unnamed Rect: pos = array([ 26.52232276, 149.93079418])
30.8962 	EXP 	unnamed Rect: pos = array([ 26.52232276, 149.93079418])
30.9127 	EXP 	unnamed Rect: pos = array([ 26.52232276, 149.93079418])
30.9294 	EXP 	unnamed Rect: pos = array([ 26.52232276, 149.93079418])
30.9464 	EXP 	unnamed Rect: pos = array([ 26.52232276, 149.93079418])
30.9626 	EXP 	unnamed Rect: pos = array([ 26.52232276, 149.93079418])
30.9794 	EXP 	unnamed Rect: pos = array([ 26.52232276, 149.93079418])
30.9963 	EXP 	unnamed Rect: pos = array([ 26.52232276, 149.93079418])
31.0134 	EXP 	unnamed Rect: pos = array([ 26.52232276, 149.93079418])
31.0296 	EXP 	unnamed Rect: pos = array([ 26.52232276, 149.93079418])
31.0464 	EXP 	unnamed Rect: pos = array([ 26.52232276, 149.93079418])
31.0638 	EXP 	unnamed Rect: pos = array([ 26.52232276, 149.93079418])
31.0650 	DATA 	Keypress: left
31.0797 	EXP 	unnamed Rect: pos = array([ 16.52232276, 149.93079418])
31.0960 	EXP 	unnamed Rect: pos = array([ 16.52232276, 149.93079418])
31.1127 	EXP 	unnamed Rect: pos = array([ 16.52232276, 149.93079418])
31.1296 	EXP 	unnamed Rect: pos = array([ 16.52232276, 149.93079418])
31.1461 	EXP 	unnamed Rect: pos = array([ 16.52232276, 149.93079418])
31.1629 	EXP 	unnamed Rect: pos = array([ 16.52232276, 149.93079418])
31.1797 	EXP 	unnamed Rect: pos = array([ 16.52232276, 149.93079418])
31.1961 	EXP 	unnamed Rect: pos = array([ 16.52232276, 149.93079418])
31.2134 	EXP 	unnamed Rect: pos = array([ 16.52232276, 149.93079418])
31.2147 	DATA 	Keypress: left
31.2306 	EXP 	unnamed Rect: pos = array([  6.52232276, 149.93079418])
31.2461 	EXP 	unnamed Rect: pos = array([  6.52232276, 149.93079418])
31.2626 	EXP 	unnamed Rect: pos = array([  6.52232276, 149.93079418])
31.2795 	EXP 	unnamed Rect: pos = array([  6.52232276, 149.93079418])
31.2970 	EXP 	unnamed Rect: pos = array([  6.52232276, 149.93079418])
31.3128 	EXP 	unnamed Rect: pos = array([  6.52232276, 149.93079418])
31.3292 	EXP 	unnamed Rect: pos = array([  6.52232276, 149.93079418])
31.3463 	EXP 	unnamed Rect: pos = array([  6.52232276, 149.93079418])
31.3628 	EXP 	unnamed Rect: pos = array([  6.52232276, 149.93079418])
31.3794 	EXP 	unnamed Rect: pos = array([  6.52232276, 149.93079418])
31.3960 	EXP 	unnamed Rect: pos = array([  6.52232276, 149.93079418])
31.4141 	EXP 	unnamed Rect: pos = array([  6.52232276, 149.93079418])
31.4154 	DATA 	Keypress: left
31.4295 	EXP 	unnamed Rect: pos = array([ -3.47767724, 149.93079418])
31.4462 	EXP 	unnamed Rect: pos = array([ -3.47767724, 149.93079418])
31.4628 	EXP 	unnamed Rect: pos = array([ -3.47767724, 149.93079418])
31.4797 	EXP 	unnamed Rect: pos = array([ -3.47767724, 149.93079418])
31.4963 	EXP 	unnamed Rect: pos = array([ -3.47767724, 149.93079418])
31.5128 	EXP 	unnamed Rect: pos = array([ -3.47767724, 149.93079418])
31.5293 	EXP 	unnamed Rect: pos = array([ -3.47767724, 149.93079418])
31.5460 	EXP 	unnamed Rect: pos = array([ -3.47767724, 149.93079418])
31.5630 	EXP 	unnamed Rect: pos = array([ -3.47767724, 149.93079418])
31.5796 	EXP 	unnamed Rect: pos = array([ -3.47767724, 149.93079418])
31.5968 	EXP 	unnamed Rect: pos = array([ -3.47767724, 149.93079418])
31.5980 	DATA 	Keypress: up
31.6129 	EXP 	unnamed Rect: pos = array([ -3.47767724, 159.93079418])
31.6294 	EXP 	unnamed Rect: pos = array([ -3.47767724, 159.93079418])
31.6466 	EXP 	unnamed Rect: pos = array([ -3.47767724, 159.93079418])
31.6631 	EXP 	unnamed Rect: pos = array([ -3.47767724, 159.93079418])
31.6800 	EXP 	unnamed Rect: pos = array([ -3.47767724, 159.93079418])
31.6962 	EXP 	unnamed Rect: pos = array([ -3.47767724, 159.93079418])
31.7133 	EXP 	unnamed Rect: pos = array([ -3.47767724, 159.93079418])
31.7298 	EXP 	unnamed Rect: pos = array([ -3.47767724, 159.93079418])
31.7460 	EXP 	unnamed Rect: pos = array([ -3.47767724, 159.93079418])
31.7636 	EXP 	unnamed Rect: pos = array([ -3.47767724, 159.93079418])
31.7646 	DATA 	Keypress: left
31.7799 	EXP 	unnamed Rect: pos = array([-13.47767724, 159.93079418])
31.7962 	EXP 	unnamed Rect: pos = array([-13.47767724, 159.93079418])
31.8128 	EXP 	unnamed Rect: pos = array([-13.47767724, 159.93079418])
31.8297 	EXP 	unnamed Rect: pos = array([-13.47767724, 159.93079418])
31.8460 	EXP 	unnamed Rect: pos = array([-13.47767724, 159.93079418])
31.8630 	EXP 	unnamed Rect: pos = array([-13.47767724, 159.93079418])
31.8800 	EXP 	unnamed Rect: pos = array([-13.47767724, 159.93079418])
31.8960 	EXP 	unnamed Rect: pos = array([-13.47767724, 159.93079418])
31.9130 	EXP 	unnamed Rect: pos = array([-13.47767724, 159.93079418])
31.9300 	EXP 	unnamed Rect: pos = array([-13.47767724, 159.93079418])
31.9463 	EXP 	unnamed Rect: pos = array([-13.47767724, 159.93079418])
31.9628 	EXP 	unnamed Rect: pos = array([-13.47767724, 159.93079418])
31.9794 	EXP 	unnamed Rect: pos = array([-13.47767724, 159.93079418])
31.9963 	EXP 	unnamed Rect: pos = array([-13.47767724, 159.93079418])
31.9976 	DATA 	Keypress: left
32.0132 	EXP 	unnamed Rect: pos = array([-23.47767724, 159.93079418])
32.0294 	EXP 	unnamed Rect: pos = array([-23.47767724, 159.93079418])
32.0463 	EXP 	unnamed Rect: pos = array([-23.47767724, 159.93079418])
32.0636 	EXP 	unnamed Rect: pos = array([-23.47767724, 159.93079418])
32.0796 	EXP 	unnamed Rect: pos = array([-23.47767724, 159.93079418])
32.0961 	EXP 	unnamed Rect: pos = array([-23.47767724, 159.93079418])
32.1130 	EXP 	unnamed Rect: pos = array([-23.47767724, 159.93079418])
32.1293 	EXP 	unnamed Rect: pos = array([-23.47767724, 159.93079418])
32.1463 	EXP 	unnamed Rect: pos = array([-23.47767724, 159.93079418])
32.1628 	EXP 	unnamed Rect: pos = array([-23.47767724, 159.93079418])
32.1800 	EXP 	unnamed Rect: pos = array([-23.47767724, 159.93079418])
32.1812 	DATA 	Keypress: left
32.1964 	EXP 	unnamed Rect: pos = array([-33.47767724, 159.93079418])
32.2132 	EXP 	unnamed Rect: pos = array([-33.47767724, 159.93079418])
32.2294 	EXP 	unnamed Rect: pos = array([-33.47767724, 159.93079418])
32.2464 	EXP 	unnamed Rect: pos = array([-33.47767724, 159.93079418])
32.2636 	EXP 	unnamed Rect: pos = array([-33.47767724, 159.93079418])
32.2803 	EXP 	unnamed Rect: pos = array([-33.47767724, 159.93079418])
32.2964 	EXP 	unnamed Rect: pos = array([-33.47767724, 159.93079418])
32.3134 	EXP 	unnamed Rect: pos = array([-33.47767724, 159.93079418])
32.3295 	EXP 	unnamed Rect: pos = array([-33.47767724, 159.93079418])
32.3459 	EXP 	unnamed Rect: pos = array([-33.47767724, 159.93079418])
32.3638 	EXP 	unnamed Rect: pos = array([-33.47767724, 159.93079418])
32.3651 	DATA 	Keypress: left
32.3795 	EXP 	unnamed Rect: pos = array([-43.47767724, 159.93079418])
32.3960 	EXP 	unnamed Rect: pos = array([-43.47767724, 159.93079418])
32.4129 	EXP 	unnamed Rect: pos = array([-43.47767724, 159.93079418])
32.4303 	EXP 	unnamed Rect: pos = array([-43.47767724, 159.93079418])
32.4463 	EXP 	unnamed Rect: pos = array([-43.47767724, 159.93079418])
32.4633 	EXP 	unnamed Rect: pos = array([-43.47767724, 159.93079418])
32.4796 	EXP 	unnamed Rect: pos = array([-43.47767724, 159.93079418])
32.4960 	EXP 	unnamed Rect: pos = array([-43.47767724, 159.93079418])
32.5135 	EXP 	unnamed Rect: pos = array([-43.47767724, 159.93079418])
32.5301 	EXP 	unnamed Rect: pos = array([-43.47767724, 159.93079418])
32.5460 	EXP 	unnamed Rect: pos = array([-43.47767724, 159.93079418])
32.5626 	EXP 	unnamed Rect: pos = array([-43.47767724, 159.93079418])
32.5793 	EXP 	unnamed Rect: pos = array([-43.47767724, 159.93079418])
32.5966 	EXP 	unnamed Rect: pos = array([-43.47767724, 159.93079418])
32.6130 	EXP 	unnamed Rect: pos = array([-43.47767724, 159.93079418])
32.6294 	EXP 	unnamed Rect: pos = array([-43.47767724, 159.93079418])
32.6461 	EXP 	unnamed Rect: pos = array([-43.47767724, 159.93079418])
32.6630 	EXP 	unnamed Rect: pos = array([-43.47767724, 159.93079418])
32.6794 	EXP 	unnamed Rect: pos = array([-43.47767724, 159.93079418])
32.6964 	EXP 	unnamed Rect: pos = array([-43.47767724, 159.93079418])
32.7133 	EXP 	unnamed Rect: pos = array([-43.47767724, 159.93079418])
32.7144 	DATA 	Keypress: left
32.7296 	EXP 	unnamed Rect: pos = array([-53.47767724, 159.93079418])
32.7460 	EXP 	unnamed Rect: pos = array([-53.47767724, 159.93079418])
32.7631 	EXP 	unnamed Rect: pos = array([-53.47767724, 159.93079418])
32.7795 	EXP 	unnamed Rect: pos = array([-53.47767724, 159.93079418])
32.7961 	EXP 	unnamed Rect: pos = array([-53.47767724, 159.93079418])
32.8135 	EXP 	unnamed Rect: pos = array([-53.47767724, 159.93079418])
32.8294 	EXP 	unnamed Rect: pos = array([-53.47767724, 159.93079418])
32.8463 	EXP 	unnamed Rect: pos = array([-53.47767724, 159.93079418])
32.8627 	EXP 	text: autoDraw = True
32.8998 	DATA 	Keypress: left
33.3000 	DATA 	Keypress: left
33.4839 	DATA 	Keypress: left
34.1845 	DATA 	Keypress: space
34.6331 	DATA 	Keypress: escape
34.7747 	EXP 	window1: mouseVisible = True
