0.5981 	WARNING 	We strongly recommend you activate the PTB sound engine in PsychoPy prefs as the preferred audio engine. Its timing is vastly superior. Your prefs are currently set to use ['sounddevice', 'PTB', 'pyo', 'pygame'] (in that order).
4.9296 	ERROR 	'-1.0000, -1.0000, -1.0000' is not a valid rgb color
5.5377 	EXP 	Created window1 = Window(allowGUI=False, allowStencil=False, autoLog=True, backendConf=UNKNOWN, bitsMode=UNKNOWN, blendMode='avg', bpc=(8, 8, 8), color=array([0, 0, 0]), colorSpace='rgb', depthBits=8, fullscr=<method-wrapper '__getattribute__' of attributeSetter object at 0x7fad759fa9e8>, gamma=None, gammaErrorPolicy='raise', lms=UNKNOWN, monitor=<psychopy.monitors.calibTools.Monitor object at 0x7fad7504a470>, multiSample=False, name='window1', numSamples=2, pos=[360.0, 225.0], screen=0, size=array([2880, 1800]), stencilBits=0, stereo=False, units='height', useFBO=True, useRetina=True, viewOri=0.0, viewPos=None, viewScale=None, waitBlanking=True, winType='pyglet')
5.5382 	EXP 	window1: mouseVisible = True
5.5382 	EXP 	window1: recordFrameIntervals = False
5.7040 	EXP 	window1: recordFrameIntervals = True
5.8879 	EXP 	window1: recordFrameIntervals = False
6.4991 	DEPRECATION 	'1.0000, 1.0000, 1.0000' is not a valid rgb color
6.5279 	EXP 	Created Welcometext = TextStim(__class__=<class 'psychopy.visual.text.TextStim'>, alignHoriz=method-wrapper(...), alignText='center', alignVert=method-wrapper(...), anchorHoriz='center', anchorVert='center', antialias=True, autoLog=True, bold=False, color=array([0., 0., 0.]), colorSpace='rgb', contrast=1.0, depth=0.0, flipHoriz=False, flipVert=False, font='Open Sans', fontFiles=[], height=0.05, italic=False, languageStyle='LTR', name='Welcometext', opacity=0, ori=0.0, pos=array([0., 0.]), rgb=UNKNOWN, text='Welcome\nPlease press Spacebar to start', units='height', win=Window(...), wrapWidth=1)
6.8914 	EXP 	Created text = TextStim(__class__=<class 'psychopy.visual.text.TextStim'>, alignHoriz=method-wrapper(...), alignText='center', alignVert=method-wrapper(...), anchorHoriz='center', anchorVert='center', antialias=True, autoLog=True, bold=False, color=array([1., 1., 1.]), colorSpace='rgb', contrast=1.0, depth=0.0, flipHoriz=False, flipVert=False, font='Open Sans', fontFiles=[], height=0.05, italic=False, languageStyle='LTR', name='text', opacity=1, ori=0.0, pos=array([0., 0.]), rgb=UNKNOWN, text=str(...), units='height', win=Window(...), wrapWidth=1)
6.8931 	EXP 	Created sequence: random, trialTypes=1, nReps=5, seed=None
6.8933 	EXP 	New trial (rep=0, index=0): None
6.8996 	EXP 	Welcometext: autoDraw = True
8.0109 	EXP 	Created unnamed Rect = Rect(__class__=<class 'psychopy.visual.rect.Rect'>, autoDraw=False, autoLog=True, closeShape=True, color=method-wrapper(...), colorSpace='rgb', contrast=None, depth=0, fillColor=array([ 1, -1, -1]), fillColorSpace='rgb', fillRGB=array([ 1, -1, -1]), interpolate=True, lineColor=array([-1., -1.,  1.]), lineColorSpace='rgb', lineRGB=array([-1, -1,  1]), lineWidth=1.5, name='unnamed Rect', opacity=1, ori=0.0, pos=array([0., 0.]), size=array([1000.,  700.]), units='pix', vertices=ndarray(...), win=Window(...))
8.0135 	EXP 	Created unnamed Rect = Rect(__class__=<class 'psychopy.visual.rect.Rect'>, autoDraw=False, autoLog=True, closeShape=True, color=method-wrapper(...), colorSpace='rgb', contrast=None, depth=0, fillColor=array([-1, -1, -1]), fillColorSpace='rgb', fillRGB=array([-1, -1, -1]), interpolate=True, lineColor=array([-1., -1.,  1.]), lineColorSpace='rgb', lineRGB=array([-1, -1,  1]), lineWidth=1.5, name='unnamed Rect', opacity=1, ori=0.0, pos=array([0., 0.]), size=array([400., 600.]), units='pix', vertices=ndarray(...), win=Window(...))
8.0157 	EXP 	Created unnamed Rect = Rect(__class__=<class 'psychopy.visual.rect.Rect'>, autoDraw=False, autoLog=True, closeShape=True, color=method-wrapper(...), colorSpace='rgb', contrast=None, depth=0, fillColor=array([-1, -1, -1]), fillColorSpace='rgb', fillRGB=array([-1, -1, -1]), interpolate=True, lineColor=array([-1., -1.,  1.]), lineColorSpace='rgb', lineRGB=array([-1, -1,  1]), lineWidth=1.5, name='unnamed Rect', opacity=1, ori=0.0, pos=array([0., 0.]), size=array([400., 600.]), units='pix', vertices=ndarray(...), win=Window(...))
8.0186 	EXP 	Created unnamed Rect = Rect(__class__=<class 'psychopy.visual.rect.Rect'>, autoDraw=False, autoLog=True, closeShape=True, color=method-wrapper(...), colorSpace='rgb', contrast=None, depth=0, fillColor=array([ 1,  1, -1]), fillColorSpace='rgb', fillRGB=array([ 1,  1, -1]), interpolate=True, lineColor=array([0., 0., 0.]), lineColorSpace='rgb', lineRGB=array([0, 0, 0]), lineWidth=1.5, name='unnamed Rect', opacity=0.5, ori=0.0, pos=array([0., 0.]), size=array([30., 30.]), units='pix', vertices=ndarray(...), win=Window(...))
8.0216 	EXP 	Created unnamed Rect = Rect(__class__=<class 'psychopy.visual.rect.Rect'>, autoDraw=False, autoLog=True, closeShape=True, color=method-wrapper(...), colorSpace='rgb', contrast=None, depth=0, fillColor=array([ 1,  1, -1]), fillColorSpace='rgb', fillRGB=array([ 1,  1, -1]), interpolate=True, lineColor=array([0., 0., 0.]), lineColorSpace='rgb', lineRGB=array([0, 0, 0]), lineWidth=1.5, name='unnamed Rect', opacity=0.5, ori=0.0, pos=array([0., 0.]), size=array([30., 30.]), units='pix', vertices=ndarray(...), win=Window(...))
8.0244 	EXP 	Created unnamed Rect = Rect(__class__=<class 'psychopy.visual.rect.Rect'>, autoDraw=False, autoLog=True, closeShape=True, color=method-wrapper(...), colorSpace='rgb', contrast=None, depth=0, fillColor=array([ 1,  1, -1]), fillColorSpace='rgb', fillRGB=array([ 1,  1, -1]), interpolate=True, lineColor=array([0., 0., 0.]), lineColorSpace='rgb', lineRGB=array([0, 0, 0]), lineWidth=1.5, name='unnamed Rect', opacity=0.5, ori=0.0, pos=array([0., 0.]), size=array([30., 30.]), units='pix', vertices=ndarray(...), win=Window(...))
8.0269 	EXP 	Created unnamed Rect = Rect(__class__=<class 'psychopy.visual.rect.Rect'>, autoDraw=False, autoLog=True, closeShape=True, color=method-wrapper(...), colorSpace='rgb', contrast=None, depth=0, fillColor=array([ 1,  1, -1]), fillColorSpace='rgb', fillRGB=array([ 1,  1, -1]), interpolate=True, lineColor=array([0., 0., 0.]), lineColorSpace='rgb', lineRGB=array([0, 0, 0]), lineWidth=1.5, name='unnamed Rect', opacity=0.5, ori=0.0, pos=array([0., 0.]), size=array([30., 30.]), units='pix', vertices=ndarray(...), win=Window(...))
8.0292 	EXP 	Created unnamed Rect = Rect(__class__=<class 'psychopy.visual.rect.Rect'>, autoDraw=False, autoLog=True, closeShape=True, color=method-wrapper(...), colorSpace='rgb', contrast=None, depth=0, fillColor=array([ 1,  1, -1]), fillColorSpace='rgb', fillRGB=array([ 1,  1, -1]), interpolate=True, lineColor=array([0., 0., 0.]), lineColorSpace='rgb', lineRGB=array([0, 0, 0]), lineWidth=1.5, name='unnamed Rect', opacity=0.5, ori=0.0, pos=array([0., 0.]), size=array([30., 30.]), units='pix', vertices=ndarray(...), win=Window(...))
8.0716 	EXP 	Created unnamed ImageStim = ImageStim(__class__=<class 'psychopy.visual.image.ImageStim'>, autoLog=True, color=array([1., 1., 1.]), colorSpace='rgb', contrast=1.0, depth=0, flipHoriz=False, flipVert=False, image='tree.png', interpolate=False, mask=None, maskParams=None, name='unnamed ImageStim', opacity=1, ori=0.0, pos=array([0., 0.]), size=array([512, 512]), texRes=128, units='pix', win=Window(...))
8.0918 	EXP 	Created unnamed ImageStim = ImageStim(__class__=<class 'psychopy.visual.image.ImageStim'>, autoLog=True, color=array([1., 1., 1.]), colorSpace='rgb', contrast=1.0, depth=0, flipHoriz=False, flipVert=False, image='tree.png', interpolate=False, mask=None, maskParams=None, name='unnamed ImageStim', opacity=1, ori=0.0, pos=array([0., 0.]), size=array([512, 512]), texRes=128, units='pix', win=Window(...))
8.1101 	EXP 	Created unnamed ImageStim = ImageStim(__class__=<class 'psychopy.visual.image.ImageStim'>, autoLog=True, color=array([1., 1., 1.]), colorSpace='rgb', contrast=1.0, depth=0, flipHoriz=False, flipVert=False, image='tree.png', interpolate=False, mask=None, maskParams=None, name='unnamed ImageStim', opacity=1, ori=0.0, pos=array([0., 0.]), size=array([512, 512]), texRes=128, units='pix', win=Window(...))
8.1280 	EXP 	Created unnamed ImageStim = ImageStim(__class__=<class 'psychopy.visual.image.ImageStim'>, autoLog=True, color=array([1., 1., 1.]), colorSpace='rgb', contrast=1.0, depth=0, flipHoriz=False, flipVert=False, image='tree.png', interpolate=False, mask=None, maskParams=None, name='unnamed ImageStim', opacity=1, ori=0.0, pos=array([0., 0.]), size=array([512, 512]), texRes=128, units='pix', win=Window(...))
8.1455 	EXP 	Created unnamed ImageStim = ImageStim(__class__=<class 'psychopy.visual.image.ImageStim'>, autoLog=True, color=array([1., 1., 1.]), colorSpace='rgb', contrast=1.0, depth=0, flipHoriz=False, flipVert=False, image='tree.png', interpolate=False, mask=None, maskParams=None, name='unnamed ImageStim', opacity=1, ori=0.0, pos=array([0., 0.]), size=array([512, 512]), texRes=128, units='pix', win=Window(...))
8.1630 	EXP 	Created unnamed ImageStim = ImageStim(__class__=<class 'psychopy.visual.image.ImageStim'>, autoLog=True, color=array([1., 1., 1.]), colorSpace='rgb', contrast=1.0, depth=0, flipHoriz=False, flipVert=False, image='tree.png', interpolate=False, mask=None, maskParams=None, name='unnamed ImageStim', opacity=1, ori=0.0, pos=array([0., 0.]), size=array([512, 512]), texRes=128, units='pix', win=Window(...))
8.1718 	DATA 	Keypress: space
8.1773 	EXP 	Welcometext: autoDraw = False
8.1773 	EXP 	unnamed Rect: pos = [-250, 0]
8.1773 	EXP 	unnamed Rect: pos = [250, 0]
8.1773 	EXP 	unnamed Rect: pos = [-276.7143029576413, -268.136699873207]
8.1773 	EXP 	unnamed Rect: pos = [214.84080744363817, 73.19485376624559]
8.1773 	EXP 	unnamed Rect: pos = [363.00417934318557, 234.04978223904334]
8.1773 	EXP 	unnamed Rect: pos = [176.74015485010858, -98.62738592454035]
8.1773 	EXP 	unnamed Rect: pos = [93.2492900247378, -40.70029906930881]
8.1773 	EXP 	unnamed ImageStim: size = [51.2, 51.2]
8.1773 	EXP 	unnamed ImageStim: size = [51.2, 51.2]
8.1773 	EXP 	unnamed ImageStim: size = [51.2, 51.2]
8.1773 	EXP 	unnamed ImageStim: size = [51.2, 51.2]
8.1773 	EXP 	unnamed ImageStim: size = [51.2, 51.2]
8.1773 	EXP 	unnamed ImageStim: size = [51.2, 51.2]
8.1773 	EXP 	unnamed ImageStim: pos = [-97.97605447334355, 45.56125440670656]
8.1773 	EXP 	unnamed ImageStim: pos = [117.31405013652129, -237.61095535593984]
8.1773 	EXP 	unnamed ImageStim: pos = [-347.97605447334354, 45.56125440670656]
8.1773 	EXP 	unnamed ImageStim: pos = [152.02394552665646, 45.56125440670656]
8.1773 	EXP 	unnamed ImageStim: pos = [-132.6859498634787, -237.61095535593984]
8.1773 	EXP 	unnamed ImageStim: pos = [367.3140501365213, -237.61095535593984]
10.3992 	DATA 	Keypress: up
10.6402 	DATA 	Keypress: right
10.8130 	DATA 	Keypress: right
10.9575 	DATA 	Keypress: right
11.1071 	DATA 	Keypress: right
11.2740 	DATA 	Keypress: right
11.4404 	DATA 	Keypress: right
11.6240 	DATA 	Keypress: right
11.7742 	DATA 	Keypress: right
11.9578 	DATA 	Keypress: right
12.1406 	DATA 	Keypress: right
12.2744 	DATA 	Keypress: right
12.4576 	DATA 	Keypress: right
12.6238 	DATA 	Keypress: right
12.8066 	DATA 	Keypress: right
13.0081 	DATA 	Keypress: right
13.2060 	EXP 	Created unnamed Rect = Rect(__class__=<class 'psychopy.visual.rect.Rect'>, autoDraw=False, autoLog=True, closeShape=True, color=method-wrapper(...), colorSpace='rgb', contrast=None, depth=0, fillColor=array([-1, -1, -1]), fillColorSpace='rgb', fillRGB=array([-1, -1, -1]), interpolate=True, lineColor=array([-1., -1.,  1.]), lineColorSpace='rgb', lineRGB=array([-1, -1,  1]), lineWidth=1.5, name='unnamed Rect', opacity=1, ori=0.0, pos=array([0., 0.]), size=array([400., 600.]), units='pix', vertices=ndarray(...), win=Window(...))
13.2266 	EXP 	Created unnamed Rect = Rect(__class__=<class 'psychopy.visual.rect.Rect'>, autoDraw=False, autoLog=True, closeShape=True, color=method-wrapper(...), colorSpace='rgb', contrast=None, depth=0, fillColor=array([-1, -1, -1]), fillColorSpace='rgb', fillRGB=array([-1, -1, -1]), interpolate=True, lineColor=array([-1., -1.,  1.]), lineColorSpace='rgb', lineRGB=array([-1, -1,  1]), lineWidth=1.5, name='unnamed Rect', opacity=1, ori=0.0, pos=array([0., 0.]), size=array([400., 600.]), units='pix', vertices=ndarray(...), win=Window(...))
13.2274 	DATA 	Keypress: right
13.2355 	EXP 	unnamed Rect: pos = array([-35.15919256,  73.19485377])
13.2355 	EXP 	unnamed Rect: pos = array([113.00417934, 234.04978224])
13.2355 	EXP 	unnamed Rect: pos = array([-73.25984515, -98.62738592])
13.2355 	EXP 	unnamed Rect: pos = array([-156.75070998,  -40.70029907])
13.2355 	EXP 	unnamed Rect: pos = array([-35.15919256,  73.19485377])
13.2536 	EXP 	unnamed Rect: pos = array([-35.15919256,  73.19485377])
13.2703 	EXP 	unnamed Rect: pos = array([-35.15919256,  73.19485377])
13.2867 	EXP 	unnamed Rect: pos = array([-35.15919256,  73.19485377])
13.3029 	EXP 	unnamed Rect: pos = array([-35.15919256,  73.19485377])
13.3200 	EXP 	unnamed Rect: pos = array([-35.15919256,  73.19485377])
13.3366 	EXP 	unnamed Rect: pos = array([-35.15919256,  73.19485377])
13.3526 	EXP 	unnamed Rect: pos = array([-35.15919256,  73.19485377])
13.3695 	EXP 	unnamed Rect: pos = array([-35.15919256,  73.19485377])
13.3866 	EXP 	unnamed Rect: pos = array([-35.15919256,  73.19485377])
13.4027 	EXP 	unnamed Rect: pos = array([-35.15919256,  73.19485377])
13.4197 	EXP 	unnamed Rect: pos = array([-35.15919256,  73.19485377])
13.4359 	EXP 	unnamed Rect: pos = array([-35.15919256,  73.19485377])
13.4527 	EXP 	unnamed Rect: pos = array([-35.15919256,  73.19485377])
13.4698 	EXP 	unnamed Rect: pos = array([-35.15919256,  73.19485377])
13.4705 	DATA 	Keypress: right
13.4866 	EXP 	unnamed Rect: pos = array([-25.15919256,  73.19485377])
13.5028 	EXP 	unnamed Rect: pos = array([-25.15919256,  73.19485377])
13.5199 	EXP 	unnamed Rect: pos = array([-25.15919256,  73.19485377])
13.5360 	EXP 	unnamed Rect: pos = array([-25.15919256,  73.19485377])
13.5529 	EXP 	unnamed Rect: pos = array([-25.15919256,  73.19485377])
13.5698 	EXP 	unnamed Rect: pos = array([-25.15919256,  73.19485377])
13.5862 	EXP 	unnamed Rect: pos = array([-25.15919256,  73.19485377])
13.6030 	EXP 	unnamed Rect: pos = array([-25.15919256,  73.19485377])
13.6193 	EXP 	unnamed Rect: pos = array([-25.15919256,  73.19485377])
13.6368 	EXP 	unnamed Rect: pos = array([-25.15919256,  73.19485377])
13.6532 	EXP 	unnamed Rect: pos = array([-25.15919256,  73.19485377])
13.6694 	EXP 	unnamed Rect: pos = array([-25.15919256,  73.19485377])
13.6861 	EXP 	unnamed Rect: pos = array([-25.15919256,  73.19485377])
13.7027 	EXP 	unnamed Rect: pos = array([-25.15919256,  73.19485377])
13.7200 	EXP 	unnamed Rect: pos = array([-25.15919256,  73.19485377])
13.7362 	EXP 	unnamed Rect: pos = array([-25.15919256,  73.19485377])
13.7528 	EXP 	unnamed Rect: pos = array([-25.15919256,  73.19485377])
13.7701 	EXP 	unnamed Rect: pos = array([-25.15919256,  73.19485377])
13.7860 	EXP 	unnamed Rect: pos = array([-25.15919256,  73.19485377])
13.8035 	EXP 	unnamed Rect: pos = array([-25.15919256,  73.19485377])
13.8074 	DATA 	Keypress: up
13.8197 	EXP 	unnamed Rect: pos = array([-25.15919256,  73.19485377])
13.8365 	EXP 	unnamed Rect: pos = array([-25.15919256,  83.19485377])
13.8529 	EXP 	unnamed Rect: pos = array([-25.15919256,  83.19485377])
13.8703 	EXP 	unnamed Rect: pos = array([-25.15919256,  83.19485377])
13.8861 	EXP 	unnamed Rect: pos = array([-25.15919256,  83.19485377])
13.9035 	EXP 	unnamed Rect: pos = array([-25.15919256,  83.19485377])
13.9195 	EXP 	unnamed Rect: pos = array([-25.15919256,  83.19485377])
13.9365 	EXP 	unnamed Rect: pos = array([-25.15919256,  83.19485377])
13.9535 	EXP 	unnamed Rect: pos = array([-25.15919256,  83.19485377])
13.9701 	EXP 	unnamed Rect: pos = array([-25.15919256,  83.19485377])
13.9868 	EXP 	unnamed Rect: pos = array([-25.15919256,  83.19485377])
13.9874 	DATA 	Keypress: left
14.0035 	EXP 	unnamed Rect: pos = array([-35.15919256,  83.19485377])
14.0195 	EXP 	unnamed Rect: pos = array([-35.15919256,  83.19485377])
14.0364 	EXP 	unnamed Rect: pos = array([-35.15919256,  83.19485377])
14.0530 	EXP 	unnamed Rect: pos = array([-35.15919256,  83.19485377])
14.0696 	EXP 	unnamed Rect: pos = array([-35.15919256,  83.19485377])
14.0867 	EXP 	unnamed Rect: pos = array([-35.15919256,  83.19485377])
14.1032 	EXP 	unnamed Rect: pos = array([-35.15919256,  83.19485377])
14.1198 	EXP 	unnamed Rect: pos = array([-35.15919256,  83.19485377])
14.1365 	EXP 	unnamed Rect: pos = array([-35.15919256,  83.19485377])
14.1533 	EXP 	unnamed Rect: pos = array([-35.15919256,  83.19485377])
14.1539 	DATA 	Keypress: left
14.1697 	EXP 	unnamed Rect: pos = array([-45.15919256,  83.19485377])
14.1866 	EXP 	unnamed Rect: pos = array([-45.15919256,  83.19485377])
14.2028 	EXP 	unnamed Rect: pos = array([-45.15919256,  83.19485377])
14.2205 	EXP 	unnamed Rect: pos = array([-45.15919256,  83.19485377])
14.2367 	EXP 	unnamed Rect: pos = array([-45.15919256,  83.19485377])
14.2533 	EXP 	unnamed Rect: pos = array([-45.15919256,  83.19485377])
14.2698 	EXP 	unnamed Rect: pos = array([-45.15919256,  83.19485377])
14.2863 	EXP 	unnamed Rect: pos = array([-45.15919256,  83.19485377])
14.3033 	EXP 	unnamed Rect: pos = array([-45.15919256,  83.19485377])
14.3076 	DATA 	Keypress: left
14.3202 	EXP 	unnamed Rect: pos = array([-45.15919256,  83.19485377])
14.3365 	EXP 	unnamed Rect: pos = array([-55.15919256,  83.19485377])
14.3534 	EXP 	unnamed Rect: pos = array([-55.15919256,  83.19485377])
14.3706 	EXP 	unnamed Rect: pos = array([-55.15919256,  83.19485377])
14.3864 	EXP 	unnamed Rect: pos = array([-55.15919256,  83.19485377])
14.4037 	EXP 	unnamed Rect: pos = array([-55.15919256,  83.19485377])
14.4193 	EXP 	unnamed Rect: pos = array([-55.15919256,  83.19485377])
14.4368 	EXP 	unnamed Rect: pos = array([-55.15919256,  83.19485377])
14.4537 	EXP 	unnamed Rect: pos = array([-55.15919256,  83.19485377])
14.4695 	EXP 	unnamed Rect: pos = array([-55.15919256,  83.19485377])
14.4864 	EXP 	unnamed Rect: pos = array([-55.15919256,  83.19485377])
14.5034 	EXP 	unnamed Rect: pos = array([-55.15919256,  83.19485377])
14.5199 	EXP 	unnamed Rect: pos = array([-55.15919256,  83.19485377])
14.5362 	EXP 	unnamed Rect: pos = array([-55.15919256,  83.19485377])
14.5368 	DATA 	Keypress: down
14.5529 	EXP 	unnamed Rect: pos = array([-55.15919256,  73.19485377])
14.5693 	EXP 	unnamed Rect: pos = array([-55.15919256,  73.19485377])
14.5862 	EXP 	unnamed Rect: pos = array([-55.15919256,  73.19485377])
14.6030 	EXP 	unnamed Rect: pos = array([-55.15919256,  73.19485377])
14.6197 	EXP 	unnamed Rect: pos = array([-55.15919256,  73.19485377])
14.6360 	EXP 	unnamed Rect: pos = array([-55.15919256,  73.19485377])
14.6525 	EXP 	unnamed Rect: pos = array([-55.15919256,  73.19485377])
14.6695 	EXP 	unnamed Rect: pos = array([-55.15919256,  73.19485377])
14.6860 	EXP 	unnamed Rect: pos = array([-55.15919256,  73.19485377])
14.7028 	EXP 	unnamed Rect: pos = array([-55.15919256,  73.19485377])
14.7196 	EXP 	unnamed Rect: pos = array([-55.15919256,  73.19485377])
14.7202 	DATA 	Keypress: down
14.7361 	EXP 	unnamed Rect: pos = array([-55.15919256,  63.19485377])
14.7529 	EXP 	unnamed Rect: pos = array([-55.15919256,  63.19485377])
14.7696 	EXP 	unnamed Rect: pos = array([-55.15919256,  63.19485377])
14.7858 	EXP 	unnamed Rect: pos = array([-55.15919256,  63.19485377])
14.8026 	EXP 	unnamed Rect: pos = array([-55.15919256,  63.19485377])
14.8198 	EXP 	unnamed Rect: pos = array([-55.15919256,  63.19485377])
14.8359 	EXP 	unnamed Rect: pos = array([-55.15919256,  63.19485377])
14.8542 	EXP 	unnamed Rect: pos = array([-55.15919256,  63.19485377])
14.8701 	EXP 	unnamed Rect: pos = array([-55.15919256,  63.19485377])
14.8708 	DATA 	Keypress: down
14.8867 	EXP 	unnamed Rect: pos = array([-55.15919256,  53.19485377])
14.9029 	EXP 	unnamed Rect: pos = array([-55.15919256,  53.19485377])
14.9194 	EXP 	unnamed Rect: pos = array([-55.15919256,  53.19485377])
14.9363 	EXP 	unnamed Rect: pos = array([-55.15919256,  53.19485377])
14.9538 	EXP 	unnamed Rect: pos = array([-55.15919256,  53.19485377])
14.9708 	EXP 	unnamed Rect: pos = array([-55.15919256,  53.19485377])
14.9895 	EXP 	unnamed Rect: pos = array([-55.15919256,  53.19485377])
15.0031 	EXP 	unnamed Rect: pos = array([-55.15919256,  53.19485377])
15.0204 	EXP 	unnamed Rect: pos = array([-55.15919256,  53.19485377])
15.0364 	EXP 	unnamed Rect: pos = array([-55.15919256,  53.19485377])
15.0537 	EXP 	unnamed Rect: pos = array([-55.15919256,  53.19485377])
15.0543 	DATA 	Keypress: down
15.0700 	EXP 	unnamed Rect: pos = array([-55.15919256,  43.19485377])
15.0864 	EXP 	unnamed Rect: pos = array([-55.15919256,  43.19485377])
15.1029 	EXP 	unnamed Rect: pos = array([-55.15919256,  43.19485377])
15.1201 	EXP 	unnamed Rect: pos = array([-55.15919256,  43.19485377])
15.1370 	EXP 	unnamed Rect: pos = array([-55.15919256,  43.19485377])
15.1533 	EXP 	unnamed Rect: pos = array([-55.15919256,  43.19485377])
15.1700 	EXP 	unnamed Rect: pos = array([-55.15919256,  43.19485377])
15.1862 	EXP 	unnamed Rect: pos = array([-55.15919256,  43.19485377])
15.2043 	EXP 	unnamed Rect: pos = array([-55.15919256,  43.19485377])
15.2200 	EXP 	unnamed Rect: pos = array([-55.15919256,  43.19485377])
15.2368 	EXP 	unnamed Rect: pos = array([-55.15919256,  43.19485377])
15.2374 	DATA 	Keypress: left
15.2532 	EXP 	unnamed Rect: pos = array([-65.15919256,  43.19485377])
15.2698 	EXP 	unnamed Rect: pos = array([-65.15919256,  43.19485377])
15.2863 	EXP 	unnamed Rect: pos = array([-65.15919256,  43.19485377])
15.3034 	EXP 	unnamed Rect: pos = array([-65.15919256,  43.19485377])
15.3202 	EXP 	unnamed Rect: pos = array([-65.15919256,  43.19485377])
15.3368 	EXP 	unnamed Rect: pos = array([-65.15919256,  43.19485377])
15.3533 	EXP 	unnamed Rect: pos = array([-65.15919256,  43.19485377])
15.3697 	EXP 	unnamed Rect: pos = array([-65.15919256,  43.19485377])
15.3867 	EXP 	unnamed Rect: pos = array([-65.15919256,  43.19485377])
15.4033 	EXP 	unnamed Rect: pos = array([-65.15919256,  43.19485377])
15.4202 	EXP 	unnamed Rect: pos = array([-65.15919256,  43.19485377])
15.4364 	EXP 	unnamed Rect: pos = array([-65.15919256,  43.19485377])
15.4529 	EXP 	unnamed Rect: pos = array([-65.15919256,  43.19485377])
15.4697 	EXP 	unnamed Rect: pos = array([-65.15919256,  43.19485377])
15.4870 	EXP 	unnamed Rect: pos = array([-65.15919256,  43.19485377])
15.5036 	EXP 	unnamed Rect: pos = array([-65.15919256,  43.19485377])
15.5197 	EXP 	unnamed Rect: pos = array([-65.15919256,  43.19485377])
15.5364 	EXP 	unnamed Rect: pos = array([-65.15919256,  43.19485377])
15.5535 	EXP 	unnamed Rect: pos = array([-65.15919256,  43.19485377])
15.5704 	EXP 	unnamed Rect: pos = array([-65.15919256,  43.19485377])
15.5870 	EXP 	unnamed Rect: pos = array([-65.15919256,  43.19485377])
15.6035 	EXP 	unnamed Rect: pos = array([-65.15919256,  43.19485377])
15.6196 	EXP 	unnamed Rect: pos = array([-65.15919256,  43.19485377])
15.6377 	EXP 	unnamed Rect: pos = array([-65.15919256,  43.19485377])
15.6536 	EXP 	unnamed Rect: pos = array([-65.15919256,  43.19485377])
15.6696 	EXP 	unnamed Rect: pos = array([-65.15919256,  43.19485377])
15.6862 	EXP 	unnamed Rect: pos = array([-65.15919256,  43.19485377])
15.7030 	EXP 	unnamed Rect: pos = array([-65.15919256,  43.19485377])
15.7199 	EXP 	unnamed Rect: pos = array([-65.15919256,  43.19485377])
15.7365 	EXP 	unnamed Rect: pos = array([-65.15919256,  43.19485377])
15.7529 	EXP 	unnamed Rect: pos = array([-65.15919256,  43.19485377])
15.7697 	EXP 	unnamed Rect: pos = array([-65.15919256,  43.19485377])
15.7862 	EXP 	unnamed Rect: pos = array([-65.15919256,  43.19485377])
15.8028 	EXP 	unnamed Rect: pos = array([-65.15919256,  43.19485377])
15.8195 	EXP 	unnamed Rect: pos = array([-65.15919256,  43.19485377])
15.8363 	EXP 	unnamed Rect: pos = array([-65.15919256,  43.19485377])
15.8527 	EXP 	unnamed Rect: pos = array([-65.15919256,  43.19485377])
15.8701 	EXP 	unnamed Rect: pos = array([-65.15919256,  43.19485377])
15.8708 	DATA 	Keypress: left
15.8868 	EXP 	unnamed Rect: pos = array([-75.15919256,  43.19485377])
15.9034 	EXP 	unnamed Rect: pos = array([-75.15919256,  43.19485377])
15.9204 	EXP 	unnamed Rect: pos = array([-75.15919256,  43.19485377])
15.9364 	EXP 	unnamed Rect: pos = array([-75.15919256,  43.19485377])
15.9541 	EXP 	unnamed Rect: pos = array([-75.15919256,  43.19485377])
15.9706 	EXP 	unnamed Rect: pos = array([-75.15919256,  43.19485377])
15.9923 	EXP 	unnamed Rect: pos = array([-75.15919256,  43.19485377])
16.0023 	EXP 	unnamed Rect: pos = array([-75.15919256,  43.19485377])
16.0197 	EXP 	unnamed Rect: pos = array([-75.15919256,  43.19485377])
16.0364 	EXP 	unnamed Rect: pos = array([-75.15919256,  43.19485377])
16.0528 	EXP 	unnamed Rect: pos = array([-75.15919256,  43.19485377])
16.0696 	EXP 	unnamed Rect: pos = array([-75.15919256,  43.19485377])
16.0738 	DATA 	Keypress: left
16.0867 	EXP 	unnamed Rect: pos = array([-75.15919256,  43.19485377])
16.1068 	EXP 	unnamed Rect: pos = array([-85.15919256,  43.19485377])
16.1203 	EXP 	unnamed Rect: pos = array([-85.15919256,  43.19485377])
16.1365 	EXP 	unnamed Rect: pos = array([-85.15919256,  43.19485377])
16.1534 	EXP 	unnamed Rect: pos = array([-85.15919256,  43.19485377])
16.1697 	EXP 	unnamed Rect: pos = array([-85.15919256,  43.19485377])
16.1861 	EXP 	unnamed Rect: pos = array([-85.15919256,  43.19485377])
16.2027 	EXP 	unnamed Rect: pos = array([-85.15919256,  43.19485377])
16.2196 	EXP 	unnamed Rect: pos = array([-85.15919256,  43.19485377])
16.2361 	EXP 	unnamed Rect: pos = array([-85.15919256,  43.19485377])
16.2529 	EXP 	unnamed Rect: pos = array([-85.15919256,  43.19485377])
16.2701 	EXP 	unnamed Rect: pos = array([-85.15919256,  43.19485377])
16.2868 	EXP 	unnamed Rect: pos = array([-85.15919256,  43.19485377])
16.3028 	EXP 	unnamed Rect: pos = array([-85.15919256,  43.19485377])
16.3196 	EXP 	unnamed Rect: pos = array([-85.15919256,  43.19485377])
16.3368 	EXP 	unnamed Rect: pos = array([-85.15919256,  43.19485377])
16.3530 	EXP 	unnamed Rect: pos = array([-85.15919256,  43.19485377])
16.3697 	EXP 	unnamed Rect: pos = array([-85.15919256,  43.19485377])
16.3864 	EXP 	unnamed Rect: pos = array([-85.15919256,  43.19485377])
16.3871 	DATA 	Keypress: down
16.4032 	EXP 	unnamed Rect: pos = array([-85.15919256,  33.19485377])
16.4195 	EXP 	unnamed Rect: pos = array([-85.15919256,  33.19485377])
16.4370 	EXP 	unnamed Rect: pos = array([-85.15919256,  33.19485377])
16.4529 	EXP 	unnamed Rect: pos = array([-85.15919256,  33.19485377])
16.4698 	EXP 	unnamed Rect: pos = array([-85.15919256,  33.19485377])
16.4864 	EXP 	unnamed Rect: pos = array([-85.15919256,  33.19485377])
16.5029 	EXP 	unnamed Rect: pos = array([-85.15919256,  33.19485377])
16.5194 	EXP 	unnamed Rect: pos = array([-85.15919256,  33.19485377])
16.5362 	EXP 	unnamed Rect: pos = array([-85.15919256,  33.19485377])
16.5532 	EXP 	unnamed Rect: pos = array([-85.15919256,  33.19485377])
16.5700 	EXP 	unnamed Rect: pos = array([-85.15919256,  33.19485377])
16.5868 	EXP 	unnamed Rect: pos = array([-85.15919256,  33.19485377])
16.5874 	DATA 	Keypress: down
16.6030 	EXP 	unnamed Rect: pos = array([-85.15919256,  23.19485377])
16.6197 	EXP 	unnamed Rect: pos = array([-85.15919256,  23.19485377])
16.6368 	EXP 	unnamed Rect: pos = array([-85.15919256,  23.19485377])
16.6533 	EXP 	unnamed Rect: pos = array([-85.15919256,  23.19485377])
16.6697 	EXP 	unnamed Rect: pos = array([-85.15919256,  23.19485377])
16.6864 	EXP 	unnamed Rect: pos = array([-85.15919256,  23.19485377])
16.7030 	EXP 	unnamed Rect: pos = array([-85.15919256,  23.19485377])
16.7207 	EXP 	unnamed Rect: pos = array([-85.15919256,  23.19485377])
16.7362 	EXP 	unnamed Rect: pos = array([-85.15919256,  23.19485377])
16.7531 	EXP 	unnamed Rect: pos = array([-85.15919256,  23.19485377])
16.7537 	DATA 	Keypress: down
16.7704 	EXP 	unnamed Rect: pos = array([-85.15919256,  13.19485377])
16.7866 	EXP 	unnamed Rect: pos = array([-85.15919256,  13.19485377])
16.8034 	EXP 	unnamed Rect: pos = array([-85.15919256,  13.19485377])
16.8201 	EXP 	unnamed Rect: pos = array([-85.15919256,  13.19485377])
16.8368 	EXP 	unnamed Rect: pos = array([-85.15919256,  13.19485377])
16.8531 	EXP 	unnamed Rect: pos = array([-85.15919256,  13.19485377])
16.8698 	EXP 	unnamed Rect: pos = array([-85.15919256,  13.19485377])
16.8866 	EXP 	unnamed Rect: pos = array([-85.15919256,  13.19485377])
16.9038 	EXP 	unnamed Rect: pos = array([-85.15919256,  13.19485377])
16.9080 	DATA 	Keypress: down
16.9209 	EXP 	unnamed Rect: pos = array([-85.15919256,  13.19485377])
16.9362 	EXP 	unnamed Rect: pos = array([-85.15919256,   3.19485377])
16.9529 	EXP 	unnamed Rect: pos = array([-85.15919256,   3.19485377])
16.9708 	EXP 	unnamed Rect: pos = array([-85.15919256,   3.19485377])
16.9864 	EXP 	unnamed Rect: pos = array([-85.15919256,   3.19485377])
17.0037 	EXP 	unnamed Rect: pos = array([-85.15919256,   3.19485377])
17.0197 	EXP 	unnamed Rect: pos = array([-85.15919256,   3.19485377])
17.0362 	EXP 	unnamed Rect: pos = array([-85.15919256,   3.19485377])
17.0531 	EXP 	unnamed Rect: pos = array([-85.15919256,   3.19485377])
17.0705 	EXP 	unnamed Rect: pos = array([-85.15919256,   3.19485377])
17.0864 	EXP 	unnamed Rect: pos = array([-85.15919256,   3.19485377])
17.0870 	DATA 	Keypress: down
17.1044 	EXP 	unnamed Rect: pos = array([-85.15919256,  -6.80514623])
17.1197 	EXP 	unnamed Rect: pos = array([-85.15919256,  -6.80514623])
17.1367 	EXP 	unnamed Rect: pos = array([-85.15919256,  -6.80514623])
17.1536 	EXP 	unnamed Rect: pos = array([-85.15919256,  -6.80514623])
17.1706 	EXP 	unnamed Rect: pos = array([-85.15919256,  -6.80514623])
17.1866 	EXP 	unnamed Rect: pos = array([-85.15919256,  -6.80514623])
17.2031 	EXP 	unnamed Rect: pos = array([-85.15919256,  -6.80514623])
17.2195 	EXP 	unnamed Rect: pos = array([-85.15919256,  -6.80514623])
17.2367 	EXP 	unnamed Rect: pos = array([-85.15919256,  -6.80514623])
17.2528 	EXP 	unnamed Rect: pos = array([-85.15919256,  -6.80514623])
17.2705 	EXP 	unnamed Rect: pos = array([-85.15919256,  -6.80514623])
17.2711 	DATA 	Keypress: down
17.2862 	EXP 	unnamed Rect: pos = array([-85.15919256, -16.80514623])
17.3028 	EXP 	unnamed Rect: pos = array([-85.15919256, -16.80514623])
17.3207 	EXP 	unnamed Rect: pos = array([-85.15919256, -16.80514623])
17.3371 	EXP 	unnamed Rect: pos = array([-85.15919256, -16.80514623])
17.3539 	EXP 	unnamed Rect: pos = array([-85.15919256, -16.80514623])
17.3702 	EXP 	unnamed Rect: pos = array([-85.15919256, -16.80514623])
17.3865 	EXP 	unnamed Rect: pos = array([-85.15919256, -16.80514623])
17.4035 	EXP 	unnamed Rect: pos = array([-85.15919256, -16.80514623])
17.4198 	EXP 	unnamed Rect: pos = array([-85.15919256, -16.80514623])
17.4364 	EXP 	unnamed Rect: pos = array([-85.15919256, -16.80514623])
17.4408 	DATA 	Keypress: down
17.4540 	EXP 	unnamed Rect: pos = array([-85.15919256, -16.80514623])
17.4703 	EXP 	unnamed Rect: pos = array([-85.15919256, -26.80514623])
17.4866 	EXP 	unnamed Rect: pos = array([-85.15919256, -26.80514623])
17.5031 	EXP 	unnamed Rect: pos = array([-85.15919256, -26.80514623])
17.5202 	EXP 	unnamed Rect: pos = array([-85.15919256, -26.80514623])
17.5365 	EXP 	unnamed Rect: pos = array([-85.15919256, -26.80514623])
17.5532 	EXP 	unnamed Rect: pos = array([-85.15919256, -26.80514623])
17.5702 	EXP 	unnamed Rect: pos = array([-85.15919256, -26.80514623])
17.5870 	EXP 	unnamed Rect: pos = array([-85.15919256, -26.80514623])
17.6042 	EXP 	unnamed Rect: pos = array([-85.15919256, -26.80514623])
17.6049 	DATA 	Keypress: down
17.6203 	EXP 	unnamed Rect: pos = array([-85.15919256, -36.80514623])
17.6371 	EXP 	unnamed Rect: pos = array([-85.15919256, -36.80514623])
17.6531 	EXP 	unnamed Rect: pos = array([-85.15919256, -36.80514623])
17.6697 	EXP 	unnamed Rect: pos = array([-85.15919256, -36.80514623])
17.6864 	EXP 	unnamed Rect: pos = array([-85.15919256, -36.80514623])
17.7031 	EXP 	unnamed Rect: pos = array([-85.15919256, -36.80514623])
17.7202 	EXP 	unnamed Rect: pos = array([-85.15919256, -36.80514623])
17.7369 	EXP 	unnamed Rect: pos = array([-85.15919256, -36.80514623])
17.7535 	EXP 	unnamed Rect: pos = array([-85.15919256, -36.80514623])
17.7698 	EXP 	unnamed Rect: pos = array([-85.15919256, -36.80514623])
17.7871 	EXP 	unnamed Rect: pos = array([-85.15919256, -36.80514623])
17.7878 	DATA 	Keypress: down
17.8032 	EXP 	unnamed Rect: pos = array([-85.15919256, -46.80514623])
17.8206 	EXP 	unnamed Rect: pos = array([-85.15919256, -46.80514623])
17.8373 	EXP 	unnamed Rect: pos = array([-85.15919256, -46.80514623])
17.8533 	EXP 	unnamed Rect: pos = array([-85.15919256, -46.80514623])
17.8704 	EXP 	unnamed Rect: pos = array([-85.15919256, -46.80514623])
17.8873 	EXP 	unnamed Rect: pos = array([-85.15919256, -46.80514623])
17.9031 	EXP 	unnamed Rect: pos = array([-85.15919256, -46.80514623])
17.9201 	EXP 	unnamed Rect: pos = array([-85.15919256, -46.80514623])
17.9378 	EXP 	unnamed Rect: pos = array([-85.15919256, -46.80514623])
17.9533 	EXP 	unnamed Rect: pos = array([-85.15919256, -46.80514623])
17.9573 	DATA 	Keypress: down
17.9703 	EXP 	unnamed Rect: pos = array([-85.15919256, -46.80514623])
17.9868 	EXP 	unnamed Rect: pos = array([-85.15919256, -56.80514623])
18.0035 	EXP 	unnamed Rect: pos = array([-85.15919256, -56.80514623])
18.0197 	EXP 	unnamed Rect: pos = array([-85.15919256, -56.80514623])
18.0369 	EXP 	unnamed Rect: pos = array([-85.15919256, -56.80514623])
18.0528 	EXP 	unnamed Rect: pos = array([-85.15919256, -56.80514623])
18.0698 	EXP 	unnamed Rect: pos = array([-85.15919256, -56.80514623])
18.0865 	EXP 	unnamed Rect: pos = array([-85.15919256, -56.80514623])
18.1028 	EXP 	unnamed Rect: pos = array([-85.15919256, -56.80514623])
18.1200 	EXP 	unnamed Rect: pos = array([-85.15919256, -56.80514623])
18.1206 	DATA 	Keypress: down
18.1365 	EXP 	unnamed Rect: pos = array([-85.15919256, -66.80514623])
18.1533 	EXP 	unnamed Rect: pos = array([-85.15919256, -66.80514623])
18.1697 	EXP 	unnamed Rect: pos = array([-85.15919256, -66.80514623])
18.1862 	EXP 	unnamed Rect: pos = array([-85.15919256, -66.80514623])
18.2034 	EXP 	unnamed Rect: pos = array([-85.15919256, -66.80514623])
18.2198 	EXP 	unnamed Rect: pos = array([-85.15919256, -66.80514623])
18.2368 	EXP 	unnamed Rect: pos = array([-85.15919256, -66.80514623])
18.2528 	EXP 	unnamed Rect: pos = array([-85.15919256, -66.80514623])
18.2698 	EXP 	unnamed Rect: pos = array([-85.15919256, -66.80514623])
18.2866 	EXP 	unnamed Rect: pos = array([-85.15919256, -66.80514623])
18.2872 	DATA 	Keypress: down
18.3039 	EXP 	unnamed Rect: pos = array([-85.15919256, -76.80514623])
18.3199 	EXP 	unnamed Rect: pos = array([-85.15919256, -76.80514623])
18.3363 	EXP 	unnamed Rect: pos = array([-85.15919256, -76.80514623])
18.3531 	EXP 	unnamed Rect: pos = array([-85.15919256, -76.80514623])
18.3704 	EXP 	unnamed Rect: pos = array([-85.15919256, -76.80514623])
18.3864 	EXP 	unnamed Rect: pos = array([-85.15919256, -76.80514623])
18.4036 	EXP 	unnamed Rect: pos = array([-85.15919256, -76.80514623])
18.4196 	EXP 	unnamed Rect: pos = array([-85.15919256, -76.80514623])
18.4366 	EXP 	unnamed Rect: pos = array([-85.15919256, -76.80514623])
18.4534 	EXP 	unnamed Rect: pos = array([-85.15919256, -76.80514623])
18.4697 	EXP 	unnamed Rect: pos = array([-85.15919256, -76.80514623])
18.4864 	EXP 	unnamed Rect: pos = array([-85.15919256, -76.80514623])
18.5030 	EXP 	unnamed Rect: pos = array([-85.15919256, -76.80514623])
18.5198 	EXP 	unnamed Rect: pos = array([-85.15919256, -76.80514623])
18.5368 	EXP 	unnamed Rect: pos = array([-85.15919256, -76.80514623])
18.5411 	DATA 	Keypress: left
18.5537 	EXP 	unnamed Rect: pos = array([-85.15919256, -76.80514623])
18.5704 	EXP 	unnamed Rect: pos = array([-95.15919256, -76.80514623])
18.5865 	EXP 	unnamed Rect: pos = array([-95.15919256, -76.80514623])
18.6041 	EXP 	unnamed Rect: pos = array([-95.15919256, -76.80514623])
18.6202 	EXP 	unnamed Rect: pos = array([-95.15919256, -76.80514623])
18.6371 	EXP 	unnamed Rect: pos = array([-95.15919256, -76.80514623])
18.6539 	EXP 	unnamed Rect: pos = array([-95.15919256, -76.80514623])
18.6698 	EXP 	unnamed Rect: pos = array([-95.15919256, -76.80514623])
18.6871 	EXP 	unnamed Rect: pos = array([-95.15919256, -76.80514623])
18.7031 	EXP 	unnamed Rect: pos = array([-95.15919256, -76.80514623])
18.7199 	EXP 	unnamed Rect: pos = array([-95.15919256, -76.80514623])
18.7369 	EXP 	unnamed Rect: pos = array([-95.15919256, -76.80514623])
18.7375 	DATA 	Keypress: left
18.7532 	EXP 	unnamed Rect: pos = array([-105.15919256,  -76.80514623])
18.7702 	EXP 	unnamed Rect: pos = array([-105.15919256,  -76.80514623])
18.7866 	EXP 	unnamed Rect: pos = array([-105.15919256,  -76.80514623])
18.8028 	EXP 	unnamed Rect: pos = array([-105.15919256,  -76.80514623])
18.8197 	EXP 	unnamed Rect: pos = array([-105.15919256,  -76.80514623])
18.8373 	EXP 	unnamed Rect: pos = array([-105.15919256,  -76.80514623])
18.8543 	EXP 	unnamed Rect: pos = array([-105.15919256,  -76.80514623])
18.8698 	EXP 	unnamed Rect: pos = array([-105.15919256,  -76.80514623])
18.8864 	EXP 	unnamed Rect: pos = array([-105.15919256,  -76.80514623])
18.9040 	EXP 	unnamed Rect: pos = array([-105.15919256,  -76.80514623])
18.9046 	DATA 	Keypress: left
18.9198 	EXP 	unnamed Rect: pos = array([-115.15919256,  -76.80514623])
18.9366 	EXP 	unnamed Rect: pos = array([-115.15919256,  -76.80514623])
18.9536 	EXP 	unnamed Rect: pos = array([-115.15919256,  -76.80514623])
18.9705 	EXP 	unnamed Rect: pos = array([-115.15919256,  -76.80514623])
18.9862 	EXP 	unnamed Rect: pos = array([-115.15919256,  -76.80514623])
19.0028 	EXP 	unnamed Rect: pos = array([-115.15919256,  -76.80514623])
19.0198 	EXP 	unnamed Rect: pos = array([-115.15919256,  -76.80514623])
19.0372 	EXP 	unnamed Rect: pos = array([-115.15919256,  -76.80514623])
19.0529 	EXP 	unnamed Rect: pos = array([-115.15919256,  -76.80514623])
19.0697 	EXP 	unnamed Rect: pos = array([-115.15919256,  -76.80514623])
19.0865 	EXP 	unnamed Rect: pos = array([-115.15919256,  -76.80514623])
19.1032 	EXP 	unnamed Rect: pos = array([-115.15919256,  -76.80514623])
19.1072 	DATA 	Keypress: left
19.1204 	EXP 	unnamed Rect: pos = array([-115.15919256,  -76.80514623])
19.1362 	EXP 	unnamed Rect: pos = array([-125.15919256,  -76.80514623])
19.1530 	EXP 	unnamed Rect: pos = array([-125.15919256,  -76.80514623])
19.1697 	EXP 	unnamed Rect: pos = array([-125.15919256,  -76.80514623])
19.1864 	EXP 	unnamed Rect: pos = array([-125.15919256,  -76.80514623])
19.2032 	EXP 	unnamed Rect: pos = array([-125.15919256,  -76.80514623])
19.2198 	EXP 	unnamed Rect: pos = array([-125.15919256,  -76.80514623])
19.2361 	EXP 	unnamed Rect: pos = array([-125.15919256,  -76.80514623])
19.2486 	EXP 	window1: mouseVisible = True
