0.5972 	WARNING 	We strongly recommend you activate the PTB sound engine in PsychoPy prefs as the preferred audio engine. Its timing is vastly superior. Your prefs are currently set to use ['sounddevice', 'PTB', 'pyo', 'pygame'] (in that order).
4.5577 	ERROR 	'-1.0000, -1.0000, -1.0000' is not a valid rgb color
5.1874 	EXP 	Created window1 = Window(allowGUI=False, allowStencil=False, autoLog=True, backendConf=UNKNOWN, bitsMode=UNKNOWN, blendMode='avg', bpc=(8, 8, 8), color=array([0, 0, 0]), colorSpace='rgb', depthBits=8, fullscr=<method-wrapper '__getattribute__' of attributeSetter object at 0x7fe1e45b3a20>, gamma=None, gammaErrorPolicy='raise', lms=UNKNOWN, monitor=<psychopy.monitors.calibTools.Monitor object at 0x7fe1e4d38550>, multiSample=False, name='window1', numSamples=2, pos=[360.0, 225.0], screen=0, size=array([2880, 1800]), stencilBits=0, stereo=False, units='height', useFBO=True, useRetina=True, viewOri=0.0, viewPos=None, viewScale=None, waitBlanking=True, winType='pyglet')
5.1878 	EXP 	window1: mouseVisible = True
5.1879 	EXP 	window1: recordFrameIntervals = False
5.3542 	EXP 	window1: recordFrameIntervals = True
5.5377 	EXP 	window1: recordFrameIntervals = False
6.1485 	DEPRECATION 	'1.0000, 1.0000, 1.0000' is not a valid rgb color
6.1775 	EXP 	Created Welcometext = TextStim(__class__=<class 'psychopy.visual.text.TextStim'>, alignHoriz=method-wrapper(...), alignText='center', alignVert=method-wrapper(...), anchorHoriz='center', anchorVert='center', antialias=True, autoLog=True, bold=False, color=array([0., 0., 0.]), colorSpace='rgb', contrast=1.0, depth=0.0, flipHoriz=False, flipVert=False, font='Open Sans', fontFiles=[], height=0.05, italic=False, languageStyle='LTR', name='Welcometext', opacity=0, ori=0.0, pos=array([0., 0.]), rgb=UNKNOWN, text='Welcome\nPlease press Spacebar to start', units='height', win=Window(...), wrapWidth=1)
6.5310 	EXP 	Created text = TextStim(__class__=<class 'psychopy.visual.text.TextStim'>, alignHoriz=method-wrapper(...), alignText='center', alignVert=method-wrapper(...), anchorHoriz='center', anchorVert='center', antialias=True, autoLog=True, bold=False, color=array([1., 1., 1.]), colorSpace='rgb', contrast=1.0, depth=0.0, flipHoriz=False, flipVert=False, font='Open Sans', fontFiles=[], height=0.05, italic=False, languageStyle='LTR', name='text', opacity=1, ori=0.0, pos=array([0., 0.]), rgb=UNKNOWN, text=str(...), units='height', win=Window(...), wrapWidth=1)
6.5317 	EXP 	Created sequence: random, trialTypes=1, nReps=5, seed=None
6.5320 	EXP 	New trial (rep=0, index=0): None
6.5383 	EXP 	Welcometext: autoDraw = True
9.9616 	EXP 	Created unnamed Rect = Rect(__class__=<class 'psychopy.visual.rect.Rect'>, autoDraw=False, autoLog=True, closeShape=True, color=method-wrapper(...), colorSpace='rgb', contrast=None, depth=0, fillColor=array([ 1, -1, -1]), fillColorSpace='rgb', fillRGB=array([ 1, -1, -1]), interpolate=True, lineColor=array([-1., -1.,  1.]), lineColorSpace='rgb', lineRGB=array([-1, -1,  1]), lineWidth=1.5, name='unnamed Rect', opacity=1, ori=0.0, pos=array([0., 0.]), size=array([1000.,  700.]), units='pix', vertices=ndarray(...), win=Window(...))
9.9642 	EXP 	Created unnamed Rect = Rect(__class__=<class 'psychopy.visual.rect.Rect'>, autoDraw=False, autoLog=True, closeShape=True, color=method-wrapper(...), colorSpace='rgb', contrast=None, depth=0, fillColor=array([-1, -1, -1]), fillColorSpace='rgb', fillRGB=array([-1, -1, -1]), interpolate=True, lineColor=array([-1., -1.,  1.]), lineColorSpace='rgb', lineRGB=array([-1, -1,  1]), lineWidth=1.5, name='unnamed Rect', opacity=1, ori=0.0, pos=array([0., 0.]), size=array([400., 600.]), units='pix', vertices=ndarray(...), win=Window(...))
9.9665 	EXP 	Created unnamed Rect = Rect(__class__=<class 'psychopy.visual.rect.Rect'>, autoDraw=False, autoLog=True, closeShape=True, color=method-wrapper(...), colorSpace='rgb', contrast=None, depth=0, fillColor=array([-1, -1, -1]), fillColorSpace='rgb', fillRGB=array([-1, -1, -1]), interpolate=True, lineColor=array([-1., -1.,  1.]), lineColorSpace='rgb', lineRGB=array([-1, -1,  1]), lineWidth=1.5, name='unnamed Rect', opacity=1, ori=0.0, pos=array([0., 0.]), size=array([400., 600.]), units='pix', vertices=ndarray(...), win=Window(...))
9.9694 	EXP 	Created unnamed Rect = Rect(__class__=<class 'psychopy.visual.rect.Rect'>, autoDraw=False, autoLog=True, closeShape=True, color=method-wrapper(...), colorSpace='rgb', contrast=None, depth=0, fillColor=array([ 1,  1, -1]), fillColorSpace='rgb', fillRGB=array([ 1,  1, -1]), interpolate=True, lineColor=array([0., 0., 0.]), lineColorSpace='rgb', lineRGB=array([0, 0, 0]), lineWidth=1.5, name='unnamed Rect', opacity=0.5, ori=0.0, pos=array([0., 0.]), size=array([30., 30.]), units='pix', vertices=ndarray(...), win=Window(...))
9.9724 	EXP 	Created unnamed Rect = Rect(__class__=<class 'psychopy.visual.rect.Rect'>, autoDraw=False, autoLog=True, closeShape=True, color=method-wrapper(...), colorSpace='rgb', contrast=None, depth=0, fillColor=array([ 1,  1, -1]), fillColorSpace='rgb', fillRGB=array([ 1,  1, -1]), interpolate=True, lineColor=array([0., 0., 0.]), lineColorSpace='rgb', lineRGB=array([0, 0, 0]), lineWidth=1.5, name='unnamed Rect', opacity=0.5, ori=0.0, pos=array([0., 0.]), size=array([30., 30.]), units='pix', vertices=ndarray(...), win=Window(...))
9.9752 	EXP 	Created unnamed Rect = Rect(__class__=<class 'psychopy.visual.rect.Rect'>, autoDraw=False, autoLog=True, closeShape=True, color=method-wrapper(...), colorSpace='rgb', contrast=None, depth=0, fillColor=array([ 1,  1, -1]), fillColorSpace='rgb', fillRGB=array([ 1,  1, -1]), interpolate=True, lineColor=array([0., 0., 0.]), lineColorSpace='rgb', lineRGB=array([0, 0, 0]), lineWidth=1.5, name='unnamed Rect', opacity=0.5, ori=0.0, pos=array([0., 0.]), size=array([30., 30.]), units='pix', vertices=ndarray(...), win=Window(...))
9.9776 	EXP 	Created unnamed Rect = Rect(__class__=<class 'psychopy.visual.rect.Rect'>, autoDraw=False, autoLog=True, closeShape=True, color=method-wrapper(...), colorSpace='rgb', contrast=None, depth=0, fillColor=array([ 1,  1, -1]), fillColorSpace='rgb', fillRGB=array([ 1,  1, -1]), interpolate=True, lineColor=array([0., 0., 0.]), lineColorSpace='rgb', lineRGB=array([0, 0, 0]), lineWidth=1.5, name='unnamed Rect', opacity=0.5, ori=0.0, pos=array([0., 0.]), size=array([30., 30.]), units='pix', vertices=ndarray(...), win=Window(...))
9.9799 	EXP 	Created unnamed Rect = Rect(__class__=<class 'psychopy.visual.rect.Rect'>, autoDraw=False, autoLog=True, closeShape=True, color=method-wrapper(...), colorSpace='rgb', contrast=None, depth=0, fillColor=array([ 1,  1, -1]), fillColorSpace='rgb', fillRGB=array([ 1,  1, -1]), interpolate=True, lineColor=array([0., 0., 0.]), lineColorSpace='rgb', lineRGB=array([0, 0, 0]), lineWidth=1.5, name='unnamed Rect', opacity=0.5, ori=0.0, pos=array([0., 0.]), size=array([30., 30.]), units='pix', vertices=ndarray(...), win=Window(...))
9.9823 	EXP 	Created unnamed Rect = Rect(__class__=<class 'psychopy.visual.rect.Rect'>, autoDraw=False, autoLog=True, closeShape=True, color=method-wrapper(...), colorSpace='rgb', contrast=None, depth=0, fillColor=array([ 1,  1, -1]), fillColorSpace='rgb', fillRGB=array([ 1,  1, -1]), interpolate=True, lineColor=array([0., 0., 0.]), lineColorSpace='rgb', lineRGB=array([0, 0, 0]), lineWidth=1.5, name='unnamed Rect', opacity=0.5, ori=0.0, pos=array([0., 0.]), size=array([30., 30.]), units='pix', vertices=ndarray(...), win=Window(...))
9.9846 	EXP 	Created unnamed Rect = Rect(__class__=<class 'psychopy.visual.rect.Rect'>, autoDraw=False, autoLog=True, closeShape=True, color=method-wrapper(...), colorSpace='rgb', contrast=None, depth=0, fillColor=array([ 1,  1, -1]), fillColorSpace='rgb', fillRGB=array([ 1,  1, -1]), interpolate=True, lineColor=array([0., 0., 0.]), lineColorSpace='rgb', lineRGB=array([0, 0, 0]), lineWidth=1.5, name='unnamed Rect', opacity=0.5, ori=0.0, pos=array([0., 0.]), size=array([30., 30.]), units='pix', vertices=ndarray(...), win=Window(...))
10.0247 	EXP 	Created unnamed ImageStim = ImageStim(__class__=<class 'psychopy.visual.image.ImageStim'>, autoLog=True, color=array([1., 1., 1.]), colorSpace='rgb', contrast=1.0, depth=0, flipHoriz=False, flipVert=False, image='tree.png', interpolate=False, mask=None, maskParams=None, name='unnamed ImageStim', opacity=1, ori=0.0, pos=array([0., 0.]), size=array([512, 512]), texRes=128, units='pix', win=Window(...))
10.0446 	EXP 	Created unnamed ImageStim = ImageStim(__class__=<class 'psychopy.visual.image.ImageStim'>, autoLog=True, color=array([1., 1., 1.]), colorSpace='rgb', contrast=1.0, depth=0, flipHoriz=False, flipVert=False, image='tree.png', interpolate=False, mask=None, maskParams=None, name='unnamed ImageStim', opacity=1, ori=0.0, pos=array([0., 0.]), size=array([512, 512]), texRes=128, units='pix', win=Window(...))
10.0640 	EXP 	Created unnamed ImageStim = ImageStim(__class__=<class 'psychopy.visual.image.ImageStim'>, autoLog=True, color=array([1., 1., 1.]), colorSpace='rgb', contrast=1.0, depth=0, flipHoriz=False, flipVert=False, image='tree.png', interpolate=False, mask=None, maskParams=None, name='unnamed ImageStim', opacity=1, ori=0.0, pos=array([0., 0.]), size=array([512, 512]), texRes=128, units='pix', win=Window(...))
10.0816 	EXP 	Created unnamed ImageStim = ImageStim(__class__=<class 'psychopy.visual.image.ImageStim'>, autoLog=True, color=array([1., 1., 1.]), colorSpace='rgb', contrast=1.0, depth=0, flipHoriz=False, flipVert=False, image='tree.png', interpolate=False, mask=None, maskParams=None, name='unnamed ImageStim', opacity=1, ori=0.0, pos=array([0., 0.]), size=array([512, 512]), texRes=128, units='pix', win=Window(...))
10.0990 	EXP 	Created unnamed ImageStim = ImageStim(__class__=<class 'psychopy.visual.image.ImageStim'>, autoLog=True, color=array([1., 1., 1.]), colorSpace='rgb', contrast=1.0, depth=0, flipHoriz=False, flipVert=False, image='tree.png', interpolate=False, mask=None, maskParams=None, name='unnamed ImageStim', opacity=1, ori=0.0, pos=array([0., 0.]), size=array([512, 512]), texRes=128, units='pix', win=Window(...))
10.1165 	EXP 	Created unnamed ImageStim = ImageStim(__class__=<class 'psychopy.visual.image.ImageStim'>, autoLog=True, color=array([1., 1., 1.]), colorSpace='rgb', contrast=1.0, depth=0, flipHoriz=False, flipVert=False, image='tree.png', interpolate=False, mask=None, maskParams=None, name='unnamed ImageStim', opacity=1, ori=0.0, pos=array([0., 0.]), size=array([512, 512]), texRes=128, units='pix', win=Window(...))
10.1338 	EXP 	Created unnamed ImageStim = ImageStim(__class__=<class 'psychopy.visual.image.ImageStim'>, autoLog=True, color=array([1., 1., 1.]), colorSpace='rgb', contrast=1.0, depth=0, flipHoriz=False, flipVert=False, image='tree.png', interpolate=False, mask=None, maskParams=None, name='unnamed ImageStim', opacity=1, ori=0.0, pos=array([0., 0.]), size=array([512, 512]), texRes=128, units='pix', win=Window(...))
10.1512 	EXP 	Created unnamed ImageStim = ImageStim(__class__=<class 'psychopy.visual.image.ImageStim'>, autoLog=True, color=array([1., 1., 1.]), colorSpace='rgb', contrast=1.0, depth=0, flipHoriz=False, flipVert=False, image='tree.png', interpolate=False, mask=None, maskParams=None, name='unnamed ImageStim', opacity=1, ori=0.0, pos=array([0., 0.]), size=array([512, 512]), texRes=128, units='pix', win=Window(...))
10.1687 	EXP 	Created unnamed ImageStim = ImageStim(__class__=<class 'psychopy.visual.image.ImageStim'>, autoLog=True, color=array([1., 1., 1.]), colorSpace='rgb', contrast=1.0, depth=0, flipHoriz=False, flipVert=False, image='tree.png', interpolate=False, mask=None, maskParams=None, name='unnamed ImageStim', opacity=1, ori=0.0, pos=array([0., 0.]), size=array([512, 512]), texRes=128, units='pix', win=Window(...))
10.1861 	EXP 	Created unnamed ImageStim = ImageStim(__class__=<class 'psychopy.visual.image.ImageStim'>, autoLog=True, color=array([1., 1., 1.]), colorSpace='rgb', contrast=1.0, depth=0, flipHoriz=False, flipVert=False, image='tree.png', interpolate=False, mask=None, maskParams=None, name='unnamed ImageStim', opacity=1, ori=0.0, pos=array([0., 0.]), size=array([512, 512]), texRes=128, units='pix', win=Window(...))
10.2037 	EXP 	Created unnamed ImageStim = ImageStim(__class__=<class 'psychopy.visual.image.ImageStim'>, autoLog=True, color=array([1., 1., 1.]), colorSpace='rgb', contrast=1.0, depth=0, flipHoriz=False, flipVert=False, image='tree.png', interpolate=False, mask=None, maskParams=None, name='unnamed ImageStim', opacity=1, ori=0.0, pos=array([0., 0.]), size=array([512, 512]), texRes=128, units='pix', win=Window(...))
10.2214 	EXP 	Created unnamed ImageStim = ImageStim(__class__=<class 'psychopy.visual.image.ImageStim'>, autoLog=True, color=array([1., 1., 1.]), colorSpace='rgb', contrast=1.0, depth=0, flipHoriz=False, flipVert=False, image='tree.png', interpolate=False, mask=None, maskParams=None, name='unnamed ImageStim', opacity=1, ori=0.0, pos=array([0., 0.]), size=array([512, 512]), texRes=128, units='pix', win=Window(...))
10.2313 	DATA 	Keypress: space
10.2375 	EXP 	Welcometext: autoDraw = False
10.2375 	EXP 	unnamed Rect: pos = [-250, 0]
10.2375 	EXP 	unnamed Rect: pos = [250, 0]
10.2375 	EXP 	unnamed Rect: pos = [-275.7369777491539, 200.87425736837446]
10.2375 	EXP 	unnamed Rect: pos = [-104.18934314089316, 279.3304697378668]
10.2375 	EXP 	unnamed Rect: pos = [320.1520754971461, -32.088493198708164]
10.2375 	EXP 	unnamed Rect: pos = [83.17863027793891, -156.86987033163186]
10.2375 	EXP 	unnamed Rect: pos = [124.95707527915711, 33.655412715354146]
10.2375 	EXP 	unnamed Rect: pos = [211.44837404838847, -124.76412696941532]
10.2375 	EXP 	unnamed Rect: pos = [324.9592080187239, 261.10073414992854]
10.2375 	EXP 	unnamed ImageStim: size = [51.2, 51.2]
10.2375 	EXP 	unnamed ImageStim: size = [51.2, 51.2]
10.2375 	EXP 	unnamed ImageStim: size = [51.2, 51.2]
10.2375 	EXP 	unnamed ImageStim: size = [51.2, 51.2]
10.2375 	EXP 	unnamed ImageStim: size = [51.2, 51.2]
10.2375 	EXP 	unnamed ImageStim: size = [51.2, 51.2]
10.2375 	EXP 	unnamed ImageStim: size = [51.2, 51.2]
10.2375 	EXP 	unnamed ImageStim: size = [51.2, 51.2]
10.2375 	EXP 	unnamed ImageStim: size = [51.2, 51.2]
10.2375 	EXP 	unnamed ImageStim: size = [51.2, 51.2]
10.2375 	EXP 	unnamed ImageStim: size = [51.2, 51.2]
10.2375 	EXP 	unnamed ImageStim: size = [51.2, 51.2]
10.2375 	EXP 	unnamed ImageStim: pos = [111.77639378019234, -39.56256348064489]
10.2375 	EXP 	unnamed ImageStim: pos = [-27.34213019742149, 196.50555704560574]
10.2375 	EXP 	unnamed ImageStim: pos = [84.88769075413958, 8.756698581776131]
10.2375 	EXP 	unnamed ImageStim: pos = [94.25391982720038, 204.62501660435242]
10.2375 	EXP 	unnamed ImageStim: pos = [-138.22360621980766, -39.56256348064489]
10.2375 	EXP 	unnamed ImageStim: pos = [361.77639378019234, -39.56256348064489]
10.2375 	EXP 	unnamed ImageStim: pos = [-277.3421301974215, 196.50555704560574]
10.2375 	EXP 	unnamed ImageStim: pos = [222.65786980257852, 196.50555704560574]
10.2375 	EXP 	unnamed ImageStim: pos = [-165.11230924586042, 8.756698581776131]
10.2375 	EXP 	unnamed ImageStim: pos = [334.8876907541396, 8.756698581776131]
10.2375 	EXP 	unnamed ImageStim: pos = [-155.74608017279962, 204.62501660435242]
10.2375 	EXP 	unnamed ImageStim: pos = [344.2539198272004, 204.62501660435242]
16.0931 	EXP 	Created unnamed Rect = Rect(__class__=<class 'psychopy.visual.rect.Rect'>, autoDraw=False, autoLog=True, closeShape=True, color=method-wrapper(...), colorSpace='rgb', contrast=None, depth=0, fillColor=array([-1, -1, -1]), fillColorSpace='rgb', fillRGB=array([-1, -1, -1]), interpolate=True, lineColor=array([-1., -1.,  1.]), lineColorSpace='rgb', lineRGB=array([-1, -1,  1]), lineWidth=1.5, name='unnamed Rect', opacity=1, ori=0.0, pos=array([0., 0.]), size=array([400., 600.]), units='pix', vertices=ndarray(...), win=Window(...))
16.1338 	EXP 	Created unnamed Rect = Rect(__class__=<class 'psychopy.visual.rect.Rect'>, autoDraw=False, autoLog=True, closeShape=True, color=method-wrapper(...), colorSpace='rgb', contrast=None, depth=0, fillColor=array([-1, -1, -1]), fillColorSpace='rgb', fillRGB=array([-1, -1, -1]), interpolate=True, lineColor=array([-1., -1.,  1.]), lineColorSpace='rgb', lineRGB=array([-1, -1,  1]), lineWidth=1.5, name='unnamed Rect', opacity=1, ori=0.0, pos=array([0., 0.]), size=array([400., 600.]), units='pix', vertices=ndarray(...), win=Window(...))
16.1489 	DATA 	Keypress: left
16.1711 	EXP 	unnamed Rect: pos = array([-25.73697775, 200.87425737])
16.1711 	EXP 	unnamed Rect: pos = array([145.81065686, 279.33046974])
16.1711 	EXP 	unnamed Rect: pos = array([-25.73697775, 200.87425737])
16.1793 	EXP 	unnamed Rect: pos = array([-25.73697775, 200.87425737])
16.1894 	EXP 	unnamed Rect: pos = array([-25.73697775, 200.87425737])
16.2023 	EXP 	unnamed Rect: pos = array([-25.73697775, 200.87425737])
16.2095 	EXP 	unnamed Rect: pos = array([-25.73697775, 200.87425737])
16.2193 	EXP 	unnamed Rect: pos = array([-25.73697775, 200.87425737])
16.2360 	EXP 	unnamed Rect: pos = array([-25.73697775, 200.87425737])
16.2535 	EXP 	unnamed Rect: pos = array([-25.73697775, 200.87425737])
16.2695 	EXP 	unnamed Rect: pos = array([-25.73697775, 200.87425737])
16.2859 	EXP 	unnamed Rect: pos = array([-25.73697775, 200.87425737])
16.3025 	EXP 	unnamed Rect: pos = array([-25.73697775, 200.87425737])
16.3196 	EXP 	unnamed Rect: pos = array([-25.73697775, 200.87425737])
16.3359 	EXP 	unnamed Rect: pos = array([-25.73697775, 200.87425737])
16.3529 	EXP 	unnamed Rect: pos = array([-25.73697775, 200.87425737])
16.3692 	EXP 	unnamed Rect: pos = array([-25.73697775, 200.87425737])
16.3863 	EXP 	unnamed Rect: pos = array([-25.73697775, 200.87425737])
16.4035 	EXP 	unnamed Rect: pos = array([-25.73697775, 200.87425737])
16.4199 	EXP 	unnamed Rect: pos = array([-25.73697775, 200.87425737])
16.4360 	EXP 	unnamed Rect: pos = array([-25.73697775, 200.87425737])
16.4529 	EXP 	unnamed Rect: pos = array([-25.73697775, 200.87425737])
16.4693 	EXP 	unnamed Rect: pos = array([-25.73697775, 200.87425737])
16.4862 	EXP 	unnamed Rect: pos = array([-25.73697775, 200.87425737])
16.5027 	EXP 	unnamed Rect: pos = array([-25.73697775, 200.87425737])
16.5197 	EXP 	unnamed Rect: pos = array([-25.73697775, 200.87425737])
16.5360 	EXP 	unnamed Rect: pos = array([-25.73697775, 200.87425737])
16.5533 	EXP 	unnamed Rect: pos = array([-25.73697775, 200.87425737])
16.5696 	EXP 	unnamed Rect: pos = array([-25.73697775, 200.87425737])
16.5861 	EXP 	unnamed Rect: pos = array([-25.73697775, 200.87425737])
16.6031 	EXP 	unnamed Rect: pos = array([-25.73697775, 200.87425737])
16.6198 	EXP 	unnamed Rect: pos = array([-25.73697775, 200.87425737])
16.6371 	EXP 	unnamed Rect: pos = array([-25.73697775, 200.87425737])
16.6378 	DATA 	Keypress: down
16.6531 	EXP 	unnamed Rect: pos = array([-25.73697775, 190.87425737])
16.6701 	EXP 	unnamed Rect: pos = array([-25.73697775, 190.87425737])
16.6867 	EXP 	unnamed Rect: pos = array([-25.73697775, 190.87425737])
16.7030 	EXP 	unnamed Rect: pos = array([-25.73697775, 190.87425737])
16.7199 	EXP 	unnamed Rect: pos = array([-25.73697775, 190.87425737])
16.7362 	EXP 	unnamed Rect: pos = array([-25.73697775, 190.87425737])
16.7532 	EXP 	unnamed Rect: pos = array([-25.73697775, 190.87425737])
16.7697 	EXP 	unnamed Rect: pos = array([-25.73697775, 190.87425737])
16.7862 	EXP 	unnamed Rect: pos = array([-25.73697775, 190.87425737])
16.8040 	EXP 	unnamed Rect: pos = array([-25.73697775, 190.87425737])
16.8104 	DATA 	Keypress: down
16.8196 	EXP 	unnamed Rect: pos = array([-25.73697775, 180.87425737])
16.8360 	EXP 	unnamed Rect: pos = array([-25.73697775, 180.87425737])
16.8530 	EXP 	unnamed Rect: pos = array([-25.73697775, 180.87425737])
16.8693 	EXP 	unnamed Rect: pos = array([-25.73697775, 180.87425737])
16.8861 	EXP 	unnamed Rect: pos = array([-25.73697775, 180.87425737])
16.9027 	EXP 	unnamed Rect: pos = array([-25.73697775, 180.87425737])
16.9193 	EXP 	unnamed Rect: pos = array([-25.73697775, 180.87425737])
16.9364 	EXP 	unnamed Rect: pos = array([-25.73697775, 180.87425737])
16.9370 	DATA 	Keypress: right
16.9532 	EXP 	unnamed Rect: pos = array([-15.73697775, 180.87425737])
16.9692 	EXP 	unnamed Rect: pos = array([-15.73697775, 180.87425737])
16.9859 	EXP 	unnamed Rect: pos = array([-15.73697775, 180.87425737])
17.0030 	EXP 	unnamed Rect: pos = array([-15.73697775, 180.87425737])
17.0194 	EXP 	unnamed Rect: pos = array([-15.73697775, 180.87425737])
17.0361 	EXP 	unnamed Rect: pos = array([-15.73697775, 180.87425737])
17.0527 	EXP 	unnamed Rect: pos = array([-15.73697775, 180.87425737])
17.0695 	EXP 	unnamed Rect: pos = array([-15.73697775, 180.87425737])
17.0863 	EXP 	unnamed Rect: pos = array([-15.73697775, 180.87425737])
17.1027 	EXP 	unnamed Rect: pos = array([-15.73697775, 180.87425737])
17.1033 	DATA 	Keypress: right
17.1193 	EXP 	unnamed Rect: pos = array([ -5.73697775, 180.87425737])
17.1363 	EXP 	unnamed Rect: pos = array([ -5.73697775, 180.87425737])
17.1528 	EXP 	unnamed Rect: pos = array([ -5.73697775, 180.87425737])
17.1699 	EXP 	unnamed Rect: pos = array([ -5.73697775, 180.87425737])
17.1863 	EXP 	unnamed Rect: pos = array([ -5.73697775, 180.87425737])
17.2026 	EXP 	unnamed Rect: pos = array([ -5.73697775, 180.87425737])
17.2195 	EXP 	unnamed Rect: pos = array([ -5.73697775, 180.87425737])
17.2358 	EXP 	unnamed Rect: pos = array([ -5.73697775, 180.87425737])
17.2399 	DATA 	Keypress: right
17.2536 	EXP 	unnamed Rect: pos = array([ -5.73697775, 180.87425737])
17.2693 	EXP 	unnamed Rect: pos = array([  4.26302225, 180.87425737])
17.2863 	EXP 	unnamed Rect: pos = array([  4.26302225, 180.87425737])
17.3027 	EXP 	unnamed Rect: pos = array([  4.26302225, 180.87425737])
17.3199 	EXP 	unnamed Rect: pos = array([  4.26302225, 180.87425737])
17.3363 	EXP 	unnamed Rect: pos = array([  4.26302225, 180.87425737])
17.3530 	EXP 	unnamed Rect: pos = array([  4.26302225, 180.87425737])
17.3692 	EXP 	unnamed Rect: pos = array([  4.26302225, 180.87425737])
17.3864 	EXP 	unnamed Rect: pos = array([  4.26302225, 180.87425737])
17.3870 	DATA 	Keypress: right
17.4026 	EXP 	unnamed Rect: pos = array([ 14.26302225, 180.87425737])
17.4195 	EXP 	unnamed Rect: pos = array([ 14.26302225, 180.87425737])
17.4358 	EXP 	unnamed Rect: pos = array([ 14.26302225, 180.87425737])
17.4530 	EXP 	unnamed Rect: pos = array([ 14.26302225, 180.87425737])
17.4697 	EXP 	unnamed Rect: pos = array([ 14.26302225, 180.87425737])
17.4858 	EXP 	unnamed Rect: pos = array([ 14.26302225, 180.87425737])
17.5026 	EXP 	unnamed Rect: pos = array([ 14.26302225, 180.87425737])
17.5192 	EXP 	unnamed Rect: pos = array([ 14.26302225, 180.87425737])
17.5366 	EXP 	unnamed Rect: pos = array([ 14.26302225, 180.87425737])
17.5372 	DATA 	Keypress: right
17.5534 	EXP 	unnamed Rect: pos = array([ 24.26302225, 180.87425737])
17.5697 	EXP 	unnamed Rect: pos = array([ 24.26302225, 180.87425737])
17.5863 	EXP 	unnamed Rect: pos = array([ 24.26302225, 180.87425737])
17.6032 	EXP 	unnamed Rect: pos = array([ 24.26302225, 180.87425737])
17.6195 	EXP 	unnamed Rect: pos = array([ 24.26302225, 180.87425737])
17.6358 	EXP 	unnamed Rect: pos = array([ 24.26302225, 180.87425737])
17.6537 	EXP 	unnamed Rect: pos = array([ 24.26302225, 180.87425737])
17.6543 	DATA 	Keypress: up
17.6703 	EXP 	unnamed Rect: pos = array([ 24.26302225, 190.87425737])
17.6863 	EXP 	unnamed Rect: pos = array([ 24.26302225, 190.87425737])
17.7033 	EXP 	unnamed Rect: pos = array([ 24.26302225, 190.87425737])
17.7198 	EXP 	unnamed Rect: pos = array([ 24.26302225, 190.87425737])
17.7362 	EXP 	unnamed Rect: pos = array([ 24.26302225, 190.87425737])
17.7532 	EXP 	unnamed Rect: pos = array([ 24.26302225, 190.87425737])
17.7704 	EXP 	unnamed Rect: pos = array([ 24.26302225, 190.87425737])
17.7866 	EXP 	unnamed Rect: pos = array([ 24.26302225, 190.87425737])
17.8036 	EXP 	unnamed Rect: pos = array([ 24.26302225, 190.87425737])
17.8193 	EXP 	unnamed Rect: pos = array([ 24.26302225, 190.87425737])
17.8362 	EXP 	unnamed Rect: pos = array([ 24.26302225, 190.87425737])
17.8368 	DATA 	Keypress: up
17.8526 	EXP 	unnamed Rect: pos = array([ 24.26302225, 200.87425737])
17.8694 	EXP 	unnamed Rect: pos = array([ 24.26302225, 200.87425737])
17.8868 	EXP 	unnamed Rect: pos = array([ 24.26302225, 200.87425737])
17.9032 	EXP 	unnamed Rect: pos = array([ 24.26302225, 200.87425737])
17.9192 	EXP 	unnamed Rect: pos = array([ 24.26302225, 200.87425737])
17.9360 	EXP 	unnamed Rect: pos = array([ 24.26302225, 200.87425737])
17.9538 	EXP 	unnamed Rect: pos = array([ 24.26302225, 200.87425737])
17.9694 	EXP 	unnamed Rect: pos = array([ 24.26302225, 200.87425737])
17.9866 	EXP 	unnamed Rect: pos = array([ 24.26302225, 200.87425737])
18.0032 	EXP 	unnamed Rect: pos = array([ 24.26302225, 200.87425737])
18.0038 	DATA 	Keypress: right
18.0204 	EXP 	unnamed Rect: pos = array([ 34.26302225, 200.87425737])
18.0361 	EXP 	unnamed Rect: pos = array([ 34.26302225, 200.87425737])
18.0530 	EXP 	unnamed Rect: pos = array([ 34.26302225, 200.87425737])
18.0692 	EXP 	unnamed Rect: pos = array([ 34.26302225, 200.87425737])
18.0862 	EXP 	unnamed Rect: pos = array([ 34.26302225, 200.87425737])
18.1028 	EXP 	unnamed Rect: pos = array([ 34.26302225, 200.87425737])
18.1197 	EXP 	unnamed Rect: pos = array([ 34.26302225, 200.87425737])
18.1361 	EXP 	unnamed Rect: pos = array([ 34.26302225, 200.87425737])
18.1530 	EXP 	unnamed Rect: pos = array([ 34.26302225, 200.87425737])
18.1536 	DATA 	Keypress: right
18.1699 	EXP 	unnamed Rect: pos = array([ 44.26302225, 200.87425737])
18.1864 	EXP 	unnamed Rect: pos = array([ 44.26302225, 200.87425737])
18.2029 	EXP 	unnamed Rect: pos = array([ 44.26302225, 200.87425737])
18.2201 	EXP 	unnamed Rect: pos = array([ 44.26302225, 200.87425737])
18.2360 	EXP 	unnamed Rect: pos = array([ 44.26302225, 200.87425737])
18.2528 	EXP 	unnamed Rect: pos = array([ 44.26302225, 200.87425737])
18.2696 	EXP 	unnamed Rect: pos = array([ 44.26302225, 200.87425737])
18.2864 	EXP 	unnamed Rect: pos = array([ 44.26302225, 200.87425737])
18.2904 	DATA 	Keypress: right
18.3032 	EXP 	unnamed Rect: pos = array([ 44.26302225, 200.87425737])
18.3199 	EXP 	unnamed Rect: pos = array([ 54.26302225, 200.87425737])
18.3363 	EXP 	unnamed Rect: pos = array([ 54.26302225, 200.87425737])
18.3535 	EXP 	unnamed Rect: pos = array([ 54.26302225, 200.87425737])
18.3693 	EXP 	unnamed Rect: pos = array([ 54.26302225, 200.87425737])
18.3864 	EXP 	unnamed Rect: pos = array([ 54.26302225, 200.87425737])
18.4027 	EXP 	unnamed Rect: pos = array([ 54.26302225, 200.87425737])
18.4194 	EXP 	unnamed Rect: pos = array([ 54.26302225, 200.87425737])
18.4356 	EXP 	unnamed Rect: pos = array([ 54.26302225, 200.87425737])
18.4527 	EXP 	unnamed Rect: pos = array([ 54.26302225, 200.87425737])
18.4533 	DATA 	Keypress: right
18.4690 	EXP 	unnamed Rect: pos = array([ 64.26302225, 200.87425737])
18.4863 	EXP 	unnamed Rect: pos = array([ 64.26302225, 200.87425737])
18.5029 	EXP 	unnamed Rect: pos = array([ 64.26302225, 200.87425737])
18.5194 	EXP 	unnamed Rect: pos = array([ 64.26302225, 200.87425737])
18.5360 	EXP 	unnamed Rect: pos = array([ 64.26302225, 200.87425737])
18.5524 	EXP 	unnamed Rect: pos = array([ 64.26302225, 200.87425737])
18.5693 	EXP 	unnamed Rect: pos = array([ 64.26302225, 200.87425737])
18.5858 	EXP 	unnamed Rect: pos = array([ 64.26302225, 200.87425737])
18.6029 	EXP 	unnamed Rect: pos = array([ 64.26302225, 200.87425737])
18.6063 	DATA 	Keypress: right
18.6193 	EXP 	unnamed Rect: pos = array([ 64.26302225, 200.87425737])
18.6360 	EXP 	unnamed Rect: pos = array([ 74.26302225, 200.87425737])
18.6529 	EXP 	unnamed Rect: pos = array([ 74.26302225, 200.87425737])
18.6690 	EXP 	unnamed Rect: pos = array([ 74.26302225, 200.87425737])
18.6856 	EXP 	unnamed Rect: pos = array([ 74.26302225, 200.87425737])
18.7030 	EXP 	unnamed Rect: pos = array([ 74.26302225, 200.87425737])
18.7196 	EXP 	unnamed Rect: pos = array([ 74.26302225, 200.87425737])
18.7356 	EXP 	unnamed Rect: pos = array([ 74.26302225, 200.87425737])
18.7524 	EXP 	unnamed Rect: pos = array([ 74.26302225, 200.87425737])
18.7701 	EXP 	unnamed Rect: pos = array([ 74.26302225, 200.87425737])
18.7706 	DATA 	Keypress: right
18.7864 	EXP 	unnamed Rect: pos = array([ 84.26302225, 200.87425737])
18.8035 	EXP 	unnamed Rect: pos = array([ 84.26302225, 200.87425737])
18.8192 	EXP 	unnamed Rect: pos = array([ 84.26302225, 200.87425737])
18.8363 	EXP 	unnamed Rect: pos = array([ 84.26302225, 200.87425737])
18.8531 	EXP 	unnamed Rect: pos = array([ 84.26302225, 200.87425737])
18.8696 	EXP 	unnamed Rect: pos = array([ 84.26302225, 200.87425737])
18.8866 	EXP 	unnamed Rect: pos = array([ 84.26302225, 200.87425737])
18.9038 	EXP 	unnamed Rect: pos = array([ 84.26302225, 200.87425737])
18.9045 	DATA 	Keypress: down
18.9234 	EXP 	unnamed Rect: pos = array([ 84.26302225, 190.87425737])
18.9362 	EXP 	unnamed Rect: pos = array([ 84.26302225, 190.87425737])
18.9526 	EXP 	unnamed Rect: pos = array([ 84.26302225, 190.87425737])
18.9691 	EXP 	unnamed Rect: pos = array([ 84.26302225, 190.87425737])
18.9860 	EXP 	unnamed Rect: pos = array([ 84.26302225, 190.87425737])
19.0024 	EXP 	unnamed Rect: pos = array([ 84.26302225, 190.87425737])
19.0197 	EXP 	unnamed Rect: pos = array([ 84.26302225, 190.87425737])
19.0358 	EXP 	unnamed Rect: pos = array([ 84.26302225, 190.87425737])
19.0527 	EXP 	unnamed Rect: pos = array([ 84.26302225, 190.87425737])
19.0691 	EXP 	unnamed Rect: pos = array([ 84.26302225, 190.87425737])
19.0864 	EXP 	unnamed Rect: pos = array([ 84.26302225, 190.87425737])
19.0869 	DATA 	Keypress: down
19.1025 	EXP 	unnamed Rect: pos = array([ 84.26302225, 180.87425737])
19.1198 	EXP 	unnamed Rect: pos = array([ 84.26302225, 180.87425737])
19.1358 	EXP 	unnamed Rect: pos = array([ 84.26302225, 180.87425737])
19.1524 	EXP 	unnamed Rect: pos = array([ 84.26302225, 180.87425737])
19.1691 	EXP 	unnamed Rect: pos = array([ 84.26302225, 180.87425737])
19.1861 	EXP 	unnamed Rect: pos = array([ 84.26302225, 180.87425737])
19.2025 	EXP 	unnamed Rect: pos = array([ 84.26302225, 180.87425737])
19.2195 	EXP 	unnamed Rect: pos = array([ 84.26302225, 180.87425737])
19.2200 	DATA 	Keypress: down
19.2365 	EXP 	unnamed Rect: pos = array([ 84.26302225, 170.87425737])
19.2531 	EXP 	unnamed Rect: pos = array([ 84.26302225, 170.87425737])
19.2696 	EXP 	unnamed Rect: pos = array([ 84.26302225, 170.87425737])
19.2864 	EXP 	unnamed Rect: pos = array([ 84.26302225, 170.87425737])
19.3026 	EXP 	unnamed Rect: pos = array([ 84.26302225, 170.87425737])
19.3197 	EXP 	unnamed Rect: pos = array([ 84.26302225, 170.87425737])
19.3369 	EXP 	unnamed Rect: pos = array([ 84.26302225, 170.87425737])
19.3537 	EXP 	unnamed Rect: pos = array([ 84.26302225, 170.87425737])
19.3701 	EXP 	unnamed Rect: pos = array([ 84.26302225, 170.87425737])
19.3740 	DATA 	Keypress: down
19.3869 	EXP 	unnamed Rect: pos = array([ 84.26302225, 170.87425737])
19.4029 	EXP 	unnamed Rect: pos = array([ 84.26302225, 160.87425737])
19.4202 	EXP 	unnamed Rect: pos = array([ 84.26302225, 160.87425737])
19.4369 	EXP 	unnamed Rect: pos = array([ 84.26302225, 160.87425737])
19.4554 	EXP 	unnamed Rect: pos = array([ 84.26302225, 160.87425737])
19.4694 	EXP 	unnamed Rect: pos = array([ 84.26302225, 160.87425737])
19.4861 	EXP 	unnamed Rect: pos = array([ 84.26302225, 160.87425737])
19.5032 	EXP 	unnamed Rect: pos = array([ 84.26302225, 160.87425737])
19.5200 	EXP 	unnamed Rect: pos = array([ 84.26302225, 160.87425737])
19.5239 	DATA 	Keypress: down
19.5366 	EXP 	unnamed Rect: pos = array([ 84.26302225, 160.87425737])
19.5529 	EXP 	unnamed Rect: pos = array([ 84.26302225, 150.87425737])
19.5696 	EXP 	unnamed Rect: pos = array([ 84.26302225, 150.87425737])
19.5866 	EXP 	unnamed Rect: pos = array([ 84.26302225, 150.87425737])
19.6031 	EXP 	unnamed Rect: pos = array([ 84.26302225, 150.87425737])
19.6197 	EXP 	unnamed Rect: pos = array([ 84.26302225, 150.87425737])
19.6463 	EXP 	unnamed Rect: pos = array([ 84.26302225, 150.87425737])
19.6542 	EXP 	unnamed Rect: pos = array([ 84.26302225, 150.87425737])
19.6689 	EXP 	unnamed Rect: pos = array([ 84.26302225, 150.87425737])
19.6729 	DATA 	Keypress: down
19.6867 	EXP 	unnamed Rect: pos = array([ 84.26302225, 150.87425737])
19.7034 	EXP 	unnamed Rect: pos = array([ 84.26302225, 140.87425737])
19.7196 	EXP 	unnamed Rect: pos = array([ 84.26302225, 140.87425737])
19.7368 	EXP 	unnamed Rect: pos = array([ 84.26302225, 140.87425737])
19.7528 	EXP 	unnamed Rect: pos = array([ 84.26302225, 140.87425737])
19.7697 	EXP 	unnamed Rect: pos = array([ 84.26302225, 140.87425737])
19.7865 	EXP 	unnamed Rect: pos = array([ 84.26302225, 140.87425737])
19.8029 	EXP 	unnamed Rect: pos = array([ 84.26302225, 140.87425737])
19.8201 	EXP 	unnamed Rect: pos = array([ 84.26302225, 140.87425737])
19.8240 	DATA 	Keypress: down
19.8366 	EXP 	unnamed Rect: pos = array([ 84.26302225, 140.87425737])
19.8532 	EXP 	unnamed Rect: pos = array([ 84.26302225, 130.87425737])
19.8696 	EXP 	unnamed Rect: pos = array([ 84.26302225, 130.87425737])
19.8867 	EXP 	unnamed Rect: pos = array([ 84.26302225, 130.87425737])
19.9036 	EXP 	unnamed Rect: pos = array([ 84.26302225, 130.87425737])
19.9229 	EXP 	unnamed Rect: pos = array([ 84.26302225, 130.87425737])
19.9359 	EXP 	unnamed Rect: pos = array([ 84.26302225, 130.87425737])
19.9528 	EXP 	unnamed Rect: pos = array([ 84.26302225, 130.87425737])
19.9693 	EXP 	unnamed Rect: pos = array([ 84.26302225, 130.87425737])
19.9863 	EXP 	unnamed Rect: pos = array([ 84.26302225, 130.87425737])
19.9870 	DATA 	Keypress: down
20.0025 	EXP 	unnamed Rect: pos = array([ 84.26302225, 120.87425737])
20.0193 	EXP 	unnamed Rect: pos = array([ 84.26302225, 120.87425737])
20.0359 	EXP 	unnamed Rect: pos = array([ 84.26302225, 120.87425737])
20.0532 	EXP 	unnamed Rect: pos = array([ 84.26302225, 120.87425737])
20.0695 	EXP 	unnamed Rect: pos = array([ 84.26302225, 120.87425737])
20.0859 	EXP 	unnamed Rect: pos = array([ 84.26302225, 120.87425737])
20.1027 	EXP 	unnamed Rect: pos = array([ 84.26302225, 120.87425737])
20.1199 	EXP 	unnamed Rect: pos = array([ 84.26302225, 120.87425737])
20.1364 	EXP 	unnamed Rect: pos = array([ 84.26302225, 120.87425737])
20.1371 	DATA 	Keypress: down
20.1530 	EXP 	unnamed Rect: pos = array([ 84.26302225, 110.87425737])
20.1700 	EXP 	unnamed Rect: pos = array([ 84.26302225, 110.87425737])
20.1861 	EXP 	unnamed Rect: pos = array([ 84.26302225, 110.87425737])
20.2038 	EXP 	unnamed Rect: pos = array([ 84.26302225, 110.87425737])
20.2194 	EXP 	unnamed Rect: pos = array([ 84.26302225, 110.87425737])
20.2359 	EXP 	unnamed Rect: pos = array([ 84.26302225, 110.87425737])
20.2529 	EXP 	unnamed Rect: pos = array([ 84.26302225, 110.87425737])
20.2694 	EXP 	unnamed Rect: pos = array([ 84.26302225, 110.87425737])
20.2861 	EXP 	unnamed Rect: pos = array([ 84.26302225, 110.87425737])
20.2868 	DATA 	Keypress: down
20.3030 	EXP 	unnamed Rect: pos = array([ 84.26302225, 100.87425737])
20.3200 	EXP 	unnamed Rect: pos = array([ 84.26302225, 100.87425737])
20.3365 	EXP 	unnamed Rect: pos = array([ 84.26302225, 100.87425737])
20.3533 	EXP 	unnamed Rect: pos = array([ 84.26302225, 100.87425737])
20.3694 	EXP 	unnamed Rect: pos = array([ 84.26302225, 100.87425737])
20.3860 	EXP 	unnamed Rect: pos = array([ 84.26302225, 100.87425737])
20.4025 	EXP 	unnamed Rect: pos = array([ 84.26302225, 100.87425737])
20.4193 	EXP 	unnamed Rect: pos = array([ 84.26302225, 100.87425737])
20.4366 	EXP 	unnamed Rect: pos = array([ 84.26302225, 100.87425737])
20.4372 	DATA 	Keypress: down
20.4545 	EXP 	unnamed Rect: pos = array([84.26302225, 90.87425737])
20.4698 	EXP 	unnamed Rect: pos = array([84.26302225, 90.87425737])
20.4859 	EXP 	unnamed Rect: pos = array([84.26302225, 90.87425737])
20.5030 	EXP 	unnamed Rect: pos = array([84.26302225, 90.87425737])
20.5193 	EXP 	unnamed Rect: pos = array([84.26302225, 90.87425737])
20.5359 	EXP 	unnamed Rect: pos = array([84.26302225, 90.87425737])
20.5525 	EXP 	unnamed Rect: pos = array([84.26302225, 90.87425737])
20.5698 	EXP 	unnamed Rect: pos = array([84.26302225, 90.87425737])
20.5860 	EXP 	unnamed Rect: pos = array([84.26302225, 90.87425737])
20.5900 	DATA 	Keypress: down
20.6032 	EXP 	unnamed Rect: pos = array([84.26302225, 90.87425737])
20.6196 	EXP 	unnamed Rect: pos = array([84.26302225, 80.87425737])
20.6369 	EXP 	unnamed Rect: pos = array([84.26302225, 80.87425737])
20.6535 	EXP 	unnamed Rect: pos = array([84.26302225, 80.87425737])
20.6695 	EXP 	unnamed Rect: pos = array([84.26302225, 80.87425737])
20.6860 	EXP 	unnamed Rect: pos = array([84.26302225, 80.87425737])
20.7029 	EXP 	unnamed Rect: pos = array([84.26302225, 80.87425737])
20.7192 	EXP 	unnamed Rect: pos = array([84.26302225, 80.87425737])
20.7358 	EXP 	unnamed Rect: pos = array([84.26302225, 80.87425737])
20.7532 	EXP 	unnamed Rect: pos = array([84.26302225, 80.87425737])
20.7538 	DATA 	Keypress: down
20.7691 	EXP 	unnamed Rect: pos = array([84.26302225, 70.87425737])
20.7860 	EXP 	unnamed Rect: pos = array([84.26302225, 70.87425737])
20.8027 	EXP 	unnamed Rect: pos = array([84.26302225, 70.87425737])
20.8198 	EXP 	unnamed Rect: pos = array([84.26302225, 70.87425737])
20.8363 	EXP 	unnamed Rect: pos = array([84.26302225, 70.87425737])
20.8526 	EXP 	unnamed Rect: pos = array([84.26302225, 70.87425737])
20.8695 	EXP 	unnamed Rect: pos = array([84.26302225, 70.87425737])
20.8859 	EXP 	unnamed Rect: pos = array([84.26302225, 70.87425737])
20.9030 	EXP 	unnamed Rect: pos = array([84.26302225, 70.87425737])
20.9037 	DATA 	Keypress: down
20.9200 	EXP 	unnamed Rect: pos = array([84.26302225, 60.87425737])
20.9363 	EXP 	unnamed Rect: pos = array([84.26302225, 60.87425737])
20.9538 	EXP 	unnamed Rect: pos = array([84.26302225, 60.87425737])
20.9700 	EXP 	unnamed Rect: pos = array([84.26302225, 60.87425737])
20.9864 	EXP 	unnamed Rect: pos = array([84.26302225, 60.87425737])
21.0025 	EXP 	unnamed Rect: pos = array([84.26302225, 60.87425737])
21.0199 	EXP 	unnamed Rect: pos = array([84.26302225, 60.87425737])
21.0364 	EXP 	unnamed Rect: pos = array([84.26302225, 60.87425737])
21.0527 	EXP 	unnamed Rect: pos = array([84.26302225, 60.87425737])
21.0698 	EXP 	unnamed Rect: pos = array([84.26302225, 60.87425737])
21.0704 	DATA 	Keypress: down
21.0863 	EXP 	unnamed Rect: pos = array([84.26302225, 50.87425737])
21.1029 	EXP 	unnamed Rect: pos = array([84.26302225, 50.87425737])
21.1195 	EXP 	unnamed Rect: pos = array([84.26302225, 50.87425737])
21.1364 	EXP 	unnamed Rect: pos = array([84.26302225, 50.87425737])
21.1530 	EXP 	unnamed Rect: pos = array([84.26302225, 50.87425737])
21.1697 	EXP 	unnamed Rect: pos = array([84.26302225, 50.87425737])
21.1861 	EXP 	unnamed Rect: pos = array([84.26302225, 50.87425737])
21.2026 	EXP 	unnamed Rect: pos = array([84.26302225, 50.87425737])
21.2193 	EXP 	unnamed Rect: pos = array([84.26302225, 50.87425737])
21.2363 	EXP 	unnamed Rect: pos = array([84.26302225, 50.87425737])
21.2369 	DATA 	Keypress: down
21.2525 	EXP 	unnamed Rect: pos = array([84.26302225, 40.87425737])
21.2696 	EXP 	unnamed Rect: pos = array([84.26302225, 40.87425737])
21.2857 	EXP 	unnamed Rect: pos = array([84.26302225, 40.87425737])
21.3029 	EXP 	unnamed Rect: pos = array([84.26302225, 40.87425737])
21.3192 	EXP 	unnamed Rect: pos = array([84.26302225, 40.87425737])
21.3360 	EXP 	unnamed Rect: pos = array([84.26302225, 40.87425737])
21.3525 	EXP 	unnamed Rect: pos = array([84.26302225, 40.87425737])
21.3694 	EXP 	unnamed Rect: pos = array([84.26302225, 40.87425737])
21.3863 	EXP 	unnamed Rect: pos = array([84.26302225, 40.87425737])
21.3870 	DATA 	Keypress: down
21.4028 	EXP 	unnamed Rect: pos = array([84.26302225, 30.87425737])
21.4197 	EXP 	unnamed Rect: pos = array([84.26302225, 30.87425737])
21.4359 	EXP 	unnamed Rect: pos = array([84.26302225, 30.87425737])
21.4529 	EXP 	unnamed Rect: pos = array([84.26302225, 30.87425737])
21.4696 	EXP 	unnamed Rect: pos = array([84.26302225, 30.87425737])
21.4863 	EXP 	unnamed Rect: pos = array([84.26302225, 30.87425737])
21.5030 	EXP 	unnamed Rect: pos = array([84.26302225, 30.87425737])
21.5192 	EXP 	unnamed Rect: pos = array([84.26302225, 30.87425737])
21.5362 	EXP 	unnamed Rect: pos = array([84.26302225, 30.87425737])
21.5367 	DATA 	Keypress: left
21.5527 	EXP 	unnamed Rect: pos = array([74.26302225, 30.87425737])
21.5699 	EXP 	unnamed Rect: pos = array([74.26302225, 30.87425737])
21.5864 	EXP 	unnamed Rect: pos = array([74.26302225, 30.87425737])
21.6025 	EXP 	unnamed Rect: pos = array([74.26302225, 30.87425737])
21.6199 	EXP 	unnamed Rect: pos = array([74.26302225, 30.87425737])
21.6365 	EXP 	unnamed Rect: pos = array([74.26302225, 30.87425737])
21.6532 	EXP 	unnamed Rect: pos = array([74.26302225, 30.87425737])
21.6695 	EXP 	unnamed Rect: pos = array([74.26302225, 30.87425737])
21.6860 	EXP 	unnamed Rect: pos = array([74.26302225, 30.87425737])
21.7027 	EXP 	unnamed Rect: pos = array([74.26302225, 30.87425737])
21.7191 	EXP 	unnamed Rect: pos = array([74.26302225, 30.87425737])
21.7359 	EXP 	unnamed Rect: pos = array([74.26302225, 30.87425737])
21.7526 	EXP 	unnamed Rect: pos = array([74.26302225, 30.87425737])
21.7569 	DATA 	Keypress: down
21.7699 	EXP 	unnamed Rect: pos = array([74.26302225, 30.87425737])
21.7861 	EXP 	unnamed Rect: pos = array([74.26302225, 20.87425737])
21.8026 	EXP 	unnamed Rect: pos = array([74.26302225, 20.87425737])
21.8197 	EXP 	unnamed Rect: pos = array([74.26302225, 20.87425737])
21.8364 	EXP 	unnamed Rect: pos = array([74.26302225, 20.87425737])
21.8526 	EXP 	unnamed Rect: pos = array([74.26302225, 20.87425737])
21.8697 	EXP 	unnamed Rect: pos = array([74.26302225, 20.87425737])
21.8861 	EXP 	unnamed Rect: pos = array([74.26302225, 20.87425737])
21.9029 	EXP 	unnamed Rect: pos = array([74.26302225, 20.87425737])
21.9202 	EXP 	unnamed Rect: pos = array([74.26302225, 20.87425737])
21.9208 	DATA 	Keypress: down
21.9365 	EXP 	unnamed Rect: pos = array([74.26302225, 10.87425737])
21.9530 	EXP 	unnamed Rect: pos = array([74.26302225, 10.87425737])
21.9694 	EXP 	unnamed Rect: pos = array([74.26302225, 10.87425737])
21.9864 	EXP 	unnamed Rect: pos = array([74.26302225, 10.87425737])
22.0037 	EXP 	unnamed Rect: pos = array([74.26302225, 10.87425737])
22.0210 	EXP 	unnamed Rect: pos = array([74.26302225, 10.87425737])
22.0364 	EXP 	unnamed Rect: pos = array([74.26302225, 10.87425737])
22.0531 	EXP 	unnamed Rect: pos = array([74.26302225, 10.87425737])
22.0699 	EXP 	unnamed Rect: pos = array([74.26302225, 10.87425737])
22.0740 	DATA 	Keypress: right
22.0877 	EXP 	unnamed Rect: pos = array([74.26302225, 10.87425737])
22.1031 	EXP 	unnamed Rect: pos = array([84.26302225, 10.87425737])
22.1204 	EXP 	unnamed Rect: pos = array([84.26302225, 10.87425737])
22.1366 	EXP 	unnamed Rect: pos = array([84.26302225, 10.87425737])
22.1533 	EXP 	unnamed Rect: pos = array([84.26302225, 10.87425737])
22.1713 	EXP 	unnamed Rect: pos = array([84.26302225, 10.87425737])
22.1871 	EXP 	unnamed Rect: pos = array([84.26302225, 10.87425737])
22.2032 	EXP 	unnamed Rect: pos = array([84.26302225, 10.87425737])
22.2201 	EXP 	unnamed Rect: pos = array([84.26302225, 10.87425737])
22.2369 	EXP 	unnamed Rect: pos = array([84.26302225, 10.87425737])
22.2544 	EXP 	unnamed Rect: pos = array([84.26302225, 10.87425737])
22.2703 	EXP 	unnamed Rect: pos = array([84.26302225, 10.87425737])
22.2710 	DATA 	Keypress: down
22.2875 	EXP 	unnamed Rect: pos = array([84.26302225,  0.87425737])
22.3031 	EXP 	unnamed Rect: pos = array([84.26302225,  0.87425737])
22.3201 	EXP 	unnamed Rect: pos = array([84.26302225,  0.87425737])
22.3375 	EXP 	unnamed Rect: pos = array([84.26302225,  0.87425737])
22.3534 	EXP 	unnamed Rect: pos = array([84.26302225,  0.87425737])
22.3703 	EXP 	unnamed Rect: pos = array([84.26302225,  0.87425737])
22.3867 	EXP 	unnamed Rect: pos = array([84.26302225,  0.87425737])
22.4036 	EXP 	unnamed Rect: pos = array([84.26302225,  0.87425737])
22.4210 	EXP 	unnamed Rect: pos = array([84.26302225,  0.87425737])
22.4216 	DATA 	Keypress: down
22.4368 	EXP 	unnamed Rect: pos = array([84.26302225, -9.12574263])
22.4534 	EXP 	unnamed Rect: pos = array([84.26302225, -9.12574263])
22.4704 	EXP 	unnamed Rect: pos = array([84.26302225, -9.12574263])
22.4864 	EXP 	unnamed Rect: pos = array([84.26302225, -9.12574263])
22.4903 	DATA 	Keypress: left
22.5030 	EXP 	unnamed Rect: pos = array([84.26302225, -9.12574263])
22.5194 	EXP 	unnamed Rect: pos = array([74.26302225, -9.12574263])
22.5361 	EXP 	unnamed Rect: pos = array([74.26302225, -9.12574263])
22.5527 	EXP 	unnamed Rect: pos = array([74.26302225, -9.12574263])
22.5700 	EXP 	unnamed Rect: pos = array([74.26302225, -9.12574263])
22.5864 	EXP 	unnamed Rect: pos = array([74.26302225, -9.12574263])
22.6028 	EXP 	unnamed Rect: pos = array([74.26302225, -9.12574263])
22.6197 	EXP 	unnamed Rect: pos = array([74.26302225, -9.12574263])
22.6366 	EXP 	unnamed Rect: pos = array([74.26302225, -9.12574263])
22.6373 	DATA 	Keypress: left
22.6532 	EXP 	unnamed Rect: pos = array([64.26302225, -9.12574263])
22.6694 	EXP 	unnamed Rect: pos = array([64.26302225, -9.12574263])
22.6870 	EXP 	unnamed Rect: pos = array([64.26302225, -9.12574263])
22.7029 	EXP 	unnamed Rect: pos = array([64.26302225, -9.12574263])
22.7197 	EXP 	unnamed Rect: pos = array([64.26302225, -9.12574263])
22.7364 	EXP 	unnamed Rect: pos = array([64.26302225, -9.12574263])
22.7530 	EXP 	unnamed Rect: pos = array([64.26302225, -9.12574263])
22.7700 	EXP 	unnamed Rect: pos = array([64.26302225, -9.12574263])
22.7862 	EXP 	unnamed Rect: pos = array([64.26302225, -9.12574263])
22.8037 	EXP 	unnamed Rect: pos = array([64.26302225, -9.12574263])
22.8044 	DATA 	Keypress: left
22.8202 	EXP 	unnamed Rect: pos = array([54.26302225, -9.12574263])
22.8359 	EXP 	unnamed Rect: pos = array([54.26302225, -9.12574263])
22.8529 	EXP 	unnamed Rect: pos = array([54.26302225, -9.12574263])
22.8698 	EXP 	unnamed Rect: pos = array([54.26302225, -9.12574263])
22.8865 	EXP 	unnamed Rect: pos = array([54.26302225, -9.12574263])
22.9031 	EXP 	unnamed Rect: pos = array([54.26302225, -9.12574263])
22.9201 	EXP 	unnamed Rect: pos = array([54.26302225, -9.12574263])
22.9207 	DATA 	Keypress: down
22.9360 	EXP 	unnamed Rect: pos = array([ 54.26302225, -19.12574263])
22.9532 	EXP 	unnamed Rect: pos = array([ 54.26302225, -19.12574263])
22.9696 	EXP 	unnamed Rect: pos = array([ 54.26302225, -19.12574263])
22.9862 	EXP 	unnamed Rect: pos = array([ 54.26302225, -19.12574263])
23.0028 	EXP 	unnamed Rect: pos = array([ 54.26302225, -19.12574263])
23.0202 	EXP 	unnamed Rect: pos = array([ 54.26302225, -19.12574263])
23.0363 	EXP 	unnamed Rect: pos = array([ 54.26302225, -19.12574263])
23.0528 	EXP 	unnamed Rect: pos = array([ 54.26302225, -19.12574263])
23.0702 	EXP 	unnamed Rect: pos = array([ 54.26302225, -19.12574263])
23.0866 	EXP 	unnamed Rect: pos = array([ 54.26302225, -19.12574263])
23.0873 	DATA 	Keypress: down
23.1033 	EXP 	unnamed Rect: pos = array([ 54.26302225, -29.12574263])
23.1197 	EXP 	unnamed Rect: pos = array([ 54.26302225, -29.12574263])
23.1362 	EXP 	unnamed Rect: pos = array([ 54.26302225, -29.12574263])
23.1533 	EXP 	unnamed Rect: pos = array([ 54.26302225, -29.12574263])
23.1696 	EXP 	unnamed Rect: pos = array([ 54.26302225, -29.12574263])
23.1873 	EXP 	unnamed Rect: pos = array([ 54.26302225, -29.12574263])
23.2031 	EXP 	unnamed Rect: pos = array([ 54.26302225, -29.12574263])
23.2195 	EXP 	unnamed Rect: pos = array([ 54.26302225, -29.12574263])
23.2369 	EXP 	unnamed Rect: pos = array([ 54.26302225, -29.12574263])
23.2543 	EXP 	unnamed Rect: pos = array([ 54.26302225, -29.12574263])
23.2550 	DATA 	Keypress: down
23.2700 	EXP 	unnamed Rect: pos = array([ 54.26302225, -39.12574263])
23.2864 	EXP 	unnamed Rect: pos = array([ 54.26302225, -39.12574263])
23.3030 	EXP 	unnamed Rect: pos = array([ 54.26302225, -39.12574263])
23.3195 	EXP 	unnamed Rect: pos = array([ 54.26302225, -39.12574263])
23.3373 	EXP 	unnamed Rect: pos = array([ 54.26302225, -39.12574263])
23.3526 	EXP 	unnamed Rect: pos = array([ 54.26302225, -39.12574263])
23.3699 	EXP 	unnamed Rect: pos = array([ 54.26302225, -39.12574263])
23.3860 	EXP 	unnamed Rect: pos = array([ 54.26302225, -39.12574263])
23.4033 	EXP 	unnamed Rect: pos = array([ 54.26302225, -39.12574263])
23.4039 	DATA 	Keypress: down
23.4197 	EXP 	unnamed Rect: pos = array([ 54.26302225, -49.12574263])
23.4367 	EXP 	unnamed Rect: pos = array([ 54.26302225, -49.12574263])
23.4535 	EXP 	unnamed Rect: pos = array([ 54.26302225, -49.12574263])
23.4699 	EXP 	unnamed Rect: pos = array([ 54.26302225, -49.12574263])
23.4865 	EXP 	unnamed Rect: pos = array([ 54.26302225, -49.12574263])
23.5027 	EXP 	unnamed Rect: pos = array([ 54.26302225, -49.12574263])
23.5193 	EXP 	unnamed Rect: pos = array([ 54.26302225, -49.12574263])
23.5367 	EXP 	unnamed Rect: pos = array([ 54.26302225, -49.12574263])
23.5529 	EXP 	unnamed Rect: pos = array([ 54.26302225, -49.12574263])
23.5699 	EXP 	unnamed Rect: pos = array([ 54.26302225, -49.12574263])
23.5869 	EXP 	unnamed Rect: pos = array([ 54.26302225, -49.12574263])
23.5875 	DATA 	Keypress: right
23.6030 	EXP 	unnamed Rect: pos = array([ 64.26302225, -49.12574263])
23.6195 	EXP 	unnamed Rect: pos = array([ 64.26302225, -49.12574263])
23.6365 	EXP 	unnamed Rect: pos = array([ 64.26302225, -49.12574263])
23.6526 	EXP 	unnamed Rect: pos = array([ 64.26302225, -49.12574263])
23.6700 	EXP 	unnamed Rect: pos = array([ 64.26302225, -49.12574263])
23.6870 	EXP 	unnamed Rect: pos = array([ 64.26302225, -49.12574263])
23.7038 	EXP 	unnamed Rect: pos = array([ 64.26302225, -49.12574263])
23.7198 	EXP 	unnamed Rect: pos = array([ 64.26302225, -49.12574263])
23.7371 	EXP 	unnamed Rect: pos = array([ 64.26302225, -49.12574263])
23.7378 	DATA 	Keypress: right
23.7530 	EXP 	unnamed Rect: pos = array([ 74.26302225, -49.12574263])
23.7695 	EXP 	unnamed Rect: pos = array([ 74.26302225, -49.12574263])
23.7860 	EXP 	unnamed Rect: pos = array([ 74.26302225, -49.12574263])
23.8032 	EXP 	unnamed Rect: pos = array([ 74.26302225, -49.12574263])
23.8200 	EXP 	unnamed Rect: pos = array([ 74.26302225, -49.12574263])
23.8360 	EXP 	unnamed Rect: pos = array([ 74.26302225, -49.12574263])
23.8534 	EXP 	unnamed Rect: pos = array([ 74.26302225, -49.12574263])
23.8698 	EXP 	unnamed Rect: pos = array([ 74.26302225, -49.12574263])
23.8866 	EXP 	unnamed Rect: pos = array([ 74.26302225, -49.12574263])
23.8874 	DATA 	Keypress: right
23.9027 	EXP 	unnamed Rect: pos = array([ 84.26302225, -49.12574263])
23.9199 	EXP 	unnamed Rect: pos = array([ 84.26302225, -49.12574263])
23.9362 	EXP 	unnamed Rect: pos = array([ 84.26302225, -49.12574263])
23.9532 	EXP 	unnamed Rect: pos = array([ 84.26302225, -49.12574263])
23.9695 	EXP 	unnamed Rect: pos = array([ 84.26302225, -49.12574263])
23.9862 	EXP 	unnamed Rect: pos = array([ 84.26302225, -49.12574263])
24.0028 	EXP 	unnamed Rect: pos = array([ 84.26302225, -49.12574263])
24.0197 	EXP 	unnamed Rect: pos = array([ 84.26302225, -49.12574263])
24.0367 	EXP 	unnamed Rect: pos = array([ 84.26302225, -49.12574263])
24.0373 	DATA 	Keypress: right
24.0526 	EXP 	unnamed Rect: pos = array([ 94.26302225, -49.12574263])
24.0695 	EXP 	unnamed Rect: pos = array([ 94.26302225, -49.12574263])
24.0864 	EXP 	unnamed Rect: pos = array([ 94.26302225, -49.12574263])
24.1035 	EXP 	unnamed Rect: pos = array([ 94.26302225, -49.12574263])
24.1200 	EXP 	unnamed Rect: pos = array([ 94.26302225, -49.12574263])
24.1369 	EXP 	unnamed Rect: pos = array([ 94.26302225, -49.12574263])
24.1535 	EXP 	unnamed Rect: pos = array([ 94.26302225, -49.12574263])
24.1701 	EXP 	unnamed Rect: pos = array([ 94.26302225, -49.12574263])
24.1873 	EXP 	unnamed Rect: pos = array([ 94.26302225, -49.12574263])
24.2034 	EXP 	unnamed Rect: pos = array([ 94.26302225, -49.12574263])
24.2204 	EXP 	unnamed Rect: pos = array([ 94.26302225, -49.12574263])
24.2367 	EXP 	unnamed Rect: pos = array([ 94.26302225, -49.12574263])
24.2541 	EXP 	unnamed Rect: pos = array([ 94.26302225, -49.12574263])
24.2548 	DATA 	Keypress: right
24.2704 	EXP 	unnamed Rect: pos = array([104.26302225, -49.12574263])
24.2865 	EXP 	unnamed Rect: pos = array([104.26302225, -49.12574263])
24.3037 	EXP 	unnamed Rect: pos = array([104.26302225, -49.12574263])
24.3199 	EXP 	unnamed Rect: pos = array([104.26302225, -49.12574263])
24.3365 	EXP 	unnamed Rect: pos = array([104.26302225, -49.12574263])
24.3534 	EXP 	unnamed Rect: pos = array([104.26302225, -49.12574263])
24.3703 	EXP 	unnamed Rect: pos = array([104.26302225, -49.12574263])
24.3867 	EXP 	unnamed Rect: pos = array([104.26302225, -49.12574263])
24.4032 	EXP 	unnamed Rect: pos = array([104.26302225, -49.12574263])
24.4203 	EXP 	unnamed Rect: pos = array([104.26302225, -49.12574263])
24.4365 	EXP 	unnamed Rect: pos = array([104.26302225, -49.12574263])
24.4531 	EXP 	unnamed Rect: pos = array([104.26302225, -49.12574263])
24.4706 	EXP 	unnamed Rect: pos = array([104.26302225, -49.12574263])
24.4713 	DATA 	Keypress: up
24.4868 	EXP 	unnamed Rect: pos = array([104.26302225, -39.12574263])
24.5035 	EXP 	unnamed Rect: pos = array([104.26302225, -39.12574263])
24.5203 	EXP 	unnamed Rect: pos = array([104.26302225, -39.12574263])
24.5366 	EXP 	unnamed Rect: pos = array([104.26302225, -39.12574263])
24.5537 	EXP 	unnamed Rect: pos = array([104.26302225, -39.12574263])
24.5702 	EXP 	unnamed Rect: pos = array([104.26302225, -39.12574263])
24.5872 	EXP 	unnamed Rect: pos = array([104.26302225, -39.12574263])
24.6036 	EXP 	unnamed Rect: pos = array([104.26302225, -39.12574263])
24.6203 	EXP 	unnamed Rect: pos = array([104.26302225, -39.12574263])
24.6242 	DATA 	Keypress: up
24.6371 	EXP 	unnamed Rect: pos = array([104.26302225, -39.12574263])
24.6536 	EXP 	unnamed Rect: pos = array([104.26302225, -29.12574263])
24.6701 	EXP 	unnamed Rect: pos = array([104.26302225, -29.12574263])
24.6869 	EXP 	unnamed Rect: pos = array([104.26302225, -29.12574263])
24.7035 	EXP 	unnamed Rect: pos = array([104.26302225, -29.12574263])
24.7209 	EXP 	unnamed Rect: pos = array([104.26302225, -29.12574263])
24.7370 	EXP 	unnamed Rect: pos = array([104.26302225, -29.12574263])
24.7542 	EXP 	unnamed Rect: pos = array([104.26302225, -29.12574263])
24.7699 	EXP 	unnamed Rect: pos = array([104.26302225, -29.12574263])
24.7873 	EXP 	unnamed Rect: pos = array([104.26302225, -29.12574263])
24.7912 	DATA 	Keypress: up
24.8035 	EXP 	unnamed Rect: pos = array([104.26302225, -29.12574263])
24.8200 	EXP 	unnamed Rect: pos = array([104.26302225, -19.12574263])
24.8368 	EXP 	unnamed Rect: pos = array([104.26302225, -19.12574263])
24.8533 	EXP 	unnamed Rect: pos = array([104.26302225, -19.12574263])
24.8711 	EXP 	unnamed Rect: pos = array([104.26302225, -19.12574263])
24.8869 	EXP 	unnamed Rect: pos = array([104.26302225, -19.12574263])
24.9037 	EXP 	unnamed Rect: pos = array([104.26302225, -19.12574263])
24.9202 	EXP 	unnamed Rect: pos = array([104.26302225, -19.12574263])
24.9366 	EXP 	unnamed Rect: pos = array([104.26302225, -19.12574263])
24.9536 	EXP 	unnamed Rect: pos = array([104.26302225, -19.12574263])
24.9544 	DATA 	Keypress: up
24.9709 	EXP 	unnamed Rect: pos = array([104.26302225,  -9.12574263])
24.9867 	EXP 	unnamed Rect: pos = array([104.26302225,  -9.12574263])
25.0033 	EXP 	unnamed Rect: pos = array([104.26302225,  -9.12574263])
25.0205 	EXP 	unnamed Rect: pos = array([104.26302225,  -9.12574263])
25.0380 	EXP 	unnamed Rect: pos = array([104.26302225,  -9.12574263])
25.0531 	EXP 	unnamed Rect: pos = array([104.26302225,  -9.12574263])
25.0698 	EXP 	unnamed Rect: pos = array([104.26302225,  -9.12574263])
25.0866 	EXP 	unnamed Rect: pos = array([104.26302225,  -9.12574263])
25.1033 	EXP 	unnamed Rect: pos = array([104.26302225,  -9.12574263])
25.1204 	EXP 	unnamed Rect: pos = array([104.26302225,  -9.12574263])
25.1238 	DATA 	Keypress: up
25.1377 	EXP 	unnamed Rect: pos = array([104.26302225,  -9.12574263])
25.1534 	EXP 	unnamed Rect: pos = array([104.26302225,   0.87425737])
25.1700 	EXP 	unnamed Rect: pos = array([104.26302225,   0.87425737])
25.1871 	EXP 	unnamed Rect: pos = array([104.26302225,   0.87425737])
25.2044 	EXP 	unnamed Rect: pos = array([104.26302225,   0.87425737])
25.2197 	EXP 	unnamed Rect: pos = array([104.26302225,   0.87425737])
25.2364 	EXP 	unnamed Rect: pos = array([104.26302225,   0.87425737])
25.2539 	EXP 	unnamed Rect: pos = array([104.26302225,   0.87425737])
25.2700 	EXP 	unnamed Rect: pos = array([104.26302225,   0.87425737])
25.2867 	EXP 	unnamed Rect: pos = array([104.26302225,   0.87425737])
25.3041 	EXP 	unnamed Rect: pos = array([104.26302225,   0.87425737])
25.3049 	DATA 	Keypress: up
25.3202 	EXP 	unnamed Rect: pos = array([104.26302225,  10.87425737])
25.3369 	EXP 	unnamed Rect: pos = array([104.26302225,  10.87425737])
25.3535 	EXP 	unnamed Rect: pos = array([104.26302225,  10.87425737])
25.3701 	EXP 	unnamed Rect: pos = array([104.26302225,  10.87425737])
25.3868 	EXP 	unnamed Rect: pos = array([104.26302225,  10.87425737])
25.4032 	EXP 	unnamed Rect: pos = array([104.26302225,  10.87425737])
25.4204 	EXP 	unnamed Rect: pos = array([104.26302225,  10.87425737])
25.4365 	EXP 	unnamed Rect: pos = array([104.26302225,  10.87425737])
25.4531 	EXP 	unnamed Rect: pos = array([104.26302225,  10.87425737])
25.4710 	EXP 	unnamed Rect: pos = array([104.26302225,  10.87425737])
25.4717 	DATA 	Keypress: up
25.4867 	EXP 	unnamed Rect: pos = array([104.26302225,  20.87425737])
25.5036 	EXP 	unnamed Rect: pos = array([104.26302225,  20.87425737])
25.5204 	EXP 	unnamed Rect: pos = array([104.26302225,  20.87425737])
25.5373 	EXP 	unnamed Rect: pos = array([104.26302225,  20.87425737])
25.5536 	EXP 	unnamed Rect: pos = array([104.26302225,  20.87425737])
25.5697 	EXP 	unnamed Rect: pos = array([104.26302225,  20.87425737])
25.5873 	EXP 	unnamed Rect: pos = array([104.26302225,  20.87425737])
25.6031 	EXP 	unnamed Rect: pos = array([104.26302225,  20.87425737])
25.6197 	EXP 	unnamed Rect: pos = array([104.26302225,  20.87425737])
25.6370 	EXP 	unnamed Rect: pos = array([104.26302225,  20.87425737])
25.6378 	DATA 	Keypress: up
25.6532 	EXP 	unnamed Rect: pos = array([104.26302225,  30.87425737])
25.6701 	EXP 	unnamed Rect: pos = array([104.26302225,  30.87425737])
25.6871 	EXP 	unnamed Rect: pos = array([104.26302225,  30.87425737])
25.7035 	EXP 	unnamed Rect: pos = array([104.26302225,  30.87425737])
25.7203 	EXP 	unnamed Rect: pos = array([104.26302225,  30.87425737])
25.7369 	EXP 	unnamed Rect: pos = array([104.26302225,  30.87425737])
25.7537 	EXP 	unnamed Rect: pos = array([104.26302225,  30.87425737])
25.7703 	EXP 	unnamed Rect: pos = array([104.26302225,  30.87425737])
25.7864 	EXP 	unnamed Rect: pos = array([104.26302225,  30.87425737])
25.8042 	EXP 	unnamed Rect: pos = array([104.26302225,  30.87425737])
25.8049 	DATA 	Keypress: up
25.8205 	EXP 	unnamed Rect: pos = array([104.26302225,  40.87425737])
25.8374 	EXP 	unnamed Rect: pos = array([104.26302225,  40.87425737])
25.8534 	EXP 	unnamed Rect: pos = array([104.26302225,  40.87425737])
25.8706 	EXP 	unnamed Rect: pos = array([104.26302225,  40.87425737])
25.8876 	EXP 	unnamed Rect: pos = array([104.26302225,  40.87425737])
25.9033 	EXP 	unnamed Rect: pos = array([104.26302225,  40.87425737])
25.9204 	EXP 	unnamed Rect: pos = array([104.26302225,  40.87425737])
25.9367 	EXP 	unnamed Rect: pos = array([104.26302225,  40.87425737])
25.9534 	EXP 	unnamed Rect: pos = array([104.26302225,  40.87425737])
25.9705 	EXP 	unnamed Rect: pos = array([104.26302225,  40.87425737])
25.9713 	DATA 	Keypress: up
25.9874 	EXP 	unnamed Rect: pos = array([104.26302225,  50.87425737])
26.0031 	EXP 	unnamed Rect: pos = array([104.26302225,  50.87425737])
26.0200 	EXP 	unnamed Rect: pos = array([104.26302225,  50.87425737])
26.0368 	EXP 	unnamed Rect: pos = array([104.26302225,  50.87425737])
26.0539 	EXP 	unnamed Rect: pos = array([104.26302225,  50.87425737])
26.0701 	EXP 	unnamed Rect: pos = array([104.26302225,  50.87425737])
26.0874 	EXP 	unnamed Rect: pos = array([104.26302225,  50.87425737])
26.1036 	EXP 	unnamed Rect: pos = array([104.26302225,  50.87425737])
26.1204 	EXP 	unnamed Rect: pos = array([104.26302225,  50.87425737])
26.1363 	EXP 	unnamed Rect: pos = array([104.26302225,  50.87425737])
26.1530 	EXP 	text: autoDraw = True
26.1547 	DATA 	Keypress: up
26.3057 	DATA 	Keypress: up
26.4910 	DATA 	Keypress: up
28.5410 	DATA 	Keypress: space
29.1364 	EXP 	New trial (rep=1, index=0): None
29.1529 	EXP 	text: autoDraw = False
29.1529 	EXP 	text: autoDraw = False
29.1529 	EXP 	Welcometext: autoDraw = True
29.8906 	DATA 	Keypress: escape
30.1170 	EXP 	window1: mouseVisible = True
