0.6304 	WARNING 	We strongly recommend you activate the PTB sound engine in PsychoPy prefs as the preferred audio engine. Its timing is vastly superior. Your prefs are currently set to use ['sounddevice', 'PTB', 'pyo', 'pygame'] (in that order).
4.4740 	ERROR 	'-1.0000, -1.0000, -1.0000' is not a valid rgb color
5.0554 	EXP 	Created window1 = Window(allowGUI=False, allowStencil=False, autoLog=True, backendConf=UNKNOWN, bitsMode=UNKNOWN, blendMode='avg', bpc=(8, 8, 8), color=array([0, 0, 0]), colorSpace='rgb', depthBits=8, fullscr=<method-wrapper '__getattribute__' of attributeSetter object at 0x7fa5c168fa90>, gamma=None, gammaErrorPolicy='raise', lms=UNKNOWN, monitor=<psychopy.monitors.calibTools.Monitor object at 0x7fa5774320b8>, multiSample=False, name='window1', numSamples=2, pos=[360.0, 225.0], screen=0, size=array([2880, 1800]), stencilBits=0, stereo=False, units='height', useFBO=True, useRetina=True, viewOri=0.0, viewPos=None, viewScale=None, waitBlanking=True, winType='pyglet')
5.0557 	EXP 	window1: mouseVisible = True
5.0558 	EXP 	window1: recordFrameIntervals = False
5.2222 	EXP 	window1: recordFrameIntervals = True
5.4054 	EXP 	window1: recordFrameIntervals = False
6.0313 	DEPRECATION 	'1.0000, 1.0000, 1.0000' is not a valid rgb color
6.0598 	EXP 	Created Welcometext = TextStim(__class__=<class 'psychopy.visual.text.TextStim'>, alignHoriz=method-wrapper(...), alignText='center', alignVert=method-wrapper(...), anchorHoriz='center', anchorVert='center', antialias=True, autoLog=True, bold=False, color=array([0., 0., 0.]), colorSpace='rgb', contrast=1.0, depth=0.0, flipHoriz=False, flipVert=False, font='Open Sans', fontFiles=[], height=0.05, italic=False, languageStyle='LTR', name='Welcometext', opacity=0, ori=0.0, pos=array([0., 0.]), rgb=UNKNOWN, text='Welcome\nPlease press Spacebar to start', units='height', win=Window(...), wrapWidth=1)
6.4259 	EXP 	Created text = TextStim(__class__=<class 'psychopy.visual.text.TextStim'>, alignHoriz=method-wrapper(...), alignText='center', alignVert=method-wrapper(...), anchorHoriz='center', anchorVert='center', antialias=True, autoLog=True, bold=False, color=array([1., 1., 1.]), colorSpace='rgb', contrast=1.0, depth=0.0, flipHoriz=False, flipVert=False, font='Open Sans', fontFiles=[], height=0.05, italic=False, languageStyle='LTR', name='text', opacity=1, ori=0.0, pos=array([0., 0.]), rgb=UNKNOWN, text=str(...), units='height', win=Window(...), wrapWidth=1)
6.4264 	EXP 	Created sequence: random, trialTypes=1, nReps=5, seed=None
6.4266 	EXP 	New trial (rep=0, index=0): None
6.4303 	DATA 	Keypress: space
6.4350 	EXP 	Welcometext: autoDraw = True
7.0776 	EXP 	Created unnamed Rect = Rect(__class__=<class 'psychopy.visual.rect.Rect'>, autoDraw=False, autoLog=True, closeShape=True, color=method-wrapper(...), colorSpace='rgb', contrast=None, depth=0, fillColor=array([ 1, -1, -1]), fillColorSpace='rgb', fillRGB=array([ 1, -1, -1]), interpolate=True, lineColor=array([-1., -1.,  1.]), lineColorSpace='rgb', lineRGB=array([-1, -1,  1]), lineWidth=1.5, name='unnamed Rect', opacity=1, ori=0.0, pos=array([0., 0.]), size=array([1000.,  700.]), units='pix', vertices=ndarray(...), win=Window(...))
7.0805 	EXP 	Created unnamed Rect = Rect(__class__=<class 'psychopy.visual.rect.Rect'>, autoDraw=False, autoLog=True, closeShape=True, color=method-wrapper(...), colorSpace='rgb', contrast=None, depth=0, fillColor=array([-1, -1, -1]), fillColorSpace='rgb', fillRGB=array([-1, -1, -1]), interpolate=True, lineColor=array([-1., -1.,  1.]), lineColorSpace='rgb', lineRGB=array([-1, -1,  1]), lineWidth=1.5, name='unnamed Rect', opacity=1, ori=0.0, pos=array([0., 0.]), size=array([400., 600.]), units='pix', vertices=ndarray(...), win=Window(...))
7.0831 	EXP 	Created unnamed Rect = Rect(__class__=<class 'psychopy.visual.rect.Rect'>, autoDraw=False, autoLog=True, closeShape=True, color=method-wrapper(...), colorSpace='rgb', contrast=None, depth=0, fillColor=array([-1, -1, -1]), fillColorSpace='rgb', fillRGB=array([-1, -1, -1]), interpolate=True, lineColor=array([-1., -1.,  1.]), lineColorSpace='rgb', lineRGB=array([-1, -1,  1]), lineWidth=1.5, name='unnamed Rect', opacity=1, ori=0.0, pos=array([0., 0.]), size=array([400., 600.]), units='pix', vertices=ndarray(...), win=Window(...))
7.0862 	EXP 	Created unnamed Rect = Rect(__class__=<class 'psychopy.visual.rect.Rect'>, autoDraw=False, autoLog=True, closeShape=True, color=method-wrapper(...), colorSpace='rgb', contrast=None, depth=0, fillColor=array([ 1,  1, -1]), fillColorSpace='rgb', fillRGB=array([ 1,  1, -1]), interpolate=True, lineColor=array([0., 0., 0.]), lineColorSpace='rgb', lineRGB=array([0, 0, 0]), lineWidth=1.5, name='unnamed Rect', opacity=0.5, ori=0.0, pos=array([0., 0.]), size=array([30., 30.]), units='pix', vertices=ndarray(...), win=Window(...))
7.0890 	EXP 	Created unnamed Rect = Rect(__class__=<class 'psychopy.visual.rect.Rect'>, autoDraw=False, autoLog=True, closeShape=True, color=method-wrapper(...), colorSpace='rgb', contrast=None, depth=0, fillColor=array([ 1,  1, -1]), fillColorSpace='rgb', fillRGB=array([ 1,  1, -1]), interpolate=True, lineColor=array([0., 0., 0.]), lineColorSpace='rgb', lineRGB=array([0, 0, 0]), lineWidth=1.5, name='unnamed Rect', opacity=0.5, ori=0.0, pos=array([0., 0.]), size=array([30., 30.]), units='pix', vertices=ndarray(...), win=Window(...))
7.0918 	EXP 	Created unnamed Rect = Rect(__class__=<class 'psychopy.visual.rect.Rect'>, autoDraw=False, autoLog=True, closeShape=True, color=method-wrapper(...), colorSpace='rgb', contrast=None, depth=0, fillColor=array([ 1,  1, -1]), fillColorSpace='rgb', fillRGB=array([ 1,  1, -1]), interpolate=True, lineColor=array([0., 0., 0.]), lineColorSpace='rgb', lineRGB=array([0, 0, 0]), lineWidth=1.5, name='unnamed Rect', opacity=0.5, ori=0.0, pos=array([0., 0.]), size=array([30., 30.]), units='pix', vertices=ndarray(...), win=Window(...))
7.0945 	EXP 	Created unnamed Rect = Rect(__class__=<class 'psychopy.visual.rect.Rect'>, autoDraw=False, autoLog=True, closeShape=True, color=method-wrapper(...), colorSpace='rgb', contrast=None, depth=0, fillColor=array([ 1,  1, -1]), fillColorSpace='rgb', fillRGB=array([ 1,  1, -1]), interpolate=True, lineColor=array([0., 0., 0.]), lineColorSpace='rgb', lineRGB=array([0, 0, 0]), lineWidth=1.5, name='unnamed Rect', opacity=0.5, ori=0.0, pos=array([0., 0.]), size=array([30., 30.]), units='pix', vertices=ndarray(...), win=Window(...))
7.0968 	EXP 	Created unnamed Rect = Rect(__class__=<class 'psychopy.visual.rect.Rect'>, autoDraw=False, autoLog=True, closeShape=True, color=method-wrapper(...), colorSpace='rgb', contrast=None, depth=0, fillColor=array([ 1,  1, -1]), fillColorSpace='rgb', fillRGB=array([ 1,  1, -1]), interpolate=True, lineColor=array([0., 0., 0.]), lineColorSpace='rgb', lineRGB=array([0, 0, 0]), lineWidth=1.5, name='unnamed Rect', opacity=0.5, ori=0.0, pos=array([0., 0.]), size=array([30., 30.]), units='pix', vertices=ndarray(...), win=Window(...))
7.1393 	EXP 	Created unnamed ImageStim = ImageStim(__class__=<class 'psychopy.visual.image.ImageStim'>, autoLog=True, color=array([1., 1., 1.]), colorSpace='rgb', contrast=1.0, depth=0, flipHoriz=False, flipVert=False, image='tree.png', interpolate=False, mask=None, maskParams=None, name='unnamed ImageStim', opacity=1, ori=0.0, pos=array([0., 0.]), size=array([512, 512]), texRes=128, units='pix', win=Window(...))
7.1599 	EXP 	Created unnamed ImageStim = ImageStim(__class__=<class 'psychopy.visual.image.ImageStim'>, autoLog=True, color=array([1., 1., 1.]), colorSpace='rgb', contrast=1.0, depth=0, flipHoriz=False, flipVert=False, image='tree.png', interpolate=False, mask=None, maskParams=None, name='unnamed ImageStim', opacity=1, ori=0.0, pos=array([0., 0.]), size=array([512, 512]), texRes=128, units='pix', win=Window(...))
7.1782 	EXP 	Created unnamed ImageStim = ImageStim(__class__=<class 'psychopy.visual.image.ImageStim'>, autoLog=True, color=array([1., 1., 1.]), colorSpace='rgb', contrast=1.0, depth=0, flipHoriz=False, flipVert=False, image='tree.png', interpolate=False, mask=None, maskParams=None, name='unnamed ImageStim', opacity=1, ori=0.0, pos=array([0., 0.]), size=array([512, 512]), texRes=128, units='pix', win=Window(...))
7.1902 	DATA 	Keypress: space
7.1960 	EXP 	Welcometext: autoDraw = False
7.1960 	EXP 	unnamed Rect: pos = [-250, 0]
7.1960 	EXP 	unnamed Rect: pos = [250, 0]
7.1960 	EXP 	unnamed Rect: pos = [-274.1905891028359, -16.986664097177115]
7.1960 	EXP 	unnamed Rect: pos = [415.00891917041275, -265.03988850628923]
7.1960 	EXP 	unnamed Rect: pos = [348.17390634176115, 33.11236051289029]
7.1960 	EXP 	unnamed Rect: pos = [93.82164584895426, -184.26264879448274]
7.1960 	EXP 	unnamed Rect: pos = [267.3975360822424, -167.02239203060418]
7.1960 	EXP 	unnamed ImageStim: size = [128.0, 128.0]
7.1960 	EXP 	unnamed ImageStim: size = [128.0, 128.0]
7.1960 	EXP 	unnamed ImageStim: size = [128.0, 128.0]
7.1960 	EXP 	unnamed ImageStim: pos = [21.554780517301165, -44.795239872198295]
7.1960 	EXP 	unnamed ImageStim: pos = [-228.44521948269883, -44.795239872198295]
7.1960 	EXP 	unnamed ImageStim: pos = [271.55478051730114, -44.795239872198295]
7.7855 	DATA 	Keypress: left
12.9306 	EXP 	Created unnamed Rect = Rect(__class__=<class 'psychopy.visual.rect.Rect'>, autoDraw=False, autoLog=True, closeShape=True, color=method-wrapper(...), colorSpace='rgb', contrast=None, depth=0, fillColor=array([-1, -1, -1]), fillColorSpace='rgb', fillRGB=array([-1, -1, -1]), interpolate=True, lineColor=array([-1., -1.,  1.]), lineColorSpace='rgb', lineRGB=array([-1, -1,  1]), lineWidth=1.5, name='unnamed Rect', opacity=1, ori=0.0, pos=array([0., 0.]), size=array([400., 600.]), units='pix', vertices=ndarray(...), win=Window(...))
12.9349 	EXP 	Created unnamed Rect = Rect(__class__=<class 'psychopy.visual.rect.Rect'>, autoDraw=False, autoLog=True, closeShape=True, color=method-wrapper(...), colorSpace='rgb', contrast=None, depth=0, fillColor=array([-1, -1, -1]), fillColorSpace='rgb', fillRGB=array([-1, -1, -1]), interpolate=True, lineColor=array([-1., -1.,  1.]), lineColorSpace='rgb', lineRGB=array([-1, -1,  1]), lineWidth=1.5, name='unnamed Rect', opacity=1, ori=0.0, pos=array([0., 0.]), size=array([400., 600.]), units='pix', vertices=ndarray(...), win=Window(...))
12.9366 	DATA 	Keypress: left
12.9455 	EXP 	unnamed Rect: pos = array([-24.1905891, -16.9866641])
12.9455 	EXP 	unnamed Rect: pos = array([-24.1905891, -16.9866641])
12.9542 	EXP 	unnamed Rect: pos = array([-24.1905891, -16.9866641])
12.9707 	EXP 	unnamed Rect: pos = array([-24.1905891, -16.9866641])
12.9877 	EXP 	unnamed Rect: pos = array([-24.1905891, -16.9866641])
13.0042 	EXP 	unnamed Rect: pos = array([-24.1905891, -16.9866641])
13.0211 	EXP 	unnamed Rect: pos = array([-24.1905891, -16.9866641])
13.0376 	EXP 	unnamed Rect: pos = array([-24.1905891, -16.9866641])
13.0542 	EXP 	unnamed Rect: pos = array([-24.1905891, -16.9866641])
13.0711 	EXP 	unnamed Rect: pos = array([-24.1905891, -16.9866641])
13.0879 	EXP 	unnamed Rect: pos = array([-24.1905891, -16.9866641])
13.1042 	EXP 	unnamed Rect: pos = array([-24.1905891, -16.9866641])
13.1209 	EXP 	unnamed Rect: pos = array([-24.1905891, -16.9866641])
13.1375 	EXP 	unnamed Rect: pos = array([-24.1905891, -16.9866641])
13.1542 	EXP 	unnamed Rect: pos = array([-24.1905891, -16.9866641])
13.1709 	EXP 	unnamed Rect: pos = array([-24.1905891, -16.9866641])
13.1876 	EXP 	unnamed Rect: pos = array([-24.1905891, -16.9866641])
13.2042 	EXP 	unnamed Rect: pos = array([-24.1905891, -16.9866641])
13.2209 	EXP 	unnamed Rect: pos = array([-24.1905891, -16.9866641])
13.2376 	EXP 	unnamed Rect: pos = array([-24.1905891, -16.9866641])
13.2542 	EXP 	unnamed Rect: pos = array([-24.1905891, -16.9866641])
13.2709 	EXP 	unnamed Rect: pos = array([-24.1905891, -16.9866641])
13.2874 	EXP 	unnamed Rect: pos = array([-24.1905891, -16.9866641])
13.3040 	EXP 	unnamed Rect: pos = array([-24.1905891, -16.9866641])
13.3206 	EXP 	unnamed Rect: pos = array([-24.1905891, -16.9866641])
13.3373 	EXP 	unnamed Rect: pos = array([-24.1905891, -16.9866641])
13.3540 	EXP 	unnamed Rect: pos = array([-24.1905891, -16.9866641])
13.3708 	EXP 	unnamed Rect: pos = array([-24.1905891, -16.9866641])
13.3875 	EXP 	unnamed Rect: pos = array([-24.1905891, -16.9866641])
13.4040 	EXP 	unnamed Rect: pos = array([-24.1905891, -16.9866641])
13.4213 	EXP 	unnamed Rect: pos = array([-24.1905891, -16.9866641])
13.4380 	EXP 	unnamed Rect: pos = array([-24.1905891, -16.9866641])
13.4550 	EXP 	unnamed Rect: pos = array([-24.1905891, -16.9866641])
13.4719 	EXP 	unnamed Rect: pos = array([-24.1905891, -16.9866641])
13.4886 	EXP 	unnamed Rect: pos = array([-24.1905891, -16.9866641])
13.5043 	EXP 	unnamed Rect: pos = array([-24.1905891, -16.9866641])
13.5206 	EXP 	unnamed Rect: pos = array([-24.1905891, -16.9866641])
13.5375 	EXP 	unnamed Rect: pos = array([-24.1905891, -16.9866641])
13.5540 	EXP 	unnamed Rect: pos = array([-24.1905891, -16.9866641])
13.5711 	EXP 	unnamed Rect: pos = array([-24.1905891, -16.9866641])
13.5724 	DATA 	Keypress: up
13.5876 	EXP 	unnamed Rect: pos = array([-24.1905891,  -6.9866641])
13.6040 	EXP 	unnamed Rect: pos = array([-24.1905891,  -6.9866641])
13.6207 	EXP 	unnamed Rect: pos = array([-24.1905891,  -6.9866641])
13.6376 	EXP 	unnamed Rect: pos = array([-24.1905891,  -6.9866641])
13.6545 	EXP 	unnamed Rect: pos = array([-24.1905891,  -6.9866641])
13.6707 	EXP 	unnamed Rect: pos = array([-24.1905891,  -6.9866641])
13.6875 	EXP 	unnamed Rect: pos = array([-24.1905891,  -6.9866641])
13.7051 	EXP 	unnamed Rect: pos = array([-24.1905891,  -6.9866641])
13.7207 	EXP 	unnamed Rect: pos = array([-24.1905891,  -6.9866641])
13.7374 	EXP 	unnamed Rect: pos = array([-24.1905891,  -6.9866641])
13.7542 	EXP 	unnamed Rect: pos = array([-24.1905891,  -6.9866641])
13.7713 	EXP 	unnamed Rect: pos = array([-24.1905891,  -6.9866641])
13.7887 	EXP 	unnamed Rect: pos = array([-24.1905891,  -6.9866641])
13.7900 	DATA 	Keypress: up
13.8042 	EXP 	unnamed Rect: pos = array([-24.1905891,   3.0133359])
13.8207 	EXP 	unnamed Rect: pos = array([-24.1905891,   3.0133359])
13.8385 	EXP 	unnamed Rect: pos = array([-24.1905891,   3.0133359])
13.8542 	EXP 	unnamed Rect: pos = array([-24.1905891,   3.0133359])
13.8708 	EXP 	unnamed Rect: pos = array([-24.1905891,   3.0133359])
13.8885 	EXP 	unnamed Rect: pos = array([-24.1905891,   3.0133359])
13.9042 	EXP 	unnamed Rect: pos = array([-24.1905891,   3.0133359])
13.9209 	EXP 	unnamed Rect: pos = array([-24.1905891,   3.0133359])
13.9373 	EXP 	unnamed Rect: pos = array([-24.1905891,   3.0133359])
13.9542 	EXP 	unnamed Rect: pos = array([-24.1905891,   3.0133359])
13.9712 	EXP 	unnamed Rect: pos = array([-24.1905891,   3.0133359])
13.9724 	DATA 	Keypress: up
13.9887 	EXP 	unnamed Rect: pos = array([-24.1905891,  13.0133359])
14.0041 	EXP 	unnamed Rect: pos = array([-24.1905891,  13.0133359])
14.0208 	EXP 	unnamed Rect: pos = array([-24.1905891,  13.0133359])
14.0374 	EXP 	unnamed Rect: pos = array([-24.1905891,  13.0133359])
14.0540 	EXP 	unnamed Rect: pos = array([-24.1905891,  13.0133359])
14.0711 	EXP 	unnamed Rect: pos = array([-24.1905891,  13.0133359])
14.0879 	EXP 	unnamed Rect: pos = array([-24.1905891,  13.0133359])
14.1042 	EXP 	unnamed Rect: pos = array([-24.1905891,  13.0133359])
14.1207 	EXP 	unnamed Rect: pos = array([-24.1905891,  13.0133359])
14.1378 	EXP 	unnamed Rect: pos = array([-24.1905891,  13.0133359])
14.1548 	EXP 	unnamed Rect: pos = array([-24.1905891,  13.0133359])
14.1561 	DATA 	Keypress: right
14.1715 	EXP 	unnamed Rect: pos = array([-14.1905891,  13.0133359])
14.1888 	EXP 	unnamed Rect: pos = array([-14.1905891,  13.0133359])
14.2053 	EXP 	unnamed Rect: pos = array([-14.1905891,  13.0133359])
14.2221 	EXP 	unnamed Rect: pos = array([-14.1905891,  13.0133359])
14.2387 	EXP 	unnamed Rect: pos = array([-14.1905891,  13.0133359])
14.2551 	EXP 	unnamed Rect: pos = array([-14.1905891,  13.0133359])
14.2719 	EXP 	unnamed Rect: pos = array([-14.1905891,  13.0133359])
14.2883 	EXP 	unnamed Rect: pos = array([-14.1905891,  13.0133359])
14.3052 	EXP 	unnamed Rect: pos = array([-14.1905891,  13.0133359])
14.3218 	EXP 	unnamed Rect: pos = array([-14.1905891,  13.0133359])
14.3384 	EXP 	unnamed Rect: pos = array([-14.1905891,  13.0133359])
14.3551 	EXP 	unnamed Rect: pos = array([-14.1905891,  13.0133359])
14.3561 	DATA 	Keypress: up
14.3718 	EXP 	unnamed Rect: pos = array([-14.1905891,  23.0133359])
14.3884 	EXP 	unnamed Rect: pos = array([-14.1905891,  23.0133359])
14.4051 	EXP 	unnamed Rect: pos = array([-14.1905891,  23.0133359])
14.4218 	EXP 	unnamed Rect: pos = array([-14.1905891,  23.0133359])
14.4383 	EXP 	unnamed Rect: pos = array([-14.1905891,  23.0133359])
14.4549 	EXP 	unnamed Rect: pos = array([-14.1905891,  23.0133359])
14.4717 	EXP 	unnamed Rect: pos = array([-14.1905891,  23.0133359])
14.4885 	EXP 	unnamed Rect: pos = array([-14.1905891,  23.0133359])
14.5052 	EXP 	unnamed Rect: pos = array([-14.1905891,  23.0133359])
14.5217 	EXP 	unnamed Rect: pos = array([-14.1905891,  23.0133359])
14.5228 	DATA 	Keypress: up
14.5384 	EXP 	unnamed Rect: pos = array([-14.1905891,  33.0133359])
14.5550 	EXP 	unnamed Rect: pos = array([-14.1905891,  33.0133359])
14.5718 	EXP 	unnamed Rect: pos = array([-14.1905891,  33.0133359])
14.5883 	EXP 	unnamed Rect: pos = array([-14.1905891,  33.0133359])
14.6052 	EXP 	unnamed Rect: pos = array([-14.1905891,  33.0133359])
14.6206 	EXP 	unnamed Rect: pos = array([-14.1905891,  33.0133359])
14.6371 	EXP 	unnamed Rect: pos = array([-14.1905891,  33.0133359])
14.6537 	EXP 	unnamed Rect: pos = array([-14.1905891,  33.0133359])
14.6703 	EXP 	unnamed Rect: pos = array([-14.1905891,  33.0133359])
14.6869 	EXP 	unnamed Rect: pos = array([-14.1905891,  33.0133359])
14.7038 	EXP 	unnamed Rect: pos = array([-14.1905891,  33.0133359])
14.7044 	DATA 	Keypress: up
14.7205 	EXP 	unnamed Rect: pos = array([-14.1905891,  43.0133359])
14.7372 	EXP 	unnamed Rect: pos = array([-14.1905891,  43.0133359])
14.7540 	EXP 	unnamed Rect: pos = array([-14.1905891,  43.0133359])
14.7707 	EXP 	unnamed Rect: pos = array([-14.1905891,  43.0133359])
14.7874 	EXP 	unnamed Rect: pos = array([-14.1905891,  43.0133359])
14.8041 	EXP 	unnamed Rect: pos = array([-14.1905891,  43.0133359])
14.8204 	EXP 	unnamed Rect: pos = array([-14.1905891,  43.0133359])
14.8372 	EXP 	unnamed Rect: pos = array([-14.1905891,  43.0133359])
14.8379 	DATA 	Keypress: right
14.8542 	EXP 	unnamed Rect: pos = array([-4.1905891, 43.0133359])
14.8708 	EXP 	unnamed Rect: pos = array([-4.1905891, 43.0133359])
14.8878 	EXP 	unnamed Rect: pos = array([-4.1905891, 43.0133359])
14.9046 	EXP 	unnamed Rect: pos = array([-4.1905891, 43.0133359])
14.9208 	EXP 	unnamed Rect: pos = array([-4.1905891, 43.0133359])
14.9380 	EXP 	unnamed Rect: pos = array([-4.1905891, 43.0133359])
14.9551 	EXP 	unnamed Rect: pos = array([-4.1905891, 43.0133359])
14.9706 	EXP 	unnamed Rect: pos = array([-4.1905891, 43.0133359])
14.9876 	EXP 	unnamed Rect: pos = array([-4.1905891, 43.0133359])
15.0043 	EXP 	unnamed Rect: pos = array([-4.1905891, 43.0133359])
15.0218 	EXP 	unnamed Rect: pos = array([-4.1905891, 43.0133359])
15.0246 	DATA 	Keypress: right
15.0385 	EXP 	unnamed Rect: pos = array([-4.1905891, 43.0133359])
15.0546 	EXP 	unnamed Rect: pos = array([ 5.8094109, 43.0133359])
15.0710 	EXP 	unnamed Rect: pos = array([ 5.8094109, 43.0133359])
15.0882 	EXP 	unnamed Rect: pos = array([ 5.8094109, 43.0133359])
15.1045 	EXP 	unnamed Rect: pos = array([ 5.8094109, 43.0133359])
15.1207 	EXP 	unnamed Rect: pos = array([ 5.8094109, 43.0133359])
15.1383 	EXP 	unnamed Rect: pos = array([ 5.8094109, 43.0133359])
15.1543 	EXP 	unnamed Rect: pos = array([ 5.8094109, 43.0133359])
15.1709 	EXP 	unnamed Rect: pos = array([ 5.8094109, 43.0133359])
15.1882 	EXP 	unnamed Rect: pos = array([ 5.8094109, 43.0133359])
15.1892 	DATA 	Keypress: up
15.2049 	EXP 	unnamed Rect: pos = array([ 5.8094109, 53.0133359])
15.2208 	EXP 	unnamed Rect: pos = array([ 5.8094109, 53.0133359])
15.2388 	EXP 	unnamed Rect: pos = array([ 5.8094109, 53.0133359])
15.2551 	EXP 	unnamed Rect: pos = array([ 5.8094109, 53.0133359])
15.2713 	EXP 	unnamed Rect: pos = array([ 5.8094109, 53.0133359])
15.2878 	EXP 	unnamed Rect: pos = array([ 5.8094109, 53.0133359])
15.3043 	EXP 	unnamed Rect: pos = array([ 5.8094109, 53.0133359])
15.3210 	EXP 	unnamed Rect: pos = array([ 5.8094109, 53.0133359])
15.3374 	EXP 	unnamed Rect: pos = array([ 5.8094109, 53.0133359])
15.3544 	EXP 	unnamed Rect: pos = array([ 5.8094109, 53.0133359])
15.3558 	DATA 	Keypress: up
15.3713 	EXP 	unnamed Rect: pos = array([ 5.8094109, 63.0133359])
15.3878 	EXP 	unnamed Rect: pos = array([ 5.8094109, 63.0133359])
15.4041 	EXP 	unnamed Rect: pos = array([ 5.8094109, 63.0133359])
15.4213 	EXP 	unnamed Rect: pos = array([ 5.8094109, 63.0133359])
15.4381 	EXP 	unnamed Rect: pos = array([ 5.8094109, 63.0133359])
15.4552 	EXP 	unnamed Rect: pos = array([ 5.8094109, 63.0133359])
15.4711 	EXP 	unnamed Rect: pos = array([ 5.8094109, 63.0133359])
15.4876 	EXP 	unnamed Rect: pos = array([ 5.8094109, 63.0133359])
15.5047 	EXP 	unnamed Rect: pos = array([ 5.8094109, 63.0133359])
15.5207 	EXP 	unnamed Rect: pos = array([ 5.8094109, 63.0133359])
15.5250 	DATA 	Keypress: left
15.5384 	EXP 	unnamed Rect: pos = array([ 5.8094109, 63.0133359])
15.5553 	EXP 	unnamed Rect: pos = array([-4.1905891, 63.0133359])
15.5709 	EXP 	unnamed Rect: pos = array([-4.1905891, 63.0133359])
15.5877 	EXP 	unnamed Rect: pos = array([-4.1905891, 63.0133359])
15.6042 	EXP 	unnamed Rect: pos = array([-4.1905891, 63.0133359])
15.6213 	EXP 	unnamed Rect: pos = array([-4.1905891, 63.0133359])
15.6385 	EXP 	unnamed Rect: pos = array([-4.1905891, 63.0133359])
15.6544 	EXP 	unnamed Rect: pos = array([-4.1905891, 63.0133359])
15.6708 	EXP 	unnamed Rect: pos = array([-4.1905891, 63.0133359])
15.6874 	EXP 	unnamed Rect: pos = array([-4.1905891, 63.0133359])
15.7045 	EXP 	unnamed Rect: pos = array([-4.1905891, 63.0133359])
15.7058 	DATA 	Keypress: left
15.7212 	EXP 	unnamed Rect: pos = array([-14.1905891,  63.0133359])
15.7375 	EXP 	unnamed Rect: pos = array([-14.1905891,  63.0133359])
15.7543 	EXP 	unnamed Rect: pos = array([-14.1905891,  63.0133359])
15.7708 	EXP 	unnamed Rect: pos = array([-14.1905891,  63.0133359])
15.7876 	EXP 	unnamed Rect: pos = array([-14.1905891,  63.0133359])
15.8048 	EXP 	unnamed Rect: pos = array([-14.1905891,  63.0133359])
15.8214 	EXP 	unnamed Rect: pos = array([-14.1905891,  63.0133359])
15.8384 	EXP 	unnamed Rect: pos = array([-14.1905891,  63.0133359])
15.8541 	EXP 	unnamed Rect: pos = array([-14.1905891,  63.0133359])
15.8706 	EXP 	unnamed Rect: pos = array([-14.1905891,  63.0133359])
15.8876 	EXP 	unnamed Rect: pos = array([-14.1905891,  63.0133359])
15.9040 	EXP 	unnamed Rect: pos = array([-14.1905891,  63.0133359])
15.9218 	EXP 	unnamed Rect: pos = array([-14.1905891,  63.0133359])
15.9230 	DATA 	Keypress: left
15.9377 	EXP 	unnamed Rect: pos = array([-24.1905891,  63.0133359])
15.9389 	DATA 	Keypress: down
15.9551 	EXP 	unnamed Rect: pos = array([-24.1905891,  53.0133359])
15.9716 	EXP 	unnamed Rect: pos = array([-24.1905891,  53.0133359])
15.9874 	EXP 	unnamed Rect: pos = array([-24.1905891,  53.0133359])
16.0042 	EXP 	unnamed Rect: pos = array([-24.1905891,  53.0133359])
16.0214 	EXP 	unnamed Rect: pos = array([-24.1905891,  53.0133359])
16.0376 	EXP 	unnamed Rect: pos = array([-24.1905891,  53.0133359])
16.0545 	EXP 	unnamed Rect: pos = array([-24.1905891,  53.0133359])
16.0713 	EXP 	unnamed Rect: pos = array([-24.1905891,  53.0133359])
16.0878 	EXP 	unnamed Rect: pos = array([-24.1905891,  53.0133359])
16.1042 	EXP 	unnamed Rect: pos = array([-24.1905891,  53.0133359])
16.1218 	EXP 	unnamed Rect: pos = array([-24.1905891,  53.0133359])
16.1231 	DATA 	Keypress: down
16.1382 	EXP 	unnamed Rect: pos = array([-24.1905891,  43.0133359])
16.1541 	EXP 	unnamed Rect: pos = array([-24.1905891,  43.0133359])
16.1707 	EXP 	unnamed Rect: pos = array([-24.1905891,  43.0133359])
16.1884 	EXP 	unnamed Rect: pos = array([-24.1905891,  43.0133359])
16.2041 	EXP 	unnamed Rect: pos = array([-24.1905891,  43.0133359])
16.2206 	EXP 	unnamed Rect: pos = array([-24.1905891,  43.0133359])
16.2378 	EXP 	unnamed Rect: pos = array([-24.1905891,  43.0133359])
16.2542 	EXP 	unnamed Rect: pos = array([-24.1905891,  43.0133359])
16.2706 	EXP 	unnamed Rect: pos = array([-24.1905891,  43.0133359])
16.2875 	EXP 	unnamed Rect: pos = array([-24.1905891,  43.0133359])
16.3039 	EXP 	unnamed Rect: pos = array([-24.1905891,  43.0133359])
16.3209 	EXP 	unnamed Rect: pos = array([-24.1905891,  43.0133359])
16.3373 	EXP 	unnamed Rect: pos = array([-24.1905891,  43.0133359])
16.3542 	EXP 	unnamed Rect: pos = array([-24.1905891,  43.0133359])
16.3706 	EXP 	unnamed Rect: pos = array([-24.1905891,  43.0133359])
16.3875 	EXP 	unnamed Rect: pos = array([-24.1905891,  43.0133359])
16.4039 	EXP 	unnamed Rect: pos = array([-24.1905891,  43.0133359])
16.4207 	EXP 	unnamed Rect: pos = array([-24.1905891,  43.0133359])
16.4385 	EXP 	unnamed Rect: pos = array([-24.1905891,  43.0133359])
16.4544 	EXP 	unnamed Rect: pos = array([-24.1905891,  43.0133359])
16.4557 	DATA 	Keypress: up
16.4709 	EXP 	unnamed Rect: pos = array([-24.1905891,  53.0133359])
16.4879 	EXP 	unnamed Rect: pos = array([-24.1905891,  53.0133359])
16.5040 	EXP 	unnamed Rect: pos = array([-24.1905891,  53.0133359])
16.5206 	EXP 	unnamed Rect: pos = array([-24.1905891,  53.0133359])
16.5379 	EXP 	unnamed Rect: pos = array([-24.1905891,  53.0133359])
16.5541 	EXP 	unnamed Rect: pos = array([-24.1905891,  53.0133359])
16.5707 	EXP 	unnamed Rect: pos = array([-24.1905891,  53.0133359])
16.5875 	EXP 	unnamed Rect: pos = array([-24.1905891,  53.0133359])
16.6041 	EXP 	unnamed Rect: pos = array([-24.1905891,  53.0133359])
16.6208 	EXP 	unnamed Rect: pos = array([-24.1905891,  53.0133359])
16.6383 	EXP 	unnamed Rect: pos = array([-24.1905891,  53.0133359])
16.6396 	DATA 	Keypress: up
16.6548 	EXP 	unnamed Rect: pos = array([-24.1905891,  63.0133359])
16.6710 	EXP 	unnamed Rect: pos = array([-24.1905891,  63.0133359])
16.6886 	EXP 	unnamed Rect: pos = array([-24.1905891,  63.0133359])
16.7050 	EXP 	unnamed Rect: pos = array([-24.1905891,  63.0133359])
16.7207 	EXP 	unnamed Rect: pos = array([-24.1905891,  63.0133359])
16.7377 	EXP 	unnamed Rect: pos = array([-24.1905891,  63.0133359])
16.7540 	EXP 	unnamed Rect: pos = array([-24.1905891,  63.0133359])
16.7716 	EXP 	unnamed Rect: pos = array([-24.1905891,  63.0133359])
16.7728 	DATA 	Keypress: up
16.7874 	EXP 	unnamed Rect: pos = array([-24.1905891,  73.0133359])
16.8039 	EXP 	unnamed Rect: pos = array([-24.1905891,  73.0133359])
16.8207 	EXP 	unnamed Rect: pos = array([-24.1905891,  73.0133359])
16.8379 	EXP 	unnamed Rect: pos = array([-24.1905891,  73.0133359])
16.8542 	EXP 	unnamed Rect: pos = array([-24.1905891,  73.0133359])
16.8717 	EXP 	unnamed Rect: pos = array([-24.1905891,  73.0133359])
16.8873 	EXP 	unnamed Rect: pos = array([-24.1905891,  73.0133359])
16.9043 	EXP 	unnamed Rect: pos = array([-24.1905891,  73.0133359])
16.9055 	DATA 	Keypress: left
16.9209 	EXP 	unnamed Rect: pos = array([-34.1905891,  73.0133359])
16.9376 	EXP 	unnamed Rect: pos = array([-34.1905891,  73.0133359])
16.9541 	EXP 	unnamed Rect: pos = array([-34.1905891,  73.0133359])
16.9706 	EXP 	unnamed Rect: pos = array([-34.1905891,  73.0133359])
16.9875 	EXP 	unnamed Rect: pos = array([-34.1905891,  73.0133359])
17.0043 	EXP 	unnamed Rect: pos = array([-34.1905891,  73.0133359])
17.0211 	EXP 	unnamed Rect: pos = array([-34.1905891,  73.0133359])
17.0376 	EXP 	unnamed Rect: pos = array([-34.1905891,  73.0133359])
17.0547 	EXP 	unnamed Rect: pos = array([-34.1905891,  73.0133359])
17.0710 	EXP 	unnamed Rect: pos = array([-34.1905891,  73.0133359])
17.0723 	DATA 	Keypress: left
17.0878 	EXP 	unnamed Rect: pos = array([-44.1905891,  73.0133359])
17.1042 	EXP 	unnamed Rect: pos = array([-44.1905891,  73.0133359])
17.1208 	EXP 	unnamed Rect: pos = array([-44.1905891,  73.0133359])
17.1380 	EXP 	unnamed Rect: pos = array([-44.1905891,  73.0133359])
17.1544 	EXP 	unnamed Rect: pos = array([-44.1905891,  73.0133359])
17.1717 	EXP 	unnamed Rect: pos = array([-44.1905891,  73.0133359])
17.1875 	EXP 	unnamed Rect: pos = array([-44.1905891,  73.0133359])
17.2040 	EXP 	unnamed Rect: pos = array([-44.1905891,  73.0133359])
17.2207 	EXP 	unnamed Rect: pos = array([-44.1905891,  73.0133359])
17.2384 	EXP 	unnamed Rect: pos = array([-44.1905891,  73.0133359])
17.2397 	DATA 	Keypress: left
17.2544 	EXP 	unnamed Rect: pos = array([-54.1905891,  73.0133359])
17.2712 	EXP 	unnamed Rect: pos = array([-54.1905891,  73.0133359])
17.2875 	EXP 	unnamed Rect: pos = array([-54.1905891,  73.0133359])
17.3039 	EXP 	unnamed Rect: pos = array([-54.1905891,  73.0133359])
17.3216 	EXP 	unnamed Rect: pos = array([-54.1905891,  73.0133359])
17.3373 	EXP 	unnamed Rect: pos = array([-54.1905891,  73.0133359])
17.3549 	EXP 	unnamed Rect: pos = array([-54.1905891,  73.0133359])
17.3707 	EXP 	unnamed Rect: pos = array([-54.1905891,  73.0133359])
17.3874 	EXP 	unnamed Rect: pos = array([-54.1905891,  73.0133359])
17.4042 	EXP 	unnamed Rect: pos = array([-54.1905891,  73.0133359])
17.4217 	EXP 	unnamed Rect: pos = array([-54.1905891,  73.0133359])
17.4376 	EXP 	unnamed Rect: pos = array([-54.1905891,  73.0133359])
17.4540 	EXP 	unnamed Rect: pos = array([-54.1905891,  73.0133359])
17.4711 	EXP 	unnamed Rect: pos = array([-54.1905891,  73.0133359])
17.4875 	EXP 	unnamed Rect: pos = array([-54.1905891,  73.0133359])
17.5039 	EXP 	unnamed Rect: pos = array([-54.1905891,  73.0133359])
17.5206 	EXP 	unnamed Rect: pos = array([-54.1905891,  73.0133359])
17.5374 	EXP 	unnamed Rect: pos = array([-54.1905891,  73.0133359])
17.5542 	EXP 	unnamed Rect: pos = array([-54.1905891,  73.0133359])
17.5707 	EXP 	unnamed Rect: pos = array([-54.1905891,  73.0133359])
17.5880 	EXP 	unnamed Rect: pos = array([-54.1905891,  73.0133359])
17.5893 	DATA 	Keypress: down
17.6045 	EXP 	unnamed Rect: pos = array([-54.1905891,  63.0133359])
17.6207 	EXP 	unnamed Rect: pos = array([-54.1905891,  63.0133359])
17.6374 	EXP 	unnamed Rect: pos = array([-54.1905891,  63.0133359])
17.6548 	EXP 	unnamed Rect: pos = array([-54.1905891,  63.0133359])
17.6719 	EXP 	unnamed Rect: pos = array([-54.1905891,  63.0133359])
17.6875 	EXP 	unnamed Rect: pos = array([-54.1905891,  63.0133359])
17.7042 	EXP 	unnamed Rect: pos = array([-54.1905891,  63.0133359])
17.7207 	EXP 	unnamed Rect: pos = array([-54.1905891,  63.0133359])
17.7378 	EXP 	unnamed Rect: pos = array([-54.1905891,  63.0133359])
17.7544 	EXP 	unnamed Rect: pos = array([-54.1905891,  63.0133359])
17.7557 	DATA 	Keypress: down
17.7708 	EXP 	unnamed Rect: pos = array([-54.1905891,  53.0133359])
17.7879 	EXP 	unnamed Rect: pos = array([-54.1905891,  53.0133359])
17.8040 	EXP 	unnamed Rect: pos = array([-54.1905891,  53.0133359])
17.8207 	EXP 	unnamed Rect: pos = array([-54.1905891,  53.0133359])
17.8386 	EXP 	unnamed Rect: pos = array([-54.1905891,  53.0133359])
17.8542 	EXP 	unnamed Rect: pos = array([-54.1905891,  53.0133359])
17.8706 	EXP 	unnamed Rect: pos = array([-54.1905891,  53.0133359])
17.8875 	EXP 	unnamed Rect: pos = array([-54.1905891,  53.0133359])
17.9040 	EXP 	unnamed Rect: pos = array([-54.1905891,  53.0133359])
17.9213 	EXP 	unnamed Rect: pos = array([-54.1905891,  53.0133359])
17.9225 	DATA 	Keypress: down
17.9382 	EXP 	unnamed Rect: pos = array([-54.1905891,  43.0133359])
17.9542 	EXP 	unnamed Rect: pos = array([-54.1905891,  43.0133359])
17.9719 	EXP 	unnamed Rect: pos = array([-54.1905891,  43.0133359])
17.9875 	EXP 	unnamed Rect: pos = array([-54.1905891,  43.0133359])
18.0046 	EXP 	unnamed Rect: pos = array([-54.1905891,  43.0133359])
18.0216 	EXP 	unnamed Rect: pos = array([-54.1905891,  43.0133359])
18.0378 	EXP 	unnamed Rect: pos = array([-54.1905891,  43.0133359])
18.0541 	EXP 	unnamed Rect: pos = array([-54.1905891,  43.0133359])
18.0711 	EXP 	unnamed Rect: pos = array([-54.1905891,  43.0133359])
18.0723 	DATA 	Keypress: left
18.0882 	EXP 	unnamed Rect: pos = array([-64.1905891,  43.0133359])
18.1042 	EXP 	unnamed Rect: pos = array([-64.1905891,  43.0133359])
18.1207 	EXP 	unnamed Rect: pos = array([-64.1905891,  43.0133359])
18.1374 	EXP 	unnamed Rect: pos = array([-64.1905891,  43.0133359])
18.1541 	EXP 	unnamed Rect: pos = array([-64.1905891,  43.0133359])
18.1710 	EXP 	unnamed Rect: pos = array([-64.1905891,  43.0133359])
18.1876 	EXP 	unnamed Rect: pos = array([-64.1905891,  43.0133359])
18.2040 	EXP 	unnamed Rect: pos = array([-64.1905891,  43.0133359])
18.2209 	EXP 	unnamed Rect: pos = array([-64.1905891,  43.0133359])
18.2373 	EXP 	unnamed Rect: pos = array([-64.1905891,  43.0133359])
18.2541 	EXP 	unnamed Rect: pos = array([-64.1905891,  43.0133359])
18.2716 	EXP 	unnamed Rect: pos = array([-64.1905891,  43.0133359])
18.2729 	DATA 	Keypress: left
18.2876 	EXP 	unnamed Rect: pos = array([-74.1905891,  43.0133359])
18.3040 	EXP 	unnamed Rect: pos = array([-74.1905891,  43.0133359])
18.3206 	EXP 	unnamed Rect: pos = array([-74.1905891,  43.0133359])
18.3373 	EXP 	unnamed Rect: pos = array([-74.1905891,  43.0133359])
18.3551 	EXP 	unnamed Rect: pos = array([-74.1905891,  43.0133359])
18.3706 	EXP 	unnamed Rect: pos = array([-74.1905891,  43.0133359])
18.3874 	EXP 	unnamed Rect: pos = array([-74.1905891,  43.0133359])
18.4040 	EXP 	unnamed Rect: pos = array([-74.1905891,  43.0133359])
18.4210 	EXP 	unnamed Rect: pos = array([-74.1905891,  43.0133359])
18.4222 	DATA 	Keypress: down
18.4385 	EXP 	unnamed Rect: pos = array([-74.1905891,  33.0133359])
18.4539 	EXP 	unnamed Rect: pos = array([-74.1905891,  33.0133359])
18.4706 	EXP 	unnamed Rect: pos = array([-74.1905891,  33.0133359])
18.4875 	EXP 	unnamed Rect: pos = array([-74.1905891,  33.0133359])
18.5040 	EXP 	unnamed Rect: pos = array([-74.1905891,  33.0133359])
18.5212 	EXP 	unnamed Rect: pos = array([-74.1905891,  33.0133359])
18.5377 	EXP 	unnamed Rect: pos = array([-74.1905891,  33.0133359])
18.5542 	EXP 	unnamed Rect: pos = array([-74.1905891,  33.0133359])
18.5709 	EXP 	unnamed Rect: pos = array([-74.1905891,  33.0133359])
18.5883 	EXP 	unnamed Rect: pos = array([-74.1905891,  33.0133359])
18.6043 	EXP 	unnamed Rect: pos = array([-74.1905891,  33.0133359])
18.6087 	DATA 	Keypress: down
18.6218 	EXP 	unnamed Rect: pos = array([-74.1905891,  33.0133359])
18.6375 	EXP 	unnamed Rect: pos = array([-74.1905891,  23.0133359])
18.6542 	EXP 	unnamed Rect: pos = array([-74.1905891,  23.0133359])
18.6706 	EXP 	unnamed Rect: pos = array([-74.1905891,  23.0133359])
18.6877 	EXP 	unnamed Rect: pos = array([-74.1905891,  23.0133359])
18.7045 	EXP 	unnamed Rect: pos = array([-74.1905891,  23.0133359])
18.7206 	EXP 	unnamed Rect: pos = array([-74.1905891,  23.0133359])
18.7375 	EXP 	unnamed Rect: pos = array([-74.1905891,  23.0133359])
18.7541 	EXP 	unnamed Rect: pos = array([-74.1905891,  23.0133359])
18.7715 	EXP 	unnamed Rect: pos = array([-74.1905891,  23.0133359])
18.7877 	EXP 	unnamed Rect: pos = array([-74.1905891,  23.0133359])
18.7890 	DATA 	Keypress: down
18.8044 	EXP 	unnamed Rect: pos = array([-74.1905891,  13.0133359])
18.8211 	EXP 	unnamed Rect: pos = array([-74.1905891,  13.0133359])
18.8380 	EXP 	unnamed Rect: pos = array([-74.1905891,  13.0133359])
18.8541 	EXP 	unnamed Rect: pos = array([-74.1905891,  13.0133359])
18.8711 	EXP 	unnamed Rect: pos = array([-74.1905891,  13.0133359])
18.8886 	EXP 	unnamed Rect: pos = array([-74.1905891,  13.0133359])
18.9041 	EXP 	unnamed Rect: pos = array([-74.1905891,  13.0133359])
18.9209 	EXP 	unnamed Rect: pos = array([-74.1905891,  13.0133359])
18.9374 	EXP 	unnamed Rect: pos = array([-74.1905891,  13.0133359])
18.9542 	EXP 	unnamed Rect: pos = array([-74.1905891,  13.0133359])
18.9709 	EXP 	unnamed Rect: pos = array([-74.1905891,  13.0133359])
18.9884 	EXP 	unnamed Rect: pos = array([-74.1905891,  13.0133359])
18.9896 	DATA 	Keypress: down
19.0042 	EXP 	unnamed Rect: pos = array([-74.1905891,   3.0133359])
19.0208 	EXP 	unnamed Rect: pos = array([-74.1905891,   3.0133359])
19.0380 	EXP 	unnamed Rect: pos = array([-74.1905891,   3.0133359])
19.0551 	EXP 	unnamed Rect: pos = array([-74.1905891,   3.0133359])
19.0707 	EXP 	unnamed Rect: pos = array([-74.1905891,   3.0133359])
19.0875 	EXP 	unnamed Rect: pos = array([-74.1905891,   3.0133359])
19.1040 	EXP 	unnamed Rect: pos = array([-74.1905891,   3.0133359])
19.1209 	EXP 	unnamed Rect: pos = array([-74.1905891,   3.0133359])
19.1377 	EXP 	unnamed Rect: pos = array([-74.1905891,   3.0133359])
19.1545 	EXP 	unnamed Rect: pos = array([-74.1905891,   3.0133359])
19.1557 	DATA 	Keypress: down
19.1708 	EXP 	unnamed Rect: pos = array([-74.1905891,  -6.9866641])
19.1879 	EXP 	unnamed Rect: pos = array([-74.1905891,  -6.9866641])
19.2048 	EXP 	unnamed Rect: pos = array([-74.1905891,  -6.9866641])
19.2209 	EXP 	unnamed Rect: pos = array([-74.1905891,  -6.9866641])
19.2380 	EXP 	unnamed Rect: pos = array([-74.1905891,  -6.9866641])
19.2553 	EXP 	unnamed Rect: pos = array([-74.1905891,  -6.9866641])
19.2706 	EXP 	unnamed Rect: pos = array([-74.1905891,  -6.9866641])
19.2874 	EXP 	unnamed Rect: pos = array([-74.1905891,  -6.9866641])
19.3044 	EXP 	unnamed Rect: pos = array([-74.1905891,  -6.9866641])
19.3209 	EXP 	unnamed Rect: pos = array([-74.1905891,  -6.9866641])
19.3375 	EXP 	unnamed Rect: pos = array([-74.1905891,  -6.9866641])
19.3550 	EXP 	unnamed Rect: pos = array([-74.1905891,  -6.9866641])
19.3563 	DATA 	Keypress: down
19.3706 	EXP 	unnamed Rect: pos = array([-74.1905891, -16.9866641])
19.3875 	EXP 	unnamed Rect: pos = array([-74.1905891, -16.9866641])
19.4040 	EXP 	unnamed Rect: pos = array([-74.1905891, -16.9866641])
19.4219 	EXP 	unnamed Rect: pos = array([-74.1905891, -16.9866641])
19.4375 	EXP 	unnamed Rect: pos = array([-74.1905891, -16.9866641])
19.4543 	EXP 	unnamed Rect: pos = array([-74.1905891, -16.9866641])
19.4716 	EXP 	unnamed Rect: pos = array([-74.1905891, -16.9866641])
19.4873 	EXP 	unnamed Rect: pos = array([-74.1905891, -16.9866641])
19.5051 	EXP 	unnamed Rect: pos = array([-74.1905891, -16.9866641])
19.5210 	EXP 	unnamed Rect: pos = array([-74.1905891, -16.9866641])
19.5222 	DATA 	Keypress: down
19.5447 	EXP 	unnamed Rect: pos = array([-74.1905891, -26.9866641])
19.5535 	EXP 	unnamed Rect: pos = array([-74.1905891, -26.9866641])
19.5705 	EXP 	unnamed Rect: pos = array([-74.1905891, -26.9866641])
19.5882 	EXP 	unnamed Rect: pos = array([-74.1905891, -26.9866641])
19.6047 	EXP 	unnamed Rect: pos = array([-74.1905891, -26.9866641])
19.6206 	EXP 	unnamed Rect: pos = array([-74.1905891, -26.9866641])
19.6373 	EXP 	unnamed Rect: pos = array([-74.1905891, -26.9866641])
19.6547 	EXP 	unnamed Rect: pos = array([-74.1905891, -26.9866641])
19.6706 	EXP 	unnamed Rect: pos = array([-74.1905891, -26.9866641])
19.6873 	EXP 	unnamed Rect: pos = array([-74.1905891, -26.9866641])
19.7050 	EXP 	unnamed Rect: pos = array([-74.1905891, -26.9866641])
19.7061 	DATA 	Keypress: down
19.7209 	EXP 	unnamed Rect: pos = array([-74.1905891, -36.9866641])
19.7373 	EXP 	unnamed Rect: pos = array([-74.1905891, -36.9866641])
19.7541 	EXP 	unnamed Rect: pos = array([-74.1905891, -36.9866641])
19.7710 	EXP 	unnamed Rect: pos = array([-74.1905891, -36.9866641])
19.7876 	EXP 	unnamed Rect: pos = array([-74.1905891, -36.9866641])
19.8045 	EXP 	unnamed Rect: pos = array([-74.1905891, -36.9866641])
19.8210 	EXP 	unnamed Rect: pos = array([-74.1905891, -36.9866641])
19.8383 	EXP 	unnamed Rect: pos = array([-74.1905891, -36.9866641])
19.8542 	EXP 	unnamed Rect: pos = array([-74.1905891, -36.9866641])
19.8708 	EXP 	unnamed Rect: pos = array([-74.1905891, -36.9866641])
19.8884 	EXP 	unnamed Rect: pos = array([-74.1905891, -36.9866641])
19.8897 	DATA 	Keypress: down
19.9041 	EXP 	unnamed Rect: pos = array([-74.1905891, -46.9866641])
19.9206 	EXP 	unnamed Rect: pos = array([-74.1905891, -46.9866641])
19.9377 	EXP 	unnamed Rect: pos = array([-74.1905891, -46.9866641])
19.9547 	EXP 	unnamed Rect: pos = array([-74.1905891, -46.9866641])
19.9709 	EXP 	unnamed Rect: pos = array([-74.1905891, -46.9866641])
19.9880 	EXP 	unnamed Rect: pos = array([-74.1905891, -46.9866641])
20.0041 	EXP 	unnamed Rect: pos = array([-74.1905891, -46.9866641])
20.0206 	EXP 	unnamed Rect: pos = array([-74.1905891, -46.9866641])
20.0375 	EXP 	unnamed Rect: pos = array([-74.1905891, -46.9866641])
20.0387 	DATA 	Keypress: down
20.0548 	EXP 	unnamed Rect: pos = array([-74.1905891, -56.9866641])
20.0711 	EXP 	unnamed Rect: pos = array([-74.1905891, -56.9866641])
20.0883 	EXP 	unnamed Rect: pos = array([-74.1905891, -56.9866641])
20.1041 	EXP 	unnamed Rect: pos = array([-74.1905891, -56.9866641])
20.1218 	EXP 	unnamed Rect: pos = array([-74.1905891, -56.9866641])
20.1376 	EXP 	unnamed Rect: pos = array([-74.1905891, -56.9866641])
20.1540 	EXP 	unnamed Rect: pos = array([-74.1905891, -56.9866641])
20.1708 	EXP 	unnamed Rect: pos = array([-74.1905891, -56.9866641])
20.1873 	EXP 	unnamed Rect: pos = array([-74.1905891, -56.9866641])
20.2040 	EXP 	unnamed Rect: pos = array([-74.1905891, -56.9866641])
20.2210 	EXP 	unnamed Rect: pos = array([-74.1905891, -56.9866641])
20.2222 	DATA 	Keypress: down
20.2375 	EXP 	unnamed Rect: pos = array([-74.1905891, -66.9866641])
20.2542 	EXP 	unnamed Rect: pos = array([-74.1905891, -66.9866641])
20.2708 	EXP 	unnamed Rect: pos = array([-74.1905891, -66.9866641])
20.2876 	EXP 	unnamed Rect: pos = array([-74.1905891, -66.9866641])
20.3051 	EXP 	unnamed Rect: pos = array([-74.1905891, -66.9866641])
20.3210 	EXP 	unnamed Rect: pos = array([-74.1905891, -66.9866641])
20.3374 	EXP 	unnamed Rect: pos = array([-74.1905891, -66.9866641])
20.3547 	EXP 	unnamed Rect: pos = array([-74.1905891, -66.9866641])
20.3712 	EXP 	unnamed Rect: pos = array([-74.1905891, -66.9866641])
20.3875 	EXP 	unnamed Rect: pos = array([-74.1905891, -66.9866641])
20.4044 	EXP 	unnamed Rect: pos = array([-74.1905891, -66.9866641])
20.4056 	DATA 	Keypress: down
20.4214 	EXP 	unnamed Rect: pos = array([-74.1905891, -76.9866641])
20.4383 	EXP 	unnamed Rect: pos = array([-74.1905891, -76.9866641])
20.4539 	EXP 	unnamed Rect: pos = array([-74.1905891, -76.9866641])
20.4709 	EXP 	unnamed Rect: pos = array([-74.1905891, -76.9866641])
20.4875 	EXP 	unnamed Rect: pos = array([-74.1905891, -76.9866641])
20.5042 	EXP 	unnamed Rect: pos = array([-74.1905891, -76.9866641])
20.5206 	EXP 	unnamed Rect: pos = array([-74.1905891, -76.9866641])
20.5376 	EXP 	unnamed Rect: pos = array([-74.1905891, -76.9866641])
20.5542 	EXP 	unnamed Rect: pos = array([-74.1905891, -76.9866641])
20.5714 	EXP 	unnamed Rect: pos = array([-74.1905891, -76.9866641])
20.5726 	DATA 	Keypress: down
20.5877 	EXP 	unnamed Rect: pos = array([-74.1905891, -86.9866641])
20.6046 	EXP 	unnamed Rect: pos = array([-74.1905891, -86.9866641])
20.6208 	EXP 	unnamed Rect: pos = array([-74.1905891, -86.9866641])
20.6383 	EXP 	unnamed Rect: pos = array([-74.1905891, -86.9866641])
20.6545 	EXP 	unnamed Rect: pos = array([-74.1905891, -86.9866641])
20.6708 	EXP 	unnamed Rect: pos = array([-74.1905891, -86.9866641])
20.6880 	EXP 	unnamed Rect: pos = array([-74.1905891, -86.9866641])
20.7047 	EXP 	unnamed Rect: pos = array([-74.1905891, -86.9866641])
20.7209 	EXP 	unnamed Rect: pos = array([-74.1905891, -86.9866641])
20.7384 	EXP 	unnamed Rect: pos = array([-74.1905891, -86.9866641])
20.7396 	DATA 	Keypress: right
20.7552 	EXP 	unnamed Rect: pos = array([-64.1905891, -86.9866641])
20.7712 	EXP 	unnamed Rect: pos = array([-64.1905891, -86.9866641])
20.7881 	EXP 	unnamed Rect: pos = array([-64.1905891, -86.9866641])
20.8044 	EXP 	unnamed Rect: pos = array([-64.1905891, -86.9866641])
20.8218 	EXP 	unnamed Rect: pos = array([-64.1905891, -86.9866641])
20.8378 	EXP 	unnamed Rect: pos = array([-64.1905891, -86.9866641])
20.8540 	EXP 	unnamed Rect: pos = array([-64.1905891, -86.9866641])
20.8708 	EXP 	unnamed Rect: pos = array([-64.1905891, -86.9866641])
20.8875 	EXP 	unnamed Rect: pos = array([-64.1905891, -86.9866641])
20.9039 	EXP 	unnamed Rect: pos = array([-64.1905891, -86.9866641])
20.9212 	EXP 	unnamed Rect: pos = array([-64.1905891, -86.9866641])
20.9225 	DATA 	Keypress: right
20.9384 	EXP 	unnamed Rect: pos = array([-54.1905891, -86.9866641])
20.9540 	EXP 	unnamed Rect: pos = array([-54.1905891, -86.9866641])
20.9710 	EXP 	unnamed Rect: pos = array([-54.1905891, -86.9866641])
20.9877 	EXP 	unnamed Rect: pos = array([-54.1905891, -86.9866641])
21.0040 	EXP 	unnamed Rect: pos = array([-54.1905891, -86.9866641])
21.0208 	EXP 	unnamed Rect: pos = array([-54.1905891, -86.9866641])
21.0380 	EXP 	unnamed Rect: pos = array([-54.1905891, -86.9866641])
21.0547 	EXP 	unnamed Rect: pos = array([-54.1905891, -86.9866641])
21.0709 	EXP 	unnamed Rect: pos = array([-54.1905891, -86.9866641])
21.0875 	EXP 	unnamed Rect: pos = array([-54.1905891, -86.9866641])
21.1043 	EXP 	unnamed Rect: pos = array([-54.1905891, -86.9866641])
21.1055 	DATA 	Keypress: down
21.1206 	EXP 	unnamed Rect: pos = array([-54.1905891, -96.9866641])
21.1381 	EXP 	unnamed Rect: pos = array([-54.1905891, -96.9866641])
21.1549 	EXP 	unnamed Rect: pos = array([-54.1905891, -96.9866641])
21.1717 	EXP 	unnamed Rect: pos = array([-54.1905891, -96.9866641])
21.1875 	EXP 	unnamed Rect: pos = array([-54.1905891, -96.9866641])
21.2041 	EXP 	unnamed Rect: pos = array([-54.1905891, -96.9866641])
21.2206 	EXP 	unnamed Rect: pos = array([-54.1905891, -96.9866641])
21.2374 	EXP 	unnamed Rect: pos = array([-54.1905891, -96.9866641])
21.2543 	EXP 	unnamed Rect: pos = array([-54.1905891, -96.9866641])
21.2555 	DATA 	Keypress: down
21.2716 	EXP 	unnamed Rect: pos = array([ -54.1905891, -106.9866641])
21.2874 	EXP 	unnamed Rect: pos = array([ -54.1905891, -106.9866641])
21.3040 	EXP 	unnamed Rect: pos = array([ -54.1905891, -106.9866641])
21.3207 	EXP 	unnamed Rect: pos = array([ -54.1905891, -106.9866641])
21.3376 	EXP 	unnamed Rect: pos = array([ -54.1905891, -106.9866641])
21.3552 	EXP 	unnamed Rect: pos = array([ -54.1905891, -106.9866641])
21.3706 	EXP 	unnamed Rect: pos = array([ -54.1905891, -106.9866641])
21.3874 	EXP 	unnamed Rect: pos = array([ -54.1905891, -106.9866641])
21.4040 	EXP 	unnamed Rect: pos = array([ -54.1905891, -106.9866641])
21.4206 	EXP 	unnamed Rect: pos = array([ -54.1905891, -106.9866641])
21.4374 	EXP 	unnamed Rect: pos = array([ -54.1905891, -106.9866641])
21.4386 	DATA 	Keypress: right
21.4550 	EXP 	unnamed Rect: pos = array([ -44.1905891, -106.9866641])
21.4707 	EXP 	unnamed Rect: pos = array([ -44.1905891, -106.9866641])
21.4873 	EXP 	unnamed Rect: pos = array([ -44.1905891, -106.9866641])
21.5041 	EXP 	unnamed Rect: pos = array([ -44.1905891, -106.9866641])
21.5206 	EXP 	unnamed Rect: pos = array([ -44.1905891, -106.9866641])
21.5383 	EXP 	unnamed Rect: pos = array([ -44.1905891, -106.9866641])
21.5541 	EXP 	unnamed Rect: pos = array([ -44.1905891, -106.9866641])
21.5710 	EXP 	unnamed Rect: pos = array([ -44.1905891, -106.9866641])
21.5876 	EXP 	unnamed Rect: pos = array([ -44.1905891, -106.9866641])
21.6040 	EXP 	unnamed Rect: pos = array([ -44.1905891, -106.9866641])
21.6207 	EXP 	unnamed Rect: pos = array([ -44.1905891, -106.9866641])
21.6374 	EXP 	unnamed Rect: pos = array([ -44.1905891, -106.9866641])
21.6552 	EXP 	unnamed Rect: pos = array([ -44.1905891, -106.9866641])
21.6711 	EXP 	unnamed Rect: pos = array([ -44.1905891, -106.9866641])
21.6723 	DATA 	Keypress: down
21.6875 	EXP 	unnamed Rect: pos = array([ -44.1905891, -116.9866641])
21.7038 	EXP 	unnamed Rect: pos = array([ -44.1905891, -116.9866641])
21.7209 	EXP 	unnamed Rect: pos = array([ -44.1905891, -116.9866641])
21.7384 	EXP 	unnamed Rect: pos = array([ -44.1905891, -116.9866641])
21.7541 	EXP 	unnamed Rect: pos = array([ -44.1905891, -116.9866641])
21.7706 	EXP 	unnamed Rect: pos = array([ -44.1905891, -116.9866641])
21.7875 	EXP 	unnamed Rect: pos = array([ -44.1905891, -116.9866641])
21.8039 	EXP 	unnamed Rect: pos = array([ -44.1905891, -116.9866641])
21.8206 	EXP 	unnamed Rect: pos = array([ -44.1905891, -116.9866641])
21.8381 	EXP 	unnamed Rect: pos = array([ -44.1905891, -116.9866641])
21.8394 	DATA 	Keypress: down
21.8542 	EXP 	unnamed Rect: pos = array([ -44.1905891, -126.9866641])
21.8709 	EXP 	unnamed Rect: pos = array([ -44.1905891, -126.9866641])
21.8875 	EXP 	unnamed Rect: pos = array([ -44.1905891, -126.9866641])
21.9042 	EXP 	unnamed Rect: pos = array([ -44.1905891, -126.9866641])
21.9211 	EXP 	unnamed Rect: pos = array([ -44.1905891, -126.9866641])
21.9380 	EXP 	unnamed Rect: pos = array([ -44.1905891, -126.9866641])
21.9546 	EXP 	unnamed Rect: pos = array([ -44.1905891, -126.9866641])
21.9711 	EXP 	unnamed Rect: pos = array([ -44.1905891, -126.9866641])
21.9874 	EXP 	unnamed Rect: pos = array([ -44.1905891, -126.9866641])
22.0050 	EXP 	unnamed Rect: pos = array([ -44.1905891, -126.9866641])
22.0062 	DATA 	Keypress: right
22.0207 	EXP 	unnamed Rect: pos = array([ -34.1905891, -126.9866641])
22.0373 	EXP 	unnamed Rect: pos = array([ -34.1905891, -126.9866641])
22.0539 	EXP 	unnamed Rect: pos = array([ -34.1905891, -126.9866641])
22.0718 	EXP 	unnamed Rect: pos = array([ -34.1905891, -126.9866641])
22.0879 	EXP 	unnamed Rect: pos = array([ -34.1905891, -126.9866641])
22.1042 	EXP 	unnamed Rect: pos = array([ -34.1905891, -126.9866641])
22.1206 	EXP 	unnamed Rect: pos = array([ -34.1905891, -126.9866641])
22.1373 	EXP 	unnamed Rect: pos = array([ -34.1905891, -126.9866641])
22.1540 	EXP 	unnamed Rect: pos = array([ -34.1905891, -126.9866641])
22.1711 	EXP 	unnamed Rect: pos = array([ -34.1905891, -126.9866641])
22.1723 	DATA 	Keypress: right
22.1875 	EXP 	unnamed Rect: pos = array([ -24.1905891, -126.9866641])
22.2040 	EXP 	unnamed Rect: pos = array([ -24.1905891, -126.9866641])
22.2207 	EXP 	unnamed Rect: pos = array([ -24.1905891, -126.9866641])
22.2383 	EXP 	unnamed Rect: pos = array([ -24.1905891, -126.9866641])
22.2540 	EXP 	unnamed Rect: pos = array([ -24.1905891, -126.9866641])
22.2715 	EXP 	unnamed Rect: pos = array([ -24.1905891, -126.9866641])
22.2879 	EXP 	unnamed Rect: pos = array([ -24.1905891, -126.9866641])
22.3040 	EXP 	unnamed Rect: pos = array([ -24.1905891, -126.9866641])
22.3211 	EXP 	unnamed Rect: pos = array([ -24.1905891, -126.9866641])
22.3382 	EXP 	unnamed Rect: pos = array([ -24.1905891, -126.9866641])
22.3394 	DATA 	Keypress: right
22.3542 	EXP 	unnamed Rect: pos = array([ -14.1905891, -126.9866641])
22.3706 	EXP 	unnamed Rect: pos = array([ -14.1905891, -126.9866641])
22.3876 	EXP 	unnamed Rect: pos = array([ -14.1905891, -126.9866641])
22.4045 	EXP 	unnamed Rect: pos = array([ -14.1905891, -126.9866641])
22.4208 	EXP 	unnamed Rect: pos = array([ -14.1905891, -126.9866641])
22.4373 	EXP 	unnamed Rect: pos = array([ -14.1905891, -126.9866641])
22.4541 	EXP 	unnamed Rect: pos = array([ -14.1905891, -126.9866641])
22.4706 	EXP 	unnamed Rect: pos = array([ -14.1905891, -126.9866641])
22.4878 	EXP 	unnamed Rect: pos = array([ -14.1905891, -126.9866641])
22.5042 	EXP 	unnamed Rect: pos = array([ -14.1905891, -126.9866641])
22.5083 	DATA 	Keypress: right
22.5216 	EXP 	unnamed Rect: pos = array([ -14.1905891, -126.9866641])
22.5374 	EXP 	unnamed Rect: pos = array([  -4.1905891, -126.9866641])
22.5541 	EXP 	unnamed Rect: pos = array([  -4.1905891, -126.9866641])
22.5716 	EXP 	unnamed Rect: pos = array([  -4.1905891, -126.9866641])
22.5884 	EXP 	unnamed Rect: pos = array([  -4.1905891, -126.9866641])
22.6039 	EXP 	unnamed Rect: pos = array([  -4.1905891, -126.9866641])
22.6206 	EXP 	unnamed Rect: pos = array([  -4.1905891, -126.9866641])
22.6373 	EXP 	unnamed Rect: pos = array([  -4.1905891, -126.9866641])
22.6546 	EXP 	unnamed Rect: pos = array([  -4.1905891, -126.9866641])
22.6707 	EXP 	unnamed Rect: pos = array([  -4.1905891, -126.9866641])
22.6875 	EXP 	unnamed Rect: pos = array([  -4.1905891, -126.9866641])
22.7050 	EXP 	unnamed Rect: pos = array([  -4.1905891, -126.9866641])
22.7062 	DATA 	Keypress: right
22.7209 	EXP 	unnamed Rect: pos = array([   5.8094109, -126.9866641])
22.7388 	EXP 	unnamed Rect: pos = array([   5.8094109, -126.9866641])
22.7543 	EXP 	unnamed Rect: pos = array([   5.8094109, -126.9866641])
22.7706 	EXP 	unnamed Rect: pos = array([   5.8094109, -126.9866641])
22.7875 	EXP 	unnamed Rect: pos = array([   5.8094109, -126.9866641])
22.8041 	EXP 	unnamed Rect: pos = array([   5.8094109, -126.9866641])
22.8206 	EXP 	unnamed Rect: pos = array([   5.8094109, -126.9866641])
22.8379 	EXP 	unnamed Rect: pos = array([   5.8094109, -126.9866641])
22.8545 	EXP 	unnamed Rect: pos = array([   5.8094109, -126.9866641])
22.8558 	DATA 	Keypress: right
22.8712 	EXP 	unnamed Rect: pos = array([  15.8094109, -126.9866641])
22.8880 	EXP 	unnamed Rect: pos = array([  15.8094109, -126.9866641])
22.9045 	EXP 	unnamed Rect: pos = array([  15.8094109, -126.9866641])
22.9210 	EXP 	unnamed Rect: pos = array([  15.8094109, -126.9866641])
22.9374 	EXP 	unnamed Rect: pos = array([  15.8094109, -126.9866641])
22.9542 	EXP 	text: autoDraw = True
23.0245 	DATA 	Keypress: right
23.2081 	DATA 	Keypress: right
24.0917 	DATA 	Keypress: space
25.0420 	DATA 	Keypress: space
25.4597 	DATA 	Keypress: return
25.8416 	DATA 	Keypress: space
25.9384 	EXP 	New trial (rep=1, index=0): None
25.9540 	EXP 	text: autoDraw = False
25.9540 	EXP 	text: autoDraw = False
25.9540 	EXP 	Welcometext: autoDraw = True
26.7928 	DATA 	Keypress: q
28.2749 	DATA 	Keypress: q
28.9571 	EXP 	Created unnamed Rect = Rect(__class__=<class 'psychopy.visual.rect.Rect'>, autoDraw=False, autoLog=True, closeShape=True, color=method-wrapper(...), colorSpace='rgb', contrast=None, depth=0, fillColor=array([ 1, -1, -1]), fillColorSpace='rgb', fillRGB=array([ 1, -1, -1]), interpolate=True, lineColor=array([-1., -1.,  1.]), lineColorSpace='rgb', lineRGB=array([-1, -1,  1]), lineWidth=1.5, name='unnamed Rect', opacity=1, ori=0.0, pos=array([0., 0.]), size=array([1000.,  700.]), units='pix', vertices=ndarray(...), win=Window(...))
28.9597 	EXP 	Created unnamed Rect = Rect(__class__=<class 'psychopy.visual.rect.Rect'>, autoDraw=False, autoLog=True, closeShape=True, color=method-wrapper(...), colorSpace='rgb', contrast=None, depth=0, fillColor=array([-1, -1, -1]), fillColorSpace='rgb', fillRGB=array([-1, -1, -1]), interpolate=True, lineColor=array([-1., -1.,  1.]), lineColorSpace='rgb', lineRGB=array([-1, -1,  1]), lineWidth=1.5, name='unnamed Rect', opacity=1, ori=0.0, pos=array([0., 0.]), size=array([400., 600.]), units='pix', vertices=ndarray(...), win=Window(...))
28.9623 	EXP 	Created unnamed Rect = Rect(__class__=<class 'psychopy.visual.rect.Rect'>, autoDraw=False, autoLog=True, closeShape=True, color=method-wrapper(...), colorSpace='rgb', contrast=None, depth=0, fillColor=array([-1, -1, -1]), fillColorSpace='rgb', fillRGB=array([-1, -1, -1]), interpolate=True, lineColor=array([-1., -1.,  1.]), lineColorSpace='rgb', lineRGB=array([-1, -1,  1]), lineWidth=1.5, name='unnamed Rect', opacity=1, ori=0.0, pos=array([0., 0.]), size=array([400., 600.]), units='pix', vertices=ndarray(...), win=Window(...))
28.9654 	EXP 	Created unnamed Rect = Rect(__class__=<class 'psychopy.visual.rect.Rect'>, autoDraw=False, autoLog=True, closeShape=True, color=method-wrapper(...), colorSpace='rgb', contrast=None, depth=0, fillColor=array([ 1,  1, -1]), fillColorSpace='rgb', fillRGB=array([ 1,  1, -1]), interpolate=True, lineColor=array([0., 0., 0.]), lineColorSpace='rgb', lineRGB=array([0, 0, 0]), lineWidth=1.5, name='unnamed Rect', opacity=0.5, ori=0.0, pos=array([0., 0.]), size=array([30., 30.]), units='pix', vertices=ndarray(...), win=Window(...))
28.9683 	EXP 	Created unnamed Rect = Rect(__class__=<class 'psychopy.visual.rect.Rect'>, autoDraw=False, autoLog=True, closeShape=True, color=method-wrapper(...), colorSpace='rgb', contrast=None, depth=0, fillColor=array([ 1,  1, -1]), fillColorSpace='rgb', fillRGB=array([ 1,  1, -1]), interpolate=True, lineColor=array([0., 0., 0.]), lineColorSpace='rgb', lineRGB=array([0, 0, 0]), lineWidth=1.5, name='unnamed Rect', opacity=0.5, ori=0.0, pos=array([0., 0.]), size=array([30., 30.]), units='pix', vertices=ndarray(...), win=Window(...))
28.9711 	EXP 	Created unnamed Rect = Rect(__class__=<class 'psychopy.visual.rect.Rect'>, autoDraw=False, autoLog=True, closeShape=True, color=method-wrapper(...), colorSpace='rgb', contrast=None, depth=0, fillColor=array([ 1,  1, -1]), fillColorSpace='rgb', fillRGB=array([ 1,  1, -1]), interpolate=True, lineColor=array([0., 0., 0.]), lineColorSpace='rgb', lineRGB=array([0, 0, 0]), lineWidth=1.5, name='unnamed Rect', opacity=0.5, ori=0.0, pos=array([0., 0.]), size=array([30., 30.]), units='pix', vertices=ndarray(...), win=Window(...))
28.9738 	EXP 	Created unnamed Rect = Rect(__class__=<class 'psychopy.visual.rect.Rect'>, autoDraw=False, autoLog=True, closeShape=True, color=method-wrapper(...), colorSpace='rgb', contrast=None, depth=0, fillColor=array([ 1,  1, -1]), fillColorSpace='rgb', fillRGB=array([ 1,  1, -1]), interpolate=True, lineColor=array([0., 0., 0.]), lineColorSpace='rgb', lineRGB=array([0, 0, 0]), lineWidth=1.5, name='unnamed Rect', opacity=0.5, ori=0.0, pos=array([0., 0.]), size=array([30., 30.]), units='pix', vertices=ndarray(...), win=Window(...))
28.9764 	EXP 	Created unnamed Rect = Rect(__class__=<class 'psychopy.visual.rect.Rect'>, autoDraw=False, autoLog=True, closeShape=True, color=method-wrapper(...), colorSpace='rgb', contrast=None, depth=0, fillColor=array([ 1,  1, -1]), fillColorSpace='rgb', fillRGB=array([ 1,  1, -1]), interpolate=True, lineColor=array([0., 0., 0.]), lineColorSpace='rgb', lineRGB=array([0, 0, 0]), lineWidth=1.5, name='unnamed Rect', opacity=0.5, ori=0.0, pos=array([0., 0.]), size=array([30., 30.]), units='pix', vertices=ndarray(...), win=Window(...))
29.0107 	EXP 	Created unnamed ImageStim = ImageStim(__class__=<class 'psychopy.visual.image.ImageStim'>, autoLog=True, color=array([1., 1., 1.]), colorSpace='rgb', contrast=1.0, depth=0, flipHoriz=False, flipVert=False, image='tree.png', interpolate=False, mask=None, maskParams=None, name='unnamed ImageStim', opacity=1, ori=0.0, pos=array([0., 0.]), size=array([512, 512]), texRes=128, units='pix', win=Window(...))
29.0336 	EXP 	Created unnamed ImageStim = ImageStim(__class__=<class 'psychopy.visual.image.ImageStim'>, autoLog=True, color=array([1., 1., 1.]), colorSpace='rgb', contrast=1.0, depth=0, flipHoriz=False, flipVert=False, image='tree.png', interpolate=False, mask=None, maskParams=None, name='unnamed ImageStim', opacity=1, ori=0.0, pos=array([0., 0.]), size=array([512, 512]), texRes=128, units='pix', win=Window(...))
29.0528 	EXP 	Created unnamed ImageStim = ImageStim(__class__=<class 'psychopy.visual.image.ImageStim'>, autoLog=True, color=array([1., 1., 1.]), colorSpace='rgb', contrast=1.0, depth=0, flipHoriz=False, flipVert=False, image='tree.png', interpolate=False, mask=None, maskParams=None, name='unnamed ImageStim', opacity=1, ori=0.0, pos=array([0., 0.]), size=array([512, 512]), texRes=128, units='pix', win=Window(...))
29.0567 	DATA 	Keypress: space
29.0623 	EXP 	Welcometext: autoDraw = False
29.0623 	EXP 	unnamed Rect: pos = [-250, 0]
29.0623 	EXP 	unnamed Rect: pos = [250, 0]
29.0623 	EXP 	unnamed Rect: pos = [-434.38381817082745, 248.28676473777364]
29.0623 	EXP 	unnamed Rect: pos = [75.14812231350064, 188.96714975669093]
29.0623 	EXP 	unnamed Rect: pos = [159.41704411708378, -53.63209390491129]
29.0623 	EXP 	unnamed Rect: pos = [333.6629669810825, -121.8663322552394]
29.0623 	EXP 	unnamed Rect: pos = [191.3419573900941, -177.3876805823267]
29.0623 	EXP 	unnamed ImageStim: size = [128.0, 128.0]
29.0623 	EXP 	unnamed ImageStim: size = [128.0, 128.0]
29.0623 	EXP 	unnamed ImageStim: size = [128.0, 128.0]
29.0623 	EXP 	unnamed ImageStim: pos = [-35.65915709806571, 82.98114605596241]
29.0623 	EXP 	unnamed ImageStim: pos = [-34.607514048356286, -66.70171256732571]
29.0623 	EXP 	unnamed ImageStim: pos = [-285.6591570980657, 82.98114605596241]
29.0623 	EXP 	unnamed ImageStim: pos = [214.34084290193428, 82.98114605596241]
29.0623 	EXP 	unnamed ImageStim: pos = [-284.6075140483563, -66.70171256732571]
29.0623 	EXP 	unnamed ImageStim: pos = [215.39248595164372, -66.70171256732571]
29.5921 	DATA 	Keypress: q
30.2089 	DATA 	Keypress: space
30.4918 	DATA 	Keypress: up
30.7421 	DATA 	Keypress: up
30.9915 	DATA 	Keypress: up
31.1420 	DATA 	Keypress: q
33.1096 	DATA 	Keypress: left
33.3087 	DATA 	Keypress: left
33.5253 	DATA 	Keypress: left
33.9926 	DATA 	Keypress: left
34.4267 	EXP 	Created unnamed Rect = Rect(__class__=<class 'psychopy.visual.rect.Rect'>, autoDraw=False, autoLog=True, closeShape=True, color=method-wrapper(...), colorSpace='rgb', contrast=None, depth=0, fillColor=array([-1, -1, -1]), fillColorSpace='rgb', fillRGB=array([-1, -1, -1]), interpolate=True, lineColor=array([-1., -1.,  1.]), lineColorSpace='rgb', lineRGB=array([-1, -1,  1]), lineWidth=1.5, name='unnamed Rect', opacity=1, ori=0.0, pos=array([0., 0.]), size=array([400., 600.]), units='pix', vertices=ndarray(...), win=Window(...))
34.4321 	EXP 	Created unnamed Rect = Rect(__class__=<class 'psychopy.visual.rect.Rect'>, autoDraw=False, autoLog=True, closeShape=True, color=method-wrapper(...), colorSpace='rgb', contrast=None, depth=0, fillColor=array([-1, -1, -1]), fillColorSpace='rgb', fillRGB=array([-1, -1, -1]), interpolate=True, lineColor=array([-1., -1.,  1.]), lineColorSpace='rgb', lineRGB=array([-1, -1,  1]), lineWidth=1.5, name='unnamed Rect', opacity=1, ori=0.0, pos=array([0., 0.]), size=array([400., 600.]), units='pix', vertices=ndarray(...), win=Window(...))
34.4336 	DATA 	Keypress: left
34.4424 	EXP 	unnamed Rect: pos = array([-184.38381817,  248.28676474])
34.4424 	EXP 	unnamed Rect: pos = array([250.,   0.])
34.4424 	EXP 	unnamed Rect: pos = array([185.,   0.])
34.4535 	EXP 	unnamed Rect: pos = array([185.,   0.])
34.4706 	EXP 	unnamed Rect: pos = array([185.,   0.])
34.4877 	EXP 	unnamed Rect: pos = array([185.,   0.])
34.5044 	EXP 	unnamed Rect: pos = array([185.,   0.])
34.5211 	EXP 	unnamed Rect: pos = array([185.,   0.])
34.5372 	EXP 	unnamed Rect: pos = array([185.,   0.])
34.5541 	EXP 	unnamed Rect: pos = array([185.,   0.])
34.5713 	EXP 	unnamed Rect: pos = array([185.,   0.])
34.5876 	EXP 	unnamed Rect: pos = array([185.,   0.])
34.6041 	EXP 	unnamed Rect: pos = array([185.,   0.])
34.6206 	EXP 	unnamed Rect: pos = array([185.,   0.])
34.6374 	EXP 	unnamed Rect: pos = array([185.,   0.])
34.6547 	EXP 	unnamed Rect: pos = array([185.,   0.])
34.6707 	EXP 	unnamed Rect: pos = array([185.,   0.])
34.6874 	EXP 	unnamed Rect: pos = array([185.,   0.])
34.7039 	EXP 	unnamed Rect: pos = array([185.,   0.])
34.7205 	EXP 	unnamed Rect: pos = array([185.,   0.])
34.7375 	EXP 	unnamed Rect: pos = array([185.,   0.])
34.7386 	DATA 	Keypress: left
34.7549 	EXP 	unnamed Rect: pos = array([175.,   0.])
34.7710 	EXP 	unnamed Rect: pos = array([175.,   0.])
34.7873 	EXP 	unnamed Rect: pos = array([175.,   0.])
34.8043 	EXP 	unnamed Rect: pos = array([175.,   0.])
34.8206 	EXP 	unnamed Rect: pos = array([175.,   0.])
34.8377 	EXP 	unnamed Rect: pos = array([175.,   0.])
34.8541 	EXP 	unnamed Rect: pos = array([175.,   0.])
34.8705 	EXP 	unnamed Rect: pos = array([175.,   0.])
34.8874 	EXP 	unnamed Rect: pos = array([175.,   0.])
34.9051 	EXP 	unnamed Rect: pos = array([175.,   0.])
34.9066 	DATA 	Keypress: q
34.9319 	EXP 	window1: mouseVisible = True
