0.6003 	WARNING 	We strongly recommend you activate the PTB sound engine in PsychoPy prefs as the preferred audio engine. Its timing is vastly superior. Your prefs are currently set to use ['sounddevice', 'PTB', 'pyo', 'pygame'] (in that order).
4.4227 	ERROR 	'-1.0000, -1.0000, -1.0000' is not a valid rgb color
5.0111 	EXP 	Created window1 = Window(allowGUI=False, allowStencil=False, autoLog=True, backendConf=UNKNOWN, bitsMode=UNKNOWN, blendMode='avg', bpc=(8, 8, 8), color=array([0, 0, 0]), colorSpace='rgb', depthBits=8, fullscr=<method-wrapper '__getattribute__' of attributeSetter object at 0x7f9ab9798a90>, gamma=None, gammaErrorPolicy='raise', lms=UNKNOWN, monitor=<psychopy.monitors.calibTools.Monitor object at 0x7f9ab8ff2438>, multiSample=False, name='window1', numSamples=2, pos=[360.0, 225.0], screen=0, size=array([2880, 1800]), stencilBits=0, stereo=False, units='height', useFBO=True, useRetina=True, viewOri=0.0, viewPos=None, viewScale=None, waitBlanking=True, winType='pyglet')
5.0116 	EXP 	window1: mouseVisible = True
5.0117 	EXP 	window1: recordFrameIntervals = False
5.1769 	EXP 	window1: recordFrameIntervals = True
5.3606 	EXP 	window1: recordFrameIntervals = False
5.9456 	DEPRECATION 	'1.0000, 1.0000, 1.0000' is not a valid rgb color
5.9734 	EXP 	Created Welcometext = TextStim(__class__=<class 'psychopy.visual.text.TextStim'>, alignHoriz=method-wrapper(...), alignText='center', alignVert=method-wrapper(...), anchorHoriz='center', anchorVert='center', antialias=True, autoLog=True, bold=False, color=array([0., 0., 0.]), colorSpace='rgb', contrast=1.0, depth=0.0, flipHoriz=False, flipVert=False, font='Open Sans', fontFiles=[], height=0.05, italic=False, languageStyle='LTR', name='Welcometext', opacity=0, ori=0.0, pos=array([0., 0.]), rgb=UNKNOWN, text='Welcome\nPlease press Spacebar to start', units='height', win=Window(...), wrapWidth=1)
6.3219 	EXP 	Created text = TextStim(__class__=<class 'psychopy.visual.text.TextStim'>, alignHoriz=method-wrapper(...), alignText='center', alignVert=method-wrapper(...), anchorHoriz='center', anchorVert='center', antialias=True, autoLog=True, bold=False, color=array([1., 1., 1.]), colorSpace='rgb', contrast=1.0, depth=0.0, flipHoriz=False, flipVert=False, font='Open Sans', fontFiles=[], height=0.05, italic=False, languageStyle='LTR', name='text', opacity=1, ori=0.0, pos=array([0., 0.]), rgb=UNKNOWN, text=str(...), units='height', win=Window(...), wrapWidth=1)
6.3225 	EXP 	Created sequence: random, trialTypes=1, nReps=5, seed=None
6.3227 	EXP 	New trial (rep=0, index=0): None
6.3264 	DATA 	Keypress: space
6.3309 	EXP 	Welcometext: autoDraw = True
7.3507 	EXP 	Created unnamed Rect = Rect(__class__=<class 'psychopy.visual.rect.Rect'>, autoDraw=False, autoLog=True, closeShape=True, color=method-wrapper(...), colorSpace='rgb', contrast=None, depth=0, fillColor=array([ 1, -1, -1]), fillColorSpace='rgb', fillRGB=array([ 1, -1, -1]), interpolate=True, lineColor=array([-1., -1.,  1.]), lineColorSpace='rgb', lineRGB=array([-1, -1,  1]), lineWidth=1.5, name='unnamed Rect', opacity=1, ori=0.0, pos=array([0., 0.]), size=array([1000.,  700.]), units='pix', vertices=ndarray(...), win=Window(...))
7.3533 	EXP 	Created unnamed Rect = Rect(__class__=<class 'psychopy.visual.rect.Rect'>, autoDraw=False, autoLog=True, closeShape=True, color=method-wrapper(...), colorSpace='rgb', contrast=None, depth=0, fillColor=array([-1, -1, -1]), fillColorSpace='rgb', fillRGB=array([-1, -1, -1]), interpolate=True, lineColor=array([-1., -1.,  1.]), lineColorSpace='rgb', lineRGB=array([-1, -1,  1]), lineWidth=1.5, name='unnamed Rect', opacity=1, ori=0.0, pos=array([0., 0.]), size=array([400., 600.]), units='pix', vertices=ndarray(...), win=Window(...))
7.3555 	EXP 	Created unnamed Rect = Rect(__class__=<class 'psychopy.visual.rect.Rect'>, autoDraw=False, autoLog=True, closeShape=True, color=method-wrapper(...), colorSpace='rgb', contrast=None, depth=0, fillColor=array([-1, -1, -1]), fillColorSpace='rgb', fillRGB=array([-1, -1, -1]), interpolate=True, lineColor=array([-1., -1.,  1.]), lineColorSpace='rgb', lineRGB=array([-1, -1,  1]), lineWidth=1.5, name='unnamed Rect', opacity=1, ori=0.0, pos=array([0., 0.]), size=array([400., 600.]), units='pix', vertices=ndarray(...), win=Window(...))
7.3584 	EXP 	Created unnamed Rect = Rect(__class__=<class 'psychopy.visual.rect.Rect'>, autoDraw=False, autoLog=True, closeShape=True, color=method-wrapper(...), colorSpace='rgb', contrast=None, depth=0, fillColor=array([ 1,  1, -1]), fillColorSpace='rgb', fillRGB=array([ 1,  1, -1]), interpolate=True, lineColor=array([0., 0., 0.]), lineColorSpace='rgb', lineRGB=array([0, 0, 0]), lineWidth=1.5, name='unnamed Rect', opacity=0.5, ori=0.0, pos=array([0., 0.]), size=array([30., 30.]), units='pix', vertices=ndarray(...), win=Window(...))
7.3612 	EXP 	Created unnamed Rect = Rect(__class__=<class 'psychopy.visual.rect.Rect'>, autoDraw=False, autoLog=True, closeShape=True, color=method-wrapper(...), colorSpace='rgb', contrast=None, depth=0, fillColor=array([ 1,  1, -1]), fillColorSpace='rgb', fillRGB=array([ 1,  1, -1]), interpolate=True, lineColor=array([0., 0., 0.]), lineColorSpace='rgb', lineRGB=array([0, 0, 0]), lineWidth=1.5, name='unnamed Rect', opacity=0.5, ori=0.0, pos=array([0., 0.]), size=array([30., 30.]), units='pix', vertices=ndarray(...), win=Window(...))
7.3639 	EXP 	Created unnamed Rect = Rect(__class__=<class 'psychopy.visual.rect.Rect'>, autoDraw=False, autoLog=True, closeShape=True, color=method-wrapper(...), colorSpace='rgb', contrast=None, depth=0, fillColor=array([ 1,  1, -1]), fillColorSpace='rgb', fillRGB=array([ 1,  1, -1]), interpolate=True, lineColor=array([0., 0., 0.]), lineColorSpace='rgb', lineRGB=array([0, 0, 0]), lineWidth=1.5, name='unnamed Rect', opacity=0.5, ori=0.0, pos=array([0., 0.]), size=array([30., 30.]), units='pix', vertices=ndarray(...), win=Window(...))
7.3662 	EXP 	Created unnamed Rect = Rect(__class__=<class 'psychopy.visual.rect.Rect'>, autoDraw=False, autoLog=True, closeShape=True, color=method-wrapper(...), colorSpace='rgb', contrast=None, depth=0, fillColor=array([ 1,  1, -1]), fillColorSpace='rgb', fillRGB=array([ 1,  1, -1]), interpolate=True, lineColor=array([0., 0., 0.]), lineColorSpace='rgb', lineRGB=array([0, 0, 0]), lineWidth=1.5, name='unnamed Rect', opacity=0.5, ori=0.0, pos=array([0., 0.]), size=array([30., 30.]), units='pix', vertices=ndarray(...), win=Window(...))
7.3685 	EXP 	Created unnamed Rect = Rect(__class__=<class 'psychopy.visual.rect.Rect'>, autoDraw=False, autoLog=True, closeShape=True, color=method-wrapper(...), colorSpace='rgb', contrast=None, depth=0, fillColor=array([ 1,  1, -1]), fillColorSpace='rgb', fillRGB=array([ 1,  1, -1]), interpolate=True, lineColor=array([0., 0., 0.]), lineColorSpace='rgb', lineRGB=array([0, 0, 0]), lineWidth=1.5, name='unnamed Rect', opacity=0.5, ori=0.0, pos=array([0., 0.]), size=array([30., 30.]), units='pix', vertices=ndarray(...), win=Window(...))
7.4083 	EXP 	Created unnamed ImageStim = ImageStim(__class__=<class 'psychopy.visual.image.ImageStim'>, autoLog=True, color=array([1., 1., 1.]), colorSpace='rgb', contrast=1.0, depth=0, flipHoriz=False, flipVert=False, image='tree.png', interpolate=False, mask=None, maskParams=None, name='unnamed ImageStim', opacity=1, ori=0.0, pos=array([0., 0.]), size=array([512, 512]), texRes=128, units='pix', win=Window(...))
7.4289 	EXP 	Created unnamed ImageStim = ImageStim(__class__=<class 'psychopy.visual.image.ImageStim'>, autoLog=True, color=array([1., 1., 1.]), colorSpace='rgb', contrast=1.0, depth=0, flipHoriz=False, flipVert=False, image='tree.png', interpolate=False, mask=None, maskParams=None, name='unnamed ImageStim', opacity=1, ori=0.0, pos=array([0., 0.]), size=array([512, 512]), texRes=128, units='pix', win=Window(...))
7.4473 	EXP 	Created unnamed ImageStim = ImageStim(__class__=<class 'psychopy.visual.image.ImageStim'>, autoLog=True, color=array([1., 1., 1.]), colorSpace='rgb', contrast=1.0, depth=0, flipHoriz=False, flipVert=False, image='tree.png', interpolate=False, mask=None, maskParams=None, name='unnamed ImageStim', opacity=1, ori=0.0, pos=array([0., 0.]), size=array([512, 512]), texRes=128, units='pix', win=Window(...))
7.4650 	EXP 	Created unnamed ImageStim = ImageStim(__class__=<class 'psychopy.visual.image.ImageStim'>, autoLog=True, color=array([1., 1., 1.]), colorSpace='rgb', contrast=1.0, depth=0, flipHoriz=False, flipVert=False, image='tree.png', interpolate=False, mask=None, maskParams=None, name='unnamed ImageStim', opacity=1, ori=0.0, pos=array([0., 0.]), size=array([512, 512]), texRes=128, units='pix', win=Window(...))
7.4829 	EXP 	Created unnamed ImageStim = ImageStim(__class__=<class 'psychopy.visual.image.ImageStim'>, autoLog=True, color=array([1., 1., 1.]), colorSpace='rgb', contrast=1.0, depth=0, flipHoriz=False, flipVert=False, image='tree.png', interpolate=False, mask=None, maskParams=None, name='unnamed ImageStim', opacity=1, ori=0.0, pos=array([0., 0.]), size=array([512, 512]), texRes=128, units='pix', win=Window(...))
7.5007 	EXP 	Created unnamed ImageStim = ImageStim(__class__=<class 'psychopy.visual.image.ImageStim'>, autoLog=True, color=array([1., 1., 1.]), colorSpace='rgb', contrast=1.0, depth=0, flipHoriz=False, flipVert=False, image='tree.png', interpolate=False, mask=None, maskParams=None, name='unnamed ImageStim', opacity=1, ori=0.0, pos=array([0., 0.]), size=array([512, 512]), texRes=128, units='pix', win=Window(...))
7.5183 	EXP 	Created unnamed ImageStim = ImageStim(__class__=<class 'psychopy.visual.image.ImageStim'>, autoLog=True, color=array([1., 1., 1.]), colorSpace='rgb', contrast=1.0, depth=0, flipHoriz=False, flipVert=False, image='tree.png', interpolate=False, mask=None, maskParams=None, name='unnamed ImageStim', opacity=1, ori=0.0, pos=array([0., 0.]), size=array([512, 512]), texRes=128, units='pix', win=Window(...))
7.5360 	EXP 	Created unnamed ImageStim = ImageStim(__class__=<class 'psychopy.visual.image.ImageStim'>, autoLog=True, color=array([1., 1., 1.]), colorSpace='rgb', contrast=1.0, depth=0, flipHoriz=False, flipVert=False, image='tree.png', interpolate=False, mask=None, maskParams=None, name='unnamed ImageStim', opacity=1, ori=0.0, pos=array([0., 0.]), size=array([512, 512]), texRes=128, units='pix', win=Window(...))
7.5537 	EXP 	Created unnamed ImageStim = ImageStim(__class__=<class 'psychopy.visual.image.ImageStim'>, autoLog=True, color=array([1., 1., 1.]), colorSpace='rgb', contrast=1.0, depth=0, flipHoriz=False, flipVert=False, image='tree.png', interpolate=False, mask=None, maskParams=None, name='unnamed ImageStim', opacity=1, ori=0.0, pos=array([0., 0.]), size=array([512, 512]), texRes=128, units='pix', win=Window(...))
7.5716 	EXP 	Created unnamed ImageStim = ImageStim(__class__=<class 'psychopy.visual.image.ImageStim'>, autoLog=True, color=array([1., 1., 1.]), colorSpace='rgb', contrast=1.0, depth=0, flipHoriz=False, flipVert=False, image='tree.png', interpolate=False, mask=None, maskParams=None, name='unnamed ImageStim', opacity=1, ori=0.0, pos=array([0., 0.]), size=array([512, 512]), texRes=128, units='pix', win=Window(...))
7.5893 	EXP 	Created unnamed ImageStim = ImageStim(__class__=<class 'psychopy.visual.image.ImageStim'>, autoLog=True, color=array([1., 1., 1.]), colorSpace='rgb', contrast=1.0, depth=0, flipHoriz=False, flipVert=False, image='tree.png', interpolate=False, mask=None, maskParams=None, name='unnamed ImageStim', opacity=1, ori=0.0, pos=array([0., 0.]), size=array([512, 512]), texRes=128, units='pix', win=Window(...))
7.6069 	EXP 	Created unnamed ImageStim = ImageStim(__class__=<class 'psychopy.visual.image.ImageStim'>, autoLog=True, color=array([1., 1., 1.]), colorSpace='rgb', contrast=1.0, depth=0, flipHoriz=False, flipVert=False, image='tree.png', interpolate=False, mask=None, maskParams=None, name='unnamed ImageStim', opacity=1, ori=0.0, pos=array([0., 0.]), size=array([512, 512]), texRes=128, units='pix', win=Window(...))
7.6270 	EXP 	Created unnamed ImageStim = ImageStim(__class__=<class 'psychopy.visual.image.ImageStim'>, autoLog=True, color=array([1., 1., 1.]), colorSpace='rgb', contrast=1.0, depth=0, flipHoriz=False, flipVert=False, image='tree.png', interpolate=False, mask=None, maskParams=None, name='unnamed ImageStim', opacity=1, ori=0.0, pos=array([0., 0.]), size=array([512, 512]), texRes=128, units='pix', win=Window(...))
7.6448 	EXP 	Created unnamed ImageStim = ImageStim(__class__=<class 'psychopy.visual.image.ImageStim'>, autoLog=True, color=array([1., 1., 1.]), colorSpace='rgb', contrast=1.0, depth=0, flipHoriz=False, flipVert=False, image='tree.png', interpolate=False, mask=None, maskParams=None, name='unnamed ImageStim', opacity=1, ori=0.0, pos=array([0., 0.]), size=array([512, 512]), texRes=128, units='pix', win=Window(...))
7.6625 	EXP 	Created unnamed ImageStim = ImageStim(__class__=<class 'psychopy.visual.image.ImageStim'>, autoLog=True, color=array([1., 1., 1.]), colorSpace='rgb', contrast=1.0, depth=0, flipHoriz=False, flipVert=False, image='tree.png', interpolate=False, mask=None, maskParams=None, name='unnamed ImageStim', opacity=1, ori=0.0, pos=array([0., 0.]), size=array([512, 512]), texRes=128, units='pix', win=Window(...))
7.6768 	DATA 	Keypress: space
7.6831 	EXP 	Welcometext: autoDraw = False
7.6831 	EXP 	unnamed Rect: pos = [-250, 0]
7.6831 	EXP 	unnamed Rect: pos = [250, 0]
7.6831 	EXP 	unnamed Rect: pos = [-372.5548817342045, -1.8442345148845052]
7.6831 	EXP 	unnamed Rect: pos = [345.3104435402918, -274.1194295639237]
7.6831 	EXP 	unnamed Rect: pos = [255.39220835834692, -271.4177508451693]
7.6831 	EXP 	unnamed Rect: pos = [289.06568203385325, 90.05321136153846]
7.6831 	EXP 	unnamed Rect: pos = [339.4736583739765, 68.9016210374533]
7.6831 	EXP 	unnamed ImageStim: size = [128.0, 128.0]
7.6831 	EXP 	unnamed ImageStim: size = [128.0, 128.0]
7.6831 	EXP 	unnamed ImageStim: size = [128.0, 128.0]
7.6831 	EXP 	unnamed ImageStim: size = [128.0, 128.0]
7.6831 	EXP 	unnamed ImageStim: size = [128.0, 128.0]
7.6831 	EXP 	unnamed ImageStim: size = [128.0, 128.0]
7.6831 	EXP 	unnamed ImageStim: size = [128.0, 128.0]
7.6831 	EXP 	unnamed ImageStim: size = [128.0, 128.0]
7.6831 	EXP 	unnamed ImageStim: size = [128.0, 128.0]
7.6831 	EXP 	unnamed ImageStim: size = [128.0, 128.0]
7.6831 	EXP 	unnamed ImageStim: size = [128.0, 128.0]
7.6831 	EXP 	unnamed ImageStim: size = [128.0, 128.0]
7.6831 	EXP 	unnamed ImageStim: size = [128.0, 128.0]
7.6831 	EXP 	unnamed ImageStim: size = [128.0, 128.0]
7.6831 	EXP 	unnamed ImageStim: size = [128.0, 128.0]
7.6831 	EXP 	unnamed ImageStim: pos = [-23.30258648784497, -139.08876361026262]
7.6831 	EXP 	unnamed ImageStim: pos = [51.9028246842535, 124.56000978986798]
7.6831 	EXP 	unnamed ImageStim: pos = [-19.89004391800185, -149.73256909559532]
7.6831 	EXP 	unnamed ImageStim: pos = [-27.94756674766843, 2.7886765135576317]
7.6831 	EXP 	unnamed ImageStim: pos = [12.425695368861012, 157.28595910793211]
7.6831 	EXP 	unnamed ImageStim: pos = [-273.30258648784496, -139.08876361026262]
7.6831 	EXP 	unnamed ImageStim: pos = [226.69741351215504, -139.08876361026262]
7.6831 	EXP 	unnamed ImageStim: pos = [-198.09717531574648, 124.56000978986798]
7.6831 	EXP 	unnamed ImageStim: pos = [301.9028246842535, 124.56000978986798]
7.6831 	EXP 	unnamed ImageStim: pos = [-269.8900439180019, -149.73256909559532]
7.6831 	EXP 	unnamed ImageStim: pos = [230.10995608199815, -149.73256909559532]
7.6831 	EXP 	unnamed ImageStim: pos = [-277.9475667476684, 2.7886765135576317]
7.6831 	EXP 	unnamed ImageStim: pos = [222.05243325233158, 2.7886765135576317]
7.6831 	EXP 	unnamed ImageStim: pos = [-237.574304631139, 157.28595910793211]
7.6831 	EXP 	unnamed ImageStim: pos = [262.425695368861, 157.28595910793211]
8.6737 	DATA 	Keypress: left
13.5827 	EXP 	Created unnamed Rect = Rect(__class__=<class 'psychopy.visual.rect.Rect'>, autoDraw=False, autoLog=True, closeShape=True, color=method-wrapper(...), colorSpace='rgb', contrast=None, depth=0, fillColor=array([-1, -1, -1]), fillColorSpace='rgb', fillRGB=array([-1, -1, -1]), interpolate=True, lineColor=array([-1., -1.,  1.]), lineColorSpace='rgb', lineRGB=array([-1, -1,  1]), lineWidth=1.5, name='unnamed Rect', opacity=1, ori=0.0, pos=array([0., 0.]), size=array([400., 600.]), units='pix', vertices=ndarray(...), win=Window(...))
13.5874 	EXP 	Created unnamed Rect = Rect(__class__=<class 'psychopy.visual.rect.Rect'>, autoDraw=False, autoLog=True, closeShape=True, color=method-wrapper(...), colorSpace='rgb', contrast=None, depth=0, fillColor=array([-1, -1, -1]), fillColorSpace='rgb', fillRGB=array([-1, -1, -1]), interpolate=True, lineColor=array([-1., -1.,  1.]), lineColorSpace='rgb', lineRGB=array([-1, -1,  1]), lineWidth=1.5, name='unnamed Rect', opacity=1, ori=0.0, pos=array([0., 0.]), size=array([400., 600.]), units='pix', vertices=ndarray(...), win=Window(...))
13.5893 	DATA 	Keypress: left
13.6005 	EXP 	unnamed Rect: pos = array([-122.55488173,   -1.84423451])
13.6005 	EXP 	unnamed Rect: pos = array([-122.55488173,   -1.84423451])
13.6104 	EXP 	unnamed Rect: pos = array([-122.55488173,   -1.84423451])
13.6263 	EXP 	unnamed Rect: pos = array([-122.55488173,   -1.84423451])
13.6440 	EXP 	unnamed Rect: pos = array([-122.55488173,   -1.84423451])
13.6604 	EXP 	unnamed Rect: pos = array([-122.55488173,   -1.84423451])
13.6763 	EXP 	unnamed Rect: pos = array([-122.55488173,   -1.84423451])
13.6929 	EXP 	unnamed Rect: pos = array([-122.55488173,   -1.84423451])
13.7099 	EXP 	unnamed Rect: pos = array([-122.55488173,   -1.84423451])
13.7262 	EXP 	unnamed Rect: pos = array([-122.55488173,   -1.84423451])
13.7429 	EXP 	unnamed Rect: pos = array([-122.55488173,   -1.84423451])
13.7594 	EXP 	unnamed Rect: pos = array([-122.55488173,   -1.84423451])
13.7769 	EXP 	unnamed Rect: pos = array([-122.55488173,   -1.84423451])
13.7921 	EXP 	unnamed Rect: pos = array([-122.55488173,   -1.84423451])
13.8086 	EXP 	unnamed Rect: pos = array([-122.55488173,   -1.84423451])
13.8252 	EXP 	unnamed Rect: pos = array([-122.55488173,   -1.84423451])
13.8420 	EXP 	unnamed Rect: pos = array([-122.55488173,   -1.84423451])
13.8591 	EXP 	unnamed Rect: pos = array([-122.55488173,   -1.84423451])
13.8754 	EXP 	unnamed Rect: pos = array([-122.55488173,   -1.84423451])
13.8925 	EXP 	unnamed Rect: pos = array([-122.55488173,   -1.84423451])
13.9093 	EXP 	unnamed Rect: pos = array([-122.55488173,   -1.84423451])
13.9253 	EXP 	unnamed Rect: pos = array([-122.55488173,   -1.84423451])
13.9421 	EXP 	unnamed Rect: pos = array([-122.55488173,   -1.84423451])
13.9589 	EXP 	unnamed Rect: pos = array([-122.55488173,   -1.84423451])
13.9754 	EXP 	unnamed Rect: pos = array([-122.55488173,   -1.84423451])
13.9919 	EXP 	unnamed Rect: pos = array([-122.55488173,   -1.84423451])
14.0087 	EXP 	unnamed Rect: pos = array([-122.55488173,   -1.84423451])
14.0260 	EXP 	unnamed Rect: pos = array([-122.55488173,   -1.84423451])
14.0421 	EXP 	unnamed Rect: pos = array([-122.55488173,   -1.84423451])
14.0587 	EXP 	unnamed Rect: pos = array([-122.55488173,   -1.84423451])
14.0752 	EXP 	unnamed Rect: pos = array([-122.55488173,   -1.84423451])
14.0922 	EXP 	unnamed Rect: pos = array([-122.55488173,   -1.84423451])
14.1092 	EXP 	unnamed Rect: pos = array([-122.55488173,   -1.84423451])
14.1259 	EXP 	unnamed Rect: pos = array([-122.55488173,   -1.84423451])
14.1426 	EXP 	unnamed Rect: pos = array([-122.55488173,   -1.84423451])
14.1589 	EXP 	unnamed Rect: pos = array([-122.55488173,   -1.84423451])
14.1753 	EXP 	unnamed Rect: pos = array([-122.55488173,   -1.84423451])
14.1919 	EXP 	unnamed Rect: pos = array([-122.55488173,   -1.84423451])
14.2093 	EXP 	unnamed Rect: pos = array([-122.55488173,   -1.84423451])
14.2259 	EXP 	unnamed Rect: pos = array([-122.55488173,   -1.84423451])
14.2422 	EXP 	unnamed Rect: pos = array([-122.55488173,   -1.84423451])
14.2587 	EXP 	unnamed Rect: pos = array([-122.55488173,   -1.84423451])
14.2754 	EXP 	unnamed Rect: pos = array([-122.55488173,   -1.84423451])
14.2925 	EXP 	unnamed Rect: pos = array([-122.55488173,   -1.84423451])
14.3090 	EXP 	unnamed Rect: pos = array([-122.55488173,   -1.84423451])
14.3258 	EXP 	unnamed Rect: pos = array([-122.55488173,   -1.84423451])
14.3420 	EXP 	unnamed Rect: pos = array([-122.55488173,   -1.84423451])
14.3594 	EXP 	unnamed Rect: pos = array([-122.55488173,   -1.84423451])
14.3760 	EXP 	unnamed Rect: pos = array([-122.55488173,   -1.84423451])
14.3922 	EXP 	unnamed Rect: pos = array([-122.55488173,   -1.84423451])
14.4088 	EXP 	unnamed Rect: pos = array([-122.55488173,   -1.84423451])
14.4257 	EXP 	unnamed Rect: pos = array([-122.55488173,   -1.84423451])
14.4420 	EXP 	unnamed Rect: pos = array([-122.55488173,   -1.84423451])
14.4592 	EXP 	unnamed Rect: pos = array([-122.55488173,   -1.84423451])
14.4760 	EXP 	unnamed Rect: pos = array([-122.55488173,   -1.84423451])
14.4920 	EXP 	unnamed Rect: pos = array([-122.55488173,   -1.84423451])
14.5087 	EXP 	unnamed Rect: pos = array([-122.55488173,   -1.84423451])
14.5258 	EXP 	unnamed Rect: pos = array([-122.55488173,   -1.84423451])
14.5421 	EXP 	unnamed Rect: pos = array([-122.55488173,   -1.84423451])
14.5591 	EXP 	unnamed Rect: pos = array([-122.55488173,   -1.84423451])
14.5754 	EXP 	unnamed Rect: pos = array([-122.55488173,   -1.84423451])
14.5920 	EXP 	unnamed Rect: pos = array([-122.55488173,   -1.84423451])
14.6091 	EXP 	unnamed Rect: pos = array([-122.55488173,   -1.84423451])
14.6259 	EXP 	unnamed Rect: pos = array([-122.55488173,   -1.84423451])
14.6423 	EXP 	unnamed Rect: pos = array([-122.55488173,   -1.84423451])
14.6428 	DATA 	Keypress: up
14.6586 	EXP 	unnamed Rect: pos = array([-122.55488173,    8.15576549])
14.6757 	EXP 	unnamed Rect: pos = array([-122.55488173,    8.15576549])
14.6925 	EXP 	unnamed Rect: pos = array([-122.55488173,    8.15576549])
14.7087 	EXP 	unnamed Rect: pos = array([-122.55488173,    8.15576549])
14.7257 	EXP 	unnamed Rect: pos = array([-122.55488173,    8.15576549])
14.7426 	EXP 	unnamed Rect: pos = array([-122.55488173,    8.15576549])
14.7590 	EXP 	unnamed Rect: pos = array([-122.55488173,    8.15576549])
14.7756 	EXP 	unnamed Rect: pos = array([-122.55488173,    8.15576549])
14.7925 	EXP 	unnamed Rect: pos = array([-122.55488173,    8.15576549])
14.8086 	EXP 	unnamed Rect: pos = array([-122.55488173,    8.15576549])
14.8265 	EXP 	unnamed Rect: pos = array([-122.55488173,    8.15576549])
14.8270 	DATA 	Keypress: up
14.8429 	EXP 	unnamed Rect: pos = array([-122.55488173,   18.15576549])
14.8595 	EXP 	unnamed Rect: pos = array([-122.55488173,   18.15576549])
14.8756 	EXP 	unnamed Rect: pos = array([-122.55488173,   18.15576549])
14.8920 	EXP 	unnamed Rect: pos = array([-122.55488173,   18.15576549])
14.9092 	EXP 	unnamed Rect: pos = array([-122.55488173,   18.15576549])
14.9259 	EXP 	unnamed Rect: pos = array([-122.55488173,   18.15576549])
14.9422 	EXP 	unnamed Rect: pos = array([-122.55488173,   18.15576549])
14.9593 	EXP 	unnamed Rect: pos = array([-122.55488173,   18.15576549])
14.9754 	EXP 	unnamed Rect: pos = array([-122.55488173,   18.15576549])
14.9921 	EXP 	unnamed Rect: pos = array([-122.55488173,   18.15576549])
15.0091 	EXP 	unnamed Rect: pos = array([-122.55488173,   18.15576549])
15.0096 	DATA 	Keypress: up
15.0254 	EXP 	unnamed Rect: pos = array([-122.55488173,   28.15576549])
15.0422 	EXP 	unnamed Rect: pos = array([-122.55488173,   28.15576549])
15.0586 	EXP 	unnamed Rect: pos = array([-122.55488173,   28.15576549])
15.0757 	EXP 	unnamed Rect: pos = array([-122.55488173,   28.15576549])
15.0927 	EXP 	unnamed Rect: pos = array([-122.55488173,   28.15576549])
15.1086 	EXP 	unnamed Rect: pos = array([-122.55488173,   28.15576549])
15.1258 	EXP 	unnamed Rect: pos = array([-122.55488173,   28.15576549])
15.1428 	EXP 	unnamed Rect: pos = array([-122.55488173,   28.15576549])
15.1591 	EXP 	unnamed Rect: pos = array([-122.55488173,   28.15576549])
15.1756 	EXP 	unnamed Rect: pos = array([-122.55488173,   28.15576549])
15.1922 	EXP 	unnamed Rect: pos = array([-122.55488173,   28.15576549])
15.1926 	DATA 	Keypress: up
15.2094 	EXP 	unnamed Rect: pos = array([-122.55488173,   38.15576549])
15.2256 	EXP 	unnamed Rect: pos = array([-122.55488173,   38.15576549])
15.2422 	EXP 	unnamed Rect: pos = array([-122.55488173,   38.15576549])
15.2592 	EXP 	unnamed Rect: pos = array([-122.55488173,   38.15576549])
15.2756 	EXP 	unnamed Rect: pos = array([-122.55488173,   38.15576549])
15.2924 	EXP 	unnamed Rect: pos = array([-122.55488173,   38.15576549])
15.3095 	EXP 	unnamed Rect: pos = array([-122.55488173,   38.15576549])
15.3261 	EXP 	unnamed Rect: pos = array([-122.55488173,   38.15576549])
15.3426 	EXP 	unnamed Rect: pos = array([-122.55488173,   38.15576549])
15.3432 	DATA 	Keypress: up
15.3589 	EXP 	unnamed Rect: pos = array([-122.55488173,   48.15576549])
15.3754 	EXP 	unnamed Rect: pos = array([-122.55488173,   48.15576549])
15.3923 	EXP 	unnamed Rect: pos = array([-122.55488173,   48.15576549])
15.4090 	EXP 	unnamed Rect: pos = array([-122.55488173,   48.15576549])
15.4262 	EXP 	unnamed Rect: pos = array([-122.55488173,   48.15576549])
15.4436 	EXP 	unnamed Rect: pos = array([-122.55488173,   48.15576549])
15.4592 	EXP 	unnamed Rect: pos = array([-122.55488173,   48.15576549])
15.4599 	DATA 	Keypress: up
15.4759 	EXP 	unnamed Rect: pos = array([-122.55488173,   58.15576549])
15.4925 	EXP 	unnamed Rect: pos = array([-122.55488173,   58.15576549])
15.5092 	EXP 	unnamed Rect: pos = array([-122.55488173,   58.15576549])
15.5259 	EXP 	unnamed Rect: pos = array([-122.55488173,   58.15576549])
15.5426 	EXP 	unnamed Rect: pos = array([-122.55488173,   58.15576549])
15.5602 	EXP 	unnamed Rect: pos = array([-122.55488173,   58.15576549])
15.5765 	EXP 	unnamed Rect: pos = array([-122.55488173,   58.15576549])
15.5936 	EXP 	unnamed Rect: pos = array([-122.55488173,   58.15576549])
15.6096 	EXP 	unnamed Rect: pos = array([-122.55488173,   58.15576549])
15.6262 	EXP 	unnamed Rect: pos = array([-122.55488173,   58.15576549])
15.6429 	EXP 	unnamed Rect: pos = array([-122.55488173,   58.15576549])
15.6601 	EXP 	unnamed Rect: pos = array([-122.55488173,   58.15576549])
15.6609 	DATA 	Keypress: up
15.6769 	EXP 	unnamed Rect: pos = array([-122.55488173,   68.15576549])
15.6929 	EXP 	unnamed Rect: pos = array([-122.55488173,   68.15576549])
15.7094 	EXP 	unnamed Rect: pos = array([-122.55488173,   68.15576549])
15.7265 	EXP 	unnamed Rect: pos = array([-122.55488173,   68.15576549])
15.7433 	EXP 	unnamed Rect: pos = array([-122.55488173,   68.15576549])
15.7598 	EXP 	unnamed Rect: pos = array([-122.55488173,   68.15576549])
15.7762 	EXP 	unnamed Rect: pos = array([-122.55488173,   68.15576549])
15.7934 	EXP 	unnamed Rect: pos = array([-122.55488173,   68.15576549])
15.8094 	EXP 	unnamed Rect: pos = array([-122.55488173,   68.15576549])
15.8267 	EXP 	unnamed Rect: pos = array([-122.55488173,   68.15576549])
15.8303 	DATA 	Keypress: up
15.8437 	EXP 	unnamed Rect: pos = array([-122.55488173,   68.15576549])
15.8598 	EXP 	unnamed Rect: pos = array([-122.55488173,   78.15576549])
15.8761 	EXP 	unnamed Rect: pos = array([-122.55488173,   78.15576549])
15.8931 	EXP 	unnamed Rect: pos = array([-122.55488173,   78.15576549])
15.9101 	EXP 	unnamed Rect: pos = array([-122.55488173,   78.15576549])
15.9260 	EXP 	unnamed Rect: pos = array([-122.55488173,   78.15576549])
15.9428 	EXP 	unnamed Rect: pos = array([-122.55488173,   78.15576549])
15.9588 	EXP 	unnamed Rect: pos = array([-122.55488173,   78.15576549])
15.9756 	EXP 	unnamed Rect: pos = array([-122.55488173,   78.15576549])
15.9919 	EXP 	unnamed Rect: pos = array([-122.55488173,   78.15576549])
16.0087 	EXP 	unnamed Rect: pos = array([-122.55488173,   78.15576549])
16.0255 	EXP 	unnamed Rect: pos = array([-122.55488173,   78.15576549])
16.0423 	EXP 	unnamed Rect: pos = array([-122.55488173,   78.15576549])
16.0586 	EXP 	unnamed Rect: pos = array([-122.55488173,   78.15576549])
16.0757 	EXP 	unnamed Rect: pos = array([-122.55488173,   78.15576549])
16.0920 	EXP 	unnamed Rect: pos = array([-122.55488173,   78.15576549])
16.1091 	EXP 	unnamed Rect: pos = array([-122.55488173,   78.15576549])
16.1259 	EXP 	unnamed Rect: pos = array([-122.55488173,   78.15576549])
16.1425 	EXP 	unnamed Rect: pos = array([-122.55488173,   78.15576549])
16.1587 	EXP 	unnamed Rect: pos = array([-122.55488173,   78.15576549])
16.1760 	EXP 	unnamed Rect: pos = array([-122.55488173,   78.15576549])
16.1766 	DATA 	Keypress: up
16.1925 	EXP 	unnamed Rect: pos = array([-122.55488173,   88.15576549])
16.2087 	EXP 	unnamed Rect: pos = array([-122.55488173,   88.15576549])
16.2254 	EXP 	unnamed Rect: pos = array([-122.55488173,   88.15576549])
16.2420 	EXP 	unnamed Rect: pos = array([-122.55488173,   88.15576549])
16.2587 	EXP 	unnamed Rect: pos = array([-122.55488173,   88.15576549])
16.2763 	EXP 	unnamed Rect: pos = array([-122.55488173,   88.15576549])
16.2920 	EXP 	unnamed Rect: pos = array([-122.55488173,   88.15576549])
16.3086 	EXP 	unnamed Rect: pos = array([-122.55488173,   88.15576549])
16.3258 	EXP 	unnamed Rect: pos = array([-122.55488173,   88.15576549])
16.3429 	EXP 	unnamed Rect: pos = array([-122.55488173,   88.15576549])
16.3592 	EXP 	unnamed Rect: pos = array([-122.55488173,   88.15576549])
16.3756 	EXP 	unnamed Rect: pos = array([-122.55488173,   88.15576549])
16.3761 	DATA 	Keypress: up
16.3920 	EXP 	unnamed Rect: pos = array([-122.55488173,   98.15576549])
16.4087 	EXP 	unnamed Rect: pos = array([-122.55488173,   98.15576549])
16.4265 	EXP 	unnamed Rect: pos = array([-122.55488173,   98.15576549])
16.4421 	EXP 	unnamed Rect: pos = array([-122.55488173,   98.15576549])
16.4596 	EXP 	unnamed Rect: pos = array([-122.55488173,   98.15576549])
16.4754 	EXP 	unnamed Rect: pos = array([-122.55488173,   98.15576549])
16.4922 	EXP 	unnamed Rect: pos = array([-122.55488173,   98.15576549])
16.5092 	EXP 	unnamed Rect: pos = array([-122.55488173,   98.15576549])
16.5262 	EXP 	unnamed Rect: pos = array([-122.55488173,   98.15576549])
16.5266 	DATA 	Keypress: up
16.5421 	EXP 	unnamed Rect: pos = array([-122.55488173,  108.15576549])
16.5590 	EXP 	unnamed Rect: pos = array([-122.55488173,  108.15576549])
16.5759 	EXP 	unnamed Rect: pos = array([-122.55488173,  108.15576549])
16.5925 	EXP 	unnamed Rect: pos = array([-122.55488173,  108.15576549])
16.6088 	EXP 	unnamed Rect: pos = array([-122.55488173,  108.15576549])
16.6254 	EXP 	unnamed Rect: pos = array([-122.55488173,  108.15576549])
16.6425 	EXP 	unnamed Rect: pos = array([-122.55488173,  108.15576549])
16.6592 	EXP 	unnamed Rect: pos = array([-122.55488173,  108.15576549])
16.6761 	EXP 	unnamed Rect: pos = array([-122.55488173,  108.15576549])
16.6922 	EXP 	unnamed Rect: pos = array([-122.55488173,  108.15576549])
16.7090 	EXP 	unnamed Rect: pos = array([-122.55488173,  108.15576549])
16.7257 	EXP 	unnamed Rect: pos = array([-122.55488173,  108.15576549])
16.7425 	EXP 	unnamed Rect: pos = array([-122.55488173,  108.15576549])
16.7587 	EXP 	unnamed Rect: pos = array([-122.55488173,  108.15576549])
16.7758 	EXP 	unnamed Rect: pos = array([-122.55488173,  108.15576549])
16.7924 	EXP 	unnamed Rect: pos = array([-122.55488173,  108.15576549])
16.8095 	EXP 	unnamed Rect: pos = array([-122.55488173,  108.15576549])
16.8100 	DATA 	Keypress: up
16.8257 	EXP 	unnamed Rect: pos = array([-122.55488173,  118.15576549])
16.8423 	EXP 	unnamed Rect: pos = array([-122.55488173,  118.15576549])
16.8586 	EXP 	unnamed Rect: pos = array([-122.55488173,  118.15576549])
16.8760 	EXP 	unnamed Rect: pos = array([-122.55488173,  118.15576549])
16.8927 	EXP 	unnamed Rect: pos = array([-122.55488173,  118.15576549])
16.9089 	EXP 	unnamed Rect: pos = array([-122.55488173,  118.15576549])
16.9257 	EXP 	unnamed Rect: pos = array([-122.55488173,  118.15576549])
16.9422 	EXP 	unnamed Rect: pos = array([-122.55488173,  118.15576549])
16.9589 	EXP 	unnamed Rect: pos = array([-122.55488173,  118.15576549])
16.9756 	EXP 	unnamed Rect: pos = array([-122.55488173,  118.15576549])
16.9922 	EXP 	unnamed Rect: pos = array([-122.55488173,  118.15576549])
16.9927 	DATA 	Keypress: right
17.0086 	EXP 	unnamed Rect: pos = array([-112.55488173,  118.15576549])
17.0260 	EXP 	unnamed Rect: pos = array([-112.55488173,  118.15576549])
17.0420 	EXP 	unnamed Rect: pos = array([-112.55488173,  118.15576549])
17.0589 	EXP 	unnamed Rect: pos = array([-112.55488173,  118.15576549])
17.0756 	EXP 	unnamed Rect: pos = array([-112.55488173,  118.15576549])
17.0925 	EXP 	unnamed Rect: pos = array([-112.55488173,  118.15576549])
17.1087 	EXP 	unnamed Rect: pos = array([-112.55488173,  118.15576549])
17.1254 	EXP 	unnamed Rect: pos = array([-112.55488173,  118.15576549])
17.1428 	EXP 	unnamed Rect: pos = array([-112.55488173,  118.15576549])
17.1433 	DATA 	Keypress: right
17.1589 	EXP 	unnamed Rect: pos = array([-102.55488173,  118.15576549])
17.1756 	EXP 	unnamed Rect: pos = array([-102.55488173,  118.15576549])
17.1919 	EXP 	unnamed Rect: pos = array([-102.55488173,  118.15576549])
17.2091 	EXP 	unnamed Rect: pos = array([-102.55488173,  118.15576549])
17.2261 	EXP 	unnamed Rect: pos = array([-102.55488173,  118.15576549])
17.2421 	EXP 	unnamed Rect: pos = array([-102.55488173,  118.15576549])
17.2587 	EXP 	unnamed Rect: pos = array([-102.55488173,  118.15576549])
17.2759 	EXP 	unnamed Rect: pos = array([-102.55488173,  118.15576549])
17.2764 	DATA 	Keypress: right
17.2932 	EXP 	unnamed Rect: pos = array([-92.55488173, 118.15576549])
17.3091 	EXP 	unnamed Rect: pos = array([-92.55488173, 118.15576549])
17.3254 	EXP 	unnamed Rect: pos = array([-92.55488173, 118.15576549])
17.3424 	EXP 	unnamed Rect: pos = array([-92.55488173, 118.15576549])
17.3592 	EXP 	unnamed Rect: pos = array([-92.55488173, 118.15576549])
17.3761 	EXP 	unnamed Rect: pos = array([-92.55488173, 118.15576549])
17.3920 	EXP 	unnamed Rect: pos = array([-92.55488173, 118.15576549])
17.4086 	EXP 	unnamed Rect: pos = array([-92.55488173, 118.15576549])
17.4258 	EXP 	unnamed Rect: pos = array([-92.55488173, 118.15576549])
17.4263 	DATA 	Keypress: down
17.4421 	EXP 	unnamed Rect: pos = array([-92.55488173, 108.15576549])
17.4590 	EXP 	unnamed Rect: pos = array([-92.55488173, 108.15576549])
17.4759 	EXP 	unnamed Rect: pos = array([-92.55488173, 108.15576549])
17.4922 	EXP 	unnamed Rect: pos = array([-92.55488173, 108.15576549])
17.5099 	EXP 	unnamed Rect: pos = array([-92.55488173, 108.15576549])
17.5258 	EXP 	unnamed Rect: pos = array([-92.55488173, 108.15576549])
17.5425 	EXP 	unnamed Rect: pos = array([-92.55488173, 108.15576549])
17.5596 	EXP 	unnamed Rect: pos = array([-92.55488173, 108.15576549])
17.5765 	EXP 	unnamed Rect: pos = array([-92.55488173, 108.15576549])
17.5795 	DATA 	Keypress: down
17.5929 	EXP 	unnamed Rect: pos = array([-92.55488173, 108.15576549])
17.6101 	EXP 	unnamed Rect: pos = array([-92.55488173,  98.15576549])
17.6260 	EXP 	unnamed Rect: pos = array([-92.55488173,  98.15576549])
17.6426 	EXP 	unnamed Rect: pos = array([-92.55488173,  98.15576549])
17.6592 	EXP 	unnamed Rect: pos = array([-92.55488173,  98.15576549])
17.6762 	EXP 	unnamed Rect: pos = array([-92.55488173,  98.15576549])
17.6926 	EXP 	unnamed Rect: pos = array([-92.55488173,  98.15576549])
17.7089 	EXP 	unnamed Rect: pos = array([-92.55488173,  98.15576549])
17.7258 	EXP 	unnamed Rect: pos = array([-92.55488173,  98.15576549])
17.7421 	EXP 	unnamed Rect: pos = array([-92.55488173,  98.15576549])
17.7427 	DATA 	Keypress: down
17.7587 	EXP 	unnamed Rect: pos = array([-92.55488173,  88.15576549])
17.7754 	EXP 	unnamed Rect: pos = array([-92.55488173,  88.15576549])
17.7926 	EXP 	unnamed Rect: pos = array([-92.55488173,  88.15576549])
17.8093 	EXP 	unnamed Rect: pos = array([-92.55488173,  88.15576549])
17.8259 	EXP 	unnamed Rect: pos = array([-92.55488173,  88.15576549])
17.8422 	EXP 	unnamed Rect: pos = array([-92.55488173,  88.15576549])
17.8589 	EXP 	unnamed Rect: pos = array([-92.55488173,  88.15576549])
17.8759 	EXP 	unnamed Rect: pos = array([-92.55488173,  88.15576549])
17.8928 	EXP 	unnamed Rect: pos = array([-92.55488173,  88.15576549])
17.8933 	DATA 	Keypress: down
17.9088 	EXP 	unnamed Rect: pos = array([-92.55488173,  78.15576549])
17.9254 	EXP 	unnamed Rect: pos = array([-92.55488173,  78.15576549])
17.9426 	EXP 	unnamed Rect: pos = array([-92.55488173,  78.15576549])
17.9592 	EXP 	unnamed Rect: pos = array([-92.55488173,  78.15576549])
17.9757 	EXP 	unnamed Rect: pos = array([-92.55488173,  78.15576549])
17.9922 	EXP 	unnamed Rect: pos = array([-92.55488173,  78.15576549])
18.0086 	EXP 	unnamed Rect: pos = array([-92.55488173,  78.15576549])
18.0257 	EXP 	unnamed Rect: pos = array([-92.55488173,  78.15576549])
18.0426 	EXP 	unnamed Rect: pos = array([-92.55488173,  78.15576549])
18.0430 	DATA 	Keypress: down
18.0595 	EXP 	unnamed Rect: pos = array([-92.55488173,  68.15576549])
18.0756 	EXP 	unnamed Rect: pos = array([-92.55488173,  68.15576549])
18.0927 	EXP 	unnamed Rect: pos = array([-92.55488173,  68.15576549])
18.1087 	EXP 	unnamed Rect: pos = array([-92.55488173,  68.15576549])
18.1253 	EXP 	unnamed Rect: pos = array([-92.55488173,  68.15576549])
18.1424 	EXP 	unnamed Rect: pos = array([-92.55488173,  68.15576549])
18.1592 	EXP 	unnamed Rect: pos = array([-92.55488173,  68.15576549])
18.1757 	EXP 	unnamed Rect: pos = array([-92.55488173,  68.15576549])
18.1919 	EXP 	unnamed Rect: pos = array([-92.55488173,  68.15576549])
18.2093 	EXP 	unnamed Rect: pos = array([-92.55488173,  68.15576549])
18.2098 	DATA 	Keypress: up
18.2260 	EXP 	unnamed Rect: pos = array([-92.55488173,  78.15576549])
18.2420 	EXP 	unnamed Rect: pos = array([-92.55488173,  78.15576549])
18.2589 	EXP 	unnamed Rect: pos = array([-92.55488173,  78.15576549])
18.2754 	EXP 	unnamed Rect: pos = array([-92.55488173,  78.15576549])
18.2920 	EXP 	unnamed Rect: pos = array([-92.55488173,  78.15576549])
18.3092 	EXP 	unnamed Rect: pos = array([-92.55488173,  78.15576549])
18.3262 	EXP 	unnamed Rect: pos = array([-92.55488173,  78.15576549])
18.3428 	EXP 	unnamed Rect: pos = array([-92.55488173,  78.15576549])
18.3590 	EXP 	unnamed Rect: pos = array([-92.55488173,  78.15576549])
18.3755 	EXP 	unnamed Rect: pos = array([-92.55488173,  78.15576549])
18.3919 	EXP 	unnamed Rect: pos = array([-92.55488173,  78.15576549])
18.4091 	EXP 	unnamed Rect: pos = array([-92.55488173,  78.15576549])
18.4096 	DATA 	Keypress: right
18.4258 	EXP 	unnamed Rect: pos = array([-82.55488173,  78.15576549])
18.4422 	EXP 	unnamed Rect: pos = array([-82.55488173,  78.15576549])
18.4587 	EXP 	unnamed Rect: pos = array([-82.55488173,  78.15576549])
18.4757 	EXP 	unnamed Rect: pos = array([-82.55488173,  78.15576549])
18.4923 	EXP 	unnamed Rect: pos = array([-82.55488173,  78.15576549])
18.5094 	EXP 	unnamed Rect: pos = array([-82.55488173,  78.15576549])
18.5099 	DATA 	Keypress: right
18.5258 	EXP 	unnamed Rect: pos = array([-72.55488173,  78.15576549])
18.5427 	EXP 	unnamed Rect: pos = array([-72.55488173,  78.15576549])
18.5588 	EXP 	unnamed Rect: pos = array([-72.55488173,  78.15576549])
18.5760 	EXP 	unnamed Rect: pos = array([-72.55488173,  78.15576549])
18.5929 	EXP 	unnamed Rect: pos = array([-72.55488173,  78.15576549])
18.6088 	EXP 	unnamed Rect: pos = array([-72.55488173,  78.15576549])
18.6262 	EXP 	unnamed Rect: pos = array([-72.55488173,  78.15576549])
18.6420 	EXP 	unnamed Rect: pos = array([-72.55488173,  78.15576549])
18.6596 	EXP 	unnamed Rect: pos = array([-72.55488173,  78.15576549])
18.6601 	DATA 	Keypress: right
18.6759 	EXP 	unnamed Rect: pos = array([-62.55488173,  78.15576549])
18.6922 	EXP 	unnamed Rect: pos = array([-62.55488173,  78.15576549])
18.7086 	EXP 	unnamed Rect: pos = array([-62.55488173,  78.15576549])
18.7259 	EXP 	unnamed Rect: pos = array([-62.55488173,  78.15576549])
18.7422 	EXP 	unnamed Rect: pos = array([-62.55488173,  78.15576549])
18.7592 	EXP 	unnamed Rect: pos = array([-62.55488173,  78.15576549])
18.7758 	EXP 	unnamed Rect: pos = array([-62.55488173,  78.15576549])
18.7930 	EXP 	unnamed Rect: pos = array([-62.55488173,  78.15576549])
18.8087 	EXP 	unnamed Rect: pos = array([-62.55488173,  78.15576549])
18.8256 	EXP 	unnamed Rect: pos = array([-62.55488173,  78.15576549])
18.8261 	DATA 	Keypress: right
18.8424 	EXP 	unnamed Rect: pos = array([-52.55488173,  78.15576549])
18.8586 	EXP 	unnamed Rect: pos = array([-52.55488173,  78.15576549])
18.8753 	EXP 	unnamed Rect: pos = array([-52.55488173,  78.15576549])
18.8929 	EXP 	unnamed Rect: pos = array([-52.55488173,  78.15576549])
18.9090 	EXP 	unnamed Rect: pos = array([-52.55488173,  78.15576549])
18.9265 	EXP 	unnamed Rect: pos = array([-52.55488173,  78.15576549])
18.9422 	EXP 	unnamed Rect: pos = array([-52.55488173,  78.15576549])
18.9592 	EXP 	unnamed Rect: pos = array([-52.55488173,  78.15576549])
18.9598 	DATA 	Keypress: right
18.9761 	EXP 	unnamed Rect: pos = array([-42.55488173,  78.15576549])
18.9920 	EXP 	unnamed Rect: pos = array([-42.55488173,  78.15576549])
19.0091 	EXP 	unnamed Rect: pos = array([-42.55488173,  78.15576549])
19.0253 	EXP 	unnamed Rect: pos = array([-42.55488173,  78.15576549])
19.0421 	EXP 	unnamed Rect: pos = array([-42.55488173,  78.15576549])
19.0588 	EXP 	unnamed Rect: pos = array([-42.55488173,  78.15576549])
19.0754 	EXP 	unnamed Rect: pos = array([-42.55488173,  78.15576549])
19.0929 	EXP 	unnamed Rect: pos = array([-42.55488173,  78.15576549])
19.1095 	EXP 	unnamed Rect: pos = array([-42.55488173,  78.15576549])
19.1100 	DATA 	Keypress: right
19.1254 	EXP 	unnamed Rect: pos = array([-32.55488173,  78.15576549])
19.1424 	EXP 	unnamed Rect: pos = array([-32.55488173,  78.15576549])
19.1593 	EXP 	unnamed Rect: pos = array([-32.55488173,  78.15576549])
19.1755 	EXP 	unnamed Rect: pos = array([-32.55488173,  78.15576549])
19.1924 	EXP 	unnamed Rect: pos = array([-32.55488173,  78.15576549])
19.2089 	EXP 	unnamed Rect: pos = array([-32.55488173,  78.15576549])
19.2254 	EXP 	unnamed Rect: pos = array([-32.55488173,  78.15576549])
19.2422 	EXP 	unnamed Rect: pos = array([-32.55488173,  78.15576549])
19.2599 	EXP 	unnamed Rect: pos = array([-32.55488173,  78.15576549])
19.2605 	DATA 	Keypress: right
19.2760 	EXP 	unnamed Rect: pos = array([-22.55488173,  78.15576549])
19.2928 	EXP 	unnamed Rect: pos = array([-22.55488173,  78.15576549])
19.3088 	EXP 	unnamed Rect: pos = array([-22.55488173,  78.15576549])
19.3259 	EXP 	unnamed Rect: pos = array([-22.55488173,  78.15576549])
19.3432 	EXP 	unnamed Rect: pos = array([-22.55488173,  78.15576549])
19.3602 	EXP 	unnamed Rect: pos = array([-22.55488173,  78.15576549])
19.3760 	EXP 	unnamed Rect: pos = array([-22.55488173,  78.15576549])
19.3925 	EXP 	unnamed Rect: pos = array([-22.55488173,  78.15576549])
19.4095 	EXP 	unnamed Rect: pos = array([-22.55488173,  78.15576549])
19.4119 	DATA 	Keypress: right
19.4266 	EXP 	unnamed Rect: pos = array([-22.55488173,  78.15576549])
19.4429 	EXP 	unnamed Rect: pos = array([-12.55488173,  78.15576549])
19.4594 	EXP 	unnamed Rect: pos = array([-12.55488173,  78.15576549])
19.4761 	EXP 	unnamed Rect: pos = array([-12.55488173,  78.15576549])
19.4940 	EXP 	unnamed Rect: pos = array([-12.55488173,  78.15576549])
19.5099 	EXP 	unnamed Rect: pos = array([-12.55488173,  78.15576549])
19.5260 	EXP 	unnamed Rect: pos = array([-12.55488173,  78.15576549])
19.5426 	EXP 	unnamed Rect: pos = array([-12.55488173,  78.15576549])
19.5605 	EXP 	unnamed Rect: pos = array([-12.55488173,  78.15576549])
19.5613 	DATA 	Keypress: right
19.5772 	EXP 	unnamed Rect: pos = array([-2.55488173, 78.15576549])
19.5931 	EXP 	unnamed Rect: pos = array([-2.55488173, 78.15576549])
19.6103 	EXP 	unnamed Rect: pos = array([-2.55488173, 78.15576549])
19.6261 	EXP 	unnamed Rect: pos = array([-2.55488173, 78.15576549])
19.6433 	EXP 	unnamed Rect: pos = array([-2.55488173, 78.15576549])
19.6590 	EXP 	unnamed Rect: pos = array([-2.55488173, 78.15576549])
19.6753 	EXP 	unnamed Rect: pos = array([-2.55488173, 78.15576549])
19.6926 	EXP 	unnamed Rect: pos = array([-2.55488173, 78.15576549])
19.6932 	DATA 	Keypress: right
19.7095 	EXP 	unnamed Rect: pos = array([ 7.44511827, 78.15576549])
19.7254 	EXP 	unnamed Rect: pos = array([ 7.44511827, 78.15576549])
19.7423 	EXP 	unnamed Rect: pos = array([ 7.44511827, 78.15576549])
19.7587 	EXP 	unnamed Rect: pos = array([ 7.44511827, 78.15576549])
19.7760 	EXP 	unnamed Rect: pos = array([ 7.44511827, 78.15576549])
19.7923 	EXP 	unnamed Rect: pos = array([ 7.44511827, 78.15576549])
19.8087 	EXP 	unnamed Rect: pos = array([ 7.44511827, 78.15576549])
19.8259 	EXP 	unnamed Rect: pos = array([ 7.44511827, 78.15576549])
19.8425 	EXP 	unnamed Rect: pos = array([ 7.44511827, 78.15576549])
19.8430 	DATA 	Keypress: right
19.8586 	EXP 	unnamed Rect: pos = array([17.44511827, 78.15576549])
19.8758 	EXP 	unnamed Rect: pos = array([17.44511827, 78.15576549])
19.8926 	EXP 	unnamed Rect: pos = array([17.44511827, 78.15576549])
19.9090 	EXP 	unnamed Rect: pos = array([17.44511827, 78.15576549])
19.9258 	EXP 	unnamed Rect: pos = array([17.44511827, 78.15576549])
19.9420 	EXP 	unnamed Rect: pos = array([17.44511827, 78.15576549])
19.9589 	EXP 	unnamed Rect: pos = array([17.44511827, 78.15576549])
19.9757 	EXP 	unnamed Rect: pos = array([17.44511827, 78.15576549])
19.9925 	EXP 	unnamed Rect: pos = array([17.44511827, 78.15576549])
19.9930 	DATA 	Keypress: right
20.0092 	EXP 	unnamed Rect: pos = array([27.44511827, 78.15576549])
20.0254 	EXP 	unnamed Rect: pos = array([27.44511827, 78.15576549])
20.0420 	EXP 	unnamed Rect: pos = array([27.44511827, 78.15576549])
20.0590 	EXP 	unnamed Rect: pos = array([27.44511827, 78.15576549])
20.0759 	EXP 	unnamed Rect: pos = array([27.44511827, 78.15576549])
20.0921 	EXP 	unnamed Rect: pos = array([27.44511827, 78.15576549])
20.1086 	EXP 	unnamed Rect: pos = array([27.44511827, 78.15576549])
20.1258 	EXP 	unnamed Rect: pos = array([27.44511827, 78.15576549])
20.1428 	EXP 	unnamed Rect: pos = array([27.44511827, 78.15576549])
20.1433 	DATA 	Keypress: right
20.1587 	EXP 	unnamed Rect: pos = array([37.44511827, 78.15576549])
20.1756 	EXP 	unnamed Rect: pos = array([37.44511827, 78.15576549])
20.1919 	EXP 	unnamed Rect: pos = array([37.44511827, 78.15576549])
20.2091 	EXP 	unnamed Rect: pos = array([37.44511827, 78.15576549])
20.2257 	EXP 	unnamed Rect: pos = array([37.44511827, 78.15576549])
20.2423 	EXP 	unnamed Rect: pos = array([37.44511827, 78.15576549])
20.2590 	EXP 	unnamed Rect: pos = array([37.44511827, 78.15576549])
20.2758 	EXP 	unnamed Rect: pos = array([37.44511827, 78.15576549])
20.2926 	EXP 	unnamed Rect: pos = array([37.44511827, 78.15576549])
20.3087 	EXP 	unnamed Rect: pos = array([37.44511827, 78.15576549])
20.3261 	EXP 	unnamed Rect: pos = array([37.44511827, 78.15576549])
20.3422 	EXP 	unnamed Rect: pos = array([37.44511827, 78.15576549])
20.3594 	EXP 	unnamed Rect: pos = array([37.44511827, 78.15576549])
20.3772 	EXP 	unnamed Rect: pos = array([37.44511827, 78.15576549])
20.3777 	DATA 	Keypress: right
20.3924 	EXP 	unnamed Rect: pos = array([47.44511827, 78.15576549])
20.4092 	EXP 	unnamed Rect: pos = array([47.44511827, 78.15576549])
20.4254 	EXP 	unnamed Rect: pos = array([47.44511827, 78.15576549])
20.4420 	EXP 	unnamed Rect: pos = array([47.44511827, 78.15576549])
20.4590 	EXP 	unnamed Rect: pos = array([47.44511827, 78.15576549])
20.4754 	EXP 	unnamed Rect: pos = array([47.44511827, 78.15576549])
20.4923 	EXP 	unnamed Rect: pos = array([47.44511827, 78.15576549])
20.5089 	EXP 	unnamed Rect: pos = array([47.44511827, 78.15576549])
20.5257 	EXP 	unnamed Rect: pos = array([47.44511827, 78.15576549])
20.5420 	EXP 	unnamed Rect: pos = array([47.44511827, 78.15576549])
20.5586 	EXP 	unnamed Rect: pos = array([47.44511827, 78.15576549])
20.5759 	EXP 	unnamed Rect: pos = array([47.44511827, 78.15576549])
20.5930 	EXP 	unnamed Rect: pos = array([47.44511827, 78.15576549])
20.6087 	EXP 	unnamed Rect: pos = array([47.44511827, 78.15576549])
20.6254 	EXP 	unnamed Rect: pos = array([47.44511827, 78.15576549])
20.6420 	EXP 	unnamed Rect: pos = array([47.44511827, 78.15576549])
20.6587 	EXP 	unnamed Rect: pos = array([47.44511827, 78.15576549])
20.6757 	EXP 	unnamed Rect: pos = array([47.44511827, 78.15576549])
20.6926 	EXP 	unnamed Rect: pos = array([47.44511827, 78.15576549])
20.7092 	EXP 	unnamed Rect: pos = array([47.44511827, 78.15576549])
20.7263 	EXP 	unnamed Rect: pos = array([47.44511827, 78.15576549])
20.7424 	EXP 	unnamed Rect: pos = array([47.44511827, 78.15576549])
20.7588 	EXP 	unnamed Rect: pos = array([47.44511827, 78.15576549])
20.7756 	EXP 	unnamed Rect: pos = array([47.44511827, 78.15576549])
20.7920 	EXP 	unnamed Rect: pos = array([47.44511827, 78.15576549])
20.8086 	EXP 	unnamed Rect: pos = array([47.44511827, 78.15576549])
20.8253 	EXP 	unnamed Rect: pos = array([47.44511827, 78.15576549])
20.8421 	EXP 	unnamed Rect: pos = array([47.44511827, 78.15576549])
20.8598 	EXP 	unnamed Rect: pos = array([47.44511827, 78.15576549])
20.8755 	EXP 	unnamed Rect: pos = array([47.44511827, 78.15576549])
20.8921 	EXP 	unnamed Rect: pos = array([47.44511827, 78.15576549])
20.9088 	EXP 	unnamed Rect: pos = array([47.44511827, 78.15576549])
20.9253 	EXP 	unnamed Rect: pos = array([47.44511827, 78.15576549])
20.9423 	EXP 	unnamed Rect: pos = array([47.44511827, 78.15576549])
20.9428 	DATA 	Keypress: down
20.9588 	EXP 	unnamed Rect: pos = array([47.44511827, 68.15576549])
20.9753 	EXP 	unnamed Rect: pos = array([47.44511827, 68.15576549])
20.9920 	EXP 	unnamed Rect: pos = array([47.44511827, 68.15576549])
21.0090 	EXP 	unnamed Rect: pos = array([47.44511827, 68.15576549])
21.0265 	EXP 	unnamed Rect: pos = array([47.44511827, 68.15576549])
21.0425 	EXP 	unnamed Rect: pos = array([47.44511827, 68.15576549])
21.0589 	EXP 	unnamed Rect: pos = array([47.44511827, 68.15576549])
21.0593 	DATA 	Keypress: down
21.0756 	EXP 	unnamed Rect: pos = array([47.44511827, 58.15576549])
21.0922 	EXP 	unnamed Rect: pos = array([47.44511827, 58.15576549])
21.1089 	EXP 	unnamed Rect: pos = array([47.44511827, 58.15576549])
21.1253 	EXP 	unnamed Rect: pos = array([47.44511827, 58.15576549])
21.1422 	EXP 	unnamed Rect: pos = array([47.44511827, 58.15576549])
21.1590 	EXP 	unnamed Rect: pos = array([47.44511827, 58.15576549])
21.1755 	EXP 	unnamed Rect: pos = array([47.44511827, 58.15576549])
21.1924 	EXP 	unnamed Rect: pos = array([47.44511827, 58.15576549])
21.2090 	EXP 	unnamed Rect: pos = array([47.44511827, 58.15576549])
21.2268 	EXP 	unnamed Rect: pos = array([47.44511827, 58.15576549])
21.2429 	EXP 	unnamed Rect: pos = array([47.44511827, 58.15576549])
21.2596 	EXP 	unnamed Rect: pos = array([47.44511827, 58.15576549])
21.2602 	DATA 	Keypress: down
21.2759 	EXP 	unnamed Rect: pos = array([47.44511827, 48.15576549])
21.2924 	EXP 	unnamed Rect: pos = array([47.44511827, 48.15576549])
21.3105 	EXP 	unnamed Rect: pos = array([47.44511827, 48.15576549])
21.3270 	EXP 	unnamed Rect: pos = array([47.44511827, 48.15576549])
21.3431 	EXP 	unnamed Rect: pos = array([47.44511827, 48.15576549])
21.3594 	EXP 	unnamed Rect: pos = array([47.44511827, 48.15576549])
21.3761 	EXP 	unnamed Rect: pos = array([47.44511827, 48.15576549])
21.3930 	EXP 	unnamed Rect: pos = array([47.44511827, 48.15576549])
21.4094 	EXP 	unnamed Rect: pos = array([47.44511827, 48.15576549])
21.4270 	EXP 	unnamed Rect: pos = array([47.44511827, 48.15576549])
21.4278 	DATA 	Keypress: down
21.4430 	EXP 	unnamed Rect: pos = array([47.44511827, 38.15576549])
21.4600 	EXP 	unnamed Rect: pos = array([47.44511827, 38.15576549])
21.4766 	EXP 	unnamed Rect: pos = array([47.44511827, 38.15576549])
21.4932 	EXP 	unnamed Rect: pos = array([47.44511827, 38.15576549])
21.5098 	EXP 	unnamed Rect: pos = array([47.44511827, 38.15576549])
21.5261 	EXP 	unnamed Rect: pos = array([47.44511827, 38.15576549])
21.5428 	EXP 	unnamed Rect: pos = array([47.44511827, 38.15576549])
21.5595 	EXP 	unnamed Rect: pos = array([47.44511827, 38.15576549])
21.5774 	EXP 	unnamed Rect: pos = array([47.44511827, 38.15576549])
21.5783 	DATA 	Keypress: down
21.5928 	EXP 	unnamed Rect: pos = array([47.44511827, 28.15576549])
21.6101 	EXP 	unnamed Rect: pos = array([47.44511827, 28.15576549])
21.6257 	EXP 	unnamed Rect: pos = array([47.44511827, 28.15576549])
21.6423 	EXP 	unnamed Rect: pos = array([47.44511827, 28.15576549])
21.6586 	EXP 	unnamed Rect: pos = array([47.44511827, 28.15576549])
21.6757 	EXP 	unnamed Rect: pos = array([47.44511827, 28.15576549])
21.6921 	EXP 	unnamed Rect: pos = array([47.44511827, 28.15576549])
21.7087 	EXP 	unnamed Rect: pos = array([47.44511827, 28.15576549])
21.7261 	EXP 	unnamed Rect: pos = array([47.44511827, 28.15576549])
21.7267 	DATA 	Keypress: down
21.7425 	EXP 	unnamed Rect: pos = array([47.44511827, 18.15576549])
21.7587 	EXP 	unnamed Rect: pos = array([47.44511827, 18.15576549])
21.7754 	EXP 	unnamed Rect: pos = array([47.44511827, 18.15576549])
21.7926 	EXP 	unnamed Rect: pos = array([47.44511827, 18.15576549])
21.8095 	EXP 	unnamed Rect: pos = array([47.44511827, 18.15576549])
21.8255 	EXP 	unnamed Rect: pos = array([47.44511827, 18.15576549])
21.8423 	EXP 	unnamed Rect: pos = array([47.44511827, 18.15576549])
21.8587 	EXP 	unnamed Rect: pos = array([47.44511827, 18.15576549])
21.8755 	EXP 	unnamed Rect: pos = array([47.44511827, 18.15576549])
21.8927 	EXP 	unnamed Rect: pos = array([47.44511827, 18.15576549])
21.8932 	DATA 	Keypress: down
21.9096 	EXP 	unnamed Rect: pos = array([47.44511827,  8.15576549])
21.9259 	EXP 	unnamed Rect: pos = array([47.44511827,  8.15576549])
21.9425 	EXP 	unnamed Rect: pos = array([47.44511827,  8.15576549])
21.9589 	EXP 	unnamed Rect: pos = array([47.44511827,  8.15576549])
21.9758 	EXP 	unnamed Rect: pos = array([47.44511827,  8.15576549])
21.9920 	EXP 	unnamed Rect: pos = array([47.44511827,  8.15576549])
22.0092 	EXP 	unnamed Rect: pos = array([47.44511827,  8.15576549])
22.0261 	EXP 	unnamed Rect: pos = array([47.44511827,  8.15576549])
22.0266 	DATA 	Keypress: down
22.0422 	EXP 	unnamed Rect: pos = array([47.44511827, -1.84423451])
22.0589 	EXP 	unnamed Rect: pos = array([47.44511827, -1.84423451])
22.0753 	EXP 	unnamed Rect: pos = array([47.44511827, -1.84423451])
22.0927 	EXP 	unnamed Rect: pos = array([47.44511827, -1.84423451])
22.1087 	EXP 	unnamed Rect: pos = array([47.44511827, -1.84423451])
22.1260 	EXP 	unnamed Rect: pos = array([47.44511827, -1.84423451])
22.1420 	EXP 	unnamed Rect: pos = array([47.44511827, -1.84423451])
22.1591 	EXP 	unnamed Rect: pos = array([47.44511827, -1.84423451])
22.1759 	EXP 	unnamed Rect: pos = array([47.44511827, -1.84423451])
22.1925 	EXP 	unnamed Rect: pos = array([47.44511827, -1.84423451])
22.1930 	DATA 	Keypress: down
22.2090 	EXP 	unnamed Rect: pos = array([ 47.44511827, -11.84423451])
22.2254 	EXP 	unnamed Rect: pos = array([ 47.44511827, -11.84423451])
22.2421 	EXP 	unnamed Rect: pos = array([ 47.44511827, -11.84423451])
22.2588 	EXP 	unnamed Rect: pos = array([ 47.44511827, -11.84423451])
22.2758 	EXP 	unnamed Rect: pos = array([ 47.44511827, -11.84423451])
22.2926 	EXP 	unnamed Rect: pos = array([ 47.44511827, -11.84423451])
22.3087 	EXP 	unnamed Rect: pos = array([ 47.44511827, -11.84423451])
22.3256 	EXP 	unnamed Rect: pos = array([ 47.44511827, -11.84423451])
22.3432 	EXP 	unnamed Rect: pos = array([ 47.44511827, -11.84423451])
22.3589 	EXP 	unnamed Rect: pos = array([ 47.44511827, -11.84423451])
22.3594 	DATA 	Keypress: down
22.3758 	EXP 	unnamed Rect: pos = array([ 47.44511827, -21.84423451])
22.3930 	EXP 	unnamed Rect: pos = array([ 47.44511827, -21.84423451])
22.4087 	EXP 	unnamed Rect: pos = array([ 47.44511827, -21.84423451])
22.4253 	EXP 	unnamed Rect: pos = array([ 47.44511827, -21.84423451])
22.4424 	EXP 	unnamed Rect: pos = array([ 47.44511827, -21.84423451])
22.4590 	EXP 	unnamed Rect: pos = array([ 47.44511827, -21.84423451])
22.4758 	EXP 	unnamed Rect: pos = array([ 47.44511827, -21.84423451])
22.4924 	EXP 	unnamed Rect: pos = array([ 47.44511827, -21.84423451])
22.5088 	EXP 	unnamed Rect: pos = array([ 47.44511827, -21.84423451])
22.5259 	EXP 	unnamed Rect: pos = array([ 47.44511827, -21.84423451])
22.5264 	DATA 	Keypress: down
22.5425 	EXP 	unnamed Rect: pos = array([ 47.44511827, -31.84423451])
22.5588 	EXP 	unnamed Rect: pos = array([ 47.44511827, -31.84423451])
22.5752 	EXP 	unnamed Rect: pos = array([ 47.44511827, -31.84423451])
22.5927 	EXP 	unnamed Rect: pos = array([ 47.44511827, -31.84423451])
22.6095 	EXP 	unnamed Rect: pos = array([ 47.44511827, -31.84423451])
22.6258 	EXP 	unnamed Rect: pos = array([ 47.44511827, -31.84423451])
22.6425 	EXP 	unnamed Rect: pos = array([ 47.44511827, -31.84423451])
22.6592 	EXP 	unnamed Rect: pos = array([ 47.44511827, -31.84423451])
22.6757 	EXP 	unnamed Rect: pos = array([ 47.44511827, -31.84423451])
22.6762 	DATA 	Keypress: down
22.6926 	EXP 	unnamed Rect: pos = array([ 47.44511827, -41.84423451])
22.7087 	EXP 	unnamed Rect: pos = array([ 47.44511827, -41.84423451])
22.7252 	EXP 	unnamed Rect: pos = array([ 47.44511827, -41.84423451])
22.7421 	EXP 	unnamed Rect: pos = array([ 47.44511827, -41.84423451])
22.7590 	EXP 	unnamed Rect: pos = array([ 47.44511827, -41.84423451])
22.7757 	EXP 	unnamed Rect: pos = array([ 47.44511827, -41.84423451])
22.7921 	EXP 	unnamed Rect: pos = array([ 47.44511827, -41.84423451])
22.8091 	EXP 	unnamed Rect: pos = array([ 47.44511827, -41.84423451])
22.8253 	EXP 	unnamed Rect: pos = array([ 47.44511827, -41.84423451])
22.8419 	EXP 	unnamed Rect: pos = array([ 47.44511827, -41.84423451])
22.8595 	EXP 	unnamed Rect: pos = array([ 47.44511827, -41.84423451])
22.8600 	DATA 	Keypress: down
22.8759 	EXP 	unnamed Rect: pos = array([ 47.44511827, -51.84423451])
22.8927 	EXP 	unnamed Rect: pos = array([ 47.44511827, -51.84423451])
22.9090 	EXP 	unnamed Rect: pos = array([ 47.44511827, -51.84423451])
22.9254 	EXP 	unnamed Rect: pos = array([ 47.44511827, -51.84423451])
22.9422 	EXP 	unnamed Rect: pos = array([ 47.44511827, -51.84423451])
22.9588 	EXP 	unnamed Rect: pos = array([ 47.44511827, -51.84423451])
22.9753 	EXP 	unnamed Rect: pos = array([ 47.44511827, -51.84423451])
22.9919 	EXP 	unnamed Rect: pos = array([ 47.44511827, -51.84423451])
23.0093 	EXP 	unnamed Rect: pos = array([ 47.44511827, -51.84423451])
23.0098 	DATA 	Keypress: down
23.0255 	EXP 	unnamed Rect: pos = array([ 47.44511827, -61.84423451])
23.0425 	EXP 	unnamed Rect: pos = array([ 47.44511827, -61.84423451])
23.0590 	EXP 	unnamed Rect: pos = array([ 47.44511827, -61.84423451])
23.0753 	EXP 	unnamed Rect: pos = array([ 47.44511827, -61.84423451])
23.0926 	EXP 	unnamed Rect: pos = array([ 47.44511827, -61.84423451])
23.1092 	EXP 	unnamed Rect: pos = array([ 47.44511827, -61.84423451])
23.1255 	EXP 	unnamed Rect: pos = array([ 47.44511827, -61.84423451])
23.1420 	EXP 	unnamed Rect: pos = array([ 47.44511827, -61.84423451])
23.1587 	EXP 	unnamed Rect: pos = array([ 47.44511827, -61.84423451])
23.1757 	EXP 	unnamed Rect: pos = array([ 47.44511827, -61.84423451])
23.1764 	DATA 	Keypress: down
23.1937 	EXP 	unnamed Rect: pos = array([ 47.44511827, -71.84423451])
23.2090 	EXP 	unnamed Rect: pos = array([ 47.44511827, -71.84423451])
23.2256 	EXP 	unnamed Rect: pos = array([ 47.44511827, -71.84423451])
23.2430 	EXP 	unnamed Rect: pos = array([ 47.44511827, -71.84423451])
23.2599 	EXP 	unnamed Rect: pos = array([ 47.44511827, -71.84423451])
23.2766 	EXP 	unnamed Rect: pos = array([ 47.44511827, -71.84423451])
23.2923 	EXP 	unnamed Rect: pos = array([ 47.44511827, -71.84423451])
23.3092 	EXP 	unnamed Rect: pos = array([ 47.44511827, -71.84423451])
23.3264 	EXP 	unnamed Rect: pos = array([ 47.44511827, -71.84423451])
23.3430 	EXP 	unnamed Rect: pos = array([ 47.44511827, -71.84423451])
23.3599 	EXP 	unnamed Rect: pos = array([ 47.44511827, -71.84423451])
23.3607 	DATA 	Keypress: down
23.3759 	EXP 	unnamed Rect: pos = array([ 47.44511827, -81.84423451])
23.3936 	EXP 	unnamed Rect: pos = array([ 47.44511827, -81.84423451])
23.4095 	EXP 	unnamed Rect: pos = array([ 47.44511827, -81.84423451])
23.4269 	EXP 	unnamed Rect: pos = array([ 47.44511827, -81.84423451])
23.4431 	EXP 	unnamed Rect: pos = array([ 47.44511827, -81.84423451])
23.4594 	EXP 	unnamed Rect: pos = array([ 47.44511827, -81.84423451])
23.4762 	EXP 	unnamed Rect: pos = array([ 47.44511827, -81.84423451])
23.4928 	EXP 	unnamed Rect: pos = array([ 47.44511827, -81.84423451])
23.5095 	EXP 	unnamed Rect: pos = array([ 47.44511827, -81.84423451])
23.5126 	DATA 	Keypress: down
23.5276 	EXP 	unnamed Rect: pos = array([ 47.44511827, -81.84423451])
23.5431 	EXP 	unnamed Rect: pos = array([ 47.44511827, -91.84423451])
23.5593 	EXP 	unnamed Rect: pos = array([ 47.44511827, -91.84423451])
23.5764 	EXP 	unnamed Rect: pos = array([ 47.44511827, -91.84423451])
23.5928 	EXP 	unnamed Rect: pos = array([ 47.44511827, -91.84423451])
23.6104 	EXP 	text: autoDraw = True
23.6963 	DATA 	Keypress: left
23.8798 	DATA 	Keypress: left
24.8976 	DATA 	Keypress: space
26.5935 	EXP 	New trial (rep=1, index=0): None
26.6100 	EXP 	text: autoDraw = False
26.6100 	EXP 	text: autoDraw = False
26.6100 	EXP 	Welcometext: autoDraw = True
27.4470 	DATA 	Keypress: escape
27.6050 	EXP 	window1: mouseVisible = True
