0.5959 	WARNING 	We strongly recommend you activate the PTB sound engine in PsychoPy prefs as the preferred audio engine. Its timing is vastly superior. Your prefs are currently set to use ['sounddevice', 'PTB', 'pyo', 'pygame'] (in that order).
5.0605 	ERROR 	'-1.0000, -1.0000, -1.0000' is not a valid rgb color
5.6776 	EXP 	Created window1 = Window(allowGUI=False, allowStencil=False, autoLog=True, backendConf=UNKNOWN, bitsMode=UNKNOWN, blendMode='avg', bpc=(8, 8, 8), color=array([0, 0, 0]), colorSpace='rgb', depthBits=8, fullscr=<method-wrapper '__getattribute__' of attributeSetter object at 0x7fa2222f3a20>, gamma=None, gammaErrorPolicy='raise', lms=UNKNOWN, monitor=<psychopy.monitors.calibTools.Monitor object at 0x7fa222bbc4a8>, multiSample=False, name='window1', numSamples=2, pos=[360.0, 225.0], screen=0, size=array([2880, 1800]), stencilBits=0, stereo=False, units='height', useFBO=True, useRetina=True, viewOri=0.0, viewPos=None, viewScale=None, waitBlanking=True, winType='pyglet')
5.6779 	EXP 	window1: mouseVisible = True
5.6779 	EXP 	window1: recordFrameIntervals = False
5.8447 	EXP 	window1: recordFrameIntervals = True
6.0282 	EXP 	window1: recordFrameIntervals = False
6.6281 	DEPRECATION 	'1.0000, 1.0000, 1.0000' is not a valid rgb color
6.6558 	EXP 	Created Welcometext = TextStim(__class__=<class 'psychopy.visual.text.TextStim'>, alignHoriz=method-wrapper(...), alignText='center', alignVert=method-wrapper(...), anchorHoriz='center', anchorVert='center', antialias=True, autoLog=True, bold=False, color=array([0., 0., 0.]), colorSpace='rgb', contrast=1.0, depth=0.0, flipHoriz=False, flipVert=False, font='Open Sans', fontFiles=[], height=0.05, italic=False, languageStyle='LTR', name='Welcometext', opacity=0, ori=0.0, pos=array([0., 0.]), rgb=UNKNOWN, text='Welcome\nPlease press Spacebar to start', units='height', win=Window(...), wrapWidth=1)
7.0136 	EXP 	Created text = TextStim(__class__=<class 'psychopy.visual.text.TextStim'>, alignHoriz=method-wrapper(...), alignText='center', alignVert=method-wrapper(...), anchorHoriz='center', anchorVert='center', antialias=True, autoLog=True, bold=False, color=array([1., 1., 1.]), colorSpace='rgb', contrast=1.0, depth=0.0, flipHoriz=False, flipVert=False, font='Open Sans', fontFiles=[], height=0.05, italic=False, languageStyle='LTR', name='text', opacity=1, ori=0.0, pos=array([0., 0.]), rgb=UNKNOWN, text=str(...), units='height', win=Window(...), wrapWidth=1)
7.0141 	EXP 	Created sequence: random, trialTypes=1, nReps=5, seed=None
7.0143 	EXP 	New trial (rep=0, index=0): None
7.0202 	EXP 	Welcometext: autoDraw = True
8.6846 	EXP 	Created unnamed Rect = Rect(__class__=<class 'psychopy.visual.rect.Rect'>, autoDraw=False, autoLog=True, closeShape=True, color=method-wrapper(...), colorSpace='rgb', contrast=None, depth=0, fillColor=array([ 1, -1, -1]), fillColorSpace='rgb', fillRGB=array([ 1, -1, -1]), interpolate=True, lineColor=array([-1., -1.,  1.]), lineColorSpace='rgb', lineRGB=array([-1, -1,  1]), lineWidth=1.5, name='unnamed Rect', opacity=1, ori=0.0, pos=array([0., 0.]), size=array([1000.,  700.]), units='pix', vertices=ndarray(...), win=Window(...))
8.6872 	EXP 	Created unnamed Rect = Rect(__class__=<class 'psychopy.visual.rect.Rect'>, autoDraw=False, autoLog=True, closeShape=True, color=method-wrapper(...), colorSpace='rgb', contrast=None, depth=0, fillColor=array([-1, -1, -1]), fillColorSpace='rgb', fillRGB=array([-1, -1, -1]), interpolate=True, lineColor=array([-1., -1.,  1.]), lineColorSpace='rgb', lineRGB=array([-1, -1,  1]), lineWidth=1.5, name='unnamed Rect', opacity=1, ori=0.0, pos=array([0., 0.]), size=array([400., 600.]), units='pix', vertices=ndarray(...), win=Window(...))
8.6895 	EXP 	Created unnamed Rect = Rect(__class__=<class 'psychopy.visual.rect.Rect'>, autoDraw=False, autoLog=True, closeShape=True, color=method-wrapper(...), colorSpace='rgb', contrast=None, depth=0, fillColor=array([-1, -1, -1]), fillColorSpace='rgb', fillRGB=array([-1, -1, -1]), interpolate=True, lineColor=array([-1., -1.,  1.]), lineColorSpace='rgb', lineRGB=array([-1, -1,  1]), lineWidth=1.5, name='unnamed Rect', opacity=1, ori=0.0, pos=array([0., 0.]), size=array([400., 600.]), units='pix', vertices=ndarray(...), win=Window(...))
8.6924 	EXP 	Created unnamed Rect = Rect(__class__=<class 'psychopy.visual.rect.Rect'>, autoDraw=False, autoLog=True, closeShape=True, color=method-wrapper(...), colorSpace='rgb', contrast=None, depth=0, fillColor=array([ 1,  1, -1]), fillColorSpace='rgb', fillRGB=array([ 1,  1, -1]), interpolate=True, lineColor=array([0., 0., 0.]), lineColorSpace='rgb', lineRGB=array([0, 0, 0]), lineWidth=1.5, name='unnamed Rect', opacity=0.5, ori=0.0, pos=array([0., 0.]), size=array([30., 30.]), units='pix', vertices=ndarray(...), win=Window(...))
8.6953 	EXP 	Created unnamed Rect = Rect(__class__=<class 'psychopy.visual.rect.Rect'>, autoDraw=False, autoLog=True, closeShape=True, color=method-wrapper(...), colorSpace='rgb', contrast=None, depth=0, fillColor=array([ 1,  1, -1]), fillColorSpace='rgb', fillRGB=array([ 1,  1, -1]), interpolate=True, lineColor=array([0., 0., 0.]), lineColorSpace='rgb', lineRGB=array([0, 0, 0]), lineWidth=1.5, name='unnamed Rect', opacity=0.5, ori=0.0, pos=array([0., 0.]), size=array([30., 30.]), units='pix', vertices=ndarray(...), win=Window(...))
8.6982 	EXP 	Created unnamed Rect = Rect(__class__=<class 'psychopy.visual.rect.Rect'>, autoDraw=False, autoLog=True, closeShape=True, color=method-wrapper(...), colorSpace='rgb', contrast=None, depth=0, fillColor=array([ 1,  1, -1]), fillColorSpace='rgb', fillRGB=array([ 1,  1, -1]), interpolate=True, lineColor=array([0., 0., 0.]), lineColorSpace='rgb', lineRGB=array([0, 0, 0]), lineWidth=1.5, name='unnamed Rect', opacity=0.5, ori=0.0, pos=array([0., 0.]), size=array([30., 30.]), units='pix', vertices=ndarray(...), win=Window(...))
8.7005 	EXP 	Created unnamed Rect = Rect(__class__=<class 'psychopy.visual.rect.Rect'>, autoDraw=False, autoLog=True, closeShape=True, color=method-wrapper(...), colorSpace='rgb', contrast=None, depth=0, fillColor=array([ 1,  1, -1]), fillColorSpace='rgb', fillRGB=array([ 1,  1, -1]), interpolate=True, lineColor=array([0., 0., 0.]), lineColorSpace='rgb', lineRGB=array([0, 0, 0]), lineWidth=1.5, name='unnamed Rect', opacity=0.5, ori=0.0, pos=array([0., 0.]), size=array([30., 30.]), units='pix', vertices=ndarray(...), win=Window(...))
8.7029 	EXP 	Created unnamed Rect = Rect(__class__=<class 'psychopy.visual.rect.Rect'>, autoDraw=False, autoLog=True, closeShape=True, color=method-wrapper(...), colorSpace='rgb', contrast=None, depth=0, fillColor=array([ 1,  1, -1]), fillColorSpace='rgb', fillRGB=array([ 1,  1, -1]), interpolate=True, lineColor=array([0., 0., 0.]), lineColorSpace='rgb', lineRGB=array([0, 0, 0]), lineWidth=1.5, name='unnamed Rect', opacity=0.5, ori=0.0, pos=array([0., 0.]), size=array([30., 30.]), units='pix', vertices=ndarray(...), win=Window(...))
8.7052 	EXP 	Created unnamed Rect = Rect(__class__=<class 'psychopy.visual.rect.Rect'>, autoDraw=False, autoLog=True, closeShape=True, color=method-wrapper(...), colorSpace='rgb', contrast=None, depth=0, fillColor=array([ 1,  1, -1]), fillColorSpace='rgb', fillRGB=array([ 1,  1, -1]), interpolate=True, lineColor=array([0., 0., 0.]), lineColorSpace='rgb', lineRGB=array([0, 0, 0]), lineWidth=1.5, name='unnamed Rect', opacity=0.5, ori=0.0, pos=array([0., 0.]), size=array([30., 30.]), units='pix', vertices=ndarray(...), win=Window(...))
8.7075 	EXP 	Created unnamed Rect = Rect(__class__=<class 'psychopy.visual.rect.Rect'>, autoDraw=False, autoLog=True, closeShape=True, color=method-wrapper(...), colorSpace='rgb', contrast=None, depth=0, fillColor=array([ 1,  1, -1]), fillColorSpace='rgb', fillRGB=array([ 1,  1, -1]), interpolate=True, lineColor=array([0., 0., 0.]), lineColorSpace='rgb', lineRGB=array([0, 0, 0]), lineWidth=1.5, name='unnamed Rect', opacity=0.5, ori=0.0, pos=array([0., 0.]), size=array([30., 30.]), units='pix', vertices=ndarray(...), win=Window(...))
8.7468 	EXP 	Created unnamed ImageStim = ImageStim(__class__=<class 'psychopy.visual.image.ImageStim'>, autoLog=True, color=array([1., 1., 1.]), colorSpace='rgb', contrast=1.0, depth=0, flipHoriz=False, flipVert=False, image='tree.png', interpolate=False, mask=None, maskParams=None, name='unnamed ImageStim', opacity=1, ori=0.0, pos=array([0., 0.]), size=array([512, 512]), texRes=128, units='pix', win=Window(...))
8.7668 	EXP 	Created unnamed ImageStim = ImageStim(__class__=<class 'psychopy.visual.image.ImageStim'>, autoLog=True, color=array([1., 1., 1.]), colorSpace='rgb', contrast=1.0, depth=0, flipHoriz=False, flipVert=False, image='tree.png', interpolate=False, mask=None, maskParams=None, name='unnamed ImageStim', opacity=1, ori=0.0, pos=array([0., 0.]), size=array([512, 512]), texRes=128, units='pix', win=Window(...))
8.7858 	EXP 	Created unnamed ImageStim = ImageStim(__class__=<class 'psychopy.visual.image.ImageStim'>, autoLog=True, color=array([1., 1., 1.]), colorSpace='rgb', contrast=1.0, depth=0, flipHoriz=False, flipVert=False, image='tree.png', interpolate=False, mask=None, maskParams=None, name='unnamed ImageStim', opacity=1, ori=0.0, pos=array([0., 0.]), size=array([512, 512]), texRes=128, units='pix', win=Window(...))
8.8034 	EXP 	Created unnamed ImageStim = ImageStim(__class__=<class 'psychopy.visual.image.ImageStim'>, autoLog=True, color=array([1., 1., 1.]), colorSpace='rgb', contrast=1.0, depth=0, flipHoriz=False, flipVert=False, image='tree.png', interpolate=False, mask=None, maskParams=None, name='unnamed ImageStim', opacity=1, ori=0.0, pos=array([0., 0.]), size=array([512, 512]), texRes=128, units='pix', win=Window(...))
8.8208 	EXP 	Created unnamed ImageStim = ImageStim(__class__=<class 'psychopy.visual.image.ImageStim'>, autoLog=True, color=array([1., 1., 1.]), colorSpace='rgb', contrast=1.0, depth=0, flipHoriz=False, flipVert=False, image='tree.png', interpolate=False, mask=None, maskParams=None, name='unnamed ImageStim', opacity=1, ori=0.0, pos=array([0., 0.]), size=array([512, 512]), texRes=128, units='pix', win=Window(...))
8.8386 	EXP 	Created unnamed ImageStim = ImageStim(__class__=<class 'psychopy.visual.image.ImageStim'>, autoLog=True, color=array([1., 1., 1.]), colorSpace='rgb', contrast=1.0, depth=0, flipHoriz=False, flipVert=False, image='tree.png', interpolate=False, mask=None, maskParams=None, name='unnamed ImageStim', opacity=1, ori=0.0, pos=array([0., 0.]), size=array([512, 512]), texRes=128, units='pix', win=Window(...))
8.8561 	EXP 	Created unnamed ImageStim = ImageStim(__class__=<class 'psychopy.visual.image.ImageStim'>, autoLog=True, color=array([1., 1., 1.]), colorSpace='rgb', contrast=1.0, depth=0, flipHoriz=False, flipVert=False, image='tree.png', interpolate=False, mask=None, maskParams=None, name='unnamed ImageStim', opacity=1, ori=0.0, pos=array([0., 0.]), size=array([512, 512]), texRes=128, units='pix', win=Window(...))
8.8737 	EXP 	Created unnamed ImageStim = ImageStim(__class__=<class 'psychopy.visual.image.ImageStim'>, autoLog=True, color=array([1., 1., 1.]), colorSpace='rgb', contrast=1.0, depth=0, flipHoriz=False, flipVert=False, image='tree.png', interpolate=False, mask=None, maskParams=None, name='unnamed ImageStim', opacity=1, ori=0.0, pos=array([0., 0.]), size=array([512, 512]), texRes=128, units='pix', win=Window(...))
8.8910 	EXP 	Created unnamed ImageStim = ImageStim(__class__=<class 'psychopy.visual.image.ImageStim'>, autoLog=True, color=array([1., 1., 1.]), colorSpace='rgb', contrast=1.0, depth=0, flipHoriz=False, flipVert=False, image='tree.png', interpolate=False, mask=None, maskParams=None, name='unnamed ImageStim', opacity=1, ori=0.0, pos=array([0., 0.]), size=array([512, 512]), texRes=128, units='pix', win=Window(...))
8.9084 	EXP 	Created unnamed ImageStim = ImageStim(__class__=<class 'psychopy.visual.image.ImageStim'>, autoLog=True, color=array([1., 1., 1.]), colorSpace='rgb', contrast=1.0, depth=0, flipHoriz=False, flipVert=False, image='tree.png', interpolate=False, mask=None, maskParams=None, name='unnamed ImageStim', opacity=1, ori=0.0, pos=array([0., 0.]), size=array([512, 512]), texRes=128, units='pix', win=Window(...))
8.9258 	EXP 	Created unnamed ImageStim = ImageStim(__class__=<class 'psychopy.visual.image.ImageStim'>, autoLog=True, color=array([1., 1., 1.]), colorSpace='rgb', contrast=1.0, depth=0, flipHoriz=False, flipVert=False, image='tree.png', interpolate=False, mask=None, maskParams=None, name='unnamed ImageStim', opacity=1, ori=0.0, pos=array([0., 0.]), size=array([512, 512]), texRes=128, units='pix', win=Window(...))
8.9432 	EXP 	Created unnamed ImageStim = ImageStim(__class__=<class 'psychopy.visual.image.ImageStim'>, autoLog=True, color=array([1., 1., 1.]), colorSpace='rgb', contrast=1.0, depth=0, flipHoriz=False, flipVert=False, image='tree.png', interpolate=False, mask=None, maskParams=None, name='unnamed ImageStim', opacity=1, ori=0.0, pos=array([0., 0.]), size=array([512, 512]), texRes=128, units='pix', win=Window(...))
8.9533 	DATA 	Keypress: space
8.9590 	EXP 	Welcometext: autoDraw = False
8.9590 	EXP 	unnamed Rect: pos = [-250, 0]
8.9590 	EXP 	unnamed Rect: pos = [250, 0]
8.9590 	EXP 	unnamed Rect: pos = [-173.93577857349615, 92.08756649984002]
8.9590 	EXP 	unnamed Rect: pos = [-280.4416224993413, 56.87501158859428]
8.9590 	EXP 	unnamed Rect: pos = [314.12644135199366, 193.04427205204013]
8.9590 	EXP 	unnamed Rect: pos = [71.22815512135884, 189.45067447402747]
8.9590 	EXP 	unnamed Rect: pos = [374.7855624119992, 40.67035716037916]
8.9590 	EXP 	unnamed Rect: pos = [294.85371920577745, -94.05365798658067]
8.9590 	EXP 	unnamed Rect: pos = [88.41837613496253, 39.03891745801347]
8.9590 	EXP 	unnamed ImageStim: size = [51.2, 51.2]
8.9590 	EXP 	unnamed ImageStim: size = [51.2, 51.2]
8.9590 	EXP 	unnamed ImageStim: size = [51.2, 51.2]
8.9590 	EXP 	unnamed ImageStim: size = [51.2, 51.2]
8.9590 	EXP 	unnamed ImageStim: size = [51.2, 51.2]
8.9590 	EXP 	unnamed ImageStim: size = [51.2, 51.2]
8.9590 	EXP 	unnamed ImageStim: size = [51.2, 51.2]
8.9590 	EXP 	unnamed ImageStim: size = [51.2, 51.2]
8.9590 	EXP 	unnamed ImageStim: size = [51.2, 51.2]
8.9590 	EXP 	unnamed ImageStim: size = [51.2, 51.2]
8.9590 	EXP 	unnamed ImageStim: size = [51.2, 51.2]
8.9590 	EXP 	unnamed ImageStim: size = [51.2, 51.2]
8.9590 	EXP 	unnamed ImageStim: pos = [-18.52836488842782, 97.32126773538783]
8.9590 	EXP 	unnamed ImageStim: pos = [133.2078296486006, 224.63939299309558]
8.9590 	EXP 	unnamed ImageStim: pos = [-44.13195196844996, -175.14478533163307]
8.9590 	EXP 	unnamed ImageStim: pos = [136.28457221090548, 243.19477774823443]
8.9590 	EXP 	unnamed ImageStim: pos = [-268.5283648884278, 97.32126773538783]
8.9590 	EXP 	unnamed ImageStim: pos = [231.47163511157217, 97.32126773538783]
8.9590 	EXP 	unnamed ImageStim: pos = [-116.79217035139939, 224.63939299309558]
8.9590 	EXP 	unnamed ImageStim: pos = [383.20782964860064, 224.63939299309558]
8.9590 	EXP 	unnamed ImageStim: pos = [-294.13195196845, -175.14478533163307]
8.9590 	EXP 	unnamed ImageStim: pos = [205.86804803155005, -175.14478533163307]
8.9590 	EXP 	unnamed ImageStim: pos = [-113.71542778909452, 243.19477774823443]
8.9590 	EXP 	unnamed ImageStim: pos = [386.2845722109055, 243.19477774823443]
15.5336 	EXP 	Created unnamed Rect = Rect(__class__=<class 'psychopy.visual.rect.Rect'>, autoDraw=False, autoLog=True, closeShape=True, color=method-wrapper(...), colorSpace='rgb', contrast=None, depth=0, fillColor=array([-1, -1, -1]), fillColorSpace='rgb', fillRGB=array([-1, -1, -1]), interpolate=True, lineColor=array([-1., -1.,  1.]), lineColorSpace='rgb', lineRGB=array([-1, -1,  1]), lineWidth=1.5, name='unnamed Rect', opacity=1, ori=0.0, pos=array([0., 0.]), size=array([400., 600.]), units='pix', vertices=ndarray(...), win=Window(...))
15.5883 	EXP 	Created unnamed Rect = Rect(__class__=<class 'psychopy.visual.rect.Rect'>, autoDraw=False, autoLog=True, closeShape=True, color=method-wrapper(...), colorSpace='rgb', contrast=None, depth=0, fillColor=array([-1, -1, -1]), fillColorSpace='rgb', fillRGB=array([-1, -1, -1]), interpolate=True, lineColor=array([-1., -1.,  1.]), lineColorSpace='rgb', lineRGB=array([-1, -1,  1]), lineWidth=1.5, name='unnamed Rect', opacity=1, ori=0.0, pos=array([0., 0.]), size=array([400., 600.]), units='pix', vertices=ndarray(...), win=Window(...))
15.6006 	DATA 	Keypress: left
15.6094 	EXP 	unnamed Rect: pos = array([76.06422143, 92.0875665 ])
15.6094 	EXP 	unnamed Rect: pos = array([-30.4416225 ,  56.87501159])
15.6094 	EXP 	unnamed Rect: pos = array([76.06422143, 92.0875665 ])
15.6174 	EXP 	unnamed Rect: pos = array([76.06422143, 92.0875665 ])
15.6249 	EXP 	unnamed Rect: pos = array([76.06422143, 92.0875665 ])
15.6319 	EXP 	unnamed Rect: pos = array([76.06422143, 92.0875665 ])
15.6436 	EXP 	unnamed Rect: pos = array([76.06422143, 92.0875665 ])
15.6609 	EXP 	unnamed Rect: pos = array([76.06422143, 92.0875665 ])
15.6764 	EXP 	unnamed Rect: pos = array([76.06422143, 92.0875665 ])
15.6935 	EXP 	unnamed Rect: pos = array([76.06422143, 92.0875665 ])
15.7101 	EXP 	unnamed Rect: pos = array([76.06422143, 92.0875665 ])
15.7268 	EXP 	unnamed Rect: pos = array([76.06422143, 92.0875665 ])
15.7432 	EXP 	unnamed Rect: pos = array([76.06422143, 92.0875665 ])
15.7600 	EXP 	unnamed Rect: pos = array([76.06422143, 92.0875665 ])
15.7763 	EXP 	unnamed Rect: pos = array([76.06422143, 92.0875665 ])
15.7932 	EXP 	unnamed Rect: pos = array([76.06422143, 92.0875665 ])
15.8100 	EXP 	unnamed Rect: pos = array([76.06422143, 92.0875665 ])
15.8270 	EXP 	unnamed Rect: pos = array([76.06422143, 92.0875665 ])
15.8433 	EXP 	unnamed Rect: pos = array([76.06422143, 92.0875665 ])
15.8602 	EXP 	unnamed Rect: pos = array([76.06422143, 92.0875665 ])
15.8769 	EXP 	unnamed Rect: pos = array([76.06422143, 92.0875665 ])
15.8940 	EXP 	unnamed Rect: pos = array([76.06422143, 92.0875665 ])
15.9098 	EXP 	unnamed Rect: pos = array([76.06422143, 92.0875665 ])
15.9268 	EXP 	unnamed Rect: pos = array([76.06422143, 92.0875665 ])
15.9433 	EXP 	unnamed Rect: pos = array([76.06422143, 92.0875665 ])
15.9599 	EXP 	unnamed Rect: pos = array([76.06422143, 92.0875665 ])
15.9773 	EXP 	unnamed Rect: pos = array([76.06422143, 92.0875665 ])
15.9936 	EXP 	unnamed Rect: pos = array([76.06422143, 92.0875665 ])
16.0107 	EXP 	unnamed Rect: pos = array([76.06422143, 92.0875665 ])
16.0267 	EXP 	unnamed Rect: pos = array([76.06422143, 92.0875665 ])
16.0441 	EXP 	unnamed Rect: pos = array([76.06422143, 92.0875665 ])
16.0601 	EXP 	unnamed Rect: pos = array([76.06422143, 92.0875665 ])
16.0770 	EXP 	unnamed Rect: pos = array([76.06422143, 92.0875665 ])
16.0934 	EXP 	unnamed Rect: pos = array([76.06422143, 92.0875665 ])
16.1100 	EXP 	unnamed Rect: pos = array([76.06422143, 92.0875665 ])
16.1265 	EXP 	unnamed Rect: pos = array([76.06422143, 92.0875665 ])
16.1433 	EXP 	unnamed Rect: pos = array([76.06422143, 92.0875665 ])
16.1604 	EXP 	unnamed Rect: pos = array([76.06422143, 92.0875665 ])
16.1772 	EXP 	unnamed Rect: pos = array([76.06422143, 92.0875665 ])
16.1934 	EXP 	unnamed Rect: pos = array([76.06422143, 92.0875665 ])
16.2113 	EXP 	unnamed Rect: pos = array([76.06422143, 92.0875665 ])
16.2120 	DATA 	Keypress: up
16.2272 	EXP 	unnamed Rect: pos = array([ 76.06422143, 102.0875665 ])
16.2442 	EXP 	unnamed Rect: pos = array([ 76.06422143, 102.0875665 ])
16.2601 	EXP 	unnamed Rect: pos = array([ 76.06422143, 102.0875665 ])
16.2772 	EXP 	unnamed Rect: pos = array([ 76.06422143, 102.0875665 ])
16.2940 	EXP 	unnamed Rect: pos = array([ 76.06422143, 102.0875665 ])
16.3098 	EXP 	unnamed Rect: pos = array([ 76.06422143, 102.0875665 ])
16.3266 	EXP 	unnamed Rect: pos = array([ 76.06422143, 102.0875665 ])
16.3435 	EXP 	unnamed Rect: pos = array([ 76.06422143, 102.0875665 ])
16.3606 	EXP 	unnamed Rect: pos = array([ 76.06422143, 102.0875665 ])
16.3772 	EXP 	unnamed Rect: pos = array([ 76.06422143, 102.0875665 ])
16.3836 	DATA 	Keypress: up
16.3936 	EXP 	unnamed Rect: pos = array([ 76.06422143, 112.0875665 ])
16.4099 	EXP 	unnamed Rect: pos = array([ 76.06422143, 112.0875665 ])
16.4265 	EXP 	unnamed Rect: pos = array([ 76.06422143, 112.0875665 ])
16.4432 	EXP 	unnamed Rect: pos = array([ 76.06422143, 112.0875665 ])
16.4603 	EXP 	unnamed Rect: pos = array([ 76.06422143, 112.0875665 ])
16.4771 	EXP 	unnamed Rect: pos = array([ 76.06422143, 112.0875665 ])
16.4932 	EXP 	unnamed Rect: pos = array([ 76.06422143, 112.0875665 ])
16.5101 	EXP 	unnamed Rect: pos = array([ 76.06422143, 112.0875665 ])
16.5268 	EXP 	unnamed Rect: pos = array([ 76.06422143, 112.0875665 ])
16.5307 	DATA 	Keypress: left
16.5435 	EXP 	unnamed Rect: pos = array([ 76.06422143, 112.0875665 ])
16.5604 	EXP 	unnamed Rect: pos = array([ 66.06422143, 112.0875665 ])
16.5767 	EXP 	unnamed Rect: pos = array([ 66.06422143, 112.0875665 ])
16.5932 	EXP 	unnamed Rect: pos = array([ 66.06422143, 112.0875665 ])
16.6104 	EXP 	unnamed Rect: pos = array([ 66.06422143, 112.0875665 ])
16.6264 	EXP 	unnamed Rect: pos = array([ 66.06422143, 112.0875665 ])
16.6430 	EXP 	unnamed Rect: pos = array([ 66.06422143, 112.0875665 ])
16.6607 	EXP 	unnamed Rect: pos = array([ 66.06422143, 112.0875665 ])
16.6773 	EXP 	unnamed Rect: pos = array([ 66.06422143, 112.0875665 ])
16.6942 	EXP 	unnamed Rect: pos = array([ 66.06422143, 112.0875665 ])
16.6948 	DATA 	Keypress: left
16.7106 	EXP 	unnamed Rect: pos = array([ 56.06422143, 112.0875665 ])
16.7266 	EXP 	unnamed Rect: pos = array([ 56.06422143, 112.0875665 ])
16.7441 	EXP 	unnamed Rect: pos = array([ 56.06422143, 112.0875665 ])
16.7602 	EXP 	unnamed Rect: pos = array([ 56.06422143, 112.0875665 ])
16.7772 	EXP 	unnamed Rect: pos = array([ 56.06422143, 112.0875665 ])
16.7934 	EXP 	unnamed Rect: pos = array([ 56.06422143, 112.0875665 ])
16.8100 	EXP 	unnamed Rect: pos = array([ 56.06422143, 112.0875665 ])
16.8265 	EXP 	unnamed Rect: pos = array([ 56.06422143, 112.0875665 ])
16.8432 	EXP 	unnamed Rect: pos = array([ 56.06422143, 112.0875665 ])
16.8605 	EXP 	unnamed Rect: pos = array([ 56.06422143, 112.0875665 ])
16.8612 	DATA 	Keypress: left
16.8767 	EXP 	unnamed Rect: pos = array([ 46.06422143, 112.0875665 ])
16.8934 	EXP 	unnamed Rect: pos = array([ 46.06422143, 112.0875665 ])
16.9101 	EXP 	unnamed Rect: pos = array([ 46.06422143, 112.0875665 ])
16.9279 	EXP 	unnamed Rect: pos = array([ 46.06422143, 112.0875665 ])
16.9435 	EXP 	unnamed Rect: pos = array([ 46.06422143, 112.0875665 ])
16.9600 	EXP 	unnamed Rect: pos = array([ 46.06422143, 112.0875665 ])
16.9770 	EXP 	unnamed Rect: pos = array([ 46.06422143, 112.0875665 ])
16.9936 	EXP 	unnamed Rect: pos = array([ 46.06422143, 112.0875665 ])
16.9943 	DATA 	Keypress: down
17.0105 	EXP 	unnamed Rect: pos = array([ 46.06422143, 102.0875665 ])
17.0271 	EXP 	unnamed Rect: pos = array([ 46.06422143, 102.0875665 ])
17.0436 	EXP 	unnamed Rect: pos = array([ 46.06422143, 102.0875665 ])
17.0607 	EXP 	unnamed Rect: pos = array([ 46.06422143, 102.0875665 ])
17.0769 	EXP 	unnamed Rect: pos = array([ 46.06422143, 102.0875665 ])
17.0936 	EXP 	unnamed Rect: pos = array([ 46.06422143, 102.0875665 ])
17.1103 	EXP 	unnamed Rect: pos = array([ 46.06422143, 102.0875665 ])
17.1264 	EXP 	unnamed Rect: pos = array([ 46.06422143, 102.0875665 ])
17.1440 	EXP 	unnamed Rect: pos = array([ 46.06422143, 102.0875665 ])
17.1601 	EXP 	unnamed Rect: pos = array([ 46.06422143, 102.0875665 ])
17.1765 	EXP 	unnamed Rect: pos = array([ 46.06422143, 102.0875665 ])
17.1935 	EXP 	unnamed Rect: pos = array([ 46.06422143, 102.0875665 ])
17.2106 	EXP 	unnamed Rect: pos = array([ 46.06422143, 102.0875665 ])
17.2268 	EXP 	unnamed Rect: pos = array([ 46.06422143, 102.0875665 ])
17.2447 	EXP 	unnamed Rect: pos = array([ 46.06422143, 102.0875665 ])
17.2454 	DATA 	Keypress: left
17.2601 	EXP 	unnamed Rect: pos = array([ 36.06422143, 102.0875665 ])
17.2769 	EXP 	unnamed Rect: pos = array([ 36.06422143, 102.0875665 ])
17.2933 	EXP 	unnamed Rect: pos = array([ 36.06422143, 102.0875665 ])
17.3099 	EXP 	unnamed Rect: pos = array([ 36.06422143, 102.0875665 ])
17.3270 	EXP 	unnamed Rect: pos = array([ 36.06422143, 102.0875665 ])
17.3432 	EXP 	unnamed Rect: pos = array([ 36.06422143, 102.0875665 ])
17.3605 	EXP 	unnamed Rect: pos = array([ 36.06422143, 102.0875665 ])
17.3772 	EXP 	unnamed Rect: pos = array([ 36.06422143, 102.0875665 ])
17.3937 	EXP 	unnamed Rect: pos = array([ 36.06422143, 102.0875665 ])
17.4104 	EXP 	unnamed Rect: pos = array([ 36.06422143, 102.0875665 ])
17.4267 	EXP 	unnamed Rect: pos = array([ 36.06422143, 102.0875665 ])
17.4445 	EXP 	unnamed Rect: pos = array([ 36.06422143, 102.0875665 ])
17.4451 	DATA 	Keypress: left
17.4600 	EXP 	unnamed Rect: pos = array([ 26.06422143, 102.0875665 ])
17.4766 	EXP 	unnamed Rect: pos = array([ 26.06422143, 102.0875665 ])
17.4935 	EXP 	unnamed Rect: pos = array([ 26.06422143, 102.0875665 ])
17.5104 	EXP 	unnamed Rect: pos = array([ 26.06422143, 102.0875665 ])
17.5273 	EXP 	unnamed Rect: pos = array([ 26.06422143, 102.0875665 ])
17.5433 	EXP 	unnamed Rect: pos = array([ 26.06422143, 102.0875665 ])
17.5605 	EXP 	unnamed Rect: pos = array([ 26.06422143, 102.0875665 ])
17.5769 	EXP 	unnamed Rect: pos = array([ 26.06422143, 102.0875665 ])
17.5945 	EXP 	unnamed Rect: pos = array([ 26.06422143, 102.0875665 ])
17.5951 	DATA 	Keypress: left
17.6100 	EXP 	unnamed Rect: pos = array([ 16.06422143, 102.0875665 ])
17.6264 	EXP 	unnamed Rect: pos = array([ 16.06422143, 102.0875665 ])
17.6440 	EXP 	unnamed Rect: pos = array([ 16.06422143, 102.0875665 ])
17.6608 	EXP 	unnamed Rect: pos = array([ 16.06422143, 102.0875665 ])
17.6774 	EXP 	unnamed Rect: pos = array([ 16.06422143, 102.0875665 ])
17.6940 	EXP 	unnamed Rect: pos = array([ 16.06422143, 102.0875665 ])
17.7100 	EXP 	unnamed Rect: pos = array([ 16.06422143, 102.0875665 ])
17.7267 	EXP 	unnamed Rect: pos = array([ 16.06422143, 102.0875665 ])
17.7437 	EXP 	unnamed Rect: pos = array([ 16.06422143, 102.0875665 ])
17.7598 	EXP 	unnamed Rect: pos = array([ 16.06422143, 102.0875665 ])
17.7777 	EXP 	unnamed Rect: pos = array([ 16.06422143, 102.0875665 ])
17.7783 	DATA 	Keypress: left
17.7934 	EXP 	unnamed Rect: pos = array([  6.06422143, 102.0875665 ])
17.8100 	EXP 	unnamed Rect: pos = array([  6.06422143, 102.0875665 ])
17.8267 	EXP 	unnamed Rect: pos = array([  6.06422143, 102.0875665 ])
17.8436 	EXP 	unnamed Rect: pos = array([  6.06422143, 102.0875665 ])
17.8605 	EXP 	unnamed Rect: pos = array([  6.06422143, 102.0875665 ])
17.8769 	EXP 	unnamed Rect: pos = array([  6.06422143, 102.0875665 ])
17.8940 	EXP 	unnamed Rect: pos = array([  6.06422143, 102.0875665 ])
17.9103 	EXP 	unnamed Rect: pos = array([  6.06422143, 102.0875665 ])
17.9266 	EXP 	unnamed Rect: pos = array([  6.06422143, 102.0875665 ])
17.9442 	EXP 	unnamed Rect: pos = array([  6.06422143, 102.0875665 ])
17.9601 	EXP 	unnamed Rect: pos = array([  6.06422143, 102.0875665 ])
17.9640 	DATA 	Keypress: left
17.9777 	EXP 	unnamed Rect: pos = array([  6.06422143, 102.0875665 ])
18.0235 	EXP 	unnamed Rect: pos = array([ -3.93577857, 102.0875665 ])
18.0309 	EXP 	unnamed Rect: pos = array([ -3.93577857, 102.0875665 ])
18.0441 	EXP 	unnamed Rect: pos = array([ -3.93577857, 102.0875665 ])
18.0598 	EXP 	unnamed Rect: pos = array([ -3.93577857, 102.0875665 ])
18.0770 	EXP 	unnamed Rect: pos = array([ -3.93577857, 102.0875665 ])
18.0941 	EXP 	unnamed Rect: pos = array([ -3.93577857, 102.0875665 ])
18.1097 	EXP 	unnamed Rect: pos = array([ -3.93577857, 102.0875665 ])
18.1267 	EXP 	unnamed Rect: pos = array([ -3.93577857, 102.0875665 ])
18.1434 	EXP 	unnamed Rect: pos = array([ -3.93577857, 102.0875665 ])
18.1599 	EXP 	unnamed Rect: pos = array([ -3.93577857, 102.0875665 ])
18.1764 	EXP 	unnamed Rect: pos = array([ -3.93577857, 102.0875665 ])
18.1932 	EXP 	unnamed Rect: pos = array([ -3.93577857, 102.0875665 ])
18.2104 	EXP 	unnamed Rect: pos = array([ -3.93577857, 102.0875665 ])
18.2277 	EXP 	unnamed Rect: pos = array([ -3.93577857, 102.0875665 ])
18.2434 	EXP 	unnamed Rect: pos = array([ -3.93577857, 102.0875665 ])
18.2600 	EXP 	unnamed Rect: pos = array([ -3.93577857, 102.0875665 ])
18.2638 	DATA 	Keypress: up
18.2774 	EXP 	unnamed Rect: pos = array([ -3.93577857, 102.0875665 ])
18.2933 	EXP 	unnamed Rect: pos = array([ -3.93577857, 112.0875665 ])
18.3099 	EXP 	unnamed Rect: pos = array([ -3.93577857, 112.0875665 ])
18.3269 	EXP 	unnamed Rect: pos = array([ -3.93577857, 112.0875665 ])
18.3434 	EXP 	unnamed Rect: pos = array([ -3.93577857, 112.0875665 ])
18.3599 	EXP 	unnamed Rect: pos = array([ -3.93577857, 112.0875665 ])
18.3771 	EXP 	unnamed Rect: pos = array([ -3.93577857, 112.0875665 ])
18.3930 	EXP 	unnamed Rect: pos = array([ -3.93577857, 112.0875665 ])
18.4101 	EXP 	unnamed Rect: pos = array([ -3.93577857, 112.0875665 ])
18.4268 	EXP 	unnamed Rect: pos = array([ -3.93577857, 112.0875665 ])
18.4275 	DATA 	Keypress: up
18.4438 	EXP 	unnamed Rect: pos = array([ -3.93577857, 122.0875665 ])
18.4601 	EXP 	unnamed Rect: pos = array([ -3.93577857, 122.0875665 ])
18.4775 	EXP 	unnamed Rect: pos = array([ -3.93577857, 122.0875665 ])
18.4936 	EXP 	unnamed Rect: pos = array([ -3.93577857, 122.0875665 ])
18.5102 	EXP 	unnamed Rect: pos = array([ -3.93577857, 122.0875665 ])
18.5267 	EXP 	unnamed Rect: pos = array([ -3.93577857, 122.0875665 ])
18.5433 	EXP 	unnamed Rect: pos = array([ -3.93577857, 122.0875665 ])
18.5603 	EXP 	unnamed Rect: pos = array([ -3.93577857, 122.0875665 ])
18.5767 	EXP 	unnamed Rect: pos = array([ -3.93577857, 122.0875665 ])
18.5938 	EXP 	unnamed Rect: pos = array([ -3.93577857, 122.0875665 ])
18.6103 	EXP 	unnamed Rect: pos = array([ -3.93577857, 122.0875665 ])
18.6110 	DATA 	Keypress: up
18.6270 	EXP 	unnamed Rect: pos = array([ -3.93577857, 132.0875665 ])
18.6435 	EXP 	unnamed Rect: pos = array([ -3.93577857, 132.0875665 ])
18.6607 	EXP 	unnamed Rect: pos = array([ -3.93577857, 132.0875665 ])
18.6772 	EXP 	unnamed Rect: pos = array([ -3.93577857, 132.0875665 ])
18.6934 	EXP 	unnamed Rect: pos = array([ -3.93577857, 132.0875665 ])
18.7100 	EXP 	unnamed Rect: pos = array([ -3.93577857, 132.0875665 ])
18.7262 	EXP 	unnamed Rect: pos = array([ -3.93577857, 132.0875665 ])
18.7434 	EXP 	unnamed Rect: pos = array([ -3.93577857, 132.0875665 ])
18.7602 	EXP 	unnamed Rect: pos = array([ -3.93577857, 132.0875665 ])
18.7608 	DATA 	Keypress: right
18.7766 	EXP 	unnamed Rect: pos = array([  6.06422143, 132.0875665 ])
18.7934 	EXP 	unnamed Rect: pos = array([  6.06422143, 132.0875665 ])
18.8099 	EXP 	unnamed Rect: pos = array([  6.06422143, 132.0875665 ])
18.8267 	EXP 	unnamed Rect: pos = array([  6.06422143, 132.0875665 ])
18.8435 	EXP 	unnamed Rect: pos = array([  6.06422143, 132.0875665 ])
18.8596 	EXP 	unnamed Rect: pos = array([  6.06422143, 132.0875665 ])
18.8765 	EXP 	unnamed Rect: pos = array([  6.06422143, 132.0875665 ])
18.8931 	EXP 	unnamed Rect: pos = array([  6.06422143, 132.0875665 ])
18.9098 	EXP 	unnamed Rect: pos = array([  6.06422143, 132.0875665 ])
18.9268 	EXP 	unnamed Rect: pos = array([  6.06422143, 132.0875665 ])
18.9273 	DATA 	Keypress: right
18.9433 	EXP 	unnamed Rect: pos = array([ 16.06422143, 132.0875665 ])
18.9596 	EXP 	unnamed Rect: pos = array([ 16.06422143, 132.0875665 ])
18.9767 	EXP 	unnamed Rect: pos = array([ 16.06422143, 132.0875665 ])
18.9938 	EXP 	unnamed Rect: pos = array([ 16.06422143, 132.0875665 ])
19.0096 	EXP 	unnamed Rect: pos = array([ 16.06422143, 132.0875665 ])
19.0266 	EXP 	unnamed Rect: pos = array([ 16.06422143, 132.0875665 ])
19.0434 	EXP 	unnamed Rect: pos = array([ 16.06422143, 132.0875665 ])
19.0608 	EXP 	unnamed Rect: pos = array([ 16.06422143, 132.0875665 ])
19.0614 	DATA 	Keypress: up
19.0767 	EXP 	unnamed Rect: pos = array([ 16.06422143, 142.0875665 ])
19.0930 	EXP 	unnamed Rect: pos = array([ 16.06422143, 142.0875665 ])
19.1100 	EXP 	unnamed Rect: pos = array([ 16.06422143, 142.0875665 ])
19.1272 	EXP 	unnamed Rect: pos = array([ 16.06422143, 142.0875665 ])
19.1447 	EXP 	unnamed Rect: pos = array([ 16.06422143, 142.0875665 ])
19.1636 	EXP 	unnamed Rect: pos = array([ 16.06422143, 142.0875665 ])
19.1771 	EXP 	unnamed Rect: pos = array([ 16.06422143, 142.0875665 ])
19.1934 	EXP 	unnamed Rect: pos = array([ 16.06422143, 142.0875665 ])
19.2102 	EXP 	unnamed Rect: pos = array([ 16.06422143, 142.0875665 ])
19.2272 	EXP 	unnamed Rect: pos = array([ 16.06422143, 142.0875665 ])
19.2441 	EXP 	unnamed Rect: pos = array([ 16.06422143, 142.0875665 ])
19.2447 	DATA 	Keypress: up
19.2607 	EXP 	unnamed Rect: pos = array([ 16.06422143, 152.0875665 ])
19.2770 	EXP 	unnamed Rect: pos = array([ 16.06422143, 152.0875665 ])
19.2936 	EXP 	unnamed Rect: pos = array([ 16.06422143, 152.0875665 ])
19.3102 	EXP 	unnamed Rect: pos = array([ 16.06422143, 152.0875665 ])
19.3269 	EXP 	unnamed Rect: pos = array([ 16.06422143, 152.0875665 ])
19.3433 	EXP 	unnamed Rect: pos = array([ 16.06422143, 152.0875665 ])
19.3600 	EXP 	unnamed Rect: pos = array([ 16.06422143, 152.0875665 ])
19.3771 	EXP 	unnamed Rect: pos = array([ 16.06422143, 152.0875665 ])
19.3933 	EXP 	unnamed Rect: pos = array([ 16.06422143, 152.0875665 ])
19.4106 	EXP 	unnamed Rect: pos = array([ 16.06422143, 152.0875665 ])
19.4140 	DATA 	Keypress: right
19.4272 	EXP 	unnamed Rect: pos = array([ 16.06422143, 152.0875665 ])
19.4439 	EXP 	unnamed Rect: pos = array([ 26.06422143, 152.0875665 ])
19.4603 	EXP 	unnamed Rect: pos = array([ 26.06422143, 152.0875665 ])
19.4774 	EXP 	unnamed Rect: pos = array([ 26.06422143, 152.0875665 ])
19.4943 	EXP 	unnamed Rect: pos = array([ 26.06422143, 152.0875665 ])
19.5105 	EXP 	unnamed Rect: pos = array([ 26.06422143, 152.0875665 ])
19.5265 	EXP 	unnamed Rect: pos = array([ 26.06422143, 152.0875665 ])
19.5438 	EXP 	unnamed Rect: pos = array([ 26.06422143, 152.0875665 ])
19.5606 	EXP 	unnamed Rect: pos = array([ 26.06422143, 152.0875665 ])
19.5767 	EXP 	unnamed Rect: pos = array([ 26.06422143, 152.0875665 ])
19.5936 	EXP 	unnamed Rect: pos = array([ 26.06422143, 152.0875665 ])
19.5942 	DATA 	Keypress: right
19.5947 	DATA 	Keypress: up
19.6100 	EXP 	unnamed Rect: pos = array([ 36.06422143, 152.0875665 ])
19.6271 	EXP 	unnamed Rect: pos = array([ 36.06422143, 152.0875665 ])
19.6434 	EXP 	unnamed Rect: pos = array([ 36.06422143, 152.0875665 ])
19.6604 	EXP 	unnamed Rect: pos = array([ 36.06422143, 152.0875665 ])
19.6768 	EXP 	unnamed Rect: pos = array([ 36.06422143, 152.0875665 ])
19.6933 	EXP 	unnamed Rect: pos = array([ 36.06422143, 152.0875665 ])
19.7100 	EXP 	unnamed Rect: pos = array([ 36.06422143, 152.0875665 ])
19.7270 	EXP 	unnamed Rect: pos = array([ 36.06422143, 152.0875665 ])
19.7438 	EXP 	unnamed Rect: pos = array([ 36.06422143, 152.0875665 ])
19.7445 	DATA 	Keypress: up
19.7607 	EXP 	unnamed Rect: pos = array([ 36.06422143, 162.0875665 ])
19.7769 	EXP 	unnamed Rect: pos = array([ 36.06422143, 162.0875665 ])
19.7935 	EXP 	unnamed Rect: pos = array([ 36.06422143, 162.0875665 ])
19.8104 	EXP 	unnamed Rect: pos = array([ 36.06422143, 162.0875665 ])
19.8275 	EXP 	unnamed Rect: pos = array([ 36.06422143, 162.0875665 ])
19.8437 	EXP 	unnamed Rect: pos = array([ 36.06422143, 162.0875665 ])
19.8608 	EXP 	unnamed Rect: pos = array([ 36.06422143, 162.0875665 ])
19.8770 	EXP 	unnamed Rect: pos = array([ 36.06422143, 162.0875665 ])
19.8937 	EXP 	unnamed Rect: pos = array([ 36.06422143, 162.0875665 ])
19.9106 	EXP 	unnamed Rect: pos = array([ 36.06422143, 162.0875665 ])
19.9113 	DATA 	Keypress: up
19.9267 	EXP 	unnamed Rect: pos = array([ 36.06422143, 172.0875665 ])
19.9437 	EXP 	unnamed Rect: pos = array([ 36.06422143, 172.0875665 ])
19.9602 	EXP 	unnamed Rect: pos = array([ 36.06422143, 172.0875665 ])
19.9767 	EXP 	unnamed Rect: pos = array([ 36.06422143, 172.0875665 ])
19.9936 	EXP 	unnamed Rect: pos = array([ 36.06422143, 172.0875665 ])
20.0104 	EXP 	unnamed Rect: pos = array([ 36.06422143, 172.0875665 ])
20.0270 	EXP 	unnamed Rect: pos = array([ 36.06422143, 172.0875665 ])
20.0439 	EXP 	unnamed Rect: pos = array([ 36.06422143, 172.0875665 ])
20.0611 	EXP 	unnamed Rect: pos = array([ 36.06422143, 172.0875665 ])
20.0618 	DATA 	Keypress: right
20.0769 	EXP 	unnamed Rect: pos = array([ 46.06422143, 172.0875665 ])
20.0935 	EXP 	unnamed Rect: pos = array([ 46.06422143, 172.0875665 ])
20.1101 	EXP 	unnamed Rect: pos = array([ 46.06422143, 172.0875665 ])
20.1278 	EXP 	unnamed Rect: pos = array([ 46.06422143, 172.0875665 ])
20.1429 	EXP 	unnamed Rect: pos = array([ 46.06422143, 172.0875665 ])
20.1645 	EXP 	unnamed Rect: pos = array([ 46.06422143, 172.0875665 ])
20.1763 	EXP 	unnamed Rect: pos = array([ 46.06422143, 172.0875665 ])
20.1935 	EXP 	unnamed Rect: pos = array([ 46.06422143, 172.0875665 ])
20.1971 	DATA 	Keypress: up
20.2103 	EXP 	unnamed Rect: pos = array([ 46.06422143, 172.0875665 ])
20.2269 	EXP 	unnamed Rect: pos = array([ 46.06422143, 182.0875665 ])
20.2434 	EXP 	unnamed Rect: pos = array([ 46.06422143, 182.0875665 ])
20.2600 	EXP 	unnamed Rect: pos = array([ 46.06422143, 182.0875665 ])
20.2765 	EXP 	unnamed Rect: pos = array([ 46.06422143, 182.0875665 ])
20.2934 	EXP 	unnamed Rect: pos = array([ 46.06422143, 182.0875665 ])
20.3104 	EXP 	unnamed Rect: pos = array([ 46.06422143, 182.0875665 ])
20.3267 	EXP 	unnamed Rect: pos = array([ 46.06422143, 182.0875665 ])
20.3437 	EXP 	unnamed Rect: pos = array([ 46.06422143, 182.0875665 ])
20.3602 	EXP 	unnamed Rect: pos = array([ 46.06422143, 182.0875665 ])
20.3772 	EXP 	unnamed Rect: pos = array([ 46.06422143, 182.0875665 ])
20.3940 	EXP 	unnamed Rect: pos = array([ 46.06422143, 182.0875665 ])
20.3946 	DATA 	Keypress: right
20.4104 	EXP 	unnamed Rect: pos = array([ 56.06422143, 182.0875665 ])
20.4276 	EXP 	unnamed Rect: pos = array([ 56.06422143, 182.0875665 ])
20.4436 	EXP 	unnamed Rect: pos = array([ 56.06422143, 182.0875665 ])
20.4601 	EXP 	unnamed Rect: pos = array([ 56.06422143, 182.0875665 ])
20.4767 	EXP 	unnamed Rect: pos = array([ 56.06422143, 182.0875665 ])
20.4938 	EXP 	unnamed Rect: pos = array([ 56.06422143, 182.0875665 ])
20.4981 	DATA 	Keypress: up
20.5109 	EXP 	unnamed Rect: pos = array([ 56.06422143, 182.0875665 ])
20.5267 	EXP 	unnamed Rect: pos = array([ 56.06422143, 192.0875665 ])
20.5438 	EXP 	unnamed Rect: pos = array([ 56.06422143, 192.0875665 ])
20.5603 	EXP 	unnamed Rect: pos = array([ 56.06422143, 192.0875665 ])
20.5768 	EXP 	unnamed Rect: pos = array([ 56.06422143, 192.0875665 ])
20.5937 	EXP 	unnamed Rect: pos = array([ 56.06422143, 192.0875665 ])
20.6100 	EXP 	unnamed Rect: pos = array([ 56.06422143, 192.0875665 ])
20.6141 	DATA 	Keypress: right
20.6273 	EXP 	unnamed Rect: pos = array([ 56.06422143, 192.0875665 ])
20.6435 	EXP 	unnamed Rect: pos = array([ 66.06422143, 192.0875665 ])
20.6603 	EXP 	unnamed Rect: pos = array([ 66.06422143, 192.0875665 ])
20.6766 	EXP 	unnamed Rect: pos = array([ 66.06422143, 192.0875665 ])
20.6935 	EXP 	unnamed Rect: pos = array([ 66.06422143, 192.0875665 ])
20.7105 	EXP 	unnamed Rect: pos = array([ 66.06422143, 192.0875665 ])
20.7269 	EXP 	unnamed Rect: pos = array([ 66.06422143, 192.0875665 ])
20.7439 	EXP 	unnamed Rect: pos = array([ 66.06422143, 192.0875665 ])
20.7445 	DATA 	Keypress: up
20.7603 	EXP 	unnamed Rect: pos = array([ 66.06422143, 202.0875665 ])
20.7767 	EXP 	unnamed Rect: pos = array([ 66.06422143, 202.0875665 ])
20.7934 	EXP 	unnamed Rect: pos = array([ 66.06422143, 202.0875665 ])
20.8104 	EXP 	unnamed Rect: pos = array([ 66.06422143, 202.0875665 ])
20.8267 	EXP 	unnamed Rect: pos = array([ 66.06422143, 202.0875665 ])
20.8439 	EXP 	unnamed Rect: pos = array([ 66.06422143, 202.0875665 ])
20.8604 	EXP 	unnamed Rect: pos = array([ 66.06422143, 202.0875665 ])
20.8779 	EXP 	unnamed Rect: pos = array([ 66.06422143, 202.0875665 ])
20.8786 	DATA 	Keypress: right
20.8936 	EXP 	unnamed Rect: pos = array([ 76.06422143, 202.0875665 ])
20.9100 	EXP 	unnamed Rect: pos = array([ 76.06422143, 202.0875665 ])
20.9274 	EXP 	unnamed Rect: pos = array([ 76.06422143, 202.0875665 ])
20.9436 	EXP 	unnamed Rect: pos = array([ 76.06422143, 202.0875665 ])
20.9601 	EXP 	unnamed Rect: pos = array([ 76.06422143, 202.0875665 ])
20.9771 	EXP 	unnamed Rect: pos = array([ 76.06422143, 202.0875665 ])
20.9944 	EXP 	unnamed Rect: pos = array([ 76.06422143, 202.0875665 ])
21.0109 	EXP 	unnamed Rect: pos = array([ 76.06422143, 202.0875665 ])
21.0276 	EXP 	unnamed Rect: pos = array([ 76.06422143, 202.0875665 ])
21.0282 	DATA 	Keypress: up
21.0441 	EXP 	unnamed Rect: pos = array([ 76.06422143, 212.0875665 ])
21.0604 	EXP 	unnamed Rect: pos = array([ 76.06422143, 212.0875665 ])
21.0768 	EXP 	unnamed Rect: pos = array([ 76.06422143, 212.0875665 ])
21.0934 	EXP 	unnamed Rect: pos = array([ 76.06422143, 212.0875665 ])
21.1104 	EXP 	unnamed Rect: pos = array([ 76.06422143, 212.0875665 ])
21.1270 	EXP 	unnamed Rect: pos = array([ 76.06422143, 212.0875665 ])
21.1441 	EXP 	unnamed Rect: pos = array([ 76.06422143, 212.0875665 ])
21.1448 	DATA 	Keypress: right
21.1604 	EXP 	unnamed Rect: pos = array([ 86.06422143, 212.0875665 ])
21.1772 	EXP 	unnamed Rect: pos = array([ 86.06422143, 212.0875665 ])
21.1938 	EXP 	unnamed Rect: pos = array([ 86.06422143, 212.0875665 ])
21.2104 	EXP 	unnamed Rect: pos = array([ 86.06422143, 212.0875665 ])
21.2270 	EXP 	unnamed Rect: pos = array([ 86.06422143, 212.0875665 ])
21.2446 	EXP 	unnamed Rect: pos = array([ 86.06422143, 212.0875665 ])
21.2607 	EXP 	unnamed Rect: pos = array([ 86.06422143, 212.0875665 ])
21.2771 	EXP 	unnamed Rect: pos = array([ 86.06422143, 212.0875665 ])
21.2938 	EXP 	unnamed Rect: pos = array([ 86.06422143, 212.0875665 ])
21.3104 	EXP 	unnamed Rect: pos = array([ 86.06422143, 212.0875665 ])
21.3272 	EXP 	unnamed Rect: pos = array([ 86.06422143, 212.0875665 ])
21.3440 	EXP 	unnamed Rect: pos = array([ 86.06422143, 212.0875665 ])
21.3610 	EXP 	unnamed Rect: pos = array([ 86.06422143, 212.0875665 ])
21.3780 	EXP 	unnamed Rect: pos = array([ 86.06422143, 212.0875665 ])
21.3941 	EXP 	unnamed Rect: pos = array([ 86.06422143, 212.0875665 ])
21.4102 	EXP 	unnamed Rect: pos = array([ 86.06422143, 212.0875665 ])
21.4286 	EXP 	unnamed Rect: pos = array([ 86.06422143, 212.0875665 ])
21.4436 	EXP 	unnamed Rect: pos = array([ 86.06422143, 212.0875665 ])
21.4603 	EXP 	unnamed Rect: pos = array([ 86.06422143, 212.0875665 ])
21.4772 	EXP 	unnamed Rect: pos = array([ 86.06422143, 212.0875665 ])
21.4936 	EXP 	unnamed Rect: pos = array([ 86.06422143, 212.0875665 ])
21.4977 	DATA 	Keypress: right
21.5103 	EXP 	unnamed Rect: pos = array([ 86.06422143, 212.0875665 ])
21.5276 	EXP 	unnamed Rect: pos = array([ 96.06422143, 212.0875665 ])
21.5438 	EXP 	unnamed Rect: pos = array([ 96.06422143, 212.0875665 ])
21.5605 	EXP 	unnamed Rect: pos = array([ 96.06422143, 212.0875665 ])
21.5772 	EXP 	unnamed Rect: pos = array([ 96.06422143, 212.0875665 ])
21.5935 	EXP 	unnamed Rect: pos = array([ 96.06422143, 212.0875665 ])
21.6101 	EXP 	unnamed Rect: pos = array([ 96.06422143, 212.0875665 ])
21.6270 	EXP 	unnamed Rect: pos = array([ 96.06422143, 212.0875665 ])
21.6441 	EXP 	unnamed Rect: pos = array([ 96.06422143, 212.0875665 ])
21.6481 	DATA 	Keypress: right
21.6608 	EXP 	unnamed Rect: pos = array([ 96.06422143, 212.0875665 ])
21.6768 	EXP 	unnamed Rect: pos = array([106.06422143, 212.0875665 ])
21.6936 	EXP 	unnamed Rect: pos = array([106.06422143, 212.0875665 ])
21.7102 	EXP 	unnamed Rect: pos = array([106.06422143, 212.0875665 ])
21.7269 	EXP 	unnamed Rect: pos = array([106.06422143, 212.0875665 ])
21.7441 	EXP 	unnamed Rect: pos = array([106.06422143, 212.0875665 ])
21.7604 	EXP 	unnamed Rect: pos = array([106.06422143, 212.0875665 ])
21.7771 	EXP 	unnamed Rect: pos = array([106.06422143, 212.0875665 ])
21.7940 	EXP 	unnamed Rect: pos = array([106.06422143, 212.0875665 ])
21.8107 	EXP 	unnamed Rect: pos = array([106.06422143, 212.0875665 ])
21.8273 	EXP 	unnamed Rect: pos = array([106.06422143, 212.0875665 ])
21.8442 	EXP 	unnamed Rect: pos = array([106.06422143, 212.0875665 ])
21.8609 	EXP 	unnamed Rect: pos = array([106.06422143, 212.0875665 ])
21.8615 	DATA 	Keypress: right
21.8780 	EXP 	unnamed Rect: pos = array([116.06422143, 212.0875665 ])
21.8937 	EXP 	unnamed Rect: pos = array([116.06422143, 212.0875665 ])
21.9109 	EXP 	unnamed Rect: pos = array([116.06422143, 212.0875665 ])
21.9274 	EXP 	unnamed Rect: pos = array([116.06422143, 212.0875665 ])
21.9437 	EXP 	unnamed Rect: pos = array([116.06422143, 212.0875665 ])
21.9606 	EXP 	unnamed Rect: pos = array([116.06422143, 212.0875665 ])
21.9778 	EXP 	unnamed Rect: pos = array([116.06422143, 212.0875665 ])
21.9948 	EXP 	unnamed Rect: pos = array([116.06422143, 212.0875665 ])
22.0103 	EXP 	unnamed Rect: pos = array([116.06422143, 212.0875665 ])
22.0281 	EXP 	unnamed Rect: pos = array([116.06422143, 212.0875665 ])
22.0444 	EXP 	unnamed Rect: pos = array([116.06422143, 212.0875665 ])
22.0608 	EXP 	unnamed Rect: pos = array([116.06422143, 212.0875665 ])
22.0772 	EXP 	unnamed Rect: pos = array([116.06422143, 212.0875665 ])
22.0940 	EXP 	unnamed Rect: pos = array([116.06422143, 212.0875665 ])
22.1107 	EXP 	unnamed Rect: pos = array([116.06422143, 212.0875665 ])
22.1271 	EXP 	unnamed Rect: pos = array([116.06422143, 212.0875665 ])
22.1437 	EXP 	unnamed Rect: pos = array([116.06422143, 212.0875665 ])
22.1605 	EXP 	unnamed Rect: pos = array([116.06422143, 212.0875665 ])
22.1773 	EXP 	unnamed Rect: pos = array([116.06422143, 212.0875665 ])
22.1947 	EXP 	unnamed Rect: pos = array([116.06422143, 212.0875665 ])
22.2107 	EXP 	unnamed Rect: pos = array([116.06422143, 212.0875665 ])
22.2276 	EXP 	unnamed Rect: pos = array([116.06422143, 212.0875665 ])
22.2441 	EXP 	unnamed Rect: pos = array([116.06422143, 212.0875665 ])
22.2605 	EXP 	unnamed Rect: pos = array([116.06422143, 212.0875665 ])
22.2768 	EXP 	unnamed Rect: pos = array([116.06422143, 212.0875665 ])
22.2945 	EXP 	unnamed Rect: pos = array([116.06422143, 212.0875665 ])
22.2952 	DATA 	Keypress: down
22.3104 	EXP 	unnamed Rect: pos = array([116.06422143, 202.0875665 ])
22.3271 	EXP 	unnamed Rect: pos = array([116.06422143, 202.0875665 ])
22.3438 	EXP 	unnamed Rect: pos = array([116.06422143, 202.0875665 ])
22.3612 	EXP 	unnamed Rect: pos = array([116.06422143, 202.0875665 ])
22.3772 	EXP 	unnamed Rect: pos = array([116.06422143, 202.0875665 ])
22.3939 	EXP 	unnamed Rect: pos = array([116.06422143, 202.0875665 ])
22.4105 	EXP 	unnamed Rect: pos = array([116.06422143, 202.0875665 ])
22.4274 	EXP 	unnamed Rect: pos = array([116.06422143, 202.0875665 ])
22.4446 	EXP 	unnamed Rect: pos = array([116.06422143, 202.0875665 ])
22.4486 	DATA 	Keypress: down
22.4610 	EXP 	unnamed Rect: pos = array([116.06422143, 202.0875665 ])
22.4768 	EXP 	unnamed Rect: pos = array([116.06422143, 192.0875665 ])
22.4941 	EXP 	unnamed Rect: pos = array([116.06422143, 192.0875665 ])
22.5105 	EXP 	unnamed Rect: pos = array([116.06422143, 192.0875665 ])
22.5282 	EXP 	unnamed Rect: pos = array([116.06422143, 192.0875665 ])
22.5441 	EXP 	unnamed Rect: pos = array([116.06422143, 192.0875665 ])
22.5604 	EXP 	unnamed Rect: pos = array([116.06422143, 192.0875665 ])
22.5769 	EXP 	unnamed Rect: pos = array([116.06422143, 192.0875665 ])
22.5938 	EXP 	unnamed Rect: pos = array([116.06422143, 192.0875665 ])
22.6104 	EXP 	unnamed Rect: pos = array([116.06422143, 192.0875665 ])
22.6144 	DATA 	Keypress: down
22.6276 	EXP 	unnamed Rect: pos = array([116.06422143, 192.0875665 ])
22.6438 	EXP 	unnamed Rect: pos = array([116.06422143, 182.0875665 ])
22.6607 	EXP 	unnamed Rect: pos = array([116.06422143, 182.0875665 ])
22.6772 	EXP 	unnamed Rect: pos = array([116.06422143, 182.0875665 ])
22.6948 	EXP 	unnamed Rect: pos = array([116.06422143, 182.0875665 ])
22.7104 	EXP 	unnamed Rect: pos = array([116.06422143, 182.0875665 ])
22.7271 	EXP 	unnamed Rect: pos = array([116.06422143, 182.0875665 ])
22.7437 	EXP 	unnamed Rect: pos = array([116.06422143, 182.0875665 ])
22.7606 	EXP 	unnamed Rect: pos = array([116.06422143, 182.0875665 ])
22.7780 	EXP 	unnamed Rect: pos = array([116.06422143, 182.0875665 ])
22.7787 	DATA 	Keypress: down
22.7937 	EXP 	unnamed Rect: pos = array([116.06422143, 172.0875665 ])
22.8102 	EXP 	unnamed Rect: pos = array([116.06422143, 172.0875665 ])
22.8270 	EXP 	unnamed Rect: pos = array([116.06422143, 172.0875665 ])
22.8436 	EXP 	unnamed Rect: pos = array([116.06422143, 172.0875665 ])
22.8610 	EXP 	unnamed Rect: pos = array([116.06422143, 172.0875665 ])
22.8783 	EXP 	unnamed Rect: pos = array([116.06422143, 172.0875665 ])
22.8945 	EXP 	unnamed Rect: pos = array([116.06422143, 172.0875665 ])
22.9108 	EXP 	unnamed Rect: pos = array([116.06422143, 172.0875665 ])
22.9271 	EXP 	unnamed Rect: pos = array([116.06422143, 172.0875665 ])
22.9440 	EXP 	unnamed Rect: pos = array([116.06422143, 172.0875665 ])
22.9604 	EXP 	unnamed Rect: pos = array([116.06422143, 172.0875665 ])
22.9778 	EXP 	unnamed Rect: pos = array([116.06422143, 172.0875665 ])
22.9949 	EXP 	unnamed Rect: pos = array([116.06422143, 172.0875665 ])
22.9956 	DATA 	Keypress: down
23.0104 	EXP 	unnamed Rect: pos = array([116.06422143, 162.0875665 ])
23.0271 	EXP 	unnamed Rect: pos = array([116.06422143, 162.0875665 ])
23.0438 	EXP 	unnamed Rect: pos = array([116.06422143, 162.0875665 ])
23.0611 	EXP 	unnamed Rect: pos = array([116.06422143, 162.0875665 ])
23.0768 	EXP 	unnamed Rect: pos = array([116.06422143, 162.0875665 ])
23.0936 	EXP 	unnamed Rect: pos = array([116.06422143, 162.0875665 ])
23.1103 	EXP 	unnamed Rect: pos = array([116.06422143, 162.0875665 ])
23.1270 	EXP 	unnamed Rect: pos = array([116.06422143, 162.0875665 ])
23.1441 	EXP 	unnamed Rect: pos = array([116.06422143, 162.0875665 ])
23.1483 	DATA 	Keypress: down
23.1615 	EXP 	unnamed Rect: pos = array([116.06422143, 162.0875665 ])
23.1771 	EXP 	unnamed Rect: pos = array([116.06422143, 152.0875665 ])
23.1937 	EXP 	unnamed Rect: pos = array([116.06422143, 152.0875665 ])
23.2104 	EXP 	unnamed Rect: pos = array([116.06422143, 152.0875665 ])
23.2277 	EXP 	unnamed Rect: pos = array([116.06422143, 152.0875665 ])
23.2448 	EXP 	unnamed Rect: pos = array([116.06422143, 152.0875665 ])
23.2606 	EXP 	unnamed Rect: pos = array([116.06422143, 152.0875665 ])
23.2772 	EXP 	unnamed Rect: pos = array([116.06422143, 152.0875665 ])
23.2941 	EXP 	unnamed Rect: pos = array([116.06422143, 152.0875665 ])
23.3105 	EXP 	unnamed Rect: pos = array([116.06422143, 152.0875665 ])
23.3271 	EXP 	unnamed Rect: pos = array([116.06422143, 152.0875665 ])
23.3437 	EXP 	unnamed Rect: pos = array([116.06422143, 152.0875665 ])
23.3610 	EXP 	unnamed Rect: pos = array([116.06422143, 152.0875665 ])
23.3773 	EXP 	unnamed Rect: pos = array([116.06422143, 152.0875665 ])
23.3937 	EXP 	unnamed Rect: pos = array([116.06422143, 152.0875665 ])
23.4108 	EXP 	unnamed Rect: pos = array([116.06422143, 152.0875665 ])
23.4273 	EXP 	unnamed Rect: pos = array([116.06422143, 152.0875665 ])
23.4441 	EXP 	unnamed Rect: pos = array([116.06422143, 152.0875665 ])
23.4608 	EXP 	unnamed Rect: pos = array([116.06422143, 152.0875665 ])
23.4774 	EXP 	unnamed Rect: pos = array([116.06422143, 152.0875665 ])
23.4941 	EXP 	unnamed Rect: pos = array([116.06422143, 152.0875665 ])
23.5108 	EXP 	unnamed Rect: pos = array([116.06422143, 152.0875665 ])
23.5271 	EXP 	unnamed Rect: pos = array([116.06422143, 152.0875665 ])
23.5438 	EXP 	unnamed Rect: pos = array([116.06422143, 152.0875665 ])
23.5607 	EXP 	unnamed Rect: pos = array([116.06422143, 152.0875665 ])
23.5773 	EXP 	unnamed Rect: pos = array([116.06422143, 152.0875665 ])
23.5938 	EXP 	unnamed Rect: pos = array([116.06422143, 152.0875665 ])
23.6107 	EXP 	unnamed Rect: pos = array([116.06422143, 152.0875665 ])
23.6274 	EXP 	unnamed Rect: pos = array([116.06422143, 152.0875665 ])
23.6437 	EXP 	unnamed Rect: pos = array([116.06422143, 152.0875665 ])
23.6605 	EXP 	unnamed Rect: pos = array([116.06422143, 152.0875665 ])
23.6774 	EXP 	unnamed Rect: pos = array([116.06422143, 152.0875665 ])
23.6942 	EXP 	unnamed Rect: pos = array([116.06422143, 152.0875665 ])
23.7103 	EXP 	unnamed Rect: pos = array([116.06422143, 152.0875665 ])
23.7270 	EXP 	unnamed Rect: pos = array([116.06422143, 152.0875665 ])
23.7440 	EXP 	unnamed Rect: pos = array([116.06422143, 152.0875665 ])
23.7606 	EXP 	unnamed Rect: pos = array([116.06422143, 152.0875665 ])
23.7771 	EXP 	unnamed Rect: pos = array([116.06422143, 152.0875665 ])
23.7938 	EXP 	unnamed Rect: pos = array([116.06422143, 152.0875665 ])
23.8107 	EXP 	unnamed Rect: pos = array([116.06422143, 152.0875665 ])
23.8281 	EXP 	unnamed Rect: pos = array([116.06422143, 152.0875665 ])
23.8436 	EXP 	unnamed Rect: pos = array([116.06422143, 152.0875665 ])
23.8604 	EXP 	unnamed Rect: pos = array([116.06422143, 152.0875665 ])
23.8771 	EXP 	unnamed Rect: pos = array([116.06422143, 152.0875665 ])
23.8937 	EXP 	unnamed Rect: pos = array([116.06422143, 152.0875665 ])
23.9106 	EXP 	unnamed Rect: pos = array([116.06422143, 152.0875665 ])
23.9271 	EXP 	unnamed Rect: pos = array([116.06422143, 152.0875665 ])
23.9441 	EXP 	unnamed Rect: pos = array([116.06422143, 152.0875665 ])
23.9606 	EXP 	unnamed Rect: pos = array([116.06422143, 152.0875665 ])
23.9771 	EXP 	unnamed Rect: pos = array([116.06422143, 152.0875665 ])
23.9938 	EXP 	unnamed Rect: pos = array([116.06422143, 152.0875665 ])
24.0107 	EXP 	unnamed Rect: pos = array([116.06422143, 152.0875665 ])
24.0272 	EXP 	unnamed Rect: pos = array([116.06422143, 152.0875665 ])
24.0452 	EXP 	unnamed Rect: pos = array([116.06422143, 152.0875665 ])
24.0607 	EXP 	unnamed Rect: pos = array([116.06422143, 152.0875665 ])
24.0773 	EXP 	unnamed Rect: pos = array([116.06422143, 152.0875665 ])
24.0938 	EXP 	unnamed Rect: pos = array([116.06422143, 152.0875665 ])
24.1104 	EXP 	unnamed Rect: pos = array([116.06422143, 152.0875665 ])
24.1269 	EXP 	unnamed Rect: pos = array([116.06422143, 152.0875665 ])
24.1433 	EXP 	unnamed Rect: pos = array([116.06422143, 152.0875665 ])
24.1442 	DATA 	Keypress: escape
24.1614 	EXP 	unnamed Rect: pos = array([116.06422143, 152.0875665 ])
24.1771 	EXP 	unnamed Rect: pos = array([116.06422143, 152.0875665 ])
24.1938 	EXP 	unnamed Rect: pos = array([116.06422143, 152.0875665 ])
24.2110 	EXP 	unnamed Rect: pos = array([116.06422143, 152.0875665 ])
24.2272 	EXP 	unnamed Rect: pos = array([116.06422143, 152.0875665 ])
24.2438 	EXP 	unnamed Rect: pos = array([116.06422143, 152.0875665 ])
24.2607 	EXP 	unnamed Rect: pos = array([116.06422143, 152.0875665 ])
24.2786 	EXP 	unnamed Rect: pos = array([116.06422143, 152.0875665 ])
24.2942 	EXP 	unnamed Rect: pos = array([116.06422143, 152.0875665 ])
24.3109 	EXP 	unnamed Rect: pos = array([116.06422143, 152.0875665 ])
24.3276 	EXP 	unnamed Rect: pos = array([116.06422143, 152.0875665 ])
24.3442 	EXP 	unnamed Rect: pos = array([116.06422143, 152.0875665 ])
24.3606 	EXP 	unnamed Rect: pos = array([116.06422143, 152.0875665 ])
24.3771 	EXP 	unnamed Rect: pos = array([116.06422143, 152.0875665 ])
24.3938 	EXP 	unnamed Rect: pos = array([116.06422143, 152.0875665 ])
24.4103 	EXP 	unnamed Rect: pos = array([116.06422143, 152.0875665 ])
24.4274 	EXP 	unnamed Rect: pos = array([116.06422143, 152.0875665 ])
24.4438 	EXP 	unnamed Rect: pos = array([116.06422143, 152.0875665 ])
24.4605 	EXP 	unnamed Rect: pos = array([116.06422143, 152.0875665 ])
24.4773 	EXP 	unnamed Rect: pos = array([116.06422143, 152.0875665 ])
24.4941 	EXP 	unnamed Rect: pos = array([116.06422143, 152.0875665 ])
24.5103 	EXP 	unnamed Rect: pos = array([116.06422143, 152.0875665 ])
24.5281 	EXP 	unnamed Rect: pos = array([116.06422143, 152.0875665 ])
24.5438 	EXP 	unnamed Rect: pos = array([116.06422143, 152.0875665 ])
24.5610 	EXP 	unnamed Rect: pos = array([116.06422143, 152.0875665 ])
24.5774 	EXP 	unnamed Rect: pos = array([116.06422143, 152.0875665 ])
24.5938 	EXP 	unnamed Rect: pos = array([116.06422143, 152.0875665 ])
24.6104 	EXP 	unnamed Rect: pos = array([116.06422143, 152.0875665 ])
24.6276 	EXP 	unnamed Rect: pos = array([116.06422143, 152.0875665 ])
24.6438 	EXP 	unnamed Rect: pos = array([116.06422143, 152.0875665 ])
24.6609 	EXP 	unnamed Rect: pos = array([116.06422143, 152.0875665 ])
24.6774 	EXP 	unnamed Rect: pos = array([116.06422143, 152.0875665 ])
24.6942 	EXP 	unnamed Rect: pos = array([116.06422143, 152.0875665 ])
24.7104 	EXP 	unnamed Rect: pos = array([116.06422143, 152.0875665 ])
24.7271 	EXP 	unnamed Rect: pos = array([116.06422143, 152.0875665 ])
24.7440 	EXP 	unnamed Rect: pos = array([116.06422143, 152.0875665 ])
24.7607 	EXP 	unnamed Rect: pos = array([116.06422143, 152.0875665 ])
24.7771 	EXP 	unnamed Rect: pos = array([116.06422143, 152.0875665 ])
24.7943 	EXP 	unnamed Rect: pos = array([116.06422143, 152.0875665 ])
24.8105 	EXP 	unnamed Rect: pos = array([116.06422143, 152.0875665 ])
24.8275 	EXP 	unnamed Rect: pos = array([116.06422143, 152.0875665 ])
24.8445 	EXP 	unnamed Rect: pos = array([116.06422143, 152.0875665 ])
24.8607 	EXP 	unnamed Rect: pos = array([116.06422143, 152.0875665 ])
24.8772 	EXP 	unnamed Rect: pos = array([116.06422143, 152.0875665 ])
24.8940 	EXP 	unnamed Rect: pos = array([116.06422143, 152.0875665 ])
24.9108 	EXP 	unnamed Rect: pos = array([116.06422143, 152.0875665 ])
24.9271 	EXP 	unnamed Rect: pos = array([116.06422143, 152.0875665 ])
24.9438 	EXP 	unnamed Rect: pos = array([116.06422143, 152.0875665 ])
24.9607 	EXP 	unnamed Rect: pos = array([116.06422143, 152.0875665 ])
24.9622 	DATA 	Keypress: q
24.9811 	EXP 	window1: mouseVisible = True
