0.5986 	WARNING 	We strongly recommend you activate the PTB sound engine in PsychoPy prefs as the preferred audio engine. Its timing is vastly superior. Your prefs are currently set to use ['sounddevice', 'PTB', 'pyo', 'pygame'] (in that order).
4.3195 	ERROR 	'-1.0000, -1.0000, -1.0000' is not a valid rgb color
4.9064 	EXP 	Created window1 = Window(allowGUI=False, allowStencil=False, autoLog=True, backendConf=UNKNOWN, bitsMode=UNKNOWN, blendMode='avg', bpc=(8, 8, 8), color=array([0, 0, 0]), colorSpace='rgb', depthBits=8, fullscr=<method-wrapper '__getattribute__' of attributeSetter object at 0x7fa1d4f7b9e8>, gamma=None, gammaErrorPolicy='raise', lms=UNKNOWN, monitor=<psychopy.monitors.calibTools.Monitor object at 0x7fa1d45cc470>, multiSample=False, name='window1', numSamples=2, pos=[360.0, 225.0], screen=0, size=array([2880, 1800]), stencilBits=0, stereo=False, units='height', useFBO=True, useRetina=True, viewOri=0.0, viewPos=None, viewScale=None, waitBlanking=True, winType='pyglet')
4.9067 	EXP 	window1: mouseVisible = True
4.9068 	EXP 	window1: recordFrameIntervals = False
5.0732 	EXP 	window1: recordFrameIntervals = True
5.2568 	EXP 	window1: recordFrameIntervals = False
5.8826 	DEPRECATION 	'1.0000, 1.0000, 1.0000' is not a valid rgb color
5.9107 	EXP 	Created Welcometext = TextStim(__class__=<class 'psychopy.visual.text.TextStim'>, alignHoriz=method-wrapper(...), alignText='center', alignVert=method-wrapper(...), anchorHoriz='center', anchorVert='center', antialias=True, autoLog=True, bold=False, color=array([0., 0., 0.]), colorSpace='rgb', contrast=1.0, depth=0.0, flipHoriz=False, flipVert=False, font='Open Sans', fontFiles=[], height=0.05, italic=False, languageStyle='LTR', name='Welcometext', opacity=0, ori=0.0, pos=array([0., 0.]), rgb=UNKNOWN, text='Welcome\nPlease press Spacebar to start', units='height', win=Window(...), wrapWidth=1)
6.2758 	EXP 	Created text = TextStim(__class__=<class 'psychopy.visual.text.TextStim'>, alignHoriz=method-wrapper(...), alignText='center', alignVert=method-wrapper(...), anchorHoriz='center', anchorVert='center', antialias=True, autoLog=True, bold=False, color=array([1., 1., 1.]), colorSpace='rgb', contrast=1.0, depth=0.0, flipHoriz=False, flipVert=False, font='Open Sans', fontFiles=[], height=0.05, italic=False, languageStyle='LTR', name='text', opacity=1, ori=0.0, pos=array([0., 0.]), rgb=UNKNOWN, text=str(...), units='height', win=Window(...), wrapWidth=1)
6.2763 	EXP 	Created sequence: random, trialTypes=1, nReps=5, seed=None
6.2764 	EXP 	New trial (rep=0, index=0): None
6.2800 	DATA 	Keypress: space
6.2848 	EXP 	Welcometext: autoDraw = True
6.6967 	EXP 	Created unnamed Rect = Rect(__class__=<class 'psychopy.visual.rect.Rect'>, autoDraw=False, autoLog=True, closeShape=True, color=method-wrapper(...), colorSpace='rgb', contrast=None, depth=0, fillColor=array([ 1, -1, -1]), fillColorSpace='rgb', fillRGB=array([ 1, -1, -1]), interpolate=True, lineColor=array([-1., -1.,  1.]), lineColorSpace='rgb', lineRGB=array([-1, -1,  1]), lineWidth=1.5, name='unnamed Rect', opacity=1, ori=0.0, pos=array([0., 0.]), size=array([1000.,  700.]), units='pix', vertices=ndarray(...), win=Window(...))
6.6993 	EXP 	Created unnamed Rect = Rect(__class__=<class 'psychopy.visual.rect.Rect'>, autoDraw=False, autoLog=True, closeShape=True, color=method-wrapper(...), colorSpace='rgb', contrast=None, depth=0, fillColor=array([-1, -1, -1]), fillColorSpace='rgb', fillRGB=array([-1, -1, -1]), interpolate=True, lineColor=array([-1., -1.,  1.]), lineColorSpace='rgb', lineRGB=array([-1, -1,  1]), lineWidth=1.5, name='unnamed Rect', opacity=1, ori=0.0, pos=array([0., 0.]), size=array([400., 600.]), units='pix', vertices=ndarray(...), win=Window(...))
6.7019 	EXP 	Created unnamed Rect = Rect(__class__=<class 'psychopy.visual.rect.Rect'>, autoDraw=False, autoLog=True, closeShape=True, color=method-wrapper(...), colorSpace='rgb', contrast=None, depth=0, fillColor=array([-1, -1, -1]), fillColorSpace='rgb', fillRGB=array([-1, -1, -1]), interpolate=True, lineColor=array([-1., -1.,  1.]), lineColorSpace='rgb', lineRGB=array([-1, -1,  1]), lineWidth=1.5, name='unnamed Rect', opacity=1, ori=0.0, pos=array([0., 0.]), size=array([400., 600.]), units='pix', vertices=ndarray(...), win=Window(...))
6.7050 	EXP 	Created unnamed Rect = Rect(__class__=<class 'psychopy.visual.rect.Rect'>, autoDraw=False, autoLog=True, closeShape=True, color=method-wrapper(...), colorSpace='rgb', contrast=None, depth=0, fillColor=array([ 1,  1, -1]), fillColorSpace='rgb', fillRGB=array([ 1,  1, -1]), interpolate=True, lineColor=array([0., 0., 0.]), lineColorSpace='rgb', lineRGB=array([0, 0, 0]), lineWidth=1.5, name='unnamed Rect', opacity=0.5, ori=0.0, pos=array([0., 0.]), size=array([30., 30.]), units='pix', vertices=ndarray(...), win=Window(...))
6.7078 	EXP 	Created unnamed Rect = Rect(__class__=<class 'psychopy.visual.rect.Rect'>, autoDraw=False, autoLog=True, closeShape=True, color=method-wrapper(...), colorSpace='rgb', contrast=None, depth=0, fillColor=array([ 1,  1, -1]), fillColorSpace='rgb', fillRGB=array([ 1,  1, -1]), interpolate=True, lineColor=array([0., 0., 0.]), lineColorSpace='rgb', lineRGB=array([0, 0, 0]), lineWidth=1.5, name='unnamed Rect', opacity=0.5, ori=0.0, pos=array([0., 0.]), size=array([30., 30.]), units='pix', vertices=ndarray(...), win=Window(...))
6.7105 	EXP 	Created unnamed Rect = Rect(__class__=<class 'psychopy.visual.rect.Rect'>, autoDraw=False, autoLog=True, closeShape=True, color=method-wrapper(...), colorSpace='rgb', contrast=None, depth=0, fillColor=array([ 1,  1, -1]), fillColorSpace='rgb', fillRGB=array([ 1,  1, -1]), interpolate=True, lineColor=array([0., 0., 0.]), lineColorSpace='rgb', lineRGB=array([0, 0, 0]), lineWidth=1.5, name='unnamed Rect', opacity=0.5, ori=0.0, pos=array([0., 0.]), size=array([30., 30.]), units='pix', vertices=ndarray(...), win=Window(...))
6.7132 	EXP 	Created unnamed Rect = Rect(__class__=<class 'psychopy.visual.rect.Rect'>, autoDraw=False, autoLog=True, closeShape=True, color=method-wrapper(...), colorSpace='rgb', contrast=None, depth=0, fillColor=array([ 1,  1, -1]), fillColorSpace='rgb', fillRGB=array([ 1,  1, -1]), interpolate=True, lineColor=array([0., 0., 0.]), lineColorSpace='rgb', lineRGB=array([0, 0, 0]), lineWidth=1.5, name='unnamed Rect', opacity=0.5, ori=0.0, pos=array([0., 0.]), size=array([30., 30.]), units='pix', vertices=ndarray(...), win=Window(...))
6.7158 	EXP 	Created unnamed Rect = Rect(__class__=<class 'psychopy.visual.rect.Rect'>, autoDraw=False, autoLog=True, closeShape=True, color=method-wrapper(...), colorSpace='rgb', contrast=None, depth=0, fillColor=array([ 1,  1, -1]), fillColorSpace='rgb', fillRGB=array([ 1,  1, -1]), interpolate=True, lineColor=array([0., 0., 0.]), lineColorSpace='rgb', lineRGB=array([0, 0, 0]), lineWidth=1.5, name='unnamed Rect', opacity=0.5, ori=0.0, pos=array([0., 0.]), size=array([30., 30.]), units='pix', vertices=ndarray(...), win=Window(...))
6.7183 	EXP 	Created unnamed Rect = Rect(__class__=<class 'psychopy.visual.rect.Rect'>, autoDraw=False, autoLog=True, closeShape=True, color=method-wrapper(...), colorSpace='rgb', contrast=None, depth=0, fillColor=array([ 1,  1, -1]), fillColorSpace='rgb', fillRGB=array([ 1,  1, -1]), interpolate=True, lineColor=array([0., 0., 0.]), lineColorSpace='rgb', lineRGB=array([0, 0, 0]), lineWidth=1.5, name='unnamed Rect', opacity=0.5, ori=0.0, pos=array([0., 0.]), size=array([30., 30.]), units='pix', vertices=ndarray(...), win=Window(...))
6.7604 	EXP 	Created unnamed ImageStim = ImageStim(__class__=<class 'psychopy.visual.image.ImageStim'>, autoLog=True, color=array([1., 1., 1.]), colorSpace='rgb', contrast=1.0, depth=0, flipHoriz=False, flipVert=False, image='tree.png', interpolate=False, mask=None, maskParams=None, name='unnamed ImageStim', opacity=1, ori=0.0, pos=array([0., 0.]), size=array([512, 512]), texRes=128, units='pix', win=Window(...))
6.7809 	EXP 	Created unnamed ImageStim = ImageStim(__class__=<class 'psychopy.visual.image.ImageStim'>, autoLog=True, color=array([1., 1., 1.]), colorSpace='rgb', contrast=1.0, depth=0, flipHoriz=False, flipVert=False, image='tree.png', interpolate=False, mask=None, maskParams=None, name='unnamed ImageStim', opacity=1, ori=0.0, pos=array([0., 0.]), size=array([512, 512]), texRes=128, units='pix', win=Window(...))
6.7993 	EXP 	Created unnamed ImageStim = ImageStim(__class__=<class 'psychopy.visual.image.ImageStim'>, autoLog=True, color=array([1., 1., 1.]), colorSpace='rgb', contrast=1.0, depth=0, flipHoriz=False, flipVert=False, image='tree.png', interpolate=False, mask=None, maskParams=None, name='unnamed ImageStim', opacity=1, ori=0.0, pos=array([0., 0.]), size=array([512, 512]), texRes=128, units='pix', win=Window(...))
6.8173 	EXP 	Created unnamed ImageStim = ImageStim(__class__=<class 'psychopy.visual.image.ImageStim'>, autoLog=True, color=array([1., 1., 1.]), colorSpace='rgb', contrast=1.0, depth=0, flipHoriz=False, flipVert=False, image='tree.png', interpolate=False, mask=None, maskParams=None, name='unnamed ImageStim', opacity=1, ori=0.0, pos=array([0., 0.]), size=array([512, 512]), texRes=128, units='pix', win=Window(...))
6.8349 	EXP 	Created unnamed ImageStim = ImageStim(__class__=<class 'psychopy.visual.image.ImageStim'>, autoLog=True, color=array([1., 1., 1.]), colorSpace='rgb', contrast=1.0, depth=0, flipHoriz=False, flipVert=False, image='tree.png', interpolate=False, mask=None, maskParams=None, name='unnamed ImageStim', opacity=1, ori=0.0, pos=array([0., 0.]), size=array([512, 512]), texRes=128, units='pix', win=Window(...))
6.8525 	EXP 	Created unnamed ImageStim = ImageStim(__class__=<class 'psychopy.visual.image.ImageStim'>, autoLog=True, color=array([1., 1., 1.]), colorSpace='rgb', contrast=1.0, depth=0, flipHoriz=False, flipVert=False, image='tree.png', interpolate=False, mask=None, maskParams=None, name='unnamed ImageStim', opacity=1, ori=0.0, pos=array([0., 0.]), size=array([512, 512]), texRes=128, units='pix', win=Window(...))
6.8699 	EXP 	Created unnamed ImageStim = ImageStim(__class__=<class 'psychopy.visual.image.ImageStim'>, autoLog=True, color=array([1., 1., 1.]), colorSpace='rgb', contrast=1.0, depth=0, flipHoriz=False, flipVert=False, image='tree.png', interpolate=False, mask=None, maskParams=None, name='unnamed ImageStim', opacity=1, ori=0.0, pos=array([0., 0.]), size=array([512, 512]), texRes=128, units='pix', win=Window(...))
6.8873 	EXP 	Created unnamed ImageStim = ImageStim(__class__=<class 'psychopy.visual.image.ImageStim'>, autoLog=True, color=array([1., 1., 1.]), colorSpace='rgb', contrast=1.0, depth=0, flipHoriz=False, flipVert=False, image='tree.png', interpolate=False, mask=None, maskParams=None, name='unnamed ImageStim', opacity=1, ori=0.0, pos=array([0., 0.]), size=array([512, 512]), texRes=128, units='pix', win=Window(...))
6.9047 	EXP 	Created unnamed ImageStim = ImageStim(__class__=<class 'psychopy.visual.image.ImageStim'>, autoLog=True, color=array([1., 1., 1.]), colorSpace='rgb', contrast=1.0, depth=0, flipHoriz=False, flipVert=False, image='tree.png', interpolate=False, mask=None, maskParams=None, name='unnamed ImageStim', opacity=1, ori=0.0, pos=array([0., 0.]), size=array([512, 512]), texRes=128, units='pix', win=Window(...))
6.9181 	DATA 	Keypress: space
6.9246 	EXP 	Welcometext: autoDraw = False
6.9246 	EXP 	unnamed Rect: pos = [-250, 0]
6.9246 	EXP 	unnamed Rect: pos = [250, 0]
6.9246 	EXP 	unnamed Rect: pos = [-368.38648207218654, 90.46463853066663]
6.9246 	EXP 	unnamed Rect: pos = [-248.51561229692769, 131.74216691066727]
6.9246 	EXP 	unnamed Rect: pos = [-88.10067978457084, 176.64091123254795]
6.9246 	EXP 	unnamed Rect: pos = [-411.65731264670137, 281.83131399034033]
6.9246 	EXP 	unnamed Rect: pos = [-178.54675313511086, 188.33861088516855]
6.9246 	EXP 	unnamed Rect: pos = [290.15618586014295, -196.53001177828216]
6.9246 	EXP 	unnamed ImageStim: size = [51.2, 51.2]
6.9246 	EXP 	unnamed ImageStim: size = [51.2, 51.2]
6.9246 	EXP 	unnamed ImageStim: size = [51.2, 51.2]
6.9246 	EXP 	unnamed ImageStim: size = [51.2, 51.2]
6.9246 	EXP 	unnamed ImageStim: size = [51.2, 51.2]
6.9246 	EXP 	unnamed ImageStim: size = [51.2, 51.2]
6.9246 	EXP 	unnamed ImageStim: size = [51.2, 51.2]
6.9246 	EXP 	unnamed ImageStim: size = [51.2, 51.2]
6.9246 	EXP 	unnamed ImageStim: size = [51.2, 51.2]
6.9246 	EXP 	unnamed ImageStim: pos = [82.59607862085313, -216.29914925521274]
6.9246 	EXP 	unnamed ImageStim: pos = [11.396780274238576, 117.40742161675944]
6.9246 	EXP 	unnamed ImageStim: pos = [-117.77957278836465, 151.40760748495197]
6.9246 	EXP 	unnamed ImageStim: pos = [-167.40392137914688, -216.29914925521274]
6.9246 	EXP 	unnamed ImageStim: pos = [332.5960786208531, -216.29914925521274]
6.9246 	EXP 	unnamed ImageStim: pos = [-238.60321972576142, 117.40742161675944]
6.9246 	EXP 	unnamed ImageStim: pos = [261.39678027423855, 117.40742161675944]
6.9246 	EXP 	unnamed ImageStim: pos = [-367.77957278836465, 151.40760748495197]
6.9246 	EXP 	unnamed ImageStim: pos = [132.22042721163535, 151.40760748495197]
12.5788 	EXP 	Created unnamed Rect = Rect(__class__=<class 'psychopy.visual.rect.Rect'>, autoDraw=False, autoLog=True, closeShape=True, color=method-wrapper(...), colorSpace='rgb', contrast=None, depth=0, fillColor=array([-1, -1, -1]), fillColorSpace='rgb', fillRGB=array([-1, -1, -1]), interpolate=True, lineColor=array([-1., -1.,  1.]), lineColorSpace='rgb', lineRGB=array([-1, -1,  1]), lineWidth=1.5, name='unnamed Rect', opacity=1, ori=0.0, pos=array([0., 0.]), size=array([400., 600.]), units='pix', vertices=ndarray(...), win=Window(...))
12.5960 	EXP 	Created unnamed Rect = Rect(__class__=<class 'psychopy.visual.rect.Rect'>, autoDraw=False, autoLog=True, closeShape=True, color=method-wrapper(...), colorSpace='rgb', contrast=None, depth=0, fillColor=array([-1, -1, -1]), fillColorSpace='rgb', fillRGB=array([-1, -1, -1]), interpolate=True, lineColor=array([-1., -1.,  1.]), lineColorSpace='rgb', lineRGB=array([-1, -1,  1]), lineWidth=1.5, name='unnamed Rect', opacity=1, ori=0.0, pos=array([0., 0.]), size=array([400., 600.]), units='pix', vertices=ndarray(...), win=Window(...))
12.6134 	DATA 	Keypress: left
12.6254 	EXP 	unnamed Rect: pos = array([-118.38648207,   90.46463853])
12.6254 	EXP 	unnamed Rect: pos = array([  1.4843877 , 131.74216691])
12.6254 	EXP 	unnamed Rect: pos = array([161.89932022, 176.64091123])
12.6254 	EXP 	unnamed Rect: pos = array([-161.65731265,  281.83131399])
12.6254 	EXP 	unnamed Rect: pos = array([ 71.45324686, 188.33861089])
12.6254 	EXP 	unnamed Rect: pos = array([ 71.45324686, 188.33861089])
12.6446 	EXP 	unnamed Rect: pos = array([ 71.45324686, 188.33861089])
12.6551 	EXP 	unnamed Rect: pos = array([ 71.45324686, 188.33861089])
12.6727 	EXP 	unnamed Rect: pos = array([ 71.45324686, 188.33861089])
12.6885 	EXP 	unnamed Rect: pos = array([ 71.45324686, 188.33861089])
12.7043 	EXP 	unnamed Rect: pos = array([ 71.45324686, 188.33861089])
12.7215 	EXP 	unnamed Rect: pos = array([ 71.45324686, 188.33861089])
12.7386 	EXP 	unnamed Rect: pos = array([ 71.45324686, 188.33861089])
12.7550 	EXP 	unnamed Rect: pos = array([ 71.45324686, 188.33861089])
12.7716 	EXP 	unnamed Rect: pos = array([ 71.45324686, 188.33861089])
12.7883 	EXP 	unnamed Rect: pos = array([ 71.45324686, 188.33861089])
12.8055 	EXP 	unnamed Rect: pos = array([ 71.45324686, 188.33861089])
12.8220 	EXP 	unnamed Rect: pos = array([ 71.45324686, 188.33861089])
12.8389 	EXP 	unnamed Rect: pos = array([ 71.45324686, 188.33861089])
12.8549 	EXP 	unnamed Rect: pos = array([ 71.45324686, 188.33861089])
12.8725 	EXP 	unnamed Rect: pos = array([ 71.45324686, 188.33861089])
12.8890 	EXP 	unnamed Rect: pos = array([ 71.45324686, 188.33861089])
12.9052 	EXP 	unnamed Rect: pos = array([ 71.45324686, 188.33861089])
12.9218 	EXP 	unnamed Rect: pos = array([ 71.45324686, 188.33861089])
12.9383 	EXP 	unnamed Rect: pos = array([ 71.45324686, 188.33861089])
12.9550 	EXP 	unnamed Rect: pos = array([ 71.45324686, 188.33861089])
12.9714 	EXP 	unnamed Rect: pos = array([ 71.45324686, 188.33861089])
12.9884 	EXP 	unnamed Rect: pos = array([ 71.45324686, 188.33861089])
12.9928 	DATA 	Keypress: down
13.0053 	EXP 	unnamed Rect: pos = array([ 71.45324686, 188.33861089])
13.0220 	EXP 	unnamed Rect: pos = array([ 71.45324686, 178.33861089])
13.0383 	EXP 	unnamed Rect: pos = array([ 71.45324686, 178.33861089])
13.0554 	EXP 	unnamed Rect: pos = array([ 71.45324686, 178.33861089])
13.0720 	EXP 	unnamed Rect: pos = array([ 71.45324686, 178.33861089])
13.0882 	EXP 	unnamed Rect: pos = array([ 71.45324686, 178.33861089])
13.1053 	EXP 	unnamed Rect: pos = array([ 71.45324686, 178.33861089])
13.1219 	EXP 	unnamed Rect: pos = array([ 71.45324686, 178.33861089])
13.1383 	EXP 	unnamed Rect: pos = array([ 71.45324686, 178.33861089])
13.1555 	EXP 	unnamed Rect: pos = array([ 71.45324686, 178.33861089])
13.1725 	EXP 	unnamed Rect: pos = array([ 71.45324686, 178.33861089])
13.1882 	EXP 	unnamed Rect: pos = array([ 71.45324686, 178.33861089])
13.2062 	EXP 	unnamed Rect: pos = array([ 71.45324686, 178.33861089])
13.2219 	EXP 	unnamed Rect: pos = array([ 71.45324686, 178.33861089])
13.2386 	EXP 	unnamed Rect: pos = array([ 71.45324686, 178.33861089])
13.2392 	DATA 	Keypress: down
13.2556 	EXP 	unnamed Rect: pos = array([ 71.45324686, 168.33861089])
13.2718 	EXP 	unnamed Rect: pos = array([ 71.45324686, 168.33861089])
13.2881 	EXP 	unnamed Rect: pos = array([ 71.45324686, 168.33861089])
13.3055 	EXP 	unnamed Rect: pos = array([ 71.45324686, 168.33861089])
13.3216 	EXP 	unnamed Rect: pos = array([ 71.45324686, 168.33861089])
13.3385 	EXP 	unnamed Rect: pos = array([ 71.45324686, 168.33861089])
13.3549 	EXP 	unnamed Rect: pos = array([ 71.45324686, 168.33861089])
13.3723 	EXP 	unnamed Rect: pos = array([ 71.45324686, 168.33861089])
13.3885 	EXP 	unnamed Rect: pos = array([ 71.45324686, 168.33861089])
13.4052 	EXP 	unnamed Rect: pos = array([ 71.45324686, 168.33861089])
13.4218 	EXP 	unnamed Rect: pos = array([ 71.45324686, 168.33861089])
13.4382 	EXP 	unnamed Rect: pos = array([ 71.45324686, 168.33861089])
13.4425 	DATA 	Keypress: down
13.4555 	EXP 	unnamed Rect: pos = array([ 71.45324686, 168.33861089])
13.4717 	EXP 	unnamed Rect: pos = array([ 71.45324686, 158.33861089])
13.4890 	EXP 	unnamed Rect: pos = array([ 71.45324686, 158.33861089])
13.5049 	EXP 	unnamed Rect: pos = array([ 71.45324686, 158.33861089])
13.5230 	EXP 	unnamed Rect: pos = array([ 71.45324686, 158.33861089])
13.5384 	EXP 	unnamed Rect: pos = array([ 71.45324686, 158.33861089])
13.5547 	EXP 	unnamed Rect: pos = array([ 71.45324686, 158.33861089])
13.5722 	EXP 	unnamed Rect: pos = array([ 71.45324686, 158.33861089])
13.5889 	EXP 	unnamed Rect: pos = array([ 71.45324686, 158.33861089])
13.5895 	DATA 	Keypress: down
13.6054 	EXP 	unnamed Rect: pos = array([ 71.45324686, 148.33861089])
13.6221 	EXP 	unnamed Rect: pos = array([ 71.45324686, 148.33861089])
13.6389 	EXP 	unnamed Rect: pos = array([ 71.45324686, 148.33861089])
13.6557 	EXP 	unnamed Rect: pos = array([ 71.45324686, 148.33861089])
13.6719 	EXP 	unnamed Rect: pos = array([ 71.45324686, 148.33861089])
13.6883 	EXP 	unnamed Rect: pos = array([ 71.45324686, 148.33861089])
13.7049 	EXP 	unnamed Rect: pos = array([ 71.45324686, 148.33861089])
13.7221 	EXP 	unnamed Rect: pos = array([ 71.45324686, 148.33861089])
13.7264 	DATA 	Keypress: down
13.7392 	EXP 	unnamed Rect: pos = array([ 71.45324686, 148.33861089])
13.7544 	EXP 	unnamed Rect: pos = array([ 71.45324686, 138.33861089])
13.7718 	EXP 	unnamed Rect: pos = array([ 71.45324686, 138.33861089])
13.7889 	EXP 	unnamed Rect: pos = array([ 71.45324686, 138.33861089])
13.8052 	EXP 	unnamed Rect: pos = array([ 71.45324686, 138.33861089])
13.8220 	EXP 	unnamed Rect: pos = array([ 71.45324686, 138.33861089])
13.8390 	EXP 	unnamed Rect: pos = array([ 71.45324686, 138.33861089])
13.8550 	EXP 	unnamed Rect: pos = array([ 71.45324686, 138.33861089])
13.8715 	EXP 	unnamed Rect: pos = array([ 71.45324686, 138.33861089])
13.8885 	EXP 	unnamed Rect: pos = array([ 71.45324686, 138.33861089])
13.8891 	DATA 	Keypress: left
13.9049 	EXP 	unnamed Rect: pos = array([ 61.45324686, 138.33861089])
13.9218 	EXP 	unnamed Rect: pos = array([ 61.45324686, 138.33861089])
13.9385 	EXP 	unnamed Rect: pos = array([ 61.45324686, 138.33861089])
13.9550 	EXP 	unnamed Rect: pos = array([ 61.45324686, 138.33861089])
13.9726 	EXP 	unnamed Rect: pos = array([ 61.45324686, 138.33861089])
13.9882 	EXP 	unnamed Rect: pos = array([ 61.45324686, 138.33861089])
14.0052 	EXP 	unnamed Rect: pos = array([ 61.45324686, 138.33861089])
14.0226 	EXP 	unnamed Rect: pos = array([ 61.45324686, 138.33861089])
14.0395 	EXP 	unnamed Rect: pos = array([ 61.45324686, 138.33861089])
14.0400 	DATA 	Keypress: left
14.0554 	EXP 	unnamed Rect: pos = array([ 51.45324686, 138.33861089])
14.0718 	EXP 	unnamed Rect: pos = array([ 51.45324686, 138.33861089])
14.0888 	EXP 	unnamed Rect: pos = array([ 51.45324686, 138.33861089])
14.1054 	EXP 	unnamed Rect: pos = array([ 51.45324686, 138.33861089])
14.1217 	EXP 	unnamed Rect: pos = array([ 51.45324686, 138.33861089])
14.1393 	EXP 	unnamed Rect: pos = array([ 51.45324686, 138.33861089])
14.1548 	EXP 	unnamed Rect: pos = array([ 51.45324686, 138.33861089])
14.1719 	EXP 	unnamed Rect: pos = array([ 51.45324686, 138.33861089])
14.1885 	EXP 	unnamed Rect: pos = array([ 51.45324686, 138.33861089])
14.2057 	EXP 	unnamed Rect: pos = array([ 51.45324686, 138.33861089])
14.2216 	EXP 	unnamed Rect: pos = array([ 51.45324686, 138.33861089])
14.2386 	EXP 	unnamed Rect: pos = array([ 51.45324686, 138.33861089])
14.2554 	EXP 	unnamed Rect: pos = array([ 51.45324686, 138.33861089])
14.2560 	DATA 	Keypress: left
14.2720 	EXP 	unnamed Rect: pos = array([ 41.45324686, 138.33861089])
14.2884 	EXP 	unnamed Rect: pos = array([ 41.45324686, 138.33861089])
14.3053 	EXP 	unnamed Rect: pos = array([ 41.45324686, 138.33861089])
14.3216 	EXP 	unnamed Rect: pos = array([ 41.45324686, 138.33861089])
14.3388 	EXP 	unnamed Rect: pos = array([ 41.45324686, 138.33861089])
14.3549 	EXP 	unnamed Rect: pos = array([ 41.45324686, 138.33861089])
14.3720 	EXP 	unnamed Rect: pos = array([ 41.45324686, 138.33861089])
14.3883 	EXP 	unnamed Rect: pos = array([ 41.45324686, 138.33861089])
14.4051 	EXP 	unnamed Rect: pos = array([ 41.45324686, 138.33861089])
14.4216 	EXP 	unnamed Rect: pos = array([ 41.45324686, 138.33861089])
14.4391 	EXP 	unnamed Rect: pos = array([ 41.45324686, 138.33861089])
14.4555 	EXP 	unnamed Rect: pos = array([ 41.45324686, 138.33861089])
14.4561 	DATA 	Keypress: down
14.4722 	EXP 	unnamed Rect: pos = array([ 41.45324686, 128.33861089])
14.4882 	EXP 	unnamed Rect: pos = array([ 41.45324686, 128.33861089])
14.5052 	EXP 	unnamed Rect: pos = array([ 41.45324686, 128.33861089])
14.5217 	EXP 	unnamed Rect: pos = array([ 41.45324686, 128.33861089])
14.5385 	EXP 	unnamed Rect: pos = array([ 41.45324686, 128.33861089])
14.5554 	EXP 	unnamed Rect: pos = array([ 41.45324686, 128.33861089])
14.5716 	EXP 	unnamed Rect: pos = array([ 41.45324686, 128.33861089])
14.5883 	EXP 	unnamed Rect: pos = array([ 41.45324686, 128.33861089])
14.6049 	EXP 	unnamed Rect: pos = array([ 41.45324686, 128.33861089])
14.6220 	EXP 	unnamed Rect: pos = array([ 41.45324686, 128.33861089])
14.6226 	DATA 	Keypress: left
14.6385 	EXP 	unnamed Rect: pos = array([ 31.45324686, 128.33861089])
14.6548 	EXP 	unnamed Rect: pos = array([ 31.45324686, 128.33861089])
14.6716 	EXP 	unnamed Rect: pos = array([ 31.45324686, 128.33861089])
14.6890 	EXP 	unnamed Rect: pos = array([ 31.45324686, 128.33861089])
14.7048 	EXP 	unnamed Rect: pos = array([ 31.45324686, 128.33861089])
14.7217 	EXP 	unnamed Rect: pos = array([ 31.45324686, 128.33861089])
14.7390 	EXP 	unnamed Rect: pos = array([ 31.45324686, 128.33861089])
14.7549 	EXP 	unnamed Rect: pos = array([ 31.45324686, 128.33861089])
14.7718 	EXP 	unnamed Rect: pos = array([ 31.45324686, 128.33861089])
14.7884 	EXP 	unnamed Rect: pos = array([ 31.45324686, 128.33861089])
14.8049 	EXP 	unnamed Rect: pos = array([ 31.45324686, 128.33861089])
14.8219 	EXP 	unnamed Rect: pos = array([ 31.45324686, 128.33861089])
14.8225 	DATA 	Keypress: left
15.0083 	EXP 	unnamed Rect: pos = array([ 21.45324686, 128.33861089])
15.0090 	DATA 	Keypress: down
15.0160 	EXP 	unnamed Rect: pos = array([ 21.45324686, 118.33861089])
15.0257 	EXP 	unnamed Rect: pos = array([ 21.45324686, 118.33861089])
15.0386 	EXP 	unnamed Rect: pos = array([ 21.45324686, 118.33861089])
15.0459 	EXP 	unnamed Rect: pos = array([ 21.45324686, 118.33861089])
15.0549 	EXP 	unnamed Rect: pos = array([ 21.45324686, 118.33861089])
15.0716 	EXP 	unnamed Rect: pos = array([ 21.45324686, 118.33861089])
15.0890 	EXP 	unnamed Rect: pos = array([ 21.45324686, 118.33861089])
15.1053 	EXP 	unnamed Rect: pos = array([ 21.45324686, 118.33861089])
15.1220 	EXP 	unnamed Rect: pos = array([ 21.45324686, 118.33861089])
15.1391 	EXP 	unnamed Rect: pos = array([ 21.45324686, 118.33861089])
15.1549 	EXP 	unnamed Rect: pos = array([ 21.45324686, 118.33861089])
15.1720 	EXP 	unnamed Rect: pos = array([ 21.45324686, 118.33861089])
15.1890 	EXP 	unnamed Rect: pos = array([ 21.45324686, 118.33861089])
15.2054 	EXP 	unnamed Rect: pos = array([ 21.45324686, 118.33861089])
15.2216 	EXP 	unnamed Rect: pos = array([ 21.45324686, 118.33861089])
15.2382 	EXP 	unnamed Rect: pos = array([ 21.45324686, 118.33861089])
15.2554 	EXP 	unnamed Rect: pos = array([ 21.45324686, 118.33861089])
15.2719 	EXP 	unnamed Rect: pos = array([ 21.45324686, 118.33861089])
15.2725 	DATA 	Keypress: left
15.2893 	EXP 	unnamed Rect: pos = array([ 11.45324686, 118.33861089])
15.3054 	EXP 	unnamed Rect: pos = array([ 11.45324686, 118.33861089])
15.3225 	EXP 	unnamed Rect: pos = array([ 11.45324686, 118.33861089])
15.3382 	EXP 	unnamed Rect: pos = array([ 11.45324686, 118.33861089])
15.3548 	EXP 	unnamed Rect: pos = array([ 11.45324686, 118.33861089])
15.3720 	EXP 	unnamed Rect: pos = array([ 11.45324686, 118.33861089])
15.3886 	EXP 	unnamed Rect: pos = array([ 11.45324686, 118.33861089])
15.4050 	EXP 	unnamed Rect: pos = array([ 11.45324686, 118.33861089])
15.4223 	EXP 	unnamed Rect: pos = array([ 11.45324686, 118.33861089])
15.4392 	EXP 	unnamed Rect: pos = array([ 11.45324686, 118.33861089])
15.4549 	EXP 	unnamed Rect: pos = array([ 11.45324686, 118.33861089])
15.4715 	EXP 	unnamed Rect: pos = array([ 11.45324686, 118.33861089])
15.4882 	EXP 	unnamed Rect: pos = array([ 11.45324686, 118.33861089])
15.4924 	DATA 	Keypress: left
15.5061 	EXP 	unnamed Rect: pos = array([ 11.45324686, 118.33861089])
15.5215 	EXP 	unnamed Rect: pos = array([  1.45324686, 118.33861089])
15.5389 	EXP 	unnamed Rect: pos = array([  1.45324686, 118.33861089])
15.5559 	EXP 	unnamed Rect: pos = array([  1.45324686, 118.33861089])
15.5721 	EXP 	unnamed Rect: pos = array([  1.45324686, 118.33861089])
15.5889 	EXP 	unnamed Rect: pos = array([  1.45324686, 118.33861089])
15.6053 	EXP 	unnamed Rect: pos = array([  1.45324686, 118.33861089])
15.6218 	EXP 	unnamed Rect: pos = array([  1.45324686, 118.33861089])
15.6390 	EXP 	unnamed Rect: pos = array([  1.45324686, 118.33861089])
15.6550 	EXP 	unnamed Rect: pos = array([  1.45324686, 118.33861089])
15.6715 	EXP 	unnamed Rect: pos = array([  1.45324686, 118.33861089])
15.6890 	EXP 	unnamed Rect: pos = array([  1.45324686, 118.33861089])
15.6895 	DATA 	Keypress: left
15.7053 	EXP 	unnamed Rect: pos = array([ -8.54675314, 118.33861089])
15.7217 	EXP 	unnamed Rect: pos = array([ -8.54675314, 118.33861089])
15.7389 	EXP 	unnamed Rect: pos = array([ -8.54675314, 118.33861089])
15.7549 	EXP 	unnamed Rect: pos = array([ -8.54675314, 118.33861089])
15.7727 	EXP 	unnamed Rect: pos = array([ -8.54675314, 118.33861089])
15.7883 	EXP 	unnamed Rect: pos = array([ -8.54675314, 118.33861089])
15.8050 	EXP 	unnamed Rect: pos = array([ -8.54675314, 118.33861089])
15.8219 	EXP 	unnamed Rect: pos = array([ -8.54675314, 118.33861089])
15.8385 	EXP 	unnamed Rect: pos = array([ -8.54675314, 118.33861089])
15.8550 	EXP 	unnamed Rect: pos = array([ -8.54675314, 118.33861089])
15.8720 	EXP 	unnamed Rect: pos = array([ -8.54675314, 118.33861089])
15.8726 	DATA 	Keypress: down
15.8884 	EXP 	unnamed Rect: pos = array([ -8.54675314, 108.33861089])
15.9053 	EXP 	unnamed Rect: pos = array([ -8.54675314, 108.33861089])
15.9217 	EXP 	unnamed Rect: pos = array([ -8.54675314, 108.33861089])
15.9390 	EXP 	unnamed Rect: pos = array([ -8.54675314, 108.33861089])
15.9552 	EXP 	unnamed Rect: pos = array([ -8.54675314, 108.33861089])
15.9716 	EXP 	unnamed Rect: pos = array([ -8.54675314, 108.33861089])
15.9891 	EXP 	unnamed Rect: pos = array([ -8.54675314, 108.33861089])
16.0048 	EXP 	unnamed Rect: pos = array([ -8.54675314, 108.33861089])
16.0220 	EXP 	unnamed Rect: pos = array([ -8.54675314, 108.33861089])
16.0260 	DATA 	Keypress: down
16.0390 	EXP 	unnamed Rect: pos = array([ -8.54675314, 108.33861089])
16.0548 	EXP 	unnamed Rect: pos = array([-8.54675314, 98.33861089])
16.0718 	EXP 	unnamed Rect: pos = array([-8.54675314, 98.33861089])
16.0890 	EXP 	unnamed Rect: pos = array([-8.54675314, 98.33861089])
16.1050 	EXP 	unnamed Rect: pos = array([-8.54675314, 98.33861089])
16.1219 	EXP 	unnamed Rect: pos = array([-8.54675314, 98.33861089])
16.1383 	EXP 	unnamed Rect: pos = array([-8.54675314, 98.33861089])
16.1550 	EXP 	unnamed Rect: pos = array([-8.54675314, 98.33861089])
16.1722 	EXP 	unnamed Rect: pos = array([-8.54675314, 98.33861089])
16.1885 	EXP 	unnamed Rect: pos = array([-8.54675314, 98.33861089])
16.2056 	EXP 	unnamed Rect: pos = array([-8.54675314, 98.33861089])
16.2061 	DATA 	Keypress: down
16.2226 	EXP 	unnamed Rect: pos = array([-8.54675314, 88.33861089])
16.2388 	EXP 	unnamed Rect: pos = array([-8.54675314, 88.33861089])
16.2556 	EXP 	unnamed Rect: pos = array([-8.54675314, 88.33861089])
16.2719 	EXP 	unnamed Rect: pos = array([-8.54675314, 88.33861089])
16.2882 	EXP 	unnamed Rect: pos = array([-8.54675314, 88.33861089])
16.3049 	EXP 	unnamed Rect: pos = array([-8.54675314, 88.33861089])
16.3216 	EXP 	unnamed Rect: pos = array([-8.54675314, 88.33861089])
16.3382 	EXP 	unnamed Rect: pos = array([-8.54675314, 88.33861089])
16.3422 	DATA 	Keypress: down
16.3557 	EXP 	unnamed Rect: pos = array([-8.54675314, 88.33861089])
16.3719 	EXP 	unnamed Rect: pos = array([-8.54675314, 78.33861089])
16.3888 	EXP 	unnamed Rect: pos = array([-8.54675314, 78.33861089])
16.4050 	EXP 	unnamed Rect: pos = array([-8.54675314, 78.33861089])
16.4224 	EXP 	unnamed Rect: pos = array([-8.54675314, 78.33861089])
16.4381 	EXP 	unnamed Rect: pos = array([-8.54675314, 78.33861089])
16.4549 	EXP 	unnamed Rect: pos = array([-8.54675314, 78.33861089])
16.4717 	EXP 	unnamed Rect: pos = array([-8.54675314, 78.33861089])
16.4882 	EXP 	unnamed Rect: pos = array([-8.54675314, 78.33861089])
16.5052 	EXP 	unnamed Rect: pos = array([-8.54675314, 78.33861089])
16.5092 	DATA 	Keypress: down
16.5221 	EXP 	unnamed Rect: pos = array([-8.54675314, 78.33861089])
16.5392 	EXP 	unnamed Rect: pos = array([-8.54675314, 68.33861089])
16.5555 	EXP 	unnamed Rect: pos = array([-8.54675314, 68.33861089])
16.5722 	EXP 	unnamed Rect: pos = array([-8.54675314, 68.33861089])
16.5887 	EXP 	unnamed Rect: pos = array([-8.54675314, 68.33861089])
16.6048 	EXP 	unnamed Rect: pos = array([-8.54675314, 68.33861089])
16.6221 	EXP 	unnamed Rect: pos = array([-8.54675314, 68.33861089])
16.6394 	EXP 	unnamed Rect: pos = array([-8.54675314, 68.33861089])
16.6556 	EXP 	unnamed Rect: pos = array([-8.54675314, 68.33861089])
16.6719 	EXP 	unnamed Rect: pos = array([-8.54675314, 68.33861089])
16.6759 	DATA 	Keypress: down
16.6887 	EXP 	unnamed Rect: pos = array([-8.54675314, 68.33861089])
16.7049 	EXP 	unnamed Rect: pos = array([-8.54675314, 58.33861089])
16.7213 	EXP 	unnamed Rect: pos = array([-8.54675314, 58.33861089])
16.7387 	EXP 	unnamed Rect: pos = array([-8.54675314, 58.33861089])
16.7554 	EXP 	unnamed Rect: pos = array([-8.54675314, 58.33861089])
16.7718 	EXP 	unnamed Rect: pos = array([-8.54675314, 58.33861089])
16.7887 	EXP 	unnamed Rect: pos = array([-8.54675314, 58.33861089])
16.8053 	EXP 	unnamed Rect: pos = array([-8.54675314, 58.33861089])
16.8216 	EXP 	unnamed Rect: pos = array([-8.54675314, 58.33861089])
16.8382 	EXP 	unnamed Rect: pos = array([-8.54675314, 58.33861089])
16.8422 	DATA 	Keypress: down
16.8552 	EXP 	unnamed Rect: pos = array([-8.54675314, 58.33861089])
16.8714 	EXP 	unnamed Rect: pos = array([-8.54675314, 48.33861089])
16.8883 	EXP 	unnamed Rect: pos = array([-8.54675314, 48.33861089])
16.9056 	EXP 	unnamed Rect: pos = array([-8.54675314, 48.33861089])
16.9225 	EXP 	unnamed Rect: pos = array([-8.54675314, 48.33861089])
16.9386 	EXP 	unnamed Rect: pos = array([-8.54675314, 48.33861089])
16.9553 	EXP 	unnamed Rect: pos = array([-8.54675314, 48.33861089])
16.9715 	EXP 	unnamed Rect: pos = array([-8.54675314, 48.33861089])
16.9890 	EXP 	unnamed Rect: pos = array([-8.54675314, 48.33861089])
17.0050 	EXP 	unnamed Rect: pos = array([-8.54675314, 48.33861089])
17.0223 	EXP 	unnamed Rect: pos = array([-8.54675314, 48.33861089])
17.0229 	DATA 	Keypress: down
17.0384 	EXP 	unnamed Rect: pos = array([-8.54675314, 38.33861089])
17.0550 	EXP 	unnamed Rect: pos = array([-8.54675314, 38.33861089])
17.0726 	EXP 	unnamed Rect: pos = array([-8.54675314, 38.33861089])
17.0882 	EXP 	unnamed Rect: pos = array([-8.54675314, 38.33861089])
17.1052 	EXP 	unnamed Rect: pos = array([-8.54675314, 38.33861089])
17.1216 	EXP 	unnamed Rect: pos = array([-8.54675314, 38.33861089])
17.1391 	EXP 	unnamed Rect: pos = array([-8.54675314, 38.33861089])
17.1556 	EXP 	unnamed Rect: pos = array([-8.54675314, 38.33861089])
17.1596 	DATA 	Keypress: down
17.1722 	EXP 	unnamed Rect: pos = array([-8.54675314, 38.33861089])
17.1882 	EXP 	unnamed Rect: pos = array([-8.54675314, 28.33861089])
17.2056 	EXP 	unnamed Rect: pos = array([-8.54675314, 28.33861089])
17.2217 	EXP 	unnamed Rect: pos = array([-8.54675314, 28.33861089])
17.2385 	EXP 	unnamed Rect: pos = array([-8.54675314, 28.33861089])
17.2548 	EXP 	unnamed Rect: pos = array([-8.54675314, 28.33861089])
17.2718 	EXP 	unnamed Rect: pos = array([-8.54675314, 28.33861089])
17.2884 	EXP 	unnamed Rect: pos = array([-8.54675314, 28.33861089])
17.2926 	DATA 	Keypress: down
17.3058 	EXP 	unnamed Rect: pos = array([-8.54675314, 28.33861089])
17.3217 	EXP 	unnamed Rect: pos = array([-8.54675314, 18.33861089])
17.3386 	EXP 	unnamed Rect: pos = array([-8.54675314, 18.33861089])
17.3553 	EXP 	unnamed Rect: pos = array([-8.54675314, 18.33861089])
17.3725 	EXP 	unnamed Rect: pos = array([-8.54675314, 18.33861089])
17.3883 	EXP 	unnamed Rect: pos = array([-8.54675314, 18.33861089])
17.4056 	EXP 	unnamed Rect: pos = array([-8.54675314, 18.33861089])
17.4216 	EXP 	unnamed Rect: pos = array([-8.54675314, 18.33861089])
17.4390 	EXP 	unnamed Rect: pos = array([-8.54675314, 18.33861089])
17.4395 	DATA 	Keypress: down
17.4553 	EXP 	unnamed Rect: pos = array([-8.54675314,  8.33861089])
17.4718 	EXP 	unnamed Rect: pos = array([-8.54675314,  8.33861089])
17.4884 	EXP 	unnamed Rect: pos = array([-8.54675314,  8.33861089])
17.5054 	EXP 	unnamed Rect: pos = array([-8.54675314,  8.33861089])
17.5218 	EXP 	unnamed Rect: pos = array([-8.54675314,  8.33861089])
17.5386 	EXP 	unnamed Rect: pos = array([-8.54675314,  8.33861089])
17.5550 	EXP 	unnamed Rect: pos = array([-8.54675314,  8.33861089])
17.5719 	EXP 	unnamed Rect: pos = array([-8.54675314,  8.33861089])
17.5883 	EXP 	unnamed Rect: pos = array([-8.54675314,  8.33861089])
17.6057 	EXP 	unnamed Rect: pos = array([-8.54675314,  8.33861089])
17.6211 	EXP 	unnamed Rect: pos = array([-8.54675314,  8.33861089])
17.6388 	EXP 	unnamed Rect: pos = array([-8.54675314,  8.33861089])
17.6549 	EXP 	unnamed Rect: pos = array([-8.54675314,  8.33861089])
17.6715 	EXP 	unnamed Rect: pos = array([-8.54675314,  8.33861089])
17.6886 	EXP 	unnamed Rect: pos = array([-8.54675314,  8.33861089])
17.7053 	EXP 	unnamed Rect: pos = array([-8.54675314,  8.33861089])
17.7219 	EXP 	unnamed Rect: pos = array([-8.54675314,  8.33861089])
17.7388 	EXP 	unnamed Rect: pos = array([-8.54675314,  8.33861089])
17.7553 	EXP 	unnamed Rect: pos = array([-8.54675314,  8.33861089])
17.7720 	EXP 	unnamed Rect: pos = array([-8.54675314,  8.33861089])
17.7883 	EXP 	unnamed Rect: pos = array([-8.54675314,  8.33861089])
17.8048 	EXP 	unnamed Rect: pos = array([-8.54675314,  8.33861089])
17.8215 	EXP 	unnamed Rect: pos = array([-8.54675314,  8.33861089])
17.8382 	EXP 	unnamed Rect: pos = array([-8.54675314,  8.33861089])
17.8559 	EXP 	unnamed Rect: pos = array([-8.54675314,  8.33861089])
17.8720 	EXP 	unnamed Rect: pos = array([-8.54675314,  8.33861089])
17.8888 	EXP 	unnamed Rect: pos = array([-8.54675314,  8.33861089])
17.9051 	EXP 	unnamed Rect: pos = array([-8.54675314,  8.33861089])
17.9221 	EXP 	unnamed Rect: pos = array([-8.54675314,  8.33861089])
17.9387 	EXP 	unnamed Rect: pos = array([-8.54675314,  8.33861089])
17.9552 	EXP 	unnamed Rect: pos = array([-8.54675314,  8.33861089])
17.9722 	EXP 	unnamed Rect: pos = array([-8.54675314,  8.33861089])
17.9892 	EXP 	unnamed Rect: pos = array([-8.54675314,  8.33861089])
18.0054 	EXP 	unnamed Rect: pos = array([-8.54675314,  8.33861089])
18.0219 	EXP 	unnamed Rect: pos = array([-8.54675314,  8.33861089])
18.0382 	EXP 	unnamed Rect: pos = array([-8.54675314,  8.33861089])
18.0549 	EXP 	unnamed Rect: pos = array([-8.54675314,  8.33861089])
18.0717 	EXP 	unnamed Rect: pos = array([-8.54675314,  8.33861089])
18.0882 	EXP 	unnamed Rect: pos = array([-8.54675314,  8.33861089])
18.1049 	EXP 	unnamed Rect: pos = array([-8.54675314,  8.33861089])
18.1214 	EXP 	unnamed Rect: pos = array([-8.54675314,  8.33861089])
18.1382 	EXP 	unnamed Rect: pos = array([-8.54675314,  8.33861089])
18.1549 	EXP 	unnamed Rect: pos = array([-8.54675314,  8.33861089])
18.1716 	EXP 	unnamed Rect: pos = array([-8.54675314,  8.33861089])
18.1885 	EXP 	unnamed Rect: pos = array([-8.54675314,  8.33861089])
18.2059 	EXP 	unnamed Rect: pos = array([-8.54675314,  8.33861089])
18.2221 	EXP 	unnamed Rect: pos = array([-8.54675314,  8.33861089])
18.2388 	EXP 	unnamed Rect: pos = array([-8.54675314,  8.33861089])
18.2554 	EXP 	unnamed Rect: pos = array([-8.54675314,  8.33861089])
18.2715 	EXP 	unnamed Rect: pos = array([-8.54675314,  8.33861089])
18.2890 	EXP 	unnamed Rect: pos = array([-8.54675314,  8.33861089])
18.2903 	DATA 	Keypress: q
18.3039 	EXP 	window1: mouseVisible = True
