0.5261 	WARNING 	We strongly recommend you activate the PTB sound engine in PsychoPy prefs as the preferred audio engine. Its timing is vastly superior. Your prefs are currently set to use ['sounddevice', 'PTB', 'pyo', 'pygame'] (in that order).
3.9544 	ERROR 	'-1.0000, -1.0000, -1.0000' is not a valid rgb color
4.1570 	DATA 	Keypress: apostrophe
4.5186 	EXP 	Created window1 = Window(allowGUI=False, allowStencil=False, autoLog=True, backendConf=UNKNOWN, bitsMode=UNKNOWN, blendMode='avg', bpc=(8, 8, 8), color=array([0, 0, 0]), colorSpace='rgb', depthBits=8, fullscr=<method-wrapper '__getattribute__' of attributeSetter object at 0x7fde35e459e8>, gamma=None, gammaErrorPolicy='raise', lms=UNKNOWN, monitor=<psychopy.monitors.calibTools.Monitor object at 0x7fde35495438>, multiSample=False, name='window1', numSamples=2, pos=[360.0, 225.0], screen=0, size=array([2880, 1800]), stencilBits=0, stereo=False, units='height', useFBO=True, useRetina=True, viewOri=0.0, viewPos=None, viewScale=None, waitBlanking=True, winType='pyglet')
4.5189 	EXP 	window1: mouseVisible = True
4.5189 	EXP 	window1: recordFrameIntervals = False
4.6856 	EXP 	window1: recordFrameIntervals = True
4.8691 	EXP 	window1: recordFrameIntervals = False
5.4772 	DEPRECATION 	'1.0000, 1.0000, 1.0000' is not a valid rgb color
5.5056 	EXP 	Created Welcometext = TextStim(__class__=<class 'psychopy.visual.text.TextStim'>, alignHoriz=method-wrapper(...), alignText='center', alignVert=method-wrapper(...), anchorHoriz='center', anchorVert='center', antialias=True, autoLog=True, bold=False, color=array([0., 0., 0.]), colorSpace='rgb', contrast=1.0, depth=0.0, flipHoriz=False, flipVert=False, font='Open Sans', fontFiles=[], height=0.05, italic=False, languageStyle='LTR', name='Welcometext', opacity=0, ori=0.0, pos=array([0., 0.]), rgb=UNKNOWN, text='Welcome\nPlease press Spacebar to start', units='height', win=Window(...), wrapWidth=1)
5.8742 	EXP 	Created text = TextStim(__class__=<class 'psychopy.visual.text.TextStim'>, alignHoriz=method-wrapper(...), alignText='center', alignVert=method-wrapper(...), anchorHoriz='center', anchorVert='center', antialias=True, autoLog=True, bold=False, color=array([1., 1., 1.]), colorSpace='rgb', contrast=1.0, depth=0.0, flipHoriz=False, flipVert=False, font='Open Sans', fontFiles=[], height=0.05, italic=False, languageStyle='LTR', name='text', opacity=1, ori=0.0, pos=array([0., 0.]), rgb=UNKNOWN, text=str(...), units='height', win=Window(...), wrapWidth=1)
5.8747 	EXP 	Created sequence: random, trialTypes=1, nReps=5, seed=None
5.8749 	EXP 	New trial (rep=0, index=0): None
5.8776 	DATA 	Keypress: space
5.8819 	EXP 	Welcometext: autoDraw = True
6.1917 	EXP 	Created unnamed Rect = Rect(__class__=<class 'psychopy.visual.rect.Rect'>, autoDraw=False, autoLog=True, closeShape=True, color=method-wrapper(...), colorSpace='rgb', contrast=None, depth=0, fillColor=array([ 1, -1, -1]), fillColorSpace='rgb', fillRGB=array([ 1, -1, -1]), interpolate=True, lineColor=array([-1., -1.,  1.]), lineColorSpace='rgb', lineRGB=array([-1, -1,  1]), lineWidth=1.5, name='unnamed Rect', opacity=1, ori=0.0, pos=array([0., 0.]), size=array([1000.,  700.]), units='pix', vertices=ndarray(...), win=Window(...))
6.1938 	EXP 	Created unnamed Rect = Rect(__class__=<class 'psychopy.visual.rect.Rect'>, autoDraw=False, autoLog=True, closeShape=True, color=method-wrapper(...), colorSpace='rgb', contrast=None, depth=0, fillColor=array([-1, -1, -1]), fillColorSpace='rgb', fillRGB=array([-1, -1, -1]), interpolate=True, lineColor=array([-1., -1.,  1.]), lineColorSpace='rgb', lineRGB=array([-1, -1,  1]), lineWidth=1.5, name='unnamed Rect', opacity=1, ori=0.0, pos=array([0., 0.]), size=array([400., 600.]), units='pix', vertices=ndarray(...), win=Window(...))
6.1959 	EXP 	Created unnamed Rect = Rect(__class__=<class 'psychopy.visual.rect.Rect'>, autoDraw=False, autoLog=True, closeShape=True, color=method-wrapper(...), colorSpace='rgb', contrast=None, depth=0, fillColor=array([-1, -1, -1]), fillColorSpace='rgb', fillRGB=array([-1, -1, -1]), interpolate=True, lineColor=array([-1., -1.,  1.]), lineColorSpace='rgb', lineRGB=array([-1, -1,  1]), lineWidth=1.5, name='unnamed Rect', opacity=1, ori=0.0, pos=array([0., 0.]), size=array([400., 600.]), units='pix', vertices=ndarray(...), win=Window(...))
6.1988 	EXP 	Created unnamed Rect = Rect(__class__=<class 'psychopy.visual.rect.Rect'>, autoDraw=False, autoLog=True, closeShape=True, color=method-wrapper(...), colorSpace='rgb', contrast=None, depth=0, fillColor=array([ 1,  1, -1]), fillColorSpace='rgb', fillRGB=array([ 1,  1, -1]), interpolate=True, lineColor=array([0., 0., 0.]), lineColorSpace='rgb', lineRGB=array([0, 0, 0]), lineWidth=1.5, name='unnamed Rect', opacity=0.5, ori=0.0, pos=array([0., 0.]), size=array([30., 30.]), units='pix', vertices=ndarray(...), win=Window(...))
6.2012 	EXP 	Created unnamed Rect = Rect(__class__=<class 'psychopy.visual.rect.Rect'>, autoDraw=False, autoLog=True, closeShape=True, color=method-wrapper(...), colorSpace='rgb', contrast=None, depth=0, fillColor=array([ 1,  1, -1]), fillColorSpace='rgb', fillRGB=array([ 1,  1, -1]), interpolate=True, lineColor=array([0., 0., 0.]), lineColorSpace='rgb', lineRGB=array([0, 0, 0]), lineWidth=1.5, name='unnamed Rect', opacity=0.5, ori=0.0, pos=array([0., 0.]), size=array([30., 30.]), units='pix', vertices=ndarray(...), win=Window(...))
6.2035 	EXP 	Created unnamed Rect = Rect(__class__=<class 'psychopy.visual.rect.Rect'>, autoDraw=False, autoLog=True, closeShape=True, color=method-wrapper(...), colorSpace='rgb', contrast=None, depth=0, fillColor=array([ 1,  1, -1]), fillColorSpace='rgb', fillRGB=array([ 1,  1, -1]), interpolate=True, lineColor=array([0., 0., 0.]), lineColorSpace='rgb', lineRGB=array([0, 0, 0]), lineWidth=1.5, name='unnamed Rect', opacity=0.5, ori=0.0, pos=array([0., 0.]), size=array([30., 30.]), units='pix', vertices=ndarray(...), win=Window(...))
6.2058 	EXP 	Created unnamed Rect = Rect(__class__=<class 'psychopy.visual.rect.Rect'>, autoDraw=False, autoLog=True, closeShape=True, color=method-wrapper(...), colorSpace='rgb', contrast=None, depth=0, fillColor=array([ 1,  1, -1]), fillColorSpace='rgb', fillRGB=array([ 1,  1, -1]), interpolate=True, lineColor=array([0., 0., 0.]), lineColorSpace='rgb', lineRGB=array([0, 0, 0]), lineWidth=1.5, name='unnamed Rect', opacity=0.5, ori=0.0, pos=array([0., 0.]), size=array([30., 30.]), units='pix', vertices=ndarray(...), win=Window(...))
6.2081 	EXP 	Created unnamed Rect = Rect(__class__=<class 'psychopy.visual.rect.Rect'>, autoDraw=False, autoLog=True, closeShape=True, color=method-wrapper(...), colorSpace='rgb', contrast=None, depth=0, fillColor=array([ 1,  1, -1]), fillColorSpace='rgb', fillRGB=array([ 1,  1, -1]), interpolate=True, lineColor=array([0., 0., 0.]), lineColorSpace='rgb', lineRGB=array([0, 0, 0]), lineWidth=1.5, name='unnamed Rect', opacity=0.5, ori=0.0, pos=array([0., 0.]), size=array([30., 30.]), units='pix', vertices=ndarray(...), win=Window(...))
6.2104 	EXP 	Created unnamed Rect = Rect(__class__=<class 'psychopy.visual.rect.Rect'>, autoDraw=False, autoLog=True, closeShape=True, color=method-wrapper(...), colorSpace='rgb', contrast=None, depth=0, fillColor=array([ 1,  1, -1]), fillColorSpace='rgb', fillRGB=array([ 1,  1, -1]), interpolate=True, lineColor=array([0., 0., 0.]), lineColorSpace='rgb', lineRGB=array([0, 0, 0]), lineWidth=1.5, name='unnamed Rect', opacity=0.5, ori=0.0, pos=array([0., 0.]), size=array([30., 30.]), units='pix', vertices=ndarray(...), win=Window(...))
6.2481 	EXP 	Created unnamed ImageStim = ImageStim(__class__=<class 'psychopy.visual.image.ImageStim'>, autoLog=True, color=array([1., 1., 1.]), colorSpace='rgb', contrast=1.0, depth=0, flipHoriz=False, flipVert=False, image='tree.png', interpolate=False, mask=None, maskParams=None, name='unnamed ImageStim', opacity=1, ori=0.0, pos=array([0., 0.]), size=array([512, 512]), texRes=128, units='pix', win=Window(...))
6.2681 	EXP 	Created unnamed ImageStim = ImageStim(__class__=<class 'psychopy.visual.image.ImageStim'>, autoLog=True, color=array([1., 1., 1.]), colorSpace='rgb', contrast=1.0, depth=0, flipHoriz=False, flipVert=False, image='tree.png', interpolate=False, mask=None, maskParams=None, name='unnamed ImageStim', opacity=1, ori=0.0, pos=array([0., 0.]), size=array([512, 512]), texRes=128, units='pix', win=Window(...))
6.2864 	EXP 	Created unnamed ImageStim = ImageStim(__class__=<class 'psychopy.visual.image.ImageStim'>, autoLog=True, color=array([1., 1., 1.]), colorSpace='rgb', contrast=1.0, depth=0, flipHoriz=False, flipVert=False, image='tree.png', interpolate=False, mask=None, maskParams=None, name='unnamed ImageStim', opacity=1, ori=0.0, pos=array([0., 0.]), size=array([512, 512]), texRes=128, units='pix', win=Window(...))
6.3039 	EXP 	Created unnamed ImageStim = ImageStim(__class__=<class 'psychopy.visual.image.ImageStim'>, autoLog=True, color=array([1., 1., 1.]), colorSpace='rgb', contrast=1.0, depth=0, flipHoriz=False, flipVert=False, image='tree.png', interpolate=False, mask=None, maskParams=None, name='unnamed ImageStim', opacity=1, ori=0.0, pos=array([0., 0.]), size=array([512, 512]), texRes=128, units='pix', win=Window(...))
6.3214 	EXP 	Created unnamed ImageStim = ImageStim(__class__=<class 'psychopy.visual.image.ImageStim'>, autoLog=True, color=array([1., 1., 1.]), colorSpace='rgb', contrast=1.0, depth=0, flipHoriz=False, flipVert=False, image='tree.png', interpolate=False, mask=None, maskParams=None, name='unnamed ImageStim', opacity=1, ori=0.0, pos=array([0., 0.]), size=array([512, 512]), texRes=128, units='pix', win=Window(...))
6.3388 	EXP 	Created unnamed ImageStim = ImageStim(__class__=<class 'psychopy.visual.image.ImageStim'>, autoLog=True, color=array([1., 1., 1.]), colorSpace='rgb', contrast=1.0, depth=0, flipHoriz=False, flipVert=False, image='tree.png', interpolate=False, mask=None, maskParams=None, name='unnamed ImageStim', opacity=1, ori=0.0, pos=array([0., 0.]), size=array([512, 512]), texRes=128, units='pix', win=Window(...))
6.3561 	EXP 	Created unnamed ImageStim = ImageStim(__class__=<class 'psychopy.visual.image.ImageStim'>, autoLog=True, color=array([1., 1., 1.]), colorSpace='rgb', contrast=1.0, depth=0, flipHoriz=False, flipVert=False, image='tree.png', interpolate=False, mask=None, maskParams=None, name='unnamed ImageStim', opacity=1, ori=0.0, pos=array([0., 0.]), size=array([512, 512]), texRes=128, units='pix', win=Window(...))
6.3735 	EXP 	Created unnamed ImageStim = ImageStim(__class__=<class 'psychopy.visual.image.ImageStim'>, autoLog=True, color=array([1., 1., 1.]), colorSpace='rgb', contrast=1.0, depth=0, flipHoriz=False, flipVert=False, image='tree.png', interpolate=False, mask=None, maskParams=None, name='unnamed ImageStim', opacity=1, ori=0.0, pos=array([0., 0.]), size=array([512, 512]), texRes=128, units='pix', win=Window(...))
6.3908 	EXP 	Created unnamed ImageStim = ImageStim(__class__=<class 'psychopy.visual.image.ImageStim'>, autoLog=True, color=array([1., 1., 1.]), colorSpace='rgb', contrast=1.0, depth=0, flipHoriz=False, flipVert=False, image='tree.png', interpolate=False, mask=None, maskParams=None, name='unnamed ImageStim', opacity=1, ori=0.0, pos=array([0., 0.]), size=array([512, 512]), texRes=128, units='pix', win=Window(...))
6.4082 	EXP 	Created unnamed ImageStim = ImageStim(__class__=<class 'psychopy.visual.image.ImageStim'>, autoLog=True, color=array([1., 1., 1.]), colorSpace='rgb', contrast=1.0, depth=0, flipHoriz=False, flipVert=False, image='tree.png', interpolate=False, mask=None, maskParams=None, name='unnamed ImageStim', opacity=1, ori=0.0, pos=array([0., 0.]), size=array([512, 512]), texRes=128, units='pix', win=Window(...))
6.4255 	EXP 	Created unnamed ImageStim = ImageStim(__class__=<class 'psychopy.visual.image.ImageStim'>, autoLog=True, color=array([1., 1., 1.]), colorSpace='rgb', contrast=1.0, depth=0, flipHoriz=False, flipVert=False, image='tree.png', interpolate=False, mask=None, maskParams=None, name='unnamed ImageStim', opacity=1, ori=0.0, pos=array([0., 0.]), size=array([512, 512]), texRes=128, units='pix', win=Window(...))
6.4429 	EXP 	Created unnamed ImageStim = ImageStim(__class__=<class 'psychopy.visual.image.ImageStim'>, autoLog=True, color=array([1., 1., 1.]), colorSpace='rgb', contrast=1.0, depth=0, flipHoriz=False, flipVert=False, image='tree.png', interpolate=False, mask=None, maskParams=None, name='unnamed ImageStim', opacity=1, ori=0.0, pos=array([0., 0.]), size=array([512, 512]), texRes=128, units='pix', win=Window(...))
6.4602 	EXP 	Created unnamed ImageStim = ImageStim(__class__=<class 'psychopy.visual.image.ImageStim'>, autoLog=True, color=array([1., 1., 1.]), colorSpace='rgb', contrast=1.0, depth=0, flipHoriz=False, flipVert=False, image='tree.png', interpolate=False, mask=None, maskParams=None, name='unnamed ImageStim', opacity=1, ori=0.0, pos=array([0., 0.]), size=array([512, 512]), texRes=128, units='pix', win=Window(...))
6.4775 	EXP 	Created unnamed ImageStim = ImageStim(__class__=<class 'psychopy.visual.image.ImageStim'>, autoLog=True, color=array([1., 1., 1.]), colorSpace='rgb', contrast=1.0, depth=0, flipHoriz=False, flipVert=False, image='tree.png', interpolate=False, mask=None, maskParams=None, name='unnamed ImageStim', opacity=1, ori=0.0, pos=array([0., 0.]), size=array([512, 512]), texRes=128, units='pix', win=Window(...))
6.4948 	EXP 	Created unnamed ImageStim = ImageStim(__class__=<class 'psychopy.visual.image.ImageStim'>, autoLog=True, color=array([1., 1., 1.]), colorSpace='rgb', contrast=1.0, depth=0, flipHoriz=False, flipVert=False, image='tree.png', interpolate=False, mask=None, maskParams=None, name='unnamed ImageStim', opacity=1, ori=0.0, pos=array([0., 0.]), size=array([512, 512]), texRes=128, units='pix', win=Window(...))
6.5089 	DATA 	Keypress: space
6.5157 	EXP 	Welcometext: autoDraw = False
6.5157 	EXP 	unnamed Rect: pos = [-250, 0]
6.5157 	EXP 	unnamed Rect: pos = [250, 0]
6.5157 	EXP 	unnamed Rect: pos = [-342.1589409041227, 198.27550603551518]
6.5157 	EXP 	unnamed Rect: pos = [-365.5194783492789, -142.53774329666257]
6.5157 	EXP 	unnamed Rect: pos = [-149.27212109365928, -73.02285748615296]
6.5157 	EXP 	unnamed Rect: pos = [-377.26477042567797, 71.46131241807984]
6.5157 	EXP 	unnamed Rect: pos = [-115.18172792444358, -141.75995174349285]
6.5157 	EXP 	unnamed Rect: pos = [418.74833597940915, 259.7220287177226]
6.5157 	EXP 	unnamed ImageStim: size = [51.2, 51.2]
6.5157 	EXP 	unnamed ImageStim: size = [51.2, 51.2]
6.5157 	EXP 	unnamed ImageStim: size = [51.2, 51.2]
6.5157 	EXP 	unnamed ImageStim: size = [51.2, 51.2]
6.5157 	EXP 	unnamed ImageStim: size = [51.2, 51.2]
6.5157 	EXP 	unnamed ImageStim: size = [51.2, 51.2]
6.5157 	EXP 	unnamed ImageStim: size = [51.2, 51.2]
6.5157 	EXP 	unnamed ImageStim: size = [51.2, 51.2]
6.5157 	EXP 	unnamed ImageStim: size = [51.2, 51.2]
6.5157 	EXP 	unnamed ImageStim: size = [51.2, 51.2]
6.5157 	EXP 	unnamed ImageStim: size = [51.2, 51.2]
6.5157 	EXP 	unnamed ImageStim: size = [51.2, 51.2]
6.5157 	EXP 	unnamed ImageStim: size = [51.2, 51.2]
6.5157 	EXP 	unnamed ImageStim: size = [51.2, 51.2]
6.5157 	EXP 	unnamed ImageStim: size = [51.2, 51.2]
6.5157 	EXP 	unnamed ImageStim: pos = [-129.02457746497444, -83.78844373690741]
6.5157 	EXP 	unnamed ImageStim: pos = [-37.968244655883666, -13.288211602483976]
6.5157 	EXP 	unnamed ImageStim: pos = [65.75763119513336, -14.864832524678405]
6.5157 	EXP 	unnamed ImageStim: pos = [-9.430122432667623, 194.35017811961785]
6.5157 	EXP 	unnamed ImageStim: pos = [-43.87244200448706, -5.216697099824772]
6.5157 	EXP 	unnamed ImageStim: pos = [-379.0245774649744, -83.78844373690741]
6.5157 	EXP 	unnamed ImageStim: pos = [120.97542253502556, -83.78844373690741]
6.5157 	EXP 	unnamed ImageStim: pos = [-287.96824465588367, -13.288211602483976]
6.5157 	EXP 	unnamed ImageStim: pos = [212.03175534411633, -13.288211602483976]
6.5157 	EXP 	unnamed ImageStim: pos = [-184.24236880486666, -14.864832524678405]
6.5157 	EXP 	unnamed ImageStim: pos = [315.75763119513334, -14.864832524678405]
6.5157 	EXP 	unnamed ImageStim: pos = [-259.43012243266764, 194.35017811961785]
6.5157 	EXP 	unnamed ImageStim: pos = [240.56987756733238, 194.35017811961785]
6.5157 	EXP 	unnamed ImageStim: pos = [-293.8724420044871, -5.216697099824772]
6.5157 	EXP 	unnamed ImageStim: pos = [206.12755799551294, -5.216697099824772]
11.8740 	EXP 	Created unnamed Rect = Rect(__class__=<class 'psychopy.visual.rect.Rect'>, autoDraw=False, autoLog=True, closeShape=True, color=method-wrapper(...), colorSpace='rgb', contrast=None, depth=0, fillColor=array([-1, -1, -1]), fillColorSpace='rgb', fillRGB=array([-1, -1, -1]), interpolate=True, lineColor=array([-1., -1.,  1.]), lineColorSpace='rgb', lineRGB=array([-1, -1,  1]), lineWidth=1.5, name='unnamed Rect', opacity=1, ori=0.0, pos=array([0., 0.]), size=array([400., 600.]), units='pix', vertices=ndarray(...), win=Window(...))
11.8793 	EXP 	Created unnamed Rect = Rect(__class__=<class 'psychopy.visual.rect.Rect'>, autoDraw=False, autoLog=True, closeShape=True, color=method-wrapper(...), colorSpace='rgb', contrast=None, depth=0, fillColor=array([-1, -1, -1]), fillColorSpace='rgb', fillRGB=array([-1, -1, -1]), interpolate=True, lineColor=array([-1., -1.,  1.]), lineColorSpace='rgb', lineRGB=array([-1, -1,  1]), lineWidth=1.5, name='unnamed Rect', opacity=1, ori=0.0, pos=array([0., 0.]), size=array([400., 600.]), units='pix', vertices=ndarray(...), win=Window(...))
11.8983 	DATA 	Keypress: left
11.9104 	EXP 	unnamed Rect: pos = array([-92.1589409 , 198.27550604])
11.9104 	EXP 	unnamed Rect: pos = array([-115.51947835, -142.5377433 ])
11.9104 	EXP 	unnamed Rect: pos = array([100.72787891, -73.02285749])
11.9104 	EXP 	unnamed Rect: pos = array([-127.26477043,   71.46131242])
11.9104 	EXP 	unnamed Rect: pos = array([ 134.81827208, -141.75995174])
11.9104 	EXP 	unnamed Rect: pos = array([-127.26477043,   71.46131242])
11.9230 	EXP 	unnamed Rect: pos = array([-127.26477043,   71.46131242])
11.9347 	EXP 	unnamed Rect: pos = array([-127.26477043,   71.46131242])
11.9514 	EXP 	unnamed Rect: pos = array([-127.26477043,   71.46131242])
11.9680 	EXP 	unnamed Rect: pos = array([-127.26477043,   71.46131242])
11.9849 	EXP 	unnamed Rect: pos = array([-127.26477043,   71.46131242])
12.0015 	EXP 	unnamed Rect: pos = array([-127.26477043,   71.46131242])
12.0179 	EXP 	unnamed Rect: pos = array([-127.26477043,   71.46131242])
12.0349 	EXP 	unnamed Rect: pos = array([-127.26477043,   71.46131242])
12.0519 	EXP 	unnamed Rect: pos = array([-127.26477043,   71.46131242])
12.0678 	EXP 	unnamed Rect: pos = array([-127.26477043,   71.46131242])
12.0852 	EXP 	unnamed Rect: pos = array([-127.26477043,   71.46131242])
12.1021 	EXP 	unnamed Rect: pos = array([-127.26477043,   71.46131242])
12.1178 	EXP 	unnamed Rect: pos = array([-127.26477043,   71.46131242])
12.1348 	EXP 	unnamed Rect: pos = array([-127.26477043,   71.46131242])
12.1517 	EXP 	unnamed Rect: pos = array([-127.26477043,   71.46131242])
12.1524 	DATA 	Keypress: up
12.1689 	EXP 	unnamed Rect: pos = array([-127.26477043,   81.46131242])
12.1846 	EXP 	unnamed Rect: pos = array([-127.26477043,   81.46131242])
12.2018 	EXP 	unnamed Rect: pos = array([-127.26477043,   81.46131242])
12.2188 	EXP 	unnamed Rect: pos = array([-127.26477043,   81.46131242])
12.2345 	EXP 	unnamed Rect: pos = array([-127.26477043,   81.46131242])
12.2507 	EXP 	unnamed Rect: pos = array([-127.26477043,   81.46131242])
12.2672 	EXP 	unnamed Rect: pos = array([-127.26477043,   81.46131242])
12.2839 	EXP 	unnamed Rect: pos = array([-127.26477043,   81.46131242])
12.3004 	EXP 	unnamed Rect: pos = array([-127.26477043,   81.46131242])
12.3173 	EXP 	unnamed Rect: pos = array([-127.26477043,   81.46131242])
12.3339 	EXP 	unnamed Rect: pos = array([-127.26477043,   81.46131242])
12.3513 	EXP 	unnamed Rect: pos = array([-127.26477043,   81.46131242])
12.3519 	DATA 	Keypress: up
12.3680 	EXP 	unnamed Rect: pos = array([-127.26477043,   91.46131242])
12.3846 	EXP 	unnamed Rect: pos = array([-127.26477043,   91.46131242])
12.4009 	EXP 	unnamed Rect: pos = array([-127.26477043,   91.46131242])
12.4176 	EXP 	unnamed Rect: pos = array([-127.26477043,   91.46131242])
12.4341 	EXP 	unnamed Rect: pos = array([-127.26477043,   91.46131242])
12.4510 	EXP 	unnamed Rect: pos = array([-127.26477043,   91.46131242])
12.4678 	EXP 	unnamed Rect: pos = array([-127.26477043,   91.46131242])
12.4863 	EXP 	unnamed Rect: pos = array([-127.26477043,   91.46131242])
12.5011 	EXP 	unnamed Rect: pos = array([-127.26477043,   91.46131242])
12.5177 	EXP 	unnamed Rect: pos = array([-127.26477043,   91.46131242])
12.5340 	EXP 	unnamed Rect: pos = array([-127.26477043,   91.46131242])
12.5514 	EXP 	unnamed Rect: pos = array([-127.26477043,   91.46131242])
12.5674 	EXP 	unnamed Rect: pos = array([-127.26477043,   91.46131242])
12.5841 	EXP 	unnamed Rect: pos = array([-127.26477043,   91.46131242])
12.5848 	DATA 	Keypress: down
12.6009 	EXP 	unnamed Rect: pos = array([-127.26477043,   81.46131242])
12.6178 	EXP 	unnamed Rect: pos = array([-127.26477043,   81.46131242])
12.6343 	EXP 	unnamed Rect: pos = array([-127.26477043,   81.46131242])
12.6510 	EXP 	unnamed Rect: pos = array([-127.26477043,   81.46131242])
12.6673 	EXP 	unnamed Rect: pos = array([-127.26477043,   81.46131242])
12.6844 	EXP 	unnamed Rect: pos = array([-127.26477043,   81.46131242])
12.7013 	EXP 	unnamed Rect: pos = array([-127.26477043,   81.46131242])
12.7177 	EXP 	unnamed Rect: pos = array([-127.26477043,   81.46131242])
12.7344 	EXP 	unnamed Rect: pos = array([-127.26477043,   81.46131242])
12.7510 	EXP 	unnamed Rect: pos = array([-127.26477043,   81.46131242])
12.7683 	EXP 	unnamed Rect: pos = array([-127.26477043,   81.46131242])
12.7689 	DATA 	Keypress: down
12.7841 	EXP 	unnamed Rect: pos = array([-127.26477043,   71.46131242])
12.8013 	EXP 	unnamed Rect: pos = array([-127.26477043,   71.46131242])
12.8175 	EXP 	unnamed Rect: pos = array([-127.26477043,   71.46131242])
12.8351 	EXP 	unnamed Rect: pos = array([-127.26477043,   71.46131242])
12.8507 	EXP 	unnamed Rect: pos = array([-127.26477043,   71.46131242])
12.8682 	EXP 	unnamed Rect: pos = array([-127.26477043,   71.46131242])
12.8845 	EXP 	unnamed Rect: pos = array([-127.26477043,   71.46131242])
12.9010 	EXP 	unnamed Rect: pos = array([-127.26477043,   71.46131242])
12.9016 	DATA 	Keypress: down
12.9179 	EXP 	unnamed Rect: pos = array([-127.26477043,   61.46131242])
12.9342 	EXP 	unnamed Rect: pos = array([-127.26477043,   61.46131242])
12.9511 	EXP 	unnamed Rect: pos = array([-127.26477043,   61.46131242])
12.9681 	EXP 	unnamed Rect: pos = array([-127.26477043,   61.46131242])
12.9849 	EXP 	unnamed Rect: pos = array([-127.26477043,   61.46131242])
13.0018 	EXP 	unnamed Rect: pos = array([-127.26477043,   61.46131242])
13.0178 	EXP 	unnamed Rect: pos = array([-127.26477043,   61.46131242])
13.0344 	EXP 	unnamed Rect: pos = array([-127.26477043,   61.46131242])
13.0512 	EXP 	unnamed Rect: pos = array([-127.26477043,   61.46131242])
13.0518 	DATA 	Keypress: down
13.0684 	EXP 	unnamed Rect: pos = array([-127.26477043,   51.46131242])
13.0846 	EXP 	unnamed Rect: pos = array([-127.26477043,   51.46131242])
13.1015 	EXP 	unnamed Rect: pos = array([-127.26477043,   51.46131242])
13.1181 	EXP 	unnamed Rect: pos = array([-127.26477043,   51.46131242])
13.1347 	EXP 	unnamed Rect: pos = array([-127.26477043,   51.46131242])
13.1512 	EXP 	unnamed Rect: pos = array([-127.26477043,   51.46131242])
13.1681 	EXP 	unnamed Rect: pos = array([-127.26477043,   51.46131242])
13.1843 	EXP 	unnamed Rect: pos = array([-127.26477043,   51.46131242])
13.1880 	DATA 	Keypress: down
13.2013 	EXP 	unnamed Rect: pos = array([-127.26477043,   51.46131242])
13.2175 	EXP 	unnamed Rect: pos = array([-127.26477043,   41.46131242])
13.2344 	EXP 	unnamed Rect: pos = array([-127.26477043,   41.46131242])
13.2513 	EXP 	unnamed Rect: pos = array([-127.26477043,   41.46131242])
13.2679 	EXP 	unnamed Rect: pos = array([-127.26477043,   41.46131242])
13.2846 	EXP 	unnamed Rect: pos = array([-127.26477043,   41.46131242])
13.3008 	EXP 	unnamed Rect: pos = array([-127.26477043,   41.46131242])
13.3178 	EXP 	unnamed Rect: pos = array([-127.26477043,   41.46131242])
13.3350 	EXP 	unnamed Rect: pos = array([-127.26477043,   41.46131242])
13.3358 	DATA 	Keypress: down
13.3511 	EXP 	unnamed Rect: pos = array([-127.26477043,   31.46131242])
13.3679 	EXP 	unnamed Rect: pos = array([-127.26477043,   31.46131242])
13.3850 	EXP 	unnamed Rect: pos = array([-127.26477043,   31.46131242])
13.4017 	EXP 	unnamed Rect: pos = array([-127.26477043,   31.46131242])
13.4181 	EXP 	unnamed Rect: pos = array([-127.26477043,   31.46131242])
13.4341 	EXP 	unnamed Rect: pos = array([-127.26477043,   31.46131242])
13.4517 	EXP 	unnamed Rect: pos = array([-127.26477043,   31.46131242])
13.4676 	EXP 	unnamed Rect: pos = array([-127.26477043,   31.46131242])
13.4867 	EXP 	unnamed Rect: pos = array([-127.26477043,   31.46131242])
13.4906 	DATA 	Keypress: right
13.5011 	EXP 	unnamed Rect: pos = array([-127.26477043,   31.46131242])
13.5175 	EXP 	unnamed Rect: pos = array([-117.26477043,   31.46131242])
13.5343 	EXP 	unnamed Rect: pos = array([-117.26477043,   31.46131242])
13.5512 	EXP 	unnamed Rect: pos = array([-117.26477043,   31.46131242])
13.5684 	EXP 	unnamed Rect: pos = array([-117.26477043,   31.46131242])
13.5849 	EXP 	unnamed Rect: pos = array([-117.26477043,   31.46131242])
13.6011 	EXP 	unnamed Rect: pos = array([-117.26477043,   31.46131242])
13.6177 	EXP 	unnamed Rect: pos = array([-117.26477043,   31.46131242])
13.6345 	EXP 	unnamed Rect: pos = array([-117.26477043,   31.46131242])
13.6512 	EXP 	unnamed Rect: pos = array([-117.26477043,   31.46131242])
13.6518 	DATA 	Keypress: right
13.6676 	EXP 	unnamed Rect: pos = array([-107.26477043,   31.46131242])
13.6849 	EXP 	unnamed Rect: pos = array([-107.26477043,   31.46131242])
13.7013 	EXP 	unnamed Rect: pos = array([-107.26477043,   31.46131242])
13.7176 	EXP 	unnamed Rect: pos = array([-107.26477043,   31.46131242])
13.7344 	EXP 	unnamed Rect: pos = array([-107.26477043,   31.46131242])
13.7510 	EXP 	unnamed Rect: pos = array([-107.26477043,   31.46131242])
13.7675 	EXP 	unnamed Rect: pos = array([-107.26477043,   31.46131242])
13.7845 	EXP 	unnamed Rect: pos = array([-107.26477043,   31.46131242])
13.7853 	DATA 	Keypress: right
13.8017 	EXP 	unnamed Rect: pos = array([-97.26477043,  31.46131242])
13.8179 	EXP 	unnamed Rect: pos = array([-97.26477043,  31.46131242])
13.8344 	EXP 	unnamed Rect: pos = array([-97.26477043,  31.46131242])
13.8523 	EXP 	unnamed Rect: pos = array([-97.26477043,  31.46131242])
13.8681 	EXP 	unnamed Rect: pos = array([-97.26477043,  31.46131242])
13.8848 	EXP 	unnamed Rect: pos = array([-97.26477043,  31.46131242])
13.9011 	EXP 	unnamed Rect: pos = array([-97.26477043,  31.46131242])
13.9180 	EXP 	unnamed Rect: pos = array([-97.26477043,  31.46131242])
13.9348 	EXP 	unnamed Rect: pos = array([-97.26477043,  31.46131242])
13.9386 	DATA 	Keypress: down
13.9515 	EXP 	unnamed Rect: pos = array([-97.26477043,  31.46131242])
13.9681 	EXP 	unnamed Rect: pos = array([-97.26477043,  21.46131242])
13.9854 	EXP 	unnamed Rect: pos = array([-97.26477043,  21.46131242])
14.0014 	EXP 	unnamed Rect: pos = array([-97.26477043,  21.46131242])
14.0179 	EXP 	unnamed Rect: pos = array([-97.26477043,  21.46131242])
14.0350 	EXP 	unnamed Rect: pos = array([-97.26477043,  21.46131242])
14.0517 	EXP 	unnamed Rect: pos = array([-97.26477043,  21.46131242])
14.0679 	EXP 	unnamed Rect: pos = array([-97.26477043,  21.46131242])
14.0848 	EXP 	unnamed Rect: pos = array([-97.26477043,  21.46131242])
14.1017 	EXP 	unnamed Rect: pos = array([-97.26477043,  21.46131242])
14.1180 	EXP 	unnamed Rect: pos = array([-97.26477043,  21.46131242])
14.1344 	EXP 	unnamed Rect: pos = array([-97.26477043,  21.46131242])
14.1519 	EXP 	unnamed Rect: pos = array([-97.26477043,  21.46131242])
14.1529 	DATA 	Keypress: down
14.1687 	EXP 	unnamed Rect: pos = array([-97.26477043,  11.46131242])
14.1846 	EXP 	unnamed Rect: pos = array([-97.26477043,  11.46131242])
14.2011 	EXP 	unnamed Rect: pos = array([-97.26477043,  11.46131242])
14.2184 	EXP 	unnamed Rect: pos = array([-97.26477043,  11.46131242])
14.2352 	EXP 	unnamed Rect: pos = array([-97.26477043,  11.46131242])
14.2515 	EXP 	unnamed Rect: pos = array([-97.26477043,  11.46131242])
14.2683 	EXP 	unnamed Rect: pos = array([-97.26477043,  11.46131242])
14.2719 	DATA 	Keypress: right
14.2837 	EXP 	unnamed Rect: pos = array([-97.26477043,  11.46131242])
14.3008 	EXP 	unnamed Rect: pos = array([-87.26477043,  11.46131242])
14.3174 	EXP 	unnamed Rect: pos = array([-87.26477043,  11.46131242])
14.3345 	EXP 	unnamed Rect: pos = array([-87.26477043,  11.46131242])
14.3510 	EXP 	unnamed Rect: pos = array([-87.26477043,  11.46131242])
14.3686 	EXP 	unnamed Rect: pos = array([-87.26477043,  11.46131242])
14.3845 	EXP 	unnamed Rect: pos = array([-87.26477043,  11.46131242])
14.4011 	EXP 	unnamed Rect: pos = array([-87.26477043,  11.46131242])
14.4179 	EXP 	unnamed Rect: pos = array([-87.26477043,  11.46131242])
14.4344 	EXP 	unnamed Rect: pos = array([-87.26477043,  11.46131242])
14.4515 	EXP 	unnamed Rect: pos = array([-87.26477043,  11.46131242])
14.4522 	DATA 	Keypress: right
14.4680 	EXP 	unnamed Rect: pos = array([-77.26477043,  11.46131242])
14.4845 	EXP 	unnamed Rect: pos = array([-77.26477043,  11.46131242])
14.5017 	EXP 	unnamed Rect: pos = array([-77.26477043,  11.46131242])
14.5186 	EXP 	unnamed Rect: pos = array([-77.26477043,  11.46131242])
14.5348 	EXP 	unnamed Rect: pos = array([-77.26477043,  11.46131242])
14.5516 	EXP 	unnamed Rect: pos = array([-77.26477043,  11.46131242])
14.5685 	EXP 	unnamed Rect: pos = array([-77.26477043,  11.46131242])
14.5851 	EXP 	unnamed Rect: pos = array([-77.26477043,  11.46131242])
14.5892 	DATA 	Keypress: down
14.6017 	EXP 	unnamed Rect: pos = array([-77.26477043,  11.46131242])
14.6177 	EXP 	unnamed Rect: pos = array([-77.26477043,   1.46131242])
14.6350 	EXP 	unnamed Rect: pos = array([-77.26477043,   1.46131242])
14.6512 	EXP 	unnamed Rect: pos = array([-77.26477043,   1.46131242])
14.6681 	EXP 	unnamed Rect: pos = array([-77.26477043,   1.46131242])
14.6850 	EXP 	unnamed Rect: pos = array([-77.26477043,   1.46131242])
14.7018 	EXP 	unnamed Rect: pos = array([-77.26477043,   1.46131242])
14.7179 	EXP 	unnamed Rect: pos = array([-77.26477043,   1.46131242])
14.7345 	EXP 	unnamed Rect: pos = array([-77.26477043,   1.46131242])
14.7512 	EXP 	unnamed Rect: pos = array([-77.26477043,   1.46131242])
14.7680 	EXP 	unnamed Rect: pos = array([-77.26477043,   1.46131242])
14.7849 	EXP 	unnamed Rect: pos = array([-77.26477043,   1.46131242])
14.7856 	DATA 	Keypress: down
14.8013 	EXP 	unnamed Rect: pos = array([-77.26477043,  -8.53868758])
14.8173 	EXP 	unnamed Rect: pos = array([-77.26477043,  -8.53868758])
14.8344 	EXP 	unnamed Rect: pos = array([-77.26477043,  -8.53868758])
14.8508 	EXP 	unnamed Rect: pos = array([-77.26477043,  -8.53868758])
14.8675 	EXP 	unnamed Rect: pos = array([-77.26477043,  -8.53868758])
14.8850 	EXP 	unnamed Rect: pos = array([-77.26477043,  -8.53868758])
14.8856 	DATA 	Keypress: right
14.9019 	EXP 	unnamed Rect: pos = array([-67.26477043,  -8.53868758])
14.9176 	EXP 	unnamed Rect: pos = array([-67.26477043,  -8.53868758])
14.9343 	EXP 	unnamed Rect: pos = array([-67.26477043,  -8.53868758])
14.9512 	EXP 	unnamed Rect: pos = array([-67.26477043,  -8.53868758])
14.9673 	EXP 	unnamed Rect: pos = array([-67.26477043,  -8.53868758])
14.9847 	EXP 	unnamed Rect: pos = array([-67.26477043,  -8.53868758])
15.0012 	EXP 	unnamed Rect: pos = array([-67.26477043,  -8.53868758])
15.0176 	EXP 	unnamed Rect: pos = array([-67.26477043,  -8.53868758])
15.0345 	EXP 	unnamed Rect: pos = array([-67.26477043,  -8.53868758])
15.0518 	EXP 	unnamed Rect: pos = array([-67.26477043,  -8.53868758])
15.0679 	EXP 	unnamed Rect: pos = array([-67.26477043,  -8.53868758])
15.0720 	DATA 	Keypress: right
15.0852 	EXP 	unnamed Rect: pos = array([-67.26477043,  -8.53868758])
15.0965 	EXP 	Created unnamed TextStim = TextStim(__class__=<class 'psychopy.visual.text.TextStim'>, alignHoriz=method-wrapper(...), alignText='center', alignVert=method-wrapper(...), anchorHoriz='center', anchorVert='center', antialias=True, autoLog=True, bold=False, color=array([1., 1., 1.]), colorSpace='rgb', contrast=1.0, depth=0, flipHoriz=False, flipVert=False, font='', fontFiles=[], height=0.2, italic=False, languageStyle='LTR', name='unnamed TextStim', opacity=1.0, ori=0.0, pos=array([250., 250.]), rgb=UNKNOWN, text='Reward Captured', units='height', win=Window(...), wrapWidth=1)
15.1289 	EXP 	Created unnamed TextStim = TextStim(__class__=<class 'psychopy.visual.text.TextStim'>, alignHoriz=method-wrapper(...), alignText='center', alignVert=method-wrapper(...), anchorHoriz='center', anchorVert='center', antialias=True, autoLog=True, bold=False, color=array([1., 1., 1.]), colorSpace='rgb', contrast=1.0, depth=0, flipHoriz=False, flipVert=False, font='', fontFiles=[], height=0.2, italic=False, languageStyle='LTR', name='unnamed TextStim', opacity=1.0, ori=0.0, pos=array([250., 250.]), rgb=UNKNOWN, text='Reward Captured', units='height', win=Window(...), wrapWidth=1)
15.1351 	EXP 	unnamed Rect: pos = array([-57.26477043,  -8.53868758])
15.1521 	EXP 	unnamed Rect: pos = array([-57.26477043,  -8.53868758])
15.1681 	EXP 	unnamed Rect: pos = array([-57.26477043,  -8.53868758])
15.1845 	EXP 	unnamed Rect: pos = array([-57.26477043,  -8.53868758])
15.2012 	EXP 	unnamed Rect: pos = array([-57.26477043,  -8.53868758])
15.2178 	EXP 	unnamed Rect: pos = array([-57.26477043,  -8.53868758])
15.2341 	EXP 	unnamed Rect: pos = array([-57.26477043,  -8.53868758])
15.2507 	EXP 	unnamed Rect: pos = array([-57.26477043,  -8.53868758])
15.2538 	DATA 	Keypress: right
15.2679 	EXP 	unnamed Rect: pos = array([-57.26477043,  -8.53868758])
15.2849 	EXP 	unnamed Rect: pos = array([-47.26477043,  -8.53868758])
15.3012 	EXP 	unnamed Rect: pos = array([-47.26477043,  -8.53868758])
15.3173 	EXP 	unnamed Rect: pos = array([-47.26477043,  -8.53868758])
15.3342 	EXP 	unnamed Rect: pos = array([-47.26477043,  -8.53868758])
15.3511 	EXP 	unnamed Rect: pos = array([-47.26477043,  -8.53868758])
15.3680 	EXP 	unnamed Rect: pos = array([-47.26477043,  -8.53868758])
15.3842 	EXP 	unnamed Rect: pos = array([-47.26477043,  -8.53868758])
15.4019 	EXP 	unnamed Rect: pos = array([-47.26477043,  -8.53868758])
15.4179 	EXP 	unnamed Rect: pos = array([-47.26477043,  -8.53868758])
15.4347 	EXP 	unnamed Rect: pos = array([-47.26477043,  -8.53868758])
15.4512 	EXP 	unnamed Rect: pos = array([-47.26477043,  -8.53868758])
15.4679 	EXP 	unnamed Rect: pos = array([-47.26477043,  -8.53868758])
15.4844 	EXP 	unnamed Rect: pos = array([-47.26477043,  -8.53868758])
15.5009 	EXP 	unnamed Rect: pos = array([-47.26477043,  -8.53868758])
15.5176 	EXP 	unnamed Rect: pos = array([-47.26477043,  -8.53868758])
15.5345 	EXP 	unnamed Rect: pos = array([-47.26477043,  -8.53868758])
15.5511 	EXP 	unnamed Rect: pos = array([-47.26477043,  -8.53868758])
15.5676 	EXP 	unnamed Rect: pos = array([-47.26477043,  -8.53868758])
15.5846 	EXP 	unnamed Rect: pos = array([-47.26477043,  -8.53868758])
15.6013 	EXP 	unnamed Rect: pos = array([-47.26477043,  -8.53868758])
15.6181 	EXP 	unnamed Rect: pos = array([-47.26477043,  -8.53868758])
15.6348 	EXP 	unnamed Rect: pos = array([-47.26477043,  -8.53868758])
15.6390 	DATA 	Keypress: right
15.6522 	EXP 	unnamed Rect: pos = array([-47.26477043,  -8.53868758])
15.6678 	EXP 	unnamed Rect: pos = array([-37.26477043,  -8.53868758])
15.6843 	EXP 	unnamed Rect: pos = array([-37.26477043,  -8.53868758])
15.7010 	EXP 	unnamed Rect: pos = array([-37.26477043,  -8.53868758])
15.7176 	EXP 	unnamed Rect: pos = array([-37.26477043,  -8.53868758])
15.7348 	EXP 	unnamed Rect: pos = array([-37.26477043,  -8.53868758])
15.7511 	EXP 	unnamed Rect: pos = array([-37.26477043,  -8.53868758])
15.7678 	EXP 	unnamed Rect: pos = array([-37.26477043,  -8.53868758])
15.7854 	EXP 	unnamed Rect: pos = array([-37.26477043,  -8.53868758])
15.8014 	EXP 	unnamed Rect: pos = array([-37.26477043,  -8.53868758])
15.8188 	EXP 	unnamed Rect: pos = array([-37.26477043,  -8.53868758])
15.8195 	DATA 	Keypress: right
15.8346 	EXP 	unnamed Rect: pos = array([-27.26477043,  -8.53868758])
15.8511 	EXP 	unnamed Rect: pos = array([-27.26477043,  -8.53868758])
15.8678 	EXP 	unnamed Rect: pos = array([-27.26477043,  -8.53868758])
15.8850 	EXP 	unnamed Rect: pos = array([-27.26477043,  -8.53868758])
15.9013 	EXP 	unnamed Rect: pos = array([-27.26477043,  -8.53868758])
15.9179 	EXP 	unnamed Rect: pos = array([-27.26477043,  -8.53868758])
15.9347 	EXP 	unnamed Rect: pos = array([-27.26477043,  -8.53868758])
15.9514 	EXP 	unnamed Rect: pos = array([-27.26477043,  -8.53868758])
15.9690 	EXP 	unnamed Rect: pos = array([-27.26477043,  -8.53868758])
15.9697 	DATA 	Keypress: right
15.9848 	EXP 	unnamed Rect: pos = array([-17.26477043,  -8.53868758])
16.0012 	EXP 	unnamed Rect: pos = array([-17.26477043,  -8.53868758])
16.0182 	EXP 	unnamed Rect: pos = array([-17.26477043,  -8.53868758])
16.0354 	EXP 	unnamed Rect: pos = array([-17.26477043,  -8.53868758])
16.0513 	EXP 	unnamed Rect: pos = array([-17.26477043,  -8.53868758])
16.0676 	EXP 	unnamed Rect: pos = array([-17.26477043,  -8.53868758])
16.0845 	EXP 	unnamed Rect: pos = array([-17.26477043,  -8.53868758])
16.1014 	EXP 	unnamed Rect: pos = array([-17.26477043,  -8.53868758])
16.1189 	EXP 	unnamed Rect: pos = array([-17.26477043,  -8.53868758])
16.1196 	DATA 	Keypress: right
16.1349 	EXP 	unnamed Rect: pos = array([-7.26477043, -8.53868758])
16.1513 	EXP 	unnamed Rect: pos = array([-7.26477043, -8.53868758])
16.1691 	EXP 	unnamed Rect: pos = array([-7.26477043, -8.53868758])
16.1852 	EXP 	unnamed Rect: pos = array([-7.26477043, -8.53868758])
16.2013 	EXP 	unnamed Rect: pos = array([-7.26477043, -8.53868758])
16.2182 	EXP 	unnamed Rect: pos = array([-7.26477043, -8.53868758])
16.2345 	EXP 	unnamed Rect: pos = array([-7.26477043, -8.53868758])
16.2512 	EXP 	unnamed Rect: pos = array([-7.26477043, -8.53868758])
16.2684 	EXP 	unnamed Rect: pos = array([-7.26477043, -8.53868758])
16.2691 	DATA 	Keypress: right
16.2855 	EXP 	unnamed Rect: pos = array([ 2.73522957, -8.53868758])
16.3010 	EXP 	unnamed Rect: pos = array([ 2.73522957, -8.53868758])
16.3178 	EXP 	unnamed Rect: pos = array([ 2.73522957, -8.53868758])
16.3348 	EXP 	unnamed Rect: pos = array([ 2.73522957, -8.53868758])
16.3515 	EXP 	unnamed Rect: pos = array([ 2.73522957, -8.53868758])
16.3681 	EXP 	unnamed Rect: pos = array([ 2.73522957, -8.53868758])
16.3850 	EXP 	unnamed Rect: pos = array([ 2.73522957, -8.53868758])
16.4011 	EXP 	unnamed Rect: pos = array([ 2.73522957, -8.53868758])
16.4176 	EXP 	unnamed Rect: pos = array([ 2.73522957, -8.53868758])
16.4354 	EXP 	unnamed Rect: pos = array([ 2.73522957, -8.53868758])
16.4361 	DATA 	Keypress: right
16.4510 	EXP 	unnamed Rect: pos = array([12.73522957, -8.53868758])
16.4677 	EXP 	unnamed Rect: pos = array([12.73522957, -8.53868758])
16.4845 	EXP 	unnamed Rect: pos = array([12.73522957, -8.53868758])
16.5018 	EXP 	unnamed Rect: pos = array([12.73522957, -8.53868758])
16.5176 	EXP 	unnamed Rect: pos = array([12.73522957, -8.53868758])
16.5344 	EXP 	unnamed Rect: pos = array([12.73522957, -8.53868758])
16.5512 	EXP 	unnamed Rect: pos = array([12.73522957, -8.53868758])
16.5678 	EXP 	unnamed Rect: pos = array([12.73522957, -8.53868758])
16.5854 	EXP 	unnamed Rect: pos = array([12.73522957, -8.53868758])
16.5863 	DATA 	Keypress: right
16.6015 	EXP 	unnamed Rect: pos = array([22.73522957, -8.53868758])
16.6173 	EXP 	unnamed Rect: pos = array([22.73522957, -8.53868758])
16.6349 	EXP 	unnamed Rect: pos = array([22.73522957, -8.53868758])
16.6511 	EXP 	unnamed Rect: pos = array([22.73522957, -8.53868758])
16.6678 	EXP 	unnamed Rect: pos = array([22.73522957, -8.53868758])
16.6843 	EXP 	unnamed Rect: pos = array([22.73522957, -8.53868758])
16.7009 	EXP 	unnamed Rect: pos = array([22.73522957, -8.53868758])
16.7179 	EXP 	unnamed Rect: pos = array([22.73522957, -8.53868758])
16.7217 	DATA 	Keypress: down
16.7357 	EXP 	unnamed Rect: pos = array([22.73522957, -8.53868758])
16.7512 	EXP 	unnamed Rect: pos = array([ 22.73522957, -18.53868758])
16.7679 	EXP 	unnamed Rect: pos = array([ 22.73522957, -18.53868758])
16.7844 	EXP 	unnamed Rect: pos = array([ 22.73522957, -18.53868758])
16.8014 	EXP 	unnamed Rect: pos = array([ 22.73522957, -18.53868758])
16.8178 	EXP 	unnamed Rect: pos = array([ 22.73522957, -18.53868758])
16.8345 	EXP 	unnamed Rect: pos = array([ 22.73522957, -18.53868758])
16.8512 	EXP 	unnamed Rect: pos = array([ 22.73522957, -18.53868758])
16.8679 	EXP 	unnamed Rect: pos = array([ 22.73522957, -18.53868758])
16.8845 	EXP 	unnamed Rect: pos = array([ 22.73522957, -18.53868758])
16.9010 	EXP 	unnamed Rect: pos = array([ 22.73522957, -18.53868758])
16.9186 	EXP 	unnamed Rect: pos = array([ 22.73522957, -18.53868758])
16.9194 	DATA 	Keypress: right
16.9351 	EXP 	unnamed Rect: pos = array([ 32.73522957, -18.53868758])
16.9513 	EXP 	unnamed Rect: pos = array([ 32.73522957, -18.53868758])
16.9680 	EXP 	unnamed Rect: pos = array([ 32.73522957, -18.53868758])
16.9844 	EXP 	unnamed Rect: pos = array([ 32.73522957, -18.53868758])
17.0013 	EXP 	unnamed Rect: pos = array([ 32.73522957, -18.53868758])
17.0179 	EXP 	unnamed Rect: pos = array([ 32.73522957, -18.53868758])
17.0347 	EXP 	unnamed Rect: pos = array([ 32.73522957, -18.53868758])
17.0522 	EXP 	unnamed Rect: pos = array([ 32.73522957, -18.53868758])
17.0687 	EXP 	unnamed Rect: pos = array([ 32.73522957, -18.53868758])
17.0694 	DATA 	Keypress: right
17.0845 	EXP 	unnamed Rect: pos = array([ 42.73522957, -18.53868758])
17.1012 	EXP 	unnamed Rect: pos = array([ 42.73522957, -18.53868758])
17.1177 	EXP 	unnamed Rect: pos = array([ 42.73522957, -18.53868758])
17.1348 	EXP 	unnamed Rect: pos = array([ 42.73522957, -18.53868758])
17.1511 	EXP 	unnamed Rect: pos = array([ 42.73522957, -18.53868758])
17.1686 	EXP 	unnamed Rect: pos = array([ 42.73522957, -18.53868758])
17.1846 	EXP 	unnamed Rect: pos = array([ 42.73522957, -18.53868758])
17.2012 	EXP 	unnamed Rect: pos = array([ 42.73522957, -18.53868758])
17.2179 	EXP 	unnamed Rect: pos = array([ 42.73522957, -18.53868758])
17.2349 	EXP 	unnamed Rect: pos = array([ 42.73522957, -18.53868758])
17.2512 	EXP 	unnamed Rect: pos = array([ 42.73522957, -18.53868758])
17.2688 	EXP 	unnamed Rect: pos = array([ 42.73522957, -18.53868758])
17.2695 	DATA 	Keypress: right
17.2746 	EXP 	Created unnamed TextStim = TextStim(__class__=<class 'psychopy.visual.text.TextStim'>, alignHoriz=method-wrapper(...), alignText='center', alignVert=method-wrapper(...), anchorHoriz='center', anchorVert='center', antialias=True, autoLog=True, bold=False, color=array([1., 1., 1.]), colorSpace='rgb', contrast=1.0, depth=0, flipHoriz=False, flipVert=False, font='', fontFiles=[], height=0.2, italic=False, languageStyle='LTR', name='unnamed TextStim', opacity=1.0, ori=0.0, pos=array([250., 250.]), rgb=UNKNOWN, text='Reward Captured', units='height', win=Window(...), wrapWidth=1)
17.2842 	EXP 	unnamed Rect: pos = array([ 52.73522957, -18.53868758])
17.3012 	EXP 	unnamed Rect: pos = array([ 52.73522957, -18.53868758])
17.3183 	EXP 	unnamed Rect: pos = array([ 52.73522957, -18.53868758])
17.3343 	EXP 	unnamed Rect: pos = array([ 52.73522957, -18.53868758])
17.3513 	EXP 	unnamed Rect: pos = array([ 52.73522957, -18.53868758])
17.3682 	EXP 	unnamed Rect: pos = array([ 52.73522957, -18.53868758])
17.3839 	EXP 	unnamed Rect: pos = array([ 52.73522957, -18.53868758])
17.4004 	EXP 	unnamed Rect: pos = array([ 52.73522957, -18.53868758])
17.4172 	EXP 	unnamed Rect: pos = array([ 52.73522957, -18.53868758])
17.4178 	DATA 	Keypress: right
17.4338 	EXP 	unnamed Rect: pos = array([ 62.73522957, -18.53868758])
17.4511 	EXP 	unnamed Rect: pos = array([ 62.73522957, -18.53868758])
17.4677 	EXP 	unnamed Rect: pos = array([ 62.73522957, -18.53868758])
17.4845 	EXP 	unnamed Rect: pos = array([ 62.73522957, -18.53868758])
17.5016 	EXP 	unnamed Rect: pos = array([ 62.73522957, -18.53868758])
17.5177 	EXP 	unnamed Rect: pos = array([ 62.73522957, -18.53868758])
17.5344 	EXP 	unnamed Rect: pos = array([ 62.73522957, -18.53868758])
17.5510 	EXP 	unnamed Rect: pos = array([ 62.73522957, -18.53868758])
17.5672 	EXP 	unnamed Rect: pos = array([ 62.73522957, -18.53868758])
17.5840 	EXP 	unnamed Rect: pos = array([ 62.73522957, -18.53868758])
17.6011 	EXP 	unnamed Rect: pos = array([ 62.73522957, -18.53868758])
17.6209 	EXP 	unnamed Rect: pos = array([ 62.73522957, -18.53868758])
17.6343 	EXP 	unnamed Rect: pos = array([ 62.73522957, -18.53868758])
17.6508 	EXP 	unnamed Rect: pos = array([ 62.73522957, -18.53868758])
17.6676 	EXP 	unnamed Rect: pos = array([ 62.73522957, -18.53868758])
17.6848 	EXP 	unnamed Rect: pos = array([ 62.73522957, -18.53868758])
17.7009 	EXP 	unnamed Rect: pos = array([ 62.73522957, -18.53868758])
17.7180 	EXP 	unnamed Rect: pos = array([ 62.73522957, -18.53868758])
17.7342 	EXP 	unnamed Rect: pos = array([ 62.73522957, -18.53868758])
17.7509 	EXP 	unnamed Rect: pos = array([ 62.73522957, -18.53868758])
17.7683 	EXP 	unnamed Rect: pos = array([ 62.73522957, -18.53868758])
17.7849 	EXP 	unnamed Rect: pos = array([ 62.73522957, -18.53868758])
17.8019 	EXP 	unnamed Rect: pos = array([ 62.73522957, -18.53868758])
17.8178 	EXP 	unnamed Rect: pos = array([ 62.73522957, -18.53868758])
17.8351 	EXP 	unnamed Rect: pos = array([ 62.73522957, -18.53868758])
17.8511 	EXP 	unnamed Rect: pos = array([ 62.73522957, -18.53868758])
17.8679 	EXP 	unnamed Rect: pos = array([ 62.73522957, -18.53868758])
17.8848 	EXP 	unnamed Rect: pos = array([ 62.73522957, -18.53868758])
17.9011 	EXP 	unnamed Rect: pos = array([ 62.73522957, -18.53868758])
17.9178 	EXP 	unnamed Rect: pos = array([ 62.73522957, -18.53868758])
17.9346 	EXP 	unnamed Rect: pos = array([ 62.73522957, -18.53868758])
17.9510 	EXP 	unnamed Rect: pos = array([ 62.73522957, -18.53868758])
17.9677 	EXP 	unnamed Rect: pos = array([ 62.73522957, -18.53868758])
17.9846 	EXP 	unnamed Rect: pos = array([ 62.73522957, -18.53868758])
18.0012 	EXP 	unnamed Rect: pos = array([ 62.73522957, -18.53868758])
18.0177 	EXP 	unnamed Rect: pos = array([ 62.73522957, -18.53868758])
18.0345 	EXP 	unnamed Rect: pos = array([ 62.73522957, -18.53868758])
18.0512 	EXP 	unnamed Rect: pos = array([ 62.73522957, -18.53868758])
18.0679 	EXP 	unnamed Rect: pos = array([ 62.73522957, -18.53868758])
18.0847 	EXP 	unnamed Rect: pos = array([ 62.73522957, -18.53868758])
18.1014 	EXP 	unnamed Rect: pos = array([ 62.73522957, -18.53868758])
18.1180 	EXP 	unnamed Rect: pos = array([ 62.73522957, -18.53868758])
18.1350 	EXP 	unnamed Rect: pos = array([ 62.73522957, -18.53868758])
18.1516 	EXP 	unnamed Rect: pos = array([ 62.73522957, -18.53868758])
18.1684 	EXP 	unnamed Rect: pos = array([ 62.73522957, -18.53868758])
18.1846 	EXP 	unnamed Rect: pos = array([ 62.73522957, -18.53868758])
18.2020 	EXP 	unnamed Rect: pos = array([ 62.73522957, -18.53868758])
18.2179 	EXP 	unnamed Rect: pos = array([ 62.73522957, -18.53868758])
18.2350 	EXP 	unnamed Rect: pos = array([ 62.73522957, -18.53868758])
18.2512 	EXP 	unnamed Rect: pos = array([ 62.73522957, -18.53868758])
18.2680 	EXP 	unnamed Rect: pos = array([ 62.73522957, -18.53868758])
18.2853 	EXP 	unnamed Rect: pos = array([ 62.73522957, -18.53868758])
18.3014 	EXP 	unnamed Rect: pos = array([ 62.73522957, -18.53868758])
18.3182 	EXP 	unnamed Rect: pos = array([ 62.73522957, -18.53868758])
18.3346 	EXP 	unnamed Rect: pos = array([ 62.73522957, -18.53868758])
18.3516 	EXP 	unnamed Rect: pos = array([ 62.73522957, -18.53868758])
18.3680 	EXP 	unnamed Rect: pos = array([ 62.73522957, -18.53868758])
18.3846 	EXP 	unnamed Rect: pos = array([ 62.73522957, -18.53868758])
18.4017 	EXP 	unnamed Rect: pos = array([ 62.73522957, -18.53868758])
18.4180 	EXP 	unnamed Rect: pos = array([ 62.73522957, -18.53868758])
18.4349 	EXP 	unnamed Rect: pos = array([ 62.73522957, -18.53868758])
18.4511 	EXP 	unnamed Rect: pos = array([ 62.73522957, -18.53868758])
18.4684 	EXP 	unnamed Rect: pos = array([ 62.73522957, -18.53868758])
18.4846 	EXP 	unnamed Rect: pos = array([ 62.73522957, -18.53868758])
18.5012 	EXP 	unnamed Rect: pos = array([ 62.73522957, -18.53868758])
18.5183 	EXP 	unnamed Rect: pos = array([ 62.73522957, -18.53868758])
18.5346 	EXP 	unnamed Rect: pos = array([ 62.73522957, -18.53868758])
18.5524 	EXP 	unnamed Rect: pos = array([ 62.73522957, -18.53868758])
18.5690 	EXP 	unnamed Rect: pos = array([ 62.73522957, -18.53868758])
18.5859 	EXP 	unnamed Rect: pos = array([ 62.73522957, -18.53868758])
18.6013 	EXP 	unnamed Rect: pos = array([ 62.73522957, -18.53868758])
18.6212 	EXP 	unnamed Rect: pos = array([ 62.73522957, -18.53868758])
18.6349 	EXP 	unnamed Rect: pos = array([ 62.73522957, -18.53868758])
18.6511 	EXP 	unnamed Rect: pos = array([ 62.73522957, -18.53868758])
18.6678 	EXP 	unnamed Rect: pos = array([ 62.73522957, -18.53868758])
18.6845 	EXP 	unnamed Rect: pos = array([ 62.73522957, -18.53868758])
18.7014 	EXP 	unnamed Rect: pos = array([ 62.73522957, -18.53868758])
18.7180 	EXP 	unnamed Rect: pos = array([ 62.73522957, -18.53868758])
18.7347 	EXP 	unnamed Rect: pos = array([ 62.73522957, -18.53868758])
18.7513 	EXP 	unnamed Rect: pos = array([ 62.73522957, -18.53868758])
18.7682 	EXP 	unnamed Rect: pos = array([ 62.73522957, -18.53868758])
18.7846 	EXP 	unnamed Rect: pos = array([ 62.73522957, -18.53868758])
18.8013 	EXP 	unnamed Rect: pos = array([ 62.73522957, -18.53868758])
18.8177 	EXP 	unnamed Rect: pos = array([ 62.73522957, -18.53868758])
18.8345 	EXP 	unnamed Rect: pos = array([ 62.73522957, -18.53868758])
18.8510 	EXP 	unnamed Rect: pos = array([ 62.73522957, -18.53868758])
18.8682 	EXP 	unnamed Rect: pos = array([ 62.73522957, -18.53868758])
18.8846 	EXP 	unnamed Rect: pos = array([ 62.73522957, -18.53868758])
18.8884 	DATA 	Keypress: up
18.9021 	EXP 	unnamed Rect: pos = array([ 62.73522957, -18.53868758])
18.9180 	EXP 	unnamed Rect: pos = array([62.73522957, -8.53868758])
18.9349 	EXP 	unnamed Rect: pos = array([62.73522957, -8.53868758])
18.9511 	EXP 	unnamed Rect: pos = array([62.73522957, -8.53868758])
18.9679 	EXP 	unnamed Rect: pos = array([62.73522957, -8.53868758])
18.9846 	EXP 	unnamed Rect: pos = array([62.73522957, -8.53868758])
19.0012 	EXP 	unnamed Rect: pos = array([62.73522957, -8.53868758])
19.0197 	EXP 	unnamed Rect: pos = array([62.73522957, -8.53868758])
19.0342 	EXP 	unnamed Rect: pos = array([62.73522957, -8.53868758])
19.0518 	EXP 	unnamed Rect: pos = array([62.73522957, -8.53868758])
19.0677 	EXP 	unnamed Rect: pos = array([62.73522957, -8.53868758])
19.0845 	EXP 	unnamed Rect: pos = array([62.73522957, -8.53868758])
19.1015 	EXP 	unnamed Rect: pos = array([62.73522957, -8.53868758])
19.1180 	EXP 	unnamed Rect: pos = array([62.73522957, -8.53868758])
19.1346 	EXP 	unnamed Rect: pos = array([62.73522957, -8.53868758])
19.1513 	EXP 	unnamed Rect: pos = array([62.73522957, -8.53868758])
19.1682 	EXP 	unnamed Rect: pos = array([62.73522957, -8.53868758])
19.1843 	EXP 	unnamed Rect: pos = array([62.73522957, -8.53868758])
19.2012 	EXP 	unnamed Rect: pos = array([62.73522957, -8.53868758])
19.2178 	EXP 	unnamed Rect: pos = array([62.73522957, -8.53868758])
19.2354 	EXP 	unnamed Rect: pos = array([62.73522957, -8.53868758])
19.2519 	EXP 	unnamed Rect: pos = array([62.73522957, -8.53868758])
19.2679 	EXP 	unnamed Rect: pos = array([62.73522957, -8.53868758])
19.2847 	EXP 	unnamed Rect: pos = array([62.73522957, -8.53868758])
19.3011 	EXP 	unnamed Rect: pos = array([62.73522957, -8.53868758])
19.3177 	EXP 	unnamed Rect: pos = array([62.73522957, -8.53868758])
19.3346 	EXP 	unnamed Rect: pos = array([62.73522957, -8.53868758])
19.3514 	EXP 	unnamed Rect: pos = array([62.73522957, -8.53868758])
19.3680 	EXP 	unnamed Rect: pos = array([62.73522957, -8.53868758])
19.3846 	EXP 	unnamed Rect: pos = array([62.73522957, -8.53868758])
19.4020 	EXP 	unnamed Rect: pos = array([62.73522957, -8.53868758])
19.4180 	EXP 	unnamed Rect: pos = array([62.73522957, -8.53868758])
19.4347 	EXP 	unnamed Rect: pos = array([62.73522957, -8.53868758])
19.4512 	EXP 	unnamed Rect: pos = array([62.73522957, -8.53868758])
19.4680 	EXP 	unnamed Rect: pos = array([62.73522957, -8.53868758])
19.4860 	EXP 	unnamed Rect: pos = array([62.73522957, -8.53868758])
19.5015 	EXP 	unnamed Rect: pos = array([62.73522957, -8.53868758])
19.5180 	EXP 	unnamed Rect: pos = array([62.73522957, -8.53868758])
19.5345 	EXP 	unnamed Rect: pos = array([62.73522957, -8.53868758])
19.5512 	EXP 	unnamed Rect: pos = array([62.73522957, -8.53868758])
19.5680 	EXP 	unnamed Rect: pos = array([62.73522957, -8.53868758])
19.5849 	EXP 	unnamed Rect: pos = array([62.73522957, -8.53868758])
19.5858 	DATA 	Keypress: up
19.6016 	EXP 	unnamed Rect: pos = array([62.73522957,  1.46131242])
19.6179 	EXP 	unnamed Rect: pos = array([62.73522957,  1.46131242])
19.6348 	EXP 	unnamed Rect: pos = array([62.73522957,  1.46131242])
19.6518 	EXP 	unnamed Rect: pos = array([62.73522957,  1.46131242])
19.6691 	EXP 	unnamed Rect: pos = array([62.73522957,  1.46131242])
19.6849 	EXP 	unnamed Rect: pos = array([62.73522957,  1.46131242])
19.7015 	EXP 	unnamed Rect: pos = array([62.73522957,  1.46131242])
19.7183 	EXP 	unnamed Rect: pos = array([62.73522957,  1.46131242])
19.7346 	EXP 	unnamed Rect: pos = array([62.73522957,  1.46131242])
19.7514 	EXP 	unnamed Rect: pos = array([62.73522957,  1.46131242])
19.7693 	EXP 	unnamed Rect: pos = array([62.73522957,  1.46131242])
19.7701 	DATA 	Keypress: up
19.7854 	EXP 	unnamed Rect: pos = array([62.73522957, 11.46131242])
19.8015 	EXP 	unnamed Rect: pos = array([62.73522957, 11.46131242])
19.8188 	EXP 	unnamed Rect: pos = array([62.73522957, 11.46131242])
19.8346 	EXP 	unnamed Rect: pos = array([62.73522957, 11.46131242])
19.8512 	EXP 	unnamed Rect: pos = array([62.73522957, 11.46131242])
19.8680 	EXP 	unnamed Rect: pos = array([62.73522957, 11.46131242])
19.8852 	EXP 	unnamed Rect: pos = array([62.73522957, 11.46131242])
19.9011 	EXP 	unnamed Rect: pos = array([62.73522957, 11.46131242])
19.9183 	EXP 	unnamed Rect: pos = array([62.73522957, 11.46131242])
19.9191 	DATA 	Keypress: up
19.9348 	EXP 	unnamed Rect: pos = array([62.73522957, 21.46131242])
19.9513 	EXP 	unnamed Rect: pos = array([62.73522957, 21.46131242])
19.9680 	EXP 	unnamed Rect: pos = array([62.73522957, 21.46131242])
19.9858 	EXP 	unnamed Rect: pos = array([62.73522957, 21.46131242])
20.0013 	EXP 	unnamed Rect: pos = array([62.73522957, 21.46131242])
20.0179 	EXP 	unnamed Rect: pos = array([62.73522957, 21.46131242])
20.0348 	EXP 	unnamed Rect: pos = array([62.73522957, 21.46131242])
20.0513 	EXP 	unnamed Rect: pos = array([62.73522957, 21.46131242])
20.0682 	EXP 	unnamed Rect: pos = array([62.73522957, 21.46131242])
20.0845 	EXP 	unnamed Rect: pos = array([62.73522957, 21.46131242])
20.1014 	EXP 	unnamed Rect: pos = array([62.73522957, 21.46131242])
20.1023 	DATA 	Keypress: left
20.1182 	EXP 	unnamed Rect: pos = array([52.73522957, 21.46131242])
20.1344 	EXP 	unnamed Rect: pos = array([52.73522957, 21.46131242])
20.1511 	EXP 	unnamed Rect: pos = array([52.73522957, 21.46131242])
20.1684 	EXP 	unnamed Rect: pos = array([52.73522957, 21.46131242])
20.1853 	EXP 	unnamed Rect: pos = array([52.73522957, 21.46131242])
20.2014 	EXP 	unnamed Rect: pos = array([52.73522957, 21.46131242])
20.2183 	EXP 	unnamed Rect: pos = array([52.73522957, 21.46131242])
20.2347 	EXP 	unnamed Rect: pos = array([52.73522957, 21.46131242])
20.2512 	EXP 	unnamed Rect: pos = array([52.73522957, 21.46131242])
20.2679 	EXP 	unnamed Rect: pos = array([52.73522957, 21.46131242])
20.2851 	EXP 	unnamed Rect: pos = array([52.73522957, 21.46131242])
20.2860 	DATA 	Keypress: up
20.3016 	EXP 	unnamed Rect: pos = array([52.73522957, 31.46131242])
20.3182 	EXP 	unnamed Rect: pos = array([52.73522957, 31.46131242])
20.3347 	EXP 	unnamed Rect: pos = array([52.73522957, 31.46131242])
20.3516 	EXP 	unnamed Rect: pos = array([52.73522957, 31.46131242])
20.3679 	EXP 	unnamed Rect: pos = array([52.73522957, 31.46131242])
20.3848 	EXP 	unnamed Rect: pos = array([52.73522957, 31.46131242])
20.4022 	EXP 	unnamed Rect: pos = array([52.73522957, 31.46131242])
20.4179 	EXP 	unnamed Rect: pos = array([52.73522957, 31.46131242])
20.4346 	EXP 	unnamed Rect: pos = array([52.73522957, 31.46131242])
20.4513 	EXP 	unnamed Rect: pos = array([52.73522957, 31.46131242])
20.4684 	EXP 	unnamed Rect: pos = array([52.73522957, 31.46131242])
20.4692 	DATA 	Keypress: left
20.4853 	EXP 	unnamed Rect: pos = array([42.73522957, 31.46131242])
20.5015 	EXP 	unnamed Rect: pos = array([42.73522957, 31.46131242])
20.5179 	EXP 	unnamed Rect: pos = array([42.73522957, 31.46131242])
20.5351 	EXP 	unnamed Rect: pos = array([42.73522957, 31.46131242])
20.5523 	EXP 	unnamed Rect: pos = array([42.73522957, 31.46131242])
20.5531 	DATA 	Keypress: up
20.5680 	EXP 	unnamed Rect: pos = array([42.73522957, 41.46131242])
20.5845 	EXP 	unnamed Rect: pos = array([42.73522957, 41.46131242])
20.6013 	EXP 	unnamed Rect: pos = array([42.73522957, 41.46131242])
20.6186 	EXP 	unnamed Rect: pos = array([42.73522957, 41.46131242])
20.6346 	EXP 	unnamed Rect: pos = array([42.73522957, 41.46131242])
20.6521 	EXP 	unnamed Rect: pos = array([42.73522957, 41.46131242])
20.6564 	DATA 	Keypress: left
20.6688 	EXP 	unnamed Rect: pos = array([42.73522957, 41.46131242])
20.6847 	EXP 	unnamed Rect: pos = array([32.73522957, 41.46131242])
20.7013 	EXP 	unnamed Rect: pos = array([32.73522957, 41.46131242])
20.7185 	EXP 	unnamed Rect: pos = array([32.73522957, 41.46131242])
20.7352 	EXP 	unnamed Rect: pos = array([32.73522957, 41.46131242])
20.7515 	EXP 	unnamed Rect: pos = array([32.73522957, 41.46131242])
20.7690 	EXP 	unnamed Rect: pos = array([32.73522957, 41.46131242])
20.7698 	DATA 	Keypress: up
20.7846 	EXP 	unnamed Rect: pos = array([32.73522957, 51.46131242])
20.8014 	EXP 	unnamed Rect: pos = array([32.73522957, 51.46131242])
20.8179 	EXP 	unnamed Rect: pos = array([32.73522957, 51.46131242])
20.8344 	EXP 	unnamed Rect: pos = array([32.73522957, 51.46131242])
20.8518 	EXP 	unnamed Rect: pos = array([32.73522957, 51.46131242])
20.8689 	EXP 	unnamed Rect: pos = array([32.73522957, 51.46131242])
20.8733 	DATA 	Keypress: left
20.8854 	EXP 	unnamed Rect: pos = array([32.73522957, 51.46131242])
20.9010 	EXP 	unnamed Rect: pos = array([22.73522957, 51.46131242])
20.9179 	EXP 	unnamed Rect: pos = array([22.73522957, 51.46131242])
20.9355 	EXP 	unnamed Rect: pos = array([22.73522957, 51.46131242])
20.9513 	EXP 	unnamed Rect: pos = array([22.73522957, 51.46131242])
20.9687 	EXP 	unnamed Rect: pos = array([22.73522957, 51.46131242])
20.9694 	DATA 	Keypress: up
20.9847 	EXP 	unnamed Rect: pos = array([22.73522957, 61.46131242])
21.0013 	EXP 	unnamed Rect: pos = array([22.73522957, 61.46131242])
21.0179 	EXP 	unnamed Rect: pos = array([22.73522957, 61.46131242])
21.0349 	EXP 	unnamed Rect: pos = array([22.73522957, 61.46131242])
21.0522 	EXP 	unnamed Rect: pos = array([22.73522957, 61.46131242])
21.0690 	EXP 	unnamed Rect: pos = array([22.73522957, 61.46131242])
21.0698 	DATA 	Keypress: left
21.0847 	EXP 	unnamed Rect: pos = array([12.73522957, 61.46131242])
21.1013 	EXP 	unnamed Rect: pos = array([12.73522957, 61.46131242])
21.1180 	EXP 	unnamed Rect: pos = array([12.73522957, 61.46131242])
21.1358 	EXP 	unnamed Rect: pos = array([12.73522957, 61.46131242])
21.1516 	EXP 	unnamed Rect: pos = array([12.73522957, 61.46131242])
21.1690 	EXP 	unnamed Rect: pos = array([12.73522957, 61.46131242])
21.1697 	DATA 	Keypress: up
21.1849 	EXP 	unnamed Rect: pos = array([12.73522957, 71.46131242])
21.2011 	EXP 	unnamed Rect: pos = array([12.73522957, 71.46131242])
21.2178 	EXP 	unnamed Rect: pos = array([12.73522957, 71.46131242])
21.2348 	EXP 	unnamed Rect: pos = array([12.73522957, 71.46131242])
21.2522 	EXP 	unnamed Rect: pos = array([12.73522957, 71.46131242])
21.2681 	EXP 	unnamed Rect: pos = array([12.73522957, 71.46131242])
21.2721 	DATA 	Keypress: left
21.2854 	EXP 	unnamed Rect: pos = array([12.73522957, 71.46131242])
21.3011 	EXP 	unnamed Rect: pos = array([ 2.73522957, 71.46131242])
21.3183 	EXP 	unnamed Rect: pos = array([ 2.73522957, 71.46131242])
21.3357 	EXP 	unnamed Rect: pos = array([ 2.73522957, 71.46131242])
21.3513 	EXP 	unnamed Rect: pos = array([ 2.73522957, 71.46131242])
21.3682 	EXP 	unnamed Rect: pos = array([ 2.73522957, 71.46131242])
21.3690 	DATA 	Keypress: up
21.3848 	EXP 	unnamed Rect: pos = array([ 2.73522957, 81.46131242])
21.4012 	EXP 	unnamed Rect: pos = array([ 2.73522957, 81.46131242])
21.4179 	EXP 	unnamed Rect: pos = array([ 2.73522957, 81.46131242])
21.4354 	EXP 	unnamed Rect: pos = array([ 2.73522957, 81.46131242])
21.4510 	EXP 	unnamed Rect: pos = array([ 2.73522957, 81.46131242])
21.4678 	EXP 	unnamed Rect: pos = array([ 2.73522957, 81.46131242])
21.4687 	DATA 	Keypress: left
21.4853 	EXP 	unnamed Rect: pos = array([-7.26477043, 81.46131242])
21.5013 	EXP 	unnamed Rect: pos = array([-7.26477043, 81.46131242])
21.5180 	EXP 	unnamed Rect: pos = array([-7.26477043, 81.46131242])
21.5342 	EXP 	unnamed Rect: pos = array([-7.26477043, 81.46131242])
21.5350 	DATA 	Keypress: up
21.5519 	EXP 	unnamed Rect: pos = array([-7.26477043, 91.46131242])
21.5680 	EXP 	unnamed Rect: pos = array([-7.26477043, 91.46131242])
21.5846 	EXP 	unnamed Rect: pos = array([-7.26477043, 91.46131242])
21.6013 	EXP 	unnamed Rect: pos = array([-7.26477043, 91.46131242])
21.6179 	EXP 	unnamed Rect: pos = array([-7.26477043, 91.46131242])
21.6353 	EXP 	unnamed Rect: pos = array([-7.26477043, 91.46131242])
21.6516 	EXP 	unnamed Rect: pos = array([-7.26477043, 91.46131242])
21.6680 	EXP 	unnamed Rect: pos = array([-7.26477043, 91.46131242])
21.6847 	EXP 	unnamed Rect: pos = array([-7.26477043, 91.46131242])
21.7014 	EXP 	unnamed Rect: pos = array([-7.26477043, 91.46131242])
21.7179 	EXP 	unnamed Rect: pos = array([-7.26477043, 91.46131242])
21.7347 	EXP 	unnamed Rect: pos = array([-7.26477043, 91.46131242])
21.7517 	EXP 	unnamed Rect: pos = array([-7.26477043, 91.46131242])
21.7680 	EXP 	unnamed Rect: pos = array([-7.26477043, 91.46131242])
21.7845 	EXP 	unnamed Rect: pos = array([-7.26477043, 91.46131242])
21.8017 	EXP 	unnamed Rect: pos = array([-7.26477043, 91.46131242])
21.8181 	EXP 	unnamed Rect: pos = array([-7.26477043, 91.46131242])
21.8346 	EXP 	unnamed Rect: pos = array([-7.26477043, 91.46131242])
21.8516 	EXP 	unnamed Rect: pos = array([-7.26477043, 91.46131242])
21.8682 	EXP 	unnamed Rect: pos = array([-7.26477043, 91.46131242])
21.8848 	EXP 	unnamed Rect: pos = array([-7.26477043, 91.46131242])
21.9014 	EXP 	text: autoDraw = True
22.5731 	DATA 	Keypress: space
22.9222 	DATA 	Keypress: space
23.4559 	DATA 	Keypress: space
23.6556 	DATA 	Keypress: space
23.8390 	DATA 	Keypress: space
24.8858 	EXP 	New trial (rep=1, index=0): None
24.9025 	EXP 	text: autoDraw = False
24.9025 	EXP 	text: autoDraw = False
24.9025 	EXP 	Welcometext: autoDraw = True
26.3715 	EXP 	Created unnamed Rect = Rect(__class__=<class 'psychopy.visual.rect.Rect'>, autoDraw=False, autoLog=True, closeShape=True, color=method-wrapper(...), colorSpace='rgb', contrast=None, depth=0, fillColor=array([ 1, -1, -1]), fillColorSpace='rgb', fillRGB=array([ 1, -1, -1]), interpolate=True, lineColor=array([-1., -1.,  1.]), lineColorSpace='rgb', lineRGB=array([-1, -1,  1]), lineWidth=1.5, name='unnamed Rect', opacity=1, ori=0.0, pos=array([0., 0.]), size=array([1000.,  700.]), units='pix', vertices=ndarray(...), win=Window(...))
26.3741 	EXP 	Created unnamed Rect = Rect(__class__=<class 'psychopy.visual.rect.Rect'>, autoDraw=False, autoLog=True, closeShape=True, color=method-wrapper(...), colorSpace='rgb', contrast=None, depth=0, fillColor=array([-1, -1, -1]), fillColorSpace='rgb', fillRGB=array([-1, -1, -1]), interpolate=True, lineColor=array([-1., -1.,  1.]), lineColorSpace='rgb', lineRGB=array([-1, -1,  1]), lineWidth=1.5, name='unnamed Rect', opacity=1, ori=0.0, pos=array([0., 0.]), size=array([400., 600.]), units='pix', vertices=ndarray(...), win=Window(...))
26.3766 	EXP 	Created unnamed Rect = Rect(__class__=<class 'psychopy.visual.rect.Rect'>, autoDraw=False, autoLog=True, closeShape=True, color=method-wrapper(...), colorSpace='rgb', contrast=None, depth=0, fillColor=array([-1, -1, -1]), fillColorSpace='rgb', fillRGB=array([-1, -1, -1]), interpolate=True, lineColor=array([-1., -1.,  1.]), lineColorSpace='rgb', lineRGB=array([-1, -1,  1]), lineWidth=1.5, name='unnamed Rect', opacity=1, ori=0.0, pos=array([0., 0.]), size=array([400., 600.]), units='pix', vertices=ndarray(...), win=Window(...))
26.3801 	EXP 	Created unnamed Rect = Rect(__class__=<class 'psychopy.visual.rect.Rect'>, autoDraw=False, autoLog=True, closeShape=True, color=method-wrapper(...), colorSpace='rgb', contrast=None, depth=0, fillColor=array([ 1,  1, -1]), fillColorSpace='rgb', fillRGB=array([ 1,  1, -1]), interpolate=True, lineColor=array([0., 0., 0.]), lineColorSpace='rgb', lineRGB=array([0, 0, 0]), lineWidth=1.5, name='unnamed Rect', opacity=0.5, ori=0.0, pos=array([0., 0.]), size=array([30., 30.]), units='pix', vertices=ndarray(...), win=Window(...))
26.3830 	EXP 	Created unnamed Rect = Rect(__class__=<class 'psychopy.visual.rect.Rect'>, autoDraw=False, autoLog=True, closeShape=True, color=method-wrapper(...), colorSpace='rgb', contrast=None, depth=0, fillColor=array([ 1,  1, -1]), fillColorSpace='rgb', fillRGB=array([ 1,  1, -1]), interpolate=True, lineColor=array([0., 0., 0.]), lineColorSpace='rgb', lineRGB=array([0, 0, 0]), lineWidth=1.5, name='unnamed Rect', opacity=0.5, ori=0.0, pos=array([0., 0.]), size=array([30., 30.]), units='pix', vertices=ndarray(...), win=Window(...))
26.3857 	EXP 	Created unnamed Rect = Rect(__class__=<class 'psychopy.visual.rect.Rect'>, autoDraw=False, autoLog=True, closeShape=True, color=method-wrapper(...), colorSpace='rgb', contrast=None, depth=0, fillColor=array([ 1,  1, -1]), fillColorSpace='rgb', fillRGB=array([ 1,  1, -1]), interpolate=True, lineColor=array([0., 0., 0.]), lineColorSpace='rgb', lineRGB=array([0, 0, 0]), lineWidth=1.5, name='unnamed Rect', opacity=0.5, ori=0.0, pos=array([0., 0.]), size=array([30., 30.]), units='pix', vertices=ndarray(...), win=Window(...))
26.3884 	EXP 	Created unnamed Rect = Rect(__class__=<class 'psychopy.visual.rect.Rect'>, autoDraw=False, autoLog=True, closeShape=True, color=method-wrapper(...), colorSpace='rgb', contrast=None, depth=0, fillColor=array([ 1,  1, -1]), fillColorSpace='rgb', fillRGB=array([ 1,  1, -1]), interpolate=True, lineColor=array([0., 0., 0.]), lineColorSpace='rgb', lineRGB=array([0, 0, 0]), lineWidth=1.5, name='unnamed Rect', opacity=0.5, ori=0.0, pos=array([0., 0.]), size=array([30., 30.]), units='pix', vertices=ndarray(...), win=Window(...))
26.3910 	EXP 	Created unnamed Rect = Rect(__class__=<class 'psychopy.visual.rect.Rect'>, autoDraw=False, autoLog=True, closeShape=True, color=method-wrapper(...), colorSpace='rgb', contrast=None, depth=0, fillColor=array([ 1,  1, -1]), fillColorSpace='rgb', fillRGB=array([ 1,  1, -1]), interpolate=True, lineColor=array([0., 0., 0.]), lineColorSpace='rgb', lineRGB=array([0, 0, 0]), lineWidth=1.5, name='unnamed Rect', opacity=0.5, ori=0.0, pos=array([0., 0.]), size=array([30., 30.]), units='pix', vertices=ndarray(...), win=Window(...))
26.3936 	EXP 	Created unnamed Rect = Rect(__class__=<class 'psychopy.visual.rect.Rect'>, autoDraw=False, autoLog=True, closeShape=True, color=method-wrapper(...), colorSpace='rgb', contrast=None, depth=0, fillColor=array([ 1,  1, -1]), fillColorSpace='rgb', fillRGB=array([ 1,  1, -1]), interpolate=True, lineColor=array([0., 0., 0.]), lineColorSpace='rgb', lineRGB=array([0, 0, 0]), lineWidth=1.5, name='unnamed Rect', opacity=0.5, ori=0.0, pos=array([0., 0.]), size=array([30., 30.]), units='pix', vertices=ndarray(...), win=Window(...))
26.4253 	EXP 	Created unnamed ImageStim = ImageStim(__class__=<class 'psychopy.visual.image.ImageStim'>, autoLog=True, color=array([1., 1., 1.]), colorSpace='rgb', contrast=1.0, depth=0, flipHoriz=False, flipVert=False, image='tree.png', interpolate=False, mask=None, maskParams=None, name='unnamed ImageStim', opacity=1, ori=0.0, pos=array([0., 0.]), size=array([512, 512]), texRes=128, units='pix', win=Window(...))
26.4478 	EXP 	Created unnamed ImageStim = ImageStim(__class__=<class 'psychopy.visual.image.ImageStim'>, autoLog=True, color=array([1., 1., 1.]), colorSpace='rgb', contrast=1.0, depth=0, flipHoriz=False, flipVert=False, image='tree.png', interpolate=False, mask=None, maskParams=None, name='unnamed ImageStim', opacity=1, ori=0.0, pos=array([0., 0.]), size=array([512, 512]), texRes=128, units='pix', win=Window(...))
26.4669 	EXP 	Created unnamed ImageStim = ImageStim(__class__=<class 'psychopy.visual.image.ImageStim'>, autoLog=True, color=array([1., 1., 1.]), colorSpace='rgb', contrast=1.0, depth=0, flipHoriz=False, flipVert=False, image='tree.png', interpolate=False, mask=None, maskParams=None, name='unnamed ImageStim', opacity=1, ori=0.0, pos=array([0., 0.]), size=array([512, 512]), texRes=128, units='pix', win=Window(...))
26.4847 	EXP 	Created unnamed ImageStim = ImageStim(__class__=<class 'psychopy.visual.image.ImageStim'>, autoLog=True, color=array([1., 1., 1.]), colorSpace='rgb', contrast=1.0, depth=0, flipHoriz=False, flipVert=False, image='tree.png', interpolate=False, mask=None, maskParams=None, name='unnamed ImageStim', opacity=1, ori=0.0, pos=array([0., 0.]), size=array([512, 512]), texRes=128, units='pix', win=Window(...))
26.5021 	EXP 	Created unnamed ImageStim = ImageStim(__class__=<class 'psychopy.visual.image.ImageStim'>, autoLog=True, color=array([1., 1., 1.]), colorSpace='rgb', contrast=1.0, depth=0, flipHoriz=False, flipVert=False, image='tree.png', interpolate=False, mask=None, maskParams=None, name='unnamed ImageStim', opacity=1, ori=0.0, pos=array([0., 0.]), size=array([512, 512]), texRes=128, units='pix', win=Window(...))
26.5194 	EXP 	Created unnamed ImageStim = ImageStim(__class__=<class 'psychopy.visual.image.ImageStim'>, autoLog=True, color=array([1., 1., 1.]), colorSpace='rgb', contrast=1.0, depth=0, flipHoriz=False, flipVert=False, image='tree.png', interpolate=False, mask=None, maskParams=None, name='unnamed ImageStim', opacity=1, ori=0.0, pos=array([0., 0.]), size=array([512, 512]), texRes=128, units='pix', win=Window(...))
26.5367 	EXP 	Created unnamed ImageStim = ImageStim(__class__=<class 'psychopy.visual.image.ImageStim'>, autoLog=True, color=array([1., 1., 1.]), colorSpace='rgb', contrast=1.0, depth=0, flipHoriz=False, flipVert=False, image='tree.png', interpolate=False, mask=None, maskParams=None, name='unnamed ImageStim', opacity=1, ori=0.0, pos=array([0., 0.]), size=array([512, 512]), texRes=128, units='pix', win=Window(...))
26.5541 	EXP 	Created unnamed ImageStim = ImageStim(__class__=<class 'psychopy.visual.image.ImageStim'>, autoLog=True, color=array([1., 1., 1.]), colorSpace='rgb', contrast=1.0, depth=0, flipHoriz=False, flipVert=False, image='tree.png', interpolate=False, mask=None, maskParams=None, name='unnamed ImageStim', opacity=1, ori=0.0, pos=array([0., 0.]), size=array([512, 512]), texRes=128, units='pix', win=Window(...))
26.5714 	EXP 	Created unnamed ImageStim = ImageStim(__class__=<class 'psychopy.visual.image.ImageStim'>, autoLog=True, color=array([1., 1., 1.]), colorSpace='rgb', contrast=1.0, depth=0, flipHoriz=False, flipVert=False, image='tree.png', interpolate=False, mask=None, maskParams=None, name='unnamed ImageStim', opacity=1, ori=0.0, pos=array([0., 0.]), size=array([512, 512]), texRes=128, units='pix', win=Window(...))
26.5887 	EXP 	Created unnamed ImageStim = ImageStim(__class__=<class 'psychopy.visual.image.ImageStim'>, autoLog=True, color=array([1., 1., 1.]), colorSpace='rgb', contrast=1.0, depth=0, flipHoriz=False, flipVert=False, image='tree.png', interpolate=False, mask=None, maskParams=None, name='unnamed ImageStim', opacity=1, ori=0.0, pos=array([0., 0.]), size=array([512, 512]), texRes=128, units='pix', win=Window(...))
26.6061 	EXP 	Created unnamed ImageStim = ImageStim(__class__=<class 'psychopy.visual.image.ImageStim'>, autoLog=True, color=array([1., 1., 1.]), colorSpace='rgb', contrast=1.0, depth=0, flipHoriz=False, flipVert=False, image='tree.png', interpolate=False, mask=None, maskParams=None, name='unnamed ImageStim', opacity=1, ori=0.0, pos=array([0., 0.]), size=array([512, 512]), texRes=128, units='pix', win=Window(...))
26.6234 	EXP 	Created unnamed ImageStim = ImageStim(__class__=<class 'psychopy.visual.image.ImageStim'>, autoLog=True, color=array([1., 1., 1.]), colorSpace='rgb', contrast=1.0, depth=0, flipHoriz=False, flipVert=False, image='tree.png', interpolate=False, mask=None, maskParams=None, name='unnamed ImageStim', opacity=1, ori=0.0, pos=array([0., 0.]), size=array([512, 512]), texRes=128, units='pix', win=Window(...))
26.6408 	EXP 	Created unnamed ImageStim = ImageStim(__class__=<class 'psychopy.visual.image.ImageStim'>, autoLog=True, color=array([1., 1., 1.]), colorSpace='rgb', contrast=1.0, depth=0, flipHoriz=False, flipVert=False, image='tree.png', interpolate=False, mask=None, maskParams=None, name='unnamed ImageStim', opacity=1, ori=0.0, pos=array([0., 0.]), size=array([512, 512]), texRes=128, units='pix', win=Window(...))
26.6585 	EXP 	Created unnamed ImageStim = ImageStim(__class__=<class 'psychopy.visual.image.ImageStim'>, autoLog=True, color=array([1., 1., 1.]), colorSpace='rgb', contrast=1.0, depth=0, flipHoriz=False, flipVert=False, image='tree.png', interpolate=False, mask=None, maskParams=None, name='unnamed ImageStim', opacity=1, ori=0.0, pos=array([0., 0.]), size=array([512, 512]), texRes=128, units='pix', win=Window(...))
26.6758 	EXP 	Created unnamed ImageStim = ImageStim(__class__=<class 'psychopy.visual.image.ImageStim'>, autoLog=True, color=array([1., 1., 1.]), colorSpace='rgb', contrast=1.0, depth=0, flipHoriz=False, flipVert=False, image='tree.png', interpolate=False, mask=None, maskParams=None, name='unnamed ImageStim', opacity=1, ori=0.0, pos=array([0., 0.]), size=array([512, 512]), texRes=128, units='pix', win=Window(...))
26.6823 	DATA 	Keypress: space
26.6883 	EXP 	Welcometext: autoDraw = False
26.6883 	EXP 	unnamed Rect: pos = [-250, 0]
26.6883 	EXP 	unnamed Rect: pos = [250, 0]
26.6883 	EXP 	unnamed Rect: pos = [-85.1887280361907, -249.4428315332598]
26.6883 	EXP 	unnamed Rect: pos = [-146.33043178030823, 212.3728472354163]
26.6883 	EXP 	unnamed Rect: pos = [-353.07264457190644, -228.70715794057375]
26.6883 	EXP 	unnamed Rect: pos = [-323.72607124761635, 231.5858652814194]
26.6883 	EXP 	unnamed Rect: pos = [-72.66511118656649, -279.04666097426383]
26.6883 	EXP 	unnamed Rect: pos = [335.252907313251, 204.73489596134226]
26.6883 	EXP 	unnamed ImageStim: size = [51.2, 51.2]
26.6883 	EXP 	unnamed ImageStim: size = [51.2, 51.2]
26.6883 	EXP 	unnamed ImageStim: size = [51.2, 51.2]
26.6883 	EXP 	unnamed ImageStim: size = [51.2, 51.2]
26.6883 	EXP 	unnamed ImageStim: size = [51.2, 51.2]
26.6883 	EXP 	unnamed ImageStim: size = [51.2, 51.2]
26.6883 	EXP 	unnamed ImageStim: size = [51.2, 51.2]
26.6883 	EXP 	unnamed ImageStim: size = [51.2, 51.2]
26.6883 	EXP 	unnamed ImageStim: size = [51.2, 51.2]
26.6883 	EXP 	unnamed ImageStim: size = [51.2, 51.2]
26.6883 	EXP 	unnamed ImageStim: size = [51.2, 51.2]
26.6883 	EXP 	unnamed ImageStim: size = [51.2, 51.2]
26.6883 	EXP 	unnamed ImageStim: size = [51.2, 51.2]
26.6883 	EXP 	unnamed ImageStim: size = [51.2, 51.2]
26.6883 	EXP 	unnamed ImageStim: size = [51.2, 51.2]
26.6883 	EXP 	unnamed ImageStim: pos = [97.54502212168043, 34.225962615528395]
26.6883 	EXP 	unnamed ImageStim: pos = [39.46428112587403, 122.18322465368894]
26.6883 	EXP 	unnamed ImageStim: pos = [46.92980198211373, -230.48371534587918]
26.6883 	EXP 	unnamed ImageStim: pos = [19.611335506135212, -171.71928489932012]
26.6883 	EXP 	unnamed ImageStim: pos = [128.44301159967154, 2.2111335645134558]
26.6883 	EXP 	unnamed ImageStim: pos = [-79.24146609963746, 142.76122680217992]
26.6883 	EXP 	unnamed ImageStim: pos = [87.78492956478804, -152.14226049224033]
26.6883 	EXP 	unnamed ImageStim: pos = [4.17445081607197, -107.89653996018774]
26.6883 	EXP 	unnamed ImageStim: pos = [-7.748159209216623, -84.31177287916279]
26.6883 	EXP 	unnamed ImageStim: pos = [-52.336417610625716, -25.298793713281647]
26.6883 	EXP 	unnamed ImageStim: pos = [-152.45497787831957, 34.225962615528395]
26.6883 	EXP 	unnamed ImageStim: pos = [347.5450221216804, 34.225962615528395]
26.6883 	EXP 	unnamed ImageStim: pos = [-210.53571887412596, 122.18322465368894]
26.6883 	EXP 	unnamed ImageStim: pos = [289.46428112587404, 122.18322465368894]
26.6883 	EXP 	unnamed ImageStim: pos = [-203.07019801788627, -230.48371534587918]
26.6883 	EXP 	unnamed ImageStim: pos = [296.92980198211376, -230.48371534587918]
26.6883 	EXP 	unnamed ImageStim: pos = [-230.38866449386478, -171.71928489932012]
26.6883 	EXP 	unnamed ImageStim: pos = [269.6113355061352, -171.71928489932012]
26.6883 	EXP 	unnamed ImageStim: pos = [-121.55698840032846, 2.2111335645134558]
26.6883 	EXP 	unnamed ImageStim: pos = [378.44301159967154, 2.2111335645134558]
26.6883 	EXP 	unnamed ImageStim: pos = [-329.2414660996375, 142.76122680217992]
26.6883 	EXP 	unnamed ImageStim: pos = [170.75853390036252, 142.76122680217992]
26.6883 	EXP 	unnamed ImageStim: pos = [-162.21507043521194, -152.14226049224033]
26.6883 	EXP 	unnamed ImageStim: pos = [337.78492956478806, -152.14226049224033]
26.6883 	EXP 	unnamed ImageStim: pos = [-245.82554918392802, -107.89653996018774]
26.6883 	EXP 	unnamed ImageStim: pos = [254.17445081607198, -107.89653996018774]
26.6883 	EXP 	unnamed ImageStim: pos = [-257.7481592092166, -84.31177287916279]
26.6883 	EXP 	unnamed ImageStim: pos = [242.25184079078338, -84.31177287916279]
26.6883 	EXP 	unnamed ImageStim: pos = [-302.33641761062574, -25.298793713281647]
26.6883 	EXP 	unnamed ImageStim: pos = [197.66358238937428, -25.298793713281647]
26.8061 	DATA 	Keypress: escape
27.9064 	DATA 	Keypress: space
30.4557 	DATA 	Mouse: Left button down, pos=(486,495)
30.6058 	DATA 	Mouse:  Left button up, pos=(486,495)
31.1559 	DATA 	Keypress: escape
31.3395 	DATA 	Keypress: escape
31.7018 	EXP 	window1: mouseVisible = True
