0.5201 	WARNING 	We strongly recommend you activate the PTB sound engine in PsychoPy prefs as the preferred audio engine. Its timing is vastly superior. Your prefs are currently set to use ['sounddevice', 'PTB', 'pyo', 'pygame'] (in that order).
4.0606 	ERROR 	'-1.0000, -1.0000, -1.0000' is not a valid rgb color
4.5971 	EXP 	Created window1 = Window(allowGUI=False, allowStencil=False, autoLog=True, backendConf=UNKNOWN, bitsMode=UNKNOWN, blendMode='avg', bpc=(8, 8, 8), color=array([0, 0, 0]), colorSpace='rgb', depthBits=8, fullscr=<method-wrapper '__getattribute__' of attributeSetter object at 0x7fae76293a20>, gamma=None, gammaErrorPolicy='raise', lms=UNKNOWN, monitor=<psychopy.monitors.calibTools.Monitor object at 0x7fae753843c8>, multiSample=False, name='window1', numSamples=2, pos=[360.0, 225.0], screen=0, size=array([2880, 1800]), stencilBits=0, stereo=False, units='height', useFBO=True, useRetina=True, viewOri=0.0, viewPos=None, viewScale=None, waitBlanking=True, winType='pyglet')
4.5973 	EXP 	window1: mouseVisible = True
4.5974 	EXP 	window1: recordFrameIntervals = False
4.7637 	EXP 	window1: recordFrameIntervals = True
4.9474 	EXP 	window1: recordFrameIntervals = False
5.5231 	DEPRECATION 	'1.0000, 1.0000, 1.0000' is not a valid rgb color
5.5476 	EXP 	Created Welcometext = TextStim(__class__=<class 'psychopy.visual.text.TextStim'>, alignHoriz=method-wrapper(...), alignText='center', alignVert=method-wrapper(...), anchorHoriz='center', anchorVert='center', antialias=True, autoLog=True, bold=False, color=array([0., 0., 0.]), colorSpace='rgb', contrast=1.0, depth=0.0, flipHoriz=False, flipVert=False, font='Open Sans', fontFiles=[], height=0.05, italic=False, languageStyle='LTR', name='Welcometext', opacity=0, ori=0.0, pos=array([0., 0.]), rgb=UNKNOWN, text='Welcome\nPlease press Spacebar to start', units='height', win=Window(...), wrapWidth=1)
5.9062 	EXP 	Created text = TextStim(__class__=<class 'psychopy.visual.text.TextStim'>, alignHoriz=method-wrapper(...), alignText='center', alignVert=method-wrapper(...), anchorHoriz='center', anchorVert='center', antialias=True, autoLog=True, bold=False, color=array([1., 1., 1.]), colorSpace='rgb', contrast=1.0, depth=0.0, flipHoriz=False, flipVert=False, font='Open Sans', fontFiles=[], height=0.05, italic=False, languageStyle='LTR', name='text', opacity=1, ori=0.0, pos=array([0., 0.]), rgb=UNKNOWN, text=str(...), units='height', win=Window(...), wrapWidth=1)
5.9067 	EXP 	Created sequence: random, trialTypes=1, nReps=5, seed=None
5.9069 	EXP 	New trial (rep=0, index=0): None
5.9127 	EXP 	Welcometext: autoDraw = True
6.6864 	EXP 	Created unnamed Rect = Rect(__class__=<class 'psychopy.visual.rect.Rect'>, autoDraw=False, autoLog=True, closeShape=True, color=method-wrapper(...), colorSpace='rgb', contrast=None, depth=0, fillColor=array([ 1, -1, -1]), fillColorSpace='rgb', fillRGB=array([ 1, -1, -1]), interpolate=True, lineColor=array([-1., -1.,  1.]), lineColorSpace='rgb', lineRGB=array([-1, -1,  1]), lineWidth=1.5, name='unnamed Rect', opacity=1, ori=0.0, pos=array([0., 0.]), size=array([1000.,  700.]), units='pix', vertices=ndarray(...), win=Window(...))
6.6890 	EXP 	Created unnamed Rect = Rect(__class__=<class 'psychopy.visual.rect.Rect'>, autoDraw=False, autoLog=True, closeShape=True, color=method-wrapper(...), colorSpace='rgb', contrast=None, depth=0, fillColor=array([-1, -1, -1]), fillColorSpace='rgb', fillRGB=array([-1, -1, -1]), interpolate=True, lineColor=array([-1., -1.,  1.]), lineColorSpace='rgb', lineRGB=array([-1, -1,  1]), lineWidth=1.5, name='unnamed Rect', opacity=1, ori=0.0, pos=array([0., 0.]), size=array([400., 600.]), units='pix', vertices=ndarray(...), win=Window(...))
6.6915 	EXP 	Created unnamed Rect = Rect(__class__=<class 'psychopy.visual.rect.Rect'>, autoDraw=False, autoLog=True, closeShape=True, color=method-wrapper(...), colorSpace='rgb', contrast=None, depth=0, fillColor=array([-1, -1, -1]), fillColorSpace='rgb', fillRGB=array([-1, -1, -1]), interpolate=True, lineColor=array([-1., -1.,  1.]), lineColorSpace='rgb', lineRGB=array([-1, -1,  1]), lineWidth=1.5, name='unnamed Rect', opacity=1, ori=0.0, pos=array([0., 0.]), size=array([400., 600.]), units='pix', vertices=ndarray(...), win=Window(...))
6.6947 	EXP 	Created unnamed Rect = Rect(__class__=<class 'psychopy.visual.rect.Rect'>, autoDraw=False, autoLog=True, closeShape=True, color=method-wrapper(...), colorSpace='rgb', contrast=None, depth=0, fillColor=array([ 1,  1, -1]), fillColorSpace='rgb', fillRGB=array([ 1,  1, -1]), interpolate=True, lineColor=array([0., 0., 0.]), lineColorSpace='rgb', lineRGB=array([0, 0, 0]), lineWidth=1.5, name='unnamed Rect', opacity=0.5, ori=0.0, pos=array([0., 0.]), size=array([30., 30.]), units='pix', vertices=ndarray(...), win=Window(...))
6.6977 	EXP 	Created unnamed Rect = Rect(__class__=<class 'psychopy.visual.rect.Rect'>, autoDraw=False, autoLog=True, closeShape=True, color=method-wrapper(...), colorSpace='rgb', contrast=None, depth=0, fillColor=array([ 1,  1, -1]), fillColorSpace='rgb', fillRGB=array([ 1,  1, -1]), interpolate=True, lineColor=array([0., 0., 0.]), lineColorSpace='rgb', lineRGB=array([0, 0, 0]), lineWidth=1.5, name='unnamed Rect', opacity=0.5, ori=0.0, pos=array([0., 0.]), size=array([30., 30.]), units='pix', vertices=ndarray(...), win=Window(...))
6.7005 	EXP 	Created unnamed Rect = Rect(__class__=<class 'psychopy.visual.rect.Rect'>, autoDraw=False, autoLog=True, closeShape=True, color=method-wrapper(...), colorSpace='rgb', contrast=None, depth=0, fillColor=array([ 1,  1, -1]), fillColorSpace='rgb', fillRGB=array([ 1,  1, -1]), interpolate=True, lineColor=array([0., 0., 0.]), lineColorSpace='rgb', lineRGB=array([0, 0, 0]), lineWidth=1.5, name='unnamed Rect', opacity=0.5, ori=0.0, pos=array([0., 0.]), size=array([30., 30.]), units='pix', vertices=ndarray(...), win=Window(...))
6.7032 	EXP 	Created unnamed Rect = Rect(__class__=<class 'psychopy.visual.rect.Rect'>, autoDraw=False, autoLog=True, closeShape=True, color=method-wrapper(...), colorSpace='rgb', contrast=None, depth=0, fillColor=array([ 1,  1, -1]), fillColorSpace='rgb', fillRGB=array([ 1,  1, -1]), interpolate=True, lineColor=array([0., 0., 0.]), lineColorSpace='rgb', lineRGB=array([0, 0, 0]), lineWidth=1.5, name='unnamed Rect', opacity=0.5, ori=0.0, pos=array([0., 0.]), size=array([30., 30.]), units='pix', vertices=ndarray(...), win=Window(...))
6.7055 	EXP 	Created unnamed Rect = Rect(__class__=<class 'psychopy.visual.rect.Rect'>, autoDraw=False, autoLog=True, closeShape=True, color=method-wrapper(...), colorSpace='rgb', contrast=None, depth=0, fillColor=array([ 1,  1, -1]), fillColorSpace='rgb', fillRGB=array([ 1,  1, -1]), interpolate=True, lineColor=array([0., 0., 0.]), lineColorSpace='rgb', lineRGB=array([0, 0, 0]), lineWidth=1.5, name='unnamed Rect', opacity=0.5, ori=0.0, pos=array([0., 0.]), size=array([30., 30.]), units='pix', vertices=ndarray(...), win=Window(...))
6.7078 	EXP 	Created unnamed Rect = Rect(__class__=<class 'psychopy.visual.rect.Rect'>, autoDraw=False, autoLog=True, closeShape=True, color=method-wrapper(...), colorSpace='rgb', contrast=None, depth=0, fillColor=array([ 1,  1, -1]), fillColorSpace='rgb', fillRGB=array([ 1,  1, -1]), interpolate=True, lineColor=array([0., 0., 0.]), lineColorSpace='rgb', lineRGB=array([0, 0, 0]), lineWidth=1.5, name='unnamed Rect', opacity=0.5, ori=0.0, pos=array([0., 0.]), size=array([30., 30.]), units='pix', vertices=ndarray(...), win=Window(...))
6.7101 	EXP 	Created unnamed Rect = Rect(__class__=<class 'psychopy.visual.rect.Rect'>, autoDraw=False, autoLog=True, closeShape=True, color=method-wrapper(...), colorSpace='rgb', contrast=None, depth=0, fillColor=array([ 1,  1, -1]), fillColorSpace='rgb', fillRGB=array([ 1,  1, -1]), interpolate=True, lineColor=array([0., 0., 0.]), lineColorSpace='rgb', lineRGB=array([0, 0, 0]), lineWidth=1.5, name='unnamed Rect', opacity=0.5, ori=0.0, pos=array([0., 0.]), size=array([30., 30.]), units='pix', vertices=ndarray(...), win=Window(...))
6.7483 	EXP 	Created unnamed ImageStim = ImageStim(__class__=<class 'psychopy.visual.image.ImageStim'>, autoLog=True, color=array([1., 1., 1.]), colorSpace='rgb', contrast=1.0, depth=0, flipHoriz=False, flipVert=False, image='tree.png', interpolate=False, mask=None, maskParams=None, name='unnamed ImageStim', opacity=1, ori=0.0, pos=array([0., 0.]), size=array([512, 512]), texRes=128, units='pix', win=Window(...))
6.7690 	EXP 	Created unnamed ImageStim = ImageStim(__class__=<class 'psychopy.visual.image.ImageStim'>, autoLog=True, color=array([1., 1., 1.]), colorSpace='rgb', contrast=1.0, depth=0, flipHoriz=False, flipVert=False, image='tree.png', interpolate=False, mask=None, maskParams=None, name='unnamed ImageStim', opacity=1, ori=0.0, pos=array([0., 0.]), size=array([512, 512]), texRes=128, units='pix', win=Window(...))
6.7874 	EXP 	Created unnamed ImageStim = ImageStim(__class__=<class 'psychopy.visual.image.ImageStim'>, autoLog=True, color=array([1., 1., 1.]), colorSpace='rgb', contrast=1.0, depth=0, flipHoriz=False, flipVert=False, image='tree.png', interpolate=False, mask=None, maskParams=None, name='unnamed ImageStim', opacity=1, ori=0.0, pos=array([0., 0.]), size=array([512, 512]), texRes=128, units='pix', win=Window(...))
6.8050 	EXP 	Created unnamed ImageStim = ImageStim(__class__=<class 'psychopy.visual.image.ImageStim'>, autoLog=True, color=array([1., 1., 1.]), colorSpace='rgb', contrast=1.0, depth=0, flipHoriz=False, flipVert=False, image='tree.png', interpolate=False, mask=None, maskParams=None, name='unnamed ImageStim', opacity=1, ori=0.0, pos=array([0., 0.]), size=array([512, 512]), texRes=128, units='pix', win=Window(...))
6.8224 	EXP 	Created unnamed ImageStim = ImageStim(__class__=<class 'psychopy.visual.image.ImageStim'>, autoLog=True, color=array([1., 1., 1.]), colorSpace='rgb', contrast=1.0, depth=0, flipHoriz=False, flipVert=False, image='tree.png', interpolate=False, mask=None, maskParams=None, name='unnamed ImageStim', opacity=1, ori=0.0, pos=array([0., 0.]), size=array([512, 512]), texRes=128, units='pix', win=Window(...))
6.8397 	EXP 	Created unnamed ImageStim = ImageStim(__class__=<class 'psychopy.visual.image.ImageStim'>, autoLog=True, color=array([1., 1., 1.]), colorSpace='rgb', contrast=1.0, depth=0, flipHoriz=False, flipVert=False, image='tree.png', interpolate=False, mask=None, maskParams=None, name='unnamed ImageStim', opacity=1, ori=0.0, pos=array([0., 0.]), size=array([512, 512]), texRes=128, units='pix', win=Window(...))
6.8571 	EXP 	Created unnamed ImageStim = ImageStim(__class__=<class 'psychopy.visual.image.ImageStim'>, autoLog=True, color=array([1., 1., 1.]), colorSpace='rgb', contrast=1.0, depth=0, flipHoriz=False, flipVert=False, image='tree.png', interpolate=False, mask=None, maskParams=None, name='unnamed ImageStim', opacity=1, ori=0.0, pos=array([0., 0.]), size=array([512, 512]), texRes=128, units='pix', win=Window(...))
6.8745 	EXP 	Created unnamed ImageStim = ImageStim(__class__=<class 'psychopy.visual.image.ImageStim'>, autoLog=True, color=array([1., 1., 1.]), colorSpace='rgb', contrast=1.0, depth=0, flipHoriz=False, flipVert=False, image='tree.png', interpolate=False, mask=None, maskParams=None, name='unnamed ImageStim', opacity=1, ori=0.0, pos=array([0., 0.]), size=array([512, 512]), texRes=128, units='pix', win=Window(...))
6.8918 	EXP 	Created unnamed ImageStim = ImageStim(__class__=<class 'psychopy.visual.image.ImageStim'>, autoLog=True, color=array([1., 1., 1.]), colorSpace='rgb', contrast=1.0, depth=0, flipHoriz=False, flipVert=False, image='tree.png', interpolate=False, mask=None, maskParams=None, name='unnamed ImageStim', opacity=1, ori=0.0, pos=array([0., 0.]), size=array([512, 512]), texRes=128, units='pix', win=Window(...))
6.9091 	EXP 	Created unnamed ImageStim = ImageStim(__class__=<class 'psychopy.visual.image.ImageStim'>, autoLog=True, color=array([1., 1., 1.]), colorSpace='rgb', contrast=1.0, depth=0, flipHoriz=False, flipVert=False, image='tree.png', interpolate=False, mask=None, maskParams=None, name='unnamed ImageStim', opacity=1, ori=0.0, pos=array([0., 0.]), size=array([512, 512]), texRes=128, units='pix', win=Window(...))
6.9265 	EXP 	Created unnamed ImageStim = ImageStim(__class__=<class 'psychopy.visual.image.ImageStim'>, autoLog=True, color=array([1., 1., 1.]), colorSpace='rgb', contrast=1.0, depth=0, flipHoriz=False, flipVert=False, image='tree.png', interpolate=False, mask=None, maskParams=None, name='unnamed ImageStim', opacity=1, ori=0.0, pos=array([0., 0.]), size=array([512, 512]), texRes=128, units='pix', win=Window(...))
6.9438 	EXP 	Created unnamed ImageStim = ImageStim(__class__=<class 'psychopy.visual.image.ImageStim'>, autoLog=True, color=array([1., 1., 1.]), colorSpace='rgb', contrast=1.0, depth=0, flipHoriz=False, flipVert=False, image='tree.png', interpolate=False, mask=None, maskParams=None, name='unnamed ImageStim', opacity=1, ori=0.0, pos=array([0., 0.]), size=array([512, 512]), texRes=128, units='pix', win=Window(...))
6.9612 	EXP 	Created unnamed ImageStim = ImageStim(__class__=<class 'psychopy.visual.image.ImageStim'>, autoLog=True, color=array([1., 1., 1.]), colorSpace='rgb', contrast=1.0, depth=0, flipHoriz=False, flipVert=False, image='tree.png', interpolate=False, mask=None, maskParams=None, name='unnamed ImageStim', opacity=1, ori=0.0, pos=array([0., 0.]), size=array([512, 512]), texRes=128, units='pix', win=Window(...))
6.9785 	EXP 	Created unnamed ImageStim = ImageStim(__class__=<class 'psychopy.visual.image.ImageStim'>, autoLog=True, color=array([1., 1., 1.]), colorSpace='rgb', contrast=1.0, depth=0, flipHoriz=False, flipVert=False, image='tree.png', interpolate=False, mask=None, maskParams=None, name='unnamed ImageStim', opacity=1, ori=0.0, pos=array([0., 0.]), size=array([512, 512]), texRes=128, units='pix', win=Window(...))
6.9959 	EXP 	Created unnamed ImageStim = ImageStim(__class__=<class 'psychopy.visual.image.ImageStim'>, autoLog=True, color=array([1., 1., 1.]), colorSpace='rgb', contrast=1.0, depth=0, flipHoriz=False, flipVert=False, image='tree.png', interpolate=False, mask=None, maskParams=None, name='unnamed ImageStim', opacity=1, ori=0.0, pos=array([0., 0.]), size=array([512, 512]), texRes=128, units='pix', win=Window(...))
7.0051 	DATA 	Keypress: space
7.0116 	EXP 	Welcometext: autoDraw = False
7.0116 	EXP 	unnamed Rect: pos = [-250, 0]
7.0116 	EXP 	unnamed Rect: pos = [250, 0]
7.0116 	EXP 	unnamed Rect: pos = [-282.6882332722362, -144.80750356097258]
7.0116 	EXP 	unnamed Rect: pos = [-178.6834180558127, -20.432624694077404]
7.0116 	EXP 	unnamed Rect: pos = [295.13425821659996, 27.8477261884955]
7.0116 	EXP 	unnamed Rect: pos = [94.80305216874987, 211.71531743448696]
7.0116 	EXP 	unnamed Rect: pos = [112.1229153270134, -167.69636644998312]
7.0116 	EXP 	unnamed Rect: pos = [144.87052552169783, -7.315569828407947]
7.0116 	EXP 	unnamed Rect: pos = [91.04861585600364, -79.27149699819233]
7.0116 	EXP 	unnamed ImageStim: size = [51.2, 51.2]
7.0116 	EXP 	unnamed ImageStim: size = [51.2, 51.2]
7.0116 	EXP 	unnamed ImageStim: size = [51.2, 51.2]
7.0116 	EXP 	unnamed ImageStim: size = [51.2, 51.2]
7.0116 	EXP 	unnamed ImageStim: size = [51.2, 51.2]
7.0116 	EXP 	unnamed ImageStim: size = [51.2, 51.2]
7.0116 	EXP 	unnamed ImageStim: size = [51.2, 51.2]
7.0116 	EXP 	unnamed ImageStim: size = [51.2, 51.2]
7.0116 	EXP 	unnamed ImageStim: size = [51.2, 51.2]
7.0116 	EXP 	unnamed ImageStim: size = [51.2, 51.2]
7.0116 	EXP 	unnamed ImageStim: size = [51.2, 51.2]
7.0116 	EXP 	unnamed ImageStim: size = [51.2, 51.2]
7.0116 	EXP 	unnamed ImageStim: size = [51.2, 51.2]
7.0116 	EXP 	unnamed ImageStim: size = [51.2, 51.2]
7.0116 	EXP 	unnamed ImageStim: size = [51.2, 51.2]
7.0116 	EXP 	unnamed ImageStim: pos = [70.65538479635303, -196.66158375879698]
7.0116 	EXP 	unnamed ImageStim: pos = [-78.05731092275293, -190.2430800339186]
7.0116 	EXP 	unnamed ImageStim: pos = [-139.88746111084888, 196.01395620764563]
7.0116 	EXP 	unnamed ImageStim: pos = [66.3212498418174, 6.330111915725926]
7.0116 	EXP 	unnamed ImageStim: pos = [-83.1132821978629, -83.88471020756556]
7.0116 	EXP 	unnamed ImageStim: pos = [-179.34461520364698, -196.66158375879698]
7.0116 	EXP 	unnamed ImageStim: pos = [320.655384796353, -196.66158375879698]
7.0116 	EXP 	unnamed ImageStim: pos = [-328.05731092275295, -190.2430800339186]
7.0116 	EXP 	unnamed ImageStim: pos = [171.94268907724705, -190.2430800339186]
7.0116 	EXP 	unnamed ImageStim: pos = [-389.8874611108489, 196.01395620764563]
7.0116 	EXP 	unnamed ImageStim: pos = [110.11253888915112, 196.01395620764563]
7.0116 	EXP 	unnamed ImageStim: pos = [-183.6787501581826, 6.330111915725926]
7.0116 	EXP 	unnamed ImageStim: pos = [316.3212498418174, 6.330111915725926]
7.0116 	EXP 	unnamed ImageStim: pos = [-333.1132821978629, -83.88471020756556]
7.0116 	EXP 	unnamed ImageStim: pos = [166.8867178021371, -83.88471020756556]
12.3675 	EXP 	Created unnamed Rect = Rect(__class__=<class 'psychopy.visual.rect.Rect'>, autoDraw=False, autoLog=True, closeShape=True, color=method-wrapper(...), colorSpace='rgb', contrast=None, depth=0, fillColor=array([-1, -1, -1]), fillColorSpace='rgb', fillRGB=array([-1, -1, -1]), interpolate=True, lineColor=array([-1., -1.,  1.]), lineColorSpace='rgb', lineRGB=array([-1, -1,  1]), lineWidth=1.5, name='unnamed Rect', opacity=1, ori=0.0, pos=array([0., 0.]), size=array([400., 600.]), units='pix', vertices=ndarray(...), win=Window(...))
12.3720 	EXP 	Created unnamed Rect = Rect(__class__=<class 'psychopy.visual.rect.Rect'>, autoDraw=False, autoLog=True, closeShape=True, color=method-wrapper(...), colorSpace='rgb', contrast=None, depth=0, fillColor=array([-1, -1, -1]), fillColorSpace='rgb', fillRGB=array([-1, -1, -1]), interpolate=True, lineColor=array([-1., -1.,  1.]), lineColorSpace='rgb', lineRGB=array([-1, -1,  1]), lineWidth=1.5, name='unnamed Rect', opacity=1, ori=0.0, pos=array([0., 0.]), size=array([400., 600.]), units='pix', vertices=ndarray(...), win=Window(...))
12.3884 	DATA 	Keypress: left
12.3993 	EXP 	unnamed Rect: pos = array([ -32.68823327, -144.80750356])
12.3993 	EXP 	unnamed Rect: pos = array([ 71.31658194, -20.43262469])
12.3993 	EXP 	unnamed Rect: pos = array([ -32.68823327, -144.80750356])
12.4189 	EXP 	unnamed Rect: pos = array([ -32.68823327, -144.80750356])
12.4293 	EXP 	unnamed Rect: pos = array([ -32.68823327, -144.80750356])
12.4464 	EXP 	unnamed Rect: pos = array([ -32.68823327, -144.80750356])
12.4630 	EXP 	unnamed Rect: pos = array([ -32.68823327, -144.80750356])
12.4799 	EXP 	unnamed Rect: pos = array([ -32.68823327, -144.80750356])
12.4967 	EXP 	unnamed Rect: pos = array([ -32.68823327, -144.80750356])
12.5131 	EXP 	unnamed Rect: pos = array([ -32.68823327, -144.80750356])
12.5298 	EXP 	unnamed Rect: pos = array([ -32.68823327, -144.80750356])
12.5465 	EXP 	unnamed Rect: pos = array([ -32.68823327, -144.80750356])
12.5632 	EXP 	unnamed Rect: pos = array([ -32.68823327, -144.80750356])
12.5804 	EXP 	unnamed Rect: pos = array([ -32.68823327, -144.80750356])
12.5961 	EXP 	unnamed Rect: pos = array([ -32.68823327, -144.80750356])
12.6128 	EXP 	unnamed Rect: pos = array([ -32.68823327, -144.80750356])
12.6297 	EXP 	unnamed Rect: pos = array([ -32.68823327, -144.80750356])
12.6462 	EXP 	unnamed Rect: pos = array([ -32.68823327, -144.80750356])
12.6628 	EXP 	unnamed Rect: pos = array([ -32.68823327, -144.80750356])
12.6794 	EXP 	unnamed Rect: pos = array([ -32.68823327, -144.80750356])
12.6959 	EXP 	unnamed Rect: pos = array([ -32.68823327, -144.80750356])
12.7132 	EXP 	unnamed Rect: pos = array([ -32.68823327, -144.80750356])
12.7299 	EXP 	unnamed Rect: pos = array([ -32.68823327, -144.80750356])
12.7463 	EXP 	unnamed Rect: pos = array([ -32.68823327, -144.80750356])
12.7632 	EXP 	unnamed Rect: pos = array([ -32.68823327, -144.80750356])
12.7675 	DATA 	Keypress: up
12.7804 	EXP 	unnamed Rect: pos = array([ -32.68823327, -144.80750356])
12.7966 	EXP 	unnamed Rect: pos = array([ -32.68823327, -134.80750356])
12.8127 	EXP 	unnamed Rect: pos = array([ -32.68823327, -134.80750356])
12.8293 	EXP 	unnamed Rect: pos = array([ -32.68823327, -134.80750356])
12.8461 	EXP 	unnamed Rect: pos = array([ -32.68823327, -134.80750356])
12.8636 	EXP 	unnamed Rect: pos = array([ -32.68823327, -134.80750356])
12.8795 	EXP 	unnamed Rect: pos = array([ -32.68823327, -134.80750356])
12.8961 	EXP 	unnamed Rect: pos = array([ -32.68823327, -134.80750356])
12.9128 	EXP 	unnamed Rect: pos = array([ -32.68823327, -134.80750356])
12.9294 	EXP 	unnamed Rect: pos = array([ -32.68823327, -134.80750356])
12.9467 	EXP 	unnamed Rect: pos = array([ -32.68823327, -134.80750356])
12.9632 	EXP 	unnamed Rect: pos = array([ -32.68823327, -134.80750356])
12.9794 	EXP 	unnamed Rect: pos = array([ -32.68823327, -134.80750356])
12.9966 	EXP 	unnamed Rect: pos = array([ -32.68823327, -134.80750356])
13.0133 	EXP 	unnamed Rect: pos = array([ -32.68823327, -134.80750356])
13.0298 	EXP 	unnamed Rect: pos = array([ -32.68823327, -134.80750356])
13.0461 	EXP 	unnamed Rect: pos = array([ -32.68823327, -134.80750356])
13.0629 	EXP 	unnamed Rect: pos = array([ -32.68823327, -134.80750356])
13.0795 	EXP 	unnamed Rect: pos = array([ -32.68823327, -134.80750356])
13.0961 	EXP 	unnamed Rect: pos = array([ -32.68823327, -134.80750356])
13.1127 	EXP 	unnamed Rect: pos = array([ -32.68823327, -134.80750356])
13.1297 	EXP 	unnamed Rect: pos = array([ -32.68823327, -134.80750356])
13.1461 	EXP 	unnamed Rect: pos = array([ -32.68823327, -134.80750356])
13.1628 	EXP 	unnamed Rect: pos = array([ -32.68823327, -134.80750356])
13.1794 	EXP 	unnamed Rect: pos = array([ -32.68823327, -134.80750356])
13.1967 	EXP 	unnamed Rect: pos = array([ -32.68823327, -134.80750356])
13.1977 	DATA 	Keypress: left
13.2139 	EXP 	unnamed Rect: pos = array([ -42.68823327, -134.80750356])
13.2295 	EXP 	unnamed Rect: pos = array([ -42.68823327, -134.80750356])
13.2460 	EXP 	unnamed Rect: pos = array([ -42.68823327, -134.80750356])
13.2628 	EXP 	unnamed Rect: pos = array([ -42.68823327, -134.80750356])
13.2794 	EXP 	unnamed Rect: pos = array([ -42.68823327, -134.80750356])
13.2974 	EXP 	unnamed Rect: pos = array([ -42.68823327, -134.80750356])
13.3128 	EXP 	unnamed Rect: pos = array([ -42.68823327, -134.80750356])
13.3296 	EXP 	unnamed Rect: pos = array([ -42.68823327, -134.80750356])
13.3465 	EXP 	unnamed Rect: pos = array([ -42.68823327, -134.80750356])
13.3629 	EXP 	unnamed Rect: pos = array([ -42.68823327, -134.80750356])
13.3804 	EXP 	unnamed Rect: pos = array([ -42.68823327, -134.80750356])
13.3881 	DATA 	Keypress: left
13.3967 	EXP 	unnamed Rect: pos = array([ -52.68823327, -134.80750356])
13.4134 	EXP 	unnamed Rect: pos = array([ -52.68823327, -134.80750356])
13.4298 	EXP 	unnamed Rect: pos = array([ -52.68823327, -134.80750356])
13.4474 	EXP 	unnamed Rect: pos = array([ -52.68823327, -134.80750356])
13.4630 	EXP 	unnamed Rect: pos = array([ -52.68823327, -134.80750356])
13.4794 	EXP 	unnamed Rect: pos = array([ -52.68823327, -134.80750356])
13.4964 	EXP 	unnamed Rect: pos = array([ -52.68823327, -134.80750356])
13.5127 	EXP 	unnamed Rect: pos = array([ -52.68823327, -134.80750356])
13.5294 	EXP 	unnamed Rect: pos = array([ -52.68823327, -134.80750356])
13.5464 	EXP 	unnamed Rect: pos = array([ -52.68823327, -134.80750356])
13.5634 	EXP 	unnamed Rect: pos = array([ -52.68823327, -134.80750356])
13.5643 	DATA 	Keypress: down
13.5798 	EXP 	unnamed Rect: pos = array([ -52.68823327, -144.80750356])
13.5961 	EXP 	unnamed Rect: pos = array([ -52.68823327, -144.80750356])
13.6126 	EXP 	unnamed Rect: pos = array([ -52.68823327, -144.80750356])
13.6293 	EXP 	unnamed Rect: pos = array([ -52.68823327, -144.80750356])
13.6467 	EXP 	unnamed Rect: pos = array([ -52.68823327, -144.80750356])
13.6636 	EXP 	unnamed Rect: pos = array([ -52.68823327, -144.80750356])
13.6800 	EXP 	unnamed Rect: pos = array([ -52.68823327, -144.80750356])
13.6966 	EXP 	unnamed Rect: pos = array([ -52.68823327, -144.80750356])
13.7133 	EXP 	unnamed Rect: pos = array([ -52.68823327, -144.80750356])
13.7294 	EXP 	unnamed Rect: pos = array([ -52.68823327, -144.80750356])
13.7464 	EXP 	unnamed Rect: pos = array([ -52.68823327, -144.80750356])
13.7472 	DATA 	Keypress: down
13.7630 	EXP 	unnamed Rect: pos = array([ -52.68823327, -154.80750356])
13.7796 	EXP 	unnamed Rect: pos = array([ -52.68823327, -154.80750356])
13.7967 	EXP 	unnamed Rect: pos = array([ -52.68823327, -154.80750356])
13.8137 	EXP 	unnamed Rect: pos = array([ -52.68823327, -154.80750356])
13.8299 	EXP 	unnamed Rect: pos = array([ -52.68823327, -154.80750356])
13.8471 	EXP 	unnamed Rect: pos = array([ -52.68823327, -154.80750356])
13.8637 	EXP 	unnamed Rect: pos = array([ -52.68823327, -154.80750356])
13.8806 	EXP 	unnamed Rect: pos = array([ -52.68823327, -154.80750356])
13.8843 	DATA 	Keypress: down
13.8968 	EXP 	unnamed Rect: pos = array([ -52.68823327, -154.80750356])
13.9128 	EXP 	unnamed Rect: pos = array([ -52.68823327, -164.80750356])
13.9294 	EXP 	unnamed Rect: pos = array([ -52.68823327, -164.80750356])
13.9461 	EXP 	unnamed Rect: pos = array([ -52.68823327, -164.80750356])
13.9632 	EXP 	unnamed Rect: pos = array([ -52.68823327, -164.80750356])
13.9793 	EXP 	unnamed Rect: pos = array([ -52.68823327, -164.80750356])
13.9963 	EXP 	unnamed Rect: pos = array([ -52.68823327, -164.80750356])
14.0131 	EXP 	unnamed Rect: pos = array([ -52.68823327, -164.80750356])
14.0293 	EXP 	unnamed Rect: pos = array([ -52.68823327, -164.80750356])
14.0466 	EXP 	unnamed Rect: pos = array([ -52.68823327, -164.80750356])
14.0503 	DATA 	Keypress: left
14.0638 	EXP 	unnamed Rect: pos = array([ -52.68823327, -164.80750356])
14.0796 	EXP 	unnamed Rect: pos = array([ -62.68823327, -164.80750356])
14.0965 	EXP 	unnamed Rect: pos = array([ -62.68823327, -164.80750356])
14.1131 	EXP 	unnamed Rect: pos = array([ -62.68823327, -164.80750356])
14.1294 	EXP 	unnamed Rect: pos = array([ -62.68823327, -164.80750356])
14.1461 	EXP 	unnamed Rect: pos = array([ -62.68823327, -164.80750356])
14.1638 	EXP 	unnamed Rect: pos = array([ -62.68823327, -164.80750356])
14.1795 	EXP 	unnamed Rect: pos = array([ -62.68823327, -164.80750356])
14.1966 	EXP 	unnamed Rect: pos = array([ -62.68823327, -164.80750356])
14.2128 	EXP 	unnamed Rect: pos = array([ -62.68823327, -164.80750356])
14.2294 	EXP 	unnamed Rect: pos = array([ -62.68823327, -164.80750356])
14.2461 	EXP 	unnamed Rect: pos = array([ -62.68823327, -164.80750356])
14.2628 	EXP 	unnamed Rect: pos = array([ -62.68823327, -164.80750356])
14.2795 	EXP 	unnamed Rect: pos = array([ -62.68823327, -164.80750356])
14.2967 	EXP 	unnamed Rect: pos = array([ -62.68823327, -164.80750356])
14.2977 	DATA 	Keypress: down
14.3126 	EXP 	Created unnamed TextStim = TextStim(__class__=<class 'psychopy.visual.text.TextStim'>, alignHoriz=method-wrapper(...), alignText='center', alignVert=method-wrapper(...), anchorHoriz='center', anchorVert='center', antialias=True, autoLog=True, bold=False, color=array([1., 1., 1.]), colorSpace='rgb', contrast=1.0, depth=0, flipHoriz=False, flipVert=False, font='', fontFiles=[], height=0.2, italic=False, languageStyle='LTR', name='unnamed TextStim', opacity=1.0, ori=0.0, pos=array([0., 0.]), rgb=UNKNOWN, text='Reward Captured', units='height', win=Window(...), wrapWidth=1)
14.3194 	EXP 	unnamed Rect: pos = array([ -62.68823327, -174.80750356])
14.3290 	EXP 	unnamed Rect: pos = array([ -62.68823327, -174.80750356])
14.3460 	EXP 	unnamed Rect: pos = array([ -62.68823327, -174.80750356])
14.3633 	EXP 	unnamed Rect: pos = array([ -62.68823327, -174.80750356])
14.3795 	EXP 	unnamed Rect: pos = array([ -62.68823327, -174.80750356])
14.3973 	EXP 	unnamed Rect: pos = array([ -62.68823327, -174.80750356])
14.4128 	EXP 	unnamed Rect: pos = array([ -62.68823327, -174.80750356])
14.4294 	EXP 	unnamed Rect: pos = array([ -62.68823327, -174.80750356])
14.4461 	EXP 	unnamed Rect: pos = array([ -62.68823327, -174.80750356])
14.4632 	EXP 	unnamed Rect: pos = array([ -62.68823327, -174.80750356])
14.4805 	EXP 	unnamed Rect: pos = array([ -62.68823327, -174.80750356])
14.4969 	EXP 	unnamed Rect: pos = array([ -62.68823327, -174.80750356])
14.5126 	EXP 	unnamed Rect: pos = array([ -62.68823327, -174.80750356])
14.5294 	EXP 	unnamed Rect: pos = array([ -62.68823327, -174.80750356])
14.5459 	EXP 	unnamed Rect: pos = array([ -62.68823327, -174.80750356])
14.5626 	EXP 	unnamed Rect: pos = array([ -62.68823327, -174.80750356])
14.5795 	EXP 	unnamed Rect: pos = array([ -62.68823327, -174.80750356])
14.5958 	EXP 	unnamed Rect: pos = array([ -62.68823327, -174.80750356])
14.6129 	EXP 	unnamed Rect: pos = array([ -62.68823327, -174.80750356])
14.6294 	EXP 	unnamed Rect: pos = array([ -62.68823327, -174.80750356])
14.6461 	EXP 	unnamed Rect: pos = array([ -62.68823327, -174.80750356])
14.6627 	EXP 	unnamed Rect: pos = array([ -62.68823327, -174.80750356])
14.6794 	EXP 	unnamed Rect: pos = array([ -62.68823327, -174.80750356])
14.6961 	EXP 	unnamed Rect: pos = array([ -62.68823327, -174.80750356])
14.7128 	EXP 	unnamed Rect: pos = array([ -62.68823327, -174.80750356])
14.7297 	EXP 	unnamed Rect: pos = array([ -62.68823327, -174.80750356])
14.7461 	EXP 	unnamed Rect: pos = array([ -62.68823327, -174.80750356])
14.7643 	EXP 	unnamed Rect: pos = array([ -62.68823327, -174.80750356])
14.7795 	EXP 	unnamed Rect: pos = array([ -62.68823327, -174.80750356])
14.7961 	EXP 	unnamed Rect: pos = array([ -62.68823327, -174.80750356])
14.8129 	EXP 	unnamed Rect: pos = array([ -62.68823327, -174.80750356])
14.8297 	EXP 	unnamed Rect: pos = array([ -62.68823327, -174.80750356])
14.8467 	EXP 	unnamed Rect: pos = array([ -62.68823327, -174.80750356])
14.8629 	EXP 	unnamed Rect: pos = array([ -62.68823327, -174.80750356])
14.8795 	EXP 	unnamed Rect: pos = array([ -62.68823327, -174.80750356])
14.8962 	EXP 	unnamed Rect: pos = array([ -62.68823327, -174.80750356])
14.9134 	EXP 	unnamed Rect: pos = array([ -62.68823327, -174.80750356])
14.9295 	EXP 	unnamed Rect: pos = array([ -62.68823327, -174.80750356])
14.9461 	EXP 	unnamed Rect: pos = array([ -62.68823327, -174.80750356])
14.9630 	EXP 	unnamed Rect: pos = array([ -62.68823327, -174.80750356])
14.9794 	EXP 	unnamed Rect: pos = array([ -62.68823327, -174.80750356])
14.9964 	EXP 	unnamed Rect: pos = array([ -62.68823327, -174.80750356])
15.0133 	EXP 	unnamed Rect: pos = array([ -62.68823327, -174.80750356])
15.0293 	EXP 	unnamed Rect: pos = array([ -62.68823327, -174.80750356])
15.0460 	EXP 	unnamed Rect: pos = array([ -62.68823327, -174.80750356])
15.0628 	EXP 	unnamed Rect: pos = array([ -62.68823327, -174.80750356])
15.0794 	EXP 	unnamed Rect: pos = array([ -62.68823327, -174.80750356])
15.0962 	EXP 	unnamed Rect: pos = array([ -62.68823327, -174.80750356])
15.1130 	EXP 	unnamed Rect: pos = array([ -62.68823327, -174.80750356])
15.1295 	EXP 	unnamed Rect: pos = array([ -62.68823327, -174.80750356])
15.1461 	EXP 	unnamed Rect: pos = array([ -62.68823327, -174.80750356])
15.1632 	EXP 	unnamed Rect: pos = array([ -62.68823327, -174.80750356])
15.1642 	DATA 	Keypress: up
15.1798 	EXP 	unnamed Rect: pos = array([ -62.68823327, -164.80750356])
15.1964 	EXP 	unnamed Rect: pos = array([ -62.68823327, -164.80750356])
15.2129 	EXP 	unnamed Rect: pos = array([ -62.68823327, -164.80750356])
15.2300 	EXP 	unnamed Rect: pos = array([ -62.68823327, -164.80750356])
15.2462 	EXP 	unnamed Rect: pos = array([ -62.68823327, -164.80750356])
15.2632 	EXP 	unnamed Rect: pos = array([ -62.68823327, -164.80750356])
15.2799 	EXP 	unnamed Rect: pos = array([ -62.68823327, -164.80750356])
15.2962 	EXP 	unnamed Rect: pos = array([ -62.68823327, -164.80750356])
15.3128 	EXP 	unnamed Rect: pos = array([ -62.68823327, -164.80750356])
15.3294 	EXP 	unnamed Rect: pos = array([ -62.68823327, -164.80750356])
15.3461 	EXP 	unnamed Rect: pos = array([ -62.68823327, -164.80750356])
15.3637 	EXP 	unnamed Rect: pos = array([ -62.68823327, -164.80750356])
15.3648 	DATA 	Keypress: up
15.3797 	EXP 	unnamed Rect: pos = array([ -62.68823327, -154.80750356])
15.3965 	EXP 	unnamed Rect: pos = array([ -62.68823327, -154.80750356])
15.4136 	EXP 	unnamed Rect: pos = array([ -62.68823327, -154.80750356])
15.4307 	EXP 	unnamed Rect: pos = array([ -62.68823327, -154.80750356])
15.4464 	EXP 	unnamed Rect: pos = array([ -62.68823327, -154.80750356])
15.4632 	EXP 	unnamed Rect: pos = array([ -62.68823327, -154.80750356])
15.4798 	EXP 	unnamed Rect: pos = array([ -62.68823327, -154.80750356])
15.4964 	EXP 	unnamed Rect: pos = array([ -62.68823327, -154.80750356])
15.5131 	EXP 	unnamed Rect: pos = array([ -62.68823327, -154.80750356])
15.5172 	DATA 	Keypress: up
15.5306 	EXP 	unnamed Rect: pos = array([ -62.68823327, -154.80750356])
15.5462 	EXP 	unnamed Rect: pos = array([ -62.68823327, -144.80750356])
15.5632 	EXP 	unnamed Rect: pos = array([ -62.68823327, -144.80750356])
15.5804 	EXP 	unnamed Rect: pos = array([ -62.68823327, -144.80750356])
15.5962 	EXP 	unnamed Rect: pos = array([ -62.68823327, -144.80750356])
15.6128 	EXP 	unnamed Rect: pos = array([ -62.68823327, -144.80750356])
15.6294 	EXP 	unnamed Rect: pos = array([ -62.68823327, -144.80750356])
15.6464 	EXP 	unnamed Rect: pos = array([ -62.68823327, -144.80750356])
15.6634 	EXP 	unnamed Rect: pos = array([ -62.68823327, -144.80750356])
15.6794 	EXP 	unnamed Rect: pos = array([ -62.68823327, -144.80750356])
15.6963 	EXP 	unnamed Rect: pos = array([ -62.68823327, -144.80750356])
15.6972 	DATA 	Keypress: up
15.7143 	EXP 	unnamed Rect: pos = array([ -62.68823327, -134.80750356])
15.7295 	EXP 	unnamed Rect: pos = array([ -62.68823327, -134.80750356])
15.7465 	EXP 	unnamed Rect: pos = array([ -62.68823327, -134.80750356])
15.7632 	EXP 	unnamed Rect: pos = array([ -62.68823327, -134.80750356])
15.7801 	EXP 	unnamed Rect: pos = array([ -62.68823327, -134.80750356])
15.7962 	EXP 	unnamed Rect: pos = array([ -62.68823327, -134.80750356])
15.8128 	EXP 	unnamed Rect: pos = array([ -62.68823327, -134.80750356])
15.8300 	EXP 	unnamed Rect: pos = array([ -62.68823327, -134.80750356])
15.8462 	EXP 	unnamed Rect: pos = array([ -62.68823327, -134.80750356])
15.8627 	EXP 	unnamed Rect: pos = array([ -62.68823327, -134.80750356])
15.8806 	EXP 	unnamed Rect: pos = array([ -62.68823327, -134.80750356])
15.8815 	DATA 	Keypress: up
15.8968 	EXP 	unnamed Rect: pos = array([ -62.68823327, -124.80750356])
15.9130 	EXP 	unnamed Rect: pos = array([ -62.68823327, -124.80750356])
15.9296 	EXP 	unnamed Rect: pos = array([ -62.68823327, -124.80750356])
15.9463 	EXP 	unnamed Rect: pos = array([ -62.68823327, -124.80750356])
15.9636 	EXP 	unnamed Rect: pos = array([ -62.68823327, -124.80750356])
15.9798 	EXP 	unnamed Rect: pos = array([ -62.68823327, -124.80750356])
15.9961 	EXP 	unnamed Rect: pos = array([ -62.68823327, -124.80750356])
16.0133 	EXP 	unnamed Rect: pos = array([ -62.68823327, -124.80750356])
16.0173 	DATA 	Keypress: left
16.0299 	EXP 	unnamed Rect: pos = array([ -62.68823327, -124.80750356])
16.0463 	EXP 	unnamed Rect: pos = array([ -72.68823327, -124.80750356])
16.0632 	EXP 	unnamed Rect: pos = array([ -72.68823327, -124.80750356])
16.0797 	EXP 	unnamed Rect: pos = array([ -72.68823327, -124.80750356])
16.0962 	EXP 	unnamed Rect: pos = array([ -72.68823327, -124.80750356])
16.1128 	EXP 	unnamed Rect: pos = array([ -72.68823327, -124.80750356])
16.1295 	EXP 	unnamed Rect: pos = array([ -72.68823327, -124.80750356])
16.1461 	EXP 	unnamed Rect: pos = array([ -72.68823327, -124.80750356])
16.1628 	EXP 	unnamed Rect: pos = array([ -72.68823327, -124.80750356])
16.1796 	EXP 	unnamed Rect: pos = array([ -72.68823327, -124.80750356])
16.1966 	EXP 	unnamed Rect: pos = array([ -72.68823327, -124.80750356])
16.1975 	DATA 	Keypress: up
16.2131 	EXP 	unnamed Rect: pos = array([ -72.68823327, -114.80750356])
16.2298 	EXP 	unnamed Rect: pos = array([ -72.68823327, -114.80750356])
16.2464 	EXP 	unnamed Rect: pos = array([ -72.68823327, -114.80750356])
16.2632 	EXP 	unnamed Rect: pos = array([ -72.68823327, -114.80750356])
16.2798 	EXP 	unnamed Rect: pos = array([ -72.68823327, -114.80750356])
16.2974 	EXP 	unnamed Rect: pos = array([ -72.68823327, -114.80750356])
16.3129 	EXP 	unnamed Rect: pos = array([ -72.68823327, -114.80750356])
16.3295 	EXP 	unnamed Rect: pos = array([ -72.68823327, -114.80750356])
16.3462 	EXP 	unnamed Rect: pos = array([ -72.68823327, -114.80750356])
16.3628 	EXP 	unnamed Rect: pos = array([ -72.68823327, -114.80750356])
16.3795 	EXP 	unnamed Rect: pos = array([ -72.68823327, -114.80750356])
16.3962 	EXP 	unnamed Rect: pos = array([ -72.68823327, -114.80750356])
16.4131 	EXP 	unnamed Rect: pos = array([ -72.68823327, -114.80750356])
16.4294 	EXP 	unnamed Rect: pos = array([ -72.68823327, -114.80750356])
16.4464 	EXP 	unnamed Rect: pos = array([ -72.68823327, -114.80750356])
16.4634 	EXP 	unnamed Rect: pos = array([ -72.68823327, -114.80750356])
16.4797 	EXP 	unnamed Rect: pos = array([ -72.68823327, -114.80750356])
16.4965 	EXP 	unnamed Rect: pos = array([ -72.68823327, -114.80750356])
16.5130 	EXP 	unnamed Rect: pos = array([ -72.68823327, -114.80750356])
16.5303 	EXP 	unnamed Rect: pos = array([ -72.68823327, -114.80750356])
16.5464 	EXP 	unnamed Rect: pos = array([ -72.68823327, -114.80750356])
16.5630 	EXP 	unnamed Rect: pos = array([ -72.68823327, -114.80750356])
16.5796 	EXP 	unnamed Rect: pos = array([ -72.68823327, -114.80750356])
16.5973 	EXP 	unnamed Rect: pos = array([ -72.68823327, -114.80750356])
16.5982 	DATA 	Keypress: up
16.6128 	EXP 	unnamed Rect: pos = array([ -72.68823327, -104.80750356])
16.6295 	EXP 	unnamed Rect: pos = array([ -72.68823327, -104.80750356])
16.6461 	EXP 	unnamed Rect: pos = array([ -72.68823327, -104.80750356])
16.6631 	EXP 	unnamed Rect: pos = array([ -72.68823327, -104.80750356])
16.6808 	EXP 	unnamed Rect: pos = array([ -72.68823327, -104.80750356])
16.6960 	EXP 	unnamed Rect: pos = array([ -72.68823327, -104.80750356])
16.7130 	EXP 	unnamed Rect: pos = array([ -72.68823327, -104.80750356])
16.7295 	EXP 	unnamed Rect: pos = array([ -72.68823327, -104.80750356])
16.7463 	EXP 	unnamed Rect: pos = array([ -72.68823327, -104.80750356])
16.7628 	EXP 	unnamed Rect: pos = array([ -72.68823327, -104.80750356])
16.7797 	EXP 	unnamed Rect: pos = array([ -72.68823327, -104.80750356])
16.7961 	EXP 	unnamed Rect: pos = array([ -72.68823327, -104.80750356])
16.8131 	EXP 	unnamed Rect: pos = array([ -72.68823327, -104.80750356])
16.8298 	EXP 	unnamed Rect: pos = array([ -72.68823327, -104.80750356])
16.8464 	EXP 	unnamed Rect: pos = array([ -72.68823327, -104.80750356])
16.8629 	EXP 	unnamed Rect: pos = array([ -72.68823327, -104.80750356])
16.8802 	EXP 	unnamed Rect: pos = array([ -72.68823327, -104.80750356])
16.8962 	EXP 	unnamed Rect: pos = array([ -72.68823327, -104.80750356])
16.9133 	EXP 	unnamed Rect: pos = array([ -72.68823327, -104.80750356])
16.9296 	EXP 	unnamed Rect: pos = array([ -72.68823327, -104.80750356])
16.9472 	EXP 	unnamed Rect: pos = array([ -72.68823327, -104.80750356])
16.9481 	DATA 	Keypress: up
16.9544 	EXP 	Created unnamed TextStim = TextStim(__class__=<class 'psychopy.visual.text.TextStim'>, alignHoriz=method-wrapper(...), alignText='center', alignVert=method-wrapper(...), anchorHoriz='center', anchorVert='center', antialias=True, autoLog=True, bold=False, color=array([1., 1., 1.]), colorSpace='rgb', contrast=1.0, depth=0, flipHoriz=False, flipVert=False, font='', fontFiles=[], height=0.2, italic=False, languageStyle='LTR', name='unnamed TextStim', opacity=1.0, ori=0.0, pos=array([0., 0.]), rgb=UNKNOWN, text='Reward Captured', units='height', win=Window(...), wrapWidth=1)
16.9630 	EXP 	unnamed Rect: pos = array([-72.68823327, -94.80750356])
16.9800 	EXP 	unnamed Rect: pos = array([-72.68823327, -94.80750356])
16.9965 	EXP 	unnamed Rect: pos = array([-72.68823327, -94.80750356])
17.0134 	EXP 	unnamed Rect: pos = array([-72.68823327, -94.80750356])
17.0294 	EXP 	unnamed Rect: pos = array([-72.68823327, -94.80750356])
17.0463 	EXP 	unnamed Rect: pos = array([-72.68823327, -94.80750356])
17.0634 	EXP 	unnamed Rect: pos = array([-72.68823327, -94.80750356])
17.0801 	EXP 	unnamed Rect: pos = array([-72.68823327, -94.80750356])
17.0961 	EXP 	unnamed Rect: pos = array([-72.68823327, -94.80750356])
17.1128 	EXP 	unnamed Rect: pos = array([-72.68823327, -94.80750356])
17.1293 	EXP 	unnamed Rect: pos = array([-72.68823327, -94.80750356])
17.1469 	EXP 	unnamed Rect: pos = array([-72.68823327, -94.80750356])
17.1632 	EXP 	unnamed Rect: pos = array([-72.68823327, -94.80750356])
17.1795 	EXP 	unnamed Rect: pos = array([-72.68823327, -94.80750356])
17.1962 	EXP 	unnamed Rect: pos = array([-72.68823327, -94.80750356])
17.2129 	EXP 	unnamed Rect: pos = array([-72.68823327, -94.80750356])
17.2297 	EXP 	unnamed Rect: pos = array([-72.68823327, -94.80750356])
17.2462 	EXP 	unnamed Rect: pos = array([-72.68823327, -94.80750356])
17.2628 	EXP 	unnamed Rect: pos = array([-72.68823327, -94.80750356])
17.2795 	EXP 	unnamed Rect: pos = array([-72.68823327, -94.80750356])
17.2963 	EXP 	unnamed Rect: pos = array([-72.68823327, -94.80750356])
17.3141 	EXP 	unnamed Rect: pos = array([-72.68823327, -94.80750356])
17.3150 	DATA 	Keypress: down
17.3297 	EXP 	unnamed Rect: pos = array([ -72.68823327, -104.80750356])
17.3462 	EXP 	unnamed Rect: pos = array([ -72.68823327, -104.80750356])
17.3630 	EXP 	unnamed Rect: pos = array([ -72.68823327, -104.80750356])
17.3799 	EXP 	unnamed Rect: pos = array([ -72.68823327, -104.80750356])
17.3962 	EXP 	unnamed Rect: pos = array([ -72.68823327, -104.80750356])
17.4139 	EXP 	unnamed Rect: pos = array([ -72.68823327, -104.80750356])
17.4295 	EXP 	unnamed Rect: pos = array([ -72.68823327, -104.80750356])
17.4462 	EXP 	unnamed Rect: pos = array([ -72.68823327, -104.80750356])
17.4629 	EXP 	unnamed Rect: pos = array([ -72.68823327, -104.80750356])
17.4795 	EXP 	unnamed Rect: pos = array([ -72.68823327, -104.80750356])
17.4963 	EXP 	unnamed Rect: pos = array([ -72.68823327, -104.80750356])
17.5135 	EXP 	unnamed Rect: pos = array([ -72.68823327, -104.80750356])
17.5146 	DATA 	Keypress: down
17.5295 	EXP 	unnamed Rect: pos = array([ -72.68823327, -114.80750356])
17.5466 	EXP 	unnamed Rect: pos = array([ -72.68823327, -114.80750356])
17.5632 	EXP 	unnamed Rect: pos = array([ -72.68823327, -114.80750356])
17.5797 	EXP 	unnamed Rect: pos = array([ -72.68823327, -114.80750356])
17.5962 	EXP 	unnamed Rect: pos = array([ -72.68823327, -114.80750356])
17.6126 	EXP 	unnamed Rect: pos = array([ -72.68823327, -114.80750356])
17.6294 	EXP 	unnamed Rect: pos = array([ -72.68823327, -114.80750356])
17.6464 	EXP 	unnamed Rect: pos = array([ -72.68823327, -114.80750356])
17.6638 	EXP 	unnamed Rect: pos = array([ -72.68823327, -114.80750356])
17.6647 	DATA 	Keypress: down
17.6795 	EXP 	unnamed Rect: pos = array([ -72.68823327, -124.80750356])
17.6966 	EXP 	unnamed Rect: pos = array([ -72.68823327, -124.80750356])
17.7126 	EXP 	unnamed Rect: pos = array([ -72.68823327, -124.80750356])
17.7306 	EXP 	unnamed Rect: pos = array([ -72.68823327, -124.80750356])
17.7463 	EXP 	unnamed Rect: pos = array([ -72.68823327, -124.80750356])
17.7630 	EXP 	unnamed Rect: pos = array([ -72.68823327, -124.80750356])
17.7794 	EXP 	unnamed Rect: pos = array([ -72.68823327, -124.80750356])
17.7962 	EXP 	unnamed Rect: pos = array([ -72.68823327, -124.80750356])
17.8141 	EXP 	unnamed Rect: pos = array([ -72.68823327, -124.80750356])
17.8151 	DATA 	Keypress: down
17.8295 	EXP 	unnamed Rect: pos = array([ -72.68823327, -134.80750356])
17.8463 	EXP 	unnamed Rect: pos = array([ -72.68823327, -134.80750356])
17.8632 	EXP 	unnamed Rect: pos = array([ -72.68823327, -134.80750356])
17.8797 	EXP 	unnamed Rect: pos = array([ -72.68823327, -134.80750356])
17.8970 	EXP 	unnamed Rect: pos = array([ -72.68823327, -134.80750356])
17.9128 	EXP 	unnamed Rect: pos = array([ -72.68823327, -134.80750356])
17.9295 	EXP 	unnamed Rect: pos = array([ -72.68823327, -134.80750356])
17.9467 	EXP 	unnamed Rect: pos = array([ -72.68823327, -134.80750356])
17.9632 	EXP 	unnamed Rect: pos = array([ -72.68823327, -134.80750356])
17.9644 	DATA 	Keypress: down
17.9807 	EXP 	unnamed Rect: pos = array([ -72.68823327, -144.80750356])
17.9962 	EXP 	unnamed Rect: pos = array([ -72.68823327, -144.80750356])
18.0135 	EXP 	unnamed Rect: pos = array([ -72.68823327, -144.80750356])
18.0295 	EXP 	unnamed Rect: pos = array([ -72.68823327, -144.80750356])
18.0472 	EXP 	unnamed Rect: pos = array([ -72.68823327, -144.80750356])
18.0627 	EXP 	unnamed Rect: pos = array([ -72.68823327, -144.80750356])
18.0796 	EXP 	unnamed Rect: pos = array([ -72.68823327, -144.80750356])
18.0962 	EXP 	unnamed Rect: pos = array([ -72.68823327, -144.80750356])
18.1128 	EXP 	unnamed Rect: pos = array([ -72.68823327, -144.80750356])
18.1295 	EXP 	unnamed Rect: pos = array([ -72.68823327, -144.80750356])
18.1461 	EXP 	unnamed Rect: pos = array([ -72.68823327, -144.80750356])
18.1626 	EXP 	unnamed Rect: pos = array([ -72.68823327, -144.80750356])
18.1795 	EXP 	unnamed Rect: pos = array([ -72.68823327, -144.80750356])
18.1959 	EXP 	unnamed Rect: pos = array([ -72.68823327, -144.80750356])
18.2128 	EXP 	unnamed Rect: pos = array([ -72.68823327, -144.80750356])
18.2296 	EXP 	unnamed Rect: pos = array([ -72.68823327, -144.80750356])
18.2462 	EXP 	unnamed Rect: pos = array([ -72.68823327, -144.80750356])
18.2631 	EXP 	unnamed Rect: pos = array([ -72.68823327, -144.80750356])
18.2796 	EXP 	unnamed Rect: pos = array([ -72.68823327, -144.80750356])
18.2962 	EXP 	unnamed Rect: pos = array([ -72.68823327, -144.80750356])
18.3131 	EXP 	unnamed Rect: pos = array([ -72.68823327, -144.80750356])
18.3298 	EXP 	unnamed Rect: pos = array([ -72.68823327, -144.80750356])
18.3461 	EXP 	unnamed Rect: pos = array([ -72.68823327, -144.80750356])
18.3636 	EXP 	unnamed Rect: pos = array([ -72.68823327, -144.80750356])
18.3648 	DATA 	Keypress: right
18.3805 	EXP 	unnamed Rect: pos = array([ -62.68823327, -144.80750356])
18.3971 	EXP 	unnamed Rect: pos = array([ -62.68823327, -144.80750356])
18.4133 	EXP 	unnamed Rect: pos = array([ -62.68823327, -144.80750356])
18.4294 	EXP 	unnamed Rect: pos = array([ -62.68823327, -144.80750356])
18.4464 	EXP 	unnamed Rect: pos = array([ -62.68823327, -144.80750356])
18.4629 	EXP 	unnamed Rect: pos = array([ -62.68823327, -144.80750356])
18.4797 	EXP 	unnamed Rect: pos = array([ -62.68823327, -144.80750356])
18.4962 	EXP 	unnamed Rect: pos = array([ -62.68823327, -144.80750356])
18.5128 	EXP 	unnamed Rect: pos = array([ -62.68823327, -144.80750356])
18.5302 	EXP 	unnamed Rect: pos = array([ -62.68823327, -144.80750356])
18.5311 	DATA 	Keypress: right
18.5461 	EXP 	unnamed Rect: pos = array([ -52.68823327, -144.80750356])
18.5632 	EXP 	unnamed Rect: pos = array([ -52.68823327, -144.80750356])
18.5804 	EXP 	unnamed Rect: pos = array([ -52.68823327, -144.80750356])
18.5961 	EXP 	unnamed Rect: pos = array([ -52.68823327, -144.80750356])
18.6132 	EXP 	unnamed Rect: pos = array([ -52.68823327, -144.80750356])
18.6298 	EXP 	unnamed Rect: pos = array([ -52.68823327, -144.80750356])
18.6461 	EXP 	unnamed Rect: pos = array([ -52.68823327, -144.80750356])
18.6628 	EXP 	unnamed Rect: pos = array([ -52.68823327, -144.80750356])
18.6798 	EXP 	unnamed Rect: pos = array([ -52.68823327, -144.80750356])
18.6808 	DATA 	Keypress: right
18.6971 	EXP 	unnamed Rect: pos = array([ -42.68823327, -144.80750356])
18.7130 	EXP 	unnamed Rect: pos = array([ -42.68823327, -144.80750356])
18.7299 	EXP 	unnamed Rect: pos = array([ -42.68823327, -144.80750356])
18.7469 	EXP 	unnamed Rect: pos = array([ -42.68823327, -144.80750356])
18.7630 	EXP 	unnamed Rect: pos = array([ -42.68823327, -144.80750356])
18.7798 	EXP 	unnamed Rect: pos = array([ -42.68823327, -144.80750356])
18.7962 	EXP 	unnamed Rect: pos = array([ -42.68823327, -144.80750356])
18.8134 	EXP 	unnamed Rect: pos = array([ -42.68823327, -144.80750356])
18.8143 	DATA 	Keypress: down
18.8303 	EXP 	unnamed Rect: pos = array([ -42.68823327, -154.80750356])
18.8466 	EXP 	unnamed Rect: pos = array([ -42.68823327, -154.80750356])
18.8630 	EXP 	unnamed Rect: pos = array([ -42.68823327, -154.80750356])
18.8796 	EXP 	unnamed Rect: pos = array([ -42.68823327, -154.80750356])
18.8962 	EXP 	unnamed Rect: pos = array([ -42.68823327, -154.80750356])
18.9131 	EXP 	unnamed Rect: pos = array([ -42.68823327, -154.80750356])
18.9296 	EXP 	unnamed Rect: pos = array([ -42.68823327, -154.80750356])
18.9462 	EXP 	unnamed Rect: pos = array([ -42.68823327, -154.80750356])
18.9632 	EXP 	unnamed Rect: pos = array([ -42.68823327, -154.80750356])
18.9802 	EXP 	unnamed Rect: pos = array([ -42.68823327, -154.80750356])
18.9811 	DATA 	Keypress: down
18.9972 	EXP 	unnamed Rect: pos = array([ -42.68823327, -164.80750356])
19.0135 	EXP 	unnamed Rect: pos = array([ -42.68823327, -164.80750356])
19.0294 	EXP 	unnamed Rect: pos = array([ -42.68823327, -164.80750356])
19.0462 	EXP 	unnamed Rect: pos = array([ -42.68823327, -164.80750356])
19.0634 	EXP 	unnamed Rect: pos = array([ -42.68823327, -164.80750356])
19.0800 	EXP 	unnamed Rect: pos = array([ -42.68823327, -164.80750356])
19.0963 	EXP 	unnamed Rect: pos = array([ -42.68823327, -164.80750356])
19.1149 	EXP 	unnamed Rect: pos = array([ -42.68823327, -164.80750356])
19.1292 	EXP 	unnamed Rect: pos = array([ -42.68823327, -164.80750356])
19.1468 	EXP 	unnamed Rect: pos = array([ -42.68823327, -164.80750356])
19.1631 	EXP 	unnamed Rect: pos = array([ -42.68823327, -164.80750356])
19.1640 	DATA 	Keypress: right
19.1797 	EXP 	unnamed Rect: pos = array([ -32.68823327, -164.80750356])
19.1961 	EXP 	unnamed Rect: pos = array([ -32.68823327, -164.80750356])
19.2128 	EXP 	unnamed Rect: pos = array([ -32.68823327, -164.80750356])
19.2304 	EXP 	unnamed Rect: pos = array([ -32.68823327, -164.80750356])
19.2465 	EXP 	unnamed Rect: pos = array([ -32.68823327, -164.80750356])
19.2628 	EXP 	unnamed Rect: pos = array([ -32.68823327, -164.80750356])
19.2796 	EXP 	unnamed Rect: pos = array([ -32.68823327, -164.80750356])
19.2962 	EXP 	unnamed Rect: pos = array([ -32.68823327, -164.80750356])
19.3129 	EXP 	unnamed Rect: pos = array([ -32.68823327, -164.80750356])
19.3305 	EXP 	unnamed Rect: pos = array([ -32.68823327, -164.80750356])
19.3314 	DATA 	Keypress: right
19.3462 	EXP 	unnamed Rect: pos = array([ -22.68823327, -164.80750356])
19.3629 	EXP 	unnamed Rect: pos = array([ -22.68823327, -164.80750356])
19.3794 	EXP 	unnamed Rect: pos = array([ -22.68823327, -164.80750356])
19.3964 	EXP 	unnamed Rect: pos = array([ -22.68823327, -164.80750356])
19.4129 	EXP 	unnamed Rect: pos = array([ -22.68823327, -164.80750356])
19.4298 	EXP 	unnamed Rect: pos = array([ -22.68823327, -164.80750356])
19.4464 	EXP 	unnamed Rect: pos = array([ -22.68823327, -164.80750356])
19.4631 	EXP 	unnamed Rect: pos = array([ -22.68823327, -164.80750356])
19.4803 	EXP 	unnamed Rect: pos = array([ -22.68823327, -164.80750356])
19.4811 	DATA 	Keypress: right
19.4970 	EXP 	unnamed Rect: pos = array([ -12.68823327, -164.80750356])
19.5128 	EXP 	unnamed Rect: pos = array([ -12.68823327, -164.80750356])
19.5299 	EXP 	unnamed Rect: pos = array([ -12.68823327, -164.80750356])
19.5468 	EXP 	unnamed Rect: pos = array([ -12.68823327, -164.80750356])
19.5636 	EXP 	unnamed Rect: pos = array([ -12.68823327, -164.80750356])
19.5800 	EXP 	unnamed Rect: pos = array([ -12.68823327, -164.80750356])
19.5961 	EXP 	unnamed Rect: pos = array([ -12.68823327, -164.80750356])
19.6129 	EXP 	unnamed Rect: pos = array([ -12.68823327, -164.80750356])
19.6297 	EXP 	unnamed Rect: pos = array([ -12.68823327, -164.80750356])
19.6336 	DATA 	Keypress: right
19.6472 	EXP 	unnamed Rect: pos = array([ -12.68823327, -164.80750356])
19.6628 	EXP 	unnamed Rect: pos = array([  -2.68823327, -164.80750356])
19.6795 	EXP 	unnamed Rect: pos = array([  -2.68823327, -164.80750356])
19.6962 	EXP 	unnamed Rect: pos = array([  -2.68823327, -164.80750356])
19.7134 	EXP 	unnamed Rect: pos = array([  -2.68823327, -164.80750356])
19.7300 	EXP 	unnamed Rect: pos = array([  -2.68823327, -164.80750356])
19.7465 	EXP 	unnamed Rect: pos = array([  -2.68823327, -164.80750356])
19.7632 	EXP 	unnamed Rect: pos = array([  -2.68823327, -164.80750356])
19.7801 	EXP 	unnamed Rect: pos = array([  -2.68823327, -164.80750356])
19.7810 	DATA 	Keypress: right
19.7972 	EXP 	unnamed Rect: pos = array([   7.31176673, -164.80750356])
19.8128 	EXP 	unnamed Rect: pos = array([   7.31176673, -164.80750356])
19.8295 	EXP 	unnamed Rect: pos = array([   7.31176673, -164.80750356])
19.8462 	EXP 	unnamed Rect: pos = array([   7.31176673, -164.80750356])
19.8633 	EXP 	unnamed Rect: pos = array([   7.31176673, -164.80750356])
19.8807 	EXP 	unnamed Rect: pos = array([   7.31176673, -164.80750356])
19.8962 	EXP 	unnamed Rect: pos = array([   7.31176673, -164.80750356])
19.9131 	EXP 	unnamed Rect: pos = array([   7.31176673, -164.80750356])
19.9298 	EXP 	unnamed Rect: pos = array([   7.31176673, -164.80750356])
19.9462 	EXP 	unnamed Rect: pos = array([   7.31176673, -164.80750356])
19.9638 	EXP 	unnamed Rect: pos = array([   7.31176673, -164.80750356])
19.9648 	DATA 	Keypress: right
19.9807 	EXP 	unnamed Rect: pos = array([  17.31176673, -164.80750356])
19.9969 	EXP 	unnamed Rect: pos = array([  17.31176673, -164.80750356])
20.0131 	EXP 	unnamed Rect: pos = array([  17.31176673, -164.80750356])
20.0305 	EXP 	unnamed Rect: pos = array([  17.31176673, -164.80750356])
20.0462 	EXP 	unnamed Rect: pos = array([  17.31176673, -164.80750356])
20.0633 	EXP 	unnamed Rect: pos = array([  17.31176673, -164.80750356])
20.0798 	EXP 	unnamed Rect: pos = array([  17.31176673, -164.80750356])
20.0966 	EXP 	unnamed Rect: pos = array([  17.31176673, -164.80750356])
20.0976 	DATA 	Keypress: down
20.1136 	EXP 	unnamed Rect: pos = array([  17.31176673, -174.80750356])
20.1295 	EXP 	unnamed Rect: pos = array([  17.31176673, -174.80750356])
20.1462 	EXP 	unnamed Rect: pos = array([  17.31176673, -174.80750356])
20.1630 	EXP 	unnamed Rect: pos = array([  17.31176673, -174.80750356])
20.1795 	EXP 	unnamed Rect: pos = array([  17.31176673, -174.80750356])
20.1965 	EXP 	unnamed Rect: pos = array([  17.31176673, -174.80750356])
20.2130 	EXP 	unnamed Rect: pos = array([  17.31176673, -174.80750356])
20.2300 	EXP 	unnamed Rect: pos = array([  17.31176673, -174.80750356])
20.2463 	EXP 	unnamed Rect: pos = array([  17.31176673, -174.80750356])
20.2628 	EXP 	unnamed Rect: pos = array([  17.31176673, -174.80750356])
20.2797 	EXP 	unnamed Rect: pos = array([  17.31176673, -174.80750356])
20.2844 	DATA 	Keypress: down
20.2971 	EXP 	unnamed Rect: pos = array([  17.31176673, -174.80750356])
20.3129 	EXP 	unnamed Rect: pos = array([  17.31176673, -184.80750356])
20.3295 	EXP 	unnamed Rect: pos = array([  17.31176673, -184.80750356])
20.3464 	EXP 	unnamed Rect: pos = array([  17.31176673, -184.80750356])
20.3628 	EXP 	unnamed Rect: pos = array([  17.31176673, -184.80750356])
20.3800 	EXP 	unnamed Rect: pos = array([  17.31176673, -184.80750356])
20.3962 	EXP 	unnamed Rect: pos = array([  17.31176673, -184.80750356])
20.4134 	EXP 	unnamed Rect: pos = array([  17.31176673, -184.80750356])
20.4299 	EXP 	unnamed Rect: pos = array([  17.31176673, -184.80750356])
20.4462 	EXP 	unnamed Rect: pos = array([  17.31176673, -184.80750356])
20.4633 	EXP 	unnamed Rect: pos = array([  17.31176673, -184.80750356])
20.4642 	DATA 	Keypress: right
20.4802 	EXP 	unnamed Rect: pos = array([  27.31176673, -184.80750356])
20.4966 	EXP 	unnamed Rect: pos = array([  27.31176673, -184.80750356])
20.5130 	EXP 	unnamed Rect: pos = array([  27.31176673, -184.80750356])
20.5299 	EXP 	unnamed Rect: pos = array([  27.31176673, -184.80750356])
20.5472 	EXP 	unnamed Rect: pos = array([  27.31176673, -184.80750356])
20.5628 	EXP 	unnamed Rect: pos = array([  27.31176673, -184.80750356])
20.5801 	EXP 	unnamed Rect: pos = array([  27.31176673, -184.80750356])
20.5964 	EXP 	unnamed Rect: pos = array([  27.31176673, -184.80750356])
20.6131 	EXP 	unnamed Rect: pos = array([  27.31176673, -184.80750356])
20.6298 	EXP 	unnamed Rect: pos = array([  27.31176673, -184.80750356])
20.6465 	EXP 	unnamed Rect: pos = array([  27.31176673, -184.80750356])
20.6638 	EXP 	unnamed Rect: pos = array([  27.31176673, -184.80750356])
20.6647 	DATA 	Keypress: right
20.6798 	EXP 	unnamed Rect: pos = array([  37.31176673, -184.80750356])
20.6966 	EXP 	unnamed Rect: pos = array([  37.31176673, -184.80750356])
20.7136 	EXP 	unnamed Rect: pos = array([  37.31176673, -184.80750356])
20.7296 	EXP 	unnamed Rect: pos = array([  37.31176673, -184.80750356])
20.7462 	EXP 	unnamed Rect: pos = array([  37.31176673, -184.80750356])
20.7628 	EXP 	unnamed Rect: pos = array([  37.31176673, -184.80750356])
20.7798 	EXP 	unnamed Rect: pos = array([  37.31176673, -184.80750356])
20.7962 	EXP 	unnamed Rect: pos = array([  37.31176673, -184.80750356])
20.8136 	EXP 	unnamed Rect: pos = array([  37.31176673, -184.80750356])
20.8145 	DATA 	Keypress: right
20.8300 	EXP 	unnamed Rect: pos = array([  47.31176673, -184.80750356])
20.8463 	EXP 	unnamed Rect: pos = array([  47.31176673, -184.80750356])
20.8636 	EXP 	unnamed Rect: pos = array([  47.31176673, -184.80750356])
20.8807 	EXP 	unnamed Rect: pos = array([  47.31176673, -184.80750356])
20.8964 	EXP 	unnamed Rect: pos = array([  47.31176673, -184.80750356])
20.9131 	EXP 	unnamed Rect: pos = array([  47.31176673, -184.80750356])
20.9300 	EXP 	unnamed Rect: pos = array([  47.31176673, -184.80750356])
20.9464 	EXP 	unnamed Rect: pos = array([  47.31176673, -184.80750356])
20.9633 	EXP 	unnamed Rect: pos = array([  47.31176673, -184.80750356])
20.9797 	EXP 	unnamed Rect: pos = array([  47.31176673, -184.80750356])
20.9966 	EXP 	unnamed Rect: pos = array([  47.31176673, -184.80750356])
21.0135 	EXP 	unnamed Rect: pos = array([  47.31176673, -184.80750356])
21.0307 	EXP 	unnamed Rect: pos = array([  47.31176673, -184.80750356])
21.0316 	DATA 	Keypress: right
21.0379 	EXP 	Created unnamed TextStim = TextStim(__class__=<class 'psychopy.visual.text.TextStim'>, alignHoriz=method-wrapper(...), alignText='center', alignVert=method-wrapper(...), anchorHoriz='center', anchorVert='center', antialias=True, autoLog=True, bold=False, color=array([1., 1., 1.]), colorSpace='rgb', contrast=1.0, depth=0, flipHoriz=False, flipVert=False, font='', fontFiles=[], height=0.2, italic=False, languageStyle='LTR', name='unnamed TextStim', opacity=1.0, ori=0.0, pos=array([0., 0.]), rgb=UNKNOWN, text='Reward Captured', units='height', win=Window(...), wrapWidth=1)
21.0459 	EXP 	unnamed Rect: pos = array([  57.31176673, -184.80750356])
21.0629 	EXP 	unnamed Rect: pos = array([  57.31176673, -184.80750356])
21.0796 	EXP 	unnamed Rect: pos = array([  57.31176673, -184.80750356])
21.0964 	EXP 	unnamed Rect: pos = array([  57.31176673, -184.80750356])
21.1131 	EXP 	unnamed Rect: pos = array([  57.31176673, -184.80750356])
21.1298 	EXP 	unnamed Rect: pos = array([  57.31176673, -184.80750356])
21.1464 	EXP 	unnamed Rect: pos = array([  57.31176673, -184.80750356])
21.1629 	EXP 	unnamed Rect: pos = array([  57.31176673, -184.80750356])
21.1799 	EXP 	unnamed Rect: pos = array([  57.31176673, -184.80750356])
21.1967 	EXP 	unnamed Rect: pos = array([  57.31176673, -184.80750356])
21.2141 	EXP 	unnamed Rect: pos = array([  57.31176673, -184.80750356])
21.2150 	DATA 	Keypress: down
21.2302 	EXP 	unnamed Rect: pos = array([  57.31176673, -194.80750356])
21.2464 	EXP 	unnamed Rect: pos = array([  57.31176673, -194.80750356])
21.2636 	EXP 	unnamed Rect: pos = array([  57.31176673, -194.80750356])
21.2802 	EXP 	unnamed Rect: pos = array([  57.31176673, -194.80750356])
21.2965 	EXP 	unnamed Rect: pos = array([  57.31176673, -194.80750356])
21.3133 	EXP 	unnamed Rect: pos = array([  57.31176673, -194.80750356])
21.3298 	EXP 	unnamed Rect: pos = array([  57.31176673, -194.80750356])
21.3463 	EXP 	unnamed Rect: pos = array([  57.31176673, -194.80750356])
21.3629 	EXP 	unnamed Rect: pos = array([  57.31176673, -194.80750356])
21.3793 	EXP 	unnamed Rect: pos = array([  57.31176673, -194.80750356])
21.3960 	EXP 	unnamed Rect: pos = array([  57.31176673, -194.80750356])
21.4131 	EXP 	unnamed Rect: pos = array([  57.31176673, -194.80750356])
21.4298 	EXP 	unnamed Rect: pos = array([  57.31176673, -194.80750356])
21.4469 	EXP 	unnamed Rect: pos = array([  57.31176673, -194.80750356])
21.4628 	EXP 	unnamed Rect: pos = array([  57.31176673, -194.80750356])
21.4798 	EXP 	unnamed Rect: pos = array([  57.31176673, -194.80750356])
21.4963 	EXP 	unnamed Rect: pos = array([  57.31176673, -194.80750356])
21.5131 	EXP 	unnamed Rect: pos = array([  57.31176673, -194.80750356])
21.5294 	EXP 	unnamed Rect: pos = array([  57.31176673, -194.80750356])
21.5463 	EXP 	unnamed Rect: pos = array([  57.31176673, -194.80750356])
21.5631 	EXP 	unnamed Rect: pos = array([  57.31176673, -194.80750356])
21.5807 	EXP 	unnamed Rect: pos = array([  57.31176673, -194.80750356])
21.5964 	EXP 	unnamed Rect: pos = array([  57.31176673, -194.80750356])
21.6129 	EXP 	unnamed Rect: pos = array([  57.31176673, -194.80750356])
21.6299 	EXP 	unnamed Rect: pos = array([  57.31176673, -194.80750356])
21.6463 	EXP 	unnamed Rect: pos = array([  57.31176673, -194.80750356])
21.6635 	EXP 	unnamed Rect: pos = array([  57.31176673, -194.80750356])
21.6801 	EXP 	unnamed Rect: pos = array([  57.31176673, -194.80750356])
21.6975 	EXP 	unnamed Rect: pos = array([  57.31176673, -194.80750356])
21.7139 	EXP 	unnamed Rect: pos = array([  57.31176673, -194.80750356])
21.7308 	EXP 	unnamed Rect: pos = array([  57.31176673, -194.80750356])
21.7464 	EXP 	unnamed Rect: pos = array([  57.31176673, -194.80750356])
21.7634 	EXP 	unnamed Rect: pos = array([  57.31176673, -194.80750356])
21.7801 	EXP 	unnamed Rect: pos = array([  57.31176673, -194.80750356])
21.7968 	EXP 	unnamed Rect: pos = array([  57.31176673, -194.80750356])
21.8136 	EXP 	unnamed Rect: pos = array([  57.31176673, -194.80750356])
21.8303 	EXP 	unnamed Rect: pos = array([  57.31176673, -194.80750356])
21.8471 	EXP 	unnamed Rect: pos = array([  57.31176673, -194.80750356])
21.8635 	EXP 	unnamed Rect: pos = array([  57.31176673, -194.80750356])
21.8802 	EXP 	unnamed Rect: pos = array([  57.31176673, -194.80750356])
21.8969 	EXP 	unnamed Rect: pos = array([  57.31176673, -194.80750356])
21.9132 	EXP 	unnamed Rect: pos = array([  57.31176673, -194.80750356])
21.9305 	EXP 	unnamed Rect: pos = array([  57.31176673, -194.80750356])
21.9467 	EXP 	unnamed Rect: pos = array([  57.31176673, -194.80750356])
21.9634 	EXP 	unnamed Rect: pos = array([  57.31176673, -194.80750356])
21.9796 	EXP 	unnamed Rect: pos = array([  57.31176673, -194.80750356])
21.9965 	EXP 	unnamed Rect: pos = array([  57.31176673, -194.80750356])
22.0131 	EXP 	unnamed Rect: pos = array([  57.31176673, -194.80750356])
22.0299 	EXP 	unnamed Rect: pos = array([  57.31176673, -194.80750356])
22.0466 	EXP 	unnamed Rect: pos = array([  57.31176673, -194.80750356])
22.0630 	EXP 	unnamed Rect: pos = array([  57.31176673, -194.80750356])
22.0795 	EXP 	unnamed Rect: pos = array([  57.31176673, -194.80750356])
22.0962 	EXP 	unnamed Rect: pos = array([  57.31176673, -194.80750356])
22.1129 	EXP 	unnamed Rect: pos = array([  57.31176673, -194.80750356])
22.1296 	EXP 	unnamed Rect: pos = array([  57.31176673, -194.80750356])
22.1462 	EXP 	unnamed Rect: pos = array([  57.31176673, -194.80750356])
22.1631 	EXP 	unnamed Rect: pos = array([  57.31176673, -194.80750356])
22.1797 	EXP 	unnamed Rect: pos = array([  57.31176673, -194.80750356])
22.1965 	EXP 	unnamed Rect: pos = array([  57.31176673, -194.80750356])
22.2137 	EXP 	unnamed Rect: pos = array([  57.31176673, -194.80750356])
22.2304 	EXP 	unnamed Rect: pos = array([  57.31176673, -194.80750356])
22.2467 	EXP 	unnamed Rect: pos = array([  57.31176673, -194.80750356])
22.2635 	EXP 	unnamed Rect: pos = array([  57.31176673, -194.80750356])
22.2796 	EXP 	unnamed Rect: pos = array([  57.31176673, -194.80750356])
22.2967 	EXP 	unnamed Rect: pos = array([  57.31176673, -194.80750356])
22.3137 	EXP 	unnamed Rect: pos = array([  57.31176673, -194.80750356])
22.3303 	EXP 	unnamed Rect: pos = array([  57.31176673, -194.80750356])
22.3469 	EXP 	unnamed Rect: pos = array([  57.31176673, -194.80750356])
22.3632 	EXP 	unnamed Rect: pos = array([  57.31176673, -194.80750356])
22.3799 	EXP 	unnamed Rect: pos = array([  57.31176673, -194.80750356])
22.3969 	EXP 	text: autoDraw = True
23.2514 	DATA 	Keypress: space
24.0333 	DATA 	Keypress: escape
24.1916 	EXP 	window1: mouseVisible = True
