0.7494 	WARNING 	We strongly recommend you activate the PTB sound engine in PsychoPy prefs as the preferred audio engine. Its timing is vastly superior. Your prefs are currently set to use ['sounddevice', 'PTB', 'pyo', 'pygame'] (in that order).
5.6848 	ERROR 	'-1.0000, -1.0000, -1.0000' is not a valid rgb color
5.6917 	WARNING 	User requested fullscreen with size [1920 1080], but screen is actually [1440, 900]. Using actual size
6.3227 	EXP 	Created window1 = Window(allowGUI=False, allowStencil=False, autoLog=True, backendConf=UNKNOWN, bitsMode=UNKNOWN, blendMode='avg', bpc=(8, 8, 8), color=array([0, 0, 0]), colorSpace='rgb', depthBits=8, fullscr=<method-wrapper '__getattribute__' of attributeSetter object at 0x7fc57e8e75f8>, gamma=None, gammaErrorPolicy='raise', lms=UNKNOWN, monitor=<psychopy.monitors.calibTools.Monitor object at 0x7fc57f077d68>, multiSample=False, name='window1', numSamples=2, pos=[360.0, 225.0], screen=0, size=array([2880, 1800]), stencilBits=0, stereo=False, units='height', useFBO=True, useRetina=True, viewOri=0.0, viewPos=None, viewScale=None, waitBlanking=True, winType='pyglet')
6.3244 	EXP 	window1: mouseVisible = True
6.3244 	EXP 	window1: recordFrameIntervals = False
6.4891 	EXP 	window1: recordFrameIntervals = True
6.6730 	EXP 	window1: recordFrameIntervals = False
7.4176 	DEPRECATION 	'1.0000, 1.0000, 1.0000' is not a valid rgb color
7.4511 	EXP 	Created Welcometext = TextStim(__class__=<class 'psychopy.visual.text.TextStim'>, alignHoriz=method-wrapper(...), alignText='center', alignVert=method-wrapper(...), anchorHoriz='center', anchorVert='center', antialias=True, autoLog=True, bold=False, color=array([0., 0., 0.]), colorSpace='rgb', contrast=1.0, depth=0.0, flipHoriz=False, flipVert=False, font='Open Sans', fontFiles=[], height=0.05, italic=False, languageStyle='LTR', name='Welcometext', opacity=0, ori=0.0, pos=array([0., 0.]), rgb=UNKNOWN, text='Welcome\nPlease press Spacebar to start', units='height', win=Window(...), wrapWidth=1)
7.8226 	EXP 	Created text = TextStim(__class__=<class 'psychopy.visual.text.TextStim'>, alignHoriz=method-wrapper(...), alignText='center', alignVert=method-wrapper(...), anchorHoriz='center', anchorVert='center', antialias=True, autoLog=True, bold=False, color=array([1., 1., 1.]), colorSpace='rgb', contrast=1.0, depth=0.0, flipHoriz=False, flipVert=False, font='Open Sans', fontFiles=[], height=0.05, italic=False, languageStyle='LTR', name='text', opacity=1, ori=0.0, pos=array([0., 0.]), rgb=UNKNOWN, text=str(...), units='height', win=Window(...), wrapWidth=1)
7.8350 	EXP 	Welcometext: autoDraw = True
14.1454 	EXP 	Created unnamed Rect = Rect(__class__=<class 'psychopy.visual.rect.Rect'>, autoDraw=False, autoLog=True, closeShape=True, color=method-wrapper(...), colorSpace='rgb', contrast=None, depth=0, fillColor=array([ 1, -1, -1]), fillColorSpace='rgb', fillRGB=array([ 1, -1, -1]), interpolate=True, lineColor=array([-1., -1.,  1.]), lineColorSpace='rgb', lineRGB=array([-1, -1,  1]), lineWidth=1.5, name='unnamed Rect', opacity=1, ori=0.0, pos=array([0., 0.]), size=array([1000.,  700.]), units='pix', vertices=ndarray(...), win=Window(...))
14.1480 	EXP 	Created unnamed Rect = Rect(__class__=<class 'psychopy.visual.rect.Rect'>, autoDraw=False, autoLog=True, closeShape=True, color=method-wrapper(...), colorSpace='rgb', contrast=None, depth=0, fillColor=array([-1, -1, -1]), fillColorSpace='rgb', fillRGB=array([-1, -1, -1]), interpolate=True, lineColor=array([-1., -1.,  1.]), lineColorSpace='rgb', lineRGB=array([-1, -1,  1]), lineWidth=1.5, name='unnamed Rect', opacity=1, ori=0.0, pos=array([0., 0.]), size=array([400., 600.]), units='pix', vertices=ndarray(...), win=Window(...))
14.1505 	EXP 	Created unnamed Rect = Rect(__class__=<class 'psychopy.visual.rect.Rect'>, autoDraw=False, autoLog=True, closeShape=True, color=method-wrapper(...), colorSpace='rgb', contrast=None, depth=0, fillColor=array([-1, -1, -1]), fillColorSpace='rgb', fillRGB=array([-1, -1, -1]), interpolate=True, lineColor=array([-1., -1.,  1.]), lineColorSpace='rgb', lineRGB=array([-1, -1,  1]), lineWidth=1.5, name='unnamed Rect', opacity=1, ori=0.0, pos=array([0., 0.]), size=array([400., 600.]), units='pix', vertices=ndarray(...), win=Window(...))
14.1534 	EXP 	Created unnamed Rect = Rect(__class__=<class 'psychopy.visual.rect.Rect'>, autoDraw=False, autoLog=True, closeShape=True, color=method-wrapper(...), colorSpace='rgb', contrast=None, depth=0, fillColor=array([ 1,  1, -1]), fillColorSpace='rgb', fillRGB=array([ 1,  1, -1]), interpolate=True, lineColor=array([0., 0., 0.]), lineColorSpace='rgb', lineRGB=array([0, 0, 0]), lineWidth=1.5, name='unnamed Rect', opacity=0.5, ori=0.0, pos=array([0., 0.]), size=array([30., 30.]), units='pix', vertices=ndarray(...), win=Window(...))
14.1562 	EXP 	Created unnamed Rect = Rect(__class__=<class 'psychopy.visual.rect.Rect'>, autoDraw=False, autoLog=True, closeShape=True, color=method-wrapper(...), colorSpace='rgb', contrast=None, depth=0, fillColor=array([ 1,  1, -1]), fillColorSpace='rgb', fillRGB=array([ 1,  1, -1]), interpolate=True, lineColor=array([0., 0., 0.]), lineColorSpace='rgb', lineRGB=array([0, 0, 0]), lineWidth=1.5, name='unnamed Rect', opacity=0.5, ori=0.0, pos=array([0., 0.]), size=array([30., 30.]), units='pix', vertices=ndarray(...), win=Window(...))
14.1589 	EXP 	Created unnamed Rect = Rect(__class__=<class 'psychopy.visual.rect.Rect'>, autoDraw=False, autoLog=True, closeShape=True, color=method-wrapper(...), colorSpace='rgb', contrast=None, depth=0, fillColor=array([ 1,  1, -1]), fillColorSpace='rgb', fillRGB=array([ 1,  1, -1]), interpolate=True, lineColor=array([0., 0., 0.]), lineColorSpace='rgb', lineRGB=array([0, 0, 0]), lineWidth=1.5, name='unnamed Rect', opacity=0.5, ori=0.0, pos=array([0., 0.]), size=array([30., 30.]), units='pix', vertices=ndarray(...), win=Window(...))
14.1619 	EXP 	Created unnamed Rect = Rect(__class__=<class 'psychopy.visual.rect.Rect'>, autoDraw=False, autoLog=True, closeShape=True, color=method-wrapper(...), colorSpace='rgb', contrast=None, depth=0, fillColor=array([ 1,  1, -1]), fillColorSpace='rgb', fillRGB=array([ 1,  1, -1]), interpolate=True, lineColor=array([0., 0., 0.]), lineColorSpace='rgb', lineRGB=array([0, 0, 0]), lineWidth=1.5, name='unnamed Rect', opacity=0.5, ori=0.0, pos=array([0., 0.]), size=array([30., 30.]), units='pix', vertices=ndarray(...), win=Window(...))
14.1643 	EXP 	Created unnamed Rect = Rect(__class__=<class 'psychopy.visual.rect.Rect'>, autoDraw=False, autoLog=True, closeShape=True, color=method-wrapper(...), colorSpace='rgb', contrast=None, depth=0, fillColor=array([ 1,  1, -1]), fillColorSpace='rgb', fillRGB=array([ 1,  1, -1]), interpolate=True, lineColor=array([0., 0., 0.]), lineColorSpace='rgb', lineRGB=array([0, 0, 0]), lineWidth=1.5, name='unnamed Rect', opacity=0.5, ori=0.0, pos=array([0., 0.]), size=array([30., 30.]), units='pix', vertices=ndarray(...), win=Window(...))
14.1669 	EXP 	Created unnamed Rect = Rect(__class__=<class 'psychopy.visual.rect.Rect'>, autoDraw=False, autoLog=True, closeShape=True, color=method-wrapper(...), colorSpace='rgb', contrast=None, depth=0, fillColor=array([ 1,  1, -1]), fillColorSpace='rgb', fillRGB=array([ 1,  1, -1]), interpolate=True, lineColor=array([0., 0., 0.]), lineColorSpace='rgb', lineRGB=array([0, 0, 0]), lineWidth=1.5, name='unnamed Rect', opacity=0.5, ori=0.0, pos=array([0., 0.]), size=array([30., 30.]), units='pix', vertices=ndarray(...), win=Window(...))
14.2121 	EXP 	Created unnamed ImageStim = ImageStim(__class__=<class 'psychopy.visual.image.ImageStim'>, autoLog=True, color=array([1., 1., 1.]), colorSpace='rgb', contrast=1.0, depth=0, flipHoriz=False, flipVert=False, image='tree.png', interpolate=False, mask=None, maskParams=None, name='unnamed ImageStim', opacity=1, ori=0.0, pos=array([0., 0.]), size=array([512, 512]), texRes=128, units='pix', win=Window(...))
14.2321 	EXP 	Created unnamed ImageStim = ImageStim(__class__=<class 'psychopy.visual.image.ImageStim'>, autoLog=True, color=array([1., 1., 1.]), colorSpace='rgb', contrast=1.0, depth=0, flipHoriz=False, flipVert=False, image='tree.png', interpolate=False, mask=None, maskParams=None, name='unnamed ImageStim', opacity=1, ori=0.0, pos=array([0., 0.]), size=array([512, 512]), texRes=128, units='pix', win=Window(...))
14.2501 	EXP 	Created unnamed ImageStim = ImageStim(__class__=<class 'psychopy.visual.image.ImageStim'>, autoLog=True, color=array([1., 1., 1.]), colorSpace='rgb', contrast=1.0, depth=0, flipHoriz=False, flipVert=False, image='tree.png', interpolate=False, mask=None, maskParams=None, name='unnamed ImageStim', opacity=1, ori=0.0, pos=array([0., 0.]), size=array([512, 512]), texRes=128, units='pix', win=Window(...))
14.3274 	EXP 	Welcometext: autoDraw = False
14.3274 	EXP 	unnamed Rect: pos = [-250, 0]
14.3274 	EXP 	unnamed Rect: pos = [250, 0]
14.3274 	EXP 	unnamed Rect: pos = [-324.586886998048, 98.34523917161263]
14.3274 	EXP 	unnamed Rect: pos = [-264.94979682562416, 213.65411307156432]
14.3274 	EXP 	unnamed Rect: pos = [-77.74779022430073, 195.39495435755535]
14.3274 	EXP 	unnamed Rect: pos = [-100.05070117851164, 223.970790335255]
14.3274 	EXP 	unnamed Rect: pos = [-428.69031088448116, 227.22775320418253]
14.3274 	EXP 	unnamed Rect: pos = [369.41251175086353, 155.0249742314513]
14.3274 	EXP 	unnamed ImageStim: size = [128.0, 128.0]
14.3274 	EXP 	unnamed ImageStim: size = [128.0, 128.0]
14.3274 	EXP 	unnamed ImageStim: size = [128.0, 128.0]
14.3274 	EXP 	unnamed ImageStim: pos = [-8.126915683552596, 1.0802639141750578]
14.3274 	EXP 	unnamed ImageStim: pos = [-258.1269156835526, 1.0802639141750578]
14.3274 	EXP 	unnamed ImageStim: pos = [241.8730843164474, 1.0802639141750578]
20.4108 	EXP 	Created unnamed Rect = Rect(__class__=<class 'psychopy.visual.rect.Rect'>, autoDraw=False, autoLog=True, closeShape=True, color=method-wrapper(...), colorSpace='rgb', contrast=None, depth=0, fillColor=array([-1, -1, -1]), fillColorSpace='rgb', fillRGB=array([-1, -1, -1]), interpolate=True, lineColor=array([-1., -1.,  1.]), lineColorSpace='rgb', lineRGB=array([-1, -1,  1]), lineWidth=1.5, name='unnamed Rect', opacity=1, ori=0.0, pos=array([0., 0.]), size=array([400., 600.]), units='pix', vertices=ndarray(...), win=Window(...))
20.4167 	EXP 	Created unnamed Rect = Rect(__class__=<class 'psychopy.visual.rect.Rect'>, autoDraw=False, autoLog=True, closeShape=True, color=method-wrapper(...), colorSpace='rgb', contrast=None, depth=0, fillColor=array([-1, -1, -1]), fillColorSpace='rgb', fillRGB=array([-1, -1, -1]), interpolate=True, lineColor=array([-1., -1.,  1.]), lineColorSpace='rgb', lineRGB=array([-1, -1,  1]), lineWidth=1.5, name='unnamed Rect', opacity=1, ori=0.0, pos=array([0., 0.]), size=array([400., 600.]), units='pix', vertices=ndarray(...), win=Window(...))
20.4289 	EXP 	unnamed Rect: pos = array([-74.586887  ,  98.34523917])
20.4289 	EXP 	unnamed Rect: pos = array([-14.94979683, 213.65411307])
20.4289 	EXP 	unnamed Rect: pos = array([172.25220978, 195.39495436])
20.4289 	EXP 	unnamed Rect: pos = array([149.94929882, 223.97079034])
20.4289 	EXP 	unnamed Rect: pos = array([-178.69031088,  227.2277532 ])
20.4289 	EXP 	unnamed Rect: pos = array([-74.586887  ,  98.34523917])
20.4388 	EXP 	unnamed Rect: pos = array([-74.586887  ,  98.34523917])
20.4558 	EXP 	unnamed Rect: pos = array([-74.586887  ,  98.34523917])
20.4719 	EXP 	unnamed Rect: pos = array([-74.586887  ,  98.34523917])
20.4889 	EXP 	unnamed Rect: pos = array([-74.586887  ,  98.34523917])
20.5056 	EXP 	unnamed Rect: pos = array([-74.586887  ,  98.34523917])
20.5226 	EXP 	unnamed Rect: pos = array([-74.586887  ,  98.34523917])
20.5398 	EXP 	unnamed Rect: pos = array([-74.586887  ,  98.34523917])
20.5556 	EXP 	unnamed Rect: pos = array([-74.586887  ,  98.34523917])
20.5727 	EXP 	unnamed Rect: pos = array([-74.586887  ,  98.34523917])
20.5892 	EXP 	unnamed Rect: pos = array([-74.586887  ,  98.34523917])
20.6056 	EXP 	unnamed Rect: pos = array([-74.586887  ,  98.34523917])
20.6225 	EXP 	unnamed Rect: pos = array([-74.586887  ,  98.34523917])
20.6395 	EXP 	unnamed Rect: pos = array([-74.586887  ,  98.34523917])
20.6554 	EXP 	unnamed Rect: pos = array([-74.586887  ,  98.34523917])
20.6727 	EXP 	unnamed Rect: pos = array([-74.586887  ,  98.34523917])
20.6892 	EXP 	unnamed Rect: pos = array([-74.586887  ,  98.34523917])
20.7060 	EXP 	unnamed Rect: pos = array([-74.586887  ,  98.34523917])
20.7226 	EXP 	unnamed Rect: pos = array([-74.586887  ,  98.34523917])
20.7386 	EXP 	unnamed Rect: pos = array([-74.586887  ,  98.34523917])
20.7555 	EXP 	unnamed Rect: pos = array([-74.586887  ,  98.34523917])
20.7718 	EXP 	unnamed Rect: pos = array([-74.586887  ,  98.34523917])
20.7890 	EXP 	unnamed Rect: pos = array([-74.586887  ,  98.34523917])
20.8056 	EXP 	unnamed Rect: pos = array([-74.586887  ,  98.34523917])
20.8228 	EXP 	unnamed Rect: pos = array([-74.586887  ,  98.34523917])
20.8390 	EXP 	unnamed Rect: pos = array([-74.586887  ,  98.34523917])
20.8556 	EXP 	unnamed Rect: pos = array([-74.586887  ,  98.34523917])
20.8721 	EXP 	unnamed Rect: pos = array([-74.586887  ,  98.34523917])
20.8890 	EXP 	unnamed Rect: pos = array([-74.586887  ,  98.34523917])
20.9057 	EXP 	unnamed Rect: pos = array([-74.586887  ,  98.34523917])
20.9226 	EXP 	unnamed Rect: pos = array([-74.586887  ,  98.34523917])
20.9390 	EXP 	unnamed Rect: pos = array([-74.586887  ,  98.34523917])
20.9565 	EXP 	unnamed Rect: pos = array([-74.586887  ,  98.34523917])
20.9728 	EXP 	unnamed Rect: pos = array([-74.586887  ,  98.34523917])
20.9890 	EXP 	unnamed Rect: pos = array([-74.586887  ,  98.34523917])
21.0060 	EXP 	unnamed Rect: pos = array([-74.586887  ,  98.34523917])
21.0226 	EXP 	unnamed Rect: pos = array([-74.586887  ,  98.34523917])
21.0391 	EXP 	unnamed Rect: pos = array([-74.586887  ,  98.34523917])
21.0555 	EXP 	unnamed Rect: pos = array([-74.586887  ,  98.34523917])
21.0731 	EXP 	unnamed Rect: pos = array([-74.586887  ,  98.34523917])
21.0897 	EXP 	unnamed Rect: pos = array([-74.586887  ,  98.34523917])
21.1062 	EXP 	unnamed Rect: pos = array([-74.586887  ,  98.34523917])
21.1227 	EXP 	unnamed Rect: pos = array([-74.586887  ,  98.34523917])
21.1394 	EXP 	unnamed Rect: pos = array([-74.586887  ,  98.34523917])
21.1560 	EXP 	unnamed Rect: pos = array([-74.586887  ,  98.34523917])
21.1725 	EXP 	unnamed Rect: pos = array([-74.586887  ,  98.34523917])
21.1893 	EXP 	unnamed Rect: pos = array([-74.586887  ,  98.34523917])
21.2056 	EXP 	unnamed Rect: pos = array([-74.586887  ,  98.34523917])
21.2230 	EXP 	unnamed Rect: pos = array([-74.586887  ,  98.34523917])
21.2398 	EXP 	unnamed Rect: pos = array([-74.586887  ,  98.34523917])
21.2563 	EXP 	unnamed Rect: pos = array([-74.586887  ,  98.34523917])
21.2731 	EXP 	unnamed Rect: pos = array([-74.586887  ,  98.34523917])
21.2895 	EXP 	unnamed Rect: pos = array([-74.586887  ,  98.34523917])
21.3061 	EXP 	unnamed Rect: pos = array([-74.586887  ,  98.34523917])
21.3229 	EXP 	unnamed Rect: pos = array([-74.586887  ,  98.34523917])
21.3394 	EXP 	unnamed Rect: pos = array([-74.586887  ,  98.34523917])
21.3556 	EXP 	unnamed Rect: pos = array([-74.586887  ,  98.34523917])
21.3731 	EXP 	unnamed Rect: pos = array([-74.586887  ,  98.34523917])
21.3895 	EXP 	unnamed Rect: pos = array([-74.586887  ,  98.34523917])
21.4061 	EXP 	unnamed Rect: pos = array([-74.586887  ,  98.34523917])
21.4231 	EXP 	unnamed Rect: pos = array([-74.586887  ,  98.34523917])
21.4399 	EXP 	unnamed Rect: pos = array([-74.586887  ,  98.34523917])
21.4568 	EXP 	unnamed Rect: pos = array([-74.586887  ,  98.34523917])
21.4732 	EXP 	unnamed Rect: pos = array([-74.586887  ,  98.34523917])
21.4894 	EXP 	unnamed Rect: pos = array([-74.586887  ,  98.34523917])
21.5061 	EXP 	unnamed Rect: pos = array([-74.586887  ,  98.34523917])
21.5227 	EXP 	unnamed Rect: pos = array([-74.586887  ,  98.34523917])
21.5395 	EXP 	unnamed Rect: pos = array([-74.586887  ,  98.34523917])
21.5562 	EXP 	unnamed Rect: pos = array([-74.586887  ,  98.34523917])
21.5728 	EXP 	unnamed Rect: pos = array([-74.586887  ,  98.34523917])
21.5893 	EXP 	unnamed Rect: pos = array([-74.586887  ,  98.34523917])
21.6066 	EXP 	unnamed Rect: pos = array([-74.586887  ,  98.34523917])
21.6281 	EXP 	unnamed Rect: pos = array([-74.586887  ,  98.34523917])
21.6382 	EXP 	unnamed Rect: pos = array([-74.586887  ,  98.34523917])
21.6559 	EXP 	unnamed Rect: pos = array([-74.586887  ,  98.34523917])
21.6717 	EXP 	unnamed Rect: pos = array([-74.586887  ,  98.34523917])
21.6892 	EXP 	unnamed Rect: pos = array([-74.586887  ,  98.34523917])
21.7058 	EXP 	unnamed Rect: pos = array([-74.586887  ,  98.34523917])
21.7223 	EXP 	unnamed Rect: pos = array([-74.586887  ,  98.34523917])
21.7388 	EXP 	unnamed Rect: pos = array([-74.586887  ,  98.34523917])
21.7563 	EXP 	unnamed Rect: pos = array([-74.586887  ,  98.34523917])
21.7728 	EXP 	unnamed Rect: pos = array([-74.586887  ,  98.34523917])
21.7892 	EXP 	unnamed Rect: pos = array([-74.586887  ,  98.34523917])
21.8058 	EXP 	unnamed Rect: pos = array([-74.586887  ,  98.34523917])
21.8225 	EXP 	unnamed Rect: pos = array([-74.586887  ,  98.34523917])
21.8393 	EXP 	unnamed Rect: pos = array([-74.586887  ,  98.34523917])
21.8560 	EXP 	unnamed Rect: pos = array([-74.586887  ,  98.34523917])
21.8729 	EXP 	unnamed Rect: pos = array([-74.586887  ,  98.34523917])
21.8895 	EXP 	unnamed Rect: pos = array([-74.586887  ,  98.34523917])
21.9059 	EXP 	unnamed Rect: pos = array([-74.586887  ,  98.34523917])
21.9227 	EXP 	unnamed Rect: pos = array([-74.586887  ,  98.34523917])
21.9392 	EXP 	unnamed Rect: pos = array([-74.586887  ,  98.34523917])
21.9561 	EXP 	unnamed Rect: pos = array([-74.586887  ,  98.34523917])
21.9726 	EXP 	unnamed Rect: pos = array([-74.586887  ,  98.34523917])
21.9889 	EXP 	unnamed Rect: pos = array([-74.586887  ,  98.34523917])
22.0062 	EXP 	unnamed Rect: pos = array([-74.586887  ,  98.34523917])
22.0228 	EXP 	unnamed Rect: pos = array([-74.586887  ,  98.34523917])
22.0397 	EXP 	unnamed Rect: pos = array([-74.586887  ,  98.34523917])
22.0561 	EXP 	unnamed Rect: pos = array([-74.586887  ,  98.34523917])
22.0730 	EXP 	unnamed Rect: pos = array([-74.586887  ,  98.34523917])
22.0897 	EXP 	unnamed Rect: pos = array([-74.586887  ,  98.34523917])
22.1063 	EXP 	unnamed Rect: pos = array([-74.586887  ,  98.34523917])
22.1229 	EXP 	unnamed Rect: pos = array([-74.586887  ,  98.34523917])
22.1395 	EXP 	unnamed Rect: pos = array([-74.586887  ,  98.34523917])
22.1562 	EXP 	unnamed Rect: pos = array([-74.586887  ,  98.34523917])
22.1727 	EXP 	unnamed Rect: pos = array([-74.586887  ,  98.34523917])
22.1894 	EXP 	unnamed Rect: pos = array([-74.586887  ,  98.34523917])
22.2064 	EXP 	unnamed Rect: pos = array([-74.586887  ,  98.34523917])
22.2228 	EXP 	unnamed Rect: pos = array([-74.586887  ,  98.34523917])
22.2397 	EXP 	unnamed Rect: pos = array([-74.586887  ,  98.34523917])
22.2560 	EXP 	unnamed Rect: pos = array([-74.586887  ,  98.34523917])
22.2729 	EXP 	unnamed Rect: pos = array([-74.586887  ,  98.34523917])
22.2895 	EXP 	unnamed Rect: pos = array([-74.586887  ,  98.34523917])
22.3059 	EXP 	unnamed Rect: pos = array([-74.586887  ,  98.34523917])
22.3229 	EXP 	unnamed Rect: pos = array([-74.586887  ,  98.34523917])
22.3394 	EXP 	unnamed Rect: pos = array([-74.586887  ,  98.34523917])
22.3564 	EXP 	unnamed Rect: pos = array([-74.586887  ,  98.34523917])
22.3728 	EXP 	unnamed Rect: pos = array([-74.586887  ,  98.34523917])
22.3893 	EXP 	unnamed Rect: pos = array([-74.586887  ,  98.34523917])
22.4059 	EXP 	unnamed Rect: pos = array([-74.586887  ,  98.34523917])
22.4222 	EXP 	unnamed Rect: pos = array([-74.586887  ,  98.34523917])
22.4395 	EXP 	unnamed Rect: pos = array([-74.586887  ,  98.34523917])
22.4561 	EXP 	unnamed Rect: pos = array([-74.586887  ,  98.34523917])
22.4726 	EXP 	unnamed Rect: pos = array([-74.586887  ,  98.34523917])
22.4892 	EXP 	unnamed Rect: pos = array([-74.586887  ,  98.34523917])
22.5058 	EXP 	unnamed Rect: pos = array([-74.586887  ,  98.34523917])
22.5222 	EXP 	unnamed Rect: pos = array([-74.586887  ,  98.34523917])
22.5395 	EXP 	unnamed Rect: pos = array([-74.586887  ,  98.34523917])
22.5562 	EXP 	unnamed Rect: pos = array([-74.586887  ,  98.34523917])
22.5729 	EXP 	unnamed Rect: pos = array([-74.586887  ,  98.34523917])
22.5896 	EXP 	unnamed Rect: pos = array([-74.586887  ,  98.34523917])
22.6059 	EXP 	unnamed Rect: pos = array([-74.586887  ,  98.34523917])
22.6227 	EXP 	unnamed Rect: pos = array([-74.586887  ,  98.34523917])
22.6394 	EXP 	unnamed Rect: pos = array([-74.586887  ,  98.34523917])
22.6560 	EXP 	unnamed Rect: pos = array([-74.586887  ,  98.34523917])
22.6722 	EXP 	unnamed Rect: pos = array([-74.586887  ,  98.34523917])
22.6895 	EXP 	unnamed Rect: pos = array([-74.586887  ,  98.34523917])
22.7061 	EXP 	unnamed Rect: pos = array([-74.586887  ,  98.34523917])
22.7225 	EXP 	unnamed Rect: pos = array([-74.586887  ,  98.34523917])
22.7394 	EXP 	unnamed Rect: pos = array([-74.586887  ,  98.34523917])
22.7562 	EXP 	unnamed Rect: pos = array([-74.586887  ,  98.34523917])
22.7729 	EXP 	unnamed Rect: pos = array([-74.586887  ,  98.34523917])
22.7892 	EXP 	unnamed Rect: pos = array([-74.586887  ,  98.34523917])
22.8058 	EXP 	unnamed Rect: pos = array([-74.586887  ,  98.34523917])
22.8225 	EXP 	unnamed Rect: pos = array([-74.586887  ,  98.34523917])
22.8392 	EXP 	unnamed Rect: pos = array([-74.586887  ,  98.34523917])
22.8559 	EXP 	unnamed Rect: pos = array([-74.586887  ,  98.34523917])
22.8724 	EXP 	unnamed Rect: pos = array([-74.586887  ,  98.34523917])
22.8899 	EXP 	unnamed Rect: pos = array([-74.586887  ,  98.34523917])
22.9063 	EXP 	unnamed Rect: pos = array([-74.586887  ,  98.34523917])
22.9228 	EXP 	unnamed Rect: pos = array([-74.586887  ,  98.34523917])
22.9392 	EXP 	unnamed Rect: pos = array([-74.586887  ,  98.34523917])
22.9560 	EXP 	unnamed Rect: pos = array([-74.586887  ,  98.34523917])
22.9728 	EXP 	unnamed Rect: pos = array([-74.586887  ,  98.34523917])
22.9894 	EXP 	unnamed Rect: pos = array([-74.586887  ,  98.34523917])
23.0060 	EXP 	unnamed Rect: pos = array([-74.586887  ,  98.34523917])
23.0227 	EXP 	unnamed Rect: pos = array([-74.586887  ,  98.34523917])
23.0393 	EXP 	unnamed Rect: pos = array([-74.586887  ,  98.34523917])
23.0565 	EXP 	unnamed Rect: pos = array([-74.586887  ,  98.34523917])
23.0731 	EXP 	unnamed Rect: pos = array([-74.586887  ,  98.34523917])
23.0895 	EXP 	unnamed Rect: pos = array([-74.586887  ,  98.34523917])
23.1059 	EXP 	unnamed Rect: pos = array([-74.586887  ,  98.34523917])
23.1231 	EXP 	unnamed Rect: pos = array([-74.586887  ,  98.34523917])
23.1396 	EXP 	unnamed Rect: pos = array([-74.586887  ,  98.34523917])
23.1561 	EXP 	unnamed Rect: pos = array([-74.586887  ,  98.34523917])
23.1726 	EXP 	unnamed Rect: pos = array([-74.586887  ,  98.34523917])
23.1889 	EXP 	unnamed Rect: pos = array([-74.586887  ,  98.34523917])
23.2064 	EXP 	unnamed Rect: pos = array([-74.586887  ,  98.34523917])
23.2223 	EXP 	unnamed Rect: pos = array([-74.586887  ,  98.34523917])
23.2392 	EXP 	unnamed Rect: pos = array([-74.586887  ,  98.34523917])
23.2556 	EXP 	unnamed Rect: pos = array([-74.586887  ,  98.34523917])
23.2734 	EXP 	unnamed Rect: pos = array([-74.586887  ,  98.34523917])
23.2895 	EXP 	unnamed Rect: pos = array([-74.586887  ,  98.34523917])
23.3062 	EXP 	unnamed Rect: pos = array([-74.586887  ,  98.34523917])
23.3230 	EXP 	unnamed Rect: pos = array([-74.586887  ,  98.34523917])
23.3393 	EXP 	unnamed Rect: pos = array([-74.586887  ,  98.34523917])
23.3561 	EXP 	unnamed Rect: pos = array([-74.586887  ,  98.34523917])
23.3724 	EXP 	unnamed Rect: pos = array([-74.586887  ,  98.34523917])
23.3894 	EXP 	unnamed Rect: pos = array([-74.586887  ,  98.34523917])
23.4062 	EXP 	unnamed Rect: pos = array([-74.586887  ,  98.34523917])
23.4233 	EXP 	unnamed Rect: pos = array([-74.586887  ,  98.34523917])
23.4396 	EXP 	unnamed Rect: pos = array([-74.586887  ,  98.34523917])
23.4560 	EXP 	unnamed Rect: pos = array([-74.586887  ,  98.34523917])
23.4728 	EXP 	unnamed Rect: pos = array([-74.586887  ,  98.34523917])
23.4894 	EXP 	unnamed Rect: pos = array([-74.586887  ,  98.34523917])
23.5059 	EXP 	unnamed Rect: pos = array([-74.586887  ,  98.34523917])
23.5225 	EXP 	unnamed Rect: pos = array([-74.586887  ,  98.34523917])
23.5392 	EXP 	unnamed Rect: pos = array([-74.586887  ,  98.34523917])
23.5558 	EXP 	unnamed Rect: pos = array([-74.586887  ,  98.34523917])
23.5733 	EXP 	unnamed Rect: pos = array([-74.586887  ,  98.34523917])
23.5896 	EXP 	unnamed Rect: pos = array([-74.586887  ,  98.34523917])
23.6063 	EXP 	unnamed Rect: pos = array([-74.586887  ,  98.34523917])
23.6231 	EXP 	unnamed Rect: pos = array([-74.586887  ,  98.34523917])
23.6395 	EXP 	unnamed Rect: pos = array([-74.586887  ,  98.34523917])
23.6566 	EXP 	unnamed Rect: pos = array([-74.586887  ,  98.34523917])
23.6722 	EXP 	unnamed Rect: pos = array([-74.586887  ,  98.34523917])
23.6892 	EXP 	unnamed Rect: pos = array([-74.586887  ,  98.34523917])
23.7058 	EXP 	unnamed Rect: pos = array([-74.586887  ,  98.34523917])
23.7227 	EXP 	unnamed Rect: pos = array([-74.586887  ,  98.34523917])
23.7393 	EXP 	unnamed Rect: pos = array([-74.586887  ,  98.34523917])
23.7556 	EXP 	unnamed Rect: pos = array([-74.586887  ,  98.34523917])
23.7733 	EXP 	unnamed Rect: pos = array([-74.586887  ,  98.34523917])
23.7894 	EXP 	unnamed Rect: pos = array([-74.586887  ,  98.34523917])
23.8061 	EXP 	unnamed Rect: pos = array([-74.586887  ,  98.34523917])
23.8229 	EXP 	unnamed Rect: pos = array([-74.586887  ,  98.34523917])
23.8395 	EXP 	unnamed Rect: pos = array([-74.586887  ,  98.34523917])
23.8558 	EXP 	unnamed Rect: pos = array([-74.586887  ,  98.34523917])
23.8726 	EXP 	unnamed Rect: pos = array([-74.586887  ,  98.34523917])
23.8892 	EXP 	unnamed Rect: pos = array([-74.586887  ,  98.34523917])
23.9059 	EXP 	unnamed Rect: pos = array([-74.586887  ,  98.34523917])
23.9225 	EXP 	unnamed Rect: pos = array([-74.586887  ,  98.34523917])
23.9392 	EXP 	unnamed Rect: pos = array([-74.586887  ,  98.34523917])
23.9559 	EXP 	unnamed Rect: pos = array([-74.586887  ,  98.34523917])
23.9724 	EXP 	unnamed Rect: pos = array([-74.586887  ,  98.34523917])
23.9901 	EXP 	unnamed Rect: pos = array([-74.586887  ,  98.34523917])
24.0064 	EXP 	unnamed Rect: pos = array([-74.586887  ,  98.34523917])
24.0228 	EXP 	unnamed Rect: pos = array([-74.586887  ,  98.34523917])
24.0393 	EXP 	unnamed Rect: pos = array([-74.586887  ,  98.34523917])
24.0559 	EXP 	unnamed Rect: pos = array([-74.586887  ,  98.34523917])
24.0725 	EXP 	unnamed Rect: pos = array([-74.586887  ,  98.34523917])
24.0889 	EXP 	unnamed Rect: pos = array([-74.586887  ,  98.34523917])
24.1065 	EXP 	unnamed Rect: pos = array([-74.586887  ,  98.34523917])
24.1230 	EXP 	unnamed Rect: pos = array([-74.586887  ,  98.34523917])
24.1394 	EXP 	unnamed Rect: pos = array([-74.586887  ,  98.34523917])
24.1559 	EXP 	unnamed Rect: pos = array([-74.586887  ,  98.34523917])
24.1727 	EXP 	unnamed Rect: pos = array([-74.586887  ,  98.34523917])
24.1893 	EXP 	unnamed Rect: pos = array([-74.586887  ,  98.34523917])
24.2059 	EXP 	unnamed Rect: pos = array([-74.586887  ,  98.34523917])
24.2228 	EXP 	unnamed Rect: pos = array([-74.586887  ,  98.34523917])
24.2403 	EXP 	unnamed Rect: pos = array([-74.586887  ,  98.34523917])
24.2561 	EXP 	unnamed Rect: pos = array([-74.586887  ,  98.34523917])
24.2731 	EXP 	unnamed Rect: pos = array([-74.586887  ,  98.34523917])
24.2895 	EXP 	unnamed Rect: pos = array([-74.586887  ,  98.34523917])
24.3062 	EXP 	unnamed Rect: pos = array([-74.586887  ,  98.34523917])
24.3224 	EXP 	unnamed Rect: pos = array([-74.586887  ,  98.34523917])
24.3398 	EXP 	unnamed Rect: pos = array([-74.586887  ,  98.34523917])
24.3565 	EXP 	unnamed Rect: pos = array([-74.586887  ,  98.34523917])
24.3727 	EXP 	unnamed Rect: pos = array([-74.586887  ,  98.34523917])
24.3895 	EXP 	unnamed Rect: pos = array([-74.586887  ,  98.34523917])
24.4061 	EXP 	unnamed Rect: pos = array([-74.586887  ,  98.34523917])
24.4226 	EXP 	unnamed Rect: pos = array([-74.586887  ,  98.34523917])
24.4387 	EXP 	unnamed Rect: pos = array([-74.586887  ,  98.34523917])
24.4561 	EXP 	unnamed Rect: pos = array([-74.586887  ,  98.34523917])
24.4727 	EXP 	unnamed Rect: pos = array([-74.586887  ,  98.34523917])
24.4893 	EXP 	unnamed Rect: pos = array([-74.586887  ,  98.34523917])
24.5064 	EXP 	unnamed Rect: pos = array([-74.586887  ,  98.34523917])
24.5227 	EXP 	unnamed Rect: pos = array([-74.586887  ,  98.34523917])
24.5398 	EXP 	unnamed Rect: pos = array([-74.586887  ,  98.34523917])
24.5551 	EXP 	unnamed Rect: pos = array([-74.586887  ,  98.34523917])
24.5722 	EXP 	unnamed Rect: pos = array([-74.586887  ,  98.34523917])
24.5897 	EXP 	unnamed Rect: pos = array([-74.586887  ,  98.34523917])
24.6066 	EXP 	unnamed Rect: pos = array([-74.586887  ,  98.34523917])
24.6230 	EXP 	unnamed Rect: pos = array([-74.586887  ,  98.34523917])
24.6398 	EXP 	unnamed Rect: pos = array([-74.586887  ,  98.34523917])
24.6557 	EXP 	unnamed Rect: pos = array([-74.586887  ,  98.34523917])
24.6732 	EXP 	unnamed Rect: pos = array([-74.586887  ,  98.34523917])
24.6898 	EXP 	unnamed Rect: pos = array([-74.586887  ,  98.34523917])
24.7064 	EXP 	unnamed Rect: pos = array([-74.586887  ,  98.34523917])
24.7232 	EXP 	unnamed Rect: pos = array([-74.586887  ,  98.34523917])
24.7397 	EXP 	unnamed Rect: pos = array([-74.586887  ,  98.34523917])
24.7560 	EXP 	unnamed Rect: pos = array([-74.586887  ,  98.34523917])
24.7729 	EXP 	unnamed Rect: pos = array([-74.586887  ,  98.34523917])
24.7896 	EXP 	unnamed Rect: pos = array([-74.586887  ,  98.34523917])
24.8062 	EXP 	unnamed Rect: pos = array([-74.586887  ,  98.34523917])
24.8229 	EXP 	unnamed Rect: pos = array([-74.586887  ,  98.34523917])
24.8393 	EXP 	unnamed Rect: pos = array([-74.586887  ,  98.34523917])
24.8556 	EXP 	unnamed Rect: pos = array([-74.586887  ,  98.34523917])
24.8727 	EXP 	unnamed Rect: pos = array([-74.586887  ,  98.34523917])
24.8894 	EXP 	unnamed Rect: pos = array([-74.586887  ,  98.34523917])
24.9060 	EXP 	unnamed Rect: pos = array([-74.586887  ,  98.34523917])
24.9226 	EXP 	unnamed Rect: pos = array([-74.586887  ,  98.34523917])
24.9393 	EXP 	unnamed Rect: pos = array([-74.586887  ,  98.34523917])
24.9563 	EXP 	unnamed Rect: pos = array([-74.586887  ,  98.34523917])
24.9732 	EXP 	unnamed Rect: pos = array([-74.586887  ,  98.34523917])
24.9899 	EXP 	unnamed Rect: pos = array([-74.586887  ,  98.34523917])
25.0058 	EXP 	unnamed Rect: pos = array([-74.586887  ,  98.34523917])
25.0230 	EXP 	unnamed Rect: pos = array([-74.586887  ,  98.34523917])
25.0394 	EXP 	unnamed Rect: pos = array([-74.586887  ,  98.34523917])
25.0561 	EXP 	unnamed Rect: pos = array([-74.586887  ,  98.34523917])
25.0728 	EXP 	unnamed Rect: pos = array([-74.586887  ,  98.34523917])
25.0891 	EXP 	unnamed Rect: pos = array([-74.586887  ,  98.34523917])
25.1059 	EXP 	unnamed Rect: pos = array([-74.586887  ,  98.34523917])
25.1226 	EXP 	unnamed Rect: pos = array([-74.586887  ,  98.34523917])
25.1394 	EXP 	unnamed Rect: pos = array([-74.586887  ,  98.34523917])
25.1561 	EXP 	unnamed Rect: pos = array([-74.586887  ,  98.34523917])
25.1724 	EXP 	unnamed Rect: pos = array([-74.586887  ,  98.34523917])
25.1895 	EXP 	unnamed Rect: pos = array([-74.586887  ,  98.34523917])
25.2061 	EXP 	unnamed Rect: pos = array([-74.586887  ,  98.34523917])
25.2228 	EXP 	unnamed Rect: pos = array([-74.586887  ,  98.34523917])
25.2395 	EXP 	unnamed Rect: pos = array([-74.586887  ,  98.34523917])
25.2561 	EXP 	unnamed Rect: pos = array([-74.586887  ,  98.34523917])
25.2724 	EXP 	unnamed Rect: pos = array([-74.586887  ,  98.34523917])
25.2893 	EXP 	unnamed Rect: pos = array([-74.586887  ,  98.34523917])
25.3062 	EXP 	unnamed Rect: pos = array([-74.586887  ,  98.34523917])
25.3229 	EXP 	unnamed Rect: pos = array([-74.586887  ,  98.34523917])
25.3395 	EXP 	unnamed Rect: pos = array([-74.586887  ,  98.34523917])
25.3563 	EXP 	unnamed Rect: pos = array([-74.586887  ,  98.34523917])
25.3731 	EXP 	unnamed Rect: pos = array([-74.586887  ,  98.34523917])
25.3897 	EXP 	unnamed Rect: pos = array([-74.586887  ,  98.34523917])
25.4062 	EXP 	unnamed Rect: pos = array([-74.586887  ,  98.34523917])
25.4227 	EXP 	unnamed Rect: pos = array([-74.586887  ,  98.34523917])
25.4396 	EXP 	unnamed Rect: pos = array([-74.586887  ,  98.34523917])
25.4560 	EXP 	unnamed Rect: pos = array([-74.586887  ,  98.34523917])
25.4729 	EXP 	unnamed Rect: pos = array([-74.586887  ,  98.34523917])
25.4894 	EXP 	unnamed Rect: pos = array([-74.586887  ,  98.34523917])
25.5060 	EXP 	unnamed Rect: pos = array([-74.586887  ,  98.34523917])
25.5225 	EXP 	unnamed Rect: pos = array([-74.586887  ,  98.34523917])
25.5395 	EXP 	unnamed Rect: pos = array([-74.586887  ,  98.34523917])
25.5561 	EXP 	unnamed Rect: pos = array([-74.586887  ,  98.34523917])
25.5730 	EXP 	unnamed Rect: pos = array([-74.586887  ,  98.34523917])
25.5897 	EXP 	unnamed Rect: pos = array([-74.586887  ,  98.34523917])
25.6064 	EXP 	unnamed Rect: pos = array([-74.586887  ,  98.34523917])
25.6228 	EXP 	unnamed Rect: pos = array([-74.586887  ,  98.34523917])
25.6394 	EXP 	unnamed Rect: pos = array([-74.586887  ,  98.34523917])
25.6561 	EXP 	unnamed Rect: pos = array([-74.586887  ,  98.34523917])
25.6732 	EXP 	unnamed Rect: pos = array([-74.586887  ,  98.34523917])
25.6894 	EXP 	unnamed Rect: pos = array([-74.586887  ,  98.34523917])
25.7063 	EXP 	unnamed Rect: pos = array([-74.586887  ,  98.34523917])
25.7228 	EXP 	unnamed Rect: pos = array([-74.586887  ,  98.34523917])
25.7395 	EXP 	unnamed Rect: pos = array([-74.586887  ,  98.34523917])
25.7561 	EXP 	unnamed Rect: pos = array([-74.586887  ,  98.34523917])
25.7732 	EXP 	unnamed Rect: pos = array([-74.586887  ,  98.34523917])
25.7894 	EXP 	unnamed Rect: pos = array([-74.586887  ,  98.34523917])
25.8062 	EXP 	unnamed Rect: pos = array([-74.586887  ,  98.34523917])
25.8229 	EXP 	unnamed Rect: pos = array([-74.586887  ,  98.34523917])
25.8395 	EXP 	unnamed Rect: pos = array([-74.586887  ,  98.34523917])
25.8560 	EXP 	unnamed Rect: pos = array([-74.586887  ,  98.34523917])
25.8728 	EXP 	unnamed Rect: pos = array([-74.586887  ,  98.34523917])
25.8894 	EXP 	unnamed Rect: pos = array([-74.586887  ,  98.34523917])
25.9062 	EXP 	unnamed Rect: pos = array([-74.586887  ,  98.34523917])
25.9228 	EXP 	unnamed Rect: pos = array([-74.586887  ,  98.34523917])
25.9394 	EXP 	unnamed Rect: pos = array([-74.586887  ,  98.34523917])
25.9560 	EXP 	unnamed Rect: pos = array([-74.586887  ,  98.34523917])
25.9731 	EXP 	unnamed Rect: pos = array([-74.586887  ,  98.34523917])
25.9893 	EXP 	unnamed Rect: pos = array([-74.586887  ,  98.34523917])
26.0064 	EXP 	unnamed Rect: pos = array([-74.586887  ,  98.34523917])
26.0231 	EXP 	unnamed Rect: pos = array([-74.586887  ,  98.34523917])
26.0397 	EXP 	unnamed Rect: pos = array([-74.586887  ,  98.34523917])
26.0560 	EXP 	unnamed Rect: pos = array([-74.586887  ,  98.34523917])
26.0728 	EXP 	unnamed Rect: pos = array([-74.586887  ,  98.34523917])
26.0894 	EXP 	unnamed Rect: pos = array([-74.586887  ,  98.34523917])
26.1061 	EXP 	unnamed Rect: pos = array([-74.586887  ,  98.34523917])
26.1234 	EXP 	unnamed Rect: pos = array([-74.586887  ,  98.34523917])
26.1397 	EXP 	unnamed Rect: pos = array([-74.586887  ,  98.34523917])
26.1561 	EXP 	unnamed Rect: pos = array([-74.586887  ,  98.34523917])
26.1728 	EXP 	unnamed Rect: pos = array([-74.586887  ,  98.34523917])
26.1897 	EXP 	unnamed Rect: pos = array([-74.586887  ,  98.34523917])
26.2058 	EXP 	unnamed Rect: pos = array([-74.586887  ,  98.34523917])
26.2230 	EXP 	unnamed Rect: pos = array([-74.586887  ,  98.34523917])
26.2397 	EXP 	unnamed Rect: pos = array([-74.586887  ,  98.34523917])
26.2562 	EXP 	unnamed Rect: pos = array([-74.586887  ,  98.34523917])
26.2727 	EXP 	unnamed Rect: pos = array([-74.586887  ,  98.34523917])
26.2895 	EXP 	unnamed Rect: pos = array([-74.586887  ,  98.34523917])
26.3060 	EXP 	unnamed Rect: pos = array([-74.586887  ,  98.34523917])
26.3226 	EXP 	unnamed Rect: pos = array([-74.586887  ,  98.34523917])
26.3394 	EXP 	unnamed Rect: pos = array([-74.586887  ,  98.34523917])
26.3559 	EXP 	unnamed Rect: pos = array([-74.586887  ,  98.34523917])
26.3731 	EXP 	unnamed Rect: pos = array([-74.586887  ,  98.34523917])
26.3893 	EXP 	unnamed Rect: pos = array([-74.586887  ,  98.34523917])
26.4062 	EXP 	unnamed Rect: pos = array([-74.586887  ,  98.34523917])
26.4228 	EXP 	unnamed Rect: pos = array([-74.586887  ,  98.34523917])
26.4396 	EXP 	unnamed Rect: pos = array([-74.586887  ,  98.34523917])
26.4563 	EXP 	unnamed Rect: pos = array([-74.586887  ,  98.34523917])
26.4727 	EXP 	unnamed Rect: pos = array([-74.586887  ,  98.34523917])
26.4898 	EXP 	unnamed Rect: pos = array([-74.586887  ,  98.34523917])
26.5063 	EXP 	unnamed Rect: pos = array([-74.586887  ,  98.34523917])
26.5230 	EXP 	unnamed Rect: pos = array([-74.586887  ,  98.34523917])
26.5393 	EXP 	unnamed Rect: pos = array([-74.586887  ,  98.34523917])
26.5557 	EXP 	unnamed Rect: pos = array([-74.586887  ,  98.34523917])
26.5728 	EXP 	unnamed Rect: pos = array([-74.586887  ,  98.34523917])
26.5897 	EXP 	unnamed Rect: pos = array([-74.586887  ,  98.34523917])
26.6066 	EXP 	unnamed Rect: pos = array([-74.586887  ,  98.34523917])
26.6230 	EXP 	unnamed Rect: pos = array([-74.586887  ,  98.34523917])
26.6394 	EXP 	unnamed Rect: pos = array([-74.586887  ,  98.34523917])
26.6564 	EXP 	unnamed Rect: pos = array([-74.586887  ,  98.34523917])
26.6729 	EXP 	unnamed Rect: pos = array([-74.586887  ,  98.34523917])
26.6896 	EXP 	unnamed Rect: pos = array([-74.586887  ,  98.34523917])
26.7061 	EXP 	unnamed Rect: pos = array([-74.586887  ,  98.34523917])
26.7229 	EXP 	unnamed Rect: pos = array([-74.586887  ,  98.34523917])
26.7393 	EXP 	unnamed Rect: pos = array([-74.586887  ,  98.34523917])
26.7559 	EXP 	unnamed Rect: pos = array([-74.586887  ,  98.34523917])
26.7729 	EXP 	unnamed Rect: pos = array([-74.586887  ,  98.34523917])
26.7891 	EXP 	unnamed Rect: pos = array([-74.586887  ,  98.34523917])
26.8066 	EXP 	unnamed Rect: pos = array([-74.586887  ,  98.34523917])
26.8230 	EXP 	unnamed Rect: pos = array([-74.586887  ,  98.34523917])
26.8394 	EXP 	unnamed Rect: pos = array([-74.586887  ,  98.34523917])
26.8560 	EXP 	unnamed Rect: pos = array([-74.586887  ,  98.34523917])
26.8729 	EXP 	unnamed Rect: pos = array([-74.586887  ,  98.34523917])
26.8895 	EXP 	unnamed Rect: pos = array([-74.586887  ,  98.34523917])
26.9059 	EXP 	unnamed Rect: pos = array([-74.586887  ,  98.34523917])
26.9231 	EXP 	unnamed Rect: pos = array([-74.586887  ,  98.34523917])
26.9398 	EXP 	unnamed Rect: pos = array([-74.586887  ,  98.34523917])
26.9564 	EXP 	unnamed Rect: pos = array([-74.586887  ,  98.34523917])
26.9729 	EXP 	unnamed Rect: pos = array([-74.586887  ,  98.34523917])
26.9896 	EXP 	unnamed Rect: pos = array([-74.586887  ,  98.34523917])
27.0060 	EXP 	unnamed Rect: pos = array([-74.586887  ,  98.34523917])
27.0228 	EXP 	unnamed Rect: pos = array([-74.586887  ,  98.34523917])
27.0394 	EXP 	unnamed Rect: pos = array([-74.586887  ,  98.34523917])
27.0557 	EXP 	unnamed Rect: pos = array([-74.586887  ,  98.34523917])
27.0723 	EXP 	unnamed Rect: pos = array([-74.586887  ,  98.34523917])
27.0897 	EXP 	unnamed Rect: pos = array([-74.586887  ,  98.34523917])
27.1063 	EXP 	unnamed Rect: pos = array([-74.586887  ,  98.34523917])
27.1229 	EXP 	unnamed Rect: pos = array([-74.586887  ,  98.34523917])
27.1397 	EXP 	unnamed Rect: pos = array([-74.586887  ,  98.34523917])
27.1560 	EXP 	unnamed Rect: pos = array([-74.586887  ,  98.34523917])
27.1726 	EXP 	unnamed Rect: pos = array([-74.586887  ,  98.34523917])
27.1893 	EXP 	unnamed Rect: pos = array([-74.586887  ,  98.34523917])
27.2059 	EXP 	unnamed Rect: pos = array([-74.586887  ,  98.34523917])
27.2231 	EXP 	unnamed Rect: pos = array([-74.586887  ,  98.34523917])
27.2395 	EXP 	unnamed Rect: pos = array([-74.586887  ,  98.34523917])
27.2563 	EXP 	unnamed Rect: pos = array([-74.586887  ,  98.34523917])
27.2731 	EXP 	unnamed Rect: pos = array([-74.586887  ,  98.34523917])
27.2894 	EXP 	unnamed Rect: pos = array([-74.586887  ,  98.34523917])
27.3064 	EXP 	unnamed Rect: pos = array([-74.586887  ,  98.34523917])
27.3228 	EXP 	unnamed Rect: pos = array([-74.586887  ,  98.34523917])
27.3392 	EXP 	unnamed Rect: pos = array([-74.586887  ,  98.34523917])
27.3561 	EXP 	unnamed Rect: pos = array([-74.586887  ,  98.34523917])
27.3726 	EXP 	unnamed Rect: pos = array([-74.586887  ,  98.34523917])
27.3892 	EXP 	unnamed Rect: pos = array([-74.586887  ,  98.34523917])
27.4059 	EXP 	unnamed Rect: pos = array([-74.586887  ,  98.34523917])
27.4227 	EXP 	unnamed Rect: pos = array([-74.586887  ,  98.34523917])
27.4395 	EXP 	unnamed Rect: pos = array([-74.586887  ,  98.34523917])
27.4559 	EXP 	unnamed Rect: pos = array([-74.586887  ,  98.34523917])
27.4726 	EXP 	unnamed Rect: pos = array([-74.586887  ,  98.34523917])
27.4892 	EXP 	unnamed Rect: pos = array([-74.586887  ,  98.34523917])
27.5060 	EXP 	unnamed Rect: pos = array([-74.586887  ,  98.34523917])
27.5228 	EXP 	unnamed Rect: pos = array([-74.586887  ,  98.34523917])
27.5393 	EXP 	unnamed Rect: pos = array([-74.586887  ,  98.34523917])
27.5561 	EXP 	unnamed Rect: pos = array([-74.586887  ,  98.34523917])
27.5730 	EXP 	unnamed Rect: pos = array([-74.586887  ,  98.34523917])
27.5893 	EXP 	unnamed Rect: pos = array([-74.586887  ,  98.34523917])
27.6064 	EXP 	unnamed Rect: pos = array([-74.586887  ,  98.34523917])
27.6230 	EXP 	unnamed Rect: pos = array([-74.586887  ,  98.34523917])
27.6390 	EXP 	unnamed Rect: pos = array([-74.586887  ,  98.34523917])
27.6565 	EXP 	unnamed Rect: pos = array([-74.586887  ,  98.34523917])
27.6727 	EXP 	unnamed Rect: pos = array([-74.586887  ,  98.34523917])
27.6905 	EXP 	unnamed Rect: pos = array([-74.586887  ,  98.34523917])
27.7062 	EXP 	unnamed Rect: pos = array([-74.586887  ,  98.34523917])
27.7234 	EXP 	unnamed Rect: pos = array([-74.586887  ,  98.34523917])
27.7399 	EXP 	unnamed Rect: pos = array([-74.586887  ,  98.34523917])
27.7565 	EXP 	unnamed Rect: pos = array([-74.586887  ,  98.34523917])
27.7728 	EXP 	unnamed Rect: pos = array([-74.586887  ,  98.34523917])
27.7897 	EXP 	unnamed Rect: pos = array([-74.586887  ,  98.34523917])
27.8060 	EXP 	unnamed Rect: pos = array([-74.586887  ,  98.34523917])
27.8223 	EXP 	unnamed Rect: pos = array([-74.586887  ,  98.34523917])
27.8391 	EXP 	unnamed Rect: pos = array([-74.586887  ,  98.34523917])
27.8560 	EXP 	unnamed Rect: pos = array([-74.586887  ,  98.34523917])
27.8729 	EXP 	unnamed Rect: pos = array([-74.586887  ,  98.34523917])
27.8894 	EXP 	unnamed Rect: pos = array([-74.586887  ,  98.34523917])
27.9064 	EXP 	unnamed Rect: pos = array([-74.586887  ,  98.34523917])
27.9227 	EXP 	unnamed Rect: pos = array([-74.586887  ,  98.34523917])
27.9399 	EXP 	unnamed Rect: pos = array([-74.586887  ,  98.34523917])
27.9562 	EXP 	unnamed Rect: pos = array([-74.586887  ,  98.34523917])
27.9730 	EXP 	unnamed Rect: pos = array([-74.586887  ,  98.34523917])
27.9900 	EXP 	unnamed Rect: pos = array([-74.586887  ,  98.34523917])
28.0062 	EXP 	unnamed Rect: pos = array([-74.586887  ,  98.34523917])
28.0229 	EXP 	unnamed Rect: pos = array([-74.586887  ,  98.34523917])
28.0396 	EXP 	unnamed Rect: pos = array([-74.586887  ,  98.34523917])
28.0562 	EXP 	unnamed Rect: pos = array([-74.586887  ,  98.34523917])
28.0724 	EXP 	unnamed Rect: pos = array([-74.586887  ,  98.34523917])
28.0894 	EXP 	unnamed Rect: pos = array([-74.586887  ,  98.34523917])
28.1060 	EXP 	unnamed Rect: pos = array([-74.586887  ,  98.34523917])
28.1225 	EXP 	unnamed Rect: pos = array([-74.586887  ,  98.34523917])
28.1397 	EXP 	unnamed Rect: pos = array([-74.586887  ,  98.34523917])
28.1563 	EXP 	unnamed Rect: pos = array([-74.586887  ,  98.34523917])
28.1728 	EXP 	unnamed Rect: pos = array([-74.586887  ,  98.34523917])
28.1898 	EXP 	unnamed Rect: pos = array([-74.586887  ,  98.34523917])
28.2061 	EXP 	unnamed Rect: pos = array([-74.586887  ,  98.34523917])
28.2227 	EXP 	unnamed Rect: pos = array([-74.586887  ,  98.34523917])
28.2395 	EXP 	unnamed Rect: pos = array([-74.586887  ,  98.34523917])
28.2560 	EXP 	unnamed Rect: pos = array([-74.586887  ,  98.34523917])
28.2727 	EXP 	unnamed Rect: pos = array([-74.586887  ,  98.34523917])
28.2892 	EXP 	unnamed Rect: pos = array([-74.586887  ,  98.34523917])
28.3059 	EXP 	unnamed Rect: pos = array([-74.586887  ,  98.34523917])
28.3227 	EXP 	unnamed Rect: pos = array([-74.586887  ,  98.34523917])
28.3397 	EXP 	unnamed Rect: pos = array([-74.586887  ,  98.34523917])
28.3559 	EXP 	unnamed Rect: pos = array([-74.586887  ,  98.34523917])
28.3727 	EXP 	unnamed Rect: pos = array([-74.586887  ,  98.34523917])
28.3892 	EXP 	unnamed Rect: pos = array([-74.586887  ,  98.34523917])
28.4059 	EXP 	unnamed Rect: pos = array([-74.586887  ,  98.34523917])
28.4234 	EXP 	unnamed Rect: pos = array([-74.586887  ,  98.34523917])
28.4400 	EXP 	unnamed Rect: pos = array([-74.586887  ,  98.34523917])
28.4565 	EXP 	unnamed Rect: pos = array([-74.586887  ,  98.34523917])
28.4733 	EXP 	unnamed Rect: pos = array([-74.586887  ,  98.34523917])
28.4898 	EXP 	unnamed Rect: pos = array([-74.586887  ,  98.34523917])
28.5058 	EXP 	unnamed Rect: pos = array([-74.586887  ,  98.34523917])
28.5228 	EXP 	unnamed Rect: pos = array([-74.586887  ,  98.34523917])
28.5395 	EXP 	unnamed Rect: pos = array([-74.586887  ,  98.34523917])
28.5560 	EXP 	unnamed Rect: pos = array([-74.586887  ,  98.34523917])
28.5727 	EXP 	unnamed Rect: pos = array([-74.586887  ,  98.34523917])
28.5894 	EXP 	unnamed Rect: pos = array([-74.586887  ,  98.34523917])
28.6062 	EXP 	unnamed Rect: pos = array([-74.586887  ,  98.34523917])
28.6225 	EXP 	unnamed Rect: pos = array([-74.586887  ,  98.34523917])
28.6397 	EXP 	unnamed Rect: pos = array([-74.586887  ,  98.34523917])
28.6565 	EXP 	unnamed Rect: pos = array([-74.586887  ,  98.34523917])
28.6732 	EXP 	unnamed Rect: pos = array([-74.586887  ,  98.34523917])
28.6890 	EXP 	unnamed Rect: pos = array([-74.586887  ,  98.34523917])
28.7058 	EXP 	unnamed Rect: pos = array([-74.586887  ,  98.34523917])
28.7220 	EXP 	unnamed Rect: pos = array([-74.586887  ,  98.34523917])
28.7390 	EXP 	unnamed Rect: pos = array([-74.586887  ,  98.34523917])
28.7558 	EXP 	unnamed Rect: pos = array([-74.586887  ,  98.34523917])
28.7727 	EXP 	unnamed Rect: pos = array([-74.586887  ,  98.34523917])
28.7892 	EXP 	unnamed Rect: pos = array([-74.586887  ,  98.34523917])
28.8057 	EXP 	unnamed Rect: pos = array([-74.586887  ,  98.34523917])
28.8228 	EXP 	unnamed Rect: pos = array([-74.586887  ,  98.34523917])
28.8396 	EXP 	unnamed Rect: pos = array([-74.586887  ,  98.34523917])
28.8558 	EXP 	unnamed Rect: pos = array([-74.586887  ,  98.34523917])
28.8728 	EXP 	unnamed Rect: pos = array([-74.586887  ,  98.34523917])
28.8902 	EXP 	unnamed Rect: pos = array([-74.586887  ,  98.34523917])
28.9066 	EXP 	unnamed Rect: pos = array([-74.586887  ,  98.34523917])
28.9231 	EXP 	unnamed Rect: pos = array([-74.586887  ,  98.34523917])
28.9400 	EXP 	unnamed Rect: pos = array([-74.586887  ,  98.34523917])
28.9564 	EXP 	unnamed Rect: pos = array([-74.586887  ,  98.34523917])
28.9729 	EXP 	unnamed Rect: pos = array([-74.586887  ,  98.34523917])
28.9894 	EXP 	unnamed Rect: pos = array([-74.586887  ,  98.34523917])
29.0062 	EXP 	unnamed Rect: pos = array([-74.586887  ,  98.34523917])
29.0223 	EXP 	unnamed Rect: pos = array([-74.586887  ,  98.34523917])
29.0394 	EXP 	unnamed Rect: pos = array([-74.586887  ,  98.34523917])
29.0564 	EXP 	unnamed Rect: pos = array([-74.586887  ,  98.34523917])
29.0731 	EXP 	unnamed Rect: pos = array([-74.586887  ,  98.34523917])
29.0894 	EXP 	unnamed Rect: pos = array([-74.586887  ,  98.34523917])
29.1063 	EXP 	unnamed Rect: pos = array([-74.586887  ,  98.34523917])
29.1227 	EXP 	unnamed Rect: pos = array([-74.586887  ,  98.34523917])
29.1392 	EXP 	unnamed Rect: pos = array([-74.586887  ,  98.34523917])
29.1561 	EXP 	unnamed Rect: pos = array([-74.586887  ,  98.34523917])
29.1732 	EXP 	unnamed Rect: pos = array([-74.586887  ,  98.34523917])
29.1898 	EXP 	unnamed Rect: pos = array([-74.586887  ,  98.34523917])
29.2065 	EXP 	unnamed Rect: pos = array([-74.586887  ,  98.34523917])
29.2231 	EXP 	unnamed Rect: pos = array([-74.586887  ,  98.34523917])
29.2400 	EXP 	unnamed Rect: pos = array([-74.586887  ,  98.34523917])
29.2558 	EXP 	unnamed Rect: pos = array([-74.586887  ,  98.34523917])
29.2728 	EXP 	unnamed Rect: pos = array([-74.586887  ,  98.34523917])
29.2891 	EXP 	unnamed Rect: pos = array([-74.586887  ,  98.34523917])
29.3061 	EXP 	unnamed Rect: pos = array([-74.586887  ,  98.34523917])
29.3235 	EXP 	unnamed Rect: pos = array([-74.586887  ,  98.34523917])
29.3394 	EXP 	unnamed Rect: pos = array([-74.586887  ,  98.34523917])
29.3558 	EXP 	unnamed Rect: pos = array([-74.586887  ,  98.34523917])
29.3726 	EXP 	unnamed Rect: pos = array([-74.586887  ,  98.34523917])
29.3891 	EXP 	unnamed Rect: pos = array([-74.586887  ,  98.34523917])
29.4062 	EXP 	unnamed Rect: pos = array([-74.586887  ,  98.34523917])
29.4224 	EXP 	unnamed Rect: pos = array([-74.586887  ,  98.34523917])
29.4390 	EXP 	unnamed Rect: pos = array([-74.586887  ,  98.34523917])
29.4559 	EXP 	unnamed Rect: pos = array([-74.586887  ,  98.34523917])
29.4726 	EXP 	unnamed Rect: pos = array([-74.586887  ,  98.34523917])
29.4894 	EXP 	unnamed Rect: pos = array([-74.586887  ,  98.34523917])
29.5056 	EXP 	unnamed Rect: pos = array([-74.586887  ,  98.34523917])
29.5221 	EXP 	unnamed Rect: pos = array([-74.586887  ,  98.34523917])
29.5388 	EXP 	unnamed Rect: pos = array([-74.586887  ,  98.34523917])
29.5555 	EXP 	unnamed Rect: pos = array([-74.586887  ,  98.34523917])
29.5726 	EXP 	unnamed Rect: pos = array([-74.586887  ,  98.34523917])
29.5891 	EXP 	unnamed Rect: pos = array([-74.586887  ,  98.34523917])
29.6061 	EXP 	unnamed Rect: pos = array([-74.586887  ,  98.34523917])
29.6224 	EXP 	unnamed Rect: pos = array([-74.586887  ,  98.34523917])
29.6391 	EXP 	unnamed Rect: pos = array([-74.586887  ,  98.34523917])
29.6566 	EXP 	unnamed Rect: pos = array([-74.586887  ,  98.34523917])
29.6729 	EXP 	unnamed Rect: pos = array([-74.586887  ,  98.34523917])
29.6891 	EXP 	unnamed Rect: pos = array([-74.586887  ,  98.34523917])
29.7061 	EXP 	unnamed Rect: pos = array([-74.586887  ,  98.34523917])
29.7227 	EXP 	unnamed Rect: pos = array([-74.586887  ,  98.34523917])
29.7399 	EXP 	unnamed Rect: pos = array([-74.586887  ,  98.34523917])
29.7556 	EXP 	unnamed Rect: pos = array([-74.586887  ,  98.34523917])
29.7727 	EXP 	unnamed Rect: pos = array([-74.586887  ,  98.34523917])
29.7889 	EXP 	unnamed Rect: pos = array([-74.586887  ,  98.34523917])
29.8066 	EXP 	unnamed Rect: pos = array([-74.586887  ,  98.34523917])
29.8227 	EXP 	unnamed Rect: pos = array([-74.586887  ,  98.34523917])
29.8390 	EXP 	unnamed Rect: pos = array([-74.586887  ,  98.34523917])
29.8559 	EXP 	unnamed Rect: pos = array([-74.586887  ,  98.34523917])
29.8723 	EXP 	unnamed Rect: pos = array([-74.586887  ,  98.34523917])
29.8890 	EXP 	unnamed Rect: pos = array([-74.586887  ,  98.34523917])
29.9055 	EXP 	unnamed Rect: pos = array([-74.586887  ,  98.34523917])
29.9228 	EXP 	unnamed Rect: pos = array([-74.586887  ,  98.34523917])
29.9391 	EXP 	unnamed Rect: pos = array([-74.586887  ,  98.34523917])
29.9559 	EXP 	unnamed Rect: pos = array([-74.586887  ,  98.34523917])
29.9727 	EXP 	unnamed Rect: pos = array([-74.586887  ,  98.34523917])
29.9894 	EXP 	unnamed Rect: pos = array([-74.586887  ,  98.34523917])
30.0068 	EXP 	unnamed Rect: pos = array([-74.586887  ,  98.34523917])
30.0223 	EXP 	unnamed Rect: pos = array([-74.586887  ,  98.34523917])
30.0390 	EXP 	unnamed Rect: pos = array([-74.586887  ,  98.34523917])
30.0563 	EXP 	unnamed Rect: pos = array([-74.586887  ,  98.34523917])
30.0725 	EXP 	unnamed Rect: pos = array([-74.586887  ,  98.34523917])
30.0890 	EXP 	unnamed Rect: pos = array([-74.586887  ,  98.34523917])
30.1059 	EXP 	unnamed Rect: pos = array([-74.586887  ,  98.34523917])
30.1223 	EXP 	unnamed Rect: pos = array([-74.586887  ,  98.34523917])
30.1391 	EXP 	unnamed Rect: pos = array([-74.586887  ,  98.34523917])
30.1567 	EXP 	unnamed Rect: pos = array([-74.586887  ,  98.34523917])
30.1727 	EXP 	unnamed Rect: pos = array([-74.586887  ,  98.34523917])
30.1894 	EXP 	unnamed Rect: pos = array([-74.586887  ,  98.34523917])
30.2060 	EXP 	unnamed Rect: pos = array([-74.586887  ,  98.34523917])
30.2228 	EXP 	unnamed Rect: pos = array([-74.586887  ,  98.34523917])
30.2402 	EXP 	unnamed Rect: pos = array([-74.586887  ,  98.34523917])
30.2567 	EXP 	unnamed Rect: pos = array([-74.586887  ,  98.34523917])
30.2727 	EXP 	unnamed Rect: pos = array([-74.586887  ,  98.34523917])
30.2891 	EXP 	unnamed Rect: pos = array([-74.586887  ,  98.34523917])
30.3058 	EXP 	unnamed Rect: pos = array([-74.586887  ,  98.34523917])
30.3223 	EXP 	unnamed Rect: pos = array([-74.586887  ,  98.34523917])
30.3393 	EXP 	unnamed Rect: pos = array([-74.586887  ,  98.34523917])
30.3559 	EXP 	unnamed Rect: pos = array([-74.586887  ,  98.34523917])
30.3726 	EXP 	unnamed Rect: pos = array([-74.586887  ,  98.34523917])
30.3892 	EXP 	unnamed Rect: pos = array([-74.586887  ,  98.34523917])
30.4059 	EXP 	unnamed Rect: pos = array([-74.586887  ,  98.34523917])
30.4225 	EXP 	unnamed Rect: pos = array([-74.586887  ,  98.34523917])
30.4402 	EXP 	text: autoDraw = True
33.4397 	EXP 	text: autoDraw = False
33.4397 	EXP 	text: autoDraw = False
33.4690 	EXP 	window1: mouseVisible = True
