0.5947 	WARNING 	We strongly recommend you activate the PTB sound engine in PsychoPy prefs as the preferred audio engine. Its timing is vastly superior. Your prefs are currently set to use ['sounddevice', 'PTB', 'pyo', 'pygame'] (in that order).
4.3380 	ERROR 	'-1.0000, -1.0000, -1.0000' is not a valid rgb color
4.9316 	EXP 	Created window1 = Window(allowGUI=False, allowStencil=False, autoLog=True, backendConf=UNKNOWN, bitsMode=UNKNOWN, blendMode='avg', bpc=(8, 8, 8), color=array([0, 0, 0]), colorSpace='rgb', depthBits=8, fullscr=<method-wrapper '__getattribute__' of attributeSetter object at 0x7fda03bf29b0>, gamma=None, gammaErrorPolicy='raise', lms=UNKNOWN, monitor=<psychopy.monitors.calibTools.Monitor object at 0x7fda042b4438>, multiSample=False, name='window1', numSamples=2, pos=[360.0, 225.0], screen=0, size=array([2880, 1800]), stencilBits=0, stereo=False, units='height', useFBO=True, useRetina=True, viewOri=0.0, viewPos=None, viewScale=None, waitBlanking=True, winType='pyglet')
4.9321 	EXP 	window1: mouseVisible = True
4.9322 	EXP 	window1: recordFrameIntervals = False
5.0980 	EXP 	window1: recordFrameIntervals = True
5.2817 	EXP 	window1: recordFrameIntervals = False
5.8834 	DEPRECATION 	'1.0000, 1.0000, 1.0000' is not a valid rgb color
5.9121 	EXP 	Created Welcometext = TextStim(__class__=<class 'psychopy.visual.text.TextStim'>, alignHoriz=method-wrapper(...), alignText='center', alignVert=method-wrapper(...), anchorHoriz='center', anchorVert='center', antialias=True, autoLog=True, bold=False, color=array([0., 0., 0.]), colorSpace='rgb', contrast=1.0, depth=0.0, flipHoriz=False, flipVert=False, font='Open Sans', fontFiles=[], height=0.05, italic=False, languageStyle='LTR', name='Welcometext', opacity=0, ori=0.0, pos=array([0., 0.]), rgb=UNKNOWN, text='Welcome\nPlease press Spacebar to start', units='height', win=Window(...), wrapWidth=1)
6.2822 	EXP 	Created text = TextStim(__class__=<class 'psychopy.visual.text.TextStim'>, alignHoriz=method-wrapper(...), alignText='center', alignVert=method-wrapper(...), anchorHoriz='center', anchorVert='center', antialias=True, autoLog=True, bold=False, color=array([1., 1., 1.]), colorSpace='rgb', contrast=1.0, depth=0.0, flipHoriz=False, flipVert=False, font='Open Sans', fontFiles=[], height=0.05, italic=False, languageStyle='LTR', name='text', opacity=1, ori=0.0, pos=array([0., 0.]), rgb=UNKNOWN, text=str(...), units='height', win=Window(...), wrapWidth=1)
6.2828 	EXP 	Created sequence: random, trialTypes=1, nReps=5, seed=None
6.2830 	EXP 	New trial (rep=0, index=0): None
6.2893 	EXP 	Welcometext: autoDraw = True
6.9714 	EXP 	Created unnamed Rect = Rect(__class__=<class 'psychopy.visual.rect.Rect'>, autoDraw=False, autoLog=True, closeShape=True, color=method-wrapper(...), colorSpace='rgb', contrast=None, depth=0, fillColor=array([ 1, -1, -1]), fillColorSpace='rgb', fillRGB=array([ 1, -1, -1]), interpolate=True, lineColor=array([-1., -1.,  1.]), lineColorSpace='rgb', lineRGB=array([-1, -1,  1]), lineWidth=1.5, name='unnamed Rect', opacity=1, ori=0.0, pos=array([0., 0.]), size=array([1000.,  700.]), units='pix', vertices=ndarray(...), win=Window(...))
6.9740 	EXP 	Created unnamed Rect = Rect(__class__=<class 'psychopy.visual.rect.Rect'>, autoDraw=False, autoLog=True, closeShape=True, color=method-wrapper(...), colorSpace='rgb', contrast=None, depth=0, fillColor=array([-1, -1, -1]), fillColorSpace='rgb', fillRGB=array([-1, -1, -1]), interpolate=True, lineColor=array([-1., -1.,  1.]), lineColorSpace='rgb', lineRGB=array([-1, -1,  1]), lineWidth=1.5, name='unnamed Rect', opacity=1, ori=0.0, pos=array([0., 0.]), size=array([400., 600.]), units='pix', vertices=ndarray(...), win=Window(...))
6.9763 	EXP 	Created unnamed Rect = Rect(__class__=<class 'psychopy.visual.rect.Rect'>, autoDraw=False, autoLog=True, closeShape=True, color=method-wrapper(...), colorSpace='rgb', contrast=None, depth=0, fillColor=array([-1, -1, -1]), fillColorSpace='rgb', fillRGB=array([-1, -1, -1]), interpolate=True, lineColor=array([-1., -1.,  1.]), lineColorSpace='rgb', lineRGB=array([-1, -1,  1]), lineWidth=1.5, name='unnamed Rect', opacity=1, ori=0.0, pos=array([0., 0.]), size=array([400., 600.]), units='pix', vertices=ndarray(...), win=Window(...))
6.9793 	EXP 	Created unnamed Rect = Rect(__class__=<class 'psychopy.visual.rect.Rect'>, autoDraw=False, autoLog=True, closeShape=True, color=method-wrapper(...), colorSpace='rgb', contrast=None, depth=0, fillColor=array([ 1,  1, -1]), fillColorSpace='rgb', fillRGB=array([ 1,  1, -1]), interpolate=True, lineColor=array([0., 0., 0.]), lineColorSpace='rgb', lineRGB=array([0, 0, 0]), lineWidth=1.5, name='unnamed Rect', opacity=0.5, ori=0.0, pos=array([0., 0.]), size=array([30., 30.]), units='pix', vertices=ndarray(...), win=Window(...))
6.9823 	EXP 	Created unnamed Rect = Rect(__class__=<class 'psychopy.visual.rect.Rect'>, autoDraw=False, autoLog=True, closeShape=True, color=method-wrapper(...), colorSpace='rgb', contrast=None, depth=0, fillColor=array([ 1,  1, -1]), fillColorSpace='rgb', fillRGB=array([ 1,  1, -1]), interpolate=True, lineColor=array([0., 0., 0.]), lineColorSpace='rgb', lineRGB=array([0, 0, 0]), lineWidth=1.5, name='unnamed Rect', opacity=0.5, ori=0.0, pos=array([0., 0.]), size=array([30., 30.]), units='pix', vertices=ndarray(...), win=Window(...))
6.9850 	EXP 	Created unnamed Rect = Rect(__class__=<class 'psychopy.visual.rect.Rect'>, autoDraw=False, autoLog=True, closeShape=True, color=method-wrapper(...), colorSpace='rgb', contrast=None, depth=0, fillColor=array([ 1,  1, -1]), fillColorSpace='rgb', fillRGB=array([ 1,  1, -1]), interpolate=True, lineColor=array([0., 0., 0.]), lineColorSpace='rgb', lineRGB=array([0, 0, 0]), lineWidth=1.5, name='unnamed Rect', opacity=0.5, ori=0.0, pos=array([0., 0.]), size=array([30., 30.]), units='pix', vertices=ndarray(...), win=Window(...))
6.9875 	EXP 	Created unnamed Rect = Rect(__class__=<class 'psychopy.visual.rect.Rect'>, autoDraw=False, autoLog=True, closeShape=True, color=method-wrapper(...), colorSpace='rgb', contrast=None, depth=0, fillColor=array([ 1,  1, -1]), fillColorSpace='rgb', fillRGB=array([ 1,  1, -1]), interpolate=True, lineColor=array([0., 0., 0.]), lineColorSpace='rgb', lineRGB=array([0, 0, 0]), lineWidth=1.5, name='unnamed Rect', opacity=0.5, ori=0.0, pos=array([0., 0.]), size=array([30., 30.]), units='pix', vertices=ndarray(...), win=Window(...))
6.9898 	EXP 	Created unnamed Rect = Rect(__class__=<class 'psychopy.visual.rect.Rect'>, autoDraw=False, autoLog=True, closeShape=True, color=method-wrapper(...), colorSpace='rgb', contrast=None, depth=0, fillColor=array([ 1,  1, -1]), fillColorSpace='rgb', fillRGB=array([ 1,  1, -1]), interpolate=True, lineColor=array([0., 0., 0.]), lineColorSpace='rgb', lineRGB=array([0, 0, 0]), lineWidth=1.5, name='unnamed Rect', opacity=0.5, ori=0.0, pos=array([0., 0.]), size=array([30., 30.]), units='pix', vertices=ndarray(...), win=Window(...))
6.9923 	EXP 	Created unnamed Rect = Rect(__class__=<class 'psychopy.visual.rect.Rect'>, autoDraw=False, autoLog=True, closeShape=True, color=method-wrapper(...), colorSpace='rgb', contrast=None, depth=0, fillColor=array([ 1,  1, -1]), fillColorSpace='rgb', fillRGB=array([ 1,  1, -1]), interpolate=True, lineColor=array([0., 0., 0.]), lineColorSpace='rgb', lineRGB=array([0, 0, 0]), lineWidth=1.5, name='unnamed Rect', opacity=0.5, ori=0.0, pos=array([0., 0.]), size=array([30., 30.]), units='pix', vertices=ndarray(...), win=Window(...))
7.0318 	EXP 	Created unnamed ImageStim = ImageStim(__class__=<class 'psychopy.visual.image.ImageStim'>, autoLog=True, color=array([1., 1., 1.]), colorSpace='rgb', contrast=1.0, depth=0, flipHoriz=False, flipVert=False, image='tree.png', interpolate=False, mask=None, maskParams=None, name='unnamed ImageStim', opacity=1, ori=0.0, pos=array([0., 0.]), size=array([512, 512]), texRes=128, units='pix', win=Window(...))
7.0522 	EXP 	Created unnamed ImageStim = ImageStim(__class__=<class 'psychopy.visual.image.ImageStim'>, autoLog=True, color=array([1., 1., 1.]), colorSpace='rgb', contrast=1.0, depth=0, flipHoriz=False, flipVert=False, image='tree.png', interpolate=False, mask=None, maskParams=None, name='unnamed ImageStim', opacity=1, ori=0.0, pos=array([0., 0.]), size=array([512, 512]), texRes=128, units='pix', win=Window(...))
7.0705 	EXP 	Created unnamed ImageStim = ImageStim(__class__=<class 'psychopy.visual.image.ImageStim'>, autoLog=True, color=array([1., 1., 1.]), colorSpace='rgb', contrast=1.0, depth=0, flipHoriz=False, flipVert=False, image='tree.png', interpolate=False, mask=None, maskParams=None, name='unnamed ImageStim', opacity=1, ori=0.0, pos=array([0., 0.]), size=array([512, 512]), texRes=128, units='pix', win=Window(...))
7.0880 	EXP 	Created unnamed ImageStim = ImageStim(__class__=<class 'psychopy.visual.image.ImageStim'>, autoLog=True, color=array([1., 1., 1.]), colorSpace='rgb', contrast=1.0, depth=0, flipHoriz=False, flipVert=False, image='tree.png', interpolate=False, mask=None, maskParams=None, name='unnamed ImageStim', opacity=1, ori=0.0, pos=array([0., 0.]), size=array([512, 512]), texRes=128, units='pix', win=Window(...))
7.1053 	EXP 	Created unnamed ImageStim = ImageStim(__class__=<class 'psychopy.visual.image.ImageStim'>, autoLog=True, color=array([1., 1., 1.]), colorSpace='rgb', contrast=1.0, depth=0, flipHoriz=False, flipVert=False, image='tree.png', interpolate=False, mask=None, maskParams=None, name='unnamed ImageStim', opacity=1, ori=0.0, pos=array([0., 0.]), size=array([512, 512]), texRes=128, units='pix', win=Window(...))
7.1228 	EXP 	Created unnamed ImageStim = ImageStim(__class__=<class 'psychopy.visual.image.ImageStim'>, autoLog=True, color=array([1., 1., 1.]), colorSpace='rgb', contrast=1.0, depth=0, flipHoriz=False, flipVert=False, image='tree.png', interpolate=False, mask=None, maskParams=None, name='unnamed ImageStim', opacity=1, ori=0.0, pos=array([0., 0.]), size=array([512, 512]), texRes=128, units='pix', win=Window(...))
7.1401 	EXP 	Created unnamed ImageStim = ImageStim(__class__=<class 'psychopy.visual.image.ImageStim'>, autoLog=True, color=array([1., 1., 1.]), colorSpace='rgb', contrast=1.0, depth=0, flipHoriz=False, flipVert=False, image='tree.png', interpolate=False, mask=None, maskParams=None, name='unnamed ImageStim', opacity=1, ori=0.0, pos=array([0., 0.]), size=array([512, 512]), texRes=128, units='pix', win=Window(...))
7.1575 	EXP 	Created unnamed ImageStim = ImageStim(__class__=<class 'psychopy.visual.image.ImageStim'>, autoLog=True, color=array([1., 1., 1.]), colorSpace='rgb', contrast=1.0, depth=0, flipHoriz=False, flipVert=False, image='tree.png', interpolate=False, mask=None, maskParams=None, name='unnamed ImageStim', opacity=1, ori=0.0, pos=array([0., 0.]), size=array([512, 512]), texRes=128, units='pix', win=Window(...))
7.1749 	EXP 	Created unnamed ImageStim = ImageStim(__class__=<class 'psychopy.visual.image.ImageStim'>, autoLog=True, color=array([1., 1., 1.]), colorSpace='rgb', contrast=1.0, depth=0, flipHoriz=False, flipVert=False, image='tree.png', interpolate=False, mask=None, maskParams=None, name='unnamed ImageStim', opacity=1, ori=0.0, pos=array([0., 0.]), size=array([512, 512]), texRes=128, units='pix', win=Window(...))
7.1843 	DATA 	Keypress: space
7.1905 	EXP 	Welcometext: autoDraw = False
7.1905 	EXP 	unnamed Rect: pos = [-250, 0]
7.1905 	EXP 	unnamed Rect: pos = [250, 0]
7.1905 	EXP 	unnamed Rect: pos = [-75.88680655104812, -140.03678074027806]
7.1905 	EXP 	unnamed Rect: pos = [-146.3271445545817, 223.9244180455645]
7.1905 	EXP 	unnamed Rect: pos = [-364.99433493444053, -139.72257248729713]
7.1905 	EXP 	unnamed Rect: pos = [-396.33809735174873, -77.81023221116494]
7.1905 	EXP 	unnamed Rect: pos = [-238.91517331222835, 126.42594929997763]
7.1905 	EXP 	unnamed Rect: pos = [216.29254745768975, 50.54727924338231]
7.1905 	EXP 	unnamed ImageStim: size = [51.2, 51.2]
7.1905 	EXP 	unnamed ImageStim: size = [51.2, 51.2]
7.1905 	EXP 	unnamed ImageStim: size = [51.2, 51.2]
7.1905 	EXP 	unnamed ImageStim: size = [51.2, 51.2]
7.1905 	EXP 	unnamed ImageStim: size = [51.2, 51.2]
7.1905 	EXP 	unnamed ImageStim: size = [51.2, 51.2]
7.1905 	EXP 	unnamed ImageStim: size = [51.2, 51.2]
7.1905 	EXP 	unnamed ImageStim: size = [51.2, 51.2]
7.1905 	EXP 	unnamed ImageStim: size = [51.2, 51.2]
7.1905 	EXP 	unnamed ImageStim: pos = [98.9634835371739, -89.07459988178196]
7.1905 	EXP 	unnamed ImageStim: pos = [58.97791483467202, -73.54922523533634]
7.1905 	EXP 	unnamed ImageStim: pos = [-35.94686506491676, 187.14244884919339]
7.1905 	EXP 	unnamed ImageStim: pos = [-151.0365164628261, -89.07459988178196]
7.1905 	EXP 	unnamed ImageStim: pos = [348.9634835371739, -89.07459988178196]
7.1905 	EXP 	unnamed ImageStim: pos = [-191.02208516532798, -73.54922523533634]
7.1905 	EXP 	unnamed ImageStim: pos = [308.977914834672, -73.54922523533634]
7.1905 	EXP 	unnamed ImageStim: pos = [-285.9468650649168, 187.14244884919339]
7.1905 	EXP 	unnamed ImageStim: pos = [214.05313493508325, 187.14244884919339]
12.5538 	EXP 	Created unnamed Rect = Rect(__class__=<class 'psychopy.visual.rect.Rect'>, autoDraw=False, autoLog=True, closeShape=True, color=method-wrapper(...), colorSpace='rgb', contrast=None, depth=0, fillColor=array([-1, -1, -1]), fillColorSpace='rgb', fillRGB=array([-1, -1, -1]), interpolate=True, lineColor=array([-1., -1.,  1.]), lineColorSpace='rgb', lineRGB=array([-1, -1,  1]), lineWidth=1.5, name='unnamed Rect', opacity=1, ori=0.0, pos=array([0., 0.]), size=array([400., 600.]), units='pix', vertices=ndarray(...), win=Window(...))
12.7831 	EXP 	Created unnamed Rect = Rect(__class__=<class 'psychopy.visual.rect.Rect'>, autoDraw=False, autoLog=True, closeShape=True, color=method-wrapper(...), colorSpace='rgb', contrast=None, depth=0, fillColor=array([-1, -1, -1]), fillColorSpace='rgb', fillRGB=array([-1, -1, -1]), interpolate=True, lineColor=array([-1., -1.,  1.]), lineColorSpace='rgb', lineRGB=array([-1, -1,  1]), lineWidth=1.5, name='unnamed Rect', opacity=1, ori=0.0, pos=array([0., 0.]), size=array([400., 600.]), units='pix', vertices=ndarray(...), win=Window(...))
12.7916 	DATA 	Keypress: left
12.8000 	EXP 	unnamed Rect: pos = array([ 174.11319345, -140.03678074])
12.8000 	EXP 	unnamed Rect: pos = array([103.67285545, 223.92441805])
12.8000 	EXP 	unnamed Rect: pos = array([-114.99433493, -139.72257249])
12.8000 	EXP 	unnamed Rect: pos = array([-146.33809735,  -77.81023221])
12.8000 	EXP 	unnamed Rect: pos = array([ 11.08482669, 126.4259493 ])
12.8000 	EXP 	unnamed Rect: pos = array([ 174.11319345, -140.03678074])
12.8077 	EXP 	unnamed Rect: pos = array([ 174.11319345, -140.03678074])
12.8156 	EXP 	unnamed Rect: pos = array([ 174.11319345, -140.03678074])
12.8294 	EXP 	unnamed Rect: pos = array([ 174.11319345, -140.03678074])
12.8375 	EXP 	unnamed Rect: pos = array([ 174.11319345, -140.03678074])
12.8470 	EXP 	unnamed Rect: pos = array([ 174.11319345, -140.03678074])
12.8636 	EXP 	unnamed Rect: pos = array([ 174.11319345, -140.03678074])
12.8802 	EXP 	unnamed Rect: pos = array([ 174.11319345, -140.03678074])
12.8967 	EXP 	unnamed Rect: pos = array([ 174.11319345, -140.03678074])
12.9133 	EXP 	unnamed Rect: pos = array([ 174.11319345, -140.03678074])
12.9300 	EXP 	unnamed Rect: pos = array([ 174.11319345, -140.03678074])
12.9466 	EXP 	unnamed Rect: pos = array([ 174.11319345, -140.03678074])
12.9639 	EXP 	unnamed Rect: pos = array([ 174.11319345, -140.03678074])
12.9799 	EXP 	unnamed Rect: pos = array([ 174.11319345, -140.03678074])
12.9965 	EXP 	unnamed Rect: pos = array([ 174.11319345, -140.03678074])
13.0131 	EXP 	unnamed Rect: pos = array([ 174.11319345, -140.03678074])
13.0299 	EXP 	unnamed Rect: pos = array([ 174.11319345, -140.03678074])
13.0471 	EXP 	unnamed Rect: pos = array([ 174.11319345, -140.03678074])
13.0631 	EXP 	unnamed Rect: pos = array([ 174.11319345, -140.03678074])
13.0799 	EXP 	unnamed Rect: pos = array([ 174.11319345, -140.03678074])
13.0964 	EXP 	unnamed Rect: pos = array([ 174.11319345, -140.03678074])
13.1130 	EXP 	unnamed Rect: pos = array([ 174.11319345, -140.03678074])
13.1296 	EXP 	unnamed Rect: pos = array([ 174.11319345, -140.03678074])
13.1460 	EXP 	unnamed Rect: pos = array([ 174.11319345, -140.03678074])
13.1634 	EXP 	unnamed Rect: pos = array([ 174.11319345, -140.03678074])
13.1806 	EXP 	unnamed Rect: pos = array([ 174.11319345, -140.03678074])
13.1963 	EXP 	unnamed Rect: pos = array([ 174.11319345, -140.03678074])
13.2132 	EXP 	unnamed Rect: pos = array([ 174.11319345, -140.03678074])
13.2298 	EXP 	unnamed Rect: pos = array([ 174.11319345, -140.03678074])
13.2468 	EXP 	unnamed Rect: pos = array([ 174.11319345, -140.03678074])
13.2635 	EXP 	unnamed Rect: pos = array([ 174.11319345, -140.03678074])
13.2798 	EXP 	unnamed Rect: pos = array([ 174.11319345, -140.03678074])
13.2971 	EXP 	unnamed Rect: pos = array([ 174.11319345, -140.03678074])
13.3141 	EXP 	unnamed Rect: pos = array([ 174.11319345, -140.03678074])
13.3292 	EXP 	unnamed Rect: pos = array([ 174.11319345, -140.03678074])
13.3472 	EXP 	unnamed Rect: pos = array([ 174.11319345, -140.03678074])
13.3480 	DATA 	Keypress: down
13.3638 	EXP 	unnamed Rect: pos = array([ 174.11319345, -150.03678074])
13.3803 	EXP 	unnamed Rect: pos = array([ 174.11319345, -150.03678074])
13.3967 	EXP 	unnamed Rect: pos = array([ 174.11319345, -150.03678074])
13.4137 	EXP 	unnamed Rect: pos = array([ 174.11319345, -150.03678074])
13.4296 	EXP 	unnamed Rect: pos = array([ 174.11319345, -150.03678074])
13.4468 	EXP 	unnamed Rect: pos = array([ 174.11319345, -150.03678074])
13.4634 	EXP 	unnamed Rect: pos = array([ 174.11319345, -150.03678074])
13.4797 	EXP 	unnamed Rect: pos = array([ 174.11319345, -150.03678074])
13.4981 	EXP 	unnamed Rect: pos = array([ 174.11319345, -150.03678074])
13.5138 	EXP 	unnamed Rect: pos = array([ 174.11319345, -150.03678074])
13.5304 	EXP 	unnamed Rect: pos = array([ 174.11319345, -150.03678074])
13.5362 	DATA 	Keypress: down
13.5469 	EXP 	unnamed Rect: pos = array([ 174.11319345, -160.03678074])
13.5632 	EXP 	unnamed Rect: pos = array([ 174.11319345, -160.03678074])
13.5797 	EXP 	unnamed Rect: pos = array([ 174.11319345, -160.03678074])
13.5963 	EXP 	unnamed Rect: pos = array([ 174.11319345, -160.03678074])
13.6130 	EXP 	unnamed Rect: pos = array([ 174.11319345, -160.03678074])
13.6307 	EXP 	unnamed Rect: pos = array([ 174.11319345, -160.03678074])
13.6466 	EXP 	unnamed Rect: pos = array([ 174.11319345, -160.03678074])
13.6633 	EXP 	unnamed Rect: pos = array([ 174.11319345, -160.03678074])
13.6811 	EXP 	unnamed Rect: pos = array([ 174.11319345, -160.03678074])
13.6968 	EXP 	unnamed Rect: pos = array([ 174.11319345, -160.03678074])
13.7010 	DATA 	Keypress: down
13.7137 	EXP 	unnamed Rect: pos = array([ 174.11319345, -160.03678074])
13.7300 	EXP 	unnamed Rect: pos = array([ 174.11319345, -170.03678074])
13.7470 	EXP 	unnamed Rect: pos = array([ 174.11319345, -170.03678074])
13.7630 	EXP 	unnamed Rect: pos = array([ 174.11319345, -170.03678074])
13.7808 	EXP 	unnamed Rect: pos = array([ 174.11319345, -170.03678074])
13.7974 	EXP 	unnamed Rect: pos = array([ 174.11319345, -170.03678074])
13.8137 	EXP 	unnamed Rect: pos = array([ 174.11319345, -170.03678074])
13.8302 	EXP 	unnamed Rect: pos = array([ 174.11319345, -170.03678074])
13.8471 	EXP 	unnamed Rect: pos = array([ 174.11319345, -170.03678074])
13.8635 	EXP 	unnamed Rect: pos = array([ 174.11319345, -170.03678074])
13.8804 	EXP 	unnamed Rect: pos = array([ 174.11319345, -170.03678074])
13.8964 	EXP 	unnamed Rect: pos = array([ 174.11319345, -170.03678074])
13.9137 	EXP 	unnamed Rect: pos = array([ 174.11319345, -170.03678074])
13.9303 	EXP 	unnamed Rect: pos = array([ 174.11319345, -170.03678074])
13.9309 	DATA 	Keypress: left
13.9465 	EXP 	unnamed Rect: pos = array([ 164.11319345, -170.03678074])
13.9638 	EXP 	unnamed Rect: pos = array([ 164.11319345, -170.03678074])
13.9797 	EXP 	unnamed Rect: pos = array([ 164.11319345, -170.03678074])
13.9963 	EXP 	unnamed Rect: pos = array([ 164.11319345, -170.03678074])
14.0141 	EXP 	unnamed Rect: pos = array([ 164.11319345, -170.03678074])
14.0303 	EXP 	unnamed Rect: pos = array([ 164.11319345, -170.03678074])
14.0470 	EXP 	unnamed Rect: pos = array([ 164.11319345, -170.03678074])
14.0630 	EXP 	unnamed Rect: pos = array([ 164.11319345, -170.03678074])
14.0802 	EXP 	unnamed Rect: pos = array([ 164.11319345, -170.03678074])
14.0968 	EXP 	unnamed Rect: pos = array([ 164.11319345, -170.03678074])
14.1131 	EXP 	unnamed Rect: pos = array([ 164.11319345, -170.03678074])
14.1300 	EXP 	unnamed Rect: pos = array([ 164.11319345, -170.03678074])
14.1464 	EXP 	unnamed Rect: pos = array([ 164.11319345, -170.03678074])
14.1629 	EXP 	unnamed Rect: pos = array([ 164.11319345, -170.03678074])
14.1800 	EXP 	unnamed Rect: pos = array([ 164.11319345, -170.03678074])
14.1959 	EXP 	unnamed Rect: pos = array([ 164.11319345, -170.03678074])
14.2132 	EXP 	unnamed Rect: pos = array([ 164.11319345, -170.03678074])
14.2300 	EXP 	unnamed Rect: pos = array([ 164.11319345, -170.03678074])
14.2467 	EXP 	unnamed Rect: pos = array([ 164.11319345, -170.03678074])
14.2632 	EXP 	unnamed Rect: pos = array([ 164.11319345, -170.03678074])
14.2801 	EXP 	unnamed Rect: pos = array([ 164.11319345, -170.03678074])
14.2963 	EXP 	unnamed Rect: pos = array([ 164.11319345, -170.03678074])
14.3130 	EXP 	unnamed Rect: pos = array([ 164.11319345, -170.03678074])
14.3174 	DATA 	Keypress: left
14.3302 	EXP 	unnamed Rect: pos = array([ 164.11319345, -170.03678074])
14.3467 	EXP 	unnamed Rect: pos = array([ 154.11319345, -170.03678074])
14.3630 	EXP 	unnamed Rect: pos = array([ 154.11319345, -170.03678074])
14.3802 	EXP 	unnamed Rect: pos = array([ 154.11319345, -170.03678074])
14.3968 	EXP 	unnamed Rect: pos = array([ 154.11319345, -170.03678074])
14.4135 	EXP 	unnamed Rect: pos = array([ 154.11319345, -170.03678074])
14.4303 	EXP 	unnamed Rect: pos = array([ 154.11319345, -170.03678074])
14.4469 	EXP 	unnamed Rect: pos = array([ 154.11319345, -170.03678074])
14.4639 	EXP 	unnamed Rect: pos = array([ 154.11319345, -170.03678074])
14.4804 	EXP 	unnamed Rect: pos = array([ 154.11319345, -170.03678074])
14.4809 	DATA 	Keypress: left
14.4964 	EXP 	unnamed Rect: pos = array([ 144.11319345, -170.03678074])
14.5134 	EXP 	unnamed Rect: pos = array([ 144.11319345, -170.03678074])
14.5296 	EXP 	unnamed Rect: pos = array([ 144.11319345, -170.03678074])
14.5466 	EXP 	unnamed Rect: pos = array([ 144.11319345, -170.03678074])
14.5636 	EXP 	unnamed Rect: pos = array([ 144.11319345, -170.03678074])
14.5802 	EXP 	unnamed Rect: pos = array([ 144.11319345, -170.03678074])
14.5959 	EXP 	unnamed Rect: pos = array([ 144.11319345, -170.03678074])
14.6138 	EXP 	unnamed Rect: pos = array([ 144.11319345, -170.03678074])
14.6297 	EXP 	unnamed Rect: pos = array([ 144.11319345, -170.03678074])
14.6474 	EXP 	unnamed Rect: pos = array([ 144.11319345, -170.03678074])
14.6518 	DATA 	Keypress: up
14.6635 	EXP 	unnamed Rect: pos = array([ 144.11319345, -170.03678074])
14.6798 	EXP 	unnamed Rect: pos = array([ 144.11319345, -160.03678074])
14.6964 	EXP 	unnamed Rect: pos = array([ 144.11319345, -160.03678074])
14.7133 	EXP 	unnamed Rect: pos = array([ 144.11319345, -160.03678074])
14.7303 	EXP 	unnamed Rect: pos = array([ 144.11319345, -160.03678074])
14.7470 	EXP 	unnamed Rect: pos = array([ 144.11319345, -160.03678074])
14.7633 	EXP 	unnamed Rect: pos = array([ 144.11319345, -160.03678074])
14.7800 	EXP 	unnamed Rect: pos = array([ 144.11319345, -160.03678074])
14.7968 	EXP 	unnamed Rect: pos = array([ 144.11319345, -160.03678074])
14.8141 	EXP 	unnamed Rect: pos = array([ 144.11319345, -160.03678074])
14.8302 	EXP 	unnamed Rect: pos = array([ 144.11319345, -160.03678074])
14.8469 	EXP 	unnamed Rect: pos = array([ 144.11319345, -160.03678074])
14.8512 	DATA 	Keypress: up
14.8642 	EXP 	unnamed Rect: pos = array([ 144.11319345, -160.03678074])
14.8799 	EXP 	unnamed Rect: pos = array([ 144.11319345, -150.03678074])
14.8971 	EXP 	unnamed Rect: pos = array([ 144.11319345, -150.03678074])
14.9134 	EXP 	unnamed Rect: pos = array([ 144.11319345, -150.03678074])
14.9297 	EXP 	unnamed Rect: pos = array([ 144.11319345, -150.03678074])
14.9466 	EXP 	unnamed Rect: pos = array([ 144.11319345, -150.03678074])
14.9631 	EXP 	unnamed Rect: pos = array([ 144.11319345, -150.03678074])
14.9802 	EXP 	unnamed Rect: pos = array([ 144.11319345, -150.03678074])
14.9966 	EXP 	unnamed Rect: pos = array([ 144.11319345, -150.03678074])
15.0136 	EXP 	unnamed Rect: pos = array([ 144.11319345, -150.03678074])
15.0142 	DATA 	Keypress: up
15.0300 	EXP 	unnamed Rect: pos = array([ 144.11319345, -140.03678074])
15.0465 	EXP 	unnamed Rect: pos = array([ 144.11319345, -140.03678074])
15.0637 	EXP 	unnamed Rect: pos = array([ 144.11319345, -140.03678074])
15.0801 	EXP 	unnamed Rect: pos = array([ 144.11319345, -140.03678074])
15.0969 	EXP 	unnamed Rect: pos = array([ 144.11319345, -140.03678074])
15.1136 	EXP 	unnamed Rect: pos = array([ 144.11319345, -140.03678074])
15.1303 	EXP 	unnamed Rect: pos = array([ 144.11319345, -140.03678074])
15.1469 	EXP 	unnamed Rect: pos = array([ 144.11319345, -140.03678074])
15.1632 	EXP 	unnamed Rect: pos = array([ 144.11319345, -140.03678074])
15.1798 	EXP 	unnamed Rect: pos = array([ 144.11319345, -140.03678074])
15.1970 	EXP 	unnamed Rect: pos = array([ 144.11319345, -140.03678074])
15.1976 	DATA 	Keypress: left
15.2137 	EXP 	unnamed Rect: pos = array([ 134.11319345, -140.03678074])
15.2298 	EXP 	unnamed Rect: pos = array([ 134.11319345, -140.03678074])
15.2464 	EXP 	unnamed Rect: pos = array([ 134.11319345, -140.03678074])
15.2643 	EXP 	unnamed Rect: pos = array([ 134.11319345, -140.03678074])
15.2805 	EXP 	unnamed Rect: pos = array([ 134.11319345, -140.03678074])
15.2968 	EXP 	unnamed Rect: pos = array([ 134.11319345, -140.03678074])
15.3138 	EXP 	unnamed Rect: pos = array([ 134.11319345, -140.03678074])
15.3299 	EXP 	unnamed Rect: pos = array([ 134.11319345, -140.03678074])
15.3468 	EXP 	unnamed Rect: pos = array([ 134.11319345, -140.03678074])
15.3627 	EXP 	unnamed Rect: pos = array([ 134.11319345, -140.03678074])
15.3807 	EXP 	unnamed Rect: pos = array([ 134.11319345, -140.03678074])
15.3813 	DATA 	Keypress: left
15.3969 	EXP 	unnamed Rect: pos = array([ 124.11319345, -140.03678074])
15.4134 	EXP 	unnamed Rect: pos = array([ 124.11319345, -140.03678074])
15.4308 	EXP 	unnamed Rect: pos = array([ 124.11319345, -140.03678074])
15.4471 	EXP 	unnamed Rect: pos = array([ 124.11319345, -140.03678074])
15.4632 	EXP 	unnamed Rect: pos = array([ 124.11319345, -140.03678074])
15.4805 	EXP 	unnamed Rect: pos = array([ 124.11319345, -140.03678074])
15.4966 	EXP 	unnamed Rect: pos = array([ 124.11319345, -140.03678074])
15.5132 	EXP 	unnamed Rect: pos = array([ 124.11319345, -140.03678074])
15.5303 	EXP 	unnamed Rect: pos = array([ 124.11319345, -140.03678074])
15.5463 	EXP 	unnamed Rect: pos = array([ 124.11319345, -140.03678074])
15.5506 	DATA 	Keypress: up
15.5641 	EXP 	unnamed Rect: pos = array([ 124.11319345, -140.03678074])
15.5800 	EXP 	unnamed Rect: pos = array([ 124.11319345, -130.03678074])
15.5968 	EXP 	unnamed Rect: pos = array([ 124.11319345, -130.03678074])
15.6133 	EXP 	unnamed Rect: pos = array([ 124.11319345, -130.03678074])
15.6301 	EXP 	unnamed Rect: pos = array([ 124.11319345, -130.03678074])
15.6467 	EXP 	unnamed Rect: pos = array([ 124.11319345, -130.03678074])
15.6636 	EXP 	unnamed Rect: pos = array([ 124.11319345, -130.03678074])
15.6799 	EXP 	unnamed Rect: pos = array([ 124.11319345, -130.03678074])
15.6964 	EXP 	unnamed Rect: pos = array([ 124.11319345, -130.03678074])
15.7135 	EXP 	unnamed Rect: pos = array([ 124.11319345, -130.03678074])
15.7304 	EXP 	unnamed Rect: pos = array([ 124.11319345, -130.03678074])
15.7460 	EXP 	unnamed Rect: pos = array([ 124.11319345, -130.03678074])
15.7637 	EXP 	unnamed Rect: pos = array([ 124.11319345, -130.03678074])
15.7812 	EXP 	unnamed Rect: pos = array([ 124.11319345, -130.03678074])
15.7818 	DATA 	Keypress: up
15.7968 	EXP 	unnamed Rect: pos = array([ 124.11319345, -120.03678074])
15.8135 	EXP 	unnamed Rect: pos = array([ 124.11319345, -120.03678074])
15.8300 	EXP 	unnamed Rect: pos = array([ 124.11319345, -120.03678074])
15.8469 	EXP 	unnamed Rect: pos = array([ 124.11319345, -120.03678074])
15.8635 	EXP 	unnamed Rect: pos = array([ 124.11319345, -120.03678074])
15.8801 	EXP 	unnamed Rect: pos = array([ 124.11319345, -120.03678074])
15.8970 	EXP 	unnamed Rect: pos = array([ 124.11319345, -120.03678074])
15.9130 	EXP 	unnamed Rect: pos = array([ 124.11319345, -120.03678074])
15.9298 	EXP 	unnamed Rect: pos = array([ 124.11319345, -120.03678074])
15.9470 	EXP 	unnamed Rect: pos = array([ 124.11319345, -120.03678074])
15.9639 	EXP 	unnamed Rect: pos = array([ 124.11319345, -120.03678074])
15.9806 	EXP 	unnamed Rect: pos = array([ 124.11319345, -120.03678074])
15.9812 	DATA 	Keypress: left
15.9972 	EXP 	unnamed Rect: pos = array([ 114.11319345, -120.03678074])
16.0141 	EXP 	unnamed Rect: pos = array([ 114.11319345, -120.03678074])
16.0308 	EXP 	unnamed Rect: pos = array([ 114.11319345, -120.03678074])
16.0469 	EXP 	unnamed Rect: pos = array([ 114.11319345, -120.03678074])
16.0634 	EXP 	unnamed Rect: pos = array([ 114.11319345, -120.03678074])
16.0805 	EXP 	unnamed Rect: pos = array([ 114.11319345, -120.03678074])
16.0964 	EXP 	unnamed Rect: pos = array([ 114.11319345, -120.03678074])
16.1134 	EXP 	unnamed Rect: pos = array([ 114.11319345, -120.03678074])
16.1301 	EXP 	unnamed Rect: pos = array([ 114.11319345, -120.03678074])
16.1465 	EXP 	unnamed Rect: pos = array([ 114.11319345, -120.03678074])
16.1633 	EXP 	unnamed Rect: pos = array([ 114.11319345, -120.03678074])
16.1807 	EXP 	unnamed Rect: pos = array([ 114.11319345, -120.03678074])
16.1812 	DATA 	Keypress: up
16.1967 	EXP 	unnamed Rect: pos = array([ 114.11319345, -110.03678074])
16.2131 	EXP 	unnamed Rect: pos = array([ 114.11319345, -110.03678074])
16.2302 	EXP 	unnamed Rect: pos = array([ 114.11319345, -110.03678074])
16.2459 	EXP 	unnamed Rect: pos = array([ 114.11319345, -110.03678074])
16.2637 	EXP 	unnamed Rect: pos = array([ 114.11319345, -110.03678074])
16.2801 	EXP 	unnamed Rect: pos = array([ 114.11319345, -110.03678074])
16.2971 	EXP 	unnamed Rect: pos = array([ 114.11319345, -110.03678074])
16.3135 	EXP 	unnamed Rect: pos = array([ 114.11319345, -110.03678074])
16.3298 	EXP 	unnamed Rect: pos = array([ 114.11319345, -110.03678074])
16.3468 	EXP 	unnamed Rect: pos = array([ 114.11319345, -110.03678074])
16.3643 	EXP 	unnamed Rect: pos = array([ 114.11319345, -110.03678074])
16.3805 	EXP 	unnamed Rect: pos = array([ 114.11319345, -110.03678074])
16.3810 	DATA 	Keypress: left
16.3968 	EXP 	unnamed Rect: pos = array([ 104.11319345, -110.03678074])
16.4140 	EXP 	unnamed Rect: pos = array([ 104.11319345, -110.03678074])
16.4300 	EXP 	unnamed Rect: pos = array([ 104.11319345, -110.03678074])
16.4465 	EXP 	unnamed Rect: pos = array([ 104.11319345, -110.03678074])
16.4636 	EXP 	unnamed Rect: pos = array([ 104.11319345, -110.03678074])
16.4798 	EXP 	unnamed Rect: pos = array([ 104.11319345, -110.03678074])
16.4974 	EXP 	unnamed Rect: pos = array([ 104.11319345, -110.03678074])
16.5130 	EXP 	unnamed Rect: pos = array([ 104.11319345, -110.03678074])
16.5297 	EXP 	unnamed Rect: pos = array([ 104.11319345, -110.03678074])
16.5469 	EXP 	unnamed Rect: pos = array([ 104.11319345, -110.03678074])
16.5632 	EXP 	unnamed Rect: pos = array([ 104.11319345, -110.03678074])
16.5802 	EXP 	unnamed Rect: pos = array([ 104.11319345, -110.03678074])
16.5970 	EXP 	unnamed Rect: pos = array([ 104.11319345, -110.03678074])
16.5976 	DATA 	Keypress: up
16.6131 	EXP 	unnamed Rect: pos = array([ 104.11319345, -100.03678074])
16.6303 	EXP 	unnamed Rect: pos = array([ 104.11319345, -100.03678074])
16.6469 	EXP 	unnamed Rect: pos = array([ 104.11319345, -100.03678074])
16.6635 	EXP 	unnamed Rect: pos = array([ 104.11319345, -100.03678074])
16.6804 	EXP 	unnamed Rect: pos = array([ 104.11319345, -100.03678074])
16.6973 	EXP 	unnamed Rect: pos = array([ 104.11319345, -100.03678074])
16.7131 	EXP 	unnamed Rect: pos = array([ 104.11319345, -100.03678074])
16.7297 	EXP 	unnamed Rect: pos = array([ 104.11319345, -100.03678074])
16.7467 	EXP 	unnamed Rect: pos = array([ 104.11319345, -100.03678074])
16.7474 	DATA 	Keypress: left
16.7644 	EXP 	unnamed Rect: pos = array([  94.11319345, -100.03678074])
16.7808 	EXP 	unnamed Rect: pos = array([  94.11319345, -100.03678074])
16.7967 	EXP 	unnamed Rect: pos = array([  94.11319345, -100.03678074])
16.8138 	EXP 	unnamed Rect: pos = array([  94.11319345, -100.03678074])
16.8298 	EXP 	unnamed Rect: pos = array([  94.11319345, -100.03678074])
16.8471 	EXP 	unnamed Rect: pos = array([  94.11319345, -100.03678074])
16.8639 	EXP 	unnamed Rect: pos = array([  94.11319345, -100.03678074])
16.8802 	EXP 	unnamed Rect: pos = array([  94.11319345, -100.03678074])
16.8807 	DATA 	Keypress: up
16.8966 	EXP 	unnamed Rect: pos = array([ 94.11319345, -90.03678074])
16.9132 	EXP 	unnamed Rect: pos = array([ 94.11319345, -90.03678074])
16.9298 	EXP 	unnamed Rect: pos = array([ 94.11319345, -90.03678074])
16.9469 	EXP 	unnamed Rect: pos = array([ 94.11319345, -90.03678074])
16.9634 	EXP 	unnamed Rect: pos = array([ 94.11319345, -90.03678074])
16.9809 	EXP 	unnamed Rect: pos = array([ 94.11319345, -90.03678074])
16.9971 	EXP 	unnamed Rect: pos = array([ 94.11319345, -90.03678074])
16.9976 	DATA 	Keypress: left
17.0126 	EXP 	unnamed Rect: pos = array([ 84.11319345, -90.03678074])
17.0298 	EXP 	unnamed Rect: pos = array([ 84.11319345, -90.03678074])
17.0464 	EXP 	unnamed Rect: pos = array([ 84.11319345, -90.03678074])
17.0631 	EXP 	unnamed Rect: pos = array([ 84.11319345, -90.03678074])
17.0799 	EXP 	unnamed Rect: pos = array([ 84.11319345, -90.03678074])
17.0967 	EXP 	unnamed Rect: pos = array([ 84.11319345, -90.03678074])
17.1133 	EXP 	unnamed Rect: pos = array([ 84.11319345, -90.03678074])
17.1175 	DATA 	Keypress: up
17.1305 	EXP 	unnamed Rect: pos = array([ 84.11319345, -90.03678074])
17.1469 	EXP 	unnamed Rect: pos = array([ 84.11319345, -80.03678074])
17.1634 	EXP 	unnamed Rect: pos = array([ 84.11319345, -80.03678074])
17.1799 	EXP 	unnamed Rect: pos = array([ 84.11319345, -80.03678074])
17.1966 	EXP 	unnamed Rect: pos = array([ 84.11319345, -80.03678074])
17.2135 	EXP 	unnamed Rect: pos = array([ 84.11319345, -80.03678074])
17.2300 	EXP 	unnamed Rect: pos = array([ 84.11319345, -80.03678074])
17.2305 	DATA 	Keypress: left
17.2469 	EXP 	unnamed Rect: pos = array([ 74.11319345, -80.03678074])
17.2640 	EXP 	unnamed Rect: pos = array([ 74.11319345, -80.03678074])
17.2800 	EXP 	unnamed Rect: pos = array([ 74.11319345, -80.03678074])
17.2975 	EXP 	unnamed Rect: pos = array([ 74.11319345, -80.03678074])
17.3136 	EXP 	unnamed Rect: pos = array([ 74.11319345, -80.03678074])
17.3305 	EXP 	unnamed Rect: pos = array([ 74.11319345, -80.03678074])
17.3310 	DATA 	Keypress: up
17.3470 	EXP 	unnamed Rect: pos = array([ 74.11319345, -70.03678074])
17.3635 	EXP 	unnamed Rect: pos = array([ 74.11319345, -70.03678074])
17.3807 	EXP 	unnamed Rect: pos = array([ 74.11319345, -70.03678074])
17.3966 	EXP 	unnamed Rect: pos = array([ 74.11319345, -70.03678074])
17.4126 	EXP 	unnamed Rect: pos = array([ 74.11319345, -70.03678074])
17.4301 	EXP 	unnamed Rect: pos = array([ 74.11319345, -70.03678074])
17.4307 	DATA 	Keypress: left
17.4467 	EXP 	unnamed Rect: pos = array([ 64.11319345, -70.03678074])
17.4639 	EXP 	unnamed Rect: pos = array([ 64.11319345, -70.03678074])
17.4798 	EXP 	unnamed Rect: pos = array([ 64.11319345, -70.03678074])
17.4965 	EXP 	unnamed Rect: pos = array([ 64.11319345, -70.03678074])
17.5139 	EXP 	unnamed Rect: pos = array([ 64.11319345, -70.03678074])
17.5305 	EXP 	unnamed Rect: pos = array([ 64.11319345, -70.03678074])
17.5310 	DATA 	Keypress: up
17.5467 	EXP 	unnamed Rect: pos = array([ 64.11319345, -60.03678074])
17.5634 	EXP 	unnamed Rect: pos = array([ 64.11319345, -60.03678074])
17.5807 	EXP 	unnamed Rect: pos = array([ 64.11319345, -60.03678074])
17.5964 	EXP 	unnamed Rect: pos = array([ 64.11319345, -60.03678074])
17.6136 	EXP 	unnamed Rect: pos = array([ 64.11319345, -60.03678074])
17.6305 	EXP 	unnamed Rect: pos = array([ 64.11319345, -60.03678074])
17.6310 	DATA 	Keypress: left
17.6465 	EXP 	unnamed Rect: pos = array([ 54.11319345, -60.03678074])
17.6631 	EXP 	unnamed Rect: pos = array([ 54.11319345, -60.03678074])
17.6792 	EXP 	unnamed Rect: pos = array([ 54.11319345, -60.03678074])
17.6966 	EXP 	unnamed Rect: pos = array([ 54.11319345, -60.03678074])
17.7138 	EXP 	unnamed Rect: pos = array([ 54.11319345, -60.03678074])
17.7301 	EXP 	unnamed Rect: pos = array([ 54.11319345, -60.03678074])
17.7307 	DATA 	Keypress: up
17.7464 	EXP 	unnamed Rect: pos = array([ 54.11319345, -50.03678074])
17.7633 	EXP 	unnamed Rect: pos = array([ 54.11319345, -50.03678074])
17.7799 	EXP 	unnamed Rect: pos = array([ 54.11319345, -50.03678074])
17.7960 	EXP 	unnamed Rect: pos = array([ 54.11319345, -50.03678074])
17.8135 	EXP 	unnamed Rect: pos = array([ 54.11319345, -50.03678074])
17.8304 	EXP 	unnamed Rect: pos = array([ 54.11319345, -50.03678074])
17.8309 	DATA 	Keypress: left
17.8471 	EXP 	unnamed Rect: pos = array([ 44.11319345, -50.03678074])
17.8634 	EXP 	unnamed Rect: pos = array([ 44.11319345, -50.03678074])
17.8800 	EXP 	unnamed Rect: pos = array([ 44.11319345, -50.03678074])
17.8971 	EXP 	unnamed Rect: pos = array([ 44.11319345, -50.03678074])
17.9139 	EXP 	unnamed Rect: pos = array([ 44.11319345, -50.03678074])
17.9304 	EXP 	unnamed Rect: pos = array([ 44.11319345, -50.03678074])
17.9309 	DATA 	Keypress: up
17.9471 	EXP 	unnamed Rect: pos = array([ 44.11319345, -40.03678074])
17.9634 	EXP 	unnamed Rect: pos = array([ 44.11319345, -40.03678074])
17.9801 	EXP 	unnamed Rect: pos = array([ 44.11319345, -40.03678074])
17.9967 	EXP 	unnamed Rect: pos = array([ 44.11319345, -40.03678074])
18.0132 	EXP 	unnamed Rect: pos = array([ 44.11319345, -40.03678074])
18.0301 	EXP 	unnamed Rect: pos = array([ 44.11319345, -40.03678074])
18.0306 	DATA 	Keypress: left
18.0472 	EXP 	unnamed Rect: pos = array([ 34.11319345, -40.03678074])
18.0638 	EXP 	unnamed Rect: pos = array([ 34.11319345, -40.03678074])
18.0802 	EXP 	unnamed Rect: pos = array([ 34.11319345, -40.03678074])
18.0971 	EXP 	unnamed Rect: pos = array([ 34.11319345, -40.03678074])
18.1138 	EXP 	unnamed Rect: pos = array([ 34.11319345, -40.03678074])
18.1303 	EXP 	unnamed Rect: pos = array([ 34.11319345, -40.03678074])
18.1308 	DATA 	Keypress: up
18.1472 	EXP 	unnamed Rect: pos = array([ 34.11319345, -30.03678074])
18.1631 	EXP 	unnamed Rect: pos = array([ 34.11319345, -30.03678074])
18.1806 	EXP 	unnamed Rect: pos = array([ 34.11319345, -30.03678074])
18.1972 	EXP 	unnamed Rect: pos = array([ 34.11319345, -30.03678074])
18.2135 	EXP 	unnamed Rect: pos = array([ 34.11319345, -30.03678074])
18.2299 	EXP 	unnamed Rect: pos = array([ 34.11319345, -30.03678074])
18.2468 	EXP 	unnamed Rect: pos = array([ 34.11319345, -30.03678074])
18.2473 	DATA 	Keypress: left
18.2631 	EXP 	unnamed Rect: pos = array([ 24.11319345, -30.03678074])
18.2804 	EXP 	unnamed Rect: pos = array([ 24.11319345, -30.03678074])
18.2967 	EXP 	unnamed Rect: pos = array([ 24.11319345, -30.03678074])
18.3136 	EXP 	unnamed Rect: pos = array([ 24.11319345, -30.03678074])
18.3311 	EXP 	unnamed Rect: pos = array([ 24.11319345, -30.03678074])
18.3316 	DATA 	Keypress: up
18.3471 	EXP 	unnamed Rect: pos = array([ 24.11319345, -20.03678074])
18.3635 	EXP 	unnamed Rect: pos = array([ 24.11319345, -20.03678074])
18.3799 	EXP 	unnamed Rect: pos = array([ 24.11319345, -20.03678074])
18.3968 	EXP 	unnamed Rect: pos = array([ 24.11319345, -20.03678074])
18.4132 	EXP 	unnamed Rect: pos = array([ 24.11319345, -20.03678074])
18.4303 	EXP 	unnamed Rect: pos = array([ 24.11319345, -20.03678074])
18.4466 	EXP 	unnamed Rect: pos = array([ 24.11319345, -20.03678074])
18.4506 	DATA 	Keypress: left
18.4637 	EXP 	unnamed Rect: pos = array([ 24.11319345, -20.03678074])
18.4799 	EXP 	unnamed Rect: pos = array([ 14.11319345, -20.03678074])
18.4968 	EXP 	unnamed Rect: pos = array([ 14.11319345, -20.03678074])
18.5136 	EXP 	unnamed Rect: pos = array([ 14.11319345, -20.03678074])
18.5302 	EXP 	unnamed Rect: pos = array([ 14.11319345, -20.03678074])
18.5472 	EXP 	unnamed Rect: pos = array([ 14.11319345, -20.03678074])
18.5477 	DATA 	Keypress: up
18.5643 	EXP 	unnamed Rect: pos = array([ 14.11319345, -10.03678074])
18.5799 	EXP 	unnamed Rect: pos = array([ 14.11319345, -10.03678074])
18.5970 	EXP 	unnamed Rect: pos = array([ 14.11319345, -10.03678074])
18.6139 	EXP 	unnamed Rect: pos = array([ 14.11319345, -10.03678074])
18.6313 	EXP 	unnamed Rect: pos = array([ 14.11319345, -10.03678074])
18.6467 	EXP 	unnamed Rect: pos = array([ 14.11319345, -10.03678074])
18.6636 	EXP 	unnamed Rect: pos = array([ 14.11319345, -10.03678074])
18.6642 	DATA 	Keypress: left
18.6801 	EXP 	unnamed Rect: pos = array([  4.11319345, -10.03678074])
18.6967 	EXP 	unnamed Rect: pos = array([  4.11319345, -10.03678074])
18.7131 	EXP 	unnamed Rect: pos = array([  4.11319345, -10.03678074])
18.7304 	EXP 	unnamed Rect: pos = array([  4.11319345, -10.03678074])
18.7467 	EXP 	unnamed Rect: pos = array([  4.11319345, -10.03678074])
18.7649 	EXP 	unnamed Rect: pos = array([  4.11319345, -10.03678074])
18.7689 	DATA 	Keypress: up
18.7805 	EXP 	unnamed Rect: pos = array([  4.11319345, -10.03678074])
18.7964 	EXP 	unnamed Rect: pos = array([ 4.11319345, -0.03678074])
18.8139 	EXP 	unnamed Rect: pos = array([ 4.11319345, -0.03678074])
18.8299 	EXP 	unnamed Rect: pos = array([ 4.11319345, -0.03678074])
18.8470 	EXP 	unnamed Rect: pos = array([ 4.11319345, -0.03678074])
18.8634 	EXP 	unnamed Rect: pos = array([ 4.11319345, -0.03678074])
18.8803 	EXP 	unnamed Rect: pos = array([ 4.11319345, -0.03678074])
18.8809 	DATA 	Keypress: left
18.8966 	EXP 	unnamed Rect: pos = array([-5.88680655, -0.03678074])
18.9131 	EXP 	unnamed Rect: pos = array([-5.88680655, -0.03678074])
18.9299 	EXP 	unnamed Rect: pos = array([-5.88680655, -0.03678074])
18.9471 	EXP 	unnamed Rect: pos = array([-5.88680655, -0.03678074])
18.9645 	EXP 	unnamed Rect: pos = array([-5.88680655, -0.03678074])
18.9806 	EXP 	unnamed Rect: pos = array([-5.88680655, -0.03678074])
18.9810 	DATA 	Keypress: up
18.9966 	EXP 	unnamed Rect: pos = array([-5.88680655,  9.96321926])
19.0133 	EXP 	unnamed Rect: pos = array([-5.88680655,  9.96321926])
19.0298 	EXP 	unnamed Rect: pos = array([-5.88680655,  9.96321926])
19.0466 	EXP 	unnamed Rect: pos = array([-5.88680655,  9.96321926])
19.0634 	EXP 	unnamed Rect: pos = array([-5.88680655,  9.96321926])
19.0808 	EXP 	unnamed Rect: pos = array([-5.88680655,  9.96321926])
19.0813 	DATA 	Keypress: left
19.0970 	EXP 	unnamed Rect: pos = array([-15.88680655,   9.96321926])
19.1134 	EXP 	unnamed Rect: pos = array([-15.88680655,   9.96321926])
19.1305 	EXP 	unnamed Rect: pos = array([-15.88680655,   9.96321926])
19.1466 	EXP 	unnamed Rect: pos = array([-15.88680655,   9.96321926])
19.1641 	EXP 	unnamed Rect: pos = array([-15.88680655,   9.96321926])
19.1802 	EXP 	unnamed Rect: pos = array([-15.88680655,   9.96321926])
19.1973 	EXP 	unnamed Rect: pos = array([-15.88680655,   9.96321926])
19.1978 	DATA 	Keypress: up
19.2137 	EXP 	unnamed Rect: pos = array([-15.88680655,  19.96321926])
19.2301 	EXP 	unnamed Rect: pos = array([-15.88680655,  19.96321926])
19.2465 	EXP 	unnamed Rect: pos = array([-15.88680655,  19.96321926])
19.2639 	EXP 	unnamed Rect: pos = array([-15.88680655,  19.96321926])
19.2800 	EXP 	unnamed Rect: pos = array([-15.88680655,  19.96321926])
19.2969 	EXP 	unnamed Rect: pos = array([-15.88680655,  19.96321926])
19.3137 	EXP 	unnamed Rect: pos = array([-15.88680655,  19.96321926])
19.3143 	DATA 	Keypress: left
19.3308 	EXP 	unnamed Rect: pos = array([-25.88680655,  19.96321926])
19.3471 	EXP 	unnamed Rect: pos = array([-25.88680655,  19.96321926])
19.3636 	EXP 	unnamed Rect: pos = array([-25.88680655,  19.96321926])
19.3802 	EXP 	unnamed Rect: pos = array([-25.88680655,  19.96321926])
19.3916 	DATA 	Keypress: up
19.3966 	EXP 	unnamed Rect: pos = array([-25.88680655,  19.96321926])
19.4136 	EXP 	unnamed Rect: pos = array([-25.88680655,  29.96321926])
19.4301 	EXP 	unnamed Rect: pos = array([-25.88680655,  29.96321926])
19.4470 	EXP 	unnamed Rect: pos = array([-25.88680655,  29.96321926])
19.4639 	EXP 	unnamed Rect: pos = array([-25.88680655,  29.96321926])
19.4802 	EXP 	unnamed Rect: pos = array([-25.88680655,  29.96321926])
19.4961 	EXP 	unnamed Rect: pos = array([-25.88680655,  29.96321926])
19.5134 	EXP 	unnamed Rect: pos = array([-25.88680655,  29.96321926])
19.5174 	DATA 	Keypress: left
19.5303 	EXP 	unnamed Rect: pos = array([-25.88680655,  29.96321926])
19.5469 	EXP 	unnamed Rect: pos = array([-35.88680655,  29.96321926])
19.5638 	EXP 	unnamed Rect: pos = array([-35.88680655,  29.96321926])
19.5801 	EXP 	unnamed Rect: pos = array([-35.88680655,  29.96321926])
19.5969 	EXP 	unnamed Rect: pos = array([-35.88680655,  29.96321926])
19.6134 	EXP 	unnamed Rect: pos = array([-35.88680655,  29.96321926])
19.6139 	DATA 	Keypress: up
19.6303 	EXP 	unnamed Rect: pos = array([-35.88680655,  39.96321926])
19.6470 	EXP 	unnamed Rect: pos = array([-35.88680655,  39.96321926])
19.6634 	EXP 	unnamed Rect: pos = array([-35.88680655,  39.96321926])
19.6805 	EXP 	unnamed Rect: pos = array([-35.88680655,  39.96321926])
19.6969 	EXP 	unnamed Rect: pos = array([-35.88680655,  39.96321926])
19.7135 	EXP 	unnamed Rect: pos = array([-35.88680655,  39.96321926])
19.7305 	EXP 	unnamed Rect: pos = array([-35.88680655,  39.96321926])
19.7310 	DATA 	Keypress: left
19.7470 	EXP 	unnamed Rect: pos = array([-45.88680655,  39.96321926])
19.7633 	EXP 	unnamed Rect: pos = array([-45.88680655,  39.96321926])
19.7798 	EXP 	unnamed Rect: pos = array([-45.88680655,  39.96321926])
19.7969 	EXP 	unnamed Rect: pos = array([-45.88680655,  39.96321926])
19.8135 	EXP 	unnamed Rect: pos = array([-45.88680655,  39.96321926])
19.8140 	DATA 	Keypress: up
19.8305 	EXP 	unnamed Rect: pos = array([-45.88680655,  49.96321926])
19.8468 	EXP 	unnamed Rect: pos = array([-45.88680655,  49.96321926])
19.8633 	EXP 	unnamed Rect: pos = array([-45.88680655,  49.96321926])
19.8805 	EXP 	unnamed Rect: pos = array([-45.88680655,  49.96321926])
19.8968 	EXP 	unnamed Rect: pos = array([-45.88680655,  49.96321926])
19.9135 	EXP 	unnamed Rect: pos = array([-45.88680655,  49.96321926])
19.9302 	EXP 	unnamed Rect: pos = array([-45.88680655,  49.96321926])
19.9472 	EXP 	unnamed Rect: pos = array([-45.88680655,  49.96321926])
19.9477 	DATA 	Keypress: left
19.9641 	EXP 	unnamed Rect: pos = array([-55.88680655,  49.96321926])
19.9806 	EXP 	unnamed Rect: pos = array([-55.88680655,  49.96321926])
19.9971 	EXP 	unnamed Rect: pos = array([-55.88680655,  49.96321926])
20.0134 	EXP 	unnamed Rect: pos = array([-55.88680655,  49.96321926])
20.0305 	EXP 	unnamed Rect: pos = array([-55.88680655,  49.96321926])
20.0468 	EXP 	unnamed Rect: pos = array([-55.88680655,  49.96321926])
20.0633 	EXP 	unnamed Rect: pos = array([-55.88680655,  49.96321926])
20.0801 	EXP 	unnamed Rect: pos = array([-55.88680655,  49.96321926])
20.0807 	DATA 	Keypress: up
20.0967 	EXP 	unnamed Rect: pos = array([-55.88680655,  59.96321926])
20.1137 	EXP 	unnamed Rect: pos = array([-55.88680655,  59.96321926])
20.1302 	EXP 	unnamed Rect: pos = array([-55.88680655,  59.96321926])
20.1344 	DATA 	Keypress: left
20.1477 	EXP 	unnamed Rect: pos = array([-55.88680655,  59.96321926])
20.1634 	EXP 	unnamed Rect: pos = array([-65.88680655,  59.96321926])
20.1802 	EXP 	unnamed Rect: pos = array([-65.88680655,  59.96321926])
20.1965 	EXP 	unnamed Rect: pos = array([-65.88680655,  59.96321926])
20.2139 	EXP 	unnamed Rect: pos = array([-65.88680655,  59.96321926])
20.2303 	EXP 	unnamed Rect: pos = array([-65.88680655,  59.96321926])
20.2468 	EXP 	unnamed Rect: pos = array([-65.88680655,  59.96321926])
20.2474 	DATA 	Keypress: up
20.2637 	EXP 	unnamed Rect: pos = array([-65.88680655,  69.96321926])
20.2805 	EXP 	unnamed Rect: pos = array([-65.88680655,  69.96321926])
20.2968 	EXP 	unnamed Rect: pos = array([-65.88680655,  69.96321926])
20.3144 	EXP 	unnamed Rect: pos = array([-65.88680655,  69.96321926])
20.3303 	EXP 	unnamed Rect: pos = array([-65.88680655,  69.96321926])
20.3473 	EXP 	unnamed Rect: pos = array([-65.88680655,  69.96321926])
20.3511 	DATA 	Keypress: left
20.3640 	EXP 	unnamed Rect: pos = array([-65.88680655,  69.96321926])
20.3801 	EXP 	unnamed Rect: pos = array([-75.88680655,  69.96321926])
20.3967 	EXP 	unnamed Rect: pos = array([-75.88680655,  69.96321926])
20.4133 	EXP 	unnamed Rect: pos = array([-75.88680655,  69.96321926])
20.4302 	EXP 	unnamed Rect: pos = array([-75.88680655,  69.96321926])
20.4467 	EXP 	unnamed Rect: pos = array([-75.88680655,  69.96321926])
20.4638 	EXP 	unnamed Rect: pos = array([-75.88680655,  69.96321926])
20.4643 	DATA 	Keypress: up
20.4803 	EXP 	unnamed Rect: pos = array([-75.88680655,  79.96321926])
20.4967 	EXP 	unnamed Rect: pos = array([-75.88680655,  79.96321926])
20.5132 	EXP 	unnamed Rect: pos = array([-75.88680655,  79.96321926])
20.5300 	EXP 	unnamed Rect: pos = array([-75.88680655,  79.96321926])
20.5467 	EXP 	unnamed Rect: pos = array([-75.88680655,  79.96321926])
20.5637 	EXP 	unnamed Rect: pos = array([-75.88680655,  79.96321926])
20.5643 	DATA 	Keypress: left
20.5801 	EXP 	unnamed Rect: pos = array([-85.88680655,  79.96321926])
20.5967 	EXP 	unnamed Rect: pos = array([-85.88680655,  79.96321926])
20.6132 	EXP 	unnamed Rect: pos = array([-85.88680655,  79.96321926])
20.6293 	EXP 	unnamed Rect: pos = array([-85.88680655,  79.96321926])
20.6468 	EXP 	unnamed Rect: pos = array([-85.88680655,  79.96321926])
20.6636 	EXP 	unnamed Rect: pos = array([-85.88680655,  79.96321926])
20.6678 	DATA 	Keypress: up
20.6803 	EXP 	unnamed Rect: pos = array([-85.88680655,  79.96321926])
20.6966 	EXP 	unnamed Rect: pos = array([-85.88680655,  89.96321926])
20.7131 	EXP 	unnamed Rect: pos = array([-85.88680655,  89.96321926])
20.7301 	EXP 	unnamed Rect: pos = array([-85.88680655,  89.96321926])
20.7466 	EXP 	unnamed Rect: pos = array([-85.88680655,  89.96321926])
20.7637 	EXP 	unnamed Rect: pos = array([-85.88680655,  89.96321926])
20.7802 	EXP 	unnamed Rect: pos = array([-85.88680655,  89.96321926])
20.7973 	EXP 	unnamed Rect: pos = array([-85.88680655,  89.96321926])
20.7979 	DATA 	Keypress: left
20.8134 	EXP 	unnamed Rect: pos = array([-95.88680655,  89.96321926])
20.8294 	EXP 	unnamed Rect: pos = array([-95.88680655,  89.96321926])
20.8467 	EXP 	unnamed Rect: pos = array([-95.88680655,  89.96321926])
20.8636 	EXP 	unnamed Rect: pos = array([-95.88680655,  89.96321926])
20.8681 	DATA 	Keypress: up
20.8799 	EXP 	unnamed Rect: pos = array([-95.88680655,  89.96321926])
20.8970 	EXP 	unnamed Rect: pos = array([-95.88680655,  99.96321926])
20.9142 	EXP 	unnamed Rect: pos = array([-95.88680655,  99.96321926])
20.9299 	EXP 	unnamed Rect: pos = array([-95.88680655,  99.96321926])
20.9472 	EXP 	unnamed Rect: pos = array([-95.88680655,  99.96321926])
20.9632 	EXP 	unnamed Rect: pos = array([-95.88680655,  99.96321926])
20.9811 	EXP 	unnamed Rect: pos = array([-95.88680655,  99.96321926])
20.9972 	EXP 	unnamed Rect: pos = array([-95.88680655,  99.96321926])
20.9978 	DATA 	Keypress: left
21.0135 	EXP 	unnamed Rect: pos = array([-105.88680655,   99.96321926])
21.0306 	EXP 	unnamed Rect: pos = array([-105.88680655,   99.96321926])
21.0468 	EXP 	unnamed Rect: pos = array([-105.88680655,   99.96321926])
21.0634 	EXP 	unnamed Rect: pos = array([-105.88680655,   99.96321926])
21.0803 	EXP 	unnamed Rect: pos = array([-105.88680655,   99.96321926])
21.0976 	EXP 	unnamed Rect: pos = array([-105.88680655,   99.96321926])
21.0981 	DATA 	Keypress: up
21.1132 	EXP 	unnamed Rect: pos = array([-105.88680655,  109.96321926])
21.1304 	EXP 	unnamed Rect: pos = array([-105.88680655,  109.96321926])
21.1469 	EXP 	unnamed Rect: pos = array([-105.88680655,  109.96321926])
21.1637 	EXP 	unnamed Rect: pos = array([-105.88680655,  109.96321926])
21.1807 	EXP 	unnamed Rect: pos = array([-105.88680655,  109.96321926])
21.1970 	EXP 	unnamed Rect: pos = array([-105.88680655,  109.96321926])
21.2140 	EXP 	unnamed Rect: pos = array([-105.88680655,  109.96321926])
21.2145 	DATA 	Keypress: left
21.2304 	EXP 	unnamed Rect: pos = array([-115.88680655,  109.96321926])
21.2465 	EXP 	unnamed Rect: pos = array([-115.88680655,  109.96321926])
21.2636 	EXP 	unnamed Rect: pos = array([-115.88680655,  109.96321926])
21.2799 	EXP 	unnamed Rect: pos = array([-115.88680655,  109.96321926])
21.2965 	EXP 	unnamed Rect: pos = array([-115.88680655,  109.96321926])
21.3139 	EXP 	unnamed Rect: pos = array([-115.88680655,  109.96321926])
21.3146 	DATA 	Keypress: up
21.3302 	EXP 	unnamed Rect: pos = array([-115.88680655,  119.96321926])
21.3468 	EXP 	unnamed Rect: pos = array([-115.88680655,  119.96321926])
21.3634 	EXP 	unnamed Rect: pos = array([-115.88680655,  119.96321926])
21.3798 	EXP 	unnamed Rect: pos = array([-115.88680655,  119.96321926])
21.3972 	EXP 	unnamed Rect: pos = array([-115.88680655,  119.96321926])
21.4140 	EXP 	unnamed Rect: pos = array([-115.88680655,  119.96321926])
21.4148 	DATA 	Keypress: left
21.4310 	EXP 	unnamed Rect: pos = array([-125.88680655,  119.96321926])
21.4469 	EXP 	unnamed Rect: pos = array([-125.88680655,  119.96321926])
21.4636 	EXP 	unnamed Rect: pos = array([-125.88680655,  119.96321926])
21.4805 	EXP 	unnamed Rect: pos = array([-125.88680655,  119.96321926])
21.4974 	EXP 	unnamed Rect: pos = array([-125.88680655,  119.96321926])
21.5141 	EXP 	unnamed Rect: pos = array([-125.88680655,  119.96321926])
21.5306 	EXP 	unnamed Rect: pos = array([-125.88680655,  119.96321926])
21.5311 	DATA 	Keypress: up
21.5472 	EXP 	unnamed Rect: pos = array([-125.88680655,  129.96321926])
21.5632 	EXP 	unnamed Rect: pos = array([-125.88680655,  129.96321926])
21.5804 	EXP 	unnamed Rect: pos = array([-125.88680655,  129.96321926])
21.5969 	EXP 	unnamed Rect: pos = array([-125.88680655,  129.96321926])
21.6142 	EXP 	unnamed Rect: pos = array([-125.88680655,  129.96321926])
21.6313 	EXP 	unnamed Rect: pos = array([-125.88680655,  129.96321926])
21.6472 	EXP 	unnamed Rect: pos = array([-125.88680655,  129.96321926])
21.6639 	EXP 	unnamed Rect: pos = array([-125.88680655,  129.96321926])
21.6644 	DATA 	Keypress: left
21.6802 	EXP 	unnamed Rect: pos = array([-135.88680655,  129.96321926])
21.6966 	EXP 	unnamed Rect: pos = array([-135.88680655,  129.96321926])
21.7134 	EXP 	unnamed Rect: pos = array([-135.88680655,  129.96321926])
21.7303 	EXP 	unnamed Rect: pos = array([-135.88680655,  129.96321926])
21.7465 	EXP 	unnamed Rect: pos = array([-135.88680655,  129.96321926])
21.7636 	EXP 	unnamed Rect: pos = array([-135.88680655,  129.96321926])
21.7643 	DATA 	Keypress: up
21.7804 	EXP 	unnamed Rect: pos = array([-135.88680655,  139.96321926])
21.7969 	EXP 	unnamed Rect: pos = array([-135.88680655,  139.96321926])
21.8136 	EXP 	unnamed Rect: pos = array([-135.88680655,  139.96321926])
21.8302 	EXP 	unnamed Rect: pos = array([-135.88680655,  139.96321926])
21.8466 	EXP 	unnamed Rect: pos = array([-135.88680655,  139.96321926])
21.8630 	EXP 	unnamed Rect: pos = array([-135.88680655,  139.96321926])
21.8809 	EXP 	unnamed Rect: pos = array([-135.88680655,  139.96321926])
21.8856 	DATA 	Keypress: left
21.8971 	EXP 	unnamed Rect: pos = array([-135.88680655,  139.96321926])
21.9135 	EXP 	unnamed Rect: pos = array([-145.88680655,  139.96321926])
21.9308 	EXP 	unnamed Rect: pos = array([-145.88680655,  139.96321926])
21.9466 	EXP 	unnamed Rect: pos = array([-145.88680655,  139.96321926])
21.9636 	EXP 	unnamed Rect: pos = array([-145.88680655,  139.96321926])
21.9803 	EXP 	unnamed Rect: pos = array([-145.88680655,  139.96321926])
21.9971 	EXP 	unnamed Rect: pos = array([-145.88680655,  139.96321926])
21.9977 	DATA 	Keypress: up
22.0136 	EXP 	unnamed Rect: pos = array([-145.88680655,  149.96321926])
22.0304 	EXP 	unnamed Rect: pos = array([-145.88680655,  149.96321926])
22.0466 	EXP 	unnamed Rect: pos = array([-145.88680655,  149.96321926])
22.0635 	EXP 	unnamed Rect: pos = array([-145.88680655,  149.96321926])
22.0805 	EXP 	unnamed Rect: pos = array([-145.88680655,  149.96321926])
22.0966 	EXP 	unnamed Rect: pos = array([-145.88680655,  149.96321926])
22.1138 	EXP 	unnamed Rect: pos = array([-145.88680655,  149.96321926])
22.1305 	EXP 	unnamed Rect: pos = array([-145.88680655,  149.96321926])
22.1472 	EXP 	unnamed Rect: pos = array([-145.88680655,  149.96321926])
22.1478 	DATA 	Keypress: left
22.1634 	EXP 	unnamed Rect: pos = array([-155.88680655,  149.96321926])
22.1804 	EXP 	unnamed Rect: pos = array([-155.88680655,  149.96321926])
22.1974 	EXP 	unnamed Rect: pos = array([-155.88680655,  149.96321926])
22.2137 	EXP 	unnamed Rect: pos = array([-155.88680655,  149.96321926])
22.2310 	EXP 	unnamed Rect: pos = array([-155.88680655,  149.96321926])
22.2466 	EXP 	unnamed Rect: pos = array([-155.88680655,  149.96321926])
22.2634 	EXP 	unnamed Rect: pos = array([-155.88680655,  149.96321926])
22.2802 	EXP 	unnamed Rect: pos = array([-155.88680655,  149.96321926])
22.2808 	DATA 	Keypress: up
22.2969 	EXP 	unnamed Rect: pos = array([-155.88680655,  159.96321926])
22.3136 	EXP 	unnamed Rect: pos = array([-155.88680655,  159.96321926])
22.3301 	EXP 	unnamed Rect: pos = array([-155.88680655,  159.96321926])
22.3472 	EXP 	unnamed Rect: pos = array([-155.88680655,  159.96321926])
22.3636 	EXP 	unnamed Rect: pos = array([-155.88680655,  159.96321926])
22.3809 	EXP 	unnamed Rect: pos = array([-155.88680655,  159.96321926])
22.3970 	EXP 	unnamed Rect: pos = array([-155.88680655,  159.96321926])
22.3976 	DATA 	Keypress: left
22.4134 	EXP 	unnamed Rect: pos = array([-165.88680655,  159.96321926])
22.4298 	EXP 	unnamed Rect: pos = array([-165.88680655,  159.96321926])
22.4466 	EXP 	unnamed Rect: pos = array([-165.88680655,  159.96321926])
22.4634 	EXP 	unnamed Rect: pos = array([-165.88680655,  159.96321926])
22.4803 	EXP 	unnamed Rect: pos = array([-165.88680655,  159.96321926])
22.4971 	EXP 	unnamed Rect: pos = array([-165.88680655,  159.96321926])
22.5009 	DATA 	Keypress: up
22.5137 	EXP 	unnamed Rect: pos = array([-165.88680655,  159.96321926])
22.5300 	EXP 	unnamed Rect: pos = array([-165.88680655,  169.96321926])
22.5469 	EXP 	unnamed Rect: pos = array([-165.88680655,  169.96321926])
22.5627 	EXP 	unnamed Rect: pos = array([-165.88680655,  169.96321926])
22.5800 	EXP 	unnamed Rect: pos = array([-165.88680655,  169.96321926])
22.5971 	EXP 	unnamed Rect: pos = array([-165.88680655,  169.96321926])
22.6136 	EXP 	unnamed Rect: pos = array([-165.88680655,  169.96321926])
22.6142 	DATA 	Keypress: left
22.6302 	EXP 	unnamed Rect: pos = array([-175.88680655,  169.96321926])
22.6467 	EXP 	unnamed Rect: pos = array([-175.88680655,  169.96321926])
22.6633 	EXP 	unnamed Rect: pos = array([-175.88680655,  169.96321926])
22.6801 	EXP 	unnamed Rect: pos = array([-175.88680655,  169.96321926])
22.6969 	EXP 	unnamed Rect: pos = array([-175.88680655,  169.96321926])
22.7133 	EXP 	unnamed Rect: pos = array([-175.88680655,  169.96321926])
22.7303 	EXP 	unnamed Rect: pos = array([-175.88680655,  169.96321926])
22.7308 	DATA 	Keypress: up
22.7466 	EXP 	unnamed Rect: pos = array([-175.88680655,  179.96321926])
22.7633 	EXP 	unnamed Rect: pos = array([-175.88680655,  179.96321926])
22.7803 	EXP 	unnamed Rect: pos = array([-175.88680655,  179.96321926])
22.7969 	EXP 	unnamed Rect: pos = array([-175.88680655,  179.96321926])
22.8134 	EXP 	text: autoDraw = True
22.8319 	DATA 	Keypress: left
22.9842 	DATA 	Keypress: up
23.0511 	DATA 	Keypress: left
25.2343 	DATA 	Keypress: escape
25.4275 	EXP 	window1: mouseVisible = True
