0.5126 	WARNING 	We strongly recommend you activate the PTB sound engine in PsychoPy prefs as the preferred audio engine. Its timing is vastly superior. Your prefs are currently set to use ['sounddevice', 'PTB', 'pyo', 'pygame'] (in that order).
4.4960 	ERROR 	'-1.0000, -1.0000, -1.0000' is not a valid rgb color
5.0559 	EXP 	Created window1 = Window(allowGUI=False, allowStencil=False, autoLog=True, backendConf=UNKNOWN, bitsMode=UNKNOWN, blendMode='avg', bpc=(8, 8, 8), color=array([0, 0, 0]), colorSpace='rgb', depthBits=8, fullscr=<method-wrapper '__getattribute__' of attributeSetter object at 0x7fdcba97fa90>, gamma=None, gammaErrorPolicy='raise', lms=UNKNOWN, monitor=<psychopy.monitors.calibTools.Monitor object at 0x7fdcbb042438>, multiSample=False, name='window1', numSamples=2, pos=[360.0, 225.0], screen=0, size=array([2880, 1800]), stencilBits=0, stereo=False, units='height', useFBO=True, useRetina=True, viewOri=0.0, viewPos=None, viewScale=None, waitBlanking=True, winType='pyglet')
5.0562 	EXP 	window1: mouseVisible = True
5.0563 	EXP 	window1: recordFrameIntervals = False
5.2219 	EXP 	window1: recordFrameIntervals = True
5.4055 	EXP 	window1: recordFrameIntervals = False
5.9863 	DEPRECATION 	'1.0000, 1.0000, 1.0000' is not a valid rgb color
6.0142 	EXP 	Created Welcometext = TextStim(__class__=<class 'psychopy.visual.text.TextStim'>, alignHoriz=method-wrapper(...), alignText='center', alignVert=method-wrapper(...), anchorHoriz='center', anchorVert='center', antialias=True, autoLog=True, bold=False, color=array([0., 0., 0.]), colorSpace='rgb', contrast=1.0, depth=0.0, flipHoriz=False, flipVert=False, font='Open Sans', fontFiles=[], height=0.05, italic=False, languageStyle='LTR', name='Welcometext', opacity=0, ori=0.0, pos=array([0., 0.]), rgb=UNKNOWN, text='Welcome\nPlease press Spacebar to start', units='height', win=Window(...), wrapWidth=1)
6.3729 	EXP 	Created text = TextStim(__class__=<class 'psychopy.visual.text.TextStim'>, alignHoriz=method-wrapper(...), alignText='center', alignVert=method-wrapper(...), anchorHoriz='center', anchorVert='center', antialias=True, autoLog=True, bold=False, color=array([1., 1., 1.]), colorSpace='rgb', contrast=1.0, depth=0.0, flipHoriz=False, flipVert=False, font='Open Sans', fontFiles=[], height=0.05, italic=False, languageStyle='LTR', name='text', opacity=1, ori=0.0, pos=array([0., 0.]), rgb=UNKNOWN, text=str(...), units='height', win=Window(...), wrapWidth=1)
6.3734 	EXP 	Created sequence: random, trialTypes=1, nReps=5, seed=None
6.3736 	EXP 	New trial (rep=0, index=0): None
6.3773 	DATA 	Keypress: space
6.3819 	EXP 	Welcometext: autoDraw = True
7.2786 	EXP 	Created unnamed Rect = Rect(__class__=<class 'psychopy.visual.rect.Rect'>, autoDraw=False, autoLog=True, closeShape=True, color=method-wrapper(...), colorSpace='rgb', contrast=None, depth=0, fillColor=array([ 1, -1, -1]), fillColorSpace='rgb', fillRGB=array([ 1, -1, -1]), interpolate=True, lineColor=array([-1., -1.,  1.]), lineColorSpace='rgb', lineRGB=array([-1, -1,  1]), lineWidth=1.5, name='unnamed Rect', opacity=1, ori=0.0, pos=array([0., 0.]), size=array([1000.,  700.]), units='pix', vertices=ndarray(...), win=Window(...))
7.2812 	EXP 	Created unnamed Rect = Rect(__class__=<class 'psychopy.visual.rect.Rect'>, autoDraw=False, autoLog=True, closeShape=True, color=method-wrapper(...), colorSpace='rgb', contrast=None, depth=0, fillColor=array([-1, -1, -1]), fillColorSpace='rgb', fillRGB=array([-1, -1, -1]), interpolate=True, lineColor=array([-1., -1.,  1.]), lineColorSpace='rgb', lineRGB=array([-1, -1,  1]), lineWidth=1.5, name='unnamed Rect', opacity=1, ori=0.0, pos=array([0., 0.]), size=array([400., 600.]), units='pix', vertices=ndarray(...), win=Window(...))
7.2834 	EXP 	Created unnamed Rect = Rect(__class__=<class 'psychopy.visual.rect.Rect'>, autoDraw=False, autoLog=True, closeShape=True, color=method-wrapper(...), colorSpace='rgb', contrast=None, depth=0, fillColor=array([-1, -1, -1]), fillColorSpace='rgb', fillRGB=array([-1, -1, -1]), interpolate=True, lineColor=array([-1., -1.,  1.]), lineColorSpace='rgb', lineRGB=array([-1, -1,  1]), lineWidth=1.5, name='unnamed Rect', opacity=1, ori=0.0, pos=array([0., 0.]), size=array([400., 600.]), units='pix', vertices=ndarray(...), win=Window(...))
7.2863 	EXP 	Created unnamed Rect = Rect(__class__=<class 'psychopy.visual.rect.Rect'>, autoDraw=False, autoLog=True, closeShape=True, color=method-wrapper(...), colorSpace='rgb', contrast=None, depth=0, fillColor=array([ 1,  1, -1]), fillColorSpace='rgb', fillRGB=array([ 1,  1, -1]), interpolate=True, lineColor=array([0., 0., 0.]), lineColorSpace='rgb', lineRGB=array([0, 0, 0]), lineWidth=1.5, name='unnamed Rect', opacity=0.5, ori=0.0, pos=array([0., 0.]), size=array([30., 30.]), units='pix', vertices=ndarray(...), win=Window(...))
7.2891 	EXP 	Created unnamed Rect = Rect(__class__=<class 'psychopy.visual.rect.Rect'>, autoDraw=False, autoLog=True, closeShape=True, color=method-wrapper(...), colorSpace='rgb', contrast=None, depth=0, fillColor=array([ 1,  1, -1]), fillColorSpace='rgb', fillRGB=array([ 1,  1, -1]), interpolate=True, lineColor=array([0., 0., 0.]), lineColorSpace='rgb', lineRGB=array([0, 0, 0]), lineWidth=1.5, name='unnamed Rect', opacity=0.5, ori=0.0, pos=array([0., 0.]), size=array([30., 30.]), units='pix', vertices=ndarray(...), win=Window(...))
7.2919 	EXP 	Created unnamed Rect = Rect(__class__=<class 'psychopy.visual.rect.Rect'>, autoDraw=False, autoLog=True, closeShape=True, color=method-wrapper(...), colorSpace='rgb', contrast=None, depth=0, fillColor=array([ 1,  1, -1]), fillColorSpace='rgb', fillRGB=array([ 1,  1, -1]), interpolate=True, lineColor=array([0., 0., 0.]), lineColorSpace='rgb', lineRGB=array([0, 0, 0]), lineWidth=1.5, name='unnamed Rect', opacity=0.5, ori=0.0, pos=array([0., 0.]), size=array([30., 30.]), units='pix', vertices=ndarray(...), win=Window(...))
7.2945 	EXP 	Created unnamed Rect = Rect(__class__=<class 'psychopy.visual.rect.Rect'>, autoDraw=False, autoLog=True, closeShape=True, color=method-wrapper(...), colorSpace='rgb', contrast=None, depth=0, fillColor=array([ 1,  1, -1]), fillColorSpace='rgb', fillRGB=array([ 1,  1, -1]), interpolate=True, lineColor=array([0., 0., 0.]), lineColorSpace='rgb', lineRGB=array([0, 0, 0]), lineWidth=1.5, name='unnamed Rect', opacity=0.5, ori=0.0, pos=array([0., 0.]), size=array([30., 30.]), units='pix', vertices=ndarray(...), win=Window(...))
7.2968 	EXP 	Created unnamed Rect = Rect(__class__=<class 'psychopy.visual.rect.Rect'>, autoDraw=False, autoLog=True, closeShape=True, color=method-wrapper(...), colorSpace='rgb', contrast=None, depth=0, fillColor=array([ 1,  1, -1]), fillColorSpace='rgb', fillRGB=array([ 1,  1, -1]), interpolate=True, lineColor=array([0., 0., 0.]), lineColorSpace='rgb', lineRGB=array([0, 0, 0]), lineWidth=1.5, name='unnamed Rect', opacity=0.5, ori=0.0, pos=array([0., 0.]), size=array([30., 30.]), units='pix', vertices=ndarray(...), win=Window(...))
7.2993 	EXP 	Created unnamed Rect = Rect(__class__=<class 'psychopy.visual.rect.Rect'>, autoDraw=False, autoLog=True, closeShape=True, color=method-wrapper(...), colorSpace='rgb', contrast=None, depth=0, fillColor=array([ 1,  1, -1]), fillColorSpace='rgb', fillRGB=array([ 1,  1, -1]), interpolate=True, lineColor=array([0., 0., 0.]), lineColorSpace='rgb', lineRGB=array([0, 0, 0]), lineWidth=1.5, name='unnamed Rect', opacity=0.5, ori=0.0, pos=array([0., 0.]), size=array([30., 30.]), units='pix', vertices=ndarray(...), win=Window(...))
7.3385 	EXP 	Created unnamed ImageStim = ImageStim(__class__=<class 'psychopy.visual.image.ImageStim'>, autoLog=True, color=array([1., 1., 1.]), colorSpace='rgb', contrast=1.0, depth=0, flipHoriz=False, flipVert=False, image='tree.png', interpolate=False, mask=None, maskParams=None, name='unnamed ImageStim', opacity=1, ori=0.0, pos=array([0., 0.]), size=array([512, 512]), texRes=128, units='pix', win=Window(...))
7.3591 	EXP 	Created unnamed ImageStim = ImageStim(__class__=<class 'psychopy.visual.image.ImageStim'>, autoLog=True, color=array([1., 1., 1.]), colorSpace='rgb', contrast=1.0, depth=0, flipHoriz=False, flipVert=False, image='tree.png', interpolate=False, mask=None, maskParams=None, name='unnamed ImageStim', opacity=1, ori=0.0, pos=array([0., 0.]), size=array([512, 512]), texRes=128, units='pix', win=Window(...))
7.3775 	EXP 	Created unnamed ImageStim = ImageStim(__class__=<class 'psychopy.visual.image.ImageStim'>, autoLog=True, color=array([1., 1., 1.]), colorSpace='rgb', contrast=1.0, depth=0, flipHoriz=False, flipVert=False, image='tree.png', interpolate=False, mask=None, maskParams=None, name='unnamed ImageStim', opacity=1, ori=0.0, pos=array([0., 0.]), size=array([512, 512]), texRes=128, units='pix', win=Window(...))
7.3950 	EXP 	Created unnamed ImageStim = ImageStim(__class__=<class 'psychopy.visual.image.ImageStim'>, autoLog=True, color=array([1., 1., 1.]), colorSpace='rgb', contrast=1.0, depth=0, flipHoriz=False, flipVert=False, image='tree.png', interpolate=False, mask=None, maskParams=None, name='unnamed ImageStim', opacity=1, ori=0.0, pos=array([0., 0.]), size=array([512, 512]), texRes=128, units='pix', win=Window(...))
7.4127 	EXP 	Created unnamed ImageStim = ImageStim(__class__=<class 'psychopy.visual.image.ImageStim'>, autoLog=True, color=array([1., 1., 1.]), colorSpace='rgb', contrast=1.0, depth=0, flipHoriz=False, flipVert=False, image='tree.png', interpolate=False, mask=None, maskParams=None, name='unnamed ImageStim', opacity=1, ori=0.0, pos=array([0., 0.]), size=array([512, 512]), texRes=128, units='pix', win=Window(...))
7.4302 	EXP 	Created unnamed ImageStim = ImageStim(__class__=<class 'psychopy.visual.image.ImageStim'>, autoLog=True, color=array([1., 1., 1.]), colorSpace='rgb', contrast=1.0, depth=0, flipHoriz=False, flipVert=False, image='tree.png', interpolate=False, mask=None, maskParams=None, name='unnamed ImageStim', opacity=1, ori=0.0, pos=array([0., 0.]), size=array([512, 512]), texRes=128, units='pix', win=Window(...))
7.4476 	EXP 	Created unnamed ImageStim = ImageStim(__class__=<class 'psychopy.visual.image.ImageStim'>, autoLog=True, color=array([1., 1., 1.]), colorSpace='rgb', contrast=1.0, depth=0, flipHoriz=False, flipVert=False, image='tree.png', interpolate=False, mask=None, maskParams=None, name='unnamed ImageStim', opacity=1, ori=0.0, pos=array([0., 0.]), size=array([512, 512]), texRes=128, units='pix', win=Window(...))
7.4650 	EXP 	Created unnamed ImageStim = ImageStim(__class__=<class 'psychopy.visual.image.ImageStim'>, autoLog=True, color=array([1., 1., 1.]), colorSpace='rgb', contrast=1.0, depth=0, flipHoriz=False, flipVert=False, image='tree.png', interpolate=False, mask=None, maskParams=None, name='unnamed ImageStim', opacity=1, ori=0.0, pos=array([0., 0.]), size=array([512, 512]), texRes=128, units='pix', win=Window(...))
7.4824 	EXP 	Created unnamed ImageStim = ImageStim(__class__=<class 'psychopy.visual.image.ImageStim'>, autoLog=True, color=array([1., 1., 1.]), colorSpace='rgb', contrast=1.0, depth=0, flipHoriz=False, flipVert=False, image='tree.png', interpolate=False, mask=None, maskParams=None, name='unnamed ImageStim', opacity=1, ori=0.0, pos=array([0., 0.]), size=array([512, 512]), texRes=128, units='pix', win=Window(...))
7.4953 	DATA 	Keypress: space
7.5006 	EXP 	Welcometext: autoDraw = False
7.5006 	EXP 	unnamed Rect: pos = [-250, 0]
7.5006 	EXP 	unnamed Rect: pos = [250, 0]
7.5006 	EXP 	unnamed Rect: pos = [-199.0195982082744, -183.07104174567735]
7.5006 	EXP 	unnamed Rect: pos = [-197.06015925172136, 51.65998037745549]
7.5006 	EXP 	unnamed Rect: pos = [-413.0838812884733, -256.35075025661763]
7.5006 	EXP 	unnamed Rect: pos = [-73.78014628436912, 24.362483169167426]
7.5006 	EXP 	unnamed Rect: pos = [-304.02273646848005, 254.77678195917105]
7.5006 	EXP 	unnamed Rect: pos = [273.3852194578677, 270.8938467250082]
7.5006 	EXP 	unnamed ImageStim: size = [128.0, 128.0]
7.5006 	EXP 	unnamed ImageStim: size = [128.0, 128.0]
7.5006 	EXP 	unnamed ImageStim: size = [128.0, 128.0]
7.5006 	EXP 	unnamed ImageStim: size = [128.0, 128.0]
7.5006 	EXP 	unnamed ImageStim: size = [128.0, 128.0]
7.5006 	EXP 	unnamed ImageStim: size = [128.0, 128.0]
7.5006 	EXP 	unnamed ImageStim: size = [128.0, 128.0]
7.5006 	EXP 	unnamed ImageStim: size = [128.0, 128.0]
7.5006 	EXP 	unnamed ImageStim: size = [128.0, 128.0]
7.5006 	EXP 	unnamed ImageStim: pos = [-54.527886299496835, 15.650121566393954]
7.5006 	EXP 	unnamed ImageStim: pos = [-4.696565234924263, 145.48454519131795]
7.5006 	EXP 	unnamed ImageStim: pos = [53.45593796397266, 108.82917846299691]
7.5006 	EXP 	unnamed ImageStim: pos = [-304.52788629949686, 15.650121566393954]
7.5006 	EXP 	unnamed ImageStim: pos = [195.47211370050317, 15.650121566393954]
7.5006 	EXP 	unnamed ImageStim: pos = [-254.69656523492426, 145.48454519131795]
7.5006 	EXP 	unnamed ImageStim: pos = [245.30343476507574, 145.48454519131795]
7.5006 	EXP 	unnamed ImageStim: pos = [-196.54406203602736, 108.82917846299691]
7.5006 	EXP 	unnamed ImageStim: pos = [303.45593796397264, 108.82917846299691]
9.1522 	DATA 	Keypress: right
13.2078 	DATA 	Keypress: up
13.4079 	DATA 	Keypress: up
15.0079 	DATA 	Keypress: up
15.6614 	EXP 	Created unnamed Rect = Rect(__class__=<class 'psychopy.visual.rect.Rect'>, autoDraw=False, autoLog=True, closeShape=True, color=method-wrapper(...), colorSpace='rgb', contrast=None, depth=0, fillColor=array([-1, -1, -1]), fillColorSpace='rgb', fillRGB=array([-1, -1, -1]), interpolate=True, lineColor=array([-1., -1.,  1.]), lineColorSpace='rgb', lineRGB=array([-1, -1,  1]), lineWidth=1.5, name='unnamed Rect', opacity=1, ori=0.0, pos=array([0., 0.]), size=array([400., 600.]), units='pix', vertices=ndarray(...), win=Window(...))
15.6663 	EXP 	Created unnamed Rect = Rect(__class__=<class 'psychopy.visual.rect.Rect'>, autoDraw=False, autoLog=True, closeShape=True, color=method-wrapper(...), colorSpace='rgb', contrast=None, depth=0, fillColor=array([-1, -1, -1]), fillColorSpace='rgb', fillRGB=array([-1, -1, -1]), interpolate=True, lineColor=array([-1., -1.,  1.]), lineColorSpace='rgb', lineRGB=array([-1, -1,  1]), lineWidth=1.5, name='unnamed Rect', opacity=1, ori=0.0, pos=array([0., 0.]), size=array([400., 600.]), units='pix', vertices=ndarray(...), win=Window(...))
15.6678 	DATA 	Keypress: right
15.6776 	EXP 	unnamed Rect: pos = array([ 23.38521946, 270.89384673])
15.6776 	EXP 	unnamed Rect: pos = array([ 23.38521946, 270.89384673])
15.6878 	EXP 	unnamed Rect: pos = array([ 23.38521946, 270.89384673])
15.7046 	EXP 	unnamed Rect: pos = array([ 23.38521946, 270.89384673])
15.7209 	EXP 	unnamed Rect: pos = array([ 23.38521946, 270.89384673])
15.7376 	EXP 	unnamed Rect: pos = array([ 23.38521946, 270.89384673])
15.7549 	EXP 	unnamed Rect: pos = array([ 23.38521946, 270.89384673])
15.7710 	EXP 	unnamed Rect: pos = array([ 23.38521946, 270.89384673])
15.7880 	EXP 	unnamed Rect: pos = array([ 23.38521946, 270.89384673])
15.8049 	EXP 	unnamed Rect: pos = array([ 23.38521946, 270.89384673])
15.8208 	EXP 	unnamed Rect: pos = array([ 23.38521946, 270.89384673])
15.8385 	EXP 	unnamed Rect: pos = array([ 23.38521946, 270.89384673])
15.8547 	EXP 	unnamed Rect: pos = array([ 23.38521946, 270.89384673])
15.8713 	EXP 	unnamed Rect: pos = array([ 23.38521946, 270.89384673])
15.8881 	EXP 	unnamed Rect: pos = array([ 23.38521946, 270.89384673])
15.9049 	EXP 	unnamed Rect: pos = array([ 23.38521946, 270.89384673])
15.9209 	EXP 	unnamed Rect: pos = array([ 23.38521946, 270.89384673])
15.9379 	EXP 	unnamed Rect: pos = array([ 23.38521946, 270.89384673])
15.9544 	EXP 	unnamed Rect: pos = array([ 23.38521946, 270.89384673])
15.9714 	EXP 	unnamed Rect: pos = array([ 23.38521946, 270.89384673])
15.9883 	EXP 	unnamed Rect: pos = array([ 23.38521946, 270.89384673])
16.0043 	EXP 	unnamed Rect: pos = array([ 23.38521946, 270.89384673])
16.0212 	EXP 	unnamed Rect: pos = array([ 23.38521946, 270.89384673])
16.0224 	DATA 	Keypress: up
16.0384 	EXP 	unnamed Rect: pos = array([ 23.38521946, 280.89384673])
16.0543 	EXP 	unnamed Rect: pos = array([ 23.38521946, 280.89384673])
16.0709 	EXP 	unnamed Rect: pos = array([ 23.38521946, 280.89384673])
16.0878 	EXP 	unnamed Rect: pos = array([ 23.38521946, 280.89384673])
16.1042 	EXP 	unnamed Rect: pos = array([ 23.38521946, 280.89384673])
16.1209 	EXP 	unnamed Rect: pos = array([ 23.38521946, 280.89384673])
16.1384 	EXP 	unnamed Rect: pos = array([ 23.38521946, 280.89384673])
16.1542 	EXP 	unnamed Rect: pos = array([ 23.38521946, 280.89384673])
16.1712 	EXP 	unnamed Rect: pos = array([ 23.38521946, 280.89384673])
16.1878 	EXP 	unnamed Rect: pos = array([ 23.38521946, 280.89384673])
16.2041 	EXP 	unnamed Rect: pos = array([ 23.38521946, 280.89384673])
16.2211 	EXP 	unnamed Rect: pos = array([ 23.38521946, 280.89384673])
16.2386 	EXP 	unnamed Rect: pos = array([ 23.38521946, 280.89384673])
16.2545 	EXP 	unnamed Rect: pos = array([ 23.38521946, 280.89384673])
16.2707 	EXP 	unnamed Rect: pos = array([ 23.38521946, 280.89384673])
16.2875 	EXP 	unnamed Rect: pos = array([ 23.38521946, 280.89384673])
16.3043 	EXP 	unnamed Rect: pos = array([ 23.38521946, 280.89384673])
16.3209 	EXP 	unnamed Rect: pos = array([ 23.38521946, 280.89384673])
16.3376 	EXP 	unnamed Rect: pos = array([ 23.38521946, 280.89384673])
16.3541 	EXP 	unnamed Rect: pos = array([ 23.38521946, 280.89384673])
16.3713 	EXP 	unnamed Rect: pos = array([ 23.38521946, 280.89384673])
16.3754 	DATA 	Keypress: down
16.3885 	EXP 	unnamed Rect: pos = array([ 23.38521946, 280.89384673])
16.4042 	EXP 	unnamed Rect: pos = array([ 23.38521946, 270.89384673])
16.4211 	EXP 	unnamed Rect: pos = array([ 23.38521946, 270.89384673])
16.4388 	EXP 	unnamed Rect: pos = array([ 23.38521946, 270.89384673])
16.4546 	EXP 	unnamed Rect: pos = array([ 23.38521946, 270.89384673])
16.4718 	EXP 	unnamed Rect: pos = array([ 23.38521946, 270.89384673])
16.4875 	EXP 	unnamed Rect: pos = array([ 23.38521946, 270.89384673])
16.5044 	EXP 	unnamed Rect: pos = array([ 23.38521946, 270.89384673])
16.5055 	DATA 	Keypress: down
16.5216 	EXP 	unnamed Rect: pos = array([ 23.38521946, 260.89384673])
16.5376 	EXP 	unnamed Rect: pos = array([ 23.38521946, 260.89384673])
16.5543 	EXP 	unnamed Rect: pos = array([ 23.38521946, 260.89384673])
16.5707 	EXP 	unnamed Rect: pos = array([ 23.38521946, 260.89384673])
16.5878 	EXP 	unnamed Rect: pos = array([ 23.38521946, 260.89384673])
16.6048 	EXP 	unnamed Rect: pos = array([ 23.38521946, 260.89384673])
16.6208 	EXP 	unnamed Rect: pos = array([ 23.38521946, 260.89384673])
16.6374 	EXP 	unnamed Rect: pos = array([ 23.38521946, 260.89384673])
16.6540 	EXP 	unnamed Rect: pos = array([ 23.38521946, 260.89384673])
16.6707 	EXP 	unnamed Rect: pos = array([ 23.38521946, 260.89384673])
16.6876 	EXP 	unnamed Rect: pos = array([ 23.38521946, 260.89384673])
16.6886 	DATA 	Keypress: down
16.7051 	EXP 	unnamed Rect: pos = array([ 23.38521946, 250.89384673])
16.7207 	EXP 	unnamed Rect: pos = array([ 23.38521946, 250.89384673])
16.7376 	EXP 	unnamed Rect: pos = array([ 23.38521946, 250.89384673])
16.7552 	EXP 	unnamed Rect: pos = array([ 23.38521946, 250.89384673])
16.7707 	EXP 	unnamed Rect: pos = array([ 23.38521946, 250.89384673])
16.7875 	EXP 	unnamed Rect: pos = array([ 23.38521946, 250.89384673])
16.8045 	EXP 	unnamed Rect: pos = array([ 23.38521946, 250.89384673])
16.8210 	EXP 	unnamed Rect: pos = array([ 23.38521946, 250.89384673])
16.8383 	EXP 	unnamed Rect: pos = array([ 23.38521946, 250.89384673])
16.8395 	DATA 	Keypress: down
16.8554 	EXP 	unnamed Rect: pos = array([ 23.38521946, 240.89384673])
16.8709 	EXP 	unnamed Rect: pos = array([ 23.38521946, 240.89384673])
16.8876 	EXP 	unnamed Rect: pos = array([ 23.38521946, 240.89384673])
16.9052 	EXP 	unnamed Rect: pos = array([ 23.38521946, 240.89384673])
16.9210 	EXP 	unnamed Rect: pos = array([ 23.38521946, 240.89384673])
16.9377 	EXP 	unnamed Rect: pos = array([ 23.38521946, 240.89384673])
16.9542 	EXP 	unnamed Rect: pos = array([ 23.38521946, 240.89384673])
16.9707 	EXP 	unnamed Rect: pos = array([ 23.38521946, 240.89384673])
16.9881 	EXP 	unnamed Rect: pos = array([ 23.38521946, 240.89384673])
16.9894 	DATA 	Keypress: right
17.0049 	EXP 	unnamed Rect: pos = array([ 33.38521946, 240.89384673])
17.0209 	EXP 	unnamed Rect: pos = array([ 33.38521946, 240.89384673])
17.0374 	EXP 	unnamed Rect: pos = array([ 33.38521946, 240.89384673])
17.0541 	EXP 	unnamed Rect: pos = array([ 33.38521946, 240.89384673])
17.0713 	EXP 	unnamed Rect: pos = array([ 33.38521946, 240.89384673])
17.0876 	EXP 	unnamed Rect: pos = array([ 33.38521946, 240.89384673])
17.1042 	EXP 	unnamed Rect: pos = array([ 33.38521946, 240.89384673])
17.1208 	EXP 	unnamed Rect: pos = array([ 33.38521946, 240.89384673])
17.1379 	EXP 	unnamed Rect: pos = array([ 33.38521946, 240.89384673])
17.1545 	EXP 	unnamed Rect: pos = array([ 33.38521946, 240.89384673])
17.1710 	EXP 	unnamed Rect: pos = array([ 33.38521946, 240.89384673])
17.1720 	DATA 	Keypress: right
17.1876 	EXP 	unnamed Rect: pos = array([ 43.38521946, 240.89384673])
17.2042 	EXP 	unnamed Rect: pos = array([ 43.38521946, 240.89384673])
17.2211 	EXP 	unnamed Rect: pos = array([ 43.38521946, 240.89384673])
17.2382 	EXP 	unnamed Rect: pos = array([ 43.38521946, 240.89384673])
17.2543 	EXP 	unnamed Rect: pos = array([ 43.38521946, 240.89384673])
17.2707 	EXP 	unnamed Rect: pos = array([ 43.38521946, 240.89384673])
17.2879 	EXP 	unnamed Rect: pos = array([ 43.38521946, 240.89384673])
17.3043 	EXP 	unnamed Rect: pos = array([ 43.38521946, 240.89384673])
17.3219 	EXP 	unnamed Rect: pos = array([ 43.38521946, 240.89384673])
17.3231 	DATA 	Keypress: down
17.3376 	EXP 	unnamed Rect: pos = array([ 43.38521946, 230.89384673])
17.3542 	EXP 	unnamed Rect: pos = array([ 43.38521946, 230.89384673])
17.3709 	EXP 	unnamed Rect: pos = array([ 43.38521946, 230.89384673])
17.3888 	EXP 	unnamed Rect: pos = array([ 43.38521946, 230.89384673])
17.4042 	EXP 	unnamed Rect: pos = array([ 43.38521946, 230.89384673])
17.4212 	EXP 	unnamed Rect: pos = array([ 43.38521946, 230.89384673])
17.4376 	EXP 	unnamed Rect: pos = array([ 43.38521946, 230.89384673])
17.4541 	EXP 	unnamed Rect: pos = array([ 43.38521946, 230.89384673])
17.4707 	EXP 	unnamed Rect: pos = array([ 43.38521946, 230.89384673])
17.4885 	EXP 	unnamed Rect: pos = array([ 43.38521946, 230.89384673])
17.4896 	DATA 	Keypress: down
17.5042 	EXP 	unnamed Rect: pos = array([ 43.38521946, 220.89384673])
17.5207 	EXP 	unnamed Rect: pos = array([ 43.38521946, 220.89384673])
17.5379 	EXP 	unnamed Rect: pos = array([ 43.38521946, 220.89384673])
17.5550 	EXP 	unnamed Rect: pos = array([ 43.38521946, 220.89384673])
17.5709 	EXP 	unnamed Rect: pos = array([ 43.38521946, 220.89384673])
17.5876 	EXP 	unnamed Rect: pos = array([ 43.38521946, 220.89384673])
17.6048 	EXP 	unnamed Rect: pos = array([ 43.38521946, 220.89384673])
17.6209 	EXP 	unnamed Rect: pos = array([ 43.38521946, 220.89384673])
17.6379 	EXP 	unnamed Rect: pos = array([ 43.38521946, 220.89384673])
17.6389 	DATA 	Keypress: down
17.6553 	EXP 	unnamed Rect: pos = array([ 43.38521946, 210.89384673])
17.6710 	EXP 	unnamed Rect: pos = array([ 43.38521946, 210.89384673])
17.6875 	EXP 	unnamed Rect: pos = array([ 43.38521946, 210.89384673])
17.7043 	EXP 	unnamed Rect: pos = array([ 43.38521946, 210.89384673])
17.7215 	EXP 	unnamed Rect: pos = array([ 43.38521946, 210.89384673])
17.7378 	EXP 	unnamed Rect: pos = array([ 43.38521946, 210.89384673])
17.7542 	EXP 	unnamed Rect: pos = array([ 43.38521946, 210.89384673])
17.7710 	EXP 	unnamed Rect: pos = array([ 43.38521946, 210.89384673])
17.7876 	EXP 	unnamed Rect: pos = array([ 43.38521946, 210.89384673])
17.8045 	EXP 	unnamed Rect: pos = array([ 43.38521946, 210.89384673])
17.8057 	DATA 	Keypress: down
17.8214 	EXP 	unnamed Rect: pos = array([ 43.38521946, 200.89384673])
17.8377 	EXP 	unnamed Rect: pos = array([ 43.38521946, 200.89384673])
17.8544 	EXP 	unnamed Rect: pos = array([ 43.38521946, 200.89384673])
17.8721 	EXP 	unnamed Rect: pos = array([ 43.38521946, 200.89384673])
17.8876 	EXP 	unnamed Rect: pos = array([ 43.38521946, 200.89384673])
17.9041 	EXP 	unnamed Rect: pos = array([ 43.38521946, 200.89384673])
17.9209 	EXP 	unnamed Rect: pos = array([ 43.38521946, 200.89384673])
17.9379 	EXP 	unnamed Rect: pos = array([ 43.38521946, 200.89384673])
17.9543 	EXP 	unnamed Rect: pos = array([ 43.38521946, 200.89384673])
17.9712 	EXP 	unnamed Rect: pos = array([ 43.38521946, 200.89384673])
17.9723 	DATA 	Keypress: down
17.9876 	EXP 	unnamed Rect: pos = array([ 43.38521946, 190.89384673])
18.0041 	EXP 	unnamed Rect: pos = array([ 43.38521946, 190.89384673])
18.0209 	EXP 	unnamed Rect: pos = array([ 43.38521946, 190.89384673])
18.0384 	EXP 	unnamed Rect: pos = array([ 43.38521946, 190.89384673])
18.0542 	EXP 	unnamed Rect: pos = array([ 43.38521946, 190.89384673])
18.0710 	EXP 	unnamed Rect: pos = array([ 43.38521946, 190.89384673])
18.0874 	EXP 	unnamed Rect: pos = array([ 43.38521946, 190.89384673])
18.1051 	EXP 	unnamed Rect: pos = array([ 43.38521946, 190.89384673])
18.1220 	EXP 	unnamed Rect: pos = array([ 43.38521946, 190.89384673])
18.1263 	DATA 	Keypress: down
18.1382 	EXP 	unnamed Rect: pos = array([ 43.38521946, 190.89384673])
18.1548 	EXP 	unnamed Rect: pos = array([ 43.38521946, 180.89384673])
18.1708 	EXP 	unnamed Rect: pos = array([ 43.38521946, 180.89384673])
18.1878 	EXP 	unnamed Rect: pos = array([ 43.38521946, 180.89384673])
18.2047 	EXP 	unnamed Rect: pos = array([ 43.38521946, 180.89384673])
18.2207 	EXP 	unnamed Rect: pos = array([ 43.38521946, 180.89384673])
18.2379 	EXP 	unnamed Rect: pos = array([ 43.38521946, 180.89384673])
18.2543 	EXP 	unnamed Rect: pos = array([ 43.38521946, 180.89384673])
18.2708 	EXP 	unnamed Rect: pos = array([ 43.38521946, 180.89384673])
18.2874 	EXP 	unnamed Rect: pos = array([ 43.38521946, 180.89384673])
18.3051 	EXP 	unnamed Rect: pos = array([ 43.38521946, 180.89384673])
18.3061 	DATA 	Keypress: down
18.3212 	EXP 	unnamed Rect: pos = array([ 43.38521946, 170.89384673])
18.3374 	EXP 	unnamed Rect: pos = array([ 43.38521946, 170.89384673])
18.3545 	EXP 	unnamed Rect: pos = array([ 43.38521946, 170.89384673])
18.3711 	EXP 	unnamed Rect: pos = array([ 43.38521946, 170.89384673])
18.3879 	EXP 	unnamed Rect: pos = array([ 43.38521946, 170.89384673])
18.4043 	EXP 	unnamed Rect: pos = array([ 43.38521946, 170.89384673])
18.4210 	EXP 	unnamed Rect: pos = array([ 43.38521946, 170.89384673])
18.4376 	EXP 	unnamed Rect: pos = array([ 43.38521946, 170.89384673])
18.4546 	EXP 	unnamed Rect: pos = array([ 43.38521946, 170.89384673])
18.4713 	EXP 	unnamed Rect: pos = array([ 43.38521946, 170.89384673])
18.4724 	DATA 	Keypress: down
18.4875 	EXP 	unnamed Rect: pos = array([ 43.38521946, 160.89384673])
18.5043 	EXP 	unnamed Rect: pos = array([ 43.38521946, 160.89384673])
18.5209 	EXP 	unnamed Rect: pos = array([ 43.38521946, 160.89384673])
18.5385 	EXP 	unnamed Rect: pos = array([ 43.38521946, 160.89384673])
18.5544 	EXP 	unnamed Rect: pos = array([ 43.38521946, 160.89384673])
18.5707 	EXP 	unnamed Rect: pos = array([ 43.38521946, 160.89384673])
18.5880 	EXP 	unnamed Rect: pos = array([ 43.38521946, 160.89384673])
18.6048 	EXP 	unnamed Rect: pos = array([ 43.38521946, 160.89384673])
18.6210 	EXP 	unnamed Rect: pos = array([ 43.38521946, 160.89384673])
18.6253 	DATA 	Keypress: down
18.6381 	EXP 	unnamed Rect: pos = array([ 43.38521946, 160.89384673])
18.6546 	EXP 	unnamed Rect: pos = array([ 43.38521946, 150.89384673])
18.6709 	EXP 	unnamed Rect: pos = array([ 43.38521946, 150.89384673])
18.6877 	EXP 	unnamed Rect: pos = array([ 43.38521946, 150.89384673])
18.7051 	EXP 	unnamed Rect: pos = array([ 43.38521946, 150.89384673])
18.7208 	EXP 	unnamed Rect: pos = array([ 43.38521946, 150.89384673])
18.7374 	EXP 	unnamed Rect: pos = array([ 43.38521946, 150.89384673])
18.7543 	EXP 	unnamed Rect: pos = array([ 43.38521946, 150.89384673])
18.7583 	DATA 	Keypress: left
18.7719 	EXP 	unnamed Rect: pos = array([ 43.38521946, 150.89384673])
18.7876 	EXP 	unnamed Rect: pos = array([ 33.38521946, 150.89384673])
18.8042 	EXP 	unnamed Rect: pos = array([ 33.38521946, 150.89384673])
18.8210 	EXP 	unnamed Rect: pos = array([ 33.38521946, 150.89384673])
18.8381 	EXP 	unnamed Rect: pos = array([ 33.38521946, 150.89384673])
18.8545 	EXP 	unnamed Rect: pos = array([ 33.38521946, 150.89384673])
18.8719 	EXP 	unnamed Rect: pos = array([ 33.38521946, 150.89384673])
18.8877 	EXP 	unnamed Rect: pos = array([ 33.38521946, 150.89384673])
18.9041 	EXP 	unnamed Rect: pos = array([ 33.38521946, 150.89384673])
18.9208 	EXP 	unnamed Rect: pos = array([ 33.38521946, 150.89384673])
18.9375 	EXP 	unnamed Rect: pos = array([ 33.38521946, 150.89384673])
18.9543 	EXP 	unnamed Rect: pos = array([ 33.38521946, 150.89384673])
18.9719 	EXP 	unnamed Rect: pos = array([ 33.38521946, 150.89384673])
18.9729 	DATA 	Keypress: down
18.9876 	EXP 	unnamed Rect: pos = array([ 33.38521946, 140.89384673])
19.0043 	EXP 	unnamed Rect: pos = array([ 33.38521946, 140.89384673])
19.0208 	EXP 	unnamed Rect: pos = array([ 33.38521946, 140.89384673])
19.0376 	EXP 	unnamed Rect: pos = array([ 33.38521946, 140.89384673])
19.0543 	EXP 	unnamed Rect: pos = array([ 33.38521946, 140.89384673])
19.0711 	EXP 	unnamed Rect: pos = array([ 33.38521946, 140.89384673])
19.0881 	EXP 	unnamed Rect: pos = array([ 33.38521946, 140.89384673])
19.1041 	EXP 	unnamed Rect: pos = array([ 33.38521946, 140.89384673])
19.1210 	EXP 	unnamed Rect: pos = array([ 33.38521946, 140.89384673])
19.1377 	EXP 	unnamed Rect: pos = array([ 33.38521946, 140.89384673])
19.1548 	EXP 	unnamed Rect: pos = array([ 33.38521946, 140.89384673])
19.1560 	DATA 	Keypress: down
19.1719 	EXP 	unnamed Rect: pos = array([ 33.38521946, 130.89384673])
19.1877 	EXP 	unnamed Rect: pos = array([ 33.38521946, 130.89384673])
19.2041 	EXP 	unnamed Rect: pos = array([ 33.38521946, 130.89384673])
19.2209 	EXP 	unnamed Rect: pos = array([ 33.38521946, 130.89384673])
19.2374 	EXP 	unnamed Rect: pos = array([ 33.38521946, 130.89384673])
19.2548 	EXP 	unnamed Rect: pos = array([ 33.38521946, 130.89384673])
19.2718 	EXP 	unnamed Rect: pos = array([ 33.38521946, 130.89384673])
19.2874 	EXP 	unnamed Rect: pos = array([ 33.38521946, 130.89384673])
19.3046 	EXP 	unnamed Rect: pos = array([ 33.38521946, 130.89384673])
19.3214 	EXP 	unnamed Rect: pos = array([ 33.38521946, 130.89384673])
19.3224 	DATA 	Keypress: down
19.3385 	EXP 	unnamed Rect: pos = array([ 33.38521946, 120.89384673])
19.3542 	EXP 	unnamed Rect: pos = array([ 33.38521946, 120.89384673])
19.3711 	EXP 	unnamed Rect: pos = array([ 33.38521946, 120.89384673])
19.3875 	EXP 	unnamed Rect: pos = array([ 33.38521946, 120.89384673])
19.4051 	EXP 	unnamed Rect: pos = array([ 33.38521946, 120.89384673])
19.4218 	EXP 	unnamed Rect: pos = array([ 33.38521946, 120.89384673])
19.4375 	EXP 	unnamed Rect: pos = array([ 33.38521946, 120.89384673])
19.4542 	EXP 	unnamed Rect: pos = array([ 33.38521946, 120.89384673])
19.4710 	EXP 	unnamed Rect: pos = array([ 33.38521946, 120.89384673])
19.4883 	EXP 	unnamed Rect: pos = array([ 33.38521946, 120.89384673])
19.4895 	DATA 	Keypress: down
19.5043 	EXP 	unnamed Rect: pos = array([ 33.38521946, 110.89384673])
19.5210 	EXP 	unnamed Rect: pos = array([ 33.38521946, 110.89384673])
19.5383 	EXP 	unnamed Rect: pos = array([ 33.38521946, 110.89384673])
19.5611 	EXP 	unnamed Rect: pos = array([ 33.38521946, 110.89384673])
19.5704 	EXP 	unnamed Rect: pos = array([ 33.38521946, 110.89384673])
19.5873 	EXP 	unnamed Rect: pos = array([ 33.38521946, 110.89384673])
19.6049 	EXP 	unnamed Rect: pos = array([ 33.38521946, 110.89384673])
19.6211 	EXP 	unnamed Rect: pos = array([ 33.38521946, 110.89384673])
19.6378 	EXP 	unnamed Rect: pos = array([ 33.38521946, 110.89384673])
19.6413 	DATA 	Keypress: down
19.6549 	EXP 	unnamed Rect: pos = array([ 33.38521946, 110.89384673])
19.6712 	EXP 	unnamed Rect: pos = array([ 33.38521946, 100.89384673])
19.6880 	EXP 	unnamed Rect: pos = array([ 33.38521946, 100.89384673])
19.7041 	EXP 	unnamed Rect: pos = array([ 33.38521946, 100.89384673])
19.7217 	EXP 	unnamed Rect: pos = array([ 33.38521946, 100.89384673])
19.7375 	EXP 	unnamed Rect: pos = array([ 33.38521946, 100.89384673])
19.7542 	EXP 	unnamed Rect: pos = array([ 33.38521946, 100.89384673])
19.7707 	EXP 	unnamed Rect: pos = array([ 33.38521946, 100.89384673])
19.7877 	EXP 	unnamed Rect: pos = array([ 33.38521946, 100.89384673])
19.8046 	EXP 	unnamed Rect: pos = array([ 33.38521946, 100.89384673])
19.8057 	DATA 	Keypress: left
19.8210 	EXP 	unnamed Rect: pos = array([ 23.38521946, 100.89384673])
19.8376 	EXP 	unnamed Rect: pos = array([ 23.38521946, 100.89384673])
19.8543 	EXP 	unnamed Rect: pos = array([ 23.38521946, 100.89384673])
19.8714 	EXP 	unnamed Rect: pos = array([ 23.38521946, 100.89384673])
19.8876 	EXP 	unnamed Rect: pos = array([ 23.38521946, 100.89384673])
19.9043 	EXP 	unnamed Rect: pos = array([ 23.38521946, 100.89384673])
19.9212 	EXP 	unnamed Rect: pos = array([ 23.38521946, 100.89384673])
19.9375 	EXP 	unnamed Rect: pos = array([ 23.38521946, 100.89384673])
19.9550 	EXP 	unnamed Rect: pos = array([ 23.38521946, 100.89384673])
19.9561 	DATA 	Keypress: down
19.9708 	EXP 	unnamed Rect: pos = array([23.38521946, 90.89384673])
19.9874 	EXP 	unnamed Rect: pos = array([23.38521946, 90.89384673])
20.0043 	EXP 	unnamed Rect: pos = array([23.38521946, 90.89384673])
20.0210 	EXP 	unnamed Rect: pos = array([23.38521946, 90.89384673])
20.0374 	EXP 	unnamed Rect: pos = array([23.38521946, 90.89384673])
20.0548 	EXP 	unnamed Rect: pos = array([23.38521946, 90.89384673])
20.0720 	EXP 	unnamed Rect: pos = array([23.38521946, 90.89384673])
20.0888 	EXP 	unnamed Rect: pos = array([23.38521946, 90.89384673])
20.1045 	EXP 	unnamed Rect: pos = array([23.38521946, 90.89384673])
20.1216 	EXP 	unnamed Rect: pos = array([23.38521946, 90.89384673])
20.1375 	EXP 	unnamed Rect: pos = array([23.38521946, 90.89384673])
20.1553 	EXP 	unnamed Rect: pos = array([23.38521946, 90.89384673])
20.1564 	DATA 	Keypress: down
20.1709 	EXP 	unnamed Rect: pos = array([23.38521946, 80.89384673])
20.1874 	EXP 	unnamed Rect: pos = array([23.38521946, 80.89384673])
20.2044 	EXP 	unnamed Rect: pos = array([23.38521946, 80.89384673])
20.2216 	EXP 	unnamed Rect: pos = array([23.38521946, 80.89384673])
20.2376 	EXP 	unnamed Rect: pos = array([23.38521946, 80.89384673])
20.2542 	EXP 	unnamed Rect: pos = array([23.38521946, 80.89384673])
20.2710 	EXP 	unnamed Rect: pos = array([23.38521946, 80.89384673])
20.2876 	EXP 	unnamed Rect: pos = array([23.38521946, 80.89384673])
20.3051 	EXP 	unnamed Rect: pos = array([23.38521946, 80.89384673])
20.3063 	DATA 	Keypress: down
20.3210 	EXP 	unnamed Rect: pos = array([23.38521946, 70.89384673])
20.3377 	EXP 	unnamed Rect: pos = array([23.38521946, 70.89384673])
20.3543 	EXP 	unnamed Rect: pos = array([23.38521946, 70.89384673])
20.3709 	EXP 	unnamed Rect: pos = array([23.38521946, 70.89384673])
20.3885 	EXP 	unnamed Rect: pos = array([23.38521946, 70.89384673])
20.4044 	EXP 	unnamed Rect: pos = array([23.38521946, 70.89384673])
20.4213 	EXP 	unnamed Rect: pos = array([23.38521946, 70.89384673])
20.4379 	EXP 	unnamed Rect: pos = array([23.38521946, 70.89384673])
20.4542 	EXP 	unnamed Rect: pos = array([23.38521946, 70.89384673])
20.4708 	EXP 	unnamed Rect: pos = array([23.38521946, 70.89384673])
20.4877 	EXP 	unnamed Rect: pos = array([23.38521946, 70.89384673])
20.5044 	EXP 	unnamed Rect: pos = array([23.38521946, 70.89384673])
20.5218 	EXP 	unnamed Rect: pos = array([23.38521946, 70.89384673])
20.5386 	EXP 	unnamed Rect: pos = array([23.38521946, 70.89384673])
20.5548 	EXP 	unnamed Rect: pos = array([23.38521946, 70.89384673])
20.5718 	EXP 	unnamed Rect: pos = array([23.38521946, 70.89384673])
20.5886 	EXP 	unnamed Rect: pos = array([23.38521946, 70.89384673])
20.6047 	EXP 	unnamed Rect: pos = array([23.38521946, 70.89384673])
20.6208 	EXP 	unnamed Rect: pos = array([23.38521946, 70.89384673])
20.6378 	EXP 	unnamed Rect: pos = array([23.38521946, 70.89384673])
20.6389 	DATA 	Keypress: down
20.6550 	EXP 	unnamed Rect: pos = array([23.38521946, 60.89384673])
20.6709 	EXP 	unnamed Rect: pos = array([23.38521946, 60.89384673])
20.6876 	EXP 	unnamed Rect: pos = array([23.38521946, 60.89384673])
20.7043 	EXP 	unnamed Rect: pos = array([23.38521946, 60.89384673])
20.7212 	EXP 	unnamed Rect: pos = array([23.38521946, 60.89384673])
20.7375 	EXP 	unnamed Rect: pos = array([23.38521946, 60.89384673])
20.7543 	EXP 	unnamed Rect: pos = array([23.38521946, 60.89384673])
20.7711 	EXP 	unnamed Rect: pos = array([23.38521946, 60.89384673])
20.7880 	EXP 	unnamed Rect: pos = array([23.38521946, 60.89384673])
20.8041 	EXP 	unnamed Rect: pos = array([23.38521946, 60.89384673])
20.8211 	EXP 	unnamed Rect: pos = array([23.38521946, 60.89384673])
20.8251 	DATA 	Keypress: down
20.8385 	EXP 	unnamed Rect: pos = array([23.38521946, 60.89384673])
20.8542 	EXP 	unnamed Rect: pos = array([23.38521946, 50.89384673])
20.8712 	EXP 	unnamed Rect: pos = array([23.38521946, 50.89384673])
20.8883 	EXP 	unnamed Rect: pos = array([23.38521946, 50.89384673])
20.9046 	EXP 	unnamed Rect: pos = array([23.38521946, 50.89384673])
20.9209 	EXP 	unnamed Rect: pos = array([23.38521946, 50.89384673])
20.9375 	EXP 	unnamed Rect: pos = array([23.38521946, 50.89384673])
20.9544 	EXP 	unnamed Rect: pos = array([23.38521946, 50.89384673])
20.9710 	EXP 	unnamed Rect: pos = array([23.38521946, 50.89384673])
20.9878 	EXP 	unnamed Rect: pos = array([23.38521946, 50.89384673])
20.9888 	DATA 	Keypress: down
21.0051 	EXP 	unnamed Rect: pos = array([23.38521946, 40.89384673])
21.0209 	EXP 	unnamed Rect: pos = array([23.38521946, 40.89384673])
21.0379 	EXP 	unnamed Rect: pos = array([23.38521946, 40.89384673])
21.0553 	EXP 	unnamed Rect: pos = array([23.38521946, 40.89384673])
21.0710 	EXP 	unnamed Rect: pos = array([23.38521946, 40.89384673])
21.0876 	EXP 	unnamed Rect: pos = array([23.38521946, 40.89384673])
21.1042 	EXP 	unnamed Rect: pos = array([23.38521946, 40.89384673])
21.1211 	EXP 	unnamed Rect: pos = array([23.38521946, 40.89384673])
21.1374 	EXP 	unnamed Rect: pos = array([23.38521946, 40.89384673])
21.1551 	EXP 	unnamed Rect: pos = array([23.38521946, 40.89384673])
21.1562 	DATA 	Keypress: down
21.1708 	EXP 	unnamed Rect: pos = array([23.38521946, 30.89384673])
21.1874 	EXP 	unnamed Rect: pos = array([23.38521946, 30.89384673])
21.2041 	EXP 	unnamed Rect: pos = array([23.38521946, 30.89384673])
21.2214 	EXP 	unnamed Rect: pos = array([23.38521946, 30.89384673])
21.2385 	EXP 	unnamed Rect: pos = array([23.38521946, 30.89384673])
21.2543 	EXP 	unnamed Rect: pos = array([23.38521946, 30.89384673])
21.2710 	EXP 	unnamed Rect: pos = array([23.38521946, 30.89384673])
21.2874 	EXP 	unnamed Rect: pos = array([23.38521946, 30.89384673])
21.3043 	EXP 	unnamed Rect: pos = array([23.38521946, 30.89384673])
21.3210 	EXP 	unnamed Rect: pos = array([23.38521946, 30.89384673])
21.3249 	DATA 	Keypress: right
21.3386 	EXP 	unnamed Rect: pos = array([23.38521946, 30.89384673])
21.3543 	EXP 	unnamed Rect: pos = array([33.38521946, 30.89384673])
21.3710 	EXP 	unnamed Rect: pos = array([33.38521946, 30.89384673])
21.3874 	EXP 	unnamed Rect: pos = array([33.38521946, 30.89384673])
21.4044 	EXP 	unnamed Rect: pos = array([33.38521946, 30.89384673])
21.4217 	EXP 	unnamed Rect: pos = array([33.38521946, 30.89384673])
21.4376 	EXP 	unnamed Rect: pos = array([33.38521946, 30.89384673])
21.4543 	EXP 	unnamed Rect: pos = array([33.38521946, 30.89384673])
21.4708 	EXP 	unnamed Rect: pos = array([33.38521946, 30.89384673])
21.4875 	EXP 	unnamed Rect: pos = array([33.38521946, 30.89384673])
21.4915 	DATA 	Keypress: right
21.5052 	EXP 	unnamed Rect: pos = array([33.38521946, 30.89384673])
21.5209 	EXP 	unnamed Rect: pos = array([43.38521946, 30.89384673])
21.5375 	EXP 	unnamed Rect: pos = array([43.38521946, 30.89384673])
21.5544 	EXP 	unnamed Rect: pos = array([43.38521946, 30.89384673])
21.5716 	EXP 	unnamed Rect: pos = array([43.38521946, 30.89384673])
21.5877 	EXP 	unnamed Rect: pos = array([43.38521946, 30.89384673])
21.6048 	EXP 	unnamed Rect: pos = array([43.38521946, 30.89384673])
21.6210 	EXP 	unnamed Rect: pos = array([43.38521946, 30.89384673])
21.6375 	EXP 	unnamed Rect: pos = array([43.38521946, 30.89384673])
21.6552 	EXP 	unnamed Rect: pos = array([43.38521946, 30.89384673])
21.6562 	DATA 	Keypress: right
21.6709 	EXP 	unnamed Rect: pos = array([53.38521946, 30.89384673])
21.6876 	EXP 	unnamed Rect: pos = array([53.38521946, 30.89384673])
21.7042 	EXP 	unnamed Rect: pos = array([53.38521946, 30.89384673])
21.7210 	EXP 	unnamed Rect: pos = array([53.38521946, 30.89384673])
21.7375 	EXP 	unnamed Rect: pos = array([53.38521946, 30.89384673])
21.7552 	EXP 	unnamed Rect: pos = array([53.38521946, 30.89384673])
21.7708 	EXP 	unnamed Rect: pos = array([53.38521946, 30.89384673])
21.7876 	EXP 	unnamed Rect: pos = array([53.38521946, 30.89384673])
21.8042 	EXP 	unnamed Rect: pos = array([53.38521946, 30.89384673])
21.8217 	EXP 	unnamed Rect: pos = array([53.38521946, 30.89384673])
21.8229 	DATA 	Keypress: down
21.8375 	EXP 	unnamed Rect: pos = array([53.38521946, 20.89384673])
21.8549 	EXP 	unnamed Rect: pos = array([53.38521946, 20.89384673])
21.8711 	EXP 	unnamed Rect: pos = array([53.38521946, 20.89384673])
21.8877 	EXP 	unnamed Rect: pos = array([53.38521946, 20.89384673])
21.9043 	EXP 	unnamed Rect: pos = array([53.38521946, 20.89384673])
21.9211 	EXP 	unnamed Rect: pos = array([53.38521946, 20.89384673])
21.9387 	EXP 	unnamed Rect: pos = array([53.38521946, 20.89384673])
21.9542 	EXP 	unnamed Rect: pos = array([53.38521946, 20.89384673])
21.9708 	EXP 	unnamed Rect: pos = array([53.38521946, 20.89384673])
21.9876 	EXP 	unnamed Rect: pos = array([53.38521946, 20.89384673])
21.9886 	DATA 	Keypress: down
22.0052 	EXP 	unnamed Rect: pos = array([53.38521946, 10.89384673])
22.0210 	EXP 	unnamed Rect: pos = array([53.38521946, 10.89384673])
22.0375 	EXP 	unnamed Rect: pos = array([53.38521946, 10.89384673])
22.0543 	EXP 	unnamed Rect: pos = array([53.38521946, 10.89384673])
22.0711 	EXP 	unnamed Rect: pos = array([53.38521946, 10.89384673])
22.0884 	EXP 	unnamed Rect: pos = array([53.38521946, 10.89384673])
22.1043 	EXP 	unnamed Rect: pos = array([53.38521946, 10.89384673])
22.1208 	EXP 	unnamed Rect: pos = array([53.38521946, 10.89384673])
22.1383 	EXP 	unnamed Rect: pos = array([53.38521946, 10.89384673])
22.1544 	EXP 	unnamed Rect: pos = array([53.38521946, 10.89384673])
22.1712 	EXP 	unnamed Rect: pos = array([53.38521946, 10.89384673])
22.1722 	DATA 	Keypress: down
22.1876 	EXP 	unnamed Rect: pos = array([53.38521946,  0.89384673])
22.2047 	EXP 	unnamed Rect: pos = array([53.38521946,  0.89384673])
22.2210 	EXP 	unnamed Rect: pos = array([53.38521946,  0.89384673])
22.2387 	EXP 	unnamed Rect: pos = array([53.38521946,  0.89384673])
22.2543 	EXP 	unnamed Rect: pos = array([53.38521946,  0.89384673])
22.2709 	EXP 	unnamed Rect: pos = array([53.38521946,  0.89384673])
22.2876 	EXP 	unnamed Rect: pos = array([53.38521946,  0.89384673])
22.3043 	EXP 	unnamed Rect: pos = array([53.38521946,  0.89384673])
22.3208 	EXP 	unnamed Rect: pos = array([53.38521946,  0.89384673])
22.3257 	DATA 	Keypress: down
22.3386 	EXP 	unnamed Rect: pos = array([53.38521946,  0.89384673])
22.3543 	EXP 	unnamed Rect: pos = array([53.38521946, -9.10615327])
22.3710 	EXP 	unnamed Rect: pos = array([53.38521946, -9.10615327])
22.3877 	EXP 	unnamed Rect: pos = array([53.38521946, -9.10615327])
22.4047 	EXP 	unnamed Rect: pos = array([53.38521946, -9.10615327])
22.4218 	EXP 	unnamed Rect: pos = array([53.38521946, -9.10615327])
22.4376 	EXP 	unnamed Rect: pos = array([53.38521946, -9.10615327])
22.4542 	EXP 	unnamed Rect: pos = array([53.38521946, -9.10615327])
22.4710 	EXP 	unnamed Rect: pos = array([53.38521946, -9.10615327])
22.4877 	EXP 	unnamed Rect: pos = array([53.38521946, -9.10615327])
22.5048 	EXP 	unnamed Rect: pos = array([53.38521946, -9.10615327])
22.5061 	DATA 	Keypress: left
22.5204 	EXP 	unnamed Rect: pos = array([43.38521946, -9.10615327])
22.5369 	EXP 	unnamed Rect: pos = array([43.38521946, -9.10615327])
22.5536 	EXP 	unnamed Rect: pos = array([43.38521946, -9.10615327])
22.5701 	EXP 	unnamed Rect: pos = array([43.38521946, -9.10615327])
22.5868 	EXP 	unnamed Rect: pos = array([43.38521946, -9.10615327])
22.6045 	EXP 	unnamed Rect: pos = array([43.38521946, -9.10615327])
22.6204 	EXP 	unnamed Rect: pos = array([43.38521946, -9.10615327])
22.6377 	EXP 	unnamed Rect: pos = array([43.38521946, -9.10615327])
22.6384 	DATA 	Keypress: left
22.6542 	EXP 	unnamed Rect: pos = array([33.38521946, -9.10615327])
22.6711 	EXP 	unnamed Rect: pos = array([33.38521946, -9.10615327])
22.6873 	EXP 	unnamed Rect: pos = array([33.38521946, -9.10615327])
22.7046 	EXP 	unnamed Rect: pos = array([33.38521946, -9.10615327])
22.7216 	EXP 	unnamed Rect: pos = array([33.38521946, -9.10615327])
22.7404 	EXP 	unnamed Rect: pos = array([33.38521946, -9.10615327])
22.7539 	EXP 	unnamed Rect: pos = array([33.38521946, -9.10615327])
22.7706 	EXP 	unnamed Rect: pos = array([33.38521946, -9.10615327])
22.7713 	DATA 	Keypress: down
22.7877 	EXP 	unnamed Rect: pos = array([ 33.38521946, -19.10615327])
22.8037 	EXP 	unnamed Rect: pos = array([ 33.38521946, -19.10615327])
22.8206 	EXP 	unnamed Rect: pos = array([ 33.38521946, -19.10615327])
22.8374 	EXP 	unnamed Rect: pos = array([ 33.38521946, -19.10615327])
22.8542 	EXP 	unnamed Rect: pos = array([ 33.38521946, -19.10615327])
22.8713 	EXP 	unnamed Rect: pos = array([ 33.38521946, -19.10615327])
22.8876 	EXP 	unnamed Rect: pos = array([ 33.38521946, -19.10615327])
22.9046 	EXP 	unnamed Rect: pos = array([ 33.38521946, -19.10615327])
22.9212 	EXP 	unnamed Rect: pos = array([ 33.38521946, -19.10615327])
22.9377 	EXP 	unnamed Rect: pos = array([ 33.38521946, -19.10615327])
22.9542 	EXP 	unnamed Rect: pos = array([ 33.38521946, -19.10615327])
22.9714 	EXP 	unnamed Rect: pos = array([ 33.38521946, -19.10615327])
22.9722 	DATA 	Keypress: down
22.9880 	EXP 	unnamed Rect: pos = array([ 33.38521946, -29.10615327])
23.0043 	EXP 	unnamed Rect: pos = array([ 33.38521946, -29.10615327])
23.0210 	EXP 	unnamed Rect: pos = array([ 33.38521946, -29.10615327])
23.0375 	EXP 	unnamed Rect: pos = array([ 33.38521946, -29.10615327])
23.0544 	EXP 	unnamed Rect: pos = array([ 33.38521946, -29.10615327])
23.0710 	EXP 	unnamed Rect: pos = array([ 33.38521946, -29.10615327])
23.0875 	EXP 	unnamed Rect: pos = array([ 33.38521946, -29.10615327])
23.1041 	EXP 	unnamed Rect: pos = array([ 33.38521946, -29.10615327])
23.1212 	EXP 	unnamed Rect: pos = array([ 33.38521946, -29.10615327])
23.1222 	DATA 	Keypress: down
23.1384 	EXP 	unnamed Rect: pos = array([ 33.38521946, -39.10615327])
23.1542 	EXP 	unnamed Rect: pos = array([ 33.38521946, -39.10615327])
23.1710 	EXP 	unnamed Rect: pos = array([ 33.38521946, -39.10615327])
23.1883 	EXP 	unnamed Rect: pos = array([ 33.38521946, -39.10615327])
23.2043 	EXP 	unnamed Rect: pos = array([ 33.38521946, -39.10615327])
23.2210 	EXP 	unnamed Rect: pos = array([ 33.38521946, -39.10615327])
23.2375 	EXP 	unnamed Rect: pos = array([ 33.38521946, -39.10615327])
23.2542 	EXP 	unnamed Rect: pos = array([ 33.38521946, -39.10615327])
23.2713 	EXP 	unnamed Rect: pos = array([ 33.38521946, -39.10615327])
23.2723 	DATA 	Keypress: down
23.2877 	EXP 	unnamed Rect: pos = array([ 33.38521946, -49.10615327])
23.3043 	EXP 	unnamed Rect: pos = array([ 33.38521946, -49.10615327])
23.3209 	EXP 	unnamed Rect: pos = array([ 33.38521946, -49.10615327])
23.3375 	EXP 	unnamed Rect: pos = array([ 33.38521946, -49.10615327])
23.3551 	EXP 	unnamed Rect: pos = array([ 33.38521946, -49.10615327])
23.3714 	EXP 	unnamed Rect: pos = array([ 33.38521946, -49.10615327])
23.3877 	EXP 	unnamed Rect: pos = array([ 33.38521946, -49.10615327])
23.4043 	EXP 	unnamed Rect: pos = array([ 33.38521946, -49.10615327])
23.4216 	EXP 	unnamed Rect: pos = array([ 33.38521946, -49.10615327])
23.4228 	DATA 	Keypress: down
23.4377 	EXP 	unnamed Rect: pos = array([ 33.38521946, -59.10615327])
23.4542 	EXP 	unnamed Rect: pos = array([ 33.38521946, -59.10615327])
23.4708 	EXP 	unnamed Rect: pos = array([ 33.38521946, -59.10615327])
23.4877 	EXP 	unnamed Rect: pos = array([ 33.38521946, -59.10615327])
23.5055 	EXP 	unnamed Rect: pos = array([ 33.38521946, -59.10615327])
23.5210 	EXP 	unnamed Rect: pos = array([ 33.38521946, -59.10615327])
23.5377 	EXP 	unnamed Rect: pos = array([ 33.38521946, -59.10615327])
23.5542 	EXP 	unnamed Rect: pos = array([ 33.38521946, -59.10615327])
23.5710 	EXP 	unnamed Rect: pos = array([ 33.38521946, -59.10615327])
23.5877 	EXP 	unnamed Rect: pos = array([ 33.38521946, -59.10615327])
23.6060 	EXP 	unnamed Rect: pos = array([ 33.38521946, -59.10615327])
23.6069 	DATA 	Keypress: right
23.6256 	EXP 	unnamed Rect: pos = array([ 43.38521946, -59.10615327])
23.6375 	EXP 	unnamed Rect: pos = array([ 43.38521946, -59.10615327])
23.6547 	EXP 	unnamed Rect: pos = array([ 43.38521946, -59.10615327])
23.6716 	EXP 	unnamed Rect: pos = array([ 43.38521946, -59.10615327])
23.6875 	EXP 	unnamed Rect: pos = array([ 43.38521946, -59.10615327])
23.7043 	EXP 	unnamed Rect: pos = array([ 43.38521946, -59.10615327])
23.7210 	EXP 	unnamed Rect: pos = array([ 43.38521946, -59.10615327])
23.7411 	EXP 	unnamed Rect: pos = array([ 43.38521946, -59.10615327])
23.7421 	DATA 	Keypress: right
23.7547 	EXP 	unnamed Rect: pos = array([ 53.38521946, -59.10615327])
23.7709 	EXP 	unnamed Rect: pos = array([ 53.38521946, -59.10615327])
23.7874 	EXP 	unnamed Rect: pos = array([ 53.38521946, -59.10615327])
23.8043 	EXP 	unnamed Rect: pos = array([ 53.38521946, -59.10615327])
23.8211 	EXP 	unnamed Rect: pos = array([ 53.38521946, -59.10615327])
23.8383 	EXP 	unnamed Rect: pos = array([ 53.38521946, -59.10615327])
23.8547 	EXP 	unnamed Rect: pos = array([ 53.38521946, -59.10615327])
23.8710 	EXP 	unnamed Rect: pos = array([ 53.38521946, -59.10615327])
23.8879 	EXP 	unnamed Rect: pos = array([ 53.38521946, -59.10615327])
23.8890 	DATA 	Keypress: down
23.9048 	EXP 	unnamed Rect: pos = array([ 53.38521946, -69.10615327])
23.9210 	EXP 	unnamed Rect: pos = array([ 53.38521946, -69.10615327])
23.9375 	EXP 	unnamed Rect: pos = array([ 53.38521946, -69.10615327])
23.9543 	EXP 	unnamed Rect: pos = array([ 53.38521946, -69.10615327])
23.9710 	EXP 	unnamed Rect: pos = array([ 53.38521946, -69.10615327])
23.9875 	EXP 	unnamed Rect: pos = array([ 53.38521946, -69.10615327])
24.0053 	EXP 	unnamed Rect: pos = array([ 53.38521946, -69.10615327])
24.0210 	EXP 	unnamed Rect: pos = array([ 53.38521946, -69.10615327])
24.0376 	EXP 	unnamed Rect: pos = array([ 53.38521946, -69.10615327])
24.0541 	EXP 	unnamed Rect: pos = array([ 53.38521946, -69.10615327])
24.0712 	EXP 	unnamed Rect: pos = array([ 53.38521946, -69.10615327])
24.0722 	DATA 	Keypress: down
24.0877 	EXP 	unnamed Rect: pos = array([ 53.38521946, -79.10615327])
24.1043 	EXP 	unnamed Rect: pos = array([ 53.38521946, -79.10615327])
24.1208 	EXP 	unnamed Rect: pos = array([ 53.38521946, -79.10615327])
24.1376 	EXP 	unnamed Rect: pos = array([ 53.38521946, -79.10615327])
24.1552 	EXP 	unnamed Rect: pos = array([ 53.38521946, -79.10615327])
24.1708 	EXP 	unnamed Rect: pos = array([ 53.38521946, -79.10615327])
24.1875 	EXP 	unnamed Rect: pos = array([ 53.38521946, -79.10615327])
24.2043 	EXP 	unnamed Rect: pos = array([ 53.38521946, -79.10615327])
24.2210 	EXP 	unnamed Rect: pos = array([ 53.38521946, -79.10615327])
24.2378 	EXP 	unnamed Rect: pos = array([ 53.38521946, -79.10615327])
24.2542 	EXP 	unnamed Rect: pos = array([ 53.38521946, -79.10615327])
24.2707 	EXP 	unnamed Rect: pos = array([ 53.38521946, -79.10615327])
24.2877 	EXP 	unnamed Rect: pos = array([ 53.38521946, -79.10615327])
24.3045 	EXP 	unnamed Rect: pos = array([ 53.38521946, -79.10615327])
24.3211 	EXP 	unnamed Rect: pos = array([ 53.38521946, -79.10615327])
24.3378 	EXP 	unnamed Rect: pos = array([ 53.38521946, -79.10615327])
24.3541 	EXP 	unnamed Rect: pos = array([ 53.38521946, -79.10615327])
24.3708 	EXP 	unnamed Rect: pos = array([ 53.38521946, -79.10615327])
24.3878 	EXP 	unnamed Rect: pos = array([ 53.38521946, -79.10615327])
24.4041 	EXP 	unnamed Rect: pos = array([ 53.38521946, -79.10615327])
24.4212 	EXP 	unnamed Rect: pos = array([ 53.38521946, -79.10615327])
24.4379 	EXP 	unnamed Rect: pos = array([ 53.38521946, -79.10615327])
24.4392 	DATA 	Keypress: left
24.4545 	EXP 	unnamed Rect: pos = array([ 43.38521946, -79.10615327])
24.4709 	EXP 	unnamed Rect: pos = array([ 43.38521946, -79.10615327])
24.4886 	EXP 	unnamed Rect: pos = array([ 43.38521946, -79.10615327])
24.5043 	EXP 	unnamed Rect: pos = array([ 43.38521946, -79.10615327])
24.5209 	EXP 	unnamed Rect: pos = array([ 43.38521946, -79.10615327])
24.5379 	EXP 	unnamed Rect: pos = array([ 43.38521946, -79.10615327])
24.5543 	EXP 	unnamed Rect: pos = array([ 43.38521946, -79.10615327])
24.5710 	EXP 	unnamed Rect: pos = array([ 43.38521946, -79.10615327])
24.5884 	EXP 	unnamed Rect: pos = array([ 43.38521946, -79.10615327])
24.5900 	DATA 	Keypress: left
24.6050 	EXP 	unnamed Rect: pos = array([ 33.38521946, -79.10615327])
24.6212 	EXP 	unnamed Rect: pos = array([ 33.38521946, -79.10615327])
24.6375 	EXP 	unnamed Rect: pos = array([ 33.38521946, -79.10615327])
24.6546 	EXP 	unnamed Rect: pos = array([ 33.38521946, -79.10615327])
24.6713 	EXP 	unnamed Rect: pos = array([ 33.38521946, -79.10615327])
24.6884 	EXP 	unnamed Rect: pos = array([ 33.38521946, -79.10615327])
24.7054 	EXP 	unnamed Rect: pos = array([ 33.38521946, -79.10615327])
24.7220 	EXP 	unnamed Rect: pos = array([ 33.38521946, -79.10615327])
24.7379 	EXP 	unnamed Rect: pos = array([ 33.38521946, -79.10615327])
24.7554 	EXP 	unnamed Rect: pos = array([ 33.38521946, -79.10615327])
24.7565 	DATA 	Keypress: left
24.7714 	EXP 	unnamed Rect: pos = array([ 23.38521946, -79.10615327])
24.7878 	EXP 	unnamed Rect: pos = array([ 23.38521946, -79.10615327])
24.8048 	EXP 	unnamed Rect: pos = array([ 23.38521946, -79.10615327])
24.8216 	EXP 	unnamed Rect: pos = array([ 23.38521946, -79.10615327])
24.8387 	EXP 	unnamed Rect: pos = array([ 23.38521946, -79.10615327])
24.8544 	EXP 	unnamed Rect: pos = array([ 23.38521946, -79.10615327])
24.8708 	EXP 	unnamed Rect: pos = array([ 23.38521946, -79.10615327])
24.8877 	EXP 	unnamed Rect: pos = array([ 23.38521946, -79.10615327])
24.9044 	EXP 	unnamed Rect: pos = array([ 23.38521946, -79.10615327])
24.9218 	EXP 	unnamed Rect: pos = array([ 23.38521946, -79.10615327])
24.9229 	DATA 	Keypress: down
24.9377 	EXP 	unnamed Rect: pos = array([ 23.38521946, -89.10615327])
24.9545 	EXP 	unnamed Rect: pos = array([ 23.38521946, -89.10615327])
24.9715 	EXP 	unnamed Rect: pos = array([ 23.38521946, -89.10615327])
24.9876 	EXP 	unnamed Rect: pos = array([ 23.38521946, -89.10615327])
25.0052 	EXP 	unnamed Rect: pos = array([ 23.38521946, -89.10615327])
25.0211 	EXP 	unnamed Rect: pos = array([ 23.38521946, -89.10615327])
25.0377 	EXP 	unnamed Rect: pos = array([ 23.38521946, -89.10615327])
25.0548 	EXP 	unnamed Rect: pos = array([ 23.38521946, -89.10615327])
25.0717 	EXP 	unnamed Rect: pos = array([ 23.38521946, -89.10615327])
25.0756 	DATA 	Keypress: down
25.0886 	EXP 	unnamed Rect: pos = array([ 23.38521946, -89.10615327])
25.1044 	EXP 	unnamed Rect: pos = array([ 23.38521946, -99.10615327])
25.1209 	EXP 	unnamed Rect: pos = array([ 23.38521946, -99.10615327])
25.1375 	EXP 	unnamed Rect: pos = array([ 23.38521946, -99.10615327])
25.1548 	EXP 	unnamed Rect: pos = array([ 23.38521946, -99.10615327])
25.1710 	EXP 	unnamed Rect: pos = array([ 23.38521946, -99.10615327])
25.1877 	EXP 	unnamed Rect: pos = array([ 23.38521946, -99.10615327])
25.2043 	EXP 	unnamed Rect: pos = array([ 23.38521946, -99.10615327])
25.2209 	EXP 	unnamed Rect: pos = array([ 23.38521946, -99.10615327])
25.2376 	EXP 	unnamed Rect: pos = array([ 23.38521946, -99.10615327])
25.2553 	EXP 	unnamed Rect: pos = array([ 23.38521946, -99.10615327])
25.2565 	DATA 	Keypress: down
25.2710 	EXP 	unnamed Rect: pos = array([  23.38521946, -109.10615327])
25.2878 	EXP 	unnamed Rect: pos = array([  23.38521946, -109.10615327])
25.3043 	EXP 	unnamed Rect: pos = array([  23.38521946, -109.10615327])
25.3211 	EXP 	unnamed Rect: pos = array([  23.38521946, -109.10615327])
25.3386 	EXP 	unnamed Rect: pos = array([  23.38521946, -109.10615327])
25.3542 	EXP 	unnamed Rect: pos = array([  23.38521946, -109.10615327])
25.3715 	EXP 	unnamed Rect: pos = array([  23.38521946, -109.10615327])
25.3877 	EXP 	unnamed Rect: pos = array([  23.38521946, -109.10615327])
25.4046 	EXP 	unnamed Rect: pos = array([  23.38521946, -109.10615327])
25.4058 	DATA 	Keypress: down
25.4219 	EXP 	unnamed Rect: pos = array([  23.38521946, -119.10615327])
25.4376 	EXP 	unnamed Rect: pos = array([  23.38521946, -119.10615327])
25.4543 	EXP 	unnamed Rect: pos = array([  23.38521946, -119.10615327])
25.4709 	EXP 	unnamed Rect: pos = array([  23.38521946, -119.10615327])
25.4877 	EXP 	unnamed Rect: pos = array([  23.38521946, -119.10615327])
25.5053 	EXP 	unnamed Rect: pos = array([  23.38521946, -119.10615327])
25.5210 	EXP 	unnamed Rect: pos = array([  23.38521946, -119.10615327])
25.5376 	EXP 	unnamed Rect: pos = array([  23.38521946, -119.10615327])
25.5544 	EXP 	unnamed Rect: pos = array([  23.38521946, -119.10615327])
25.5712 	EXP 	unnamed Rect: pos = array([  23.38521946, -119.10615327])
25.5722 	DATA 	Keypress: right
25.5885 	EXP 	unnamed Rect: pos = array([  33.38521946, -119.10615327])
25.6053 	EXP 	unnamed Rect: pos = array([  33.38521946, -119.10615327])
25.6220 	EXP 	unnamed Rect: pos = array([  33.38521946, -119.10615327])
25.6378 	EXP 	unnamed Rect: pos = array([  33.38521946, -119.10615327])
25.6542 	EXP 	unnamed Rect: pos = array([  33.38521946, -119.10615327])
25.6711 	EXP 	unnamed Rect: pos = array([  33.38521946, -119.10615327])
25.6878 	EXP 	text: autoDraw = True
25.7077 	DATA 	Keypress: right
25.8415 	DATA 	Keypress: down
26.8082 	DATA 	Keypress: left
28.0579 	DATA 	Keypress: escape
28.2502 	EXP 	window1: mouseVisible = True
