0.5965 	WARNING 	We strongly recommend you activate the PTB sound engine in PsychoPy prefs as the preferred audio engine. Its timing is vastly superior. Your prefs are currently set to use ['sounddevice', 'PTB', 'pyo', 'pygame'] (in that order).
4.6129 	ERROR 	'-1.0000, -1.0000, -1.0000' is not a valid rgb color
5.2150 	EXP 	Created window1 = Window(allowGUI=False, allowStencil=False, autoLog=True, backendConf=UNKNOWN, bitsMode=UNKNOWN, blendMode='avg', bpc=(8, 8, 8), color=array([0, 0, 0]), colorSpace='rgb', depthBits=8, fullscr=<method-wrapper '__getattribute__' of attributeSetter object at 0x7fc495e38a20>, gamma=None, gammaErrorPolicy='raise', lms=UNKNOWN, monitor=<psychopy.monitors.calibTools.Monitor object at 0x7fc4959554a8>, multiSample=False, name='window1', numSamples=2, pos=[360.0, 225.0], screen=0, size=array([2880, 1800]), stencilBits=0, stereo=False, units='height', useFBO=True, useRetina=True, viewOri=0.0, viewPos=None, viewScale=None, waitBlanking=True, winType='pyglet')
5.2154 	EXP 	window1: mouseVisible = True
5.2155 	EXP 	window1: recordFrameIntervals = False
5.3811 	EXP 	window1: recordFrameIntervals = True
5.5647 	EXP 	window1: recordFrameIntervals = False
6.1627 	DEPRECATION 	'1.0000, 1.0000, 1.0000' is not a valid rgb color
6.1913 	EXP 	Created Welcometext = TextStim(__class__=<class 'psychopy.visual.text.TextStim'>, alignHoriz=method-wrapper(...), alignText='center', alignVert=method-wrapper(...), anchorHoriz='center', anchorVert='center', antialias=True, autoLog=True, bold=False, color=array([0., 0., 0.]), colorSpace='rgb', contrast=1.0, depth=0.0, flipHoriz=False, flipVert=False, font='Open Sans', fontFiles=[], height=0.05, italic=False, languageStyle='LTR', name='Welcometext', opacity=0, ori=0.0, pos=array([0., 0.]), rgb=UNKNOWN, text='Welcome\nPlease press Spacebar to start', units='height', win=Window(...), wrapWidth=1)
6.5552 	EXP 	Created text = TextStim(__class__=<class 'psychopy.visual.text.TextStim'>, alignHoriz=method-wrapper(...), alignText='center', alignVert=method-wrapper(...), anchorHoriz='center', anchorVert='center', antialias=True, autoLog=True, bold=False, color=array([1., 1., 1.]), colorSpace='rgb', contrast=1.0, depth=0.0, flipHoriz=False, flipVert=False, font='Open Sans', fontFiles=[], height=0.05, italic=False, languageStyle='LTR', name='text', opacity=1, ori=0.0, pos=array([0., 0.]), rgb=UNKNOWN, text=str(...), units='height', win=Window(...), wrapWidth=1)
6.5557 	EXP 	Created sequence: random, trialTypes=1, nReps=5, seed=None
6.5559 	EXP 	New trial (rep=0, index=0): None
6.5596 	DATA 	Keypress: space
6.5641 	EXP 	Welcometext: autoDraw = True
7.5717 	EXP 	Created unnamed Rect = Rect(__class__=<class 'psychopy.visual.rect.Rect'>, autoDraw=False, autoLog=True, closeShape=True, color=method-wrapper(...), colorSpace='rgb', contrast=None, depth=0, fillColor=array([ 1, -1, -1]), fillColorSpace='rgb', fillRGB=array([ 1, -1, -1]), interpolate=True, lineColor=array([-1., -1.,  1.]), lineColorSpace='rgb', lineRGB=array([-1, -1,  1]), lineWidth=1.5, name='unnamed Rect', opacity=1, ori=0.0, pos=array([0., 0.]), size=array([1000.,  700.]), units='pix', vertices=ndarray(...), win=Window(...))
7.5744 	EXP 	Created unnamed Rect = Rect(__class__=<class 'psychopy.visual.rect.Rect'>, autoDraw=False, autoLog=True, closeShape=True, color=method-wrapper(...), colorSpace='rgb', contrast=None, depth=0, fillColor=array([-1, -1, -1]), fillColorSpace='rgb', fillRGB=array([-1, -1, -1]), interpolate=True, lineColor=array([-1., -1.,  1.]), lineColorSpace='rgb', lineRGB=array([-1, -1,  1]), lineWidth=1.5, name='unnamed Rect', opacity=1, ori=0.0, pos=array([0., 0.]), size=array([400., 600.]), units='pix', vertices=ndarray(...), win=Window(...))
7.5769 	EXP 	Created unnamed Rect = Rect(__class__=<class 'psychopy.visual.rect.Rect'>, autoDraw=False, autoLog=True, closeShape=True, color=method-wrapper(...), colorSpace='rgb', contrast=None, depth=0, fillColor=array([-1, -1, -1]), fillColorSpace='rgb', fillRGB=array([-1, -1, -1]), interpolate=True, lineColor=array([-1., -1.,  1.]), lineColorSpace='rgb', lineRGB=array([-1, -1,  1]), lineWidth=1.5, name='unnamed Rect', opacity=1, ori=0.0, pos=array([0., 0.]), size=array([400., 600.]), units='pix', vertices=ndarray(...), win=Window(...))
7.5801 	EXP 	Created unnamed Rect = Rect(__class__=<class 'psychopy.visual.rect.Rect'>, autoDraw=False, autoLog=True, closeShape=True, color=method-wrapper(...), colorSpace='rgb', contrast=None, depth=0, fillColor=array([ 1,  1, -1]), fillColorSpace='rgb', fillRGB=array([ 1,  1, -1]), interpolate=True, lineColor=array([0., 0., 0.]), lineColorSpace='rgb', lineRGB=array([0, 0, 0]), lineWidth=1.5, name='unnamed Rect', opacity=0.5, ori=0.0, pos=array([0., 0.]), size=array([30., 30.]), units='pix', vertices=ndarray(...), win=Window(...))
7.5830 	EXP 	Created unnamed Rect = Rect(__class__=<class 'psychopy.visual.rect.Rect'>, autoDraw=False, autoLog=True, closeShape=True, color=method-wrapper(...), colorSpace='rgb', contrast=None, depth=0, fillColor=array([ 1,  1, -1]), fillColorSpace='rgb', fillRGB=array([ 1,  1, -1]), interpolate=True, lineColor=array([0., 0., 0.]), lineColorSpace='rgb', lineRGB=array([0, 0, 0]), lineWidth=1.5, name='unnamed Rect', opacity=0.5, ori=0.0, pos=array([0., 0.]), size=array([30., 30.]), units='pix', vertices=ndarray(...), win=Window(...))
7.5858 	EXP 	Created unnamed Rect = Rect(__class__=<class 'psychopy.visual.rect.Rect'>, autoDraw=False, autoLog=True, closeShape=True, color=method-wrapper(...), colorSpace='rgb', contrast=None, depth=0, fillColor=array([ 1,  1, -1]), fillColorSpace='rgb', fillRGB=array([ 1,  1, -1]), interpolate=True, lineColor=array([0., 0., 0.]), lineColorSpace='rgb', lineRGB=array([0, 0, 0]), lineWidth=1.5, name='unnamed Rect', opacity=0.5, ori=0.0, pos=array([0., 0.]), size=array([30., 30.]), units='pix', vertices=ndarray(...), win=Window(...))
7.5885 	EXP 	Created unnamed Rect = Rect(__class__=<class 'psychopy.visual.rect.Rect'>, autoDraw=False, autoLog=True, closeShape=True, color=method-wrapper(...), colorSpace='rgb', contrast=None, depth=0, fillColor=array([ 1,  1, -1]), fillColorSpace='rgb', fillRGB=array([ 1,  1, -1]), interpolate=True, lineColor=array([0., 0., 0.]), lineColorSpace='rgb', lineRGB=array([0, 0, 0]), lineWidth=1.5, name='unnamed Rect', opacity=0.5, ori=0.0, pos=array([0., 0.]), size=array([30., 30.]), units='pix', vertices=ndarray(...), win=Window(...))
7.5911 	EXP 	Created unnamed Rect = Rect(__class__=<class 'psychopy.visual.rect.Rect'>, autoDraw=False, autoLog=True, closeShape=True, color=method-wrapper(...), colorSpace='rgb', contrast=None, depth=0, fillColor=array([ 1,  1, -1]), fillColorSpace='rgb', fillRGB=array([ 1,  1, -1]), interpolate=True, lineColor=array([0., 0., 0.]), lineColorSpace='rgb', lineRGB=array([0, 0, 0]), lineWidth=1.5, name='unnamed Rect', opacity=0.5, ori=0.0, pos=array([0., 0.]), size=array([30., 30.]), units='pix', vertices=ndarray(...), win=Window(...))
7.6319 	EXP 	Created unnamed ImageStim = ImageStim(__class__=<class 'psychopy.visual.image.ImageStim'>, autoLog=True, color=array([1., 1., 1.]), colorSpace='rgb', contrast=1.0, depth=0, flipHoriz=False, flipVert=False, image='tree.png', interpolate=False, mask=None, maskParams=None, name='unnamed ImageStim', opacity=1, ori=0.0, pos=array([0., 0.]), size=array([512, 512]), texRes=128, units='pix', win=Window(...))
7.6531 	EXP 	Created unnamed ImageStim = ImageStim(__class__=<class 'psychopy.visual.image.ImageStim'>, autoLog=True, color=array([1., 1., 1.]), colorSpace='rgb', contrast=1.0, depth=0, flipHoriz=False, flipVert=False, image='tree.png', interpolate=False, mask=None, maskParams=None, name='unnamed ImageStim', opacity=1, ori=0.0, pos=array([0., 0.]), size=array([512, 512]), texRes=128, units='pix', win=Window(...))
7.6714 	EXP 	Created unnamed ImageStim = ImageStim(__class__=<class 'psychopy.visual.image.ImageStim'>, autoLog=True, color=array([1., 1., 1.]), colorSpace='rgb', contrast=1.0, depth=0, flipHoriz=False, flipVert=False, image='tree.png', interpolate=False, mask=None, maskParams=None, name='unnamed ImageStim', opacity=1, ori=0.0, pos=array([0., 0.]), size=array([512, 512]), texRes=128, units='pix', win=Window(...))
7.6834 	DATA 	Keypress: space
7.6889 	EXP 	Welcometext: autoDraw = False
7.6889 	EXP 	unnamed Rect: pos = [-250, 0]
7.6889 	EXP 	unnamed Rect: pos = [250, 0]
7.6889 	EXP 	unnamed Rect: pos = [-340.80740383217415, -57.705773321586065]
7.6889 	EXP 	unnamed Rect: pos = [175.95274000726664, -185.95097528940067]
7.6889 	EXP 	unnamed Rect: pos = [208.610996583477, -25.723646888657356]
7.6889 	EXP 	unnamed Rect: pos = [98.55483486537696, 261.05193961486697]
7.6889 	EXP 	unnamed Rect: pos = [156.91723588209783, -263.332680191978]
7.6889 	EXP 	unnamed ImageStim: size = [128.0, 128.0]
7.6889 	EXP 	unnamed ImageStim: size = [128.0, 128.0]
7.6889 	EXP 	unnamed ImageStim: size = [128.0, 128.0]
7.6889 	EXP 	unnamed ImageStim: pos = [38.8294893479612, -58.55837698860973]
7.6889 	EXP 	unnamed ImageStim: pos = [-211.1705106520388, -58.55837698860973]
7.6889 	EXP 	unnamed ImageStim: pos = [288.8294893479612, -58.55837698860973]
8.3644 	DATA 	Keypress: right
9.7677 	DATA 	Keypress: right
18.0533 	EXP 	Created unnamed Rect = Rect(__class__=<class 'psychopy.visual.rect.Rect'>, autoDraw=False, autoLog=True, closeShape=True, color=method-wrapper(...), colorSpace='rgb', contrast=None, depth=0, fillColor=array([-1, -1, -1]), fillColorSpace='rgb', fillRGB=array([-1, -1, -1]), interpolate=True, lineColor=array([-1., -1.,  1.]), lineColorSpace='rgb', lineRGB=array([-1, -1,  1]), lineWidth=1.5, name='unnamed Rect', opacity=1, ori=0.0, pos=array([0., 0.]), size=array([400., 600.]), units='pix', vertices=ndarray(...), win=Window(...))
18.0589 	EXP 	Created unnamed Rect = Rect(__class__=<class 'psychopy.visual.rect.Rect'>, autoDraw=False, autoLog=True, closeShape=True, color=method-wrapper(...), colorSpace='rgb', contrast=None, depth=0, fillColor=array([-1, -1, -1]), fillColorSpace='rgb', fillRGB=array([-1, -1, -1]), interpolate=True, lineColor=array([-1., -1.,  1.]), lineColorSpace='rgb', lineRGB=array([-1, -1,  1]), lineWidth=1.5, name='unnamed Rect', opacity=1, ori=0.0, pos=array([0., 0.]), size=array([400., 600.]), units='pix', vertices=ndarray(...), win=Window(...))
18.0605 	DATA 	Keypress: right
18.0708 	EXP 	unnamed Rect: pos = array([ -74.04725999, -185.95097529])
18.0708 	EXP 	unnamed Rect: pos = array([-41.38900342, -25.72364689])
18.0708 	EXP 	unnamed Rect: pos = array([-151.44516513,  261.05193961])
18.0708 	EXP 	unnamed Rect: pos = array([ -93.08276412, -263.33268019])
18.0708 	EXP 	unnamed Rect: pos = array([ -93.08276412, -263.33268019])
18.0807 	EXP 	unnamed Rect: pos = array([ -93.08276412, -263.33268019])
18.0967 	EXP 	unnamed Rect: pos = array([ -93.08276412, -263.33268019])
18.1135 	EXP 	unnamed Rect: pos = array([ -93.08276412, -263.33268019])
18.1305 	EXP 	unnamed Rect: pos = array([ -93.08276412, -263.33268019])
18.1473 	EXP 	unnamed Rect: pos = array([ -93.08276412, -263.33268019])
18.1635 	EXP 	unnamed Rect: pos = array([ -93.08276412, -263.33268019])
18.1801 	EXP 	unnamed Rect: pos = array([ -93.08276412, -263.33268019])
18.1972 	EXP 	unnamed Rect: pos = array([ -93.08276412, -263.33268019])
18.2135 	EXP 	unnamed Rect: pos = array([ -93.08276412, -263.33268019])
18.2304 	EXP 	unnamed Rect: pos = array([ -93.08276412, -263.33268019])
18.2469 	EXP 	unnamed Rect: pos = array([ -93.08276412, -263.33268019])
18.2634 	EXP 	unnamed Rect: pos = array([ -93.08276412, -263.33268019])
18.2801 	EXP 	unnamed Rect: pos = array([ -93.08276412, -263.33268019])
18.2968 	EXP 	unnamed Rect: pos = array([ -93.08276412, -263.33268019])
18.3138 	EXP 	unnamed Rect: pos = array([ -93.08276412, -263.33268019])
18.3301 	EXP 	unnamed Rect: pos = array([ -93.08276412, -263.33268019])
18.3472 	EXP 	unnamed Rect: pos = array([ -93.08276412, -263.33268019])
18.3635 	EXP 	unnamed Rect: pos = array([ -93.08276412, -263.33268019])
18.3804 	EXP 	unnamed Rect: pos = array([ -93.08276412, -263.33268019])
18.3968 	EXP 	unnamed Rect: pos = array([ -93.08276412, -263.33268019])
18.4134 	EXP 	unnamed Rect: pos = array([ -93.08276412, -263.33268019])
18.4301 	EXP 	unnamed Rect: pos = array([ -93.08276412, -263.33268019])
18.4469 	EXP 	unnamed Rect: pos = array([ -93.08276412, -263.33268019])
18.4634 	EXP 	unnamed Rect: pos = array([ -93.08276412, -263.33268019])
18.4803 	EXP 	unnamed Rect: pos = array([ -93.08276412, -263.33268019])
18.4967 	EXP 	unnamed Rect: pos = array([ -93.08276412, -263.33268019])
18.5135 	EXP 	unnamed Rect: pos = array([ -93.08276412, -263.33268019])
18.5304 	EXP 	unnamed Rect: pos = array([ -93.08276412, -263.33268019])
18.5482 	EXP 	unnamed Rect: pos = array([ -93.08276412, -263.33268019])
18.5491 	DATA 	Keypress: up
18.5635 	EXP 	unnamed Rect: pos = array([ -93.08276412, -253.33268019])
18.5801 	EXP 	unnamed Rect: pos = array([ -93.08276412, -253.33268019])
18.5970 	EXP 	unnamed Rect: pos = array([ -93.08276412, -253.33268019])
18.6139 	EXP 	unnamed Rect: pos = array([ -93.08276412, -253.33268019])
18.6306 	EXP 	unnamed Rect: pos = array([ -93.08276412, -253.33268019])
18.6479 	EXP 	unnamed Rect: pos = array([ -93.08276412, -253.33268019])
18.6635 	EXP 	unnamed Rect: pos = array([ -93.08276412, -253.33268019])
18.6807 	EXP 	unnamed Rect: pos = array([ -93.08276412, -253.33268019])
18.6966 	EXP 	unnamed Rect: pos = array([ -93.08276412, -253.33268019])
18.7144 	EXP 	unnamed Rect: pos = array([ -93.08276412, -253.33268019])
18.7153 	DATA 	Keypress: up
18.7301 	EXP 	unnamed Rect: pos = array([ -93.08276412, -243.33268019])
18.7470 	EXP 	unnamed Rect: pos = array([ -93.08276412, -243.33268019])
18.7638 	EXP 	unnamed Rect: pos = array([ -93.08276412, -243.33268019])
18.7801 	EXP 	unnamed Rect: pos = array([ -93.08276412, -243.33268019])
18.7973 	EXP 	unnamed Rect: pos = array([ -93.08276412, -243.33268019])
18.8145 	EXP 	unnamed Rect: pos = array([ -93.08276412, -243.33268019])
18.8303 	EXP 	unnamed Rect: pos = array([ -93.08276412, -243.33268019])
18.8470 	EXP 	unnamed Rect: pos = array([ -93.08276412, -243.33268019])
18.8634 	EXP 	unnamed Rect: pos = array([ -93.08276412, -243.33268019])
18.8808 	EXP 	unnamed Rect: pos = array([ -93.08276412, -243.33268019])
18.8981 	EXP 	unnamed Rect: pos = array([ -93.08276412, -243.33268019])
18.8989 	DATA 	Keypress: up
18.9135 	EXP 	unnamed Rect: pos = array([ -93.08276412, -233.33268019])
18.9300 	EXP 	unnamed Rect: pos = array([ -93.08276412, -233.33268019])
18.9470 	EXP 	unnamed Rect: pos = array([ -93.08276412, -233.33268019])
18.9637 	EXP 	unnamed Rect: pos = array([ -93.08276412, -233.33268019])
18.9811 	EXP 	unnamed Rect: pos = array([ -93.08276412, -233.33268019])
18.9971 	EXP 	unnamed Rect: pos = array([ -93.08276412, -233.33268019])
19.0134 	EXP 	unnamed Rect: pos = array([ -93.08276412, -233.33268019])
19.0302 	EXP 	unnamed Rect: pos = array([ -93.08276412, -233.33268019])
19.0475 	EXP 	unnamed Rect: pos = array([ -93.08276412, -233.33268019])
19.0484 	DATA 	Keypress: up
19.0644 	EXP 	unnamed Rect: pos = array([ -93.08276412, -223.33268019])
19.0801 	EXP 	unnamed Rect: pos = array([ -93.08276412, -223.33268019])
19.0970 	EXP 	unnamed Rect: pos = array([ -93.08276412, -223.33268019])
19.1134 	EXP 	unnamed Rect: pos = array([ -93.08276412, -223.33268019])
19.1311 	EXP 	unnamed Rect: pos = array([ -93.08276412, -223.33268019])
19.1480 	EXP 	unnamed Rect: pos = array([ -93.08276412, -223.33268019])
19.1645 	EXP 	unnamed Rect: pos = array([ -93.08276412, -223.33268019])
19.1811 	EXP 	unnamed Rect: pos = array([ -93.08276412, -223.33268019])
19.1972 	EXP 	unnamed Rect: pos = array([ -93.08276412, -223.33268019])
19.1979 	DATA 	Keypress: up
19.2144 	EXP 	unnamed Rect: pos = array([ -93.08276412, -213.33268019])
19.2303 	EXP 	unnamed Rect: pos = array([ -93.08276412, -213.33268019])
19.2469 	EXP 	unnamed Rect: pos = array([ -93.08276412, -213.33268019])
19.2638 	EXP 	unnamed Rect: pos = array([ -93.08276412, -213.33268019])
19.2810 	EXP 	unnamed Rect: pos = array([ -93.08276412, -213.33268019])
19.2968 	EXP 	unnamed Rect: pos = array([ -93.08276412, -213.33268019])
19.3135 	EXP 	unnamed Rect: pos = array([ -93.08276412, -213.33268019])
19.3305 	EXP 	unnamed Rect: pos = array([ -93.08276412, -213.33268019])
19.3315 	DATA 	Keypress: up
19.3468 	EXP 	unnamed Rect: pos = array([ -93.08276412, -203.33268019])
19.3634 	EXP 	unnamed Rect: pos = array([ -93.08276412, -203.33268019])
19.3802 	EXP 	unnamed Rect: pos = array([ -93.08276412, -203.33268019])
19.3975 	EXP 	unnamed Rect: pos = array([ -93.08276412, -203.33268019])
19.4140 	EXP 	unnamed Rect: pos = array([ -93.08276412, -203.33268019])
19.4301 	EXP 	unnamed Rect: pos = array([ -93.08276412, -203.33268019])
19.4470 	EXP 	unnamed Rect: pos = array([ -93.08276412, -203.33268019])
19.4637 	EXP 	unnamed Rect: pos = array([ -93.08276412, -203.33268019])
19.4809 	EXP 	unnamed Rect: pos = array([ -93.08276412, -203.33268019])
19.4818 	DATA 	Keypress: up
19.4980 	EXP 	unnamed Rect: pos = array([ -93.08276412, -193.33268019])
19.5135 	EXP 	unnamed Rect: pos = array([ -93.08276412, -193.33268019])
19.5302 	EXP 	unnamed Rect: pos = array([ -93.08276412, -193.33268019])
19.5470 	EXP 	unnamed Rect: pos = array([ -93.08276412, -193.33268019])
19.5645 	EXP 	unnamed Rect: pos = array([ -93.08276412, -193.33268019])
19.5802 	EXP 	unnamed Rect: pos = array([ -93.08276412, -193.33268019])
19.5967 	EXP 	unnamed Rect: pos = array([ -93.08276412, -193.33268019])
19.6137 	EXP 	unnamed Rect: pos = array([ -93.08276412, -193.33268019])
19.6306 	EXP 	unnamed Rect: pos = array([ -93.08276412, -193.33268019])
19.6478 	EXP 	unnamed Rect: pos = array([ -93.08276412, -193.33268019])
19.6487 	DATA 	Keypress: up
19.6682 	EXP 	unnamed Rect: pos = array([ -93.08276412, -183.33268019])
19.6798 	EXP 	unnamed Rect: pos = array([ -93.08276412, -183.33268019])
19.6973 	EXP 	unnamed Rect: pos = array([ -93.08276412, -183.33268019])
19.7133 	EXP 	unnamed Rect: pos = array([ -93.08276412, -183.33268019])
19.7302 	EXP 	unnamed Rect: pos = array([ -93.08276412, -183.33268019])
19.7471 	EXP 	unnamed Rect: pos = array([ -93.08276412, -183.33268019])
19.7634 	EXP 	unnamed Rect: pos = array([ -93.08276412, -183.33268019])
19.7806 	EXP 	unnamed Rect: pos = array([ -93.08276412, -183.33268019])
19.7967 	EXP 	unnamed Rect: pos = array([ -93.08276412, -183.33268019])
19.8006 	DATA 	Keypress: up
19.8143 	EXP 	unnamed Rect: pos = array([ -93.08276412, -183.33268019])
19.8302 	EXP 	unnamed Rect: pos = array([ -93.08276412, -173.33268019])
19.8468 	EXP 	unnamed Rect: pos = array([ -93.08276412, -173.33268019])
19.8636 	EXP 	unnamed Rect: pos = array([ -93.08276412, -173.33268019])
19.8810 	EXP 	unnamed Rect: pos = array([ -93.08276412, -173.33268019])
19.8969 	EXP 	unnamed Rect: pos = array([ -93.08276412, -173.33268019])
19.9137 	EXP 	unnamed Rect: pos = array([ -93.08276412, -173.33268019])
19.9301 	EXP 	unnamed Rect: pos = array([ -93.08276412, -173.33268019])
19.9477 	EXP 	unnamed Rect: pos = array([ -93.08276412, -173.33268019])
19.9485 	DATA 	Keypress: up
19.9634 	EXP 	unnamed Rect: pos = array([ -93.08276412, -163.33268019])
19.9801 	EXP 	unnamed Rect: pos = array([ -93.08276412, -163.33268019])
19.9968 	EXP 	unnamed Rect: pos = array([ -93.08276412, -163.33268019])
20.0132 	EXP 	unnamed Rect: pos = array([ -93.08276412, -163.33268019])
20.0299 	EXP 	unnamed Rect: pos = array([ -93.08276412, -163.33268019])
20.0471 	EXP 	unnamed Rect: pos = array([ -93.08276412, -163.33268019])
20.0637 	EXP 	unnamed Rect: pos = array([ -93.08276412, -163.33268019])
20.0801 	EXP 	unnamed Rect: pos = array([ -93.08276412, -163.33268019])
20.0968 	EXP 	unnamed Rect: pos = array([ -93.08276412, -163.33268019])
20.1147 	EXP 	unnamed Rect: pos = array([ -93.08276412, -163.33268019])
20.1156 	DATA 	Keypress: up
20.1305 	EXP 	unnamed Rect: pos = array([ -93.08276412, -153.33268019])
20.1476 	EXP 	unnamed Rect: pos = array([ -93.08276412, -153.33268019])
20.1640 	EXP 	unnamed Rect: pos = array([ -93.08276412, -153.33268019])
20.1806 	EXP 	unnamed Rect: pos = array([ -93.08276412, -153.33268019])
20.1972 	EXP 	unnamed Rect: pos = array([ -93.08276412, -153.33268019])
20.2134 	EXP 	unnamed Rect: pos = array([ -93.08276412, -153.33268019])
20.2303 	EXP 	unnamed Rect: pos = array([ -93.08276412, -153.33268019])
20.2470 	EXP 	unnamed Rect: pos = array([ -93.08276412, -153.33268019])
20.2641 	EXP 	unnamed Rect: pos = array([ -93.08276412, -153.33268019])
20.2650 	DATA 	Keypress: up
20.2806 	EXP 	unnamed Rect: pos = array([ -93.08276412, -143.33268019])
20.2971 	EXP 	unnamed Rect: pos = array([ -93.08276412, -143.33268019])
20.3138 	EXP 	unnamed Rect: pos = array([ -93.08276412, -143.33268019])
20.3304 	EXP 	unnamed Rect: pos = array([ -93.08276412, -143.33268019])
20.3468 	EXP 	unnamed Rect: pos = array([ -93.08276412, -143.33268019])
20.3646 	EXP 	unnamed Rect: pos = array([ -93.08276412, -143.33268019])
20.3804 	EXP 	unnamed Rect: pos = array([ -93.08276412, -143.33268019])
20.3967 	EXP 	unnamed Rect: pos = array([ -93.08276412, -143.33268019])
20.4135 	EXP 	unnamed Rect: pos = array([ -93.08276412, -143.33268019])
20.4303 	EXP 	unnamed Rect: pos = array([ -93.08276412, -143.33268019])
20.4482 	EXP 	unnamed Rect: pos = array([ -93.08276412, -143.33268019])
20.4491 	DATA 	Keypress: right
20.4635 	EXP 	unnamed Rect: pos = array([ -83.08276412, -143.33268019])
20.4802 	EXP 	unnamed Rect: pos = array([ -83.08276412, -143.33268019])
20.4966 	EXP 	unnamed Rect: pos = array([ -83.08276412, -143.33268019])
20.5139 	EXP 	unnamed Rect: pos = array([ -83.08276412, -143.33268019])
20.5310 	EXP 	unnamed Rect: pos = array([ -83.08276412, -143.33268019])
20.5471 	EXP 	unnamed Rect: pos = array([ -83.08276412, -143.33268019])
20.5638 	EXP 	unnamed Rect: pos = array([ -83.08276412, -143.33268019])
20.5803 	EXP 	unnamed Rect: pos = array([ -83.08276412, -143.33268019])
20.5970 	EXP 	unnamed Rect: pos = array([ -83.08276412, -143.33268019])
20.5979 	DATA 	Keypress: right
20.6139 	EXP 	unnamed Rect: pos = array([ -73.08276412, -143.33268019])
20.6301 	EXP 	unnamed Rect: pos = array([ -73.08276412, -143.33268019])
20.6465 	EXP 	unnamed Rect: pos = array([ -73.08276412, -143.33268019])
20.6635 	EXP 	unnamed Rect: pos = array([ -73.08276412, -143.33268019])
20.6801 	EXP 	unnamed Rect: pos = array([ -73.08276412, -143.33268019])
20.6975 	EXP 	unnamed Rect: pos = array([ -73.08276412, -143.33268019])
20.7141 	EXP 	unnamed Rect: pos = array([ -73.08276412, -143.33268019])
20.7300 	EXP 	unnamed Rect: pos = array([ -73.08276412, -143.33268019])
20.7470 	EXP 	unnamed Rect: pos = array([ -73.08276412, -143.33268019])
20.7635 	EXP 	unnamed Rect: pos = array([ -73.08276412, -143.33268019])
20.7678 	DATA 	Keypress: right
20.7811 	EXP 	unnamed Rect: pos = array([ -73.08276412, -143.33268019])
20.7968 	EXP 	unnamed Rect: pos = array([ -63.08276412, -143.33268019])
20.8135 	EXP 	unnamed Rect: pos = array([ -63.08276412, -143.33268019])
20.8304 	EXP 	unnamed Rect: pos = array([ -63.08276412, -143.33268019])
20.8475 	EXP 	unnamed Rect: pos = array([ -63.08276412, -143.33268019])
20.8646 	EXP 	unnamed Rect: pos = array([ -63.08276412, -143.33268019])
20.8802 	EXP 	unnamed Rect: pos = array([ -63.08276412, -143.33268019])
20.8968 	EXP 	unnamed Rect: pos = array([ -63.08276412, -143.33268019])
20.9136 	EXP 	unnamed Rect: pos = array([ -63.08276412, -143.33268019])
20.9307 	EXP 	unnamed Rect: pos = array([ -63.08276412, -143.33268019])
20.9316 	DATA 	Keypress: up
20.9476 	EXP 	unnamed Rect: pos = array([ -63.08276412, -133.33268019])
20.9639 	EXP 	unnamed Rect: pos = array([ -63.08276412, -133.33268019])
20.9801 	EXP 	unnamed Rect: pos = array([ -63.08276412, -133.33268019])
20.9971 	EXP 	unnamed Rect: pos = array([ -63.08276412, -133.33268019])
21.0149 	EXP 	unnamed Rect: pos = array([ -63.08276412, -133.33268019])
21.0311 	EXP 	unnamed Rect: pos = array([ -63.08276412, -133.33268019])
21.0475 	EXP 	unnamed Rect: pos = array([ -63.08276412, -133.33268019])
21.0633 	EXP 	unnamed Rect: pos = array([ -63.08276412, -133.33268019])
21.0804 	EXP 	unnamed Rect: pos = array([ -63.08276412, -133.33268019])
21.0968 	EXP 	unnamed Rect: pos = array([ -63.08276412, -133.33268019])
21.1144 	EXP 	unnamed Rect: pos = array([ -63.08276412, -133.33268019])
21.1152 	DATA 	Keypress: up
21.1310 	EXP 	unnamed Rect: pos = array([ -63.08276412, -123.33268019])
21.1472 	EXP 	unnamed Rect: pos = array([ -63.08276412, -123.33268019])
21.1635 	EXP 	unnamed Rect: pos = array([ -63.08276412, -123.33268019])
21.1803 	EXP 	unnamed Rect: pos = array([ -63.08276412, -123.33268019])
21.1976 	EXP 	unnamed Rect: pos = array([ -63.08276412, -123.33268019])
21.2134 	EXP 	unnamed Rect: pos = array([ -63.08276412, -123.33268019])
21.2300 	EXP 	unnamed Rect: pos = array([ -63.08276412, -123.33268019])
21.2466 	EXP 	unnamed Rect: pos = array([ -63.08276412, -123.33268019])
21.2634 	EXP 	unnamed Rect: pos = array([ -63.08276412, -123.33268019])
21.2810 	EXP 	unnamed Rect: pos = array([ -63.08276412, -123.33268019])
21.2819 	DATA 	Keypress: up
21.2968 	EXP 	unnamed Rect: pos = array([ -63.08276412, -113.33268019])
21.3138 	EXP 	unnamed Rect: pos = array([ -63.08276412, -113.33268019])
21.3311 	EXP 	unnamed Rect: pos = array([ -63.08276412, -113.33268019])
21.3473 	EXP 	unnamed Rect: pos = array([ -63.08276412, -113.33268019])
21.3642 	EXP 	unnamed Rect: pos = array([ -63.08276412, -113.33268019])
21.3801 	EXP 	unnamed Rect: pos = array([ -63.08276412, -113.33268019])
21.3968 	EXP 	unnamed Rect: pos = array([ -63.08276412, -113.33268019])
21.4135 	EXP 	unnamed Rect: pos = array([ -63.08276412, -113.33268019])
21.4301 	EXP 	unnamed Rect: pos = array([ -63.08276412, -113.33268019])
21.4473 	EXP 	unnamed Rect: pos = array([ -63.08276412, -113.33268019])
21.4482 	DATA 	Keypress: up
21.4635 	EXP 	unnamed Rect: pos = array([ -63.08276412, -103.33268019])
21.4801 	EXP 	unnamed Rect: pos = array([ -63.08276412, -103.33268019])
21.4968 	EXP 	unnamed Rect: pos = array([ -63.08276412, -103.33268019])
21.5135 	EXP 	unnamed Rect: pos = array([ -63.08276412, -103.33268019])
21.5309 	EXP 	unnamed Rect: pos = array([ -63.08276412, -103.33268019])
21.5468 	EXP 	unnamed Rect: pos = array([ -63.08276412, -103.33268019])
21.5633 	EXP 	unnamed Rect: pos = array([ -63.08276412, -103.33268019])
21.5801 	EXP 	unnamed Rect: pos = array([ -63.08276412, -103.33268019])
21.5968 	EXP 	unnamed Rect: pos = array([ -63.08276412, -103.33268019])
21.6134 	EXP 	unnamed Rect: pos = array([ -63.08276412, -103.33268019])
21.6177 	DATA 	Keypress: up
21.6311 	EXP 	unnamed Rect: pos = array([ -63.08276412, -103.33268019])
21.6467 	EXP 	unnamed Rect: pos = array([-63.08276412, -93.33268019])
21.6637 	EXP 	unnamed Rect: pos = array([-63.08276412, -93.33268019])
21.6806 	EXP 	unnamed Rect: pos = array([-63.08276412, -93.33268019])
21.6976 	EXP 	unnamed Rect: pos = array([-63.08276412, -93.33268019])
21.7138 	EXP 	unnamed Rect: pos = array([-63.08276412, -93.33268019])
21.7303 	EXP 	unnamed Rect: pos = array([-63.08276412, -93.33268019])
21.7473 	EXP 	unnamed Rect: pos = array([-63.08276412, -93.33268019])
21.7635 	EXP 	unnamed Rect: pos = array([-63.08276412, -93.33268019])
21.7811 	EXP 	unnamed Rect: pos = array([-63.08276412, -93.33268019])
21.7820 	DATA 	Keypress: up
21.7971 	EXP 	unnamed Rect: pos = array([-63.08276412, -83.33268019])
21.8137 	EXP 	unnamed Rect: pos = array([-63.08276412, -83.33268019])
21.8305 	EXP 	unnamed Rect: pos = array([-63.08276412, -83.33268019])
21.8470 	EXP 	unnamed Rect: pos = array([-63.08276412, -83.33268019])
21.8646 	EXP 	unnamed Rect: pos = array([-63.08276412, -83.33268019])
21.8801 	EXP 	unnamed Rect: pos = array([-63.08276412, -83.33268019])
21.8968 	EXP 	unnamed Rect: pos = array([-63.08276412, -83.33268019])
21.9135 	EXP 	unnamed Rect: pos = array([-63.08276412, -83.33268019])
21.9303 	EXP 	unnamed Rect: pos = array([-63.08276412, -83.33268019])
21.9470 	EXP 	unnamed Rect: pos = array([-63.08276412, -83.33268019])
21.9639 	EXP 	unnamed Rect: pos = array([-63.08276412, -83.33268019])
21.9648 	DATA 	Keypress: up
21.9818 	EXP 	unnamed Rect: pos = array([-63.08276412, -73.33268019])
21.9979 	EXP 	unnamed Rect: pos = array([-63.08276412, -73.33268019])
22.0143 	EXP 	unnamed Rect: pos = array([-63.08276412, -73.33268019])
22.0304 	EXP 	unnamed Rect: pos = array([-63.08276412, -73.33268019])
22.0472 	EXP 	unnamed Rect: pos = array([-63.08276412, -73.33268019])
22.0635 	EXP 	unnamed Rect: pos = array([-63.08276412, -73.33268019])
22.0802 	EXP 	unnamed Rect: pos = array([-63.08276412, -73.33268019])
22.0976 	EXP 	unnamed Rect: pos = array([-63.08276412, -73.33268019])
22.1140 	EXP 	unnamed Rect: pos = array([-63.08276412, -73.33268019])
22.1306 	EXP 	unnamed Rect: pos = array([-63.08276412, -73.33268019])
22.1344 	DATA 	Keypress: right
22.1480 	EXP 	unnamed Rect: pos = array([-63.08276412, -73.33268019])
22.1636 	EXP 	unnamed Rect: pos = array([-53.08276412, -73.33268019])
22.1801 	EXP 	unnamed Rect: pos = array([-53.08276412, -73.33268019])
22.1971 	EXP 	unnamed Rect: pos = array([-53.08276412, -73.33268019])
22.2144 	EXP 	unnamed Rect: pos = array([-53.08276412, -73.33268019])
22.2301 	EXP 	unnamed Rect: pos = array([-53.08276412, -73.33268019])
22.2469 	EXP 	unnamed Rect: pos = array([-53.08276412, -73.33268019])
22.2634 	EXP 	unnamed Rect: pos = array([-53.08276412, -73.33268019])
22.2804 	EXP 	unnamed Rect: pos = array([-53.08276412, -73.33268019])
22.2971 	EXP 	unnamed Rect: pos = array([-53.08276412, -73.33268019])
22.2981 	DATA 	Keypress: right
22.3138 	EXP 	unnamed Rect: pos = array([-43.08276412, -73.33268019])
22.3302 	EXP 	unnamed Rect: pos = array([-43.08276412, -73.33268019])
22.3470 	EXP 	unnamed Rect: pos = array([-43.08276412, -73.33268019])
22.3638 	EXP 	unnamed Rect: pos = array([-43.08276412, -73.33268019])
22.3813 	EXP 	unnamed Rect: pos = array([-43.08276412, -73.33268019])
22.3968 	EXP 	unnamed Rect: pos = array([-43.08276412, -73.33268019])
22.4136 	EXP 	unnamed Rect: pos = array([-43.08276412, -73.33268019])
22.4304 	EXP 	unnamed Rect: pos = array([-43.08276412, -73.33268019])
22.4472 	EXP 	unnamed Rect: pos = array([-43.08276412, -73.33268019])
22.4480 	DATA 	Keypress: up
22.4641 	EXP 	unnamed Rect: pos = array([-43.08276412, -63.33268019])
22.4801 	EXP 	unnamed Rect: pos = array([-43.08276412, -63.33268019])
22.4972 	EXP 	unnamed Rect: pos = array([-43.08276412, -63.33268019])
22.5137 	EXP 	unnamed Rect: pos = array([-43.08276412, -63.33268019])
22.5303 	EXP 	unnamed Rect: pos = array([-43.08276412, -63.33268019])
22.5477 	EXP 	unnamed Rect: pos = array([-43.08276412, -63.33268019])
22.5635 	EXP 	unnamed Rect: pos = array([-43.08276412, -63.33268019])
22.5801 	EXP 	unnamed Rect: pos = array([-43.08276412, -63.33268019])
22.5968 	EXP 	unnamed Rect: pos = array([-43.08276412, -63.33268019])
22.6137 	EXP 	unnamed Rect: pos = array([-43.08276412, -63.33268019])
22.6309 	EXP 	unnamed Rect: pos = array([-43.08276412, -63.33268019])
22.6318 	DATA 	Keypress: up
22.6469 	EXP 	unnamed Rect: pos = array([-43.08276412, -53.33268019])
22.6634 	EXP 	unnamed Rect: pos = array([-43.08276412, -53.33268019])
22.6807 	EXP 	unnamed Rect: pos = array([-43.08276412, -53.33268019])
22.6968 	EXP 	unnamed Rect: pos = array([-43.08276412, -53.33268019])
22.7152 	EXP 	unnamed Rect: pos = array([-43.08276412, -53.33268019])
22.7303 	EXP 	unnamed Rect: pos = array([-43.08276412, -53.33268019])
22.7471 	EXP 	unnamed Rect: pos = array([-43.08276412, -53.33268019])
22.7638 	EXP 	unnamed Rect: pos = array([-43.08276412, -53.33268019])
22.7801 	EXP 	unnamed Rect: pos = array([-43.08276412, -53.33268019])
22.7838 	DATA 	Keypress: up
22.7979 	EXP 	unnamed Rect: pos = array([-43.08276412, -53.33268019])
22.8135 	EXP 	unnamed Rect: pos = array([-43.08276412, -43.33268019])
22.8302 	EXP 	unnamed Rect: pos = array([-43.08276412, -43.33268019])
22.8469 	EXP 	unnamed Rect: pos = array([-43.08276412, -43.33268019])
22.8636 	EXP 	unnamed Rect: pos = array([-43.08276412, -43.33268019])
22.8812 	EXP 	unnamed Rect: pos = array([-43.08276412, -43.33268019])
22.8970 	EXP 	unnamed Rect: pos = array([-43.08276412, -43.33268019])
22.9134 	EXP 	unnamed Rect: pos = array([-43.08276412, -43.33268019])
22.9300 	EXP 	unnamed Rect: pos = array([-43.08276412, -43.33268019])
22.9474 	EXP 	unnamed Rect: pos = array([-43.08276412, -43.33268019])
22.9482 	DATA 	Keypress: up
22.9645 	EXP 	unnamed Rect: pos = array([-43.08276412, -33.33268019])
22.9799 	EXP 	unnamed Rect: pos = array([-43.08276412, -33.33268019])
22.9968 	EXP 	unnamed Rect: pos = array([-43.08276412, -33.33268019])
23.0136 	EXP 	unnamed Rect: pos = array([-43.08276412, -33.33268019])
23.0309 	EXP 	unnamed Rect: pos = array([-43.08276412, -33.33268019])
23.0473 	EXP 	unnamed Rect: pos = array([-43.08276412, -33.33268019])
23.0635 	EXP 	unnamed Rect: pos = array([-43.08276412, -33.33268019])
23.0802 	EXP 	unnamed Rect: pos = array([-43.08276412, -33.33268019])
23.0972 	EXP 	unnamed Rect: pos = array([-43.08276412, -33.33268019])
23.1139 	EXP 	unnamed Rect: pos = array([-43.08276412, -33.33268019])
23.1146 	DATA 	Keypress: up
23.1309 	EXP 	unnamed Rect: pos = array([-43.08276412, -23.33268019])
23.1470 	EXP 	unnamed Rect: pos = array([-43.08276412, -23.33268019])
23.1633 	EXP 	unnamed Rect: pos = array([-43.08276412, -23.33268019])
23.1801 	EXP 	unnamed Rect: pos = array([-43.08276412, -23.33268019])
23.1971 	EXP 	unnamed Rect: pos = array([-43.08276412, -23.33268019])
23.2139 	EXP 	unnamed Rect: pos = array([-43.08276412, -23.33268019])
23.2302 	EXP 	unnamed Rect: pos = array([-43.08276412, -23.33268019])
23.2471 	EXP 	unnamed Rect: pos = array([-43.08276412, -23.33268019])
23.2635 	EXP 	unnamed Rect: pos = array([-43.08276412, -23.33268019])
23.2807 	EXP 	unnamed Rect: pos = array([-43.08276412, -23.33268019])
23.2971 	EXP 	unnamed Rect: pos = array([-43.08276412, -23.33268019])
23.2981 	DATA 	Keypress: up
23.3138 	EXP 	unnamed Rect: pos = array([-43.08276412, -13.33268019])
23.3301 	EXP 	unnamed Rect: pos = array([-43.08276412, -13.33268019])
23.3472 	EXP 	unnamed Rect: pos = array([-43.08276412, -13.33268019])
23.3642 	EXP 	unnamed Rect: pos = array([-43.08276412, -13.33268019])
23.3801 	EXP 	unnamed Rect: pos = array([-43.08276412, -13.33268019])
23.3970 	EXP 	unnamed Rect: pos = array([-43.08276412, -13.33268019])
23.4136 	EXP 	unnamed Rect: pos = array([-43.08276412, -13.33268019])
23.4303 	EXP 	unnamed Rect: pos = array([-43.08276412, -13.33268019])
23.4474 	EXP 	unnamed Rect: pos = array([-43.08276412, -13.33268019])
23.4482 	DATA 	Keypress: up
23.4636 	EXP 	unnamed Rect: pos = array([-43.08276412,  -3.33268019])
23.4803 	EXP 	unnamed Rect: pos = array([-43.08276412,  -3.33268019])
23.4968 	EXP 	unnamed Rect: pos = array([-43.08276412,  -3.33268019])
23.5138 	EXP 	unnamed Rect: pos = array([-43.08276412,  -3.33268019])
23.5306 	EXP 	unnamed Rect: pos = array([-43.08276412,  -3.33268019])
23.5471 	EXP 	unnamed Rect: pos = array([-43.08276412,  -3.33268019])
23.5635 	EXP 	unnamed Rect: pos = array([-43.08276412,  -3.33268019])
23.5806 	EXP 	unnamed Rect: pos = array([-43.08276412,  -3.33268019])
23.5970 	EXP 	unnamed Rect: pos = array([-43.08276412,  -3.33268019])
23.6135 	EXP 	unnamed Rect: pos = array([-43.08276412,  -3.33268019])
23.6178 	DATA 	Keypress: up
23.6314 	EXP 	unnamed Rect: pos = array([-43.08276412,  -3.33268019])
23.6470 	EXP 	unnamed Rect: pos = array([-43.08276412,   6.66731981])
23.6639 	EXP 	unnamed Rect: pos = array([-43.08276412,   6.66731981])
23.6803 	EXP 	unnamed Rect: pos = array([-43.08276412,   6.66731981])
23.6977 	EXP 	unnamed Rect: pos = array([-43.08276412,   6.66731981])
23.7135 	EXP 	unnamed Rect: pos = array([-43.08276412,   6.66731981])
23.7301 	EXP 	unnamed Rect: pos = array([-43.08276412,   6.66731981])
23.7469 	EXP 	unnamed Rect: pos = array([-43.08276412,   6.66731981])
23.7635 	EXP 	unnamed Rect: pos = array([-43.08276412,   6.66731981])
23.7802 	EXP 	unnamed Rect: pos = array([-43.08276412,   6.66731981])
23.7811 	DATA 	Keypress: up
23.7979 	EXP 	unnamed Rect: pos = array([-43.08276412,  16.66731981])
23.8135 	EXP 	unnamed Rect: pos = array([-43.08276412,  16.66731981])
23.8301 	EXP 	unnamed Rect: pos = array([-43.08276412,  16.66731981])
23.8468 	EXP 	unnamed Rect: pos = array([-43.08276412,  16.66731981])
23.8635 	EXP 	unnamed Rect: pos = array([-43.08276412,  16.66731981])
23.8807 	EXP 	unnamed Rect: pos = array([-43.08276412,  16.66731981])
23.8968 	EXP 	unnamed Rect: pos = array([-43.08276412,  16.66731981])
23.9134 	EXP 	unnamed Rect: pos = array([-43.08276412,  16.66731981])
23.9301 	EXP 	unnamed Rect: pos = array([-43.08276412,  16.66731981])
23.9469 	EXP 	unnamed Rect: pos = array([-43.08276412,  16.66731981])
23.9647 	EXP 	unnamed Rect: pos = array([-43.08276412,  16.66731981])
23.9656 	DATA 	Keypress: right
23.9802 	EXP 	unnamed Rect: pos = array([-33.08276412,  16.66731981])
23.9968 	EXP 	unnamed Rect: pos = array([-33.08276412,  16.66731981])
24.0135 	EXP 	unnamed Rect: pos = array([-33.08276412,  16.66731981])
24.0304 	EXP 	unnamed Rect: pos = array([-33.08276412,  16.66731981])
24.0474 	EXP 	unnamed Rect: pos = array([-33.08276412,  16.66731981])
24.0633 	EXP 	unnamed Rect: pos = array([-33.08276412,  16.66731981])
24.0801 	EXP 	unnamed Rect: pos = array([-33.08276412,  16.66731981])
24.0968 	EXP 	unnamed Rect: pos = array([-33.08276412,  16.66731981])
24.1134 	EXP 	unnamed Rect: pos = array([-33.08276412,  16.66731981])
24.1306 	EXP 	unnamed Rect: pos = array([-33.08276412,  16.66731981])
24.1319 	DATA 	Keypress: right
24.1479 	EXP 	unnamed Rect: pos = array([-23.08276412,  16.66731981])
24.1635 	EXP 	unnamed Rect: pos = array([-23.08276412,  16.66731981])
24.1801 	EXP 	unnamed Rect: pos = array([-23.08276412,  16.66731981])
24.1976 	EXP 	unnamed Rect: pos = array([-23.08276412,  16.66731981])
24.2135 	EXP 	unnamed Rect: pos = array([-23.08276412,  16.66731981])
24.2304 	EXP 	unnamed Rect: pos = array([-23.08276412,  16.66731981])
24.2468 	EXP 	unnamed Rect: pos = array([-23.08276412,  16.66731981])
24.2638 	EXP 	unnamed Rect: pos = array([-23.08276412,  16.66731981])
24.2806 	EXP 	unnamed Rect: pos = array([-23.08276412,  16.66731981])
24.2974 	EXP 	unnamed Rect: pos = array([-23.08276412,  16.66731981])
24.2983 	DATA 	Keypress: right
24.3138 	EXP 	unnamed Rect: pos = array([-13.08276412,  16.66731981])
24.3302 	EXP 	unnamed Rect: pos = array([-13.08276412,  16.66731981])
24.3471 	EXP 	unnamed Rect: pos = array([-13.08276412,  16.66731981])
24.3643 	EXP 	unnamed Rect: pos = array([-13.08276412,  16.66731981])
24.3803 	EXP 	unnamed Rect: pos = array([-13.08276412,  16.66731981])
24.3971 	EXP 	unnamed Rect: pos = array([-13.08276412,  16.66731981])
24.4136 	EXP 	unnamed Rect: pos = array([-13.08276412,  16.66731981])
24.4302 	EXP 	unnamed Rect: pos = array([-13.08276412,  16.66731981])
24.4473 	EXP 	unnamed Rect: pos = array([-13.08276412,  16.66731981])
24.4639 	EXP 	unnamed Rect: pos = array([-13.08276412,  16.66731981])
24.4680 	DATA 	Keypress: right
24.4812 	EXP 	unnamed Rect: pos = array([-13.08276412,  16.66731981])
24.4969 	EXP 	unnamed Rect: pos = array([-3.08276412, 16.66731981])
24.5137 	EXP 	unnamed Rect: pos = array([-3.08276412, 16.66731981])
24.5307 	EXP 	unnamed Rect: pos = array([-3.08276412, 16.66731981])
24.5479 	EXP 	unnamed Rect: pos = array([-3.08276412, 16.66731981])
24.5635 	EXP 	unnamed Rect: pos = array([-3.08276412, 16.66731981])
24.5804 	EXP 	unnamed Rect: pos = array([-3.08276412, 16.66731981])
24.5971 	EXP 	unnamed Rect: pos = array([-3.08276412, 16.66731981])
24.6134 	EXP 	unnamed Rect: pos = array([-3.08276412, 16.66731981])
24.6304 	EXP 	unnamed Rect: pos = array([-3.08276412, 16.66731981])
24.6313 	DATA 	Keypress: right
24.6478 	EXP 	unnamed Rect: pos = array([ 6.91723588, 16.66731981])
24.6637 	EXP 	unnamed Rect: pos = array([ 6.91723588, 16.66731981])
24.6802 	EXP 	unnamed Rect: pos = array([ 6.91723588, 16.66731981])
24.6967 	EXP 	unnamed Rect: pos = array([ 6.91723588, 16.66731981])
24.7148 	EXP 	unnamed Rect: pos = array([ 6.91723588, 16.66731981])
24.7304 	EXP 	unnamed Rect: pos = array([ 6.91723588, 16.66731981])
24.7469 	EXP 	unnamed Rect: pos = array([ 6.91723588, 16.66731981])
24.7634 	EXP 	unnamed Rect: pos = array([ 6.91723588, 16.66731981])
24.7801 	EXP 	unnamed Rect: pos = array([ 6.91723588, 16.66731981])
24.7971 	EXP 	unnamed Rect: pos = array([ 6.91723588, 16.66731981])
24.7980 	DATA 	Keypress: right
24.8133 	EXP 	unnamed Rect: pos = array([16.91723588, 16.66731981])
24.8303 	EXP 	unnamed Rect: pos = array([16.91723588, 16.66731981])
24.8468 	EXP 	unnamed Rect: pos = array([16.91723588, 16.66731981])
24.8634 	EXP 	unnamed Rect: pos = array([16.91723588, 16.66731981])
24.8806 	EXP 	unnamed Rect: pos = array([16.91723588, 16.66731981])
24.8975 	EXP 	unnamed Rect: pos = array([16.91723588, 16.66731981])
24.9136 	EXP 	unnamed Rect: pos = array([16.91723588, 16.66731981])
24.9301 	EXP 	unnamed Rect: pos = array([16.91723588, 16.66731981])
24.9471 	EXP 	unnamed Rect: pos = array([16.91723588, 16.66731981])
24.9639 	EXP 	unnamed Rect: pos = array([16.91723588, 16.66731981])
24.9648 	DATA 	Keypress: right
24.9804 	EXP 	unnamed Rect: pos = array([26.91723588, 16.66731981])
24.9970 	EXP 	unnamed Rect: pos = array([26.91723588, 16.66731981])
25.0138 	EXP 	unnamed Rect: pos = array([26.91723588, 16.66731981])
25.0301 	EXP 	unnamed Rect: pos = array([26.91723588, 16.66731981])
25.0473 	EXP 	unnamed Rect: pos = array([26.91723588, 16.66731981])
25.0642 	EXP 	unnamed Rect: pos = array([26.91723588, 16.66731981])
25.0802 	EXP 	unnamed Rect: pos = array([26.91723588, 16.66731981])
25.0970 	EXP 	unnamed Rect: pos = array([26.91723588, 16.66731981])
25.1136 	EXP 	unnamed Rect: pos = array([26.91723588, 16.66731981])
25.1308 	EXP 	unnamed Rect: pos = array([26.91723588, 16.66731981])
25.1318 	DATA 	Keypress: right
25.1472 	EXP 	unnamed Rect: pos = array([36.91723588, 16.66731981])
25.1638 	EXP 	unnamed Rect: pos = array([36.91723588, 16.66731981])
25.1801 	EXP 	unnamed Rect: pos = array([36.91723588, 16.66731981])
25.1970 	EXP 	unnamed Rect: pos = array([36.91723588, 16.66731981])
25.2139 	EXP 	unnamed Rect: pos = array([36.91723588, 16.66731981])
25.2302 	EXP 	unnamed Rect: pos = array([36.91723588, 16.66731981])
25.2469 	EXP 	unnamed Rect: pos = array([36.91723588, 16.66731981])
25.2635 	EXP 	unnamed Rect: pos = array([36.91723588, 16.66731981])
25.2801 	EXP 	unnamed Rect: pos = array([36.91723588, 16.66731981])
25.2974 	EXP 	unnamed Rect: pos = array([36.91723588, 16.66731981])
25.2983 	DATA 	Keypress: right
25.3143 	EXP 	unnamed Rect: pos = array([46.91723588, 16.66731981])
25.3302 	EXP 	unnamed Rect: pos = array([46.91723588, 16.66731981])
25.3468 	EXP 	unnamed Rect: pos = array([46.91723588, 16.66731981])
25.3636 	EXP 	unnamed Rect: pos = array([46.91723588, 16.66731981])
25.3809 	EXP 	unnamed Rect: pos = array([46.91723588, 16.66731981])
25.3976 	EXP 	unnamed Rect: pos = array([46.91723588, 16.66731981])
25.4135 	EXP 	unnamed Rect: pos = array([46.91723588, 16.66731981])
25.4304 	EXP 	unnamed Rect: pos = array([46.91723588, 16.66731981])
25.4472 	EXP 	unnamed Rect: pos = array([46.91723588, 16.66731981])
25.4641 	EXP 	unnamed Rect: pos = array([46.91723588, 16.66731981])
25.4650 	DATA 	Keypress: right
25.4803 	EXP 	unnamed Rect: pos = array([56.91723588, 16.66731981])
25.4971 	EXP 	unnamed Rect: pos = array([56.91723588, 16.66731981])
25.5136 	EXP 	unnamed Rect: pos = array([56.91723588, 16.66731981])
25.5303 	EXP 	unnamed Rect: pos = array([56.91723588, 16.66731981])
25.5469 	EXP 	unnamed Rect: pos = array([56.91723588, 16.66731981])
25.5648 	EXP 	unnamed Rect: pos = array([56.91723588, 16.66731981])
25.5803 	EXP 	unnamed Rect: pos = array([56.91723588, 16.66731981])
25.5971 	EXP 	unnamed Rect: pos = array([56.91723588, 16.66731981])
25.6139 	EXP 	unnamed Rect: pos = array([56.91723588, 16.66731981])
25.6176 	DATA 	Keypress: right
25.6311 	EXP 	unnamed Rect: pos = array([56.91723588, 16.66731981])
25.6468 	EXP 	unnamed Rect: pos = array([66.91723588, 16.66731981])
25.6635 	EXP 	unnamed Rect: pos = array([66.91723588, 16.66731981])
25.6800 	EXP 	unnamed Rect: pos = array([66.91723588, 16.66731981])
25.6971 	EXP 	unnamed Rect: pos = array([66.91723588, 16.66731981])
25.7143 	EXP 	unnamed Rect: pos = array([66.91723588, 16.66731981])
25.7304 	EXP 	unnamed Rect: pos = array([66.91723588, 16.66731981])
25.7469 	EXP 	unnamed Rect: pos = array([66.91723588, 16.66731981])
25.7637 	EXP 	unnamed Rect: pos = array([66.91723588, 16.66731981])
25.7801 	EXP 	unnamed Rect: pos = array([66.91723588, 16.66731981])
25.7839 	DATA 	Keypress: right
25.7979 	EXP 	unnamed Rect: pos = array([66.91723588, 16.66731981])
25.8134 	EXP 	unnamed Rect: pos = array([76.91723588, 16.66731981])
25.8301 	EXP 	unnamed Rect: pos = array([76.91723588, 16.66731981])
25.8470 	EXP 	unnamed Rect: pos = array([76.91723588, 16.66731981])
25.8638 	EXP 	unnamed Rect: pos = array([76.91723588, 16.66731981])
25.8806 	EXP 	unnamed Rect: pos = array([76.91723588, 16.66731981])
25.8968 	EXP 	unnamed Rect: pos = array([76.91723588, 16.66731981])
25.9134 	EXP 	unnamed Rect: pos = array([76.91723588, 16.66731981])
25.9300 	EXP 	unnamed Rect: pos = array([76.91723588, 16.66731981])
25.9468 	EXP 	unnamed Rect: pos = array([76.91723588, 16.66731981])
25.9635 	EXP 	unnamed Rect: pos = array([76.91723588, 16.66731981])
25.9679 	DATA 	Keypress: down
25.9811 	EXP 	unnamed Rect: pos = array([76.91723588, 16.66731981])
25.9971 	EXP 	unnamed Rect: pos = array([76.91723588,  6.66731981])
26.0137 	EXP 	unnamed Rect: pos = array([76.91723588,  6.66731981])
26.0311 	EXP 	unnamed Rect: pos = array([76.91723588,  6.66731981])
26.0471 	EXP 	unnamed Rect: pos = array([76.91723588,  6.66731981])
26.0645 	EXP 	unnamed Rect: pos = array([76.91723588,  6.66731981])
26.0801 	EXP 	unnamed Rect: pos = array([76.91723588,  6.66731981])
26.0968 	EXP 	unnamed Rect: pos = array([76.91723588,  6.66731981])
26.1134 	EXP 	unnamed Rect: pos = array([76.91723588,  6.66731981])
26.1304 	EXP 	unnamed Rect: pos = array([76.91723588,  6.66731981])
26.1478 	EXP 	unnamed Rect: pos = array([76.91723588,  6.66731981])
26.1487 	DATA 	Keypress: down
26.1635 	EXP 	unnamed Rect: pos = array([76.91723588, -3.33268019])
26.1801 	EXP 	unnamed Rect: pos = array([76.91723588, -3.33268019])
26.1967 	EXP 	unnamed Rect: pos = array([76.91723588, -3.33268019])
26.2134 	EXP 	unnamed Rect: pos = array([76.91723588, -3.33268019])
26.2308 	EXP 	unnamed Rect: pos = array([76.91723588, -3.33268019])
26.2471 	EXP 	unnamed Rect: pos = array([76.91723588, -3.33268019])
26.2638 	EXP 	unnamed Rect: pos = array([76.91723588, -3.33268019])
26.2802 	EXP 	unnamed Rect: pos = array([76.91723588, -3.33268019])
26.2974 	EXP 	unnamed Rect: pos = array([76.91723588, -3.33268019])
26.3139 	EXP 	unnamed Rect: pos = array([76.91723588, -3.33268019])
26.3316 	EXP 	unnamed Rect: pos = array([76.91723588, -3.33268019])
26.3325 	DATA 	Keypress: down
26.3478 	EXP 	unnamed Rect: pos = array([ 76.91723588, -13.33268019])
26.3635 	EXP 	unnamed Rect: pos = array([ 76.91723588, -13.33268019])
26.3805 	EXP 	unnamed Rect: pos = array([ 76.91723588, -13.33268019])
26.3979 	EXP 	unnamed Rect: pos = array([ 76.91723588, -13.33268019])
26.4133 	EXP 	unnamed Rect: pos = array([ 76.91723588, -13.33268019])
26.4303 	EXP 	unnamed Rect: pos = array([ 76.91723588, -13.33268019])
26.4468 	EXP 	unnamed Rect: pos = array([ 76.91723588, -13.33268019])
26.4634 	EXP 	unnamed Rect: pos = array([ 76.91723588, -13.33268019])
26.4804 	EXP 	unnamed Rect: pos = array([ 76.91723588, -13.33268019])
26.4969 	EXP 	unnamed Rect: pos = array([ 76.91723588, -13.33268019])
26.5134 	EXP 	unnamed Rect: pos = array([ 76.91723588, -13.33268019])
26.5305 	EXP 	unnamed Rect: pos = array([ 76.91723588, -13.33268019])
26.5470 	EXP 	unnamed Rect: pos = array([ 76.91723588, -13.33268019])
26.5641 	EXP 	unnamed Rect: pos = array([ 76.91723588, -13.33268019])
26.5805 	EXP 	unnamed Rect: pos = array([ 76.91723588, -13.33268019])
26.5969 	EXP 	unnamed Rect: pos = array([ 76.91723588, -13.33268019])
26.6141 	EXP 	unnamed Rect: pos = array([ 76.91723588, -13.33268019])
26.6151 	DATA 	Keypress: down
26.6302 	EXP 	unnamed Rect: pos = array([ 76.91723588, -23.33268019])
26.6472 	EXP 	unnamed Rect: pos = array([ 76.91723588, -23.33268019])
26.6645 	EXP 	unnamed Rect: pos = array([ 76.91723588, -23.33268019])
26.6801 	EXP 	unnamed Rect: pos = array([ 76.91723588, -23.33268019])
26.6968 	EXP 	unnamed Rect: pos = array([ 76.91723588, -23.33268019])
26.7135 	EXP 	unnamed Rect: pos = array([ 76.91723588, -23.33268019])
26.7302 	EXP 	unnamed Rect: pos = array([ 76.91723588, -23.33268019])
26.7471 	EXP 	unnamed Rect: pos = array([ 76.91723588, -23.33268019])
26.7637 	EXP 	unnamed Rect: pos = array([ 76.91723588, -23.33268019])
26.7806 	EXP 	unnamed Rect: pos = array([ 76.91723588, -23.33268019])
26.7970 	EXP 	unnamed Rect: pos = array([ 76.91723588, -23.33268019])
26.8135 	EXP 	unnamed Rect: pos = array([ 76.91723588, -23.33268019])
26.8309 	EXP 	unnamed Rect: pos = array([ 76.91723588, -23.33268019])
26.8470 	EXP 	unnamed Rect: pos = array([ 76.91723588, -23.33268019])
26.8637 	EXP 	unnamed Rect: pos = array([ 76.91723588, -23.33268019])
26.8805 	EXP 	unnamed Rect: pos = array([ 76.91723588, -23.33268019])
26.8976 	EXP 	unnamed Rect: pos = array([ 76.91723588, -23.33268019])
26.8986 	DATA 	Keypress: left
26.9135 	EXP 	unnamed Rect: pos = array([ 66.91723588, -23.33268019])
26.9300 	EXP 	unnamed Rect: pos = array([ 66.91723588, -23.33268019])
26.9470 	EXP 	unnamed Rect: pos = array([ 66.91723588, -23.33268019])
26.9635 	EXP 	unnamed Rect: pos = array([ 66.91723588, -23.33268019])
26.9805 	EXP 	unnamed Rect: pos = array([ 66.91723588, -23.33268019])
26.9980 	EXP 	unnamed Rect: pos = array([ 66.91723588, -23.33268019])
27.0136 	EXP 	unnamed Rect: pos = array([ 66.91723588, -23.33268019])
27.0301 	EXP 	unnamed Rect: pos = array([ 66.91723588, -23.33268019])
27.0473 	EXP 	unnamed Rect: pos = array([ 66.91723588, -23.33268019])
27.0642 	EXP 	unnamed Rect: pos = array([ 66.91723588, -23.33268019])
27.0803 	EXP 	unnamed Rect: pos = array([ 66.91723588, -23.33268019])
27.0968 	EXP 	unnamed Rect: pos = array([ 66.91723588, -23.33268019])
27.1138 	EXP 	unnamed Rect: pos = array([ 66.91723588, -23.33268019])
27.1307 	EXP 	unnamed Rect: pos = array([ 66.91723588, -23.33268019])
27.1351 	DATA 	Keypress: left
27.1480 	EXP 	unnamed Rect: pos = array([ 66.91723588, -23.33268019])
27.1637 	EXP 	unnamed Rect: pos = array([ 56.91723588, -23.33268019])
27.1800 	EXP 	unnamed Rect: pos = array([ 56.91723588, -23.33268019])
27.1968 	EXP 	unnamed Rect: pos = array([ 56.91723588, -23.33268019])
27.2144 	EXP 	unnamed Rect: pos = array([ 56.91723588, -23.33268019])
27.2303 	EXP 	unnamed Rect: pos = array([ 56.91723588, -23.33268019])
27.2470 	EXP 	unnamed Rect: pos = array([ 56.91723588, -23.33268019])
27.2637 	EXP 	unnamed Rect: pos = array([ 56.91723588, -23.33268019])
27.2803 	EXP 	unnamed Rect: pos = array([ 56.91723588, -23.33268019])
27.2968 	EXP 	unnamed Rect: pos = array([ 56.91723588, -23.33268019])
27.3138 	EXP 	unnamed Rect: pos = array([ 56.91723588, -23.33268019])
27.3178 	DATA 	Keypress: left
27.3313 	EXP 	unnamed Rect: pos = array([ 56.91723588, -23.33268019])
27.3468 	EXP 	unnamed Rect: pos = array([ 46.91723588, -23.33268019])
27.3635 	EXP 	unnamed Rect: pos = array([ 46.91723588, -23.33268019])
27.3802 	EXP 	unnamed Rect: pos = array([ 46.91723588, -23.33268019])
27.3973 	EXP 	unnamed Rect: pos = array([ 46.91723588, -23.33268019])
27.4138 	EXP 	unnamed Rect: pos = array([ 46.91723588, -23.33268019])
27.4302 	EXP 	unnamed Rect: pos = array([ 46.91723588, -23.33268019])
27.4469 	EXP 	unnamed Rect: pos = array([ 46.91723588, -23.33268019])
27.4638 	EXP 	unnamed Rect: pos = array([ 46.91723588, -23.33268019])
27.4801 	EXP 	unnamed Rect: pos = array([ 46.91723588, -23.33268019])
27.4968 	EXP 	unnamed Rect: pos = array([ 46.91723588, -23.33268019])
27.5140 	EXP 	unnamed Rect: pos = array([ 46.91723588, -23.33268019])
27.5183 	DATA 	Keypress: down
27.5313 	EXP 	unnamed Rect: pos = array([ 46.91723588, -23.33268019])
27.5470 	EXP 	unnamed Rect: pos = array([ 46.91723588, -33.33268019])
27.5635 	EXP 	unnamed Rect: pos = array([ 46.91723588, -33.33268019])
27.5805 	EXP 	unnamed Rect: pos = array([ 46.91723588, -33.33268019])
27.5978 	EXP 	unnamed Rect: pos = array([ 46.91723588, -33.33268019])
27.6136 	EXP 	unnamed Rect: pos = array([ 46.91723588, -33.33268019])
27.6301 	EXP 	unnamed Rect: pos = array([ 46.91723588, -33.33268019])
27.6467 	EXP 	unnamed Rect: pos = array([ 46.91723588, -33.33268019])
27.6635 	EXP 	unnamed Rect: pos = array([ 46.91723588, -33.33268019])
27.6802 	EXP 	unnamed Rect: pos = array([ 46.91723588, -33.33268019])
27.6968 	EXP 	unnamed Rect: pos = array([ 46.91723588, -33.33268019])
27.7138 	EXP 	unnamed Rect: pos = array([ 46.91723588, -33.33268019])
27.7147 	DATA 	Keypress: down
27.7309 	EXP 	unnamed Rect: pos = array([ 46.91723588, -43.33268019])
27.7468 	EXP 	unnamed Rect: pos = array([ 46.91723588, -43.33268019])
27.7635 	EXP 	unnamed Rect: pos = array([ 46.91723588, -43.33268019])
27.7801 	EXP 	unnamed Rect: pos = array([ 46.91723588, -43.33268019])
27.7973 	EXP 	unnamed Rect: pos = array([ 46.91723588, -43.33268019])
27.8141 	EXP 	unnamed Rect: pos = array([ 46.91723588, -43.33268019])
27.8302 	EXP 	unnamed Rect: pos = array([ 46.91723588, -43.33268019])
27.8469 	EXP 	unnamed Rect: pos = array([ 46.91723588, -43.33268019])
27.8637 	EXP 	unnamed Rect: pos = array([ 46.91723588, -43.33268019])
27.8803 	EXP 	unnamed Rect: pos = array([ 46.91723588, -43.33268019])
27.8970 	EXP 	unnamed Rect: pos = array([ 46.91723588, -43.33268019])
27.9135 	EXP 	unnamed Rect: pos = array([ 46.91723588, -43.33268019])
27.9176 	DATA 	Keypress: down
27.9310 	EXP 	unnamed Rect: pos = array([ 46.91723588, -43.33268019])
27.9473 	EXP 	unnamed Rect: pos = array([ 46.91723588, -53.33268019])
27.9637 	EXP 	unnamed Rect: pos = array([ 46.91723588, -53.33268019])
27.9811 	EXP 	unnamed Rect: pos = array([ 46.91723588, -53.33268019])
27.9969 	EXP 	unnamed Rect: pos = array([ 46.91723588, -53.33268019])
28.0137 	EXP 	unnamed Rect: pos = array([ 46.91723588, -53.33268019])
28.0303 	EXP 	unnamed Rect: pos = array([ 46.91723588, -53.33268019])
28.0472 	EXP 	unnamed Rect: pos = array([ 46.91723588, -53.33268019])
28.0634 	EXP 	unnamed Rect: pos = array([ 46.91723588, -53.33268019])
28.0804 	EXP 	text: autoDraw = True
28.0993 	DATA 	Keypress: down
28.3177 	DATA 	Keypress: down
31.0648 	EXP 	New trial (rep=1, index=0): None
31.0804 	EXP 	text: autoDraw = False
31.0804 	EXP 	text: autoDraw = False
31.0804 	EXP 	Welcometext: autoDraw = True
35.1358 	DATA 	Keypress: v
35.5847 	DATA 	Keypress: v
37.3144 	DATA 	Keypress: escape
37.4944 	EXP 	window1: mouseVisible = True
