0.5223 	WARNING 	We strongly recommend you activate the PTB sound engine in PsychoPy prefs as the preferred audio engine. Its timing is vastly superior. Your prefs are currently set to use ['sounddevice', 'PTB', 'pyo', 'pygame'] (in that order).
4.3535 	ERROR 	'-1.0000, -1.0000, -1.0000' is not a valid rgb color
4.9257 	EXP 	Created window1 = Window(allowGUI=False, allowStencil=False, autoLog=True, backendConf=UNKNOWN, bitsMode=UNKNOWN, blendMode='avg', bpc=(8, 8, 8), color=array([0, 0, 0]), colorSpace='rgb', depthBits=8, fullscr=<method-wrapper '__getattribute__' of attributeSetter object at 0x7fd8f4acfa20>, gamma=None, gammaErrorPolicy='raise', lms=UNKNOWN, monitor=<psychopy.monitors.calibTools.Monitor object at 0x7fd8f3e88048>, multiSample=False, name='window1', numSamples=2, pos=[360.0, 225.0], screen=0, size=array([2880, 1800]), stencilBits=0, stereo=False, units='height', useFBO=True, useRetina=True, viewOri=0.0, viewPos=None, viewScale=None, waitBlanking=True, winType='pyglet')
4.9261 	EXP 	window1: mouseVisible = True
4.9262 	EXP 	window1: recordFrameIntervals = False
5.0916 	EXP 	window1: recordFrameIntervals = True
5.2755 	EXP 	window1: recordFrameIntervals = False
5.8642 	DEPRECATION 	'1.0000, 1.0000, 1.0000' is not a valid rgb color
5.8922 	EXP 	Created Welcometext = TextStim(__class__=<class 'psychopy.visual.text.TextStim'>, alignHoriz=method-wrapper(...), alignText='center', alignVert=method-wrapper(...), anchorHoriz='center', anchorVert='center', antialias=True, autoLog=True, bold=False, color=array([0., 0., 0.]), colorSpace='rgb', contrast=1.0, depth=0.0, flipHoriz=False, flipVert=False, font='Open Sans', fontFiles=[], height=0.05, italic=False, languageStyle='LTR', name='Welcometext', opacity=0, ori=0.0, pos=array([0., 0.]), rgb=UNKNOWN, text='Welcome\nPlease press Spacebar to start', units='height', win=Window(...), wrapWidth=1)
6.2401 	EXP 	Created text = TextStim(__class__=<class 'psychopy.visual.text.TextStim'>, alignHoriz=method-wrapper(...), alignText='center', alignVert=method-wrapper(...), anchorHoriz='center', anchorVert='center', antialias=True, autoLog=True, bold=False, color=array([1., 1., 1.]), colorSpace='rgb', contrast=1.0, depth=0.0, flipHoriz=False, flipVert=False, font='Open Sans', fontFiles=[], height=0.05, italic=False, languageStyle='LTR', name='text', opacity=1, ori=0.0, pos=array([0., 0.]), rgb=UNKNOWN, text=str(...), units='height', win=Window(...), wrapWidth=1)
6.2406 	EXP 	Created sequence: random, trialTypes=1, nReps=5, seed=None
6.2408 	EXP 	New trial (rep=0, index=0): None
6.2471 	EXP 	Welcometext: autoDraw = True
12.6978 	EXP 	Created unnamed Rect = Rect(__class__=<class 'psychopy.visual.rect.Rect'>, autoDraw=False, autoLog=True, closeShape=True, color=method-wrapper(...), colorSpace='rgb', contrast=None, depth=0, fillColor=array([ 1, -1, -1]), fillColorSpace='rgb', fillRGB=array([ 1, -1, -1]), interpolate=True, lineColor=array([-1., -1.,  1.]), lineColorSpace='rgb', lineRGB=array([-1, -1,  1]), lineWidth=1.5, name='unnamed Rect', opacity=1, ori=0.0, pos=array([0., 0.]), size=array([1000.,  700.]), units='pix', vertices=ndarray(...), win=Window(...))
12.7004 	EXP 	Created unnamed Rect = Rect(__class__=<class 'psychopy.visual.rect.Rect'>, autoDraw=False, autoLog=True, closeShape=True, color=method-wrapper(...), colorSpace='rgb', contrast=None, depth=0, fillColor=array([-1, -1, -1]), fillColorSpace='rgb', fillRGB=array([-1, -1, -1]), interpolate=True, lineColor=array([-1., -1.,  1.]), lineColorSpace='rgb', lineRGB=array([-1, -1,  1]), lineWidth=1.5, name='unnamed Rect', opacity=1, ori=0.0, pos=array([0., 0.]), size=array([400., 600.]), units='pix', vertices=ndarray(...), win=Window(...))
12.7027 	EXP 	Created unnamed Rect = Rect(__class__=<class 'psychopy.visual.rect.Rect'>, autoDraw=False, autoLog=True, closeShape=True, color=method-wrapper(...), colorSpace='rgb', contrast=None, depth=0, fillColor=array([-1, -1, -1]), fillColorSpace='rgb', fillRGB=array([-1, -1, -1]), interpolate=True, lineColor=array([-1., -1.,  1.]), lineColorSpace='rgb', lineRGB=array([-1, -1,  1]), lineWidth=1.5, name='unnamed Rect', opacity=1, ori=0.0, pos=array([0., 0.]), size=array([400., 600.]), units='pix', vertices=ndarray(...), win=Window(...))
12.7056 	EXP 	Created unnamed Rect = Rect(__class__=<class 'psychopy.visual.rect.Rect'>, autoDraw=False, autoLog=True, closeShape=True, color=method-wrapper(...), colorSpace='rgb', contrast=None, depth=0, fillColor=array([ 1,  1, -1]), fillColorSpace='rgb', fillRGB=array([ 1,  1, -1]), interpolate=True, lineColor=array([0., 0., 0.]), lineColorSpace='rgb', lineRGB=array([0, 0, 0]), lineWidth=1.5, name='unnamed Rect', opacity=0.5, ori=0.0, pos=array([0., 0.]), size=array([30., 30.]), units='pix', vertices=ndarray(...), win=Window(...))
12.7084 	EXP 	Created unnamed Rect = Rect(__class__=<class 'psychopy.visual.rect.Rect'>, autoDraw=False, autoLog=True, closeShape=True, color=method-wrapper(...), colorSpace='rgb', contrast=None, depth=0, fillColor=array([ 1,  1, -1]), fillColorSpace='rgb', fillRGB=array([ 1,  1, -1]), interpolate=True, lineColor=array([0., 0., 0.]), lineColorSpace='rgb', lineRGB=array([0, 0, 0]), lineWidth=1.5, name='unnamed Rect', opacity=0.5, ori=0.0, pos=array([0., 0.]), size=array([30., 30.]), units='pix', vertices=ndarray(...), win=Window(...))
12.7111 	EXP 	Created unnamed Rect = Rect(__class__=<class 'psychopy.visual.rect.Rect'>, autoDraw=False, autoLog=True, closeShape=True, color=method-wrapper(...), colorSpace='rgb', contrast=None, depth=0, fillColor=array([ 1,  1, -1]), fillColorSpace='rgb', fillRGB=array([ 1,  1, -1]), interpolate=True, lineColor=array([0., 0., 0.]), lineColorSpace='rgb', lineRGB=array([0, 0, 0]), lineWidth=1.5, name='unnamed Rect', opacity=0.5, ori=0.0, pos=array([0., 0.]), size=array([30., 30.]), units='pix', vertices=ndarray(...), win=Window(...))
12.7137 	EXP 	Created unnamed Rect = Rect(__class__=<class 'psychopy.visual.rect.Rect'>, autoDraw=False, autoLog=True, closeShape=True, color=method-wrapper(...), colorSpace='rgb', contrast=None, depth=0, fillColor=array([ 1,  1, -1]), fillColorSpace='rgb', fillRGB=array([ 1,  1, -1]), interpolate=True, lineColor=array([0., 0., 0.]), lineColorSpace='rgb', lineRGB=array([0, 0, 0]), lineWidth=1.5, name='unnamed Rect', opacity=0.5, ori=0.0, pos=array([0., 0.]), size=array([30., 30.]), units='pix', vertices=ndarray(...), win=Window(...))
12.7160 	EXP 	Created unnamed Rect = Rect(__class__=<class 'psychopy.visual.rect.Rect'>, autoDraw=False, autoLog=True, closeShape=True, color=method-wrapper(...), colorSpace='rgb', contrast=None, depth=0, fillColor=array([ 1,  1, -1]), fillColorSpace='rgb', fillRGB=array([ 1,  1, -1]), interpolate=True, lineColor=array([0., 0., 0.]), lineColorSpace='rgb', lineRGB=array([0, 0, 0]), lineWidth=1.5, name='unnamed Rect', opacity=0.5, ori=0.0, pos=array([0., 0.]), size=array([30., 30.]), units='pix', vertices=ndarray(...), win=Window(...))
12.7185 	EXP 	Created unnamed Rect = Rect(__class__=<class 'psychopy.visual.rect.Rect'>, autoDraw=False, autoLog=True, closeShape=True, color=method-wrapper(...), colorSpace='rgb', contrast=None, depth=0, fillColor=array([ 1,  1, -1]), fillColorSpace='rgb', fillRGB=array([ 1,  1, -1]), interpolate=True, lineColor=array([0., 0., 0.]), lineColorSpace='rgb', lineRGB=array([0, 0, 0]), lineWidth=1.5, name='unnamed Rect', opacity=0.5, ori=0.0, pos=array([0., 0.]), size=array([30., 30.]), units='pix', vertices=ndarray(...), win=Window(...))
12.7592 	EXP 	Created unnamed ImageStim = ImageStim(__class__=<class 'psychopy.visual.image.ImageStim'>, autoLog=True, color=array([1., 1., 1.]), colorSpace='rgb', contrast=1.0, depth=0, flipHoriz=False, flipVert=False, image='tree.png', interpolate=False, mask=None, maskParams=None, name='unnamed ImageStim', opacity=1, ori=0.0, pos=array([0., 0.]), size=array([512, 512]), texRes=128, units='pix', win=Window(...))
12.7808 	EXP 	Created unnamed ImageStim = ImageStim(__class__=<class 'psychopy.visual.image.ImageStim'>, autoLog=True, color=array([1., 1., 1.]), colorSpace='rgb', contrast=1.0, depth=0, flipHoriz=False, flipVert=False, image='tree.png', interpolate=False, mask=None, maskParams=None, name='unnamed ImageStim', opacity=1, ori=0.0, pos=array([0., 0.]), size=array([512, 512]), texRes=128, units='pix', win=Window(...))
12.7993 	EXP 	Created unnamed ImageStim = ImageStim(__class__=<class 'psychopy.visual.image.ImageStim'>, autoLog=True, color=array([1., 1., 1.]), colorSpace='rgb', contrast=1.0, depth=0, flipHoriz=False, flipVert=False, image='tree.png', interpolate=False, mask=None, maskParams=None, name='unnamed ImageStim', opacity=1, ori=0.0, pos=array([0., 0.]), size=array([512, 512]), texRes=128, units='pix', win=Window(...))
12.8076 	DATA 	Keypress: space
12.8135 	EXP 	Welcometext: autoDraw = False
12.8135 	EXP 	unnamed Rect: pos = [-250, 0]
12.8135 	EXP 	unnamed Rect: pos = [250, 0]
12.8135 	EXP 	unnamed Rect: pos = [-418.76203404883904, 193.9998620039985]
12.8135 	EXP 	unnamed Rect: pos = [-258.85390131025724, 151.59045335745074]
12.8135 	EXP 	unnamed Rect: pos = [-111.50977764014627, -85.69022217567495]
12.8135 	EXP 	unnamed Rect: pos = [-129.52944252699936, -192.1129752217399]
12.8135 	EXP 	unnamed Rect: pos = [-330.9568902250756, -216.4547450575947]
12.8135 	EXP 	unnamed Rect: pos = [316.8390468555555, -37.76231398007981]
12.8135 	EXP 	unnamed ImageStim: size = [128.0, 128.0]
12.8135 	EXP 	unnamed ImageStim: size = [128.0, 128.0]
12.8135 	EXP 	unnamed ImageStim: size = [128.0, 128.0]
12.8135 	EXP 	unnamed ImageStim: pos = [-14.672791193394596, -112.77991340884971]
12.8135 	EXP 	unnamed ImageStim: pos = [-264.6727911933946, -112.77991340884971]
12.8135 	EXP 	unnamed ImageStim: pos = [235.3272088066054, -112.77991340884971]
14.0558 	DATA 	Keypress: left
18.5476 	EXP 	Created unnamed Rect = Rect(__class__=<class 'psychopy.visual.rect.Rect'>, autoDraw=False, autoLog=True, closeShape=True, color=method-wrapper(...), colorSpace='rgb', contrast=None, depth=0, fillColor=array([-1, -1, -1]), fillColorSpace='rgb', fillRGB=array([-1, -1, -1]), interpolate=True, lineColor=array([-1., -1.,  1.]), lineColorSpace='rgb', lineRGB=array([-1, -1,  1]), lineWidth=1.5, name='unnamed Rect', opacity=1, ori=0.0, pos=array([0., 0.]), size=array([400., 600.]), units='pix', vertices=ndarray(...), win=Window(...))
18.5532 	EXP 	Created unnamed Rect = Rect(__class__=<class 'psychopy.visual.rect.Rect'>, autoDraw=False, autoLog=True, closeShape=True, color=method-wrapper(...), colorSpace='rgb', contrast=None, depth=0, fillColor=array([-1, -1, -1]), fillColorSpace='rgb', fillRGB=array([-1, -1, -1]), interpolate=True, lineColor=array([-1., -1.,  1.]), lineColorSpace='rgb', lineRGB=array([-1, -1,  1]), lineWidth=1.5, name='unnamed Rect', opacity=1, ori=0.0, pos=array([0., 0.]), size=array([400., 600.]), units='pix', vertices=ndarray(...), win=Window(...))
18.5636 	DATA 	Keypress: left
18.5739 	EXP 	unnamed Rect: pos = array([-168.76203405,  193.999862  ])
18.5739 	EXP 	unnamed Rect: pos = array([ -8.85390131, 151.59045336])
18.5739 	EXP 	unnamed Rect: pos = array([138.49022236, -85.69022218])
18.5739 	EXP 	unnamed Rect: pos = array([ 120.47055747, -192.11297522])
18.5739 	EXP 	unnamed Rect: pos = array([ -80.95689023, -216.45474506])
18.5739 	EXP 	unnamed Rect: pos = array([ -80.95689023, -216.45474506])
18.5918 	EXP 	unnamed Rect: pos = array([ -80.95689023, -216.45474506])
18.6077 	EXP 	unnamed Rect: pos = array([ -80.95689023, -216.45474506])
18.6245 	EXP 	unnamed Rect: pos = array([ -80.95689023, -216.45474506])
18.6406 	EXP 	unnamed Rect: pos = array([ -80.95689023, -216.45474506])
18.6573 	EXP 	unnamed Rect: pos = array([ -80.95689023, -216.45474506])
18.6751 	EXP 	unnamed Rect: pos = array([ -80.95689023, -216.45474506])
18.6911 	EXP 	unnamed Rect: pos = array([ -80.95689023, -216.45474506])
18.7083 	EXP 	unnamed Rect: pos = array([ -80.95689023, -216.45474506])
18.7241 	EXP 	unnamed Rect: pos = array([ -80.95689023, -216.45474506])
18.7406 	EXP 	unnamed Rect: pos = array([ -80.95689023, -216.45474506])
18.7573 	EXP 	unnamed Rect: pos = array([ -80.95689023, -216.45474506])
18.7740 	EXP 	unnamed Rect: pos = array([ -80.95689023, -216.45474506])
18.7906 	EXP 	unnamed Rect: pos = array([ -80.95689023, -216.45474506])
18.8073 	EXP 	unnamed Rect: pos = array([ -80.95689023, -216.45474506])
18.8239 	EXP 	unnamed Rect: pos = array([ -80.95689023, -216.45474506])
18.8407 	EXP 	unnamed Rect: pos = array([ -80.95689023, -216.45474506])
18.8576 	EXP 	unnamed Rect: pos = array([ -80.95689023, -216.45474506])
18.8739 	EXP 	unnamed Rect: pos = array([ -80.95689023, -216.45474506])
18.8906 	EXP 	unnamed Rect: pos = array([ -80.95689023, -216.45474506])
18.9073 	EXP 	unnamed Rect: pos = array([ -80.95689023, -216.45474506])
18.9239 	EXP 	unnamed Rect: pos = array([ -80.95689023, -216.45474506])
18.9406 	EXP 	unnamed Rect: pos = array([ -80.95689023, -216.45474506])
18.9573 	EXP 	unnamed Rect: pos = array([ -80.95689023, -216.45474506])
18.9742 	EXP 	unnamed Rect: pos = array([ -80.95689023, -216.45474506])
18.9907 	EXP 	unnamed Rect: pos = array([ -80.95689023, -216.45474506])
19.0076 	EXP 	unnamed Rect: pos = array([ -80.95689023, -216.45474506])
19.0240 	EXP 	unnamed Rect: pos = array([ -80.95689023, -216.45474506])
19.0409 	EXP 	unnamed Rect: pos = array([ -80.95689023, -216.45474506])
19.0572 	EXP 	unnamed Rect: pos = array([ -80.95689023, -216.45474506])
19.0741 	EXP 	unnamed Rect: pos = array([ -80.95689023, -216.45474506])
19.0906 	EXP 	unnamed Rect: pos = array([ -80.95689023, -216.45474506])
19.1078 	EXP 	unnamed Rect: pos = array([ -80.95689023, -216.45474506])
19.1243 	EXP 	unnamed Rect: pos = array([ -80.95689023, -216.45474506])
19.1406 	EXP 	unnamed Rect: pos = array([ -80.95689023, -216.45474506])
19.1573 	EXP 	unnamed Rect: pos = array([ -80.95689023, -216.45474506])
19.1740 	EXP 	unnamed Rect: pos = array([ -80.95689023, -216.45474506])
19.1906 	EXP 	unnamed Rect: pos = array([ -80.95689023, -216.45474506])
19.2073 	EXP 	unnamed Rect: pos = array([ -80.95689023, -216.45474506])
19.2241 	EXP 	unnamed Rect: pos = array([ -80.95689023, -216.45474506])
19.2406 	EXP 	unnamed Rect: pos = array([ -80.95689023, -216.45474506])
19.2573 	EXP 	unnamed Rect: pos = array([ -80.95689023, -216.45474506])
19.2747 	EXP 	unnamed Rect: pos = array([ -80.95689023, -216.45474506])
19.2756 	DATA 	Keypress: up
19.2917 	EXP 	unnamed Rect: pos = array([ -80.95689023, -206.45474506])
19.3074 	EXP 	unnamed Rect: pos = array([ -80.95689023, -206.45474506])
19.3239 	EXP 	unnamed Rect: pos = array([ -80.95689023, -206.45474506])
19.3405 	EXP 	unnamed Rect: pos = array([ -80.95689023, -206.45474506])
19.3584 	EXP 	unnamed Rect: pos = array([ -80.95689023, -206.45474506])
19.3742 	EXP 	unnamed Rect: pos = array([ -80.95689023, -206.45474506])
19.3907 	EXP 	unnamed Rect: pos = array([ -80.95689023, -206.45474506])
19.4088 	EXP 	unnamed Rect: pos = array([ -80.95689023, -206.45474506])
19.4237 	EXP 	unnamed Rect: pos = array([ -80.95689023, -206.45474506])
19.4415 	EXP 	unnamed Rect: pos = array([ -80.95689023, -206.45474506])
19.4424 	DATA 	Keypress: up
19.4579 	EXP 	unnamed Rect: pos = array([ -80.95689023, -196.45474506])
19.4743 	EXP 	unnamed Rect: pos = array([ -80.95689023, -196.45474506])
19.4914 	EXP 	unnamed Rect: pos = array([ -80.95689023, -196.45474506])
19.5073 	EXP 	unnamed Rect: pos = array([ -80.95689023, -196.45474506])
19.5239 	EXP 	unnamed Rect: pos = array([ -80.95689023, -196.45474506])
19.5409 	EXP 	unnamed Rect: pos = array([ -80.95689023, -196.45474506])
19.5575 	EXP 	unnamed Rect: pos = array([ -80.95689023, -196.45474506])
19.5740 	EXP 	unnamed Rect: pos = array([ -80.95689023, -196.45474506])
19.5780 	DATA 	Keypress: up
19.5916 	EXP 	unnamed Rect: pos = array([ -80.95689023, -196.45474506])
19.6073 	EXP 	unnamed Rect: pos = array([ -80.95689023, -186.45474506])
19.6241 	EXP 	unnamed Rect: pos = array([ -80.95689023, -186.45474506])
19.6412 	EXP 	unnamed Rect: pos = array([ -80.95689023, -186.45474506])
19.6576 	EXP 	unnamed Rect: pos = array([ -80.95689023, -186.45474506])
19.6740 	EXP 	unnamed Rect: pos = array([ -80.95689023, -186.45474506])
19.6909 	EXP 	unnamed Rect: pos = array([ -80.95689023, -186.45474506])
19.7074 	EXP 	unnamed Rect: pos = array([ -80.95689023, -186.45474506])
19.7241 	EXP 	unnamed Rect: pos = array([ -80.95689023, -186.45474506])
19.7406 	EXP 	unnamed Rect: pos = array([ -80.95689023, -186.45474506])
19.7414 	DATA 	Keypress: up
19.7584 	EXP 	unnamed Rect: pos = array([ -80.95689023, -176.45474506])
19.7744 	EXP 	unnamed Rect: pos = array([ -80.95689023, -176.45474506])
19.7915 	EXP 	unnamed Rect: pos = array([ -80.95689023, -176.45474506])
19.8074 	EXP 	unnamed Rect: pos = array([ -80.95689023, -176.45474506])
19.8240 	EXP 	unnamed Rect: pos = array([ -80.95689023, -176.45474506])
19.8406 	EXP 	unnamed Rect: pos = array([ -80.95689023, -176.45474506])
19.8576 	EXP 	unnamed Rect: pos = array([ -80.95689023, -176.45474506])
19.8742 	EXP 	unnamed Rect: pos = array([ -80.95689023, -176.45474506])
19.8918 	EXP 	unnamed Rect: pos = array([ -80.95689023, -176.45474506])
19.8925 	DATA 	Keypress: up
19.9075 	EXP 	unnamed Rect: pos = array([ -80.95689023, -166.45474506])
19.9247 	EXP 	unnamed Rect: pos = array([ -80.95689023, -166.45474506])
19.9407 	EXP 	unnamed Rect: pos = array([ -80.95689023, -166.45474506])
19.9575 	EXP 	unnamed Rect: pos = array([ -80.95689023, -166.45474506])
19.9740 	EXP 	unnamed Rect: pos = array([ -80.95689023, -166.45474506])
19.9907 	EXP 	unnamed Rect: pos = array([ -80.95689023, -166.45474506])
20.0075 	EXP 	unnamed Rect: pos = array([ -80.95689023, -166.45474506])
20.0246 	EXP 	unnamed Rect: pos = array([ -80.95689023, -166.45474506])
20.0254 	DATA 	Keypress: up
20.0411 	EXP 	unnamed Rect: pos = array([ -80.95689023, -156.45474506])
20.0575 	EXP 	unnamed Rect: pos = array([ -80.95689023, -156.45474506])
20.0745 	EXP 	unnamed Rect: pos = array([ -80.95689023, -156.45474506])
20.0910 	EXP 	unnamed Rect: pos = array([ -80.95689023, -156.45474506])
20.1074 	EXP 	unnamed Rect: pos = array([ -80.95689023, -156.45474506])
20.1242 	EXP 	unnamed Rect: pos = array([ -80.95689023, -156.45474506])
20.1407 	EXP 	unnamed Rect: pos = array([ -80.95689023, -156.45474506])
20.1573 	EXP 	unnamed Rect: pos = array([ -80.95689023, -156.45474506])
20.1743 	EXP 	unnamed Rect: pos = array([ -80.95689023, -156.45474506])
20.1751 	DATA 	Keypress: up
20.1913 	EXP 	unnamed Rect: pos = array([ -80.95689023, -146.45474506])
20.2076 	EXP 	unnamed Rect: pos = array([ -80.95689023, -146.45474506])
20.2242 	EXP 	unnamed Rect: pos = array([ -80.95689023, -146.45474506])
20.2409 	EXP 	unnamed Rect: pos = array([ -80.95689023, -146.45474506])
20.2575 	EXP 	unnamed Rect: pos = array([ -80.95689023, -146.45474506])
20.2744 	EXP 	unnamed Rect: pos = array([ -80.95689023, -146.45474506])
20.2909 	EXP 	unnamed Rect: pos = array([ -80.95689023, -146.45474506])
20.3074 	EXP 	unnamed Rect: pos = array([ -80.95689023, -146.45474506])
20.3241 	EXP 	unnamed Rect: pos = array([ -80.95689023, -146.45474506])
20.3406 	EXP 	unnamed Rect: pos = array([ -80.95689023, -146.45474506])
20.3454 	DATA 	Keypress: up
20.3585 	EXP 	unnamed Rect: pos = array([ -80.95689023, -146.45474506])
20.3740 	EXP 	unnamed Rect: pos = array([ -80.95689023, -136.45474506])
20.3906 	EXP 	unnamed Rect: pos = array([ -80.95689023, -136.45474506])
20.4081 	EXP 	unnamed Rect: pos = array([ -80.95689023, -136.45474506])
20.4251 	EXP 	unnamed Rect: pos = array([ -80.95689023, -136.45474506])
20.4413 	EXP 	unnamed Rect: pos = array([ -80.95689023, -136.45474506])
20.4579 	EXP 	unnamed Rect: pos = array([ -80.95689023, -136.45474506])
20.4742 	EXP 	unnamed Rect: pos = array([ -80.95689023, -136.45474506])
20.4909 	EXP 	unnamed Rect: pos = array([ -80.95689023, -136.45474506])
20.5074 	EXP 	unnamed Rect: pos = array([ -80.95689023, -136.45474506])
20.5239 	EXP 	unnamed Rect: pos = array([ -80.95689023, -136.45474506])
20.5407 	EXP 	unnamed Rect: pos = array([ -80.95689023, -136.45474506])
20.5450 	DATA 	Keypress: up
20.5577 	EXP 	unnamed Rect: pos = array([ -80.95689023, -136.45474506])
20.5744 	EXP 	unnamed Rect: pos = array([ -80.95689023, -126.45474506])
20.5906 	EXP 	unnamed Rect: pos = array([ -80.95689023, -126.45474506])
20.6074 	EXP 	unnamed Rect: pos = array([ -80.95689023, -126.45474506])
20.6242 	EXP 	unnamed Rect: pos = array([ -80.95689023, -126.45474506])
20.6416 	EXP 	unnamed Rect: pos = array([ -80.95689023, -126.45474506])
20.6578 	EXP 	unnamed Rect: pos = array([ -80.95689023, -126.45474506])
20.6742 	EXP 	unnamed Rect: pos = array([ -80.95689023, -126.45474506])
20.6906 	EXP 	unnamed Rect: pos = array([ -80.95689023, -126.45474506])
20.7076 	EXP 	unnamed Rect: pos = array([ -80.95689023, -126.45474506])
20.7242 	EXP 	unnamed Rect: pos = array([ -80.95689023, -126.45474506])
20.7408 	EXP 	unnamed Rect: pos = array([ -80.95689023, -126.45474506])
20.7578 	EXP 	unnamed Rect: pos = array([ -80.95689023, -126.45474506])
20.7586 	DATA 	Keypress: up
20.7749 	EXP 	unnamed Rect: pos = array([ -80.95689023, -116.45474506])
20.7909 	EXP 	unnamed Rect: pos = array([ -80.95689023, -116.45474506])
20.8074 	EXP 	unnamed Rect: pos = array([ -80.95689023, -116.45474506])
20.8240 	EXP 	unnamed Rect: pos = array([ -80.95689023, -116.45474506])
20.8408 	EXP 	unnamed Rect: pos = array([ -80.95689023, -116.45474506])
20.8575 	EXP 	unnamed Rect: pos = array([ -80.95689023, -116.45474506])
20.8753 	EXP 	unnamed Rect: pos = array([ -80.95689023, -116.45474506])
20.8909 	EXP 	unnamed Rect: pos = array([ -80.95689023, -116.45474506])
20.9076 	EXP 	unnamed Rect: pos = array([ -80.95689023, -116.45474506])
20.9241 	EXP 	unnamed Rect: pos = array([ -80.95689023, -116.45474506])
20.9406 	EXP 	unnamed Rect: pos = array([ -80.95689023, -116.45474506])
20.9573 	EXP 	unnamed Rect: pos = array([ -80.95689023, -116.45474506])
20.9743 	EXP 	unnamed Rect: pos = array([ -80.95689023, -116.45474506])
20.9751 	DATA 	Keypress: up
20.9914 	EXP 	unnamed Rect: pos = array([ -80.95689023, -106.45474506])
21.0073 	EXP 	unnamed Rect: pos = array([ -80.95689023, -106.45474506])
21.0240 	EXP 	unnamed Rect: pos = array([ -80.95689023, -106.45474506])
21.0409 	EXP 	unnamed Rect: pos = array([ -80.95689023, -106.45474506])
21.0575 	EXP 	unnamed Rect: pos = array([ -80.95689023, -106.45474506])
21.0743 	EXP 	unnamed Rect: pos = array([ -80.95689023, -106.45474506])
21.0909 	EXP 	unnamed Rect: pos = array([ -80.95689023, -106.45474506])
21.1074 	EXP 	unnamed Rect: pos = array([ -80.95689023, -106.45474506])
21.1239 	EXP 	unnamed Rect: pos = array([ -80.95689023, -106.45474506])
21.1408 	EXP 	unnamed Rect: pos = array([ -80.95689023, -106.45474506])
21.1575 	EXP 	unnamed Rect: pos = array([ -80.95689023, -106.45474506])
21.1739 	EXP 	unnamed Rect: pos = array([ -80.95689023, -106.45474506])
21.1912 	EXP 	unnamed Rect: pos = array([ -80.95689023, -106.45474506])
21.1920 	DATA 	Keypress: up
21.2075 	EXP 	unnamed Rect: pos = array([-80.95689023, -96.45474506])
21.2240 	EXP 	unnamed Rect: pos = array([-80.95689023, -96.45474506])
21.2407 	EXP 	unnamed Rect: pos = array([-80.95689023, -96.45474506])
21.2576 	EXP 	unnamed Rect: pos = array([-80.95689023, -96.45474506])
21.2743 	EXP 	unnamed Rect: pos = array([-80.95689023, -96.45474506])
21.2910 	EXP 	unnamed Rect: pos = array([-80.95689023, -96.45474506])
21.3075 	EXP 	unnamed Rect: pos = array([-80.95689023, -96.45474506])
21.3241 	EXP 	unnamed Rect: pos = array([-80.95689023, -96.45474506])
21.3407 	EXP 	unnamed Rect: pos = array([-80.95689023, -96.45474506])
21.3575 	EXP 	unnamed Rect: pos = array([-80.95689023, -96.45474506])
21.3742 	EXP 	unnamed Rect: pos = array([-80.95689023, -96.45474506])
21.3907 	EXP 	unnamed Rect: pos = array([-80.95689023, -96.45474506])
21.4079 	EXP 	unnamed Rect: pos = array([-80.95689023, -96.45474506])
21.4087 	DATA 	Keypress: up
21.4243 	EXP 	unnamed Rect: pos = array([-80.95689023, -86.45474506])
21.4412 	EXP 	unnamed Rect: pos = array([-80.95689023, -86.45474506])
21.4581 	EXP 	unnamed Rect: pos = array([-80.95689023, -86.45474506])
21.4740 	EXP 	unnamed Rect: pos = array([-80.95689023, -86.45474506])
21.4909 	EXP 	unnamed Rect: pos = array([-80.95689023, -86.45474506])
21.5081 	EXP 	unnamed Rect: pos = array([-80.95689023, -86.45474506])
21.5251 	EXP 	unnamed Rect: pos = array([-80.95689023, -86.45474506])
21.5407 	EXP 	unnamed Rect: pos = array([-80.95689023, -86.45474506])
21.5574 	EXP 	unnamed Rect: pos = array([-80.95689023, -86.45474506])
21.5740 	EXP 	unnamed Rect: pos = array([-80.95689023, -86.45474506])
21.5909 	EXP 	unnamed Rect: pos = array([-80.95689023, -86.45474506])
21.6073 	EXP 	unnamed Rect: pos = array([-80.95689023, -86.45474506])
21.6246 	EXP 	unnamed Rect: pos = array([-80.95689023, -86.45474506])
21.6254 	DATA 	Keypress: up
21.6407 	EXP 	unnamed Rect: pos = array([-80.95689023, -76.45474506])
21.6575 	EXP 	unnamed Rect: pos = array([-80.95689023, -76.45474506])
21.6742 	EXP 	unnamed Rect: pos = array([-80.95689023, -76.45474506])
21.6907 	EXP 	unnamed Rect: pos = array([-80.95689023, -76.45474506])
21.7083 	EXP 	unnamed Rect: pos = array([-80.95689023, -76.45474506])
21.7252 	EXP 	unnamed Rect: pos = array([-80.95689023, -76.45474506])
21.7406 	EXP 	unnamed Rect: pos = array([-80.95689023, -76.45474506])
21.7575 	EXP 	unnamed Rect: pos = array([-80.95689023, -76.45474506])
21.7742 	EXP 	unnamed Rect: pos = array([-80.95689023, -76.45474506])
21.7907 	EXP 	unnamed Rect: pos = array([-80.95689023, -76.45474506])
21.8074 	EXP 	unnamed Rect: pos = array([-80.95689023, -76.45474506])
21.8244 	EXP 	unnamed Rect: pos = array([-80.95689023, -76.45474506])
21.8290 	DATA 	Keypress: up
21.8410 	EXP 	unnamed Rect: pos = array([-80.95689023, -76.45474506])
21.8578 	EXP 	unnamed Rect: pos = array([-80.95689023, -66.45474506])
21.8742 	EXP 	unnamed Rect: pos = array([-80.95689023, -66.45474506])
21.8907 	EXP 	unnamed Rect: pos = array([-80.95689023, -66.45474506])
21.9080 	EXP 	unnamed Rect: pos = array([-80.95689023, -66.45474506])
21.9242 	EXP 	unnamed Rect: pos = array([-80.95689023, -66.45474506])
21.9416 	EXP 	unnamed Rect: pos = array([-80.95689023, -66.45474506])
21.9574 	EXP 	unnamed Rect: pos = array([-80.95689023, -66.45474506])
21.9741 	EXP 	unnamed Rect: pos = array([-80.95689023, -66.45474506])
21.9909 	EXP 	unnamed Rect: pos = array([-80.95689023, -66.45474506])
22.0073 	EXP 	unnamed Rect: pos = array([-80.95689023, -66.45474506])
22.0242 	EXP 	unnamed Rect: pos = array([-80.95689023, -66.45474506])
22.0410 	EXP 	unnamed Rect: pos = array([-80.95689023, -66.45474506])
22.0577 	EXP 	unnamed Rect: pos = array([-80.95689023, -66.45474506])
22.0619 	DATA 	Keypress: up
22.0751 	EXP 	unnamed Rect: pos = array([-80.95689023, -66.45474506])
22.0906 	EXP 	unnamed Rect: pos = array([-80.95689023, -56.45474506])
22.1073 	EXP 	unnamed Rect: pos = array([-80.95689023, -56.45474506])
22.1242 	EXP 	unnamed Rect: pos = array([-80.95689023, -56.45474506])
22.1406 	EXP 	unnamed Rect: pos = array([-80.95689023, -56.45474506])
22.1573 	EXP 	unnamed Rect: pos = array([-80.95689023, -56.45474506])
22.1750 	EXP 	unnamed Rect: pos = array([-80.95689023, -56.45474506])
22.1906 	EXP 	unnamed Rect: pos = array([-80.95689023, -56.45474506])
22.2076 	EXP 	unnamed Rect: pos = array([-80.95689023, -56.45474506])
22.2240 	EXP 	unnamed Rect: pos = array([-80.95689023, -56.45474506])
22.2406 	EXP 	unnamed Rect: pos = array([-80.95689023, -56.45474506])
22.2573 	EXP 	unnamed Rect: pos = array([-80.95689023, -56.45474506])
22.2742 	EXP 	unnamed Rect: pos = array([-80.95689023, -56.45474506])
22.2911 	EXP 	unnamed Rect: pos = array([-80.95689023, -56.45474506])
22.2919 	DATA 	Keypress: up
22.3083 	EXP 	unnamed Rect: pos = array([-80.95689023, -46.45474506])
22.3244 	EXP 	unnamed Rect: pos = array([-80.95689023, -46.45474506])
22.3408 	EXP 	unnamed Rect: pos = array([-80.95689023, -46.45474506])
22.3576 	EXP 	unnamed Rect: pos = array([-80.95689023, -46.45474506])
22.3744 	EXP 	unnamed Rect: pos = array([-80.95689023, -46.45474506])
22.3907 	EXP 	unnamed Rect: pos = array([-80.95689023, -46.45474506])
22.4085 	EXP 	unnamed Rect: pos = array([-80.95689023, -46.45474506])
22.4241 	EXP 	unnamed Rect: pos = array([-80.95689023, -46.45474506])
22.4407 	EXP 	unnamed Rect: pos = array([-80.95689023, -46.45474506])
22.4582 	EXP 	unnamed Rect: pos = array([-80.95689023, -46.45474506])
22.4742 	EXP 	unnamed Rect: pos = array([-80.95689023, -46.45474506])
22.4907 	EXP 	unnamed Rect: pos = array([-80.95689023, -46.45474506])
22.5078 	EXP 	unnamed Rect: pos = array([-80.95689023, -46.45474506])
22.5087 	DATA 	Keypress: up
22.5240 	EXP 	unnamed Rect: pos = array([-80.95689023, -36.45474506])
22.5407 	EXP 	unnamed Rect: pos = array([-80.95689023, -36.45474506])
22.5574 	EXP 	unnamed Rect: pos = array([-80.95689023, -36.45474506])
22.5743 	EXP 	unnamed Rect: pos = array([-80.95689023, -36.45474506])
22.5907 	EXP 	unnamed Rect: pos = array([-80.95689023, -36.45474506])
22.6080 	EXP 	unnamed Rect: pos = array([-80.95689023, -36.45474506])
22.6242 	EXP 	unnamed Rect: pos = array([-80.95689023, -36.45474506])
22.6409 	EXP 	unnamed Rect: pos = array([-80.95689023, -36.45474506])
22.6574 	EXP 	unnamed Rect: pos = array([-80.95689023, -36.45474506])
22.6743 	EXP 	unnamed Rect: pos = array([-80.95689023, -36.45474506])
22.6907 	EXP 	unnamed Rect: pos = array([-80.95689023, -36.45474506])
22.7076 	EXP 	unnamed Rect: pos = array([-80.95689023, -36.45474506])
22.7243 	EXP 	unnamed Rect: pos = array([-80.95689023, -36.45474506])
22.7251 	DATA 	Keypress: up
22.7413 	EXP 	unnamed Rect: pos = array([-80.95689023, -26.45474506])
22.7578 	EXP 	unnamed Rect: pos = array([-80.95689023, -26.45474506])
22.7740 	EXP 	unnamed Rect: pos = array([-80.95689023, -26.45474506])
22.7908 	EXP 	unnamed Rect: pos = array([-80.95689023, -26.45474506])
22.8080 	EXP 	unnamed Rect: pos = array([-80.95689023, -26.45474506])
22.8241 	EXP 	unnamed Rect: pos = array([-80.95689023, -26.45474506])
22.8422 	EXP 	unnamed Rect: pos = array([-80.95689023, -26.45474506])
22.8580 	EXP 	unnamed Rect: pos = array([-80.95689023, -26.45474506])
22.8742 	EXP 	unnamed Rect: pos = array([-80.95689023, -26.45474506])
22.8912 	EXP 	unnamed Rect: pos = array([-80.95689023, -26.45474506])
22.9079 	EXP 	unnamed Rect: pos = array([-80.95689023, -26.45474506])
22.9243 	EXP 	unnamed Rect: pos = array([-80.95689023, -26.45474506])
22.9409 	EXP 	unnamed Rect: pos = array([-80.95689023, -26.45474506])
22.9575 	EXP 	unnamed Rect: pos = array([-80.95689023, -26.45474506])
22.9616 	DATA 	Keypress: up
22.9751 	EXP 	unnamed Rect: pos = array([-80.95689023, -26.45474506])
22.9913 	EXP 	unnamed Rect: pos = array([-80.95689023, -16.45474506])
23.0073 	EXP 	unnamed Rect: pos = array([-80.95689023, -16.45474506])
23.0240 	EXP 	unnamed Rect: pos = array([-80.95689023, -16.45474506])
23.0407 	EXP 	unnamed Rect: pos = array([-80.95689023, -16.45474506])
23.0574 	EXP 	unnamed Rect: pos = array([-80.95689023, -16.45474506])
23.0751 	EXP 	unnamed Rect: pos = array([-80.95689023, -16.45474506])
23.0907 	EXP 	unnamed Rect: pos = array([-80.95689023, -16.45474506])
23.1073 	EXP 	unnamed Rect: pos = array([-80.95689023, -16.45474506])
23.1242 	EXP 	unnamed Rect: pos = array([-80.95689023, -16.45474506])
23.1409 	EXP 	unnamed Rect: pos = array([-80.95689023, -16.45474506])
23.1574 	EXP 	unnamed Rect: pos = array([-80.95689023, -16.45474506])
23.1740 	EXP 	unnamed Rect: pos = array([-80.95689023, -16.45474506])
23.1914 	EXP 	unnamed Rect: pos = array([-80.95689023, -16.45474506])
23.1923 	DATA 	Keypress: up
23.2084 	EXP 	unnamed Rect: pos = array([-80.95689023,  -6.45474506])
23.2241 	EXP 	unnamed Rect: pos = array([-80.95689023,  -6.45474506])
23.2407 	EXP 	unnamed Rect: pos = array([-80.95689023,  -6.45474506])
23.2574 	EXP 	unnamed Rect: pos = array([-80.95689023,  -6.45474506])
23.2743 	EXP 	unnamed Rect: pos = array([-80.95689023,  -6.45474506])
23.2918 	EXP 	unnamed Rect: pos = array([-80.95689023,  -6.45474506])
23.3073 	EXP 	unnamed Rect: pos = array([-80.95689023,  -6.45474506])
23.3240 	EXP 	unnamed Rect: pos = array([-80.95689023,  -6.45474506])
23.3408 	EXP 	unnamed Rect: pos = array([-80.95689023,  -6.45474506])
23.3576 	EXP 	unnamed Rect: pos = array([-80.95689023,  -6.45474506])
23.3742 	EXP 	unnamed Rect: pos = array([-80.95689023,  -6.45474506])
23.3911 	EXP 	unnamed Rect: pos = array([-80.95689023,  -6.45474506])
23.4076 	EXP 	unnamed Rect: pos = array([-80.95689023,  -6.45474506])
23.4245 	EXP 	unnamed Rect: pos = array([-80.95689023,  -6.45474506])
23.4254 	DATA 	Keypress: up
23.4417 	EXP 	unnamed Rect: pos = array([-80.95689023,   3.54525494])
23.4583 	EXP 	unnamed Rect: pos = array([-80.95689023,   3.54525494])
23.4743 	EXP 	unnamed Rect: pos = array([-80.95689023,   3.54525494])
23.4907 	EXP 	unnamed Rect: pos = array([-80.95689023,   3.54525494])
23.5075 	EXP 	unnamed Rect: pos = array([-80.95689023,   3.54525494])
23.5251 	EXP 	unnamed Rect: pos = array([-80.95689023,   3.54525494])
23.5407 	EXP 	unnamed Rect: pos = array([-80.95689023,   3.54525494])
23.5573 	EXP 	unnamed Rect: pos = array([-80.95689023,   3.54525494])
23.5740 	EXP 	unnamed Rect: pos = array([-80.95689023,   3.54525494])
23.5908 	EXP 	unnamed Rect: pos = array([-80.95689023,   3.54525494])
23.6073 	EXP 	unnamed Rect: pos = array([-80.95689023,   3.54525494])
23.6241 	EXP 	unnamed Rect: pos = array([-80.95689023,   3.54525494])
23.6410 	EXP 	unnamed Rect: pos = array([-80.95689023,   3.54525494])
23.6574 	EXP 	unnamed Rect: pos = array([-80.95689023,   3.54525494])
23.6753 	EXP 	unnamed Rect: pos = array([-80.95689023,   3.54525494])
23.6761 	DATA 	Keypress: up
23.6907 	EXP 	unnamed Rect: pos = array([-80.95689023,  13.54525494])
23.7082 	EXP 	unnamed Rect: pos = array([-80.95689023,  13.54525494])
23.7241 	EXP 	unnamed Rect: pos = array([-80.95689023,  13.54525494])
23.7407 	EXP 	unnamed Rect: pos = array([-80.95689023,  13.54525494])
23.7574 	EXP 	unnamed Rect: pos = array([-80.95689023,  13.54525494])
23.7750 	EXP 	unnamed Rect: pos = array([-80.95689023,  13.54525494])
23.7908 	EXP 	unnamed Rect: pos = array([-80.95689023,  13.54525494])
23.8073 	EXP 	unnamed Rect: pos = array([-80.95689023,  13.54525494])
23.8240 	EXP 	unnamed Rect: pos = array([-80.95689023,  13.54525494])
23.8407 	EXP 	unnamed Rect: pos = array([-80.95689023,  13.54525494])
23.8574 	EXP 	unnamed Rect: pos = array([-80.95689023,  13.54525494])
23.8741 	EXP 	unnamed Rect: pos = array([-80.95689023,  13.54525494])
23.8908 	EXP 	unnamed Rect: pos = array([-80.95689023,  13.54525494])
23.9075 	EXP 	unnamed Rect: pos = array([-80.95689023,  13.54525494])
23.9241 	EXP 	unnamed Rect: pos = array([-80.95689023,  13.54525494])
23.9286 	DATA 	Keypress: up
23.9418 	EXP 	unnamed Rect: pos = array([-80.95689023,  13.54525494])
23.9576 	EXP 	unnamed Rect: pos = array([-80.95689023,  23.54525494])
23.9741 	EXP 	unnamed Rect: pos = array([-80.95689023,  23.54525494])
23.9908 	EXP 	unnamed Rect: pos = array([-80.95689023,  23.54525494])
24.0078 	EXP 	unnamed Rect: pos = array([-80.95689023,  23.54525494])
24.0241 	EXP 	unnamed Rect: pos = array([-80.95689023,  23.54525494])
24.0414 	EXP 	unnamed Rect: pos = array([-80.95689023,  23.54525494])
24.0575 	EXP 	unnamed Rect: pos = array([-80.95689023,  23.54525494])
24.0745 	EXP 	unnamed Rect: pos = array([-80.95689023,  23.54525494])
24.0907 	EXP 	unnamed Rect: pos = array([-80.95689023,  23.54525494])
24.1077 	EXP 	unnamed Rect: pos = array([-80.95689023,  23.54525494])
24.1240 	EXP 	unnamed Rect: pos = array([-80.95689023,  23.54525494])
24.1406 	EXP 	unnamed Rect: pos = array([-80.95689023,  23.54525494])
24.1579 	EXP 	unnamed Rect: pos = array([-80.95689023,  23.54525494])
24.1740 	EXP 	unnamed Rect: pos = array([-80.95689023,  23.54525494])
24.1919 	EXP 	unnamed Rect: pos = array([-80.95689023,  23.54525494])
24.1928 	DATA 	Keypress: up
24.2076 	EXP 	unnamed Rect: pos = array([-80.95689023,  33.54525494])
24.2242 	EXP 	unnamed Rect: pos = array([-80.95689023,  33.54525494])
24.2407 	EXP 	unnamed Rect: pos = array([-80.95689023,  33.54525494])
24.2573 	EXP 	unnamed Rect: pos = array([-80.95689023,  33.54525494])
24.2742 	EXP 	unnamed Rect: pos = array([-80.95689023,  33.54525494])
24.2920 	EXP 	unnamed Rect: pos = array([-80.95689023,  33.54525494])
24.3074 	EXP 	unnamed Rect: pos = array([-80.95689023,  33.54525494])
24.3240 	EXP 	unnamed Rect: pos = array([-80.95689023,  33.54525494])
24.3407 	EXP 	unnamed Rect: pos = array([-80.95689023,  33.54525494])
24.3574 	EXP 	unnamed Rect: pos = array([-80.95689023,  33.54525494])
24.3740 	EXP 	unnamed Rect: pos = array([-80.95689023,  33.54525494])
24.3907 	EXP 	unnamed Rect: pos = array([-80.95689023,  33.54525494])
24.4073 	EXP 	unnamed Rect: pos = array([-80.95689023,  33.54525494])
24.4243 	EXP 	unnamed Rect: pos = array([-80.95689023,  33.54525494])
24.4290 	DATA 	Keypress: up
24.4417 	EXP 	unnamed Rect: pos = array([-80.95689023,  33.54525494])
24.4582 	EXP 	unnamed Rect: pos = array([-80.95689023,  43.54525494])
24.4740 	EXP 	unnamed Rect: pos = array([-80.95689023,  43.54525494])
24.4906 	EXP 	unnamed Rect: pos = array([-80.95689023,  43.54525494])
24.5074 	EXP 	unnamed Rect: pos = array([-80.95689023,  43.54525494])
24.5244 	EXP 	unnamed Rect: pos = array([-80.95689023,  43.54525494])
24.5413 	EXP 	unnamed Rect: pos = array([-80.95689023,  43.54525494])
24.5576 	EXP 	unnamed Rect: pos = array([-80.95689023,  43.54525494])
24.5742 	EXP 	unnamed Rect: pos = array([-80.95689023,  43.54525494])
24.5907 	EXP 	unnamed Rect: pos = array([-80.95689023,  43.54525494])
24.6078 	EXP 	unnamed Rect: pos = array([-80.95689023,  43.54525494])
24.6240 	EXP 	unnamed Rect: pos = array([-80.95689023,  43.54525494])
24.6409 	EXP 	unnamed Rect: pos = array([-80.95689023,  43.54525494])
24.6576 	EXP 	unnamed Rect: pos = array([-80.95689023,  43.54525494])
24.6740 	EXP 	unnamed Rect: pos = array([-80.95689023,  43.54525494])
24.6919 	EXP 	unnamed Rect: pos = array([-80.95689023,  43.54525494])
24.6927 	DATA 	Keypress: up
24.7076 	EXP 	unnamed Rect: pos = array([-80.95689023,  53.54525494])
24.7241 	EXP 	unnamed Rect: pos = array([-80.95689023,  53.54525494])
24.7408 	EXP 	unnamed Rect: pos = array([-80.95689023,  53.54525494])
24.7574 	EXP 	unnamed Rect: pos = array([-80.95689023,  53.54525494])
24.7741 	EXP 	unnamed Rect: pos = array([-80.95689023,  53.54525494])
24.7917 	EXP 	unnamed Rect: pos = array([-80.95689023,  53.54525494])
24.8076 	EXP 	unnamed Rect: pos = array([-80.95689023,  53.54525494])
24.8242 	EXP 	unnamed Rect: pos = array([-80.95689023,  53.54525494])
24.8407 	EXP 	unnamed Rect: pos = array([-80.95689023,  53.54525494])
24.8574 	EXP 	unnamed Rect: pos = array([-80.95689023,  53.54525494])
24.8740 	EXP 	unnamed Rect: pos = array([-80.95689023,  53.54525494])
24.8907 	EXP 	unnamed Rect: pos = array([-80.95689023,  53.54525494])
24.9074 	EXP 	unnamed Rect: pos = array([-80.95689023,  53.54525494])
24.9243 	EXP 	unnamed Rect: pos = array([-80.95689023,  53.54525494])
24.9252 	DATA 	Keypress: up
24.9417 	EXP 	unnamed Rect: pos = array([-80.95689023,  63.54525494])
24.9575 	EXP 	unnamed Rect: pos = array([-80.95689023,  63.54525494])
24.9743 	EXP 	unnamed Rect: pos = array([-80.95689023,  63.54525494])
24.9907 	EXP 	unnamed Rect: pos = array([-80.95689023,  63.54525494])
25.0075 	EXP 	unnamed Rect: pos = array([-80.95689023,  63.54525494])
25.0246 	EXP 	unnamed Rect: pos = array([-80.95689023,  63.54525494])
25.0418 	EXP 	unnamed Rect: pos = array([-80.95689023,  63.54525494])
25.0575 	EXP 	unnamed Rect: pos = array([-80.95689023,  63.54525494])
25.0741 	EXP 	unnamed Rect: pos = array([-80.95689023,  63.54525494])
25.0908 	EXP 	unnamed Rect: pos = array([-80.95689023,  63.54525494])
25.1074 	EXP 	unnamed Rect: pos = array([-80.95689023,  63.54525494])
25.1240 	EXP 	unnamed Rect: pos = array([-80.95689023,  63.54525494])
25.1407 	EXP 	unnamed Rect: pos = array([-80.95689023,  63.54525494])
25.1574 	EXP 	unnamed Rect: pos = array([-80.95689023,  63.54525494])
25.1618 	DATA 	Keypress: up
25.1753 	EXP 	unnamed Rect: pos = array([-80.95689023,  63.54525494])
25.1909 	EXP 	unnamed Rect: pos = array([-80.95689023,  73.54525494])
25.2079 	EXP 	unnamed Rect: pos = array([-80.95689023,  73.54525494])
25.2242 	EXP 	unnamed Rect: pos = array([-80.95689023,  73.54525494])
25.2407 	EXP 	unnamed Rect: pos = array([-80.95689023,  73.54525494])
25.2577 	EXP 	unnamed Rect: pos = array([-80.95689023,  73.54525494])
25.2751 	EXP 	unnamed Rect: pos = array([-80.95689023,  73.54525494])
25.2909 	EXP 	unnamed Rect: pos = array([-80.95689023,  73.54525494])
25.3074 	EXP 	unnamed Rect: pos = array([-80.95689023,  73.54525494])
25.3245 	EXP 	unnamed Rect: pos = array([-80.95689023,  73.54525494])
25.3407 	EXP 	unnamed Rect: pos = array([-80.95689023,  73.54525494])
25.3574 	EXP 	unnamed Rect: pos = array([-80.95689023,  73.54525494])
25.3740 	EXP 	unnamed Rect: pos = array([-80.95689023,  73.54525494])
25.3910 	EXP 	unnamed Rect: pos = array([-80.95689023,  73.54525494])
25.3918 	DATA 	Keypress: up
25.4076 	EXP 	unnamed Rect: pos = array([-80.95689023,  83.54525494])
25.4242 	EXP 	unnamed Rect: pos = array([-80.95689023,  83.54525494])
25.4409 	EXP 	unnamed Rect: pos = array([-80.95689023,  83.54525494])
25.4584 	EXP 	unnamed Rect: pos = array([-80.95689023,  83.54525494])
25.4741 	EXP 	unnamed Rect: pos = array([-80.95689023,  83.54525494])
25.4910 	EXP 	unnamed Rect: pos = array([-80.95689023,  83.54525494])
25.5076 	EXP 	unnamed Rect: pos = array([-80.95689023,  83.54525494])
25.5243 	EXP 	unnamed Rect: pos = array([-80.95689023,  83.54525494])
25.5407 	EXP 	unnamed Rect: pos = array([-80.95689023,  83.54525494])
25.5576 	EXP 	unnamed Rect: pos = array([-80.95689023,  83.54525494])
25.5743 	EXP 	unnamed Rect: pos = array([-80.95689023,  83.54525494])
25.5907 	EXP 	unnamed Rect: pos = array([-80.95689023,  83.54525494])
25.6076 	EXP 	unnamed Rect: pos = array([-80.95689023,  83.54525494])
25.6243 	EXP 	unnamed Rect: pos = array([-80.95689023,  83.54525494])
25.6288 	DATA 	Keypress: up
25.6418 	EXP 	unnamed Rect: pos = array([-80.95689023,  83.54525494])
25.6578 	EXP 	unnamed Rect: pos = array([-80.95689023,  93.54525494])
25.6743 	EXP 	unnamed Rect: pos = array([-80.95689023,  93.54525494])
25.6908 	EXP 	unnamed Rect: pos = array([-80.95689023,  93.54525494])
25.7082 	EXP 	unnamed Rect: pos = array([-80.95689023,  93.54525494])
25.7249 	EXP 	unnamed Rect: pos = array([-80.95689023,  93.54525494])
25.7409 	EXP 	unnamed Rect: pos = array([-80.95689023,  93.54525494])
25.7574 	EXP 	unnamed Rect: pos = array([-80.95689023,  93.54525494])
25.7742 	EXP 	unnamed Rect: pos = array([-80.95689023,  93.54525494])
25.7907 	EXP 	unnamed Rect: pos = array([-80.95689023,  93.54525494])
25.8077 	EXP 	unnamed Rect: pos = array([-80.95689023,  93.54525494])
25.8243 	EXP 	unnamed Rect: pos = array([-80.95689023,  93.54525494])
25.8407 	EXP 	unnamed Rect: pos = array([-80.95689023,  93.54525494])
25.8575 	EXP 	unnamed Rect: pos = array([-80.95689023,  93.54525494])
25.8740 	EXP 	unnamed Rect: pos = array([-80.95689023,  93.54525494])
25.8911 	EXP 	unnamed Rect: pos = array([-80.95689023,  93.54525494])
25.9083 	EXP 	unnamed Rect: pos = array([-80.95689023,  93.54525494])
25.9092 	DATA 	Keypress: right
25.9252 	EXP 	unnamed Rect: pos = array([-70.95689023,  93.54525494])
25.9410 	EXP 	unnamed Rect: pos = array([-70.95689023,  93.54525494])
25.9579 	EXP 	unnamed Rect: pos = array([-70.95689023,  93.54525494])
25.9747 	EXP 	unnamed Rect: pos = array([-70.95689023,  93.54525494])
25.9912 	EXP 	unnamed Rect: pos = array([-70.95689023,  93.54525494])
26.0075 	EXP 	unnamed Rect: pos = array([-70.95689023,  93.54525494])
26.0243 	EXP 	unnamed Rect: pos = array([-70.95689023,  93.54525494])
26.0407 	EXP 	unnamed Rect: pos = array([-70.95689023,  93.54525494])
26.0574 	EXP 	unnamed Rect: pos = array([-70.95689023,  93.54525494])
26.0743 	EXP 	unnamed Rect: pos = array([-70.95689023,  93.54525494])
26.0910 	EXP 	unnamed Rect: pos = array([-70.95689023,  93.54525494])
26.1078 	EXP 	unnamed Rect: pos = array([-70.95689023,  93.54525494])
26.1242 	EXP 	unnamed Rect: pos = array([-70.95689023,  93.54525494])
26.1408 	EXP 	unnamed Rect: pos = array([-70.95689023,  93.54525494])
26.1585 	EXP 	unnamed Rect: pos = array([-70.95689023,  93.54525494])
26.1594 	DATA 	Keypress: up
26.1743 	EXP 	unnamed Rect: pos = array([-70.95689023, 103.54525494])
26.1907 	EXP 	unnamed Rect: pos = array([-70.95689023, 103.54525494])
26.2074 	EXP 	unnamed Rect: pos = array([-70.95689023, 103.54525494])
26.2243 	EXP 	unnamed Rect: pos = array([-70.95689023, 103.54525494])
26.2417 	EXP 	unnamed Rect: pos = array([-70.95689023, 103.54525494])
26.2574 	EXP 	unnamed Rect: pos = array([-70.95689023, 103.54525494])
26.2742 	EXP 	unnamed Rect: pos = array([-70.95689023, 103.54525494])
26.2907 	EXP 	unnamed Rect: pos = array([-70.95689023, 103.54525494])
26.3074 	EXP 	unnamed Rect: pos = array([-70.95689023, 103.54525494])
26.3242 	EXP 	unnamed Rect: pos = array([-70.95689023, 103.54525494])
26.3407 	EXP 	unnamed Rect: pos = array([-70.95689023, 103.54525494])
26.3574 	EXP 	unnamed Rect: pos = array([-70.95689023, 103.54525494])
26.3741 	EXP 	unnamed Rect: pos = array([-70.95689023, 103.54525494])
26.3912 	EXP 	unnamed Rect: pos = array([-70.95689023, 103.54525494])
26.3921 	DATA 	Keypress: right
26.4086 	EXP 	unnamed Rect: pos = array([-60.95689023, 103.54525494])
26.4243 	EXP 	unnamed Rect: pos = array([-60.95689023, 103.54525494])
26.4407 	EXP 	unnamed Rect: pos = array([-60.95689023, 103.54525494])
26.4588 	EXP 	unnamed Rect: pos = array([-60.95689023, 103.54525494])
26.4742 	EXP 	unnamed Rect: pos = array([-60.95689023, 103.54525494])
26.4912 	EXP 	unnamed Rect: pos = array([-60.95689023, 103.54525494])
26.5080 	EXP 	unnamed Rect: pos = array([-60.95689023, 103.54525494])
26.5243 	EXP 	unnamed Rect: pos = array([-60.95689023, 103.54525494])
26.5407 	EXP 	unnamed Rect: pos = array([-60.95689023, 103.54525494])
26.5580 	EXP 	unnamed Rect: pos = array([-60.95689023, 103.54525494])
26.5743 	EXP 	unnamed Rect: pos = array([-60.95689023, 103.54525494])
26.5907 	EXP 	unnamed Rect: pos = array([-60.95689023, 103.54525494])
26.6075 	EXP 	unnamed Rect: pos = array([-60.95689023, 103.54525494])
26.6248 	EXP 	unnamed Rect: pos = array([-60.95689023, 103.54525494])
26.6257 	DATA 	Keypress: up
26.6411 	EXP 	unnamed Rect: pos = array([-60.95689023, 113.54525494])
26.6576 	EXP 	unnamed Rect: pos = array([-60.95689023, 113.54525494])
26.6741 	EXP 	unnamed Rect: pos = array([-60.95689023, 113.54525494])
26.6911 	EXP 	unnamed Rect: pos = array([-60.95689023, 113.54525494])
26.7076 	EXP 	unnamed Rect: pos = array([-60.95689023, 113.54525494])
26.7242 	EXP 	unnamed Rect: pos = array([-60.95689023, 113.54525494])
26.7418 	EXP 	unnamed Rect: pos = array([-60.95689023, 113.54525494])
26.7576 	EXP 	unnamed Rect: pos = array([-60.95689023, 113.54525494])
26.7740 	EXP 	unnamed Rect: pos = array([-60.95689023, 113.54525494])
26.7907 	EXP 	unnamed Rect: pos = array([-60.95689023, 113.54525494])
26.8074 	EXP 	unnamed Rect: pos = array([-60.95689023, 113.54525494])
26.8243 	EXP 	unnamed Rect: pos = array([-60.95689023, 113.54525494])
26.8407 	EXP 	unnamed Rect: pos = array([-60.95689023, 113.54525494])
26.8574 	EXP 	unnamed Rect: pos = array([-60.95689023, 113.54525494])
26.8741 	EXP 	unnamed Rect: pos = array([-60.95689023, 113.54525494])
26.8909 	EXP 	unnamed Rect: pos = array([-60.95689023, 113.54525494])
26.9082 	EXP 	unnamed Rect: pos = array([-60.95689023, 113.54525494])
26.9092 	DATA 	Keypress: up
26.9250 	EXP 	unnamed Rect: pos = array([-60.95689023, 123.54525494])
26.9407 	EXP 	unnamed Rect: pos = array([-60.95689023, 123.54525494])
26.9573 	EXP 	unnamed Rect: pos = array([-60.95689023, 123.54525494])
26.9740 	EXP 	unnamed Rect: pos = array([-60.95689023, 123.54525494])
26.9907 	EXP 	unnamed Rect: pos = array([-60.95689023, 123.54525494])
27.0080 	EXP 	unnamed Rect: pos = array([-60.95689023, 123.54525494])
27.0245 	EXP 	unnamed Rect: pos = array([-60.95689023, 123.54525494])
27.0409 	EXP 	unnamed Rect: pos = array([-60.95689023, 123.54525494])
27.0576 	EXP 	unnamed Rect: pos = array([-60.95689023, 123.54525494])
27.0741 	EXP 	unnamed Rect: pos = array([-60.95689023, 123.54525494])
27.0910 	EXP 	unnamed Rect: pos = array([-60.95689023, 123.54525494])
27.1076 	EXP 	unnamed Rect: pos = array([-60.95689023, 123.54525494])
27.1241 	EXP 	unnamed Rect: pos = array([-60.95689023, 123.54525494])
27.1408 	EXP 	unnamed Rect: pos = array([-60.95689023, 123.54525494])
27.1453 	DATA 	Keypress: right
27.1585 	EXP 	unnamed Rect: pos = array([-60.95689023, 123.54525494])
27.1741 	EXP 	unnamed Rect: pos = array([-50.95689023, 123.54525494])
27.1909 	EXP 	unnamed Rect: pos = array([-50.95689023, 123.54525494])
27.2076 	EXP 	unnamed Rect: pos = array([-50.95689023, 123.54525494])
27.2241 	EXP 	unnamed Rect: pos = array([-50.95689023, 123.54525494])
27.2407 	EXP 	unnamed Rect: pos = array([-50.95689023, 123.54525494])
27.2574 	EXP 	unnamed Rect: pos = array([-50.95689023, 123.54525494])
27.2751 	EXP 	unnamed Rect: pos = array([-50.95689023, 123.54525494])
27.2910 	EXP 	unnamed Rect: pos = array([-50.95689023, 123.54525494])
27.3076 	EXP 	unnamed Rect: pos = array([-50.95689023, 123.54525494])
27.3242 	EXP 	unnamed Rect: pos = array([-50.95689023, 123.54525494])
27.3407 	EXP 	unnamed Rect: pos = array([-50.95689023, 123.54525494])
27.3574 	EXP 	unnamed Rect: pos = array([-50.95689023, 123.54525494])
27.3741 	EXP 	unnamed Rect: pos = array([-50.95689023, 123.54525494])
27.3907 	EXP 	unnamed Rect: pos = array([-50.95689023, 123.54525494])
27.4074 	EXP 	unnamed Rect: pos = array([-50.95689023, 123.54525494])
27.4240 	EXP 	unnamed Rect: pos = array([-50.95689023, 123.54525494])
27.4410 	EXP 	unnamed Rect: pos = array([-50.95689023, 123.54525494])
27.4582 	EXP 	unnamed Rect: pos = array([-50.95689023, 123.54525494])
27.4592 	DATA 	Keypress: up
27.4749 	EXP 	unnamed Rect: pos = array([-50.95689023, 133.54525494])
27.4907 	EXP 	unnamed Rect: pos = array([-50.95689023, 133.54525494])
27.5077 	EXP 	unnamed Rect: pos = array([-50.95689023, 133.54525494])
27.5243 	EXP 	unnamed Rect: pos = array([-50.95689023, 133.54525494])
27.5407 	EXP 	unnamed Rect: pos = array([-50.95689023, 133.54525494])
27.5576 	EXP 	unnamed Rect: pos = array([-50.95689023, 133.54525494])
27.5740 	EXP 	unnamed Rect: pos = array([-50.95689023, 133.54525494])
27.5907 	EXP 	unnamed Rect: pos = array([-50.95689023, 133.54525494])
27.6074 	EXP 	unnamed Rect: pos = array([-50.95689023, 133.54525494])
27.6241 	EXP 	unnamed Rect: pos = array([-50.95689023, 133.54525494])
27.6409 	EXP 	unnamed Rect: pos = array([-50.95689023, 133.54525494])
27.6578 	EXP 	unnamed Rect: pos = array([-50.95689023, 133.54525494])
27.6742 	EXP 	unnamed Rect: pos = array([-50.95689023, 133.54525494])
27.6907 	EXP 	unnamed Rect: pos = array([-50.95689023, 133.54525494])
27.7084 	EXP 	unnamed Rect: pos = array([-50.95689023, 133.54525494])
27.7093 	DATA 	Keypress: up
27.7241 	EXP 	unnamed Rect: pos = array([-50.95689023, 143.54525494])
27.7409 	EXP 	unnamed Rect: pos = array([-50.95689023, 143.54525494])
27.7579 	EXP 	unnamed Rect: pos = array([-50.95689023, 143.54525494])
27.7741 	EXP 	unnamed Rect: pos = array([-50.95689023, 143.54525494])
27.7907 	EXP 	unnamed Rect: pos = array([-50.95689023, 143.54525494])
27.8073 	EXP 	unnamed Rect: pos = array([-50.95689023, 143.54525494])
27.8247 	EXP 	unnamed Rect: pos = array([-50.95689023, 143.54525494])
27.8420 	EXP 	unnamed Rect: pos = array([-50.95689023, 143.54525494])
27.8574 	EXP 	unnamed Rect: pos = array([-50.95689023, 143.54525494])
27.8743 	EXP 	unnamed Rect: pos = array([-50.95689023, 143.54525494])
27.8909 	EXP 	unnamed Rect: pos = array([-50.95689023, 143.54525494])
27.9080 	EXP 	unnamed Rect: pos = array([-50.95689023, 143.54525494])
27.9246 	EXP 	unnamed Rect: pos = array([-50.95689023, 143.54525494])
27.9411 	EXP 	unnamed Rect: pos = array([-50.95689023, 143.54525494])
27.9579 	EXP 	unnamed Rect: pos = array([-50.95689023, 143.54525494])
27.9588 	DATA 	Keypress: right
27.9741 	EXP 	unnamed Rect: pos = array([-40.95689023, 143.54525494])
27.9909 	EXP 	unnamed Rect: pos = array([-40.95689023, 143.54525494])
28.0074 	EXP 	unnamed Rect: pos = array([-40.95689023, 143.54525494])
28.0241 	EXP 	unnamed Rect: pos = array([-40.95689023, 143.54525494])
28.0408 	EXP 	unnamed Rect: pos = array([-40.95689023, 143.54525494])
28.0588 	EXP 	unnamed Rect: pos = array([-40.95689023, 143.54525494])
28.0743 	EXP 	unnamed Rect: pos = array([-40.95689023, 143.54525494])
28.0919 	EXP 	unnamed Rect: pos = array([-40.95689023, 143.54525494])
28.1076 	EXP 	unnamed Rect: pos = array([-40.95689023, 143.54525494])
28.1243 	EXP 	unnamed Rect: pos = array([-40.95689023, 143.54525494])
28.1410 	EXP 	unnamed Rect: pos = array([-40.95689023, 143.54525494])
28.1574 	EXP 	unnamed Rect: pos = array([-40.95689023, 143.54525494])
28.1752 	EXP 	unnamed Rect: pos = array([-40.95689023, 143.54525494])
28.1761 	DATA 	Keypress: up
28.1910 	EXP 	unnamed Rect: pos = array([-40.95689023, 153.54525494])
28.2074 	EXP 	unnamed Rect: pos = array([-40.95689023, 153.54525494])
28.2241 	EXP 	unnamed Rect: pos = array([-40.95689023, 153.54525494])
28.2408 	EXP 	unnamed Rect: pos = array([-40.95689023, 153.54525494])
28.2576 	EXP 	unnamed Rect: pos = array([-40.95689023, 153.54525494])
28.2744 	EXP 	unnamed Rect: pos = array([-40.95689023, 153.54525494])
28.2918 	EXP 	unnamed Rect: pos = array([-40.95689023, 153.54525494])
28.3076 	EXP 	unnamed Rect: pos = array([-40.95689023, 153.54525494])
28.3243 	EXP 	unnamed Rect: pos = array([-40.95689023, 153.54525494])
28.3407 	EXP 	unnamed Rect: pos = array([-40.95689023, 153.54525494])
28.3576 	EXP 	unnamed Rect: pos = array([-40.95689023, 153.54525494])
28.3744 	EXP 	unnamed Rect: pos = array([-40.95689023, 153.54525494])
28.3910 	EXP 	unnamed Rect: pos = array([-40.95689023, 153.54525494])
28.4073 	EXP 	unnamed Rect: pos = array([-40.95689023, 153.54525494])
28.4242 	EXP 	unnamed Rect: pos = array([-40.95689023, 153.54525494])
28.4413 	EXP 	unnamed Rect: pos = array([-40.95689023, 153.54525494])
28.4421 	DATA 	Keypress: left
28.4585 	EXP 	unnamed Rect: pos = array([-50.95689023, 153.54525494])
28.4741 	EXP 	unnamed Rect: pos = array([-50.95689023, 153.54525494])
28.4909 	EXP 	unnamed Rect: pos = array([-50.95689023, 153.54525494])
28.5075 	EXP 	unnamed Rect: pos = array([-50.95689023, 153.54525494])
28.5243 	EXP 	unnamed Rect: pos = array([-50.95689023, 153.54525494])
28.5410 	EXP 	unnamed Rect: pos = array([-50.95689023, 153.54525494])
28.5585 	EXP 	unnamed Rect: pos = array([-50.95689023, 153.54525494])
28.5741 	EXP 	text: autoDraw = True
28.6602 	DATA 	Keypress: up
31.5589 	EXP 	New trial (rep=1, index=0): None
31.5746 	EXP 	text: autoDraw = False
31.5746 	EXP 	text: autoDraw = False
31.5746 	EXP 	Welcometext: autoDraw = True
32.8452 	EXP 	Created unnamed Rect = Rect(__class__=<class 'psychopy.visual.rect.Rect'>, autoDraw=False, autoLog=True, closeShape=True, color=method-wrapper(...), colorSpace='rgb', contrast=None, depth=0, fillColor=array([ 1, -1, -1]), fillColorSpace='rgb', fillRGB=array([ 1, -1, -1]), interpolate=True, lineColor=array([-1., -1.,  1.]), lineColorSpace='rgb', lineRGB=array([-1, -1,  1]), lineWidth=1.5, name='unnamed Rect', opacity=1, ori=0.0, pos=array([0., 0.]), size=array([1000.,  700.]), units='pix', vertices=ndarray(...), win=Window(...))
32.8478 	EXP 	Created unnamed Rect = Rect(__class__=<class 'psychopy.visual.rect.Rect'>, autoDraw=False, autoLog=True, closeShape=True, color=method-wrapper(...), colorSpace='rgb', contrast=None, depth=0, fillColor=array([-1, -1, -1]), fillColorSpace='rgb', fillRGB=array([-1, -1, -1]), interpolate=True, lineColor=array([-1., -1.,  1.]), lineColorSpace='rgb', lineRGB=array([-1, -1,  1]), lineWidth=1.5, name='unnamed Rect', opacity=1, ori=0.0, pos=array([0., 0.]), size=array([400., 600.]), units='pix', vertices=ndarray(...), win=Window(...))
32.8504 	EXP 	Created unnamed Rect = Rect(__class__=<class 'psychopy.visual.rect.Rect'>, autoDraw=False, autoLog=True, closeShape=True, color=method-wrapper(...), colorSpace='rgb', contrast=None, depth=0, fillColor=array([-1, -1, -1]), fillColorSpace='rgb', fillRGB=array([-1, -1, -1]), interpolate=True, lineColor=array([-1., -1.,  1.]), lineColorSpace='rgb', lineRGB=array([-1, -1,  1]), lineWidth=1.5, name='unnamed Rect', opacity=1, ori=0.0, pos=array([0., 0.]), size=array([400., 600.]), units='pix', vertices=ndarray(...), win=Window(...))
32.8538 	EXP 	Created unnamed Rect = Rect(__class__=<class 'psychopy.visual.rect.Rect'>, autoDraw=False, autoLog=True, closeShape=True, color=method-wrapper(...), colorSpace='rgb', contrast=None, depth=0, fillColor=array([ 1,  1, -1]), fillColorSpace='rgb', fillRGB=array([ 1,  1, -1]), interpolate=True, lineColor=array([0., 0., 0.]), lineColorSpace='rgb', lineRGB=array([0, 0, 0]), lineWidth=1.5, name='unnamed Rect', opacity=0.5, ori=0.0, pos=array([0., 0.]), size=array([30., 30.]), units='pix', vertices=ndarray(...), win=Window(...))
32.8566 	EXP 	Created unnamed Rect = Rect(__class__=<class 'psychopy.visual.rect.Rect'>, autoDraw=False, autoLog=True, closeShape=True, color=method-wrapper(...), colorSpace='rgb', contrast=None, depth=0, fillColor=array([ 1,  1, -1]), fillColorSpace='rgb', fillRGB=array([ 1,  1, -1]), interpolate=True, lineColor=array([0., 0., 0.]), lineColorSpace='rgb', lineRGB=array([0, 0, 0]), lineWidth=1.5, name='unnamed Rect', opacity=0.5, ori=0.0, pos=array([0., 0.]), size=array([30., 30.]), units='pix', vertices=ndarray(...), win=Window(...))
32.8593 	EXP 	Created unnamed Rect = Rect(__class__=<class 'psychopy.visual.rect.Rect'>, autoDraw=False, autoLog=True, closeShape=True, color=method-wrapper(...), colorSpace='rgb', contrast=None, depth=0, fillColor=array([ 1,  1, -1]), fillColorSpace='rgb', fillRGB=array([ 1,  1, -1]), interpolate=True, lineColor=array([0., 0., 0.]), lineColorSpace='rgb', lineRGB=array([0, 0, 0]), lineWidth=1.5, name='unnamed Rect', opacity=0.5, ori=0.0, pos=array([0., 0.]), size=array([30., 30.]), units='pix', vertices=ndarray(...), win=Window(...))
32.8620 	EXP 	Created unnamed Rect = Rect(__class__=<class 'psychopy.visual.rect.Rect'>, autoDraw=False, autoLog=True, closeShape=True, color=method-wrapper(...), colorSpace='rgb', contrast=None, depth=0, fillColor=array([ 1,  1, -1]), fillColorSpace='rgb', fillRGB=array([ 1,  1, -1]), interpolate=True, lineColor=array([0., 0., 0.]), lineColorSpace='rgb', lineRGB=array([0, 0, 0]), lineWidth=1.5, name='unnamed Rect', opacity=0.5, ori=0.0, pos=array([0., 0.]), size=array([30., 30.]), units='pix', vertices=ndarray(...), win=Window(...))
32.8647 	EXP 	Created unnamed Rect = Rect(__class__=<class 'psychopy.visual.rect.Rect'>, autoDraw=False, autoLog=True, closeShape=True, color=method-wrapper(...), colorSpace='rgb', contrast=None, depth=0, fillColor=array([ 1,  1, -1]), fillColorSpace='rgb', fillRGB=array([ 1,  1, -1]), interpolate=True, lineColor=array([0., 0., 0.]), lineColorSpace='rgb', lineRGB=array([0, 0, 0]), lineWidth=1.5, name='unnamed Rect', opacity=0.5, ori=0.0, pos=array([0., 0.]), size=array([30., 30.]), units='pix', vertices=ndarray(...), win=Window(...))
32.8674 	EXP 	Created unnamed Rect = Rect(__class__=<class 'psychopy.visual.rect.Rect'>, autoDraw=False, autoLog=True, closeShape=True, color=method-wrapper(...), colorSpace='rgb', contrast=None, depth=0, fillColor=array([ 1,  1, -1]), fillColorSpace='rgb', fillRGB=array([ 1,  1, -1]), interpolate=True, lineColor=array([0., 0., 0.]), lineColorSpace='rgb', lineRGB=array([0, 0, 0]), lineWidth=1.5, name='unnamed Rect', opacity=0.5, ori=0.0, pos=array([0., 0.]), size=array([30., 30.]), units='pix', vertices=ndarray(...), win=Window(...))
32.8998 	EXP 	Created unnamed ImageStim = ImageStim(__class__=<class 'psychopy.visual.image.ImageStim'>, autoLog=True, color=array([1., 1., 1.]), colorSpace='rgb', contrast=1.0, depth=0, flipHoriz=False, flipVert=False, image='tree.png', interpolate=False, mask=None, maskParams=None, name='unnamed ImageStim', opacity=1, ori=0.0, pos=array([0., 0.]), size=array([512, 512]), texRes=128, units='pix', win=Window(...))
32.9224 	EXP 	Created unnamed ImageStim = ImageStim(__class__=<class 'psychopy.visual.image.ImageStim'>, autoLog=True, color=array([1., 1., 1.]), colorSpace='rgb', contrast=1.0, depth=0, flipHoriz=False, flipVert=False, image='tree.png', interpolate=False, mask=None, maskParams=None, name='unnamed ImageStim', opacity=1, ori=0.0, pos=array([0., 0.]), size=array([512, 512]), texRes=128, units='pix', win=Window(...))
32.9416 	EXP 	Created unnamed ImageStim = ImageStim(__class__=<class 'psychopy.visual.image.ImageStim'>, autoLog=True, color=array([1., 1., 1.]), colorSpace='rgb', contrast=1.0, depth=0, flipHoriz=False, flipVert=False, image='tree.png', interpolate=False, mask=None, maskParams=None, name='unnamed ImageStim', opacity=1, ori=0.0, pos=array([0., 0.]), size=array([512, 512]), texRes=128, units='pix', win=Window(...))
32.9459 	DATA 	Keypress: space
32.9517 	EXP 	Welcometext: autoDraw = False
32.9517 	EXP 	unnamed Rect: pos = [-250, 0]
32.9517 	EXP 	unnamed Rect: pos = [250, 0]
32.9517 	EXP 	unnamed Rect: pos = [-322.8070749414063, -82.67349827586196]
32.9517 	EXP 	unnamed Rect: pos = [-357.32792352279955, 34.165517725634345]
32.9517 	EXP 	unnamed Rect: pos = [-78.41881780936075, -18.326079734608427]
32.9517 	EXP 	unnamed Rect: pos = [-346.5577388107015, -224.842665499495]
32.9517 	EXP 	unnamed Rect: pos = [-335.11831880029285, -86.89731668215555]
32.9517 	EXP 	unnamed Rect: pos = [382.7859141397551, -260.4144675666639]
32.9517 	EXP 	unnamed ImageStim: size = [128.0, 128.0]
32.9517 	EXP 	unnamed ImageStim: size = [128.0, 128.0]
32.9517 	EXP 	unnamed ImageStim: size = [128.0, 128.0]
32.9517 	EXP 	unnamed ImageStim: pos = [6.050907305712212, -95.36262831601702]
32.9517 	EXP 	unnamed ImageStim: pos = [25.640269656763124, -125.57607490807696]
32.9517 	EXP 	unnamed ImageStim: pos = [-243.9490926942878, -95.36262831601702]
32.9517 	EXP 	unnamed ImageStim: pos = [256.0509073057122, -95.36262831601702]
32.9517 	EXP 	unnamed ImageStim: pos = [-224.3597303432369, -125.57607490807696]
32.9517 	EXP 	unnamed ImageStim: pos = [275.6402696567631, -125.57607490807696]
33.2784 	DATA 	Keypress: escape
34.1435 	DATA 	Keypress: escape
34.5935 	DATA 	Keypress: escape
34.9442 	DATA 	Keypress: q
36.1107 	DATA 	Keypress: left
36.5936 	DATA 	Keypress: left
36.8267 	DATA 	Keypress: left
37.0939 	DATA 	Keypress: left
37.9713 	EXP 	window1: mouseVisible = True
