0.6141 	WARNING 	We strongly recommend you activate the PTB sound engine in PsychoPy prefs as the preferred audio engine. Its timing is vastly superior. Your prefs are currently set to use ['sounddevice', 'PTB', 'pyo', 'pygame'] (in that order).
4.5228 	ERROR 	'-1.0000, -1.0000, -1.0000' is not a valid rgb color
5.1244 	EXP 	Created window1 = Window(allowGUI=False, allowStencil=False, autoLog=True, backendConf=UNKNOWN, bitsMode=UNKNOWN, blendMode='avg', bpc=(8, 8, 8), color=array([0, 0, 0]), colorSpace='rgb', depthBits=8, fullscr=<method-wrapper '__getattribute__' of attributeSetter object at 0x7f99d0545a20>, gamma=None, gammaErrorPolicy='raise', lms=UNKNOWN, monitor=<psychopy.monitors.calibTools.Monitor object at 0x7f99d06324e0>, multiSample=False, name='window1', numSamples=2, pos=[360.0, 225.0], screen=0, size=array([2880, 1800]), stencilBits=0, stereo=False, units='height', useFBO=True, useRetina=True, viewOri=0.0, viewPos=None, viewScale=None, waitBlanking=True, winType='pyglet')
5.1248 	EXP 	window1: mouseVisible = True
5.1248 	EXP 	window1: recordFrameIntervals = False
5.2896 	EXP 	window1: recordFrameIntervals = True
5.4737 	EXP 	window1: recordFrameIntervals = False
6.0745 	DEPRECATION 	'1.0000, 1.0000, 1.0000' is not a valid rgb color
6.1032 	EXP 	Created Welcometext = TextStim(__class__=<class 'psychopy.visual.text.TextStim'>, alignHoriz=method-wrapper(...), alignText='center', alignVert=method-wrapper(...), anchorHoriz='center', anchorVert='center', antialias=True, autoLog=True, bold=False, color=array([0., 0., 0.]), colorSpace='rgb', contrast=1.0, depth=0.0, flipHoriz=False, flipVert=False, font='Open Sans', fontFiles=[], height=0.05, italic=False, languageStyle='LTR', name='Welcometext', opacity=0, ori=0.0, pos=array([0., 0.]), rgb=UNKNOWN, text='Welcome\nPlease press Spacebar to start', units='height', win=Window(...), wrapWidth=1)
6.4655 	EXP 	Created text = TextStim(__class__=<class 'psychopy.visual.text.TextStim'>, alignHoriz=method-wrapper(...), alignText='center', alignVert=method-wrapper(...), anchorHoriz='center', anchorVert='center', antialias=True, autoLog=True, bold=False, color=array([1., 1., 1.]), colorSpace='rgb', contrast=1.0, depth=0.0, flipHoriz=False, flipVert=False, font='Open Sans', fontFiles=[], height=0.05, italic=False, languageStyle='LTR', name='text', opacity=1, ori=0.0, pos=array([0., 0.]), rgb=UNKNOWN, text=str(...), units='height', win=Window(...), wrapWidth=1)
6.4662 	EXP 	Created sequence: random, trialTypes=1, nReps=5, seed=None
6.4664 	EXP 	New trial (rep=0, index=0): None
6.4727 	EXP 	Welcometext: autoDraw = True
8.1132 	EXP 	Created unnamed Rect = Rect(__class__=<class 'psychopy.visual.rect.Rect'>, autoDraw=False, autoLog=True, closeShape=True, color=method-wrapper(...), colorSpace='rgb', contrast=None, depth=0, fillColor=array([ 1, -1, -1]), fillColorSpace='rgb', fillRGB=array([ 1, -1, -1]), interpolate=True, lineColor=array([-1., -1.,  1.]), lineColorSpace='rgb', lineRGB=array([-1, -1,  1]), lineWidth=1.5, name='unnamed Rect', opacity=1, ori=0.0, pos=array([0., 0.]), size=array([1000.,  700.]), units='pix', vertices=ndarray(...), win=Window(...))
8.1157 	EXP 	Created unnamed Rect = Rect(__class__=<class 'psychopy.visual.rect.Rect'>, autoDraw=False, autoLog=True, closeShape=True, color=method-wrapper(...), colorSpace='rgb', contrast=None, depth=0, fillColor=array([-1, -1, -1]), fillColorSpace='rgb', fillRGB=array([-1, -1, -1]), interpolate=True, lineColor=array([-1., -1.,  1.]), lineColorSpace='rgb', lineRGB=array([-1, -1,  1]), lineWidth=1.5, name='unnamed Rect', opacity=1, ori=0.0, pos=array([0., 0.]), size=array([400., 600.]), units='pix', vertices=ndarray(...), win=Window(...))
8.1178 	EXP 	Created unnamed Rect = Rect(__class__=<class 'psychopy.visual.rect.Rect'>, autoDraw=False, autoLog=True, closeShape=True, color=method-wrapper(...), colorSpace='rgb', contrast=None, depth=0, fillColor=array([-1, -1, -1]), fillColorSpace='rgb', fillRGB=array([-1, -1, -1]), interpolate=True, lineColor=array([-1., -1.,  1.]), lineColorSpace='rgb', lineRGB=array([-1, -1,  1]), lineWidth=1.5, name='unnamed Rect', opacity=1, ori=0.0, pos=array([0., 0.]), size=array([400., 600.]), units='pix', vertices=ndarray(...), win=Window(...))
8.1208 	EXP 	Created unnamed Rect = Rect(__class__=<class 'psychopy.visual.rect.Rect'>, autoDraw=False, autoLog=True, closeShape=True, color=method-wrapper(...), colorSpace='rgb', contrast=None, depth=0, fillColor=array([ 1,  1, -1]), fillColorSpace='rgb', fillRGB=array([ 1,  1, -1]), interpolate=True, lineColor=array([0., 0., 0.]), lineColorSpace='rgb', lineRGB=array([0, 0, 0]), lineWidth=1.5, name='unnamed Rect', opacity=0.5, ori=0.0, pos=array([0., 0.]), size=array([30., 30.]), units='pix', vertices=ndarray(...), win=Window(...))
8.1238 	EXP 	Created unnamed Rect = Rect(__class__=<class 'psychopy.visual.rect.Rect'>, autoDraw=False, autoLog=True, closeShape=True, color=method-wrapper(...), colorSpace='rgb', contrast=None, depth=0, fillColor=array([ 1,  1, -1]), fillColorSpace='rgb', fillRGB=array([ 1,  1, -1]), interpolate=True, lineColor=array([0., 0., 0.]), lineColorSpace='rgb', lineRGB=array([0, 0, 0]), lineWidth=1.5, name='unnamed Rect', opacity=0.5, ori=0.0, pos=array([0., 0.]), size=array([30., 30.]), units='pix', vertices=ndarray(...), win=Window(...))
8.1265 	EXP 	Created unnamed Rect = Rect(__class__=<class 'psychopy.visual.rect.Rect'>, autoDraw=False, autoLog=True, closeShape=True, color=method-wrapper(...), colorSpace='rgb', contrast=None, depth=0, fillColor=array([ 1,  1, -1]), fillColorSpace='rgb', fillRGB=array([ 1,  1, -1]), interpolate=True, lineColor=array([0., 0., 0.]), lineColorSpace='rgb', lineRGB=array([0, 0, 0]), lineWidth=1.5, name='unnamed Rect', opacity=0.5, ori=0.0, pos=array([0., 0.]), size=array([30., 30.]), units='pix', vertices=ndarray(...), win=Window(...))
8.1290 	EXP 	Created unnamed Rect = Rect(__class__=<class 'psychopy.visual.rect.Rect'>, autoDraw=False, autoLog=True, closeShape=True, color=method-wrapper(...), colorSpace='rgb', contrast=None, depth=0, fillColor=array([ 1,  1, -1]), fillColorSpace='rgb', fillRGB=array([ 1,  1, -1]), interpolate=True, lineColor=array([0., 0., 0.]), lineColorSpace='rgb', lineRGB=array([0, 0, 0]), lineWidth=1.5, name='unnamed Rect', opacity=0.5, ori=0.0, pos=array([0., 0.]), size=array([30., 30.]), units='pix', vertices=ndarray(...), win=Window(...))
8.1313 	EXP 	Created unnamed Rect = Rect(__class__=<class 'psychopy.visual.rect.Rect'>, autoDraw=False, autoLog=True, closeShape=True, color=method-wrapper(...), colorSpace='rgb', contrast=None, depth=0, fillColor=array([ 1,  1, -1]), fillColorSpace='rgb', fillRGB=array([ 1,  1, -1]), interpolate=True, lineColor=array([0., 0., 0.]), lineColorSpace='rgb', lineRGB=array([0, 0, 0]), lineWidth=1.5, name='unnamed Rect', opacity=0.5, ori=0.0, pos=array([0., 0.]), size=array([30., 30.]), units='pix', vertices=ndarray(...), win=Window(...))
8.1728 	EXP 	Created unnamed ImageStim = ImageStim(__class__=<class 'psychopy.visual.image.ImageStim'>, autoLog=True, color=array([1., 1., 1.]), colorSpace='rgb', contrast=1.0, depth=0, flipHoriz=False, flipVert=False, image='tree.png', interpolate=False, mask=None, maskParams=None, name='unnamed ImageStim', opacity=1, ori=0.0, pos=array([0., 0.]), size=array([512, 512]), texRes=128, units='pix', win=Window(...))
8.1933 	EXP 	Created unnamed ImageStim = ImageStim(__class__=<class 'psychopy.visual.image.ImageStim'>, autoLog=True, color=array([1., 1., 1.]), colorSpace='rgb', contrast=1.0, depth=0, flipHoriz=False, flipVert=False, image='tree.png', interpolate=False, mask=None, maskParams=None, name='unnamed ImageStim', opacity=1, ori=0.0, pos=array([0., 0.]), size=array([512, 512]), texRes=128, units='pix', win=Window(...))
8.2115 	EXP 	Created unnamed ImageStim = ImageStim(__class__=<class 'psychopy.visual.image.ImageStim'>, autoLog=True, color=array([1., 1., 1.]), colorSpace='rgb', contrast=1.0, depth=0, flipHoriz=False, flipVert=False, image='tree.png', interpolate=False, mask=None, maskParams=None, name='unnamed ImageStim', opacity=1, ori=0.0, pos=array([0., 0.]), size=array([512, 512]), texRes=128, units='pix', win=Window(...))
8.2196 	DATA 	Keypress: space
8.2253 	EXP 	Welcometext: autoDraw = False
8.2253 	EXP 	unnamed Rect: pos = [-250, 0]
8.2253 	EXP 	unnamed Rect: pos = [250, 0]
8.2253 	EXP 	unnamed Rect: pos = [-188.39544093803605, -174.48496933280958]
8.2253 	EXP 	unnamed Rect: pos = [403.60894281873993, -190.54281205105255]
8.2253 	EXP 	unnamed Rect: pos = [215.73561555254827, 83.69100167713135]
8.2253 	EXP 	unnamed Rect: pos = [429.147955129544, -98.53604320279717]
8.2253 	EXP 	unnamed Rect: pos = [83.66559174479855, -262.1565487766051]
8.2253 	EXP 	unnamed ImageStim: size = [51.2, 51.2]
8.2253 	EXP 	unnamed ImageStim: size = [51.2, 51.2]
8.2253 	EXP 	unnamed ImageStim: size = [51.2, 51.2]
8.2253 	EXP 	unnamed ImageStim: pos = [61.81311150201819, 240.8756995166438]
8.2253 	EXP 	unnamed ImageStim: pos = [-188.1868884979818, 240.8756995166438]
8.2253 	EXP 	unnamed ImageStim: pos = [311.81311150201816, 240.8756995166438]
14.3296 	EXP 	Created unnamed Rect = Rect(__class__=<class 'psychopy.visual.rect.Rect'>, autoDraw=False, autoLog=True, closeShape=True, color=method-wrapper(...), colorSpace='rgb', contrast=None, depth=0, fillColor=array([-1, -1, -1]), fillColorSpace='rgb', fillRGB=array([-1, -1, -1]), interpolate=True, lineColor=array([-1., -1.,  1.]), lineColorSpace='rgb', lineRGB=array([-1, -1,  1]), lineWidth=1.5, name='unnamed Rect', opacity=1, ori=0.0, pos=array([0., 0.]), size=array([400., 600.]), units='pix', vertices=ndarray(...), win=Window(...))
14.3672 	EXP 	Created unnamed Rect = Rect(__class__=<class 'psychopy.visual.rect.Rect'>, autoDraw=False, autoLog=True, closeShape=True, color=method-wrapper(...), colorSpace='rgb', contrast=None, depth=0, fillColor=array([-1, -1, -1]), fillColorSpace='rgb', fillRGB=array([-1, -1, -1]), interpolate=True, lineColor=array([-1., -1.,  1.]), lineColorSpace='rgb', lineRGB=array([-1, -1,  1]), lineWidth=1.5, name='unnamed Rect', opacity=1, ori=0.0, pos=array([0., 0.]), size=array([400., 600.]), units='pix', vertices=ndarray(...), win=Window(...))
14.3810 	DATA 	Keypress: left
14.3900 	EXP 	unnamed Rect: pos = array([  61.60455906, -174.48496933])
14.3900 	EXP 	unnamed Rect: pos = array([  61.60455906, -174.48496933])
14.4115 	EXP 	unnamed Rect: pos = array([  61.60455906, -174.48496933])
14.4207 	EXP 	unnamed Rect: pos = array([  61.60455906, -174.48496933])
14.4386 	EXP 	unnamed Rect: pos = array([  61.60455906, -174.48496933])
14.4467 	EXP 	unnamed Rect: pos = array([  61.60455906, -174.48496933])
14.4556 	EXP 	unnamed Rect: pos = array([  61.60455906, -174.48496933])
14.4721 	EXP 	unnamed Rect: pos = array([  61.60455906, -174.48496933])
14.4886 	EXP 	unnamed Rect: pos = array([  61.60455906, -174.48496933])
14.5056 	EXP 	unnamed Rect: pos = array([  61.60455906, -174.48496933])
14.5221 	EXP 	unnamed Rect: pos = array([  61.60455906, -174.48496933])
14.5389 	EXP 	unnamed Rect: pos = array([  61.60455906, -174.48496933])
14.5553 	EXP 	unnamed Rect: pos = array([  61.60455906, -174.48496933])
14.5721 	EXP 	unnamed Rect: pos = array([  61.60455906, -174.48496933])
14.5888 	EXP 	unnamed Rect: pos = array([  61.60455906, -174.48496933])
14.6059 	EXP 	unnamed Rect: pos = array([  61.60455906, -174.48496933])
14.6223 	EXP 	unnamed Rect: pos = array([  61.60455906, -174.48496933])
14.6392 	EXP 	unnamed Rect: pos = array([  61.60455906, -174.48496933])
14.6555 	EXP 	unnamed Rect: pos = array([  61.60455906, -174.48496933])
14.6728 	EXP 	unnamed Rect: pos = array([  61.60455906, -174.48496933])
14.6737 	DATA 	Keypress: up
14.6894 	EXP 	unnamed Rect: pos = array([  61.60455906, -164.48496933])
14.7070 	EXP 	unnamed Rect: pos = array([  61.60455906, -164.48496933])
14.7227 	EXP 	unnamed Rect: pos = array([  61.60455906, -164.48496933])
14.7397 	EXP 	unnamed Rect: pos = array([  61.60455906, -164.48496933])
14.7569 	EXP 	unnamed Rect: pos = array([  61.60455906, -164.48496933])
14.7735 	EXP 	unnamed Rect: pos = array([  61.60455906, -164.48496933])
14.7901 	EXP 	unnamed Rect: pos = array([  61.60455906, -164.48496933])
14.8060 	EXP 	unnamed Rect: pos = array([  61.60455906, -164.48496933])
14.8224 	EXP 	unnamed Rect: pos = array([  61.60455906, -164.48496933])
14.8313 	DATA 	Keypress: up
14.8384 	EXP 	unnamed Rect: pos = array([  61.60455906, -164.48496933])
14.8568 	EXP 	unnamed Rect: pos = array([  61.60455906, -154.48496933])
14.8721 	EXP 	unnamed Rect: pos = array([  61.60455906, -154.48496933])
14.8886 	EXP 	unnamed Rect: pos = array([  61.60455906, -154.48496933])
14.9058 	EXP 	unnamed Rect: pos = array([  61.60455906, -154.48496933])
14.9220 	EXP 	unnamed Rect: pos = array([  61.60455906, -154.48496933])
14.9390 	EXP 	unnamed Rect: pos = array([  61.60455906, -154.48496933])
14.9554 	EXP 	unnamed Rect: pos = array([  61.60455906, -154.48496933])
14.9720 	EXP 	unnamed Rect: pos = array([  61.60455906, -154.48496933])
14.9893 	EXP 	unnamed Rect: pos = array([  61.60455906, -154.48496933])
14.9900 	DATA 	Keypress: up
15.0056 	EXP 	unnamed Rect: pos = array([  61.60455906, -144.48496933])
15.0224 	EXP 	unnamed Rect: pos = array([  61.60455906, -144.48496933])
15.0387 	EXP 	unnamed Rect: pos = array([  61.60455906, -144.48496933])
15.0554 	EXP 	unnamed Rect: pos = array([  61.60455906, -144.48496933])
15.0734 	EXP 	unnamed Rect: pos = array([  61.60455906, -144.48496933])
15.0891 	EXP 	unnamed Rect: pos = array([  61.60455906, -144.48496933])
15.1061 	EXP 	unnamed Rect: pos = array([  61.60455906, -144.48496933])
15.1225 	EXP 	unnamed Rect: pos = array([  61.60455906, -144.48496933])
15.1393 	EXP 	unnamed Rect: pos = array([  61.60455906, -144.48496933])
15.1564 	EXP 	unnamed Rect: pos = array([  61.60455906, -144.48496933])
15.1732 	EXP 	unnamed Rect: pos = array([  61.60455906, -144.48496933])
15.1895 	EXP 	unnamed Rect: pos = array([  61.60455906, -144.48496933])
15.2069 	EXP 	unnamed Rect: pos = array([  61.60455906, -144.48496933])
15.2235 	EXP 	unnamed Rect: pos = array([  61.60455906, -144.48496933])
15.2243 	DATA 	Keypress: up
15.2393 	EXP 	unnamed Rect: pos = array([  61.60455906, -134.48496933])
15.2559 	EXP 	unnamed Rect: pos = array([  61.60455906, -134.48496933])
15.2726 	EXP 	unnamed Rect: pos = array([  61.60455906, -134.48496933])
15.2899 	EXP 	unnamed Rect: pos = array([  61.60455906, -134.48496933])
15.3069 	EXP 	unnamed Rect: pos = array([  61.60455906, -134.48496933])
15.3230 	EXP 	unnamed Rect: pos = array([  61.60455906, -134.48496933])
15.3394 	EXP 	unnamed Rect: pos = array([  61.60455906, -134.48496933])
15.3565 	EXP 	unnamed Rect: pos = array([  61.60455906, -134.48496933])
15.3724 	EXP 	unnamed Rect: pos = array([  61.60455906, -134.48496933])
15.3895 	EXP 	unnamed Rect: pos = array([  61.60455906, -134.48496933])
15.3902 	DATA 	Keypress: up
15.4060 	EXP 	unnamed Rect: pos = array([  61.60455906, -124.48496933])
15.4225 	EXP 	unnamed Rect: pos = array([  61.60455906, -124.48496933])
15.4396 	EXP 	unnamed Rect: pos = array([  61.60455906, -124.48496933])
15.4564 	EXP 	unnamed Rect: pos = array([  61.60455906, -124.48496933])
15.4726 	EXP 	unnamed Rect: pos = array([  61.60455906, -124.48496933])
15.4890 	EXP 	unnamed Rect: pos = array([  61.60455906, -124.48496933])
15.5055 	EXP 	unnamed Rect: pos = array([  61.60455906, -124.48496933])
15.5228 	EXP 	unnamed Rect: pos = array([  61.60455906, -124.48496933])
15.5401 	EXP 	unnamed Rect: pos = array([  61.60455906, -124.48496933])
15.5408 	DATA 	Keypress: up
15.5558 	EXP 	unnamed Rect: pos = array([  61.60455906, -114.48496933])
15.5727 	EXP 	unnamed Rect: pos = array([  61.60455906, -114.48496933])
15.5901 	EXP 	unnamed Rect: pos = array([  61.60455906, -114.48496933])
15.6061 	EXP 	unnamed Rect: pos = array([  61.60455906, -114.48496933])
15.6224 	EXP 	unnamed Rect: pos = array([  61.60455906, -114.48496933])
15.6393 	EXP 	unnamed Rect: pos = array([  61.60455906, -114.48496933])
15.6559 	EXP 	unnamed Rect: pos = array([  61.60455906, -114.48496933])
15.6728 	EXP 	unnamed Rect: pos = array([  61.60455906, -114.48496933])
15.6769 	DATA 	Keypress: up
15.6901 	EXP 	unnamed Rect: pos = array([  61.60455906, -114.48496933])
15.7057 	EXP 	unnamed Rect: pos = array([  61.60455906, -104.48496933])
15.7227 	EXP 	unnamed Rect: pos = array([  61.60455906, -104.48496933])
15.7397 	EXP 	unnamed Rect: pos = array([  61.60455906, -104.48496933])
15.7559 	EXP 	unnamed Rect: pos = array([  61.60455906, -104.48496933])
15.7728 	EXP 	unnamed Rect: pos = array([  61.60455906, -104.48496933])
15.7904 	EXP 	unnamed Rect: pos = array([  61.60455906, -104.48496933])
15.8067 	EXP 	unnamed Rect: pos = array([  61.60455906, -104.48496933])
15.8228 	EXP 	unnamed Rect: pos = array([  61.60455906, -104.48496933])
15.8236 	DATA 	Keypress: up
15.8402 	EXP 	unnamed Rect: pos = array([ 61.60455906, -94.48496933])
15.8560 	EXP 	unnamed Rect: pos = array([ 61.60455906, -94.48496933])
15.8727 	EXP 	unnamed Rect: pos = array([ 61.60455906, -94.48496933])
15.8898 	EXP 	unnamed Rect: pos = array([ 61.60455906, -94.48496933])
15.9062 	EXP 	unnamed Rect: pos = array([ 61.60455906, -94.48496933])
15.9226 	EXP 	unnamed Rect: pos = array([ 61.60455906, -94.48496933])
15.9395 	EXP 	unnamed Rect: pos = array([ 61.60455906, -94.48496933])
15.9560 	EXP 	unnamed Rect: pos = array([ 61.60455906, -94.48496933])
15.9733 	EXP 	unnamed Rect: pos = array([ 61.60455906, -94.48496933])
15.9739 	DATA 	Keypress: up
15.9895 	EXP 	unnamed Rect: pos = array([ 61.60455906, -84.48496933])
16.0061 	EXP 	unnamed Rect: pos = array([ 61.60455906, -84.48496933])
16.0232 	EXP 	unnamed Rect: pos = array([ 61.60455906, -84.48496933])
16.0393 	EXP 	unnamed Rect: pos = array([ 61.60455906, -84.48496933])
16.0559 	EXP 	unnamed Rect: pos = array([ 61.60455906, -84.48496933])
16.0732 	EXP 	unnamed Rect: pos = array([ 61.60455906, -84.48496933])
16.0889 	EXP 	unnamed Rect: pos = array([ 61.60455906, -84.48496933])
16.1059 	EXP 	unnamed Rect: pos = array([ 61.60455906, -84.48496933])
16.1230 	EXP 	unnamed Rect: pos = array([ 61.60455906, -84.48496933])
16.1237 	DATA 	Keypress: up
16.1401 	EXP 	unnamed Rect: pos = array([ 61.60455906, -74.48496933])
16.1560 	EXP 	unnamed Rect: pos = array([ 61.60455906, -74.48496933])
16.1726 	EXP 	unnamed Rect: pos = array([ 61.60455906, -74.48496933])
16.1897 	EXP 	unnamed Rect: pos = array([ 61.60455906, -74.48496933])
16.2063 	EXP 	unnamed Rect: pos = array([ 61.60455906, -74.48496933])
16.2225 	EXP 	unnamed Rect: pos = array([ 61.60455906, -74.48496933])
16.2392 	EXP 	unnamed Rect: pos = array([ 61.60455906, -74.48496933])
16.2556 	EXP 	unnamed Rect: pos = array([ 61.60455906, -74.48496933])
16.2724 	EXP 	unnamed Rect: pos = array([ 61.60455906, -74.48496933])
16.2904 	EXP 	unnamed Rect: pos = array([ 61.60455906, -74.48496933])
16.2911 	DATA 	Keypress: up
16.3058 	EXP 	unnamed Rect: pos = array([ 61.60455906, -64.48496933])
16.3228 	EXP 	unnamed Rect: pos = array([ 61.60455906, -64.48496933])
16.3400 	EXP 	unnamed Rect: pos = array([ 61.60455906, -64.48496933])
16.3555 	EXP 	unnamed Rect: pos = array([ 61.60455906, -64.48496933])
16.3728 	EXP 	unnamed Rect: pos = array([ 61.60455906, -64.48496933])
16.3896 	EXP 	unnamed Rect: pos = array([ 61.60455906, -64.48496933])
16.4058 	EXP 	unnamed Rect: pos = array([ 61.60455906, -64.48496933])
16.4225 	EXP 	unnamed Rect: pos = array([ 61.60455906, -64.48496933])
16.4402 	EXP 	unnamed Rect: pos = array([ 61.60455906, -64.48496933])
16.4410 	DATA 	Keypress: up
16.4571 	EXP 	unnamed Rect: pos = array([ 61.60455906, -54.48496933])
16.4733 	EXP 	unnamed Rect: pos = array([ 61.60455906, -54.48496933])
16.4899 	EXP 	unnamed Rect: pos = array([ 61.60455906, -54.48496933])
16.5057 	EXP 	unnamed Rect: pos = array([ 61.60455906, -54.48496933])
16.5226 	EXP 	unnamed Rect: pos = array([ 61.60455906, -54.48496933])
16.5392 	EXP 	unnamed Rect: pos = array([ 61.60455906, -54.48496933])
16.5560 	EXP 	unnamed Rect: pos = array([ 61.60455906, -54.48496933])
16.5726 	EXP 	unnamed Rect: pos = array([ 61.60455906, -54.48496933])
16.5898 	EXP 	unnamed Rect: pos = array([ 61.60455906, -54.48496933])
16.5905 	DATA 	Keypress: up
16.6059 	EXP 	unnamed Rect: pos = array([ 61.60455906, -44.48496933])
16.6225 	EXP 	unnamed Rect: pos = array([ 61.60455906, -44.48496933])
16.6401 	EXP 	unnamed Rect: pos = array([ 61.60455906, -44.48496933])
16.6559 	EXP 	unnamed Rect: pos = array([ 61.60455906, -44.48496933])
16.6731 	EXP 	unnamed Rect: pos = array([ 61.60455906, -44.48496933])
16.6892 	EXP 	unnamed Rect: pos = array([ 61.60455906, -44.48496933])
16.7059 	EXP 	unnamed Rect: pos = array([ 61.60455906, -44.48496933])
16.7223 	EXP 	unnamed Rect: pos = array([ 61.60455906, -44.48496933])
16.7396 	EXP 	unnamed Rect: pos = array([ 61.60455906, -44.48496933])
16.7437 	DATA 	Keypress: up
16.7563 	EXP 	unnamed Rect: pos = array([ 61.60455906, -44.48496933])
16.7722 	EXP 	unnamed Rect: pos = array([ 61.60455906, -34.48496933])
16.7895 	EXP 	unnamed Rect: pos = array([ 61.60455906, -34.48496933])
16.8063 	EXP 	unnamed Rect: pos = array([ 61.60455906, -34.48496933])
16.8223 	EXP 	unnamed Rect: pos = array([ 61.60455906, -34.48496933])
16.8392 	EXP 	unnamed Rect: pos = array([ 61.60455906, -34.48496933])
16.8555 	EXP 	unnamed Rect: pos = array([ 61.60455906, -34.48496933])
16.8732 	EXP 	unnamed Rect: pos = array([ 61.60455906, -34.48496933])
16.8894 	EXP 	unnamed Rect: pos = array([ 61.60455906, -34.48496933])
16.9064 	EXP 	unnamed Rect: pos = array([ 61.60455906, -34.48496933])
16.9071 	DATA 	Keypress: up
16.9239 	EXP 	unnamed Rect: pos = array([ 61.60455906, -24.48496933])
16.9391 	EXP 	unnamed Rect: pos = array([ 61.60455906, -24.48496933])
16.9568 	EXP 	unnamed Rect: pos = array([ 61.60455906, -24.48496933])
16.9727 	EXP 	unnamed Rect: pos = array([ 61.60455906, -24.48496933])
16.9895 	EXP 	unnamed Rect: pos = array([ 61.60455906, -24.48496933])
17.0059 	EXP 	unnamed Rect: pos = array([ 61.60455906, -24.48496933])
17.0227 	EXP 	unnamed Rect: pos = array([ 61.60455906, -24.48496933])
17.0392 	EXP 	unnamed Rect: pos = array([ 61.60455906, -24.48496933])
17.0561 	EXP 	unnamed Rect: pos = array([ 61.60455906, -24.48496933])
17.0568 	DATA 	Keypress: up
17.0737 	EXP 	unnamed Rect: pos = array([ 61.60455906, -14.48496933])
17.0892 	EXP 	unnamed Rect: pos = array([ 61.60455906, -14.48496933])
17.1060 	EXP 	unnamed Rect: pos = array([ 61.60455906, -14.48496933])
17.1237 	EXP 	unnamed Rect: pos = array([ 61.60455906, -14.48496933])
17.1392 	EXP 	unnamed Rect: pos = array([ 61.60455906, -14.48496933])
17.1566 	EXP 	unnamed Rect: pos = array([ 61.60455906, -14.48496933])
17.1734 	EXP 	unnamed Rect: pos = array([ 61.60455906, -14.48496933])
17.1891 	EXP 	unnamed Rect: pos = array([ 61.60455906, -14.48496933])
17.2058 	EXP 	unnamed Rect: pos = array([ 61.60455906, -14.48496933])
17.2235 	EXP 	unnamed Rect: pos = array([ 61.60455906, -14.48496933])
17.2243 	DATA 	Keypress: up
17.2396 	EXP 	unnamed Rect: pos = array([61.60455906, -4.48496933])
17.2558 	EXP 	unnamed Rect: pos = array([61.60455906, -4.48496933])
17.2729 	EXP 	unnamed Rect: pos = array([61.60455906, -4.48496933])
17.2898 	EXP 	unnamed Rect: pos = array([61.60455906, -4.48496933])
17.3062 	EXP 	unnamed Rect: pos = array([61.60455906, -4.48496933])
17.3233 	EXP 	unnamed Rect: pos = array([61.60455906, -4.48496933])
17.3393 	EXP 	unnamed Rect: pos = array([61.60455906, -4.48496933])
17.3560 	EXP 	unnamed Rect: pos = array([61.60455906, -4.48496933])
17.3729 	EXP 	unnamed Rect: pos = array([61.60455906, -4.48496933])
17.3737 	DATA 	Keypress: up
17.3901 	EXP 	unnamed Rect: pos = array([61.60455906,  5.51503067])
17.4058 	EXP 	unnamed Rect: pos = array([61.60455906,  5.51503067])
17.4225 	EXP 	unnamed Rect: pos = array([61.60455906,  5.51503067])
17.4395 	EXP 	unnamed Rect: pos = array([61.60455906,  5.51503067])
17.4560 	EXP 	unnamed Rect: pos = array([61.60455906,  5.51503067])
17.4728 	EXP 	unnamed Rect: pos = array([61.60455906,  5.51503067])
17.4894 	EXP 	unnamed Rect: pos = array([61.60455906,  5.51503067])
17.5058 	EXP 	unnamed Rect: pos = array([61.60455906,  5.51503067])
17.5226 	EXP 	unnamed Rect: pos = array([61.60455906,  5.51503067])
17.5402 	EXP 	unnamed Rect: pos = array([61.60455906,  5.51503067])
17.5409 	DATA 	Keypress: up
17.5560 	EXP 	unnamed Rect: pos = array([61.60455906, 15.51503067])
17.5730 	EXP 	unnamed Rect: pos = array([61.60455906, 15.51503067])
17.5896 	EXP 	unnamed Rect: pos = array([61.60455906, 15.51503067])
17.6071 	EXP 	unnamed Rect: pos = array([61.60455906, 15.51503067])
17.6232 	EXP 	unnamed Rect: pos = array([61.60455906, 15.51503067])
17.6393 	EXP 	unnamed Rect: pos = array([61.60455906, 15.51503067])
17.6559 	EXP 	unnamed Rect: pos = array([61.60455906, 15.51503067])
17.6730 	EXP 	unnamed Rect: pos = array([61.60455906, 15.51503067])
17.6897 	EXP 	unnamed Rect: pos = array([61.60455906, 15.51503067])
17.6903 	DATA 	Keypress: up
17.7069 	EXP 	unnamed Rect: pos = array([61.60455906, 25.51503067])
17.7229 	EXP 	unnamed Rect: pos = array([61.60455906, 25.51503067])
17.7398 	EXP 	unnamed Rect: pos = array([61.60455906, 25.51503067])
17.7569 	EXP 	unnamed Rect: pos = array([61.60455906, 25.51503067])
17.7725 	EXP 	unnamed Rect: pos = array([61.60455906, 25.51503067])
17.7894 	EXP 	unnamed Rect: pos = array([61.60455906, 25.51503067])
17.8065 	EXP 	unnamed Rect: pos = array([61.60455906, 25.51503067])
17.8227 	EXP 	unnamed Rect: pos = array([61.60455906, 25.51503067])
17.8396 	EXP 	unnamed Rect: pos = array([61.60455906, 25.51503067])
17.8402 	DATA 	Keypress: up
17.8562 	EXP 	unnamed Rect: pos = array([61.60455906, 35.51503067])
17.8725 	EXP 	unnamed Rect: pos = array([61.60455906, 35.51503067])
17.8892 	EXP 	unnamed Rect: pos = array([61.60455906, 35.51503067])
17.9072 	EXP 	unnamed Rect: pos = array([61.60455906, 35.51503067])
17.9225 	EXP 	unnamed Rect: pos = array([61.60455906, 35.51503067])
17.9392 	EXP 	unnamed Rect: pos = array([61.60455906, 35.51503067])
17.9557 	EXP 	unnamed Rect: pos = array([61.60455906, 35.51503067])
17.9728 	EXP 	unnamed Rect: pos = array([61.60455906, 35.51503067])
17.9896 	EXP 	unnamed Rect: pos = array([61.60455906, 35.51503067])
17.9903 	DATA 	Keypress: up
18.0072 	EXP 	unnamed Rect: pos = array([61.60455906, 45.51503067])
18.0224 	EXP 	unnamed Rect: pos = array([61.60455906, 45.51503067])
18.0394 	EXP 	unnamed Rect: pos = array([61.60455906, 45.51503067])
18.0563 	EXP 	unnamed Rect: pos = array([61.60455906, 45.51503067])
18.0727 	EXP 	unnamed Rect: pos = array([61.60455906, 45.51503067])
18.0890 	EXP 	unnamed Rect: pos = array([61.60455906, 45.51503067])
18.1062 	EXP 	unnamed Rect: pos = array([61.60455906, 45.51503067])
18.1225 	EXP 	unnamed Rect: pos = array([61.60455906, 45.51503067])
18.1393 	EXP 	unnamed Rect: pos = array([61.60455906, 45.51503067])
18.1566 	EXP 	unnamed Rect: pos = array([61.60455906, 45.51503067])
18.1572 	DATA 	Keypress: up
18.1725 	EXP 	unnamed Rect: pos = array([61.60455906, 55.51503067])
18.1890 	EXP 	unnamed Rect: pos = array([61.60455906, 55.51503067])
18.2060 	EXP 	unnamed Rect: pos = array([61.60455906, 55.51503067])
18.2233 	EXP 	unnamed Rect: pos = array([61.60455906, 55.51503067])
18.2395 	EXP 	unnamed Rect: pos = array([61.60455906, 55.51503067])
18.2558 	EXP 	unnamed Rect: pos = array([61.60455906, 55.51503067])
18.2725 	EXP 	unnamed Rect: pos = array([61.60455906, 55.51503067])
18.2889 	EXP 	unnamed Rect: pos = array([61.60455906, 55.51503067])
18.3058 	EXP 	unnamed Rect: pos = array([61.60455906, 55.51503067])
18.3066 	DATA 	Keypress: up
18.3231 	EXP 	unnamed Rect: pos = array([61.60455906, 65.51503067])
18.3393 	EXP 	unnamed Rect: pos = array([61.60455906, 65.51503067])
18.3561 	EXP 	unnamed Rect: pos = array([61.60455906, 65.51503067])
18.3735 	EXP 	unnamed Rect: pos = array([61.60455906, 65.51503067])
18.3889 	EXP 	unnamed Rect: pos = array([61.60455906, 65.51503067])
18.4060 	EXP 	unnamed Rect: pos = array([61.60455906, 65.51503067])
18.4225 	EXP 	unnamed Rect: pos = array([61.60455906, 65.51503067])
18.4396 	EXP 	unnamed Rect: pos = array([61.60455906, 65.51503067])
18.4564 	EXP 	unnamed Rect: pos = array([61.60455906, 65.51503067])
18.4572 	DATA 	Keypress: up
18.4735 	EXP 	unnamed Rect: pos = array([61.60455906, 75.51503067])
18.4893 	EXP 	unnamed Rect: pos = array([61.60455906, 75.51503067])
18.5062 	EXP 	unnamed Rect: pos = array([61.60455906, 75.51503067])
18.5226 	EXP 	unnamed Rect: pos = array([61.60455906, 75.51503067])
18.5404 	EXP 	unnamed Rect: pos = array([61.60455906, 75.51503067])
18.5559 	EXP 	unnamed Rect: pos = array([61.60455906, 75.51503067])
18.5728 	EXP 	unnamed Rect: pos = array([61.60455906, 75.51503067])
18.5903 	EXP 	unnamed Rect: pos = array([61.60455906, 75.51503067])
18.6058 	EXP 	unnamed Rect: pos = array([61.60455906, 75.51503067])
18.6067 	DATA 	Keypress: up
18.6229 	EXP 	unnamed Rect: pos = array([61.60455906, 85.51503067])
18.6386 	EXP 	unnamed Rect: pos = array([61.60455906, 85.51503067])
18.6561 	EXP 	unnamed Rect: pos = array([61.60455906, 85.51503067])
18.6723 	EXP 	unnamed Rect: pos = array([61.60455906, 85.51503067])
18.6885 	EXP 	unnamed Rect: pos = array([61.60455906, 85.51503067])
18.7051 	EXP 	unnamed Rect: pos = array([61.60455906, 85.51503067])
18.7225 	EXP 	unnamed Rect: pos = array([61.60455906, 85.51503067])
18.7391 	EXP 	unnamed Rect: pos = array([61.60455906, 85.51503067])
18.7558 	EXP 	unnamed Rect: pos = array([61.60455906, 85.51503067])
18.7563 	DATA 	Keypress: up
18.7721 	EXP 	unnamed Rect: pos = array([61.60455906, 95.51503067])
18.7888 	EXP 	unnamed Rect: pos = array([61.60455906, 95.51503067])
18.8053 	EXP 	unnamed Rect: pos = array([61.60455906, 95.51503067])
18.8219 	EXP 	unnamed Rect: pos = array([61.60455906, 95.51503067])
18.8387 	EXP 	unnamed Rect: pos = array([61.60455906, 95.51503067])
18.8556 	EXP 	unnamed Rect: pos = array([61.60455906, 95.51503067])
18.8725 	EXP 	unnamed Rect: pos = array([61.60455906, 95.51503067])
18.8884 	EXP 	unnamed Rect: pos = array([61.60455906, 95.51503067])
18.9054 	EXP 	unnamed Rect: pos = array([61.60455906, 95.51503067])
18.9059 	DATA 	Keypress: up
18.9223 	EXP 	unnamed Rect: pos = array([ 61.60455906, 105.51503067])
18.9387 	EXP 	unnamed Rect: pos = array([ 61.60455906, 105.51503067])
18.9556 	EXP 	unnamed Rect: pos = array([ 61.60455906, 105.51503067])
18.9721 	EXP 	unnamed Rect: pos = array([ 61.60455906, 105.51503067])
18.9888 	EXP 	unnamed Rect: pos = array([ 61.60455906, 105.51503067])
19.0058 	EXP 	unnamed Rect: pos = array([ 61.60455906, 105.51503067])
19.0231 	EXP 	unnamed Rect: pos = array([ 61.60455906, 105.51503067])
19.0394 	EXP 	unnamed Rect: pos = array([ 61.60455906, 105.51503067])
19.0400 	DATA 	Keypress: up
19.0557 	EXP 	unnamed Rect: pos = array([ 61.60455906, 115.51503067])
19.0719 	EXP 	unnamed Rect: pos = array([ 61.60455906, 115.51503067])
19.0890 	EXP 	unnamed Rect: pos = array([ 61.60455906, 115.51503067])
19.1060 	EXP 	unnamed Rect: pos = array([ 61.60455906, 115.51503067])
19.1230 	EXP 	unnamed Rect: pos = array([ 61.60455906, 115.51503067])
19.1437 	EXP 	unnamed Rect: pos = array([ 61.60455906, 115.51503067])
19.1552 	EXP 	unnamed Rect: pos = array([ 61.60455906, 115.51503067])
19.1725 	EXP 	unnamed Rect: pos = array([ 61.60455906, 115.51503067])
19.1731 	DATA 	Keypress: up
19.1892 	EXP 	unnamed Rect: pos = array([ 61.60455906, 125.51503067])
19.2058 	EXP 	unnamed Rect: pos = array([ 61.60455906, 125.51503067])
19.2225 	EXP 	unnamed Rect: pos = array([ 61.60455906, 125.51503067])
19.2389 	EXP 	unnamed Rect: pos = array([ 61.60455906, 125.51503067])
19.2560 	EXP 	unnamed Rect: pos = array([ 61.60455906, 125.51503067])
19.2724 	EXP 	unnamed Rect: pos = array([ 61.60455906, 125.51503067])
19.2888 	EXP 	unnamed Rect: pos = array([ 61.60455906, 125.51503067])
19.3054 	EXP 	unnamed Rect: pos = array([ 61.60455906, 125.51503067])
19.3227 	EXP 	unnamed Rect: pos = array([ 61.60455906, 125.51503067])
19.3397 	EXP 	unnamed Rect: pos = array([ 61.60455906, 125.51503067])
19.3403 	DATA 	Keypress: up
19.3561 	EXP 	unnamed Rect: pos = array([ 61.60455906, 135.51503067])
19.3722 	EXP 	unnamed Rect: pos = array([ 61.60455906, 135.51503067])
19.3896 	EXP 	unnamed Rect: pos = array([ 61.60455906, 135.51503067])
19.4062 	EXP 	unnamed Rect: pos = array([ 61.60455906, 135.51503067])
19.4225 	EXP 	unnamed Rect: pos = array([ 61.60455906, 135.51503067])
19.4392 	EXP 	unnamed Rect: pos = array([ 61.60455906, 135.51503067])
19.4558 	EXP 	unnamed Rect: pos = array([ 61.60455906, 135.51503067])
19.4724 	EXP 	unnamed Rect: pos = array([ 61.60455906, 135.51503067])
19.4894 	EXP 	unnamed Rect: pos = array([ 61.60455906, 135.51503067])
19.4901 	DATA 	Keypress: up
19.5063 	EXP 	unnamed Rect: pos = array([ 61.60455906, 145.51503067])
19.5229 	EXP 	unnamed Rect: pos = array([ 61.60455906, 145.51503067])
19.5394 	EXP 	unnamed Rect: pos = array([ 61.60455906, 145.51503067])
19.5566 	EXP 	unnamed Rect: pos = array([ 61.60455906, 145.51503067])
19.5731 	EXP 	unnamed Rect: pos = array([ 61.60455906, 145.51503067])
19.5952 	EXP 	unnamed Rect: pos = array([ 61.60455906, 145.51503067])
19.6051 	EXP 	unnamed Rect: pos = array([ 61.60455906, 145.51503067])
19.6229 	EXP 	unnamed Rect: pos = array([ 61.60455906, 145.51503067])
19.6389 	EXP 	unnamed Rect: pos = array([ 61.60455906, 145.51503067])
19.6396 	DATA 	Keypress: up
19.6560 	EXP 	unnamed Rect: pos = array([ 61.60455906, 155.51503067])
19.6731 	EXP 	unnamed Rect: pos = array([ 61.60455906, 155.51503067])
19.6889 	EXP 	unnamed Rect: pos = array([ 61.60455906, 155.51503067])
19.7055 	EXP 	unnamed Rect: pos = array([ 61.60455906, 155.51503067])
19.7226 	EXP 	unnamed Rect: pos = array([ 61.60455906, 155.51503067])
19.7391 	EXP 	unnamed Rect: pos = array([ 61.60455906, 155.51503067])
19.7562 	EXP 	unnamed Rect: pos = array([ 61.60455906, 155.51503067])
19.7725 	EXP 	unnamed Rect: pos = array([ 61.60455906, 155.51503067])
19.7893 	EXP 	unnamed Rect: pos = array([ 61.60455906, 155.51503067])
19.8062 	EXP 	unnamed Rect: pos = array([ 61.60455906, 155.51503067])
19.8098 	DATA 	Keypress: up
19.8230 	EXP 	unnamed Rect: pos = array([ 61.60455906, 155.51503067])
19.8390 	EXP 	unnamed Rect: pos = array([ 61.60455906, 165.51503067])
19.8560 	EXP 	unnamed Rect: pos = array([ 61.60455906, 165.51503067])
19.8725 	EXP 	unnamed Rect: pos = array([ 61.60455906, 165.51503067])
19.8892 	EXP 	unnamed Rect: pos = array([ 61.60455906, 165.51503067])
19.9056 	EXP 	unnamed Rect: pos = array([ 61.60455906, 165.51503067])
19.9223 	EXP 	unnamed Rect: pos = array([ 61.60455906, 165.51503067])
19.9391 	EXP 	unnamed Rect: pos = array([ 61.60455906, 165.51503067])
19.9560 	EXP 	unnamed Rect: pos = array([ 61.60455906, 165.51503067])
19.9726 	EXP 	unnamed Rect: pos = array([ 61.60455906, 165.51503067])
19.9732 	DATA 	Keypress: up
19.9892 	EXP 	unnamed Rect: pos = array([ 61.60455906, 175.51503067])
20.0057 	EXP 	unnamed Rect: pos = array([ 61.60455906, 175.51503067])
20.0227 	EXP 	unnamed Rect: pos = array([ 61.60455906, 175.51503067])
20.0398 	EXP 	unnamed Rect: pos = array([ 61.60455906, 175.51503067])
20.0564 	EXP 	unnamed Rect: pos = array([ 61.60455906, 175.51503067])
20.0723 	EXP 	unnamed Rect: pos = array([ 61.60455906, 175.51503067])
20.0888 	EXP 	unnamed Rect: pos = array([ 61.60455906, 175.51503067])
20.1061 	EXP 	unnamed Rect: pos = array([ 61.60455906, 175.51503067])
20.1228 	EXP 	unnamed Rect: pos = array([ 61.60455906, 175.51503067])
20.1265 	DATA 	Keypress: up
20.1437 	EXP 	unnamed Rect: pos = array([ 61.60455906, 175.51503067])
20.1553 	EXP 	unnamed Rect: pos = array([ 61.60455906, 185.51503067])
20.1724 	EXP 	unnamed Rect: pos = array([ 61.60455906, 185.51503067])
20.1889 	EXP 	unnamed Rect: pos = array([ 61.60455906, 185.51503067])
20.2057 	EXP 	unnamed Rect: pos = array([ 61.60455906, 185.51503067])
20.2227 	EXP 	unnamed Rect: pos = array([ 61.60455906, 185.51503067])
20.2394 	EXP 	unnamed Rect: pos = array([ 61.60455906, 185.51503067])
20.2556 	EXP 	unnamed Rect: pos = array([ 61.60455906, 185.51503067])
20.2727 	EXP 	unnamed Rect: pos = array([ 61.60455906, 185.51503067])
20.2895 	EXP 	unnamed Rect: pos = array([ 61.60455906, 185.51503067])
20.2902 	DATA 	Keypress: up
20.3056 	EXP 	unnamed Rect: pos = array([ 61.60455906, 195.51503067])
20.3228 	EXP 	unnamed Rect: pos = array([ 61.60455906, 195.51503067])
20.3390 	EXP 	unnamed Rect: pos = array([ 61.60455906, 195.51503067])
20.3558 	EXP 	unnamed Rect: pos = array([ 61.60455906, 195.51503067])
20.3730 	EXP 	unnamed Rect: pos = array([ 61.60455906, 195.51503067])
20.3891 	EXP 	unnamed Rect: pos = array([ 61.60455906, 195.51503067])
20.4060 	EXP 	unnamed Rect: pos = array([ 61.60455906, 195.51503067])
20.4222 	EXP 	unnamed Rect: pos = array([ 61.60455906, 195.51503067])
20.4391 	EXP 	unnamed Rect: pos = array([ 61.60455906, 195.51503067])
20.4397 	DATA 	Keypress: up
20.4563 	EXP 	unnamed Rect: pos = array([ 61.60455906, 205.51503067])
20.4727 	EXP 	unnamed Rect: pos = array([ 61.60455906, 205.51503067])
20.4894 	EXP 	unnamed Rect: pos = array([ 61.60455906, 205.51503067])
20.5057 	EXP 	unnamed Rect: pos = array([ 61.60455906, 205.51503067])
20.5237 	EXP 	unnamed Rect: pos = array([ 61.60455906, 205.51503067])
20.5399 	EXP 	unnamed Rect: pos = array([ 61.60455906, 205.51503067])
20.5559 	EXP 	unnamed Rect: pos = array([ 61.60455906, 205.51503067])
20.5725 	EXP 	unnamed Rect: pos = array([ 61.60455906, 205.51503067])
20.5890 	EXP 	unnamed Rect: pos = array([ 61.60455906, 205.51503067])
20.6058 	EXP 	unnamed Rect: pos = array([ 61.60455906, 205.51503067])
20.6065 	DATA 	Keypress: up
20.6223 	EXP 	unnamed Rect: pos = array([ 61.60455906, 215.51503067])
20.6389 	EXP 	unnamed Rect: pos = array([ 61.60455906, 215.51503067])
20.6557 	EXP 	unnamed Rect: pos = array([ 61.60455906, 215.51503067])
20.6722 	EXP 	unnamed Rect: pos = array([ 61.60455906, 215.51503067])
20.6894 	EXP 	unnamed Rect: pos = array([ 61.60455906, 215.51503067])
20.7057 	EXP 	unnamed Rect: pos = array([ 61.60455906, 215.51503067])
20.7221 	EXP 	unnamed Rect: pos = array([ 61.60455906, 215.51503067])
20.7395 	EXP 	unnamed Rect: pos = array([ 61.60455906, 215.51503067])
20.7563 	EXP 	unnamed Rect: pos = array([ 61.60455906, 215.51503067])
20.7571 	DATA 	Keypress: up
20.7765 	EXP 	unnamed Rect: pos = array([ 61.60455906, 225.51503067])
20.7894 	EXP 	unnamed Rect: pos = array([ 61.60455906, 225.51503067])
20.8060 	EXP 	unnamed Rect: pos = array([ 61.60455906, 225.51503067])
20.8221 	EXP 	unnamed Rect: pos = array([ 61.60455906, 225.51503067])
20.8390 	EXP 	unnamed Rect: pos = array([ 61.60455906, 225.51503067])
20.8558 	EXP 	unnamed Rect: pos = array([ 61.60455906, 225.51503067])
20.8723 	EXP 	unnamed Rect: pos = array([ 61.60455906, 225.51503067])
20.8888 	EXP 	unnamed Rect: pos = array([ 61.60455906, 225.51503067])
20.9062 	EXP 	unnamed Rect: pos = array([ 61.60455906, 225.51503067])
20.9224 	EXP 	unnamed Rect: pos = array([ 61.60455906, 225.51503067])
20.9405 	EXP 	unnamed Rect: pos = array([ 61.60455906, 225.51503067])
20.9412 	DATA 	Keypress: up
20.9561 	EXP 	unnamed Rect: pos = array([ 61.60455906, 235.51503067])
20.9727 	EXP 	unnamed Rect: pos = array([ 61.60455906, 235.51503067])
20.9892 	EXP 	unnamed Rect: pos = array([ 61.60455906, 235.51503067])
21.0060 	EXP 	unnamed Rect: pos = array([ 61.60455906, 235.51503067])
21.0227 	EXP 	unnamed Rect: pos = array([ 61.60455906, 235.51503067])
21.0398 	EXP 	unnamed Rect: pos = array([ 61.60455906, 235.51503067])
21.0559 	EXP 	unnamed Rect: pos = array([ 61.60455906, 235.51503067])
21.0727 	EXP 	unnamed Rect: pos = array([ 61.60455906, 235.51503067])
21.0892 	EXP 	unnamed Rect: pos = array([ 61.60455906, 235.51503067])
21.1063 	EXP 	unnamed Rect: pos = array([ 61.60455906, 235.51503067])
21.1230 	EXP 	unnamed Rect: pos = array([ 61.60455906, 235.51503067])
21.1394 	EXP 	unnamed Rect: pos = array([ 61.60455906, 235.51503067])
21.1559 	EXP 	unnamed Rect: pos = array([ 61.60455906, 235.51503067])
21.1726 	EXP 	unnamed Rect: pos = array([ 61.60455906, 235.51503067])
21.1893 	EXP 	unnamed Rect: pos = array([ 61.60455906, 235.51503067])
21.2062 	EXP 	unnamed Rect: pos = array([ 61.60455906, 235.51503067])
21.2228 	EXP 	unnamed Rect: pos = array([ 61.60455906, 235.51503067])
21.2392 	EXP 	unnamed Rect: pos = array([ 61.60455906, 235.51503067])
21.2559 	EXP 	unnamed Rect: pos = array([ 61.60455906, 235.51503067])
21.2726 	EXP 	unnamed Rect: pos = array([ 61.60455906, 235.51503067])
21.2893 	EXP 	unnamed Rect: pos = array([ 61.60455906, 235.51503067])
21.3057 	EXP 	unnamed Rect: pos = array([ 61.60455906, 235.51503067])
21.3225 	EXP 	unnamed Rect: pos = array([ 61.60455906, 235.51503067])
21.3390 	EXP 	unnamed Rect: pos = array([ 61.60455906, 235.51503067])
21.3559 	EXP 	unnamed Rect: pos = array([ 61.60455906, 235.51503067])
21.3731 	EXP 	unnamed Rect: pos = array([ 61.60455906, 235.51503067])
21.3904 	EXP 	unnamed Rect: pos = array([ 61.60455906, 235.51503067])
21.4063 	EXP 	unnamed Rect: pos = array([ 61.60455906, 235.51503067])
21.4072 	DATA 	Keypress: up
21.4228 	EXP 	unnamed Rect: pos = array([ 61.60455906, 245.51503067])
21.4393 	EXP 	unnamed Rect: pos = array([ 61.60455906, 245.51503067])
21.4563 	EXP 	unnamed Rect: pos = array([ 61.60455906, 245.51503067])
21.4729 	EXP 	unnamed Rect: pos = array([ 61.60455906, 245.51503067])
21.4901 	EXP 	unnamed Rect: pos = array([ 61.60455906, 245.51503067])
21.5066 	EXP 	unnamed Rect: pos = array([ 61.60455906, 245.51503067])
21.5229 	EXP 	unnamed Rect: pos = array([ 61.60455906, 245.51503067])
21.5395 	EXP 	unnamed Rect: pos = array([ 61.60455906, 245.51503067])
21.5563 	EXP 	unnamed Rect: pos = array([ 61.60455906, 245.51503067])
21.5727 	EXP 	unnamed Rect: pos = array([ 61.60455906, 245.51503067])
21.5895 	EXP 	unnamed Rect: pos = array([ 61.60455906, 245.51503067])
21.6062 	EXP 	unnamed Rect: pos = array([ 61.60455906, 245.51503067])
21.6225 	EXP 	unnamed Rect: pos = array([ 61.60455906, 245.51503067])
21.6263 	DATA 	Keypress: left
21.6403 	EXP 	unnamed Rect: pos = array([ 61.60455906, 245.51503067])
21.6560 	EXP 	unnamed Rect: pos = array([ 51.60455906, 245.51503067])
21.6727 	EXP 	unnamed Rect: pos = array([ 51.60455906, 245.51503067])
21.6891 	EXP 	unnamed Rect: pos = array([ 51.60455906, 245.51503067])
21.7068 	EXP 	unnamed Rect: pos = array([ 51.60455906, 245.51503067])
21.7228 	EXP 	unnamed Rect: pos = array([ 51.60455906, 245.51503067])
21.7398 	EXP 	unnamed Rect: pos = array([ 51.60455906, 245.51503067])
21.7559 	EXP 	unnamed Rect: pos = array([ 51.60455906, 245.51503067])
21.7726 	EXP 	unnamed Rect: pos = array([ 51.60455906, 245.51503067])
21.7895 	EXP 	unnamed Rect: pos = array([ 51.60455906, 245.51503067])
21.8066 	EXP 	unnamed Rect: pos = array([ 51.60455906, 245.51503067])
21.8074 	DATA 	Keypress: left
21.8225 	EXP 	unnamed Rect: pos = array([ 41.60455906, 245.51503067])
21.8392 	EXP 	unnamed Rect: pos = array([ 41.60455906, 245.51503067])
21.8559 	EXP 	unnamed Rect: pos = array([ 41.60455906, 245.51503067])
21.8730 	EXP 	unnamed Rect: pos = array([ 41.60455906, 245.51503067])
21.8901 	EXP 	unnamed Rect: pos = array([ 41.60455906, 245.51503067])
21.9063 	EXP 	unnamed Rect: pos = array([ 41.60455906, 245.51503067])
21.9227 	EXP 	unnamed Rect: pos = array([ 41.60455906, 245.51503067])
21.9393 	EXP 	unnamed Rect: pos = array([ 41.60455906, 245.51503067])
21.9565 	EXP 	unnamed Rect: pos = array([ 41.60455906, 245.51503067])
21.9574 	DATA 	Keypress: down
21.9728 	EXP 	unnamed Rect: pos = array([ 41.60455906, 235.51503067])
21.9895 	EXP 	unnamed Rect: pos = array([ 41.60455906, 235.51503067])
22.0060 	EXP 	unnamed Rect: pos = array([ 41.60455906, 235.51503067])
22.0229 	EXP 	unnamed Rect: pos = array([ 41.60455906, 235.51503067])
22.0395 	EXP 	unnamed Rect: pos = array([ 41.60455906, 235.51503067])
22.0563 	EXP 	unnamed Rect: pos = array([ 41.60455906, 235.51503067])
22.0739 	EXP 	unnamed Rect: pos = array([ 41.60455906, 235.51503067])
22.0892 	EXP 	unnamed Rect: pos = array([ 41.60455906, 235.51503067])
22.1057 	EXP 	unnamed Rect: pos = array([ 41.60455906, 235.51503067])
22.1224 	EXP 	unnamed Rect: pos = array([ 41.60455906, 235.51503067])
22.1398 	EXP 	unnamed Rect: pos = array([ 41.60455906, 235.51503067])
22.1406 	DATA 	Keypress: down
22.1563 	EXP 	unnamed Rect: pos = array([ 41.60455906, 225.51503067])
22.1735 	EXP 	unnamed Rect: pos = array([ 41.60455906, 225.51503067])
22.1895 	EXP 	unnamed Rect: pos = array([ 41.60455906, 225.51503067])
22.2063 	EXP 	unnamed Rect: pos = array([ 41.60455906, 225.51503067])
22.2237 	EXP 	unnamed Rect: pos = array([ 41.60455906, 225.51503067])
22.2394 	EXP 	unnamed Rect: pos = array([ 41.60455906, 225.51503067])
22.2559 	EXP 	unnamed Rect: pos = array([ 41.60455906, 225.51503067])
22.2726 	EXP 	unnamed Rect: pos = array([ 41.60455906, 225.51503067])
22.2897 	EXP 	unnamed Rect: pos = array([ 41.60455906, 225.51503067])
22.3061 	EXP 	unnamed Rect: pos = array([ 41.60455906, 225.51503067])
22.3239 	EXP 	unnamed Rect: pos = array([ 41.60455906, 225.51503067])
22.3248 	DATA 	Keypress: left
22.3394 	EXP 	unnamed Rect: pos = array([ 31.60455906, 225.51503067])
22.3561 	EXP 	unnamed Rect: pos = array([ 31.60455906, 225.51503067])
22.3726 	EXP 	unnamed Rect: pos = array([ 31.60455906, 225.51503067])
22.3896 	EXP 	unnamed Rect: pos = array([ 31.60455906, 225.51503067])
22.4064 	EXP 	unnamed Rect: pos = array([ 31.60455906, 225.51503067])
22.4230 	EXP 	unnamed Rect: pos = array([ 31.60455906, 225.51503067])
22.4397 	EXP 	unnamed Rect: pos = array([ 31.60455906, 225.51503067])
22.4562 	EXP 	unnamed Rect: pos = array([ 31.60455906, 225.51503067])
22.4732 	EXP 	unnamed Rect: pos = array([ 31.60455906, 225.51503067])
22.4894 	EXP 	unnamed Rect: pos = array([ 31.60455906, 225.51503067])
22.4935 	DATA 	Keypress: left
22.5071 	EXP 	unnamed Rect: pos = array([ 31.60455906, 225.51503067])
22.5229 	EXP 	unnamed Rect: pos = array([ 21.60455906, 225.51503067])
22.5395 	EXP 	unnamed Rect: pos = array([ 21.60455906, 225.51503067])
22.5566 	EXP 	unnamed Rect: pos = array([ 21.60455906, 225.51503067])
22.5737 	EXP 	unnamed Rect: pos = array([ 21.60455906, 225.51503067])
22.5892 	EXP 	unnamed Rect: pos = array([ 21.60455906, 225.51503067])
22.6059 	EXP 	unnamed Rect: pos = array([ 21.60455906, 225.51503067])
22.6224 	EXP 	unnamed Rect: pos = array([ 21.60455906, 225.51503067])
22.6393 	EXP 	unnamed Rect: pos = array([ 21.60455906, 225.51503067])
22.6563 	EXP 	unnamed Rect: pos = array([ 21.60455906, 225.51503067])
22.6732 	EXP 	unnamed Rect: pos = array([ 21.60455906, 225.51503067])
22.6740 	DATA 	Keypress: down
22.6905 	EXP 	unnamed Rect: pos = array([ 21.60455906, 215.51503067])
22.7061 	EXP 	unnamed Rect: pos = array([ 21.60455906, 215.51503067])
22.7225 	EXP 	unnamed Rect: pos = array([ 21.60455906, 215.51503067])
22.7404 	EXP 	unnamed Rect: pos = array([ 21.60455906, 215.51503067])
22.7564 	EXP 	unnamed Rect: pos = array([ 21.60455906, 215.51503067])
22.7730 	EXP 	unnamed Rect: pos = array([ 21.60455906, 215.51503067])
22.7897 	EXP 	unnamed Rect: pos = array([ 21.60455906, 215.51503067])
22.8071 	EXP 	unnamed Rect: pos = array([ 21.60455906, 215.51503067])
22.8232 	EXP 	unnamed Rect: pos = array([ 21.60455906, 215.51503067])
22.8240 	DATA 	Keypress: down
22.8395 	EXP 	unnamed Rect: pos = array([ 21.60455906, 205.51503067])
22.8560 	EXP 	unnamed Rect: pos = array([ 21.60455906, 205.51503067])
22.8728 	EXP 	unnamed Rect: pos = array([ 21.60455906, 205.51503067])
22.8896 	EXP 	unnamed Rect: pos = array([ 21.60455906, 205.51503067])
22.9069 	EXP 	unnamed Rect: pos = array([ 21.60455906, 205.51503067])
22.9226 	EXP 	unnamed Rect: pos = array([ 21.60455906, 205.51503067])
22.9394 	EXP 	unnamed Rect: pos = array([ 21.60455906, 205.51503067])
22.9560 	EXP 	unnamed Rect: pos = array([ 21.60455906, 205.51503067])
22.9729 	EXP 	unnamed Rect: pos = array([ 21.60455906, 205.51503067])
22.9899 	EXP 	unnamed Rect: pos = array([ 21.60455906, 205.51503067])
22.9907 	DATA 	Keypress: down
23.0070 	EXP 	unnamed Rect: pos = array([ 21.60455906, 195.51503067])
23.0225 	EXP 	unnamed Rect: pos = array([ 21.60455906, 195.51503067])
23.0394 	EXP 	unnamed Rect: pos = array([ 21.60455906, 195.51503067])
23.0562 	EXP 	unnamed Rect: pos = array([ 21.60455906, 195.51503067])
23.0733 	EXP 	unnamed Rect: pos = array([ 21.60455906, 195.51503067])
23.0897 	EXP 	unnamed Rect: pos = array([ 21.60455906, 195.51503067])
23.1063 	EXP 	unnamed Rect: pos = array([ 21.60455906, 195.51503067])
23.1228 	EXP 	unnamed Rect: pos = array([ 21.60455906, 195.51503067])
23.1395 	EXP 	unnamed Rect: pos = array([ 21.60455906, 195.51503067])
23.1561 	EXP 	unnamed Rect: pos = array([ 21.60455906, 195.51503067])
23.1601 	DATA 	Keypress: down
23.1736 	EXP 	unnamed Rect: pos = array([ 21.60455906, 195.51503067])
23.1892 	EXP 	unnamed Rect: pos = array([ 21.60455906, 185.51503067])
23.2058 	EXP 	unnamed Rect: pos = array([ 21.60455906, 185.51503067])
23.2230 	EXP 	unnamed Rect: pos = array([ 21.60455906, 185.51503067])
23.2395 	EXP 	unnamed Rect: pos = array([ 21.60455906, 185.51503067])
23.2559 	EXP 	unnamed Rect: pos = array([ 21.60455906, 185.51503067])
23.2724 	EXP 	unnamed Rect: pos = array([ 21.60455906, 185.51503067])
23.2890 	EXP 	unnamed Rect: pos = array([ 21.60455906, 185.51503067])
23.3057 	EXP 	unnamed Rect: pos = array([ 21.60455906, 185.51503067])
23.3230 	EXP 	unnamed Rect: pos = array([ 21.60455906, 185.51503067])
23.3394 	EXP 	unnamed Rect: pos = array([ 21.60455906, 185.51503067])
23.3565 	EXP 	unnamed Rect: pos = array([ 21.60455906, 185.51503067])
23.3574 	DATA 	Keypress: right
23.3737 	EXP 	unnamed Rect: pos = array([ 31.60455906, 185.51503067])
23.3892 	EXP 	unnamed Rect: pos = array([ 31.60455906, 185.51503067])
23.4071 	EXP 	unnamed Rect: pos = array([ 31.60455906, 185.51503067])
23.4226 	EXP 	unnamed Rect: pos = array([ 31.60455906, 185.51503067])
23.4395 	EXP 	unnamed Rect: pos = array([ 31.60455906, 185.51503067])
23.4564 	EXP 	unnamed Rect: pos = array([ 31.60455906, 185.51503067])
23.4732 	EXP 	unnamed Rect: pos = array([ 31.60455906, 185.51503067])
23.4900 	EXP 	unnamed Rect: pos = array([ 31.60455906, 185.51503067])
23.4908 	DATA 	Keypress: right
23.5064 	EXP 	unnamed Rect: pos = array([ 41.60455906, 185.51503067])
23.5230 	EXP 	unnamed Rect: pos = array([ 41.60455906, 185.51503067])
23.5393 	EXP 	unnamed Rect: pos = array([ 41.60455906, 185.51503067])
23.5564 	EXP 	unnamed Rect: pos = array([ 41.60455906, 185.51503067])
23.5738 	EXP 	unnamed Rect: pos = array([ 41.60455906, 185.51503067])
23.5891 	EXP 	unnamed Rect: pos = array([ 41.60455906, 185.51503067])
23.6059 	EXP 	unnamed Rect: pos = array([ 41.60455906, 185.51503067])
23.6227 	EXP 	unnamed Rect: pos = array([ 41.60455906, 185.51503067])
23.6402 	EXP 	unnamed Rect: pos = array([ 41.60455906, 185.51503067])
23.6409 	DATA 	Keypress: down
23.6559 	EXP 	unnamed Rect: pos = array([ 41.60455906, 175.51503067])
23.6727 	EXP 	unnamed Rect: pos = array([ 41.60455906, 175.51503067])
23.6892 	EXP 	unnamed Rect: pos = array([ 41.60455906, 175.51503067])
23.7060 	EXP 	unnamed Rect: pos = array([ 41.60455906, 175.51503067])
23.7227 	EXP 	unnamed Rect: pos = array([ 41.60455906, 175.51503067])
23.7402 	EXP 	unnamed Rect: pos = array([ 41.60455906, 175.51503067])
23.7562 	EXP 	unnamed Rect: pos = array([ 41.60455906, 175.51503067])
23.7735 	EXP 	unnamed Rect: pos = array([ 41.60455906, 175.51503067])
23.7894 	EXP 	unnamed Rect: pos = array([ 41.60455906, 175.51503067])
23.8068 	EXP 	unnamed Rect: pos = array([ 41.60455906, 175.51503067])
23.8076 	DATA 	Keypress: down
23.8226 	EXP 	unnamed Rect: pos = array([ 41.60455906, 165.51503067])
23.8392 	EXP 	unnamed Rect: pos = array([ 41.60455906, 165.51503067])
23.8559 	EXP 	unnamed Rect: pos = array([ 41.60455906, 165.51503067])
23.8729 	EXP 	unnamed Rect: pos = array([ 41.60455906, 165.51503067])
23.8903 	EXP 	unnamed Rect: pos = array([ 41.60455906, 165.51503067])
23.9058 	EXP 	unnamed Rect: pos = array([ 41.60455906, 165.51503067])
23.9225 	EXP 	unnamed Rect: pos = array([ 41.60455906, 165.51503067])
23.9394 	EXP 	unnamed Rect: pos = array([ 41.60455906, 165.51503067])
23.9559 	EXP 	unnamed Rect: pos = array([ 41.60455906, 165.51503067])
23.9732 	EXP 	unnamed Rect: pos = array([ 41.60455906, 165.51503067])
23.9740 	DATA 	Keypress: down
23.9903 	EXP 	unnamed Rect: pos = array([ 41.60455906, 155.51503067])
24.0059 	EXP 	unnamed Rect: pos = array([ 41.60455906, 155.51503067])
24.0226 	EXP 	unnamed Rect: pos = array([ 41.60455906, 155.51503067])
24.0395 	EXP 	unnamed Rect: pos = array([ 41.60455906, 155.51503067])
24.0569 	EXP 	unnamed Rect: pos = array([ 41.60455906, 155.51503067])
24.0729 	EXP 	unnamed Rect: pos = array([ 41.60455906, 155.51503067])
24.0903 	EXP 	unnamed Rect: pos = array([ 41.60455906, 155.51503067])
24.1067 	EXP 	unnamed Rect: pos = array([ 41.60455906, 155.51503067])
24.1236 	EXP 	unnamed Rect: pos = array([ 41.60455906, 155.51503067])
24.1396 	EXP 	unnamed Rect: pos = array([ 41.60455906, 155.51503067])
24.1404 	DATA 	Keypress: down
24.1559 	EXP 	unnamed Rect: pos = array([ 41.60455906, 145.51503067])
24.1726 	EXP 	unnamed Rect: pos = array([ 41.60455906, 145.51503067])
24.1893 	EXP 	unnamed Rect: pos = array([ 41.60455906, 145.51503067])
24.2060 	EXP 	unnamed Rect: pos = array([ 41.60455906, 145.51503067])
24.2235 	EXP 	unnamed Rect: pos = array([ 41.60455906, 145.51503067])
24.2396 	EXP 	unnamed Rect: pos = array([ 41.60455906, 145.51503067])
24.2559 	EXP 	unnamed Rect: pos = array([ 41.60455906, 145.51503067])
24.2726 	EXP 	unnamed Rect: pos = array([ 41.60455906, 145.51503067])
24.2892 	EXP 	unnamed Rect: pos = array([ 41.60455906, 145.51503067])
24.3065 	EXP 	unnamed Rect: pos = array([ 41.60455906, 145.51503067])
24.3072 	DATA 	Keypress: down
24.3230 	EXP 	unnamed Rect: pos = array([ 41.60455906, 135.51503067])
24.3393 	EXP 	unnamed Rect: pos = array([ 41.60455906, 135.51503067])
24.3559 	EXP 	unnamed Rect: pos = array([ 41.60455906, 135.51503067])
24.3727 	EXP 	unnamed Rect: pos = array([ 41.60455906, 135.51503067])
24.3901 	EXP 	text: autoDraw = True
24.4585 	DATA 	Keypress: down
24.6266 	DATA 	Keypress: down
24.8432 	DATA 	Keypress: down
25.9783 	DATA 	Keypress: q
26.5270 	DATA 	Keypress: escape
26.6522 	EXP 	window1: mouseVisible = True
