0.5957 	WARNING 	We strongly recommend you activate the PTB sound engine in PsychoPy prefs as the preferred audio engine. Its timing is vastly superior. Your prefs are currently set to use ['sounddevice', 'PTB', 'pyo', 'pygame'] (in that order).
4.4819 	ERROR 	'-1.0000, -1.0000, -1.0000' is not a valid rgb color
5.0856 	EXP 	Created window1 = Window(allowGUI=False, allowStencil=False, autoLog=True, backendConf=UNKNOWN, bitsMode=UNKNOWN, blendMode='avg', bpc=(8, 8, 8), color=array([0, 0, 0]), colorSpace='rgb', depthBits=8, fullscr=<method-wrapper '__getattribute__' of attributeSetter object at 0x7f847e833a20>, gamma=None, gammaErrorPolicy='raise', lms=UNKNOWN, monitor=<psychopy.monitors.calibTools.Monitor object at 0x7f847da1f470>, multiSample=False, name='window1', numSamples=2, pos=[360.0, 225.0], screen=0, size=array([2880, 1800]), stencilBits=0, stereo=False, units='height', useFBO=True, useRetina=True, viewOri=0.0, viewPos=None, viewScale=None, waitBlanking=True, winType='pyglet')
5.0861 	EXP 	window1: mouseVisible = True
5.0862 	EXP 	window1: recordFrameIntervals = False
5.2518 	EXP 	window1: recordFrameIntervals = True
5.4348 	EXP 	window1: recordFrameIntervals = False
6.0276 	DEPRECATION 	'1.0000, 1.0000, 1.0000' is not a valid rgb color
6.0574 	EXP 	Created Welcometext = TextStim(__class__=<class 'psychopy.visual.text.TextStim'>, alignHoriz=method-wrapper(...), alignText='center', alignVert=method-wrapper(...), anchorHoriz='center', anchorVert='center', antialias=True, autoLog=True, bold=False, color=array([0., 0., 0.]), colorSpace='rgb', contrast=1.0, depth=0.0, flipHoriz=False, flipVert=False, font='Open Sans', fontFiles=[], height=0.05, italic=False, languageStyle='LTR', name='Welcometext', opacity=0, ori=0.0, pos=array([0., 0.]), rgb=UNKNOWN, text='Welcome\nPlease press Spacebar to start', units='height', win=Window(...), wrapWidth=1)
6.4147 	EXP 	Created text = TextStim(__class__=<class 'psychopy.visual.text.TextStim'>, alignHoriz=method-wrapper(...), alignText='center', alignVert=method-wrapper(...), anchorHoriz='center', anchorVert='center', antialias=True, autoLog=True, bold=False, color=array([1., 1., 1.]), colorSpace='rgb', contrast=1.0, depth=0.0, flipHoriz=False, flipVert=False, font='Open Sans', fontFiles=[], height=0.05, italic=False, languageStyle='LTR', name='text', opacity=1, ori=0.0, pos=array([0., 0.]), rgb=UNKNOWN, text=str(...), units='height', win=Window(...), wrapWidth=1)
6.4154 	EXP 	Created sequence: random, trialTypes=1, nReps=5, seed=None
6.4156 	EXP 	New trial (rep=0, index=0): None
6.4220 	EXP 	Welcometext: autoDraw = True
6.9750 	EXP 	Created unnamed Rect = Rect(__class__=<class 'psychopy.visual.rect.Rect'>, autoDraw=False, autoLog=True, closeShape=True, color=method-wrapper(...), colorSpace='rgb', contrast=None, depth=0, fillColor=array([ 1, -1, -1]), fillColorSpace='rgb', fillRGB=array([ 1, -1, -1]), interpolate=True, lineColor=array([-1., -1.,  1.]), lineColorSpace='rgb', lineRGB=array([-1, -1,  1]), lineWidth=1.5, name='unnamed Rect', opacity=1, ori=0.0, pos=array([0., 0.]), size=array([1000.,  700.]), units='pix', vertices=ndarray(...), win=Window(...))
6.9776 	EXP 	Created unnamed Rect = Rect(__class__=<class 'psychopy.visual.rect.Rect'>, autoDraw=False, autoLog=True, closeShape=True, color=method-wrapper(...), colorSpace='rgb', contrast=None, depth=0, fillColor=array([-1, -1, -1]), fillColorSpace='rgb', fillRGB=array([-1, -1, -1]), interpolate=True, lineColor=array([-1., -1.,  1.]), lineColorSpace='rgb', lineRGB=array([-1, -1,  1]), lineWidth=1.5, name='unnamed Rect', opacity=1, ori=0.0, pos=array([0., 0.]), size=array([400., 600.]), units='pix', vertices=ndarray(...), win=Window(...))
6.9802 	EXP 	Created unnamed Rect = Rect(__class__=<class 'psychopy.visual.rect.Rect'>, autoDraw=False, autoLog=True, closeShape=True, color=method-wrapper(...), colorSpace='rgb', contrast=None, depth=0, fillColor=array([-1, -1, -1]), fillColorSpace='rgb', fillRGB=array([-1, -1, -1]), interpolate=True, lineColor=array([-1., -1.,  1.]), lineColorSpace='rgb', lineRGB=array([-1, -1,  1]), lineWidth=1.5, name='unnamed Rect', opacity=1, ori=0.0, pos=array([0., 0.]), size=array([400., 600.]), units='pix', vertices=ndarray(...), win=Window(...))
6.9831 	EXP 	Created unnamed Rect = Rect(__class__=<class 'psychopy.visual.rect.Rect'>, autoDraw=False, autoLog=True, closeShape=True, color=method-wrapper(...), colorSpace='rgb', contrast=None, depth=0, fillColor=array([ 1,  1, -1]), fillColorSpace='rgb', fillRGB=array([ 1,  1, -1]), interpolate=True, lineColor=array([0., 0., 0.]), lineColorSpace='rgb', lineRGB=array([0, 0, 0]), lineWidth=1.5, name='unnamed Rect', opacity=0.5, ori=0.0, pos=array([0., 0.]), size=array([30., 30.]), units='pix', vertices=ndarray(...), win=Window(...))
6.9862 	EXP 	Created unnamed Rect = Rect(__class__=<class 'psychopy.visual.rect.Rect'>, autoDraw=False, autoLog=True, closeShape=True, color=method-wrapper(...), colorSpace='rgb', contrast=None, depth=0, fillColor=array([ 1,  1, -1]), fillColorSpace='rgb', fillRGB=array([ 1,  1, -1]), interpolate=True, lineColor=array([0., 0., 0.]), lineColorSpace='rgb', lineRGB=array([0, 0, 0]), lineWidth=1.5, name='unnamed Rect', opacity=0.5, ori=0.0, pos=array([0., 0.]), size=array([30., 30.]), units='pix', vertices=ndarray(...), win=Window(...))
6.9889 	EXP 	Created unnamed Rect = Rect(__class__=<class 'psychopy.visual.rect.Rect'>, autoDraw=False, autoLog=True, closeShape=True, color=method-wrapper(...), colorSpace='rgb', contrast=None, depth=0, fillColor=array([ 1,  1, -1]), fillColorSpace='rgb', fillRGB=array([ 1,  1, -1]), interpolate=True, lineColor=array([0., 0., 0.]), lineColorSpace='rgb', lineRGB=array([0, 0, 0]), lineWidth=1.5, name='unnamed Rect', opacity=0.5, ori=0.0, pos=array([0., 0.]), size=array([30., 30.]), units='pix', vertices=ndarray(...), win=Window(...))
6.9917 	EXP 	Created unnamed Rect = Rect(__class__=<class 'psychopy.visual.rect.Rect'>, autoDraw=False, autoLog=True, closeShape=True, color=method-wrapper(...), colorSpace='rgb', contrast=None, depth=0, fillColor=array([ 1,  1, -1]), fillColorSpace='rgb', fillRGB=array([ 1,  1, -1]), interpolate=True, lineColor=array([0., 0., 0.]), lineColorSpace='rgb', lineRGB=array([0, 0, 0]), lineWidth=1.5, name='unnamed Rect', opacity=0.5, ori=0.0, pos=array([0., 0.]), size=array([30., 30.]), units='pix', vertices=ndarray(...), win=Window(...))
6.9941 	EXP 	Created unnamed Rect = Rect(__class__=<class 'psychopy.visual.rect.Rect'>, autoDraw=False, autoLog=True, closeShape=True, color=method-wrapper(...), colorSpace='rgb', contrast=None, depth=0, fillColor=array([ 1,  1, -1]), fillColorSpace='rgb', fillRGB=array([ 1,  1, -1]), interpolate=True, lineColor=array([0., 0., 0.]), lineColorSpace='rgb', lineRGB=array([0, 0, 0]), lineWidth=1.5, name='unnamed Rect', opacity=0.5, ori=0.0, pos=array([0., 0.]), size=array([30., 30.]), units='pix', vertices=ndarray(...), win=Window(...))
6.9967 	EXP 	Created unnamed Rect = Rect(__class__=<class 'psychopy.visual.rect.Rect'>, autoDraw=False, autoLog=True, closeShape=True, color=method-wrapper(...), colorSpace='rgb', contrast=None, depth=0, fillColor=array([ 1,  1, -1]), fillColorSpace='rgb', fillRGB=array([ 1,  1, -1]), interpolate=True, lineColor=array([0., 0., 0.]), lineColorSpace='rgb', lineRGB=array([0, 0, 0]), lineWidth=1.5, name='unnamed Rect', opacity=0.5, ori=0.0, pos=array([0., 0.]), size=array([30., 30.]), units='pix', vertices=ndarray(...), win=Window(...))
7.0379 	EXP 	Created unnamed ImageStim = ImageStim(__class__=<class 'psychopy.visual.image.ImageStim'>, autoLog=True, color=array([1., 1., 1.]), colorSpace='rgb', contrast=1.0, depth=0, flipHoriz=False, flipVert=False, image='tree.png', interpolate=False, mask=None, maskParams=None, name='unnamed ImageStim', opacity=1, ori=0.0, pos=array([0., 0.]), size=array([512, 512]), texRes=128, units='pix', win=Window(...))
7.0587 	EXP 	Created unnamed ImageStim = ImageStim(__class__=<class 'psychopy.visual.image.ImageStim'>, autoLog=True, color=array([1., 1., 1.]), colorSpace='rgb', contrast=1.0, depth=0, flipHoriz=False, flipVert=False, image='tree.png', interpolate=False, mask=None, maskParams=None, name='unnamed ImageStim', opacity=1, ori=0.0, pos=array([0., 0.]), size=array([512, 512]), texRes=128, units='pix', win=Window(...))
7.0770 	EXP 	Created unnamed ImageStim = ImageStim(__class__=<class 'psychopy.visual.image.ImageStim'>, autoLog=True, color=array([1., 1., 1.]), colorSpace='rgb', contrast=1.0, depth=0, flipHoriz=False, flipVert=False, image='tree.png', interpolate=False, mask=None, maskParams=None, name='unnamed ImageStim', opacity=1, ori=0.0, pos=array([0., 0.]), size=array([512, 512]), texRes=128, units='pix', win=Window(...))
7.0945 	EXP 	Created unnamed ImageStim = ImageStim(__class__=<class 'psychopy.visual.image.ImageStim'>, autoLog=True, color=array([1., 1., 1.]), colorSpace='rgb', contrast=1.0, depth=0, flipHoriz=False, flipVert=False, image='tree.png', interpolate=False, mask=None, maskParams=None, name='unnamed ImageStim', opacity=1, ori=0.0, pos=array([0., 0.]), size=array([512, 512]), texRes=128, units='pix', win=Window(...))
7.1121 	EXP 	Created unnamed ImageStim = ImageStim(__class__=<class 'psychopy.visual.image.ImageStim'>, autoLog=True, color=array([1., 1., 1.]), colorSpace='rgb', contrast=1.0, depth=0, flipHoriz=False, flipVert=False, image='tree.png', interpolate=False, mask=None, maskParams=None, name='unnamed ImageStim', opacity=1, ori=0.0, pos=array([0., 0.]), size=array([512, 512]), texRes=128, units='pix', win=Window(...))
7.1298 	EXP 	Created unnamed ImageStim = ImageStim(__class__=<class 'psychopy.visual.image.ImageStim'>, autoLog=True, color=array([1., 1., 1.]), colorSpace='rgb', contrast=1.0, depth=0, flipHoriz=False, flipVert=False, image='tree.png', interpolate=False, mask=None, maskParams=None, name='unnamed ImageStim', opacity=1, ori=0.0, pos=array([0., 0.]), size=array([512, 512]), texRes=128, units='pix', win=Window(...))
7.1472 	EXP 	Created unnamed ImageStim = ImageStim(__class__=<class 'psychopy.visual.image.ImageStim'>, autoLog=True, color=array([1., 1., 1.]), colorSpace='rgb', contrast=1.0, depth=0, flipHoriz=False, flipVert=False, image='tree.png', interpolate=False, mask=None, maskParams=None, name='unnamed ImageStim', opacity=1, ori=0.0, pos=array([0., 0.]), size=array([512, 512]), texRes=128, units='pix', win=Window(...))
7.1646 	EXP 	Created unnamed ImageStim = ImageStim(__class__=<class 'psychopy.visual.image.ImageStim'>, autoLog=True, color=array([1., 1., 1.]), colorSpace='rgb', contrast=1.0, depth=0, flipHoriz=False, flipVert=False, image='tree.png', interpolate=False, mask=None, maskParams=None, name='unnamed ImageStim', opacity=1, ori=0.0, pos=array([0., 0.]), size=array([512, 512]), texRes=128, units='pix', win=Window(...))
7.1819 	EXP 	Created unnamed ImageStim = ImageStim(__class__=<class 'psychopy.visual.image.ImageStim'>, autoLog=True, color=array([1., 1., 1.]), colorSpace='rgb', contrast=1.0, depth=0, flipHoriz=False, flipVert=False, image='tree.png', interpolate=False, mask=None, maskParams=None, name='unnamed ImageStim', opacity=1, ori=0.0, pos=array([0., 0.]), size=array([512, 512]), texRes=128, units='pix', win=Window(...))
7.1943 	DATA 	Keypress: space
7.2000 	EXP 	Welcometext: autoDraw = False
7.2000 	EXP 	unnamed Rect: pos = [-250, 0]
7.2000 	EXP 	unnamed Rect: pos = [250, 0]
7.2000 	EXP 	unnamed Rect: pos = [-390.55070438243627, 4.0742789739753515]
7.2000 	EXP 	unnamed Rect: pos = [-220.44055860567988, -243.46307489156524]
7.2000 	EXP 	unnamed Rect: pos = [-204.98741145282906, -60.38930610731784]
7.2000 	EXP 	unnamed Rect: pos = [-362.3800790217277, 12.406279155728596]
7.2000 	EXP 	unnamed Rect: pos = [-296.71625522666204, 67.8786943163347]
7.2000 	EXP 	unnamed Rect: pos = [410.6973307280779, 151.51199654518234]
7.2000 	EXP 	unnamed ImageStim: size = [51.2, 51.2]
7.2000 	EXP 	unnamed ImageStim: size = [51.2, 51.2]
7.2000 	EXP 	unnamed ImageStim: size = [51.2, 51.2]
7.2000 	EXP 	unnamed ImageStim: size = [51.2, 51.2]
7.2000 	EXP 	unnamed ImageStim: size = [51.2, 51.2]
7.2000 	EXP 	unnamed ImageStim: size = [51.2, 51.2]
7.2000 	EXP 	unnamed ImageStim: size = [51.2, 51.2]
7.2000 	EXP 	unnamed ImageStim: size = [51.2, 51.2]
7.2000 	EXP 	unnamed ImageStim: size = [51.2, 51.2]
7.2000 	EXP 	unnamed ImageStim: pos = [47.31443543703039, -43.75301325691221]
7.2000 	EXP 	unnamed ImageStim: pos = [31.037170405495758, -193.65709042131957]
7.2000 	EXP 	unnamed ImageStim: pos = [-76.21834305552319, -229.1017688389809]
7.2000 	EXP 	unnamed ImageStim: pos = [-202.6855645629696, -43.75301325691221]
7.2000 	EXP 	unnamed ImageStim: pos = [297.3144354370304, -43.75301325691221]
7.2000 	EXP 	unnamed ImageStim: pos = [-218.96282959450423, -193.65709042131957]
7.2000 	EXP 	unnamed ImageStim: pos = [281.0371704054958, -193.65709042131957]
7.2000 	EXP 	unnamed ImageStim: pos = [-326.2183430555232, -229.1017688389809]
7.2000 	EXP 	unnamed ImageStim: pos = [173.78165694447682, -229.1017688389809]
12.8901 	EXP 	Created unnamed Rect = Rect(__class__=<class 'psychopy.visual.rect.Rect'>, autoDraw=False, autoLog=True, closeShape=True, color=method-wrapper(...), colorSpace='rgb', contrast=None, depth=0, fillColor=array([-1, -1, -1]), fillColorSpace='rgb', fillRGB=array([-1, -1, -1]), interpolate=True, lineColor=array([-1., -1.,  1.]), lineColorSpace='rgb', lineRGB=array([-1, -1,  1]), lineWidth=1.5, name='unnamed Rect', opacity=1, ori=0.0, pos=array([0., 0.]), size=array([400., 600.]), units='pix', vertices=ndarray(...), win=Window(...))
12.9946 	EXP 	Created unnamed Rect = Rect(__class__=<class 'psychopy.visual.rect.Rect'>, autoDraw=False, autoLog=True, closeShape=True, color=method-wrapper(...), colorSpace='rgb', contrast=None, depth=0, fillColor=array([-1, -1, -1]), fillColorSpace='rgb', fillRGB=array([-1, -1, -1]), interpolate=True, lineColor=array([-1., -1.,  1.]), lineColorSpace='rgb', lineRGB=array([-1, -1,  1]), lineWidth=1.5, name='unnamed Rect', opacity=1, ori=0.0, pos=array([0., 0.]), size=array([400., 600.]), units='pix', vertices=ndarray(...), win=Window(...))
13.0039 	DATA 	Keypress: left
13.0124 	EXP 	unnamed Rect: pos = array([-140.55070438,    4.07427897])
13.0124 	EXP 	unnamed Rect: pos = array([  29.55944139, -243.46307489])
13.0124 	EXP 	unnamed Rect: pos = array([ 45.01258855, -60.38930611])
13.0124 	EXP 	unnamed Rect: pos = array([-112.38007902,   12.40627916])
13.0124 	EXP 	unnamed Rect: pos = array([-46.71625523,  67.87869432])
13.0124 	EXP 	unnamed Rect: pos = array([-140.55070438,    4.07427897])
13.0200 	EXP 	unnamed Rect: pos = array([-140.55070438,    4.07427897])
13.0332 	EXP 	unnamed Rect: pos = array([-140.55070438,    4.07427897])
13.0410 	EXP 	unnamed Rect: pos = array([-140.55070438,    4.07427897])
13.0503 	EXP 	unnamed Rect: pos = array([-140.55070438,    4.07427897])
13.0676 	EXP 	unnamed Rect: pos = array([-140.55070438,    4.07427897])
13.0835 	EXP 	unnamed Rect: pos = array([-140.55070438,    4.07427897])
13.1003 	EXP 	unnamed Rect: pos = array([-140.55070438,    4.07427897])
13.1168 	EXP 	unnamed Rect: pos = array([-140.55070438,    4.07427897])
13.1332 	EXP 	unnamed Rect: pos = array([-140.55070438,    4.07427897])
13.1498 	EXP 	unnamed Rect: pos = array([-140.55070438,    4.07427897])
13.1671 	EXP 	unnamed Rect: pos = array([-140.55070438,    4.07427897])
13.1836 	EXP 	unnamed Rect: pos = array([-140.55070438,    4.07427897])
13.2000 	EXP 	unnamed Rect: pos = array([-140.55070438,    4.07427897])
13.2169 	EXP 	unnamed Rect: pos = array([-140.55070438,    4.07427897])
13.2334 	EXP 	unnamed Rect: pos = array([-140.55070438,    4.07427897])
13.2499 	EXP 	unnamed Rect: pos = array([-140.55070438,    4.07427897])
13.2669 	EXP 	unnamed Rect: pos = array([-140.55070438,    4.07427897])
13.2834 	EXP 	unnamed Rect: pos = array([-140.55070438,    4.07427897])
13.2998 	EXP 	unnamed Rect: pos = array([-140.55070438,    4.07427897])
13.3168 	EXP 	unnamed Rect: pos = array([-140.55070438,    4.07427897])
13.3335 	EXP 	unnamed Rect: pos = array([-140.55070438,    4.07427897])
13.3506 	EXP 	unnamed Rect: pos = array([-140.55070438,    4.07427897])
13.3669 	EXP 	unnamed Rect: pos = array([-140.55070438,    4.07427897])
13.3832 	EXP 	unnamed Rect: pos = array([-140.55070438,    4.07427897])
13.3999 	EXP 	unnamed Rect: pos = array([-140.55070438,    4.07427897])
13.4170 	EXP 	unnamed Rect: pos = array([-140.55070438,    4.07427897])
13.4336 	EXP 	unnamed Rect: pos = array([-140.55070438,    4.07427897])
13.4500 	EXP 	unnamed Rect: pos = array([-140.55070438,    4.07427897])
13.4674 	EXP 	unnamed Rect: pos = array([-140.55070438,    4.07427897])
13.4832 	EXP 	unnamed Rect: pos = array([-140.55070438,    4.07427897])
13.4999 	EXP 	unnamed Rect: pos = array([-140.55070438,    4.07427897])
13.5165 	EXP 	unnamed Rect: pos = array([-140.55070438,    4.07427897])
13.5332 	EXP 	unnamed Rect: pos = array([-140.55070438,    4.07427897])
13.5502 	EXP 	unnamed Rect: pos = array([-140.55070438,    4.07427897])
13.5667 	EXP 	unnamed Rect: pos = array([-140.55070438,    4.07427897])
13.5832 	EXP 	unnamed Rect: pos = array([-140.55070438,    4.07427897])
13.6006 	EXP 	unnamed Rect: pos = array([-140.55070438,    4.07427897])
13.6164 	EXP 	unnamed Rect: pos = array([-140.55070438,    4.07427897])
13.6325 	EXP 	unnamed Rect: pos = array([-140.55070438,    4.07427897])
13.6501 	EXP 	unnamed Rect: pos = array([-140.55070438,    4.07427897])
13.6668 	EXP 	unnamed Rect: pos = array([-140.55070438,    4.07427897])
13.6834 	EXP 	unnamed Rect: pos = array([-140.55070438,    4.07427897])
13.7003 	EXP 	unnamed Rect: pos = array([-140.55070438,    4.07427897])
13.7165 	EXP 	unnamed Rect: pos = array([-140.55070438,    4.07427897])
13.7330 	EXP 	unnamed Rect: pos = array([-140.55070438,    4.07427897])
13.7506 	EXP 	unnamed Rect: pos = array([-140.55070438,    4.07427897])
13.7676 	EXP 	unnamed Rect: pos = array([-140.55070438,    4.07427897])
13.7836 	EXP 	unnamed Rect: pos = array([-140.55070438,    4.07427897])
13.7843 	DATA 	Keypress: down
13.8006 	EXP 	unnamed Rect: pos = array([-140.55070438,   -5.92572103])
13.8169 	EXP 	unnamed Rect: pos = array([-140.55070438,   -5.92572103])
13.8333 	EXP 	unnamed Rect: pos = array([-140.55070438,   -5.92572103])
13.8500 	EXP 	unnamed Rect: pos = array([-140.55070438,   -5.92572103])
13.8668 	EXP 	unnamed Rect: pos = array([-140.55070438,   -5.92572103])
13.8834 	EXP 	unnamed Rect: pos = array([-140.55070438,   -5.92572103])
13.8998 	EXP 	unnamed Rect: pos = array([-140.55070438,   -5.92572103])
13.9170 	EXP 	unnamed Rect: pos = array([-140.55070438,   -5.92572103])
13.9335 	EXP 	unnamed Rect: pos = array([-140.55070438,   -5.92572103])
13.9498 	EXP 	unnamed Rect: pos = array([-140.55070438,   -5.92572103])
13.9671 	EXP 	unnamed Rect: pos = array([-140.55070438,   -5.92572103])
13.9832 	EXP 	unnamed Rect: pos = array([-140.55070438,   -5.92572103])
14.0000 	EXP 	unnamed Rect: pos = array([-140.55070438,   -5.92572103])
14.0169 	EXP 	unnamed Rect: pos = array([-140.55070438,   -5.92572103])
14.0333 	EXP 	unnamed Rect: pos = array([-140.55070438,   -5.92572103])
14.0502 	EXP 	unnamed Rect: pos = array([-140.55070438,   -5.92572103])
14.0674 	EXP 	unnamed Rect: pos = array([-140.55070438,   -5.92572103])
14.0731 	DATA 	Keypress: down
14.0835 	EXP 	unnamed Rect: pos = array([-140.55070438,  -15.92572103])
14.1000 	EXP 	unnamed Rect: pos = array([-140.55070438,  -15.92572103])
14.1164 	EXP 	unnamed Rect: pos = array([-140.55070438,  -15.92572103])
14.1341 	EXP 	unnamed Rect: pos = array([-140.55070438,  -15.92572103])
14.1501 	EXP 	unnamed Rect: pos = array([-140.55070438,  -15.92572103])
14.1669 	EXP 	unnamed Rect: pos = array([-140.55070438,  -15.92572103])
14.1841 	EXP 	unnamed Rect: pos = array([-140.55070438,  -15.92572103])
14.2005 	EXP 	unnamed Rect: pos = array([-140.55070438,  -15.92572103])
14.2166 	EXP 	unnamed Rect: pos = array([-140.55070438,  -15.92572103])
14.2336 	EXP 	unnamed Rect: pos = array([-140.55070438,  -15.92572103])
14.2342 	DATA 	Keypress: down
14.2505 	EXP 	unnamed Rect: pos = array([-140.55070438,  -25.92572103])
14.2667 	EXP 	unnamed Rect: pos = array([-140.55070438,  -25.92572103])
14.2834 	EXP 	unnamed Rect: pos = array([-140.55070438,  -25.92572103])
14.3001 	EXP 	unnamed Rect: pos = array([-140.55070438,  -25.92572103])
14.3169 	EXP 	unnamed Rect: pos = array([-140.55070438,  -25.92572103])
14.3331 	EXP 	unnamed Rect: pos = array([-140.55070438,  -25.92572103])
14.3506 	EXP 	unnamed Rect: pos = array([-140.55070438,  -25.92572103])
14.3675 	EXP 	unnamed Rect: pos = array([-140.55070438,  -25.92572103])
14.3840 	EXP 	unnamed Rect: pos = array([-140.55070438,  -25.92572103])
14.4003 	EXP 	unnamed Rect: pos = array([-140.55070438,  -25.92572103])
14.4046 	DATA 	Keypress: down
14.4169 	EXP 	unnamed Rect: pos = array([-140.55070438,  -25.92572103])
14.4333 	EXP 	unnamed Rect: pos = array([-140.55070438,  -35.92572103])
14.4502 	EXP 	unnamed Rect: pos = array([-140.55070438,  -35.92572103])
14.4665 	EXP 	unnamed Rect: pos = array([-140.55070438,  -35.92572103])
14.4833 	EXP 	unnamed Rect: pos = array([-140.55070438,  -35.92572103])
14.5002 	EXP 	unnamed Rect: pos = array([-140.55070438,  -35.92572103])
14.5170 	EXP 	unnamed Rect: pos = array([-140.55070438,  -35.92572103])
14.5333 	EXP 	unnamed Rect: pos = array([-140.55070438,  -35.92572103])
14.5503 	EXP 	unnamed Rect: pos = array([-140.55070438,  -35.92572103])
14.5509 	DATA 	Keypress: down
14.5667 	EXP 	unnamed Rect: pos = array([-140.55070438,  -45.92572103])
14.5830 	EXP 	unnamed Rect: pos = array([-140.55070438,  -45.92572103])
14.5999 	EXP 	unnamed Rect: pos = array([-140.55070438,  -45.92572103])
14.6169 	EXP 	unnamed Rect: pos = array([-140.55070438,  -45.92572103])
14.6333 	EXP 	unnamed Rect: pos = array([-140.55070438,  -45.92572103])
14.6504 	EXP 	unnamed Rect: pos = array([-140.55070438,  -45.92572103])
14.6665 	EXP 	unnamed Rect: pos = array([-140.55070438,  -45.92572103])
14.6832 	EXP 	unnamed Rect: pos = array([-140.55070438,  -45.92572103])
14.7002 	EXP 	unnamed Rect: pos = array([-140.55070438,  -45.92572103])
14.7165 	EXP 	unnamed Rect: pos = array([-140.55070438,  -45.92572103])
14.7335 	EXP 	unnamed Rect: pos = array([-140.55070438,  -45.92572103])
14.7341 	DATA 	Keypress: down
14.7509 	EXP 	unnamed Rect: pos = array([-140.55070438,  -55.92572103])
14.7665 	EXP 	unnamed Rect: pos = array([-140.55070438,  -55.92572103])
14.7836 	EXP 	unnamed Rect: pos = array([-140.55070438,  -55.92572103])
14.7998 	EXP 	unnamed Rect: pos = array([-140.55070438,  -55.92572103])
14.8173 	EXP 	unnamed Rect: pos = array([-140.55070438,  -55.92572103])
14.8179 	DATA 	Keypress: right
14.8339 	EXP 	unnamed Rect: pos = array([-130.55070438,  -55.92572103])
14.8502 	EXP 	unnamed Rect: pos = array([-130.55070438,  -55.92572103])
14.8673 	EXP 	unnamed Rect: pos = array([-130.55070438,  -55.92572103])
14.8834 	EXP 	unnamed Rect: pos = array([-130.55070438,  -55.92572103])
14.9006 	EXP 	unnamed Rect: pos = array([-130.55070438,  -55.92572103])
14.9170 	EXP 	unnamed Rect: pos = array([-130.55070438,  -55.92572103])
14.9335 	EXP 	unnamed Rect: pos = array([-130.55070438,  -55.92572103])
14.9502 	EXP 	unnamed Rect: pos = array([-130.55070438,  -55.92572103])
14.9508 	DATA 	Keypress: right
14.9666 	EXP 	unnamed Rect: pos = array([-120.55070438,  -55.92572103])
14.9831 	EXP 	unnamed Rect: pos = array([-120.55070438,  -55.92572103])
15.0003 	EXP 	unnamed Rect: pos = array([-120.55070438,  -55.92572103])
15.0169 	EXP 	unnamed Rect: pos = array([-120.55070438,  -55.92572103])
15.0332 	EXP 	unnamed Rect: pos = array([-120.55070438,  -55.92572103])
15.0503 	EXP 	unnamed Rect: pos = array([-120.55070438,  -55.92572103])
15.0674 	EXP 	unnamed Rect: pos = array([-120.55070438,  -55.92572103])
15.0839 	EXP 	unnamed Rect: pos = array([-120.55070438,  -55.92572103])
15.1004 	EXP 	unnamed Rect: pos = array([-120.55070438,  -55.92572103])
15.1009 	DATA 	Keypress: right
15.1174 	EXP 	unnamed Rect: pos = array([-110.55070438,  -55.92572103])
15.1337 	EXP 	unnamed Rect: pos = array([-110.55070438,  -55.92572103])
15.1501 	EXP 	unnamed Rect: pos = array([-110.55070438,  -55.92572103])
15.1666 	EXP 	unnamed Rect: pos = array([-110.55070438,  -55.92572103])
15.1838 	EXP 	unnamed Rect: pos = array([-110.55070438,  -55.92572103])
15.2009 	EXP 	unnamed Rect: pos = array([-110.55070438,  -55.92572103])
15.2166 	EXP 	unnamed Rect: pos = array([-110.55070438,  -55.92572103])
15.2340 	EXP 	unnamed Rect: pos = array([-110.55070438,  -55.92572103])
15.2345 	DATA 	Keypress: down
15.2503 	EXP 	unnamed Rect: pos = array([-110.55070438,  -65.92572103])
15.2669 	EXP 	unnamed Rect: pos = array([-110.55070438,  -65.92572103])
15.2837 	EXP 	unnamed Rect: pos = array([-110.55070438,  -65.92572103])
15.3002 	EXP 	unnamed Rect: pos = array([-110.55070438,  -65.92572103])
15.3169 	EXP 	unnamed Rect: pos = array([-110.55070438,  -65.92572103])
15.3339 	EXP 	unnamed Rect: pos = array([-110.55070438,  -65.92572103])
15.3501 	EXP 	unnamed Rect: pos = array([-110.55070438,  -65.92572103])
15.3665 	EXP 	unnamed Rect: pos = array([-110.55070438,  -65.92572103])
15.3835 	EXP 	unnamed Rect: pos = array([-110.55070438,  -65.92572103])
15.3998 	EXP 	unnamed Rect: pos = array([-110.55070438,  -65.92572103])
15.4173 	EXP 	unnamed Rect: pos = array([-110.55070438,  -65.92572103])
15.4179 	DATA 	Keypress: down
15.4332 	EXP 	unnamed Rect: pos = array([-110.55070438,  -75.92572103])
15.4505 	EXP 	unnamed Rect: pos = array([-110.55070438,  -75.92572103])
15.4665 	EXP 	unnamed Rect: pos = array([-110.55070438,  -75.92572103])
15.4838 	EXP 	unnamed Rect: pos = array([-110.55070438,  -75.92572103])
15.4999 	EXP 	unnamed Rect: pos = array([-110.55070438,  -75.92572103])
15.5170 	EXP 	unnamed Rect: pos = array([-110.55070438,  -75.92572103])
15.5332 	EXP 	unnamed Rect: pos = array([-110.55070438,  -75.92572103])
15.5502 	EXP 	unnamed Rect: pos = array([-110.55070438,  -75.92572103])
15.5670 	EXP 	unnamed Rect: pos = array([-110.55070438,  -75.92572103])
15.5842 	EXP 	unnamed Rect: pos = array([-110.55070438,  -75.92572103])
15.5848 	DATA 	Keypress: down
15.6002 	EXP 	unnamed Rect: pos = array([-110.55070438,  -85.92572103])
15.6169 	EXP 	unnamed Rect: pos = array([-110.55070438,  -85.92572103])
15.6336 	EXP 	unnamed Rect: pos = array([-110.55070438,  -85.92572103])
15.6509 	EXP 	unnamed Rect: pos = array([-110.55070438,  -85.92572103])
15.6668 	EXP 	unnamed Rect: pos = array([-110.55070438,  -85.92572103])
15.6838 	EXP 	unnamed Rect: pos = array([-110.55070438,  -85.92572103])
15.7005 	EXP 	unnamed Rect: pos = array([-110.55070438,  -85.92572103])
15.7165 	EXP 	unnamed Rect: pos = array([-110.55070438,  -85.92572103])
15.7339 	EXP 	unnamed Rect: pos = array([-110.55070438,  -85.92572103])
15.7501 	EXP 	unnamed Rect: pos = array([-110.55070438,  -85.92572103])
15.7507 	DATA 	Keypress: down
15.7666 	EXP 	unnamed Rect: pos = array([-110.55070438,  -95.92572103])
15.7832 	EXP 	unnamed Rect: pos = array([-110.55070438,  -95.92572103])
15.8004 	EXP 	unnamed Rect: pos = array([-110.55070438,  -95.92572103])
15.8170 	EXP 	unnamed Rect: pos = array([-110.55070438,  -95.92572103])
15.8345 	EXP 	unnamed Rect: pos = array([-110.55070438,  -95.92572103])
15.8498 	EXP 	unnamed Rect: pos = array([-110.55070438,  -95.92572103])
15.8669 	EXP 	unnamed Rect: pos = array([-110.55070438,  -95.92572103])
15.8833 	EXP 	unnamed Rect: pos = array([-110.55070438,  -95.92572103])
15.9003 	EXP 	unnamed Rect: pos = array([-110.55070438,  -95.92572103])
15.9009 	DATA 	Keypress: down
15.9177 	EXP 	unnamed Rect: pos = array([-110.55070438, -105.92572103])
15.9335 	EXP 	unnamed Rect: pos = array([-110.55070438, -105.92572103])
15.9499 	EXP 	unnamed Rect: pos = array([-110.55070438, -105.92572103])
15.9668 	EXP 	unnamed Rect: pos = array([-110.55070438, -105.92572103])
15.9835 	EXP 	unnamed Rect: pos = array([-110.55070438, -105.92572103])
16.0003 	EXP 	unnamed Rect: pos = array([-110.55070438, -105.92572103])
16.0167 	EXP 	unnamed Rect: pos = array([-110.55070438, -105.92572103])
16.0330 	EXP 	unnamed Rect: pos = array([-110.55070438, -105.92572103])
16.0496 	EXP 	unnamed Rect: pos = array([-110.55070438, -105.92572103])
16.0671 	EXP 	unnamed Rect: pos = array([-110.55070438, -105.92572103])
16.0677 	DATA 	Keypress: down
16.0832 	EXP 	unnamed Rect: pos = array([-110.55070438, -115.92572103])
16.1001 	EXP 	unnamed Rect: pos = array([-110.55070438, -115.92572103])
16.1172 	EXP 	unnamed Rect: pos = array([-110.55070438, -115.92572103])
16.1333 	EXP 	unnamed Rect: pos = array([-110.55070438, -115.92572103])
16.1503 	EXP 	unnamed Rect: pos = array([-110.55070438, -115.92572103])
16.1663 	EXP 	unnamed Rect: pos = array([-110.55070438, -115.92572103])
16.1830 	EXP 	unnamed Rect: pos = array([-110.55070438, -115.92572103])
16.2000 	EXP 	unnamed Rect: pos = array([-110.55070438, -115.92572103])
16.2165 	EXP 	unnamed Rect: pos = array([-110.55070438, -115.92572103])
16.2332 	EXP 	unnamed Rect: pos = array([-110.55070438, -115.92572103])
16.2337 	DATA 	Keypress: down
16.2500 	EXP 	unnamed Rect: pos = array([-110.55070438, -125.92572103])
16.2666 	EXP 	unnamed Rect: pos = array([-110.55070438, -125.92572103])
16.2836 	EXP 	unnamed Rect: pos = array([-110.55070438, -125.92572103])
16.3009 	EXP 	unnamed Rect: pos = array([-110.55070438, -125.92572103])
16.3171 	EXP 	unnamed Rect: pos = array([-110.55070438, -125.92572103])
16.3336 	EXP 	unnamed Rect: pos = array([-110.55070438, -125.92572103])
16.3498 	EXP 	unnamed Rect: pos = array([-110.55070438, -125.92572103])
16.3666 	EXP 	unnamed Rect: pos = array([-110.55070438, -125.92572103])
16.3837 	EXP 	unnamed Rect: pos = array([-110.55070438, -125.92572103])
16.3845 	DATA 	Keypress: down
16.4012 	EXP 	unnamed Rect: pos = array([-110.55070438, -135.92572103])
16.4200 	EXP 	unnamed Rect: pos = array([-110.55070438, -135.92572103])
16.4337 	EXP 	unnamed Rect: pos = array([-110.55070438, -135.92572103])
16.4500 	EXP 	unnamed Rect: pos = array([-110.55070438, -135.92572103])
16.4679 	EXP 	unnamed Rect: pos = array([-110.55070438, -135.92572103])
16.4838 	EXP 	unnamed Rect: pos = array([-110.55070438, -135.92572103])
16.5003 	EXP 	unnamed Rect: pos = array([-110.55070438, -135.92572103])
16.5169 	EXP 	unnamed Rect: pos = array([-110.55070438, -135.92572103])
16.5339 	EXP 	unnamed Rect: pos = array([-110.55070438, -135.92572103])
16.5505 	EXP 	unnamed Rect: pos = array([-110.55070438, -135.92572103])
16.5511 	DATA 	Keypress: down
16.5668 	EXP 	unnamed Rect: pos = array([-110.55070438, -145.92572103])
16.5840 	EXP 	unnamed Rect: pos = array([-110.55070438, -145.92572103])
16.6004 	EXP 	unnamed Rect: pos = array([-110.55070438, -145.92572103])
16.6171 	EXP 	unnamed Rect: pos = array([-110.55070438, -145.92572103])
16.6337 	EXP 	unnamed Rect: pos = array([-110.55070438, -145.92572103])
16.6509 	EXP 	unnamed Rect: pos = array([-110.55070438, -145.92572103])
16.6671 	EXP 	unnamed Rect: pos = array([-110.55070438, -145.92572103])
16.6843 	EXP 	unnamed Rect: pos = array([-110.55070438, -145.92572103])
16.7004 	EXP 	unnamed Rect: pos = array([-110.55070438, -145.92572103])
16.7171 	EXP 	unnamed Rect: pos = array([-110.55070438, -145.92572103])
16.7177 	DATA 	Keypress: down
16.7334 	EXP 	unnamed Rect: pos = array([-110.55070438, -155.92572103])
16.7500 	EXP 	unnamed Rect: pos = array([-110.55070438, -155.92572103])
16.7668 	EXP 	unnamed Rect: pos = array([-110.55070438, -155.92572103])
16.7834 	EXP 	unnamed Rect: pos = array([-110.55070438, -155.92572103])
16.8003 	EXP 	unnamed Rect: pos = array([-110.55070438, -155.92572103])
16.8171 	EXP 	unnamed Rect: pos = array([-110.55070438, -155.92572103])
16.8333 	EXP 	unnamed Rect: pos = array([-110.55070438, -155.92572103])
16.8500 	EXP 	unnamed Rect: pos = array([-110.55070438, -155.92572103])
16.8666 	EXP 	unnamed Rect: pos = array([-110.55070438, -155.92572103])
16.8825 	EXP 	unnamed Rect: pos = array([-110.55070438, -155.92572103])
16.8997 	EXP 	unnamed Rect: pos = array([-110.55070438, -155.92572103])
16.9004 	DATA 	Keypress: down
16.9173 	EXP 	unnamed Rect: pos = array([-110.55070438, -165.92572103])
16.9336 	EXP 	unnamed Rect: pos = array([-110.55070438, -165.92572103])
16.9502 	EXP 	unnamed Rect: pos = array([-110.55070438, -165.92572103])
16.9674 	EXP 	unnamed Rect: pos = array([-110.55070438, -165.92572103])
16.9845 	EXP 	unnamed Rect: pos = array([-110.55070438, -165.92572103])
17.0007 	EXP 	unnamed Rect: pos = array([-110.55070438, -165.92572103])
17.0168 	EXP 	unnamed Rect: pos = array([-110.55070438, -165.92572103])
17.0335 	EXP 	unnamed Rect: pos = array([-110.55070438, -165.92572103])
17.0506 	EXP 	unnamed Rect: pos = array([-110.55070438, -165.92572103])
17.0513 	DATA 	Keypress: down
17.0681 	EXP 	unnamed Rect: pos = array([-110.55070438, -175.92572103])
17.0836 	EXP 	unnamed Rect: pos = array([-110.55070438, -175.92572103])
17.1002 	EXP 	unnamed Rect: pos = array([-110.55070438, -175.92572103])
17.1172 	EXP 	unnamed Rect: pos = array([-110.55070438, -175.92572103])
17.1338 	EXP 	unnamed Rect: pos = array([-110.55070438, -175.92572103])
17.1506 	EXP 	unnamed Rect: pos = array([-110.55070438, -175.92572103])
17.1672 	EXP 	unnamed Rect: pos = array([-110.55070438, -175.92572103])
17.1833 	EXP 	unnamed Rect: pos = array([-110.55070438, -175.92572103])
17.2008 	EXP 	unnamed Rect: pos = array([-110.55070438, -175.92572103])
17.2169 	EXP 	unnamed Rect: pos = array([-110.55070438, -175.92572103])
17.2336 	EXP 	unnamed Rect: pos = array([-110.55070438, -175.92572103])
17.2507 	EXP 	unnamed Rect: pos = array([-110.55070438, -175.92572103])
17.2670 	EXP 	unnamed Rect: pos = array([-110.55070438, -175.92572103])
17.2837 	EXP 	unnamed Rect: pos = array([-110.55070438, -175.92572103])
17.3002 	EXP 	unnamed Rect: pos = array([-110.55070438, -175.92572103])
17.3170 	EXP 	unnamed Rect: pos = array([-110.55070438, -175.92572103])
17.3335 	EXP 	unnamed Rect: pos = array([-110.55070438, -175.92572103])
17.3501 	EXP 	unnamed Rect: pos = array([-110.55070438, -175.92572103])
17.3671 	EXP 	unnamed Rect: pos = array([-110.55070438, -175.92572103])
17.3841 	EXP 	unnamed Rect: pos = array([-110.55070438, -175.92572103])
17.3847 	DATA 	Keypress: down
17.4003 	EXP 	unnamed Rect: pos = array([-110.55070438, -185.92572103])
17.4214 	EXP 	unnamed Rect: pos = array([-110.55070438, -185.92572103])
17.4329 	EXP 	unnamed Rect: pos = array([-110.55070438, -185.92572103])
17.4504 	EXP 	unnamed Rect: pos = array([-110.55070438, -185.92572103])
17.4668 	EXP 	unnamed Rect: pos = array([-110.55070438, -185.92572103])
17.4833 	EXP 	unnamed Rect: pos = array([-110.55070438, -185.92572103])
17.5004 	EXP 	unnamed Rect: pos = array([-110.55070438, -185.92572103])
17.5165 	EXP 	unnamed Rect: pos = array([-110.55070438, -185.92572103])
17.5336 	EXP 	unnamed Rect: pos = array([-110.55070438, -185.92572103])
17.5506 	EXP 	unnamed Rect: pos = array([-110.55070438, -185.92572103])
17.5512 	DATA 	Keypress: right
17.5669 	EXP 	unnamed Rect: pos = array([-100.55070438, -185.92572103])
17.5840 	EXP 	unnamed Rect: pos = array([-100.55070438, -185.92572103])
17.5999 	EXP 	unnamed Rect: pos = array([-100.55070438, -185.92572103])
17.6169 	EXP 	unnamed Rect: pos = array([-100.55070438, -185.92572103])
17.6334 	EXP 	unnamed Rect: pos = array([-100.55070438, -185.92572103])
17.6504 	EXP 	unnamed Rect: pos = array([-100.55070438, -185.92572103])
17.6672 	EXP 	unnamed Rect: pos = array([-100.55070438, -185.92572103])
17.6838 	EXP 	unnamed Rect: pos = array([-100.55070438, -185.92572103])
17.7003 	EXP 	unnamed Rect: pos = array([-100.55070438, -185.92572103])
17.7173 	EXP 	unnamed Rect: pos = array([-100.55070438, -185.92572103])
17.7179 	DATA 	Keypress: right
17.7333 	EXP 	unnamed Rect: pos = array([ -90.55070438, -185.92572103])
17.7504 	EXP 	unnamed Rect: pos = array([ -90.55070438, -185.92572103])
17.7670 	EXP 	unnamed Rect: pos = array([ -90.55070438, -185.92572103])
17.7841 	EXP 	unnamed Rect: pos = array([ -90.55070438, -185.92572103])
17.8000 	EXP 	unnamed Rect: pos = array([ -90.55070438, -185.92572103])
17.8179 	EXP 	unnamed Rect: pos = array([ -90.55070438, -185.92572103])
17.8332 	EXP 	unnamed Rect: pos = array([ -90.55070438, -185.92572103])
17.8499 	EXP 	unnamed Rect: pos = array([ -90.55070438, -185.92572103])
17.8667 	EXP 	unnamed Rect: pos = array([ -90.55070438, -185.92572103])
17.8834 	EXP 	unnamed Rect: pos = array([ -90.55070438, -185.92572103])
17.8840 	DATA 	Keypress: right
17.9004 	EXP 	unnamed Rect: pos = array([ -80.55070438, -185.92572103])
17.9166 	EXP 	unnamed Rect: pos = array([ -80.55070438, -185.92572103])
17.9333 	EXP 	unnamed Rect: pos = array([ -80.55070438, -185.92572103])
17.9502 	EXP 	unnamed Rect: pos = array([ -80.55070438, -185.92572103])
17.9666 	EXP 	unnamed Rect: pos = array([ -80.55070438, -185.92572103])
17.9834 	EXP 	unnamed Rect: pos = array([ -80.55070438, -185.92572103])
17.9999 	EXP 	unnamed Rect: pos = array([ -80.55070438, -185.92572103])
18.0166 	EXP 	unnamed Rect: pos = array([ -80.55070438, -185.92572103])
18.0336 	EXP 	unnamed Rect: pos = array([ -80.55070438, -185.92572103])
18.0503 	EXP 	unnamed Rect: pos = array([ -80.55070438, -185.92572103])
18.0511 	DATA 	Keypress: right
18.0675 	EXP 	unnamed Rect: pos = array([ -70.55070438, -185.92572103])
18.0839 	EXP 	unnamed Rect: pos = array([ -70.55070438, -185.92572103])
18.1013 	EXP 	unnamed Rect: pos = array([ -70.55070438, -185.92572103])
18.1172 	EXP 	unnamed Rect: pos = array([ -70.55070438, -185.92572103])
18.1342 	EXP 	unnamed Rect: pos = array([ -70.55070438, -185.92572103])
18.1500 	EXP 	unnamed Rect: pos = array([ -70.55070438, -185.92572103])
18.1667 	EXP 	unnamed Rect: pos = array([ -70.55070438, -185.92572103])
18.1832 	EXP 	unnamed Rect: pos = array([ -70.55070438, -185.92572103])
18.1999 	EXP 	unnamed Rect: pos = array([ -70.55070438, -185.92572103])
18.2169 	EXP 	unnamed Rect: pos = array([ -70.55070438, -185.92572103])
18.2209 	DATA 	Keypress: right
18.2344 	EXP 	unnamed Rect: pos = array([ -70.55070438, -185.92572103])
18.2499 	EXP 	unnamed Rect: pos = array([ -60.55070438, -185.92572103])
18.2669 	EXP 	unnamed Rect: pos = array([ -60.55070438, -185.92572103])
18.2835 	EXP 	unnamed Rect: pos = array([ -60.55070438, -185.92572103])
18.3000 	EXP 	unnamed Rect: pos = array([ -60.55070438, -185.92572103])
18.3167 	EXP 	unnamed Rect: pos = array([ -60.55070438, -185.92572103])
18.3333 	EXP 	unnamed Rect: pos = array([ -60.55070438, -185.92572103])
18.3503 	EXP 	unnamed Rect: pos = array([ -60.55070438, -185.92572103])
18.3672 	EXP 	unnamed Rect: pos = array([ -60.55070438, -185.92572103])
18.3677 	DATA 	Keypress: right
18.3840 	EXP 	unnamed Rect: pos = array([ -50.55070438, -185.92572103])
18.4006 	EXP 	unnamed Rect: pos = array([ -50.55070438, -185.92572103])
18.4168 	EXP 	unnamed Rect: pos = array([ -50.55070438, -185.92572103])
18.4336 	EXP 	unnamed Rect: pos = array([ -50.55070438, -185.92572103])
18.4507 	EXP 	unnamed Rect: pos = array([ -50.55070438, -185.92572103])
18.4669 	EXP 	unnamed Rect: pos = array([ -50.55070438, -185.92572103])
18.4837 	EXP 	unnamed Rect: pos = array([ -50.55070438, -185.92572103])
18.5004 	EXP 	unnamed Rect: pos = array([ -50.55070438, -185.92572103])
18.5167 	EXP 	unnamed Rect: pos = array([ -50.55070438, -185.92572103])
18.5337 	EXP 	unnamed Rect: pos = array([ -50.55070438, -185.92572103])
18.5377 	DATA 	Keypress: right
18.5506 	EXP 	unnamed Rect: pos = array([ -50.55070438, -185.92572103])
18.5666 	EXP 	unnamed Rect: pos = array([ -40.55070438, -185.92572103])
18.5836 	EXP 	unnamed Rect: pos = array([ -40.55070438, -185.92572103])
18.5998 	EXP 	unnamed Rect: pos = array([ -40.55070438, -185.92572103])
18.6167 	EXP 	unnamed Rect: pos = array([ -40.55070438, -185.92572103])
18.6336 	EXP 	unnamed Rect: pos = array([ -40.55070438, -185.92572103])
18.6503 	EXP 	unnamed Rect: pos = array([ -40.55070438, -185.92572103])
18.6672 	EXP 	unnamed Rect: pos = array([ -40.55070438, -185.92572103])
18.6833 	EXP 	unnamed Rect: pos = array([ -40.55070438, -185.92572103])
18.7002 	EXP 	unnamed Rect: pos = array([ -40.55070438, -185.92572103])
18.7043 	DATA 	Keypress: right
18.7175 	EXP 	unnamed Rect: pos = array([ -40.55070438, -185.92572103])
18.7334 	EXP 	unnamed Rect: pos = array([ -30.55070438, -185.92572103])
18.7505 	EXP 	unnamed Rect: pos = array([ -30.55070438, -185.92572103])
18.7669 	EXP 	unnamed Rect: pos = array([ -30.55070438, -185.92572103])
18.7842 	EXP 	unnamed Rect: pos = array([ -30.55070438, -185.92572103])
18.8002 	EXP 	unnamed Rect: pos = array([ -30.55070438, -185.92572103])
18.8166 	EXP 	unnamed Rect: pos = array([ -30.55070438, -185.92572103])
18.8337 	EXP 	unnamed Rect: pos = array([ -30.55070438, -185.92572103])
18.8504 	EXP 	unnamed Rect: pos = array([ -30.55070438, -185.92572103])
18.8679 	EXP 	unnamed Rect: pos = array([ -30.55070438, -185.92572103])
18.8684 	DATA 	Keypress: right
18.8833 	EXP 	unnamed Rect: pos = array([ -20.55070438, -185.92572103])
18.9002 	EXP 	unnamed Rect: pos = array([ -20.55070438, -185.92572103])
18.9173 	EXP 	unnamed Rect: pos = array([ -20.55070438, -185.92572103])
18.9334 	EXP 	unnamed Rect: pos = array([ -20.55070438, -185.92572103])
18.9505 	EXP 	unnamed Rect: pos = array([ -20.55070438, -185.92572103])
18.9666 	EXP 	unnamed Rect: pos = array([ -20.55070438, -185.92572103])
18.9833 	EXP 	unnamed Rect: pos = array([ -20.55070438, -185.92572103])
19.0002 	EXP 	unnamed Rect: pos = array([ -20.55070438, -185.92572103])
19.0176 	EXP 	unnamed Rect: pos = array([ -20.55070438, -185.92572103])
19.0181 	DATA 	Keypress: right
19.0335 	EXP 	unnamed Rect: pos = array([ -10.55070438, -185.92572103])
19.0500 	EXP 	unnamed Rect: pos = array([ -10.55070438, -185.92572103])
19.0673 	EXP 	unnamed Rect: pos = array([ -10.55070438, -185.92572103])
19.0840 	EXP 	unnamed Rect: pos = array([ -10.55070438, -185.92572103])
19.1004 	EXP 	unnamed Rect: pos = array([ -10.55070438, -185.92572103])
19.1165 	EXP 	unnamed Rect: pos = array([ -10.55070438, -185.92572103])
19.1332 	EXP 	unnamed Rect: pos = array([ -10.55070438, -185.92572103])
19.1500 	EXP 	unnamed Rect: pos = array([ -10.55070438, -185.92572103])
19.1670 	EXP 	unnamed Rect: pos = array([ -10.55070438, -185.92572103])
19.1675 	DATA 	Keypress: right
19.1839 	EXP 	unnamed Rect: pos = array([  -0.55070438, -185.92572103])
19.2003 	EXP 	unnamed Rect: pos = array([  -0.55070438, -185.92572103])
19.2170 	EXP 	unnamed Rect: pos = array([  -0.55070438, -185.92572103])
19.2341 	EXP 	unnamed Rect: pos = array([  -0.55070438, -185.92572103])
19.2502 	EXP 	unnamed Rect: pos = array([  -0.55070438, -185.92572103])
19.2669 	EXP 	unnamed Rect: pos = array([  -0.55070438, -185.92572103])
19.2836 	EXP 	unnamed Rect: pos = array([  -0.55070438, -185.92572103])
19.3003 	EXP 	unnamed Rect: pos = array([  -0.55070438, -185.92572103])
19.3178 	EXP 	unnamed Rect: pos = array([  -0.55070438, -185.92572103])
19.3183 	DATA 	Keypress: right
19.3337 	EXP 	unnamed Rect: pos = array([   9.44929562, -185.92572103])
19.3500 	EXP 	unnamed Rect: pos = array([   9.44929562, -185.92572103])
19.3672 	EXP 	unnamed Rect: pos = array([   9.44929562, -185.92572103])
19.3839 	EXP 	unnamed Rect: pos = array([   9.44929562, -185.92572103])
19.4008 	EXP 	unnamed Rect: pos = array([   9.44929562, -185.92572103])
19.4168 	EXP 	unnamed Rect: pos = array([   9.44929562, -185.92572103])
19.4339 	EXP 	unnamed Rect: pos = array([   9.44929562, -185.92572103])
19.4505 	EXP 	unnamed Rect: pos = array([   9.44929562, -185.92572103])
19.4668 	EXP 	unnamed Rect: pos = array([   9.44929562, -185.92572103])
19.4673 	DATA 	Keypress: right
19.6077 	EXP 	unnamed Rect: pos = array([  19.44929562, -185.92572103])
19.6157 	EXP 	unnamed Rect: pos = array([  19.44929562, -185.92572103])
19.6236 	EXP 	unnamed Rect: pos = array([  19.44929562, -185.92572103])
19.6325 	EXP 	unnamed Rect: pos = array([  19.44929562, -185.92572103])
19.6402 	EXP 	unnamed Rect: pos = array([  19.44929562, -185.92572103])
19.6501 	EXP 	unnamed Rect: pos = array([  19.44929562, -185.92572103])
19.6667 	EXP 	unnamed Rect: pos = array([  19.44929562, -185.92572103])
19.6704 	DATA 	Keypress: down
19.6838 	EXP 	unnamed Rect: pos = array([  19.44929562, -185.92572103])
19.7006 	EXP 	unnamed Rect: pos = array([  19.44929562, -195.92572103])
19.7176 	EXP 	unnamed Rect: pos = array([  19.44929562, -195.92572103])
19.7334 	EXP 	unnamed Rect: pos = array([  19.44929562, -195.92572103])
19.7499 	EXP 	unnamed Rect: pos = array([  19.44929562, -195.92572103])
19.7666 	EXP 	unnamed Rect: pos = array([  19.44929562, -195.92572103])
19.7839 	EXP 	unnamed Rect: pos = array([  19.44929562, -195.92572103])
19.8010 	EXP 	unnamed Rect: pos = array([  19.44929562, -195.92572103])
19.8167 	EXP 	unnamed Rect: pos = array([  19.44929562, -195.92572103])
19.8337 	EXP 	unnamed Rect: pos = array([  19.44929562, -195.92572103])
19.8504 	EXP 	unnamed Rect: pos = array([  19.44929562, -195.92572103])
19.8666 	EXP 	unnamed Rect: pos = array([  19.44929562, -195.92572103])
19.8834 	EXP 	unnamed Rect: pos = array([  19.44929562, -195.92572103])
19.9006 	EXP 	unnamed Rect: pos = array([  19.44929562, -195.92572103])
19.9172 	EXP 	unnamed Rect: pos = array([  19.44929562, -195.92572103])
19.9335 	EXP 	unnamed Rect: pos = array([  19.44929562, -195.92572103])
19.9503 	EXP 	unnamed Rect: pos = array([  19.44929562, -195.92572103])
19.9669 	EXP 	unnamed Rect: pos = array([  19.44929562, -195.92572103])
19.9832 	EXP 	unnamed Rect: pos = array([  19.44929562, -195.92572103])
20.0000 	EXP 	unnamed Rect: pos = array([  19.44929562, -195.92572103])
20.0165 	EXP 	unnamed Rect: pos = array([  19.44929562, -195.92572103])
20.0333 	EXP 	unnamed Rect: pos = array([  19.44929562, -195.92572103])
20.0499 	EXP 	unnamed Rect: pos = array([  19.44929562, -195.92572103])
20.0666 	EXP 	unnamed Rect: pos = array([  19.44929562, -195.92572103])
20.0837 	EXP 	unnamed Rect: pos = array([  19.44929562, -195.92572103])
20.1001 	EXP 	unnamed Rect: pos = array([  19.44929562, -195.92572103])
20.1166 	EXP 	unnamed Rect: pos = array([  19.44929562, -195.92572103])
20.1334 	EXP 	unnamed Rect: pos = array([  19.44929562, -195.92572103])
20.1502 	EXP 	unnamed Rect: pos = array([  19.44929562, -195.92572103])
20.1666 	EXP 	unnamed Rect: pos = array([  19.44929562, -195.92572103])
20.1840 	EXP 	unnamed Rect: pos = array([  19.44929562, -195.92572103])
20.2000 	EXP 	unnamed Rect: pos = array([  19.44929562, -195.92572103])
20.2169 	EXP 	unnamed Rect: pos = array([  19.44929562, -195.92572103])
20.2336 	EXP 	unnamed Rect: pos = array([  19.44929562, -195.92572103])
20.2501 	EXP 	unnamed Rect: pos = array([  19.44929562, -195.92572103])
20.2670 	EXP 	unnamed Rect: pos = array([  19.44929562, -195.92572103])
20.2677 	DATA 	Keypress: up
20.2836 	EXP 	unnamed Rect: pos = array([  19.44929562, -185.92572103])
20.3005 	EXP 	unnamed Rect: pos = array([  19.44929562, -185.92572103])
20.3176 	EXP 	unnamed Rect: pos = array([  19.44929562, -185.92572103])
20.3348 	EXP 	unnamed Rect: pos = array([  19.44929562, -185.92572103])
20.3504 	EXP 	unnamed Rect: pos = array([  19.44929562, -185.92572103])
20.3669 	EXP 	unnamed Rect: pos = array([  19.44929562, -185.92572103])
20.3837 	EXP 	unnamed Rect: pos = array([  19.44929562, -185.92572103])
20.4002 	EXP 	unnamed Rect: pos = array([  19.44929562, -185.92572103])
20.4170 	EXP 	unnamed Rect: pos = array([  19.44929562, -185.92572103])
20.4338 	EXP 	unnamed Rect: pos = array([  19.44929562, -185.92572103])
20.4344 	DATA 	Keypress: up
20.4502 	EXP 	unnamed Rect: pos = array([  19.44929562, -175.92572103])
20.4667 	EXP 	unnamed Rect: pos = array([  19.44929562, -175.92572103])
20.4835 	EXP 	unnamed Rect: pos = array([  19.44929562, -175.92572103])
20.5004 	EXP 	unnamed Rect: pos = array([  19.44929562, -175.92572103])
20.5167 	EXP 	unnamed Rect: pos = array([  19.44929562, -175.92572103])
20.5339 	EXP 	unnamed Rect: pos = array([  19.44929562, -175.92572103])
20.5501 	EXP 	unnamed Rect: pos = array([  19.44929562, -175.92572103])
20.5667 	EXP 	unnamed Rect: pos = array([  19.44929562, -175.92572103])
20.5835 	EXP 	unnamed Rect: pos = array([  19.44929562, -175.92572103])
20.5878 	DATA 	Keypress: up
20.6004 	EXP 	unnamed Rect: pos = array([  19.44929562, -175.92572103])
20.6167 	EXP 	unnamed Rect: pos = array([  19.44929562, -165.92572103])
20.6337 	EXP 	unnamed Rect: pos = array([  19.44929562, -165.92572103])
20.6502 	EXP 	unnamed Rect: pos = array([  19.44929562, -165.92572103])
20.6676 	EXP 	unnamed Rect: pos = array([  19.44929562, -165.92572103])
20.6836 	EXP 	unnamed Rect: pos = array([  19.44929562, -165.92572103])
20.7006 	EXP 	unnamed Rect: pos = array([  19.44929562, -165.92572103])
20.7170 	EXP 	unnamed Rect: pos = array([  19.44929562, -165.92572103])
20.7333 	EXP 	unnamed Rect: pos = array([  19.44929562, -165.92572103])
20.7507 	EXP 	unnamed Rect: pos = array([  19.44929562, -165.92572103])
20.7670 	EXP 	unnamed Rect: pos = array([  19.44929562, -165.92572103])
20.7841 	EXP 	unnamed Rect: pos = array([  19.44929562, -165.92572103])
20.7847 	DATA 	Keypress: up
20.8003 	EXP 	unnamed Rect: pos = array([  19.44929562, -155.92572103])
20.8169 	EXP 	unnamed Rect: pos = array([  19.44929562, -155.92572103])
20.8339 	EXP 	unnamed Rect: pos = array([  19.44929562, -155.92572103])
20.8504 	EXP 	unnamed Rect: pos = array([  19.44929562, -155.92572103])
20.8669 	EXP 	unnamed Rect: pos = array([  19.44929562, -155.92572103])
20.8833 	EXP 	unnamed Rect: pos = array([  19.44929562, -155.92572103])
20.9000 	EXP 	unnamed Rect: pos = array([  19.44929562, -155.92572103])
20.9168 	EXP 	unnamed Rect: pos = array([  19.44929562, -155.92572103])
20.9208 	DATA 	Keypress: left
20.9340 	EXP 	unnamed Rect: pos = array([  19.44929562, -155.92572103])
20.9503 	EXP 	unnamed Rect: pos = array([   9.44929562, -155.92572103])
20.9666 	EXP 	unnamed Rect: pos = array([   9.44929562, -155.92572103])
20.9845 	EXP 	unnamed Rect: pos = array([   9.44929562, -155.92572103])
21.0005 	EXP 	unnamed Rect: pos = array([   9.44929562, -155.92572103])
21.0170 	EXP 	unnamed Rect: pos = array([   9.44929562, -155.92572103])
21.0343 	EXP 	unnamed Rect: pos = array([   9.44929562, -155.92572103])
21.0500 	EXP 	unnamed Rect: pos = array([   9.44929562, -155.92572103])
21.0671 	EXP 	unnamed Rect: pos = array([   9.44929562, -155.92572103])
21.0837 	EXP 	unnamed Rect: pos = array([   9.44929562, -155.92572103])
21.1004 	EXP 	unnamed Rect: pos = array([   9.44929562, -155.92572103])
21.1178 	EXP 	unnamed Rect: pos = array([   9.44929562, -155.92572103])
21.1348 	EXP 	unnamed Rect: pos = array([   9.44929562, -155.92572103])
21.1505 	EXP 	unnamed Rect: pos = array([   9.44929562, -155.92572103])
21.1669 	EXP 	unnamed Rect: pos = array([   9.44929562, -155.92572103])
21.1834 	EXP 	unnamed Rect: pos = array([   9.44929562, -155.92572103])
21.1999 	EXP 	unnamed Rect: pos = array([   9.44929562, -155.92572103])
21.2167 	EXP 	unnamed Rect: pos = array([   9.44929562, -155.92572103])
21.2335 	EXP 	unnamed Rect: pos = array([   9.44929562, -155.92572103])
21.2512 	EXP 	unnamed Rect: pos = array([   9.44929562, -155.92572103])
21.2667 	EXP 	unnamed Rect: pos = array([   9.44929562, -155.92572103])
21.2828 	EXP 	unnamed Rect: pos = array([   9.44929562, -155.92572103])
21.3000 	EXP 	unnamed Rect: pos = array([   9.44929562, -155.92572103])
21.3171 	EXP 	unnamed Rect: pos = array([   9.44929562, -155.92572103])
21.3340 	EXP 	unnamed Rect: pos = array([   9.44929562, -155.92572103])
21.3504 	EXP 	unnamed Rect: pos = array([   9.44929562, -155.92572103])
21.3666 	EXP 	unnamed Rect: pos = array([   9.44929562, -155.92572103])
21.3834 	EXP 	unnamed Rect: pos = array([   9.44929562, -155.92572103])
21.4003 	EXP 	unnamed Rect: pos = array([   9.44929562, -155.92572103])
21.4171 	EXP 	unnamed Rect: pos = array([   9.44929562, -155.92572103])
21.4215 	DATA 	Keypress: left
21.4337 	EXP 	unnamed Rect: pos = array([   9.44929562, -155.92572103])
21.4504 	EXP 	unnamed Rect: pos = array([  -0.55070438, -155.92572103])
21.4666 	EXP 	unnamed Rect: pos = array([  -0.55070438, -155.92572103])
21.4834 	EXP 	unnamed Rect: pos = array([  -0.55070438, -155.92572103])
21.5003 	EXP 	unnamed Rect: pos = array([  -0.55070438, -155.92572103])
21.5171 	EXP 	unnamed Rect: pos = array([  -0.55070438, -155.92572103])
21.5335 	EXP 	unnamed Rect: pos = array([  -0.55070438, -155.92572103])
21.5503 	EXP 	unnamed Rect: pos = array([  -0.55070438, -155.92572103])
21.5677 	EXP 	unnamed Rect: pos = array([  -0.55070438, -155.92572103])
21.5841 	EXP 	unnamed Rect: pos = array([  -0.55070438, -155.92572103])
21.6011 	EXP 	unnamed Rect: pos = array([  -0.55070438, -155.92572103])
21.6175 	EXP 	unnamed Rect: pos = array([  -0.55070438, -155.92572103])
21.6181 	DATA 	Keypress: up
21.6337 	EXP 	unnamed Rect: pos = array([  -0.55070438, -145.92572103])
21.6506 	EXP 	unnamed Rect: pos = array([  -0.55070438, -145.92572103])
21.6667 	EXP 	unnamed Rect: pos = array([  -0.55070438, -145.92572103])
21.6835 	EXP 	unnamed Rect: pos = array([  -0.55070438, -145.92572103])
21.7007 	EXP 	unnamed Rect: pos = array([  -0.55070438, -145.92572103])
21.7170 	EXP 	unnamed Rect: pos = array([  -0.55070438, -145.92572103])
21.7336 	EXP 	unnamed Rect: pos = array([  -0.55070438, -145.92572103])
21.7512 	EXP 	unnamed Rect: pos = array([  -0.55070438, -145.92572103])
21.7667 	EXP 	unnamed Rect: pos = array([  -0.55070438, -145.92572103])
21.7834 	EXP 	unnamed Rect: pos = array([  -0.55070438, -145.92572103])
21.8003 	EXP 	unnamed Rect: pos = array([  -0.55070438, -145.92572103])
21.8009 	DATA 	Keypress: up
21.8172 	EXP 	unnamed Rect: pos = array([  -0.55070438, -135.92572103])
21.8332 	EXP 	unnamed Rect: pos = array([  -0.55070438, -135.92572103])
21.8504 	EXP 	unnamed Rect: pos = array([  -0.55070438, -135.92572103])
21.8667 	EXP 	unnamed Rect: pos = array([  -0.55070438, -135.92572103])
21.8832 	EXP 	unnamed Rect: pos = array([  -0.55070438, -135.92572103])
21.9003 	EXP 	unnamed Rect: pos = array([  -0.55070438, -135.92572103])
21.9168 	EXP 	unnamed Rect: pos = array([  -0.55070438, -135.92572103])
21.9333 	EXP 	unnamed Rect: pos = array([  -0.55070438, -135.92572103])
21.9499 	EXP 	unnamed Rect: pos = array([  -0.55070438, -135.92572103])
21.9673 	EXP 	unnamed Rect: pos = array([  -0.55070438, -135.92572103])
21.9679 	DATA 	Keypress: up
21.9833 	EXP 	unnamed Rect: pos = array([  -0.55070438, -125.92572103])
22.0001 	EXP 	unnamed Rect: pos = array([  -0.55070438, -125.92572103])
22.0176 	EXP 	unnamed Rect: pos = array([  -0.55070438, -125.92572103])
22.0339 	EXP 	unnamed Rect: pos = array([  -0.55070438, -125.92572103])
22.0500 	EXP 	unnamed Rect: pos = array([  -0.55070438, -125.92572103])
22.0666 	EXP 	unnamed Rect: pos = array([  -0.55070438, -125.92572103])
22.0841 	EXP 	unnamed Rect: pos = array([  -0.55070438, -125.92572103])
22.0847 	DATA 	Keypress: left
22.1008 	EXP 	unnamed Rect: pos = array([ -10.55070438, -125.92572103])
22.1161 	EXP 	unnamed Rect: pos = array([ -10.55070438, -125.92572103])
22.1344 	EXP 	unnamed Rect: pos = array([ -10.55070438, -125.92572103])
22.1500 	EXP 	unnamed Rect: pos = array([ -10.55070438, -125.92572103])
22.1673 	EXP 	unnamed Rect: pos = array([ -10.55070438, -125.92572103])
22.1680 	DATA 	Keypress: up
22.1838 	EXP 	unnamed Rect: pos = array([ -10.55070438, -115.92572103])
22.2002 	EXP 	unnamed Rect: pos = array([ -10.55070438, -115.92572103])
22.2171 	EXP 	unnamed Rect: pos = array([ -10.55070438, -115.92572103])
22.2342 	EXP 	unnamed Rect: pos = array([ -10.55070438, -115.92572103])
22.2499 	EXP 	unnamed Rect: pos = array([ -10.55070438, -115.92572103])
22.2670 	EXP 	unnamed Rect: pos = array([ -10.55070438, -115.92572103])
22.2837 	EXP 	unnamed Rect: pos = array([ -10.55070438, -115.92572103])
22.3005 	EXP 	unnamed Rect: pos = array([ -10.55070438, -115.92572103])
22.3011 	DATA 	Keypress: left
22.3171 	EXP 	unnamed Rect: pos = array([ -20.55070438, -115.92572103])
22.3333 	EXP 	unnamed Rect: pos = array([ -20.55070438, -115.92572103])
22.3503 	EXP 	unnamed Rect: pos = array([ -20.55070438, -115.92572103])
22.3667 	EXP 	unnamed Rect: pos = array([ -20.55070438, -115.92572103])
22.3838 	EXP 	unnamed Rect: pos = array([ -20.55070438, -115.92572103])
22.3843 	DATA 	Keypress: up
22.4002 	EXP 	unnamed Rect: pos = array([ -20.55070438, -105.92572103])
22.4168 	EXP 	unnamed Rect: pos = array([ -20.55070438, -105.92572103])
22.4333 	EXP 	unnamed Rect: pos = array([ -20.55070438, -105.92572103])
22.4500 	EXP 	unnamed Rect: pos = array([ -20.55070438, -105.92572103])
22.4668 	EXP 	unnamed Rect: pos = array([ -20.55070438, -105.92572103])
22.4839 	EXP 	unnamed Rect: pos = array([ -20.55070438, -105.92572103])
22.4845 	DATA 	Keypress: left
22.5007 	EXP 	unnamed Rect: pos = array([ -30.55070438, -105.92572103])
22.5169 	EXP 	unnamed Rect: pos = array([ -30.55070438, -105.92572103])
22.5332 	EXP 	unnamed Rect: pos = array([ -30.55070438, -105.92572103])
22.5506 	EXP 	unnamed Rect: pos = array([ -30.55070438, -105.92572103])
22.5665 	EXP 	unnamed Rect: pos = array([ -30.55070438, -105.92572103])
22.5839 	EXP 	unnamed Rect: pos = array([ -30.55070438, -105.92572103])
22.5846 	DATA 	Keypress: up
22.6003 	EXP 	unnamed Rect: pos = array([-30.55070438, -95.92572103])
22.6168 	EXP 	unnamed Rect: pos = array([-30.55070438, -95.92572103])
22.6337 	EXP 	unnamed Rect: pos = array([-30.55070438, -95.92572103])
22.6508 	EXP 	unnamed Rect: pos = array([-30.55070438, -95.92572103])
22.6672 	EXP 	unnamed Rect: pos = array([-30.55070438, -95.92572103])
22.6837 	EXP 	unnamed Rect: pos = array([-30.55070438, -95.92572103])
22.7006 	EXP 	unnamed Rect: pos = array([-30.55070438, -95.92572103])
22.7011 	DATA 	Keypress: left
22.7170 	EXP 	unnamed Rect: pos = array([-40.55070438, -95.92572103])
22.7341 	EXP 	unnamed Rect: pos = array([-40.55070438, -95.92572103])
22.7500 	EXP 	unnamed Rect: pos = array([-40.55070438, -95.92572103])
22.7670 	EXP 	unnamed Rect: pos = array([-40.55070438, -95.92572103])
22.7839 	EXP 	unnamed Rect: pos = array([-40.55070438, -95.92572103])
22.7844 	DATA 	Keypress: up
22.8008 	EXP 	unnamed Rect: pos = array([-40.55070438, -85.92572103])
22.8169 	EXP 	unnamed Rect: pos = array([-40.55070438, -85.92572103])
22.8334 	EXP 	unnamed Rect: pos = array([-40.55070438, -85.92572103])
22.8501 	EXP 	unnamed Rect: pos = array([-40.55070438, -85.92572103])
22.8670 	EXP 	unnamed Rect: pos = array([-40.55070438, -85.92572103])
22.8838 	EXP 	unnamed Rect: pos = array([-40.55070438, -85.92572103])
22.8844 	DATA 	Keypress: left
22.9004 	EXP 	unnamed Rect: pos = array([-50.55070438, -85.92572103])
22.9167 	EXP 	unnamed Rect: pos = array([-50.55070438, -85.92572103])
22.9333 	EXP 	unnamed Rect: pos = array([-50.55070438, -85.92572103])
22.9500 	EXP 	unnamed Rect: pos = array([-50.55070438, -85.92572103])
22.9667 	EXP 	unnamed Rect: pos = array([-50.55070438, -85.92572103])
22.9833 	EXP 	unnamed Rect: pos = array([-50.55070438, -85.92572103])
22.9840 	DATA 	Keypress: up
23.0006 	EXP 	unnamed Rect: pos = array([-50.55070438, -75.92572103])
23.0166 	EXP 	text: autoDraw = True
23.0859 	DATA 	Keypress: left
23.1870 	DATA 	Keypress: up
23.2881 	DATA 	Keypress: left
23.3878 	DATA 	Keypress: up
23.4711 	DATA 	Keypress: left
23.5880 	DATA 	Keypress: up
24.9883 	DATA 	Keypress: space
25.9215 	DATA 	Keypress: q
26.0017 	EXP 	New trial (rep=1, index=0): None
26.0179 	EXP 	text: autoDraw = False
26.0179 	EXP 	text: autoDraw = False
26.0179 	EXP 	Welcometext: autoDraw = True
26.2554 	DATA 	Keypress: quoteleft
27.0709 	DATA 	Keypress: escape
27.2303 	EXP 	window1: mouseVisible = True
