0.5950 	WARNING 	We strongly recommend you activate the PTB sound engine in PsychoPy prefs as the preferred audio engine. Its timing is vastly superior. Your prefs are currently set to use ['sounddevice', 'PTB', 'pyo', 'pygame'] (in that order).
5.9962 	ERROR 	'-1.0000, -1.0000, -1.0000' is not a valid rgb color
6.6128 	EXP 	Created window1 = Window(allowGUI=False, allowStencil=False, autoLog=True, backendConf=UNKNOWN, bitsMode=UNKNOWN, blendMode='avg', bpc=(8, 8, 8), color=array([0, 0, 0]), colorSpace='rgb', depthBits=8, fullscr=<method-wrapper '__getattribute__' of attributeSetter object at 0x7f8995c7da58>, gamma=None, gammaErrorPolicy='raise', lms=UNKNOWN, monitor=<psychopy.monitors.calibTools.Monitor object at 0x7f89956dc400>, multiSample=False, name='window1', numSamples=2, pos=[360.0, 225.0], screen=0, size=array([2880, 1800]), stencilBits=0, stereo=False, units='height', useFBO=True, useRetina=True, viewOri=0.0, viewPos=None, viewScale=None, waitBlanking=True, winType='pyglet')
6.6130 	EXP 	window1: mouseVisible = True
6.6131 	EXP 	window1: recordFrameIntervals = False
6.7791 	EXP 	window1: recordFrameIntervals = True
6.9631 	EXP 	window1: recordFrameIntervals = False
7.6798 	DEPRECATION 	'1.0000, 1.0000, 1.0000' is not a valid rgb color
7.7070 	EXP 	Created Welcometext = TextStim(__class__=<class 'psychopy.visual.text.TextStim'>, alignHoriz=method-wrapper(...), alignText='center', alignVert=method-wrapper(...), anchorHoriz='center', anchorVert='center', antialias=True, autoLog=True, bold=False, color=array([0., 0., 0.]), colorSpace='rgb', contrast=1.0, depth=0.0, flipHoriz=False, flipVert=False, font='Open Sans', fontFiles=[], height=0.05, italic=False, languageStyle='LTR', name='Welcometext', opacity=0, ori=0.0, pos=array([0., 0.]), rgb=UNKNOWN, text='Welcome\nPlease press Spacebar to start', units='height', win=Window(...), wrapWidth=1)
8.0597 	EXP 	Created text = TextStim(__class__=<class 'psychopy.visual.text.TextStim'>, alignHoriz=method-wrapper(...), alignText='center', alignVert=method-wrapper(...), anchorHoriz='center', anchorVert='center', antialias=True, autoLog=True, bold=False, color=array([1., 1., 1.]), colorSpace='rgb', contrast=1.0, depth=0.0, flipHoriz=False, flipVert=False, font='Open Sans', fontFiles=[], height=0.05, italic=False, languageStyle='LTR', name='text', opacity=1, ori=0.0, pos=array([0., 0.]), rgb=UNKNOWN, text=str(...), units='height', win=Window(...), wrapWidth=1)
8.0603 	EXP 	Created sequence: random, trialTypes=1, nReps=5, seed=None
8.0604 	EXP 	New trial (rep=0, index=0): None
8.0661 	EXP 	Welcometext: autoDraw = True
17.4199 	EXP 	Created unnamed Rect = Rect(__class__=<class 'psychopy.visual.rect.Rect'>, autoDraw=False, autoLog=True, closeShape=True, color=method-wrapper(...), colorSpace='rgb', contrast=None, depth=0, fillColor=array([ 1, -1, -1]), fillColorSpace='rgb', fillRGB=array([ 1, -1, -1]), interpolate=True, lineColor=array([-1., -1.,  1.]), lineColorSpace='rgb', lineRGB=array([-1, -1,  1]), lineWidth=1.5, name='unnamed Rect', opacity=1, ori=0.0, pos=array([0., 0.]), size=array([1000.,  700.]), units='pix', vertices=ndarray(...), win=Window(...))
17.4225 	EXP 	Created unnamed Rect = Rect(__class__=<class 'psychopy.visual.rect.Rect'>, autoDraw=False, autoLog=True, closeShape=True, color=method-wrapper(...), colorSpace='rgb', contrast=None, depth=0, fillColor=array([-1, -1, -1]), fillColorSpace='rgb', fillRGB=array([-1, -1, -1]), interpolate=True, lineColor=array([-1., -1.,  1.]), lineColorSpace='rgb', lineRGB=array([-1, -1,  1]), lineWidth=1.5, name='unnamed Rect', opacity=1, ori=0.0, pos=array([0., 0.]), size=array([400., 600.]), units='pix', vertices=ndarray(...), win=Window(...))
17.4251 	EXP 	Created unnamed Rect = Rect(__class__=<class 'psychopy.visual.rect.Rect'>, autoDraw=False, autoLog=True, closeShape=True, color=method-wrapper(...), colorSpace='rgb', contrast=None, depth=0, fillColor=array([-1, -1, -1]), fillColorSpace='rgb', fillRGB=array([-1, -1, -1]), interpolate=True, lineColor=array([-1., -1.,  1.]), lineColorSpace='rgb', lineRGB=array([-1, -1,  1]), lineWidth=1.5, name='unnamed Rect', opacity=1, ori=0.0, pos=array([0., 0.]), size=array([400., 600.]), units='pix', vertices=ndarray(...), win=Window(...))
17.4282 	EXP 	Created unnamed Rect = Rect(__class__=<class 'psychopy.visual.rect.Rect'>, autoDraw=False, autoLog=True, closeShape=True, color=method-wrapper(...), colorSpace='rgb', contrast=None, depth=0, fillColor=array([ 1,  1, -1]), fillColorSpace='rgb', fillRGB=array([ 1,  1, -1]), interpolate=True, lineColor=array([0., 0., 0.]), lineColorSpace='rgb', lineRGB=array([0, 0, 0]), lineWidth=1.5, name='unnamed Rect', opacity=0.5, ori=0.0, pos=array([0., 0.]), size=array([30., 30.]), units='pix', vertices=ndarray(...), win=Window(...))
17.4312 	EXP 	Created unnamed Rect = Rect(__class__=<class 'psychopy.visual.rect.Rect'>, autoDraw=False, autoLog=True, closeShape=True, color=method-wrapper(...), colorSpace='rgb', contrast=None, depth=0, fillColor=array([ 1,  1, -1]), fillColorSpace='rgb', fillRGB=array([ 1,  1, -1]), interpolate=True, lineColor=array([0., 0., 0.]), lineColorSpace='rgb', lineRGB=array([0, 0, 0]), lineWidth=1.5, name='unnamed Rect', opacity=0.5, ori=0.0, pos=array([0., 0.]), size=array([30., 30.]), units='pix', vertices=ndarray(...), win=Window(...))
17.4342 	EXP 	Created unnamed Rect = Rect(__class__=<class 'psychopy.visual.rect.Rect'>, autoDraw=False, autoLog=True, closeShape=True, color=method-wrapper(...), colorSpace='rgb', contrast=None, depth=0, fillColor=array([ 1,  1, -1]), fillColorSpace='rgb', fillRGB=array([ 1,  1, -1]), interpolate=True, lineColor=array([0., 0., 0.]), lineColorSpace='rgb', lineRGB=array([0, 0, 0]), lineWidth=1.5, name='unnamed Rect', opacity=0.5, ori=0.0, pos=array([0., 0.]), size=array([30., 30.]), units='pix', vertices=ndarray(...), win=Window(...))
17.4370 	EXP 	Created unnamed Rect = Rect(__class__=<class 'psychopy.visual.rect.Rect'>, autoDraw=False, autoLog=True, closeShape=True, color=method-wrapper(...), colorSpace='rgb', contrast=None, depth=0, fillColor=array([ 1,  1, -1]), fillColorSpace='rgb', fillRGB=array([ 1,  1, -1]), interpolate=True, lineColor=array([0., 0., 0.]), lineColorSpace='rgb', lineRGB=array([0, 0, 0]), lineWidth=1.5, name='unnamed Rect', opacity=0.5, ori=0.0, pos=array([0., 0.]), size=array([30., 30.]), units='pix', vertices=ndarray(...), win=Window(...))
17.4394 	EXP 	Created unnamed Rect = Rect(__class__=<class 'psychopy.visual.rect.Rect'>, autoDraw=False, autoLog=True, closeShape=True, color=method-wrapper(...), colorSpace='rgb', contrast=None, depth=0, fillColor=array([ 1,  1, -1]), fillColorSpace='rgb', fillRGB=array([ 1,  1, -1]), interpolate=True, lineColor=array([0., 0., 0.]), lineColorSpace='rgb', lineRGB=array([0, 0, 0]), lineWidth=1.5, name='unnamed Rect', opacity=0.5, ori=0.0, pos=array([0., 0.]), size=array([30., 30.]), units='pix', vertices=ndarray(...), win=Window(...))
17.4418 	EXP 	Created unnamed Rect = Rect(__class__=<class 'psychopy.visual.rect.Rect'>, autoDraw=False, autoLog=True, closeShape=True, color=method-wrapper(...), colorSpace='rgb', contrast=None, depth=0, fillColor=array([ 1,  1, -1]), fillColorSpace='rgb', fillRGB=array([ 1,  1, -1]), interpolate=True, lineColor=array([0., 0., 0.]), lineColorSpace='rgb', lineRGB=array([0, 0, 0]), lineWidth=1.5, name='unnamed Rect', opacity=0.5, ori=0.0, pos=array([0., 0.]), size=array([30., 30.]), units='pix', vertices=ndarray(...), win=Window(...))
17.4441 	EXP 	Created unnamed Rect = Rect(__class__=<class 'psychopy.visual.rect.Rect'>, autoDraw=False, autoLog=True, closeShape=True, color=method-wrapper(...), colorSpace='rgb', contrast=None, depth=0, fillColor=array([ 1,  1, -1]), fillColorSpace='rgb', fillRGB=array([ 1,  1, -1]), interpolate=True, lineColor=array([0., 0., 0.]), lineColorSpace='rgb', lineRGB=array([0, 0, 0]), lineWidth=1.5, name='unnamed Rect', opacity=0.5, ori=0.0, pos=array([0., 0.]), size=array([30., 30.]), units='pix', vertices=ndarray(...), win=Window(...))
17.4846 	EXP 	Created unnamed ImageStim = ImageStim(__class__=<class 'psychopy.visual.image.ImageStim'>, autoLog=True, color=array([1., 1., 1.]), colorSpace='rgb', contrast=1.0, depth=0, flipHoriz=False, flipVert=False, image='tree.png', interpolate=False, mask=None, maskParams=None, name='unnamed ImageStim', opacity=1, ori=0.0, pos=array([0., 0.]), size=array([512, 512]), texRes=128, units='pix', win=Window(...))
17.5049 	EXP 	Created unnamed ImageStim = ImageStim(__class__=<class 'psychopy.visual.image.ImageStim'>, autoLog=True, color=array([1., 1., 1.]), colorSpace='rgb', contrast=1.0, depth=0, flipHoriz=False, flipVert=False, image='tree.png', interpolate=False, mask=None, maskParams=None, name='unnamed ImageStim', opacity=1, ori=0.0, pos=array([0., 0.]), size=array([512, 512]), texRes=128, units='pix', win=Window(...))
17.5237 	EXP 	Created unnamed ImageStim = ImageStim(__class__=<class 'psychopy.visual.image.ImageStim'>, autoLog=True, color=array([1., 1., 1.]), colorSpace='rgb', contrast=1.0, depth=0, flipHoriz=False, flipVert=False, image='tree.png', interpolate=False, mask=None, maskParams=None, name='unnamed ImageStim', opacity=1, ori=0.0, pos=array([0., 0.]), size=array([512, 512]), texRes=128, units='pix', win=Window(...))
17.5414 	EXP 	Created unnamed ImageStim = ImageStim(__class__=<class 'psychopy.visual.image.ImageStim'>, autoLog=True, color=array([1., 1., 1.]), colorSpace='rgb', contrast=1.0, depth=0, flipHoriz=False, flipVert=False, image='tree.png', interpolate=False, mask=None, maskParams=None, name='unnamed ImageStim', opacity=1, ori=0.0, pos=array([0., 0.]), size=array([512, 512]), texRes=128, units='pix', win=Window(...))
17.5587 	EXP 	Created unnamed ImageStim = ImageStim(__class__=<class 'psychopy.visual.image.ImageStim'>, autoLog=True, color=array([1., 1., 1.]), colorSpace='rgb', contrast=1.0, depth=0, flipHoriz=False, flipVert=False, image='tree.png', interpolate=False, mask=None, maskParams=None, name='unnamed ImageStim', opacity=1, ori=0.0, pos=array([0., 0.]), size=array([512, 512]), texRes=128, units='pix', win=Window(...))
17.5762 	EXP 	Created unnamed ImageStim = ImageStim(__class__=<class 'psychopy.visual.image.ImageStim'>, autoLog=True, color=array([1., 1., 1.]), colorSpace='rgb', contrast=1.0, depth=0, flipHoriz=False, flipVert=False, image='tree.png', interpolate=False, mask=None, maskParams=None, name='unnamed ImageStim', opacity=1, ori=0.0, pos=array([0., 0.]), size=array([512, 512]), texRes=128, units='pix', win=Window(...))
17.5936 	EXP 	Created unnamed ImageStim = ImageStim(__class__=<class 'psychopy.visual.image.ImageStim'>, autoLog=True, color=array([1., 1., 1.]), colorSpace='rgb', contrast=1.0, depth=0, flipHoriz=False, flipVert=False, image='tree.png', interpolate=False, mask=None, maskParams=None, name='unnamed ImageStim', opacity=1, ori=0.0, pos=array([0., 0.]), size=array([512, 512]), texRes=128, units='pix', win=Window(...))
17.6112 	EXP 	Created unnamed ImageStim = ImageStim(__class__=<class 'psychopy.visual.image.ImageStim'>, autoLog=True, color=array([1., 1., 1.]), colorSpace='rgb', contrast=1.0, depth=0, flipHoriz=False, flipVert=False, image='tree.png', interpolate=False, mask=None, maskParams=None, name='unnamed ImageStim', opacity=1, ori=0.0, pos=array([0., 0.]), size=array([512, 512]), texRes=128, units='pix', win=Window(...))
17.6289 	EXP 	Created unnamed ImageStim = ImageStim(__class__=<class 'psychopy.visual.image.ImageStim'>, autoLog=True, color=array([1., 1., 1.]), colorSpace='rgb', contrast=1.0, depth=0, flipHoriz=False, flipVert=False, image='tree.png', interpolate=False, mask=None, maskParams=None, name='unnamed ImageStim', opacity=1, ori=0.0, pos=array([0., 0.]), size=array([512, 512]), texRes=128, units='pix', win=Window(...))
17.6462 	EXP 	Created unnamed ImageStim = ImageStim(__class__=<class 'psychopy.visual.image.ImageStim'>, autoLog=True, color=array([1., 1., 1.]), colorSpace='rgb', contrast=1.0, depth=0, flipHoriz=False, flipVert=False, image='tree.png', interpolate=False, mask=None, maskParams=None, name='unnamed ImageStim', opacity=1, ori=0.0, pos=array([0., 0.]), size=array([512, 512]), texRes=128, units='pix', win=Window(...))
17.6637 	EXP 	Created unnamed ImageStim = ImageStim(__class__=<class 'psychopy.visual.image.ImageStim'>, autoLog=True, color=array([1., 1., 1.]), colorSpace='rgb', contrast=1.0, depth=0, flipHoriz=False, flipVert=False, image='tree.png', interpolate=False, mask=None, maskParams=None, name='unnamed ImageStim', opacity=1, ori=0.0, pos=array([0., 0.]), size=array([512, 512]), texRes=128, units='pix', win=Window(...))
17.6812 	EXP 	Created unnamed ImageStim = ImageStim(__class__=<class 'psychopy.visual.image.ImageStim'>, autoLog=True, color=array([1., 1., 1.]), colorSpace='rgb', contrast=1.0, depth=0, flipHoriz=False, flipVert=False, image='tree.png', interpolate=False, mask=None, maskParams=None, name='unnamed ImageStim', opacity=1, ori=0.0, pos=array([0., 0.]), size=array([512, 512]), texRes=128, units='pix', win=Window(...))
17.6915 	DATA 	Keypress: space
17.6974 	EXP 	Welcometext: autoDraw = False
17.6974 	EXP 	unnamed Rect: pos = [-250, 0]
17.6974 	EXP 	unnamed Rect: pos = [250, 0]
17.6974 	EXP 	unnamed Rect: pos = [-421.45793422086683, 169.7704542358483]
17.6974 	EXP 	unnamed Rect: pos = [-308.65479269654077, -45.77067502704323]
17.6974 	EXP 	unnamed Rect: pos = [392.3040632405858, -10.211118149803722]
17.6974 	EXP 	unnamed Rect: pos = [388.14704398747443, -151.50539554364067]
17.6974 	EXP 	unnamed Rect: pos = [123.64097954560094, 170.86901042997812]
17.6974 	EXP 	unnamed Rect: pos = [68.93665965139479, 218.29602327039498]
17.6974 	EXP 	unnamed Rect: pos = [234.56317244965277, 223.08946773194705]
17.6974 	EXP 	unnamed ImageStim: size = [51.2, 51.2]
17.6974 	EXP 	unnamed ImageStim: size = [51.2, 51.2]
17.6974 	EXP 	unnamed ImageStim: size = [51.2, 51.2]
17.6974 	EXP 	unnamed ImageStim: size = [51.2, 51.2]
17.6974 	EXP 	unnamed ImageStim: size = [51.2, 51.2]
17.6974 	EXP 	unnamed ImageStim: size = [51.2, 51.2]
17.6974 	EXP 	unnamed ImageStim: size = [51.2, 51.2]
17.6974 	EXP 	unnamed ImageStim: size = [51.2, 51.2]
17.6974 	EXP 	unnamed ImageStim: size = [51.2, 51.2]
17.6974 	EXP 	unnamed ImageStim: size = [51.2, 51.2]
17.6974 	EXP 	unnamed ImageStim: size = [51.2, 51.2]
17.6974 	EXP 	unnamed ImageStim: size = [51.2, 51.2]
17.6974 	EXP 	unnamed ImageStim: pos = [-45.269073301946484, -5.002200188325739]
17.6974 	EXP 	unnamed ImageStim: pos = [139.22822937310718, 89.34024402655136]
17.6974 	EXP 	unnamed ImageStim: pos = [23.578239975267905, -45.842560196272814]
17.6974 	EXP 	unnamed ImageStim: pos = [36.41583668837716, -88.0969727079433]
17.6974 	EXP 	unnamed ImageStim: pos = [-295.2690733019465, -5.002200188325739]
17.6974 	EXP 	unnamed ImageStim: pos = [204.7309266980535, -5.002200188325739]
17.6974 	EXP 	unnamed ImageStim: pos = [-110.77177062689282, 89.34024402655136]
17.6974 	EXP 	unnamed ImageStim: pos = [389.2282293731072, 89.34024402655136]
17.6974 	EXP 	unnamed ImageStim: pos = [-226.4217600247321, -45.842560196272814]
17.6974 	EXP 	unnamed ImageStim: pos = [273.57823997526793, -45.842560196272814]
17.6974 	EXP 	unnamed ImageStim: pos = [-213.58416331162283, -88.0969727079433]
17.6974 	EXP 	unnamed ImageStim: pos = [286.41583668837717, -88.0969727079433]
19.2612 	DATA 	Keypress: left
19.4493 	DATA 	Keypress: up
19.6210 	DATA 	Keypress: up
19.9991 	DATA 	Keypress: left
20.2323 	DATA 	Keypress: left
23.5179 	EXP 	Created unnamed Rect = Rect(__class__=<class 'psychopy.visual.rect.Rect'>, autoDraw=False, autoLog=True, closeShape=True, color=method-wrapper(...), colorSpace='rgb', contrast=None, depth=0, fillColor=array([-1, -1, -1]), fillColorSpace='rgb', fillRGB=array([-1, -1, -1]), interpolate=True, lineColor=array([-1., -1.,  1.]), lineColorSpace='rgb', lineRGB=array([-1, -1,  1]), lineWidth=1.5, name='unnamed Rect', opacity=1, ori=0.0, pos=array([0., 0.]), size=array([400., 600.]), units='pix', vertices=ndarray(...), win=Window(...))
23.5229 	EXP 	Created unnamed Rect = Rect(__class__=<class 'psychopy.visual.rect.Rect'>, autoDraw=False, autoLog=True, closeShape=True, color=method-wrapper(...), colorSpace='rgb', contrast=None, depth=0, fillColor=array([-1, -1, -1]), fillColorSpace='rgb', fillRGB=array([-1, -1, -1]), interpolate=True, lineColor=array([-1., -1.,  1.]), lineColorSpace='rgb', lineRGB=array([-1, -1,  1]), lineWidth=1.5, name='unnamed Rect', opacity=1, ori=0.0, pos=array([0., 0.]), size=array([400., 600.]), units='pix', vertices=ndarray(...), win=Window(...))
23.5246 	DATA 	Keypress: left
23.5354 	EXP 	unnamed Rect: pos = array([-171.45793422,  169.77045424])
23.5354 	EXP 	unnamed Rect: pos = array([-58.6547927 , -45.77067503])
23.5354 	EXP 	unnamed Rect: pos = array([-171.45793422,  169.77045424])
23.5454 	EXP 	unnamed Rect: pos = array([-171.45793422,  169.77045424])
23.5618 	EXP 	unnamed Rect: pos = array([-171.45793422,  169.77045424])
23.5789 	EXP 	unnamed Rect: pos = array([-171.45793422,  169.77045424])
23.5950 	EXP 	unnamed Rect: pos = array([-171.45793422,  169.77045424])
23.6118 	EXP 	unnamed Rect: pos = array([-171.45793422,  169.77045424])
23.6287 	EXP 	unnamed Rect: pos = array([-171.45793422,  169.77045424])
23.6450 	EXP 	unnamed Rect: pos = array([-171.45793422,  169.77045424])
23.6622 	EXP 	unnamed Rect: pos = array([-171.45793422,  169.77045424])
23.6793 	EXP 	unnamed Rect: pos = array([-171.45793422,  169.77045424])
23.6950 	EXP 	unnamed Rect: pos = array([-171.45793422,  169.77045424])
23.7117 	EXP 	unnamed Rect: pos = array([-171.45793422,  169.77045424])
23.7284 	EXP 	unnamed Rect: pos = array([-171.45793422,  169.77045424])
23.7449 	EXP 	unnamed Rect: pos = array([-171.45793422,  169.77045424])
23.7623 	EXP 	unnamed Rect: pos = array([-171.45793422,  169.77045424])
23.7782 	EXP 	unnamed Rect: pos = array([-171.45793422,  169.77045424])
23.7959 	EXP 	unnamed Rect: pos = array([-171.45793422,  169.77045424])
23.8119 	EXP 	unnamed Rect: pos = array([-171.45793422,  169.77045424])
23.8283 	EXP 	unnamed Rect: pos = array([-171.45793422,  169.77045424])
23.8449 	EXP 	unnamed Rect: pos = array([-171.45793422,  169.77045424])
23.8620 	EXP 	unnamed Rect: pos = array([-171.45793422,  169.77045424])
23.8629 	DATA 	Keypress: up
23.8795 	EXP 	unnamed Rect: pos = array([-171.45793422,  179.77045424])
23.8948 	EXP 	unnamed Rect: pos = array([-171.45793422,  179.77045424])
23.9116 	EXP 	unnamed Rect: pos = array([-171.45793422,  179.77045424])
23.9283 	EXP 	unnamed Rect: pos = array([-171.45793422,  179.77045424])
23.9463 	EXP 	unnamed Rect: pos = array([-171.45793422,  179.77045424])
23.9618 	EXP 	unnamed Rect: pos = array([-171.45793422,  179.77045424])
23.9784 	EXP 	unnamed Rect: pos = array([-171.45793422,  179.77045424])
23.9952 	EXP 	unnamed Rect: pos = array([-171.45793422,  179.77045424])
24.0118 	EXP 	unnamed Rect: pos = array([-171.45793422,  179.77045424])
24.0285 	EXP 	unnamed Rect: pos = array([-171.45793422,  179.77045424])
24.0295 	DATA 	Keypress: up
24.0460 	EXP 	unnamed Rect: pos = array([-171.45793422,  189.77045424])
24.0616 	EXP 	unnamed Rect: pos = array([-171.45793422,  189.77045424])
24.0788 	EXP 	unnamed Rect: pos = array([-171.45793422,  189.77045424])
24.0954 	EXP 	unnamed Rect: pos = array([-171.45793422,  189.77045424])
24.1119 	EXP 	unnamed Rect: pos = array([-171.45793422,  189.77045424])
24.1283 	EXP 	unnamed Rect: pos = array([-171.45793422,  189.77045424])
24.1454 	EXP 	unnamed Rect: pos = array([-171.45793422,  189.77045424])
24.1617 	EXP 	unnamed Rect: pos = array([-171.45793422,  189.77045424])
24.1785 	EXP 	unnamed Rect: pos = array([-171.45793422,  189.77045424])
24.1952 	EXP 	unnamed Rect: pos = array([-171.45793422,  189.77045424])
24.2116 	EXP 	unnamed Rect: pos = array([-171.45793422,  189.77045424])
24.2283 	EXP 	unnamed Rect: pos = array([-171.45793422,  189.77045424])
24.2449 	EXP 	unnamed Rect: pos = array([-171.45793422,  189.77045424])
24.2615 	EXP 	unnamed Rect: pos = array([-171.45793422,  189.77045424])
24.2787 	EXP 	unnamed Rect: pos = array([-171.45793422,  189.77045424])
24.2948 	EXP 	unnamed Rect: pos = array([-171.45793422,  189.77045424])
24.3120 	EXP 	unnamed Rect: pos = array([-171.45793422,  189.77045424])
24.3161 	DATA 	Keypress: down
24.3294 	EXP 	unnamed Rect: pos = array([-171.45793422,  189.77045424])
24.3456 	EXP 	unnamed Rect: pos = array([-171.45793422,  179.77045424])
24.3617 	EXP 	unnamed Rect: pos = array([-171.45793422,  179.77045424])
24.3784 	EXP 	unnamed Rect: pos = array([-171.45793422,  179.77045424])
24.3952 	EXP 	unnamed Rect: pos = array([-171.45793422,  179.77045424])
24.4120 	EXP 	unnamed Rect: pos = array([-171.45793422,  179.77045424])
24.4294 	EXP 	unnamed Rect: pos = array([-171.45793422,  179.77045424])
24.4452 	EXP 	unnamed Rect: pos = array([-171.45793422,  179.77045424])
24.4620 	EXP 	unnamed Rect: pos = array([-171.45793422,  179.77045424])
24.4788 	EXP 	unnamed Rect: pos = array([-171.45793422,  179.77045424])
24.4954 	EXP 	unnamed Rect: pos = array([-171.45793422,  179.77045424])
24.5129 	EXP 	unnamed Rect: pos = array([-171.45793422,  179.77045424])
24.5286 	EXP 	unnamed Rect: pos = array([-171.45793422,  179.77045424])
24.5450 	EXP 	unnamed Rect: pos = array([-171.45793422,  179.77045424])
24.5616 	EXP 	unnamed Rect: pos = array([-171.45793422,  179.77045424])
24.5785 	EXP 	unnamed Rect: pos = array([-171.45793422,  179.77045424])
24.5953 	EXP 	unnamed Rect: pos = array([-171.45793422,  179.77045424])
24.6116 	EXP 	unnamed Rect: pos = array([-171.45793422,  179.77045424])
24.6283 	EXP 	unnamed Rect: pos = array([-171.45793422,  179.77045424])
24.6449 	EXP 	unnamed Rect: pos = array([-171.45793422,  179.77045424])
24.6620 	EXP 	unnamed Rect: pos = array([-171.45793422,  179.77045424])
24.6796 	EXP 	unnamed Rect: pos = array([-171.45793422,  179.77045424])
24.6950 	EXP 	unnamed Rect: pos = array([-171.45793422,  179.77045424])
24.7116 	EXP 	unnamed Rect: pos = array([-171.45793422,  179.77045424])
24.7286 	EXP 	unnamed Rect: pos = array([-171.45793422,  179.77045424])
24.7452 	EXP 	unnamed Rect: pos = array([-171.45793422,  179.77045424])
24.7616 	EXP 	unnamed Rect: pos = array([-171.45793422,  179.77045424])
24.7783 	EXP 	unnamed Rect: pos = array([-171.45793422,  179.77045424])
24.7959 	EXP 	unnamed Rect: pos = array([-171.45793422,  179.77045424])
24.7970 	DATA 	Keypress: down
24.8119 	EXP 	unnamed Rect: pos = array([-171.45793422,  169.77045424])
24.8293 	EXP 	unnamed Rect: pos = array([-171.45793422,  169.77045424])
24.8453 	EXP 	unnamed Rect: pos = array([-171.45793422,  169.77045424])
24.8629 	EXP 	unnamed Rect: pos = array([-171.45793422,  169.77045424])
24.8786 	EXP 	unnamed Rect: pos = array([-171.45793422,  169.77045424])
24.8951 	EXP 	unnamed Rect: pos = array([-171.45793422,  169.77045424])
24.9117 	EXP 	unnamed Rect: pos = array([-171.45793422,  169.77045424])
24.9286 	EXP 	unnamed Rect: pos = array([-171.45793422,  169.77045424])
24.9452 	EXP 	unnamed Rect: pos = array([-171.45793422,  169.77045424])
24.9461 	DATA 	Keypress: down
24.9616 	EXP 	unnamed Rect: pos = array([-171.45793422,  159.77045424])
24.9783 	EXP 	unnamed Rect: pos = array([-171.45793422,  159.77045424])
24.9951 	EXP 	unnamed Rect: pos = array([-171.45793422,  159.77045424])
25.0115 	EXP 	unnamed Rect: pos = array([-171.45793422,  159.77045424])
25.0294 	EXP 	unnamed Rect: pos = array([-171.45793422,  159.77045424])
25.0453 	EXP 	unnamed Rect: pos = array([-171.45793422,  159.77045424])
25.0619 	EXP 	unnamed Rect: pos = array([-171.45793422,  159.77045424])
25.0783 	EXP 	unnamed Rect: pos = array([-171.45793422,  159.77045424])
25.0956 	EXP 	unnamed Rect: pos = array([-171.45793422,  159.77045424])
25.1002 	DATA 	Keypress: down
25.1129 	EXP 	unnamed Rect: pos = array([-171.45793422,  159.77045424])
25.1285 	EXP 	unnamed Rect: pos = array([-171.45793422,  149.77045424])
25.1452 	EXP 	unnamed Rect: pos = array([-171.45793422,  149.77045424])
25.1619 	EXP 	unnamed Rect: pos = array([-171.45793422,  149.77045424])
25.1792 	EXP 	unnamed Rect: pos = array([-171.45793422,  149.77045424])
25.1952 	EXP 	unnamed Rect: pos = array([-171.45793422,  149.77045424])
25.2116 	EXP 	unnamed Rect: pos = array([-171.45793422,  149.77045424])
25.2286 	EXP 	unnamed Rect: pos = array([-171.45793422,  149.77045424])
25.2327 	DATA 	Keypress: down
25.2459 	EXP 	unnamed Rect: pos = array([-171.45793422,  149.77045424])
25.2622 	EXP 	unnamed Rect: pos = array([-171.45793422,  139.77045424])
25.2783 	EXP 	unnamed Rect: pos = array([-171.45793422,  139.77045424])
25.2949 	EXP 	unnamed Rect: pos = array([-171.45793422,  139.77045424])
25.3129 	EXP 	unnamed Rect: pos = array([-171.45793422,  139.77045424])
25.3285 	EXP 	unnamed Rect: pos = array([-171.45793422,  139.77045424])
25.3450 	EXP 	unnamed Rect: pos = array([-171.45793422,  139.77045424])
25.3619 	EXP 	unnamed Rect: pos = array([-171.45793422,  139.77045424])
25.3796 	EXP 	unnamed Rect: pos = array([-171.45793422,  139.77045424])
25.3805 	DATA 	Keypress: down
25.3948 	EXP 	unnamed Rect: pos = array([-171.45793422,  129.77045424])
25.4116 	EXP 	unnamed Rect: pos = array([-171.45793422,  129.77045424])
25.4283 	EXP 	unnamed Rect: pos = array([-171.45793422,  129.77045424])
25.4453 	EXP 	unnamed Rect: pos = array([-171.45793422,  129.77045424])
25.4624 	EXP 	unnamed Rect: pos = array([-171.45793422,  129.77045424])
25.4786 	EXP 	unnamed Rect: pos = array([-171.45793422,  129.77045424])
25.4947 	EXP 	unnamed Rect: pos = array([-171.45793422,  129.77045424])
25.5120 	EXP 	unnamed Rect: pos = array([-171.45793422,  129.77045424])
25.5129 	DATA 	Keypress: down
25.5284 	EXP 	unnamed Rect: pos = array([-171.45793422,  119.77045424])
25.5459 	EXP 	unnamed Rect: pos = array([-171.45793422,  119.77045424])
25.5616 	EXP 	unnamed Rect: pos = array([-171.45793422,  119.77045424])
25.5790 	EXP 	unnamed Rect: pos = array([-171.45793422,  119.77045424])
25.5960 	EXP 	unnamed Rect: pos = array([-171.45793422,  119.77045424])
25.6117 	EXP 	unnamed Rect: pos = array([-171.45793422,  119.77045424])
25.6283 	EXP 	unnamed Rect: pos = array([-171.45793422,  119.77045424])
25.6451 	EXP 	unnamed Rect: pos = array([-171.45793422,  119.77045424])
25.6493 	DATA 	Keypress: down
25.6626 	EXP 	unnamed Rect: pos = array([-171.45793422,  119.77045424])
25.6795 	EXP 	unnamed Rect: pos = array([-171.45793422,  109.77045424])
25.6951 	EXP 	unnamed Rect: pos = array([-171.45793422,  109.77045424])
25.7116 	EXP 	unnamed Rect: pos = array([-171.45793422,  109.77045424])
25.7287 	EXP 	unnamed Rect: pos = array([-171.45793422,  109.77045424])
25.7450 	EXP 	unnamed Rect: pos = array([-171.45793422,  109.77045424])
25.7617 	EXP 	unnamed Rect: pos = array([-171.45793422,  109.77045424])
25.7783 	EXP 	unnamed Rect: pos = array([-171.45793422,  109.77045424])
25.7955 	EXP 	unnamed Rect: pos = array([-171.45793422,  109.77045424])
25.7966 	DATA 	Keypress: down
25.8119 	EXP 	unnamed Rect: pos = array([-171.45793422,   99.77045424])
25.8291 	EXP 	unnamed Rect: pos = array([-171.45793422,   99.77045424])
25.8447 	EXP 	unnamed Rect: pos = array([-171.45793422,   99.77045424])
25.8619 	EXP 	unnamed Rect: pos = array([-171.45793422,   99.77045424])
25.8791 	EXP 	unnamed Rect: pos = array([-171.45793422,   99.77045424])
25.8956 	EXP 	unnamed Rect: pos = array([-171.45793422,   99.77045424])
25.9120 	EXP 	unnamed Rect: pos = array([-171.45793422,   99.77045424])
25.9283 	EXP 	unnamed Rect: pos = array([-171.45793422,   99.77045424])
25.9451 	EXP 	unnamed Rect: pos = array([-171.45793422,   99.77045424])
25.9626 	EXP 	unnamed Rect: pos = array([-171.45793422,   99.77045424])
25.9634 	DATA 	Keypress: right
25.9785 	EXP 	unnamed Rect: pos = array([-161.45793422,   99.77045424])
25.9949 	EXP 	unnamed Rect: pos = array([-161.45793422,   99.77045424])
26.0114 	EXP 	unnamed Rect: pos = array([-161.45793422,   99.77045424])
26.0286 	EXP 	unnamed Rect: pos = array([-161.45793422,   99.77045424])
26.0451 	EXP 	unnamed Rect: pos = array([-161.45793422,   99.77045424])
26.0616 	EXP 	unnamed Rect: pos = array([-161.45793422,   99.77045424])
26.0784 	EXP 	unnamed Rect: pos = array([-161.45793422,   99.77045424])
26.0957 	EXP 	unnamed Rect: pos = array([-161.45793422,   99.77045424])
26.1124 	EXP 	unnamed Rect: pos = array([-161.45793422,   99.77045424])
26.1132 	DATA 	Keypress: right
26.1284 	EXP 	unnamed Rect: pos = array([-151.45793422,   99.77045424])
26.1452 	EXP 	unnamed Rect: pos = array([-151.45793422,   99.77045424])
26.1619 	EXP 	unnamed Rect: pos = array([-151.45793422,   99.77045424])
26.1796 	EXP 	unnamed Rect: pos = array([-151.45793422,   99.77045424])
26.1950 	EXP 	unnamed Rect: pos = array([-151.45793422,   99.77045424])
26.2119 	EXP 	unnamed Rect: pos = array([-151.45793422,   99.77045424])
26.2287 	EXP 	unnamed Rect: pos = array([-151.45793422,   99.77045424])
26.2454 	EXP 	unnamed Rect: pos = array([-151.45793422,   99.77045424])
26.2463 	DATA 	Keypress: right
26.2628 	EXP 	unnamed Rect: pos = array([-141.45793422,   99.77045424])
26.2785 	EXP 	unnamed Rect: pos = array([-141.45793422,   99.77045424])
26.2949 	EXP 	unnamed Rect: pos = array([-141.45793422,   99.77045424])
26.3124 	EXP 	unnamed Rect: pos = array([-141.45793422,   99.77045424])
26.3289 	EXP 	unnamed Rect: pos = array([-141.45793422,   99.77045424])
26.3449 	EXP 	unnamed Rect: pos = array([-141.45793422,   99.77045424])
26.3616 	EXP 	unnamed Rect: pos = array([-141.45793422,   99.77045424])
26.3786 	EXP 	unnamed Rect: pos = array([-141.45793422,   99.77045424])
26.3955 	EXP 	unnamed Rect: pos = array([-141.45793422,   99.77045424])
26.3964 	DATA 	Keypress: right
26.4123 	EXP 	unnamed Rect: pos = array([-131.45793422,   99.77045424])
26.4284 	EXP 	unnamed Rect: pos = array([-131.45793422,   99.77045424])
26.4454 	EXP 	unnamed Rect: pos = array([-131.45793422,   99.77045424])
26.4619 	EXP 	unnamed Rect: pos = array([-131.45793422,   99.77045424])
26.4794 	EXP 	unnamed Rect: pos = array([-131.45793422,   99.77045424])
26.4952 	EXP 	unnamed Rect: pos = array([-131.45793422,   99.77045424])
26.5119 	EXP 	unnamed Rect: pos = array([-131.45793422,   99.77045424])
26.5285 	EXP 	unnamed Rect: pos = array([-131.45793422,   99.77045424])
26.5459 	EXP 	unnamed Rect: pos = array([-131.45793422,   99.77045424])
26.5468 	DATA 	Keypress: right
26.5618 	EXP 	unnamed Rect: pos = array([-121.45793422,   99.77045424])
26.5791 	EXP 	unnamed Rect: pos = array([-121.45793422,   99.77045424])
26.5952 	EXP 	unnamed Rect: pos = array([-121.45793422,   99.77045424])
26.6123 	EXP 	unnamed Rect: pos = array([-121.45793422,   99.77045424])
26.6283 	EXP 	unnamed Rect: pos = array([-121.45793422,   99.77045424])
26.6450 	EXP 	unnamed Rect: pos = array([-121.45793422,   99.77045424])
26.6628 	EXP 	unnamed Rect: pos = array([-121.45793422,   99.77045424])
26.6636 	DATA 	Keypress: down
26.6785 	EXP 	unnamed Rect: pos = array([-121.45793422,   89.77045424])
26.6950 	EXP 	unnamed Rect: pos = array([-121.45793422,   89.77045424])
26.7116 	EXP 	unnamed Rect: pos = array([-121.45793422,   89.77045424])
26.7283 	EXP 	unnamed Rect: pos = array([-121.45793422,   89.77045424])
26.7452 	EXP 	unnamed Rect: pos = array([-121.45793422,   89.77045424])
26.7627 	EXP 	unnamed Rect: pos = array([-121.45793422,   89.77045424])
26.7794 	EXP 	unnamed Rect: pos = array([-121.45793422,   89.77045424])
26.7962 	EXP 	unnamed Rect: pos = array([-121.45793422,   89.77045424])
26.8130 	EXP 	unnamed Rect: pos = array([-121.45793422,   89.77045424])
26.8292 	EXP 	unnamed Rect: pos = array([-121.45793422,   89.77045424])
26.8302 	DATA 	Keypress: down
26.8452 	EXP 	unnamed Rect: pos = array([-121.45793422,   79.77045424])
26.8628 	EXP 	unnamed Rect: pos = array([-121.45793422,   79.77045424])
26.8788 	EXP 	unnamed Rect: pos = array([-121.45793422,   79.77045424])
26.8951 	EXP 	unnamed Rect: pos = array([-121.45793422,   79.77045424])
26.9126 	EXP 	unnamed Rect: pos = array([-121.45793422,   79.77045424])
26.9285 	EXP 	unnamed Rect: pos = array([-121.45793422,   79.77045424])
26.9450 	EXP 	unnamed Rect: pos = array([-121.45793422,   79.77045424])
26.9617 	EXP 	unnamed Rect: pos = array([-121.45793422,   79.77045424])
26.9793 	EXP 	unnamed Rect: pos = array([-121.45793422,   79.77045424])
26.9802 	DATA 	Keypress: down
26.9950 	EXP 	unnamed Rect: pos = array([-121.45793422,   69.77045424])
27.0116 	EXP 	unnamed Rect: pos = array([-121.45793422,   69.77045424])
27.0293 	EXP 	unnamed Rect: pos = array([-121.45793422,   69.77045424])
27.0457 	EXP 	unnamed Rect: pos = array([-121.45793422,   69.77045424])
27.0618 	EXP 	unnamed Rect: pos = array([-121.45793422,   69.77045424])
27.0786 	EXP 	unnamed Rect: pos = array([-121.45793422,   69.77045424])
27.0950 	EXP 	unnamed Rect: pos = array([-121.45793422,   69.77045424])
27.1119 	EXP 	unnamed Rect: pos = array([-121.45793422,   69.77045424])
27.1161 	DATA 	Keypress: down
27.1293 	EXP 	unnamed Rect: pos = array([-121.45793422,   69.77045424])
27.1450 	EXP 	unnamed Rect: pos = array([-121.45793422,   59.77045424])
27.1622 	EXP 	unnamed Rect: pos = array([-121.45793422,   59.77045424])
27.1789 	EXP 	unnamed Rect: pos = array([-121.45793422,   59.77045424])
27.1952 	EXP 	unnamed Rect: pos = array([-121.45793422,   59.77045424])
27.2124 	EXP 	unnamed Rect: pos = array([-121.45793422,   59.77045424])
27.2284 	EXP 	unnamed Rect: pos = array([-121.45793422,   59.77045424])
27.2456 	EXP 	unnamed Rect: pos = array([-121.45793422,   59.77045424])
27.2621 	EXP 	unnamed Rect: pos = array([-121.45793422,   59.77045424])
27.2787 	EXP 	unnamed Rect: pos = array([-121.45793422,   59.77045424])
27.2796 	DATA 	Keypress: down
27.2957 	EXP 	unnamed Rect: pos = array([-121.45793422,   49.77045424])
27.3116 	EXP 	unnamed Rect: pos = array([-121.45793422,   49.77045424])
27.3283 	EXP 	unnamed Rect: pos = array([-121.45793422,   49.77045424])
27.3455 	EXP 	unnamed Rect: pos = array([-121.45793422,   49.77045424])
27.3618 	EXP 	unnamed Rect: pos = array([-121.45793422,   49.77045424])
27.3784 	EXP 	unnamed Rect: pos = array([-121.45793422,   49.77045424])
27.3952 	EXP 	unnamed Rect: pos = array([-121.45793422,   49.77045424])
27.4120 	EXP 	unnamed Rect: pos = array([-121.45793422,   49.77045424])
27.4289 	EXP 	unnamed Rect: pos = array([-121.45793422,   49.77045424])
27.4298 	DATA 	Keypress: down
27.4456 	EXP 	unnamed Rect: pos = array([-121.45793422,   39.77045424])
27.4616 	EXP 	unnamed Rect: pos = array([-121.45793422,   39.77045424])
27.4784 	EXP 	unnamed Rect: pos = array([-121.45793422,   39.77045424])
27.4952 	EXP 	unnamed Rect: pos = array([-121.45793422,   39.77045424])
27.5118 	EXP 	unnamed Rect: pos = array([-121.45793422,   39.77045424])
27.5285 	EXP 	unnamed Rect: pos = array([-121.45793422,   39.77045424])
27.5457 	EXP 	unnamed Rect: pos = array([-121.45793422,   39.77045424])
27.5618 	EXP 	unnamed Rect: pos = array([-121.45793422,   39.77045424])
27.5786 	EXP 	unnamed Rect: pos = array([-121.45793422,   39.77045424])
27.5955 	EXP 	unnamed Rect: pos = array([-121.45793422,   39.77045424])
27.5964 	DATA 	Keypress: down
27.6118 	EXP 	unnamed Rect: pos = array([-121.45793422,   29.77045424])
27.6283 	EXP 	unnamed Rect: pos = array([-121.45793422,   29.77045424])
27.6454 	EXP 	unnamed Rect: pos = array([-121.45793422,   29.77045424])
27.6616 	EXP 	unnamed Rect: pos = array([-121.45793422,   29.77045424])
27.6792 	EXP 	unnamed Rect: pos = array([-121.45793422,   29.77045424])
27.6949 	EXP 	unnamed Rect: pos = array([-121.45793422,   29.77045424])
27.7116 	EXP 	unnamed Rect: pos = array([-121.45793422,   29.77045424])
27.7283 	EXP 	unnamed Rect: pos = array([-121.45793422,   29.77045424])
27.7458 	EXP 	unnamed Rect: pos = array([-121.45793422,   29.77045424])
27.7467 	DATA 	Keypress: right
27.7618 	EXP 	unnamed Rect: pos = array([-111.45793422,   29.77045424])
27.7784 	EXP 	unnamed Rect: pos = array([-111.45793422,   29.77045424])
27.7957 	EXP 	unnamed Rect: pos = array([-111.45793422,   29.77045424])
27.8120 	EXP 	unnamed Rect: pos = array([-111.45793422,   29.77045424])
27.8292 	EXP 	unnamed Rect: pos = array([-111.45793422,   29.77045424])
27.8450 	EXP 	unnamed Rect: pos = array([-111.45793422,   29.77045424])
27.8616 	EXP 	unnamed Rect: pos = array([-111.45793422,   29.77045424])
27.8783 	EXP 	unnamed Rect: pos = array([-111.45793422,   29.77045424])
27.8956 	EXP 	unnamed Rect: pos = array([-111.45793422,   29.77045424])
27.8965 	DATA 	Keypress: right
27.9124 	EXP 	unnamed Rect: pos = array([-101.45793422,   29.77045424])
27.9281 	EXP 	unnamed Rect: pos = array([-101.45793422,   29.77045424])
27.9450 	EXP 	unnamed Rect: pos = array([-101.45793422,   29.77045424])
27.9619 	EXP 	unnamed Rect: pos = array([-101.45793422,   29.77045424])
27.9788 	EXP 	unnamed Rect: pos = array([-101.45793422,   29.77045424])
27.9950 	EXP 	unnamed Rect: pos = array([-101.45793422,   29.77045424])
28.0116 	EXP 	unnamed Rect: pos = array([-101.45793422,   29.77045424])
28.0283 	EXP 	unnamed Rect: pos = array([-101.45793422,   29.77045424])
28.0455 	EXP 	unnamed Rect: pos = array([-101.45793422,   29.77045424])
28.0464 	DATA 	Keypress: right
28.0615 	EXP 	unnamed Rect: pos = array([-91.45793422,  29.77045424])
28.0786 	EXP 	unnamed Rect: pos = array([-91.45793422,  29.77045424])
28.0951 	EXP 	unnamed Rect: pos = array([-91.45793422,  29.77045424])
28.1118 	EXP 	unnamed Rect: pos = array([-91.45793422,  29.77045424])
28.1291 	EXP 	unnamed Rect: pos = array([-91.45793422,  29.77045424])
28.1449 	EXP 	unnamed Rect: pos = array([-91.45793422,  29.77045424])
28.1616 	EXP 	unnamed Rect: pos = array([-91.45793422,  29.77045424])
28.1784 	EXP 	unnamed Rect: pos = array([-91.45793422,  29.77045424])
28.1957 	EXP 	unnamed Rect: pos = array([-91.45793422,  29.77045424])
28.1965 	DATA 	Keypress: down
28.2116 	EXP 	unnamed Rect: pos = array([-91.45793422,  19.77045424])
28.2281 	EXP 	unnamed Rect: pos = array([-91.45793422,  19.77045424])
28.2450 	EXP 	unnamed Rect: pos = array([-91.45793422,  19.77045424])
28.2616 	EXP 	unnamed Rect: pos = array([-91.45793422,  19.77045424])
28.2786 	EXP 	unnamed Rect: pos = array([-91.45793422,  19.77045424])
28.2960 	EXP 	unnamed Rect: pos = array([-91.45793422,  19.77045424])
28.3118 	EXP 	unnamed Rect: pos = array([-91.45793422,  19.77045424])
28.3284 	EXP 	unnamed Rect: pos = array([-91.45793422,  19.77045424])
28.3450 	EXP 	unnamed Rect: pos = array([-91.45793422,  19.77045424])
28.3617 	EXP 	unnamed Rect: pos = array([-91.45793422,  19.77045424])
28.3789 	EXP 	unnamed Rect: pos = array([-91.45793422,  19.77045424])
28.3798 	DATA 	Keypress: down
28.3955 	EXP 	unnamed Rect: pos = array([-91.45793422,   9.77045424])
28.4120 	EXP 	unnamed Rect: pos = array([-91.45793422,   9.77045424])
28.4288 	EXP 	unnamed Rect: pos = array([-91.45793422,   9.77045424])
28.4452 	EXP 	unnamed Rect: pos = array([-91.45793422,   9.77045424])
28.4492 	DATA 	Keypress: right
28.4627 	EXP 	unnamed Rect: pos = array([-91.45793422,   9.77045424])
28.4785 	EXP 	unnamed Rect: pos = array([-81.45793422,   9.77045424])
28.4950 	EXP 	unnamed Rect: pos = array([-81.45793422,   9.77045424])
28.5117 	EXP 	unnamed Rect: pos = array([-81.45793422,   9.77045424])
28.5290 	EXP 	unnamed Rect: pos = array([-81.45793422,   9.77045424])
28.5448 	EXP 	unnamed Rect: pos = array([-81.45793422,   9.77045424])
28.5617 	EXP 	unnamed Rect: pos = array([-81.45793422,   9.77045424])
28.5787 	EXP 	unnamed Rect: pos = array([-81.45793422,   9.77045424])
28.5960 	EXP 	unnamed Rect: pos = array([-81.45793422,   9.77045424])
28.5969 	DATA 	Keypress: right
28.6117 	EXP 	unnamed Rect: pos = array([-71.45793422,   9.77045424])
28.6281 	EXP 	unnamed Rect: pos = array([-71.45793422,   9.77045424])
28.6450 	EXP 	unnamed Rect: pos = array([-71.45793422,   9.77045424])
28.6618 	EXP 	unnamed Rect: pos = array([-71.45793422,   9.77045424])
28.6792 	EXP 	unnamed Rect: pos = array([-71.45793422,   9.77045424])
28.6950 	EXP 	unnamed Rect: pos = array([-71.45793422,   9.77045424])
28.7116 	EXP 	unnamed Rect: pos = array([-71.45793422,   9.77045424])
28.7283 	EXP 	unnamed Rect: pos = array([-71.45793422,   9.77045424])
28.7458 	EXP 	unnamed Rect: pos = array([-71.45793422,   9.77045424])
28.7468 	DATA 	Keypress: right
28.7618 	EXP 	unnamed Rect: pos = array([-61.45793422,   9.77045424])
28.7783 	EXP 	unnamed Rect: pos = array([-61.45793422,   9.77045424])
28.7957 	EXP 	unnamed Rect: pos = array([-61.45793422,   9.77045424])
28.8128 	EXP 	unnamed Rect: pos = array([-61.45793422,   9.77045424])
28.8286 	EXP 	unnamed Rect: pos = array([-61.45793422,   9.77045424])
28.8451 	EXP 	unnamed Rect: pos = array([-61.45793422,   9.77045424])
28.8620 	EXP 	unnamed Rect: pos = array([-61.45793422,   9.77045424])
28.8783 	EXP 	unnamed Rect: pos = array([-61.45793422,   9.77045424])
28.8955 	EXP 	unnamed Rect: pos = array([-61.45793422,   9.77045424])
28.8964 	DATA 	Keypress: down
28.9119 	EXP 	unnamed Rect: pos = array([-61.45793422,  -0.22954576])
28.9286 	EXP 	unnamed Rect: pos = array([-61.45793422,  -0.22954576])
28.9450 	EXP 	unnamed Rect: pos = array([-61.45793422,  -0.22954576])
28.9617 	EXP 	unnamed Rect: pos = array([-61.45793422,  -0.22954576])
28.9786 	EXP 	unnamed Rect: pos = array([-61.45793422,  -0.22954576])
28.9958 	EXP 	unnamed Rect: pos = array([-61.45793422,  -0.22954576])
29.0119 	EXP 	unnamed Rect: pos = array([-61.45793422,  -0.22954576])
29.0287 	EXP 	unnamed Rect: pos = array([-61.45793422,  -0.22954576])
29.0461 	EXP 	unnamed Rect: pos = array([-61.45793422,  -0.22954576])
29.0629 	EXP 	unnamed Rect: pos = array([-61.45793422,  -0.22954576])
29.0791 	EXP 	unnamed Rect: pos = array([-61.45793422,  -0.22954576])
29.0800 	DATA 	Keypress: right
29.0952 	EXP 	unnamed Rect: pos = array([-51.45793422,  -0.22954576])
29.1119 	EXP 	unnamed Rect: pos = array([-51.45793422,  -0.22954576])
29.1283 	EXP 	unnamed Rect: pos = array([-51.45793422,  -0.22954576])
29.1454 	EXP 	unnamed Rect: pos = array([-51.45793422,  -0.22954576])
29.1617 	EXP 	unnamed Rect: pos = array([-51.45793422,  -0.22954576])
29.1794 	EXP 	unnamed Rect: pos = array([-51.45793422,  -0.22954576])
29.1952 	EXP 	unnamed Rect: pos = array([-51.45793422,  -0.22954576])
29.2117 	EXP 	unnamed Rect: pos = array([-51.45793422,  -0.22954576])
29.2283 	EXP 	unnamed Rect: pos = array([-51.45793422,  -0.22954576])
29.2458 	EXP 	unnamed Rect: pos = array([-51.45793422,  -0.22954576])
29.2468 	DATA 	Keypress: right
29.2618 	EXP 	unnamed Rect: pos = array([-41.45793422,  -0.22954576])
29.2788 	EXP 	unnamed Rect: pos = array([-41.45793422,  -0.22954576])
29.2950 	EXP 	unnamed Rect: pos = array([-41.45793422,  -0.22954576])
29.3121 	EXP 	unnamed Rect: pos = array([-41.45793422,  -0.22954576])
29.3293 	EXP 	unnamed Rect: pos = array([-41.45793422,  -0.22954576])
29.3449 	EXP 	unnamed Rect: pos = array([-41.45793422,  -0.22954576])
29.3619 	EXP 	unnamed Rect: pos = array([-41.45793422,  -0.22954576])
29.3790 	EXP 	unnamed Rect: pos = array([-41.45793422,  -0.22954576])
29.3949 	EXP 	unnamed Rect: pos = array([-41.45793422,  -0.22954576])
29.4133 	EXP 	unnamed Rect: pos = array([-41.45793422,  -0.22954576])
29.4143 	DATA 	Keypress: right
29.4291 	EXP 	unnamed Rect: pos = array([-31.45793422,  -0.22954576])
29.4449 	EXP 	unnamed Rect: pos = array([-31.45793422,  -0.22954576])
29.4618 	EXP 	unnamed Rect: pos = array([-31.45793422,  -0.22954576])
29.4800 	EXP 	unnamed Rect: pos = array([-31.45793422,  -0.22954576])
29.4954 	EXP 	unnamed Rect: pos = array([-31.45793422,  -0.22954576])
29.5119 	EXP 	unnamed Rect: pos = array([-31.45793422,  -0.22954576])
29.5283 	EXP 	unnamed Rect: pos = array([-31.45793422,  -0.22954576])
29.5457 	EXP 	unnamed Rect: pos = array([-31.45793422,  -0.22954576])
29.5468 	DATA 	Keypress: right
29.5622 	EXP 	unnamed Rect: pos = array([-21.45793422,  -0.22954576])
29.5789 	EXP 	unnamed Rect: pos = array([-21.45793422,  -0.22954576])
29.5952 	EXP 	unnamed Rect: pos = array([-21.45793422,  -0.22954576])
29.6121 	EXP 	unnamed Rect: pos = array([-21.45793422,  -0.22954576])
29.6296 	EXP 	unnamed Rect: pos = array([-21.45793422,  -0.22954576])
29.6451 	EXP 	unnamed Rect: pos = array([-21.45793422,  -0.22954576])
29.6617 	EXP 	unnamed Rect: pos = array([-21.45793422,  -0.22954576])
29.6789 	EXP 	unnamed Rect: pos = array([-21.45793422,  -0.22954576])
29.6824 	DATA 	Keypress: right
29.6961 	EXP 	unnamed Rect: pos = array([-21.45793422,  -0.22954576])
29.7116 	EXP 	unnamed Rect: pos = array([-11.45793422,  -0.22954576])
29.7283 	EXP 	unnamed Rect: pos = array([-11.45793422,  -0.22954576])
29.7450 	EXP 	unnamed Rect: pos = array([-11.45793422,  -0.22954576])
29.7616 	EXP 	unnamed Rect: pos = array([-11.45793422,  -0.22954576])
29.7795 	EXP 	unnamed Rect: pos = array([-11.45793422,  -0.22954576])
29.7955 	EXP 	unnamed Rect: pos = array([-11.45793422,  -0.22954576])
29.8117 	EXP 	unnamed Rect: pos = array([-11.45793422,  -0.22954576])
29.8286 	EXP 	unnamed Rect: pos = array([-11.45793422,  -0.22954576])
29.8295 	DATA 	Keypress: down
29.8451 	EXP 	unnamed Rect: pos = array([-11.45793422, -10.22954576])
29.8622 	EXP 	unnamed Rect: pos = array([-11.45793422, -10.22954576])
29.8787 	EXP 	unnamed Rect: pos = array([-11.45793422, -10.22954576])
29.8954 	EXP 	unnamed Rect: pos = array([-11.45793422, -10.22954576])
29.9119 	EXP 	unnamed Rect: pos = array([-11.45793422, -10.22954576])
29.9287 	EXP 	unnamed Rect: pos = array([-11.45793422, -10.22954576])
29.9450 	EXP 	unnamed Rect: pos = array([-11.45793422, -10.22954576])
29.9617 	EXP 	unnamed Rect: pos = array([-11.45793422, -10.22954576])
29.9792 	EXP 	unnamed Rect: pos = array([-11.45793422, -10.22954576])
29.9950 	EXP 	unnamed Rect: pos = array([-11.45793422, -10.22954576])
30.0121 	EXP 	unnamed Rect: pos = array([-11.45793422, -10.22954576])
30.0131 	DATA 	Keypress: down
30.0288 	EXP 	unnamed Rect: pos = array([-11.45793422, -20.22954576])
30.0452 	EXP 	unnamed Rect: pos = array([-11.45793422, -20.22954576])
30.0620 	EXP 	unnamed Rect: pos = array([-11.45793422, -20.22954576])
30.0786 	EXP 	unnamed Rect: pos = array([-11.45793422, -20.22954576])
30.0954 	EXP 	unnamed Rect: pos = array([-11.45793422, -20.22954576])
30.1125 	EXP 	unnamed Rect: pos = array([-11.45793422, -20.22954576])
30.1283 	EXP 	unnamed Rect: pos = array([-11.45793422, -20.22954576])
30.1453 	EXP 	unnamed Rect: pos = array([-11.45793422, -20.22954576])
30.1621 	EXP 	unnamed Rect: pos = array([-11.45793422, -20.22954576])
30.1630 	DATA 	Keypress: down
30.1795 	EXP 	unnamed Rect: pos = array([-11.45793422, -30.22954576])
30.1951 	EXP 	unnamed Rect: pos = array([-11.45793422, -30.22954576])
30.2123 	EXP 	unnamed Rect: pos = array([-11.45793422, -30.22954576])
30.2287 	EXP 	unnamed Rect: pos = array([-11.45793422, -30.22954576])
30.2455 	EXP 	unnamed Rect: pos = array([-11.45793422, -30.22954576])
30.2615 	EXP 	unnamed Rect: pos = array([-11.45793422, -30.22954576])
30.2786 	EXP 	unnamed Rect: pos = array([-11.45793422, -30.22954576])
30.2955 	EXP 	unnamed Rect: pos = array([-11.45793422, -30.22954576])
30.2966 	DATA 	Keypress: down
30.3128 	EXP 	unnamed Rect: pos = array([-11.45793422, -40.22954576])
30.3283 	EXP 	unnamed Rect: pos = array([-11.45793422, -40.22954576])
30.3449 	EXP 	unnamed Rect: pos = array([-11.45793422, -40.22954576])
30.3626 	EXP 	unnamed Rect: pos = array([-11.45793422, -40.22954576])
30.3795 	EXP 	unnamed Rect: pos = array([-11.45793422, -40.22954576])
30.3950 	EXP 	unnamed Rect: pos = array([-11.45793422, -40.22954576])
30.4121 	EXP 	unnamed Rect: pos = array([-11.45793422, -40.22954576])
30.4131 	DATA 	Keypress: right
30.4294 	EXP 	unnamed Rect: pos = array([ -1.45793422, -40.22954576])
30.4450 	EXP 	unnamed Rect: pos = array([ -1.45793422, -40.22954576])
30.4617 	EXP 	unnamed Rect: pos = array([ -1.45793422, -40.22954576])
30.4785 	EXP 	unnamed Rect: pos = array([ -1.45793422, -40.22954576])
30.4948 	EXP 	unnamed Rect: pos = array([ -1.45793422, -40.22954576])
30.5117 	EXP 	unnamed Rect: pos = array([ -1.45793422, -40.22954576])
30.5288 	EXP 	unnamed Rect: pos = array([ -1.45793422, -40.22954576])
30.5456 	EXP 	unnamed Rect: pos = array([ -1.45793422, -40.22954576])
30.5617 	EXP 	unnamed Rect: pos = array([ -1.45793422, -40.22954576])
30.5790 	EXP 	unnamed Rect: pos = array([ -1.45793422, -40.22954576])
30.5801 	DATA 	Keypress: right
30.5959 	EXP 	unnamed Rect: pos = array([  8.54206578, -40.22954576])
30.6118 	EXP 	unnamed Rect: pos = array([  8.54206578, -40.22954576])
30.6283 	EXP 	unnamed Rect: pos = array([  8.54206578, -40.22954576])
30.6453 	EXP 	unnamed Rect: pos = array([  8.54206578, -40.22954576])
30.6626 	EXP 	unnamed Rect: pos = array([  8.54206578, -40.22954576])
30.6785 	EXP 	unnamed Rect: pos = array([  8.54206578, -40.22954576])
30.6949 	EXP 	unnamed Rect: pos = array([  8.54206578, -40.22954576])
30.7116 	EXP 	unnamed Rect: pos = array([  8.54206578, -40.22954576])
30.7293 	EXP 	unnamed Rect: pos = array([  8.54206578, -40.22954576])
30.7303 	DATA 	Keypress: right
30.7452 	EXP 	unnamed Rect: pos = array([ 18.54206578, -40.22954576])
30.7617 	EXP 	unnamed Rect: pos = array([ 18.54206578, -40.22954576])
30.7787 	EXP 	unnamed Rect: pos = array([ 18.54206578, -40.22954576])
30.7959 	EXP 	unnamed Rect: pos = array([ 18.54206578, -40.22954576])
30.8126 	EXP 	unnamed Rect: pos = array([ 18.54206578, -40.22954576])
30.8286 	EXP 	unnamed Rect: pos = array([ 18.54206578, -40.22954576])
30.8452 	EXP 	unnamed Rect: pos = array([ 18.54206578, -40.22954576])
30.8617 	EXP 	unnamed Rect: pos = array([ 18.54206578, -40.22954576])
30.8784 	EXP 	unnamed Rect: pos = array([ 18.54206578, -40.22954576])
30.8950 	EXP 	unnamed Rect: pos = array([ 18.54206578, -40.22954576])
30.9121 	EXP 	unnamed Rect: pos = array([ 18.54206578, -40.22954576])
30.9284 	EXP 	unnamed Rect: pos = array([ 18.54206578, -40.22954576])
30.9450 	EXP 	unnamed Rect: pos = array([ 18.54206578, -40.22954576])
30.9617 	EXP 	unnamed Rect: pos = array([ 18.54206578, -40.22954576])
30.9783 	EXP 	unnamed Rect: pos = array([ 18.54206578, -40.22954576])
30.9953 	EXP 	unnamed Rect: pos = array([ 18.54206578, -40.22954576])
30.9992 	DATA 	Keypress: rshift
31.0128 	EXP 	unnamed Rect: pos = array([ 18.54206578, -40.22954576])
31.0284 	EXP 	unnamed Rect: pos = array([ 18.54206578, -40.22954576])
31.0455 	EXP 	unnamed Rect: pos = array([ 18.54206578, -40.22954576])
31.0621 	EXP 	unnamed Rect: pos = array([ 18.54206578, -40.22954576])
31.0787 	EXP 	unnamed Rect: pos = array([ 18.54206578, -40.22954576])
31.0950 	EXP 	unnamed Rect: pos = array([ 18.54206578, -40.22954576])
31.1116 	EXP 	unnamed Rect: pos = array([ 18.54206578, -40.22954576])
31.1289 	EXP 	unnamed Rect: pos = array([ 18.54206578, -40.22954576])
31.1299 	DATA 	Keypress: up
31.1460 	EXP 	unnamed Rect: pos = array([ 18.54206578, -30.22954576])
31.1616 	EXP 	unnamed Rect: pos = array([ 18.54206578, -30.22954576])
31.1784 	EXP 	unnamed Rect: pos = array([ 18.54206578, -30.22954576])
31.1960 	EXP 	unnamed Rect: pos = array([ 18.54206578, -30.22954576])
31.2119 	EXP 	unnamed Rect: pos = array([ 18.54206578, -30.22954576])
31.2286 	EXP 	unnamed Rect: pos = array([ 18.54206578, -30.22954576])
31.2460 	EXP 	unnamed Rect: pos = array([ 18.54206578, -30.22954576])
31.2618 	EXP 	unnamed Rect: pos = array([ 18.54206578, -30.22954576])
31.2784 	EXP 	unnamed Rect: pos = array([ 18.54206578, -30.22954576])
31.2949 	EXP 	unnamed Rect: pos = array([ 18.54206578, -30.22954576])
31.3119 	EXP 	unnamed Rect: pos = array([ 18.54206578, -30.22954576])
31.3295 	EXP 	unnamed Rect: pos = array([ 18.54206578, -30.22954576])
31.3455 	EXP 	unnamed Rect: pos = array([ 18.54206578, -30.22954576])
31.3616 	EXP 	unnamed Rect: pos = array([ 18.54206578, -30.22954576])
31.3791 	EXP 	unnamed Rect: pos = array([ 18.54206578, -30.22954576])
31.3955 	EXP 	unnamed Rect: pos = array([ 18.54206578, -30.22954576])
31.3961 	DATA 	Keypress: rshift
31.4126 	EXP 	unnamed Rect: pos = array([ 18.54206578, -30.22954576])
31.4286 	EXP 	unnamed Rect: pos = array([ 18.54206578, -30.22954576])
31.4454 	EXP 	unnamed Rect: pos = array([ 18.54206578, -30.22954576])
31.4617 	EXP 	unnamed Rect: pos = array([ 18.54206578, -30.22954576])
31.4793 	EXP 	unnamed Rect: pos = array([ 18.54206578, -30.22954576])
31.4951 	EXP 	unnamed Rect: pos = array([ 18.54206578, -30.22954576])
31.5117 	EXP 	unnamed Rect: pos = array([ 18.54206578, -30.22954576])
31.5285 	EXP 	unnamed Rect: pos = array([ 18.54206578, -30.22954576])
31.5463 	EXP 	unnamed Rect: pos = array([ 18.54206578, -30.22954576])
31.5470 	DATA 	Keypress: rshift
31.5620 	EXP 	unnamed Rect: pos = array([ 18.54206578, -30.22954576])
31.5786 	EXP 	unnamed Rect: pos = array([ 18.54206578, -30.22954576])
31.5951 	EXP 	unnamed Rect: pos = array([ 18.54206578, -30.22954576])
31.6128 	EXP 	unnamed Rect: pos = array([ 18.54206578, -30.22954576])
31.6284 	EXP 	unnamed Rect: pos = array([ 18.54206578, -30.22954576])
31.6451 	EXP 	unnamed Rect: pos = array([ 18.54206578, -30.22954576])
31.6616 	EXP 	unnamed Rect: pos = array([ 18.54206578, -30.22954576])
31.6784 	EXP 	unnamed Rect: pos = array([ 18.54206578, -30.22954576])
31.6790 	DATA 	Keypress: rshift
31.6955 	EXP 	unnamed Rect: pos = array([ 18.54206578, -30.22954576])
31.7117 	EXP 	unnamed Rect: pos = array([ 18.54206578, -30.22954576])
31.7283 	EXP 	unnamed Rect: pos = array([ 18.54206578, -30.22954576])
31.7453 	EXP 	unnamed Rect: pos = array([ 18.54206578, -30.22954576])
31.7625 	EXP 	unnamed Rect: pos = array([ 18.54206578, -30.22954576])
31.7783 	EXP 	unnamed Rect: pos = array([ 18.54206578, -30.22954576])
31.7954 	EXP 	unnamed Rect: pos = array([ 18.54206578, -30.22954576])
31.8117 	EXP 	unnamed Rect: pos = array([ 18.54206578, -30.22954576])
31.8291 	EXP 	unnamed Rect: pos = array([ 18.54206578, -30.22954576])
31.8297 	DATA 	Keypress: rshift
31.8454 	EXP 	unnamed Rect: pos = array([ 18.54206578, -30.22954576])
31.8628 	EXP 	unnamed Rect: pos = array([ 18.54206578, -30.22954576])
31.8790 	EXP 	unnamed Rect: pos = array([ 18.54206578, -30.22954576])
31.8952 	EXP 	unnamed Rect: pos = array([ 18.54206578, -30.22954576])
31.9126 	EXP 	unnamed Rect: pos = array([ 18.54206578, -30.22954576])
31.9283 	EXP 	unnamed Rect: pos = array([ 18.54206578, -30.22954576])
31.9453 	EXP 	unnamed Rect: pos = array([ 18.54206578, -30.22954576])
31.9621 	EXP 	unnamed Rect: pos = array([ 18.54206578, -30.22954576])
31.9787 	EXP 	unnamed Rect: pos = array([ 18.54206578, -30.22954576])
31.9958 	EXP 	unnamed Rect: pos = array([ 18.54206578, -30.22954576])
31.9964 	DATA 	Keypress: rshift
31.9974 	DATA 	Keypress: up
32.0124 	EXP 	unnamed Rect: pos = array([ 18.54206578, -30.22954576])
32.0282 	EXP 	unnamed Rect: pos = array([ 18.54206578, -30.22954576])
32.0451 	EXP 	unnamed Rect: pos = array([ 18.54206578, -30.22954576])
32.0627 	EXP 	unnamed Rect: pos = array([ 18.54206578, -30.22954576])
32.0789 	EXP 	unnamed Rect: pos = array([ 18.54206578, -30.22954576])
32.0951 	EXP 	unnamed Rect: pos = array([ 18.54206578, -30.22954576])
32.1123 	EXP 	unnamed Rect: pos = array([ 18.54206578, -30.22954576])
32.1133 	DATA 	Keypress: up
32.1293 	EXP 	unnamed Rect: pos = array([ 18.54206578, -20.22954576])
32.1460 	EXP 	unnamed Rect: pos = array([ 18.54206578, -20.22954576])
32.1624 	EXP 	unnamed Rect: pos = array([ 18.54206578, -20.22954576])
32.1787 	EXP 	unnamed Rect: pos = array([ 18.54206578, -20.22954576])
32.1953 	EXP 	unnamed Rect: pos = array([ 18.54206578, -20.22954576])
32.2126 	EXP 	unnamed Rect: pos = array([ 18.54206578, -20.22954576])
32.2290 	EXP 	unnamed Rect: pos = array([ 18.54206578, -20.22954576])
32.2450 	EXP 	unnamed Rect: pos = array([ 18.54206578, -20.22954576])
32.2617 	EXP 	unnamed Rect: pos = array([ 18.54206578, -20.22954576])
32.2786 	EXP 	unnamed Rect: pos = array([ 18.54206578, -20.22954576])
32.2798 	DATA 	Keypress: up
32.2956 	EXP 	unnamed Rect: pos = array([ 18.54206578, -10.22954576])
32.3121 	EXP 	unnamed Rect: pos = array([ 18.54206578, -10.22954576])
32.3286 	EXP 	unnamed Rect: pos = array([ 18.54206578, -10.22954576])
32.3455 	EXP 	unnamed Rect: pos = array([ 18.54206578, -10.22954576])
32.3624 	EXP 	unnamed Rect: pos = array([ 18.54206578, -10.22954576])
32.3785 	EXP 	unnamed Rect: pos = array([ 18.54206578, -10.22954576])
32.3960 	EXP 	unnamed Rect: pos = array([ 18.54206578, -10.22954576])
32.4121 	EXP 	unnamed Rect: pos = array([ 18.54206578, -10.22954576])
32.4131 	DATA 	Keypress: up
32.4286 	EXP 	unnamed Rect: pos = array([18.54206578, -0.22954576])
32.4450 	EXP 	unnamed Rect: pos = array([18.54206578, -0.22954576])
32.4618 	EXP 	unnamed Rect: pos = array([18.54206578, -0.22954576])
32.4786 	EXP 	unnamed Rect: pos = array([18.54206578, -0.22954576])
32.4959 	EXP 	unnamed Rect: pos = array([18.54206578, -0.22954576])
32.5119 	EXP 	unnamed Rect: pos = array([18.54206578, -0.22954576])
32.5283 	EXP 	unnamed Rect: pos = array([18.54206578, -0.22954576])
32.5453 	EXP 	unnamed Rect: pos = array([18.54206578, -0.22954576])
32.5622 	EXP 	unnamed Rect: pos = array([18.54206578, -0.22954576])
32.5632 	DATA 	Keypress: up
32.5795 	EXP 	unnamed Rect: pos = array([18.54206578,  9.77045424])
32.5952 	EXP 	unnamed Rect: pos = array([18.54206578,  9.77045424])
32.6120 	EXP 	unnamed Rect: pos = array([18.54206578,  9.77045424])
32.6291 	EXP 	unnamed Rect: pos = array([18.54206578,  9.77045424])
32.6459 	EXP 	unnamed Rect: pos = array([18.54206578,  9.77045424])
32.6620 	EXP 	unnamed Rect: pos = array([18.54206578,  9.77045424])
32.6786 	EXP 	unnamed Rect: pos = array([18.54206578,  9.77045424])
32.6954 	EXP 	unnamed Rect: pos = array([18.54206578,  9.77045424])
32.7124 	EXP 	unnamed Rect: pos = array([18.54206578,  9.77045424])
32.7135 	DATA 	Keypress: up
32.7284 	EXP 	unnamed Rect: pos = array([18.54206578, 19.77045424])
32.7450 	EXP 	unnamed Rect: pos = array([18.54206578, 19.77045424])
32.7620 	EXP 	unnamed Rect: pos = array([18.54206578, 19.77045424])
32.7787 	EXP 	unnamed Rect: pos = array([18.54206578, 19.77045424])
32.7953 	EXP 	unnamed Rect: pos = array([18.54206578, 19.77045424])
32.8119 	EXP 	unnamed Rect: pos = array([18.54206578, 19.77045424])
32.8284 	EXP 	unnamed Rect: pos = array([18.54206578, 19.77045424])
32.8454 	EXP 	unnamed Rect: pos = array([18.54206578, 19.77045424])
32.8495 	DATA 	Keypress: up
32.8626 	EXP 	unnamed Rect: pos = array([18.54206578, 19.77045424])
32.8784 	EXP 	unnamed Rect: pos = array([18.54206578, 29.77045424])
32.8949 	EXP 	unnamed Rect: pos = array([18.54206578, 29.77045424])
32.9122 	EXP 	unnamed Rect: pos = array([18.54206578, 29.77045424])
32.9296 	EXP 	unnamed Rect: pos = array([18.54206578, 29.77045424])
32.9451 	EXP 	unnamed Rect: pos = array([18.54206578, 29.77045424])
32.9617 	EXP 	unnamed Rect: pos = array([18.54206578, 29.77045424])
32.9786 	EXP 	unnamed Rect: pos = array([18.54206578, 29.77045424])
32.9951 	EXP 	unnamed Rect: pos = array([18.54206578, 29.77045424])
32.9962 	DATA 	Keypress: up
33.0126 	EXP 	unnamed Rect: pos = array([18.54206578, 39.77045424])
33.0284 	EXP 	unnamed Rect: pos = array([18.54206578, 39.77045424])
33.0450 	EXP 	unnamed Rect: pos = array([18.54206578, 39.77045424])
33.0624 	EXP 	unnamed Rect: pos = array([18.54206578, 39.77045424])
33.0794 	EXP 	unnamed Rect: pos = array([18.54206578, 39.77045424])
33.0951 	EXP 	unnamed Rect: pos = array([18.54206578, 39.77045424])
33.1118 	EXP 	unnamed Rect: pos = array([18.54206578, 39.77045424])
33.1291 	EXP 	unnamed Rect: pos = array([18.54206578, 39.77045424])
33.1331 	DATA 	Keypress: up
33.1461 	EXP 	unnamed Rect: pos = array([18.54206578, 39.77045424])
33.1617 	EXP 	unnamed Rect: pos = array([18.54206578, 49.77045424])
33.1787 	EXP 	unnamed Rect: pos = array([18.54206578, 49.77045424])
33.1952 	EXP 	unnamed Rect: pos = array([18.54206578, 49.77045424])
33.2129 	EXP 	unnamed Rect: pos = array([18.54206578, 49.77045424])
33.2286 	EXP 	unnamed Rect: pos = array([18.54206578, 49.77045424])
33.2451 	EXP 	unnamed Rect: pos = array([18.54206578, 49.77045424])
33.2619 	EXP 	unnamed Rect: pos = array([18.54206578, 49.77045424])
33.2786 	EXP 	unnamed Rect: pos = array([18.54206578, 49.77045424])
33.2826 	DATA 	Keypress: up
33.2962 	EXP 	unnamed Rect: pos = array([18.54206578, 49.77045424])
33.3118 	EXP 	unnamed Rect: pos = array([18.54206578, 59.77045424])
33.3286 	EXP 	unnamed Rect: pos = array([18.54206578, 59.77045424])
33.3453 	EXP 	unnamed Rect: pos = array([18.54206578, 59.77045424])
33.3630 	EXP 	unnamed Rect: pos = array([18.54206578, 59.77045424])
33.3789 	EXP 	unnamed Rect: pos = array([18.54206578, 59.77045424])
33.3951 	EXP 	unnamed Rect: pos = array([18.54206578, 59.77045424])
33.4117 	EXP 	unnamed Rect: pos = array([18.54206578, 59.77045424])
33.4288 	EXP 	unnamed Rect: pos = array([18.54206578, 59.77045424])
33.4460 	EXP 	unnamed Rect: pos = array([18.54206578, 59.77045424])
33.4471 	DATA 	Keypress: right
33.4621 	EXP 	unnamed Rect: pos = array([28.54206578, 59.77045424])
33.4791 	EXP 	unnamed Rect: pos = array([28.54206578, 59.77045424])
33.4950 	EXP 	unnamed Rect: pos = array([28.54206578, 59.77045424])
33.5117 	EXP 	unnamed Rect: pos = array([28.54206578, 59.77045424])
33.5288 	EXP 	unnamed Rect: pos = array([28.54206578, 59.77045424])
33.5451 	EXP 	text: autoDraw = True
33.5983 	DATA 	Keypress: right
33.7656 	DATA 	Keypress: right
34.7831 	DATA 	Keypress: q
35.4663 	DATA 	Keypress: escape
35.6259 	EXP 	window1: mouseVisible = True
