0.5133 	WARNING 	We strongly recommend you activate the PTB sound engine in PsychoPy prefs as the preferred audio engine. Its timing is vastly superior. Your prefs are currently set to use ['sounddevice', 'PTB', 'pyo', 'pygame'] (in that order).
4.2391 	ERROR 	'-1.0000, -1.0000, -1.0000' is not a valid rgb color
4.8109 	EXP 	Created window1 = Window(allowGUI=False, allowStencil=False, autoLog=True, backendConf=UNKNOWN, bitsMode=UNKNOWN, blendMode='avg', bpc=(8, 8, 8), color=array([0, 0, 0]), colorSpace='rgb', depthBits=8, fullscr=<method-wrapper '__getattribute__' of attributeSetter object at 0x7fde452eda58>, gamma=None, gammaErrorPolicy='raise', lms=UNKNOWN, monitor=<psychopy.monitors.calibTools.Monitor object at 0x7fde446e4080>, multiSample=False, name='window1', numSamples=2, pos=[360.0, 225.0], screen=0, size=array([2880, 1800]), stencilBits=0, stereo=False, units='height', useFBO=True, useRetina=True, viewOri=0.0, viewPos=None, viewScale=None, waitBlanking=True, winType='pyglet')
4.8112 	EXP 	window1: mouseVisible = True
4.8113 	EXP 	window1: recordFrameIntervals = False
4.9778 	EXP 	window1: recordFrameIntervals = True
5.1611 	EXP 	window1: recordFrameIntervals = False
5.7437 	DEPRECATION 	'1.0000, 1.0000, 1.0000' is not a valid rgb color
5.7709 	EXP 	Created Welcometext = TextStim(__class__=<class 'psychopy.visual.text.TextStim'>, alignHoriz=method-wrapper(...), alignText='center', alignVert=method-wrapper(...), anchorHoriz='center', anchorVert='center', antialias=True, autoLog=True, bold=False, color=array([0., 0., 0.]), colorSpace='rgb', contrast=1.0, depth=0.0, flipHoriz=False, flipVert=False, font='Open Sans', fontFiles=[], height=0.05, italic=False, languageStyle='LTR', name='Welcometext', opacity=0, ori=0.0, pos=array([0., 0.]), rgb=UNKNOWN, text='Welcome\nPlease press Spacebar to start', units='height', win=Window(...), wrapWidth=1)
6.1149 	EXP 	Created text = TextStim(__class__=<class 'psychopy.visual.text.TextStim'>, alignHoriz=method-wrapper(...), alignText='center', alignVert=method-wrapper(...), anchorHoriz='center', anchorVert='center', antialias=True, autoLog=True, bold=False, color=array([1., 1., 1.]), colorSpace='rgb', contrast=1.0, depth=0.0, flipHoriz=False, flipVert=False, font='Open Sans', fontFiles=[], height=0.05, italic=False, languageStyle='LTR', name='text', opacity=1, ori=0.0, pos=array([0., 0.]), rgb=UNKNOWN, text=str(...), units='height', win=Window(...), wrapWidth=1)
6.1154 	EXP 	Created sequence: random, trialTypes=1, nReps=5, seed=None
6.1156 	EXP 	New trial (rep=0, index=0): None
6.1218 	EXP 	Welcometext: autoDraw = True
8.4677 	EXP 	Created unnamed Rect = Rect(__class__=<class 'psychopy.visual.rect.Rect'>, autoDraw=False, autoLog=True, closeShape=True, color=method-wrapper(...), colorSpace='rgb', contrast=None, depth=0, fillColor=array([ 1, -1, -1]), fillColorSpace='rgb', fillRGB=array([ 1, -1, -1]), interpolate=True, lineColor=array([-1., -1.,  1.]), lineColorSpace='rgb', lineRGB=array([-1, -1,  1]), lineWidth=1.5, name='unnamed Rect', opacity=1, ori=0.0, pos=array([0., 0.]), size=array([1000.,  700.]), units='pix', vertices=ndarray(...), win=Window(...))
8.4703 	EXP 	Created unnamed Rect = Rect(__class__=<class 'psychopy.visual.rect.Rect'>, autoDraw=False, autoLog=True, closeShape=True, color=method-wrapper(...), colorSpace='rgb', contrast=None, depth=0, fillColor=array([-1, -1, -1]), fillColorSpace='rgb', fillRGB=array([-1, -1, -1]), interpolate=True, lineColor=array([-1., -1.,  1.]), lineColorSpace='rgb', lineRGB=array([-1, -1,  1]), lineWidth=1.5, name='unnamed Rect', opacity=1, ori=0.0, pos=array([0., 0.]), size=array([400., 600.]), units='pix', vertices=ndarray(...), win=Window(...))
8.4729 	EXP 	Created unnamed Rect = Rect(__class__=<class 'psychopy.visual.rect.Rect'>, autoDraw=False, autoLog=True, closeShape=True, color=method-wrapper(...), colorSpace='rgb', contrast=None, depth=0, fillColor=array([-1, -1, -1]), fillColorSpace='rgb', fillRGB=array([-1, -1, -1]), interpolate=True, lineColor=array([-1., -1.,  1.]), lineColorSpace='rgb', lineRGB=array([-1, -1,  1]), lineWidth=1.5, name='unnamed Rect', opacity=1, ori=0.0, pos=array([0., 0.]), size=array([400., 600.]), units='pix', vertices=ndarray(...), win=Window(...))
8.4759 	EXP 	Created unnamed Rect = Rect(__class__=<class 'psychopy.visual.rect.Rect'>, autoDraw=False, autoLog=True, closeShape=True, color=method-wrapper(...), colorSpace='rgb', contrast=None, depth=0, fillColor=array([ 1,  1, -1]), fillColorSpace='rgb', fillRGB=array([ 1,  1, -1]), interpolate=True, lineColor=array([0., 0., 0.]), lineColorSpace='rgb', lineRGB=array([0, 0, 0]), lineWidth=1.5, name='unnamed Rect', opacity=0.5, ori=0.0, pos=array([0., 0.]), size=array([30., 30.]), units='pix', vertices=ndarray(...), win=Window(...))
8.4786 	EXP 	Created unnamed Rect = Rect(__class__=<class 'psychopy.visual.rect.Rect'>, autoDraw=False, autoLog=True, closeShape=True, color=method-wrapper(...), colorSpace='rgb', contrast=None, depth=0, fillColor=array([ 1,  1, -1]), fillColorSpace='rgb', fillRGB=array([ 1,  1, -1]), interpolate=True, lineColor=array([0., 0., 0.]), lineColorSpace='rgb', lineRGB=array([0, 0, 0]), lineWidth=1.5, name='unnamed Rect', opacity=0.5, ori=0.0, pos=array([0., 0.]), size=array([30., 30.]), units='pix', vertices=ndarray(...), win=Window(...))
8.4815 	EXP 	Created unnamed Rect = Rect(__class__=<class 'psychopy.visual.rect.Rect'>, autoDraw=False, autoLog=True, closeShape=True, color=method-wrapper(...), colorSpace='rgb', contrast=None, depth=0, fillColor=array([ 1,  1, -1]), fillColorSpace='rgb', fillRGB=array([ 1,  1, -1]), interpolate=True, lineColor=array([0., 0., 0.]), lineColorSpace='rgb', lineRGB=array([0, 0, 0]), lineWidth=1.5, name='unnamed Rect', opacity=0.5, ori=0.0, pos=array([0., 0.]), size=array([30., 30.]), units='pix', vertices=ndarray(...), win=Window(...))
8.4842 	EXP 	Created unnamed Rect = Rect(__class__=<class 'psychopy.visual.rect.Rect'>, autoDraw=False, autoLog=True, closeShape=True, color=method-wrapper(...), colorSpace='rgb', contrast=None, depth=0, fillColor=array([ 1,  1, -1]), fillColorSpace='rgb', fillRGB=array([ 1,  1, -1]), interpolate=True, lineColor=array([0., 0., 0.]), lineColorSpace='rgb', lineRGB=array([0, 0, 0]), lineWidth=1.5, name='unnamed Rect', opacity=0.5, ori=0.0, pos=array([0., 0.]), size=array([30., 30.]), units='pix', vertices=ndarray(...), win=Window(...))
8.4866 	EXP 	Created unnamed Rect = Rect(__class__=<class 'psychopy.visual.rect.Rect'>, autoDraw=False, autoLog=True, closeShape=True, color=method-wrapper(...), colorSpace='rgb', contrast=None, depth=0, fillColor=array([ 1,  1, -1]), fillColorSpace='rgb', fillRGB=array([ 1,  1, -1]), interpolate=True, lineColor=array([0., 0., 0.]), lineColorSpace='rgb', lineRGB=array([0, 0, 0]), lineWidth=1.5, name='unnamed Rect', opacity=0.5, ori=0.0, pos=array([0., 0.]), size=array([30., 30.]), units='pix', vertices=ndarray(...), win=Window(...))
8.4890 	EXP 	Created unnamed Rect = Rect(__class__=<class 'psychopy.visual.rect.Rect'>, autoDraw=False, autoLog=True, closeShape=True, color=method-wrapper(...), colorSpace='rgb', contrast=None, depth=0, fillColor=array([ 1,  1, -1]), fillColorSpace='rgb', fillRGB=array([ 1,  1, -1]), interpolate=True, lineColor=array([0., 0., 0.]), lineColorSpace='rgb', lineRGB=array([0, 0, 0]), lineWidth=1.5, name='unnamed Rect', opacity=0.5, ori=0.0, pos=array([0., 0.]), size=array([30., 30.]), units='pix', vertices=ndarray(...), win=Window(...))
8.4913 	EXP 	Created unnamed Rect = Rect(__class__=<class 'psychopy.visual.rect.Rect'>, autoDraw=False, autoLog=True, closeShape=True, color=method-wrapper(...), colorSpace='rgb', contrast=None, depth=0, fillColor=array([ 1,  1, -1]), fillColorSpace='rgb', fillRGB=array([ 1,  1, -1]), interpolate=True, lineColor=array([0., 0., 0.]), lineColorSpace='rgb', lineRGB=array([0, 0, 0]), lineWidth=1.5, name='unnamed Rect', opacity=0.5, ori=0.0, pos=array([0., 0.]), size=array([30., 30.]), units='pix', vertices=ndarray(...), win=Window(...))
8.5315 	EXP 	Created unnamed ImageStim = ImageStim(__class__=<class 'psychopy.visual.image.ImageStim'>, autoLog=True, color=array([1., 1., 1.]), colorSpace='rgb', contrast=1.0, depth=0, flipHoriz=False, flipVert=False, image='tree.png', interpolate=False, mask=None, maskParams=None, name='unnamed ImageStim', opacity=1, ori=0.0, pos=array([0., 0.]), size=array([512, 512]), texRes=128, units='pix', win=Window(...))
8.5518 	EXP 	Created unnamed ImageStim = ImageStim(__class__=<class 'psychopy.visual.image.ImageStim'>, autoLog=True, color=array([1., 1., 1.]), colorSpace='rgb', contrast=1.0, depth=0, flipHoriz=False, flipVert=False, image='tree.png', interpolate=False, mask=None, maskParams=None, name='unnamed ImageStim', opacity=1, ori=0.0, pos=array([0., 0.]), size=array([512, 512]), texRes=128, units='pix', win=Window(...))
8.5700 	EXP 	Created unnamed ImageStim = ImageStim(__class__=<class 'psychopy.visual.image.ImageStim'>, autoLog=True, color=array([1., 1., 1.]), colorSpace='rgb', contrast=1.0, depth=0, flipHoriz=False, flipVert=False, image='tree.png', interpolate=False, mask=None, maskParams=None, name='unnamed ImageStim', opacity=1, ori=0.0, pos=array([0., 0.]), size=array([512, 512]), texRes=128, units='pix', win=Window(...))
8.5879 	EXP 	Created unnamed ImageStim = ImageStim(__class__=<class 'psychopy.visual.image.ImageStim'>, autoLog=True, color=array([1., 1., 1.]), colorSpace='rgb', contrast=1.0, depth=0, flipHoriz=False, flipVert=False, image='tree.png', interpolate=False, mask=None, maskParams=None, name='unnamed ImageStim', opacity=1, ori=0.0, pos=array([0., 0.]), size=array([512, 512]), texRes=128, units='pix', win=Window(...))
8.6052 	EXP 	Created unnamed ImageStim = ImageStim(__class__=<class 'psychopy.visual.image.ImageStim'>, autoLog=True, color=array([1., 1., 1.]), colorSpace='rgb', contrast=1.0, depth=0, flipHoriz=False, flipVert=False, image='tree.png', interpolate=False, mask=None, maskParams=None, name='unnamed ImageStim', opacity=1, ori=0.0, pos=array([0., 0.]), size=array([512, 512]), texRes=128, units='pix', win=Window(...))
8.6237 	EXP 	Created unnamed ImageStim = ImageStim(__class__=<class 'psychopy.visual.image.ImageStim'>, autoLog=True, color=array([1., 1., 1.]), colorSpace='rgb', contrast=1.0, depth=0, flipHoriz=False, flipVert=False, image='tree.png', interpolate=False, mask=None, maskParams=None, name='unnamed ImageStim', opacity=1, ori=0.0, pos=array([0., 0.]), size=array([512, 512]), texRes=128, units='pix', win=Window(...))
8.6413 	EXP 	Created unnamed ImageStim = ImageStim(__class__=<class 'psychopy.visual.image.ImageStim'>, autoLog=True, color=array([1., 1., 1.]), colorSpace='rgb', contrast=1.0, depth=0, flipHoriz=False, flipVert=False, image='tree.png', interpolate=False, mask=None, maskParams=None, name='unnamed ImageStim', opacity=1, ori=0.0, pos=array([0., 0.]), size=array([512, 512]), texRes=128, units='pix', win=Window(...))
8.6587 	EXP 	Created unnamed ImageStim = ImageStim(__class__=<class 'psychopy.visual.image.ImageStim'>, autoLog=True, color=array([1., 1., 1.]), colorSpace='rgb', contrast=1.0, depth=0, flipHoriz=False, flipVert=False, image='tree.png', interpolate=False, mask=None, maskParams=None, name='unnamed ImageStim', opacity=1, ori=0.0, pos=array([0., 0.]), size=array([512, 512]), texRes=128, units='pix', win=Window(...))
8.6761 	EXP 	Created unnamed ImageStim = ImageStim(__class__=<class 'psychopy.visual.image.ImageStim'>, autoLog=True, color=array([1., 1., 1.]), colorSpace='rgb', contrast=1.0, depth=0, flipHoriz=False, flipVert=False, image='tree.png', interpolate=False, mask=None, maskParams=None, name='unnamed ImageStim', opacity=1, ori=0.0, pos=array([0., 0.]), size=array([512, 512]), texRes=128, units='pix', win=Window(...))
8.6935 	EXP 	Created unnamed ImageStim = ImageStim(__class__=<class 'psychopy.visual.image.ImageStim'>, autoLog=True, color=array([1., 1., 1.]), colorSpace='rgb', contrast=1.0, depth=0, flipHoriz=False, flipVert=False, image='tree.png', interpolate=False, mask=None, maskParams=None, name='unnamed ImageStim', opacity=1, ori=0.0, pos=array([0., 0.]), size=array([512, 512]), texRes=128, units='pix', win=Window(...))
8.7109 	EXP 	Created unnamed ImageStim = ImageStim(__class__=<class 'psychopy.visual.image.ImageStim'>, autoLog=True, color=array([1., 1., 1.]), colorSpace='rgb', contrast=1.0, depth=0, flipHoriz=False, flipVert=False, image='tree.png', interpolate=False, mask=None, maskParams=None, name='unnamed ImageStim', opacity=1, ori=0.0, pos=array([0., 0.]), size=array([512, 512]), texRes=128, units='pix', win=Window(...))
8.7283 	EXP 	Created unnamed ImageStim = ImageStim(__class__=<class 'psychopy.visual.image.ImageStim'>, autoLog=True, color=array([1., 1., 1.]), colorSpace='rgb', contrast=1.0, depth=0, flipHoriz=False, flipVert=False, image='tree.png', interpolate=False, mask=None, maskParams=None, name='unnamed ImageStim', opacity=1, ori=0.0, pos=array([0., 0.]), size=array([512, 512]), texRes=128, units='pix', win=Window(...))
8.7384 	DATA 	Keypress: space
8.7447 	EXP 	Welcometext: autoDraw = False
8.7447 	EXP 	unnamed Rect: pos = [-250, 0]
8.7447 	EXP 	unnamed Rect: pos = [250, 0]
8.7447 	EXP 	unnamed Rect: pos = [-273.20777004467993, 167.84173410398026]
8.7447 	EXP 	unnamed Rect: pos = [-291.00056164064387, -258.5605216024382]
8.7447 	EXP 	unnamed Rect: pos = [197.02603072209365, -90.30776851471443]
8.7447 	EXP 	unnamed Rect: pos = [212.0865052834491, -218.26682080286628]
8.7447 	EXP 	unnamed Rect: pos = [304.08011718881966, -4.894718172598268]
8.7447 	EXP 	unnamed Rect: pos = [318.61419316740506, 21.87267309634829]
8.7447 	EXP 	unnamed Rect: pos = [386.61596319847797, -39.450952831315654]
8.7447 	EXP 	unnamed ImageStim: size = [51.2, 51.2]
8.7447 	EXP 	unnamed ImageStim: size = [51.2, 51.2]
8.7447 	EXP 	unnamed ImageStim: size = [51.2, 51.2]
8.7447 	EXP 	unnamed ImageStim: size = [51.2, 51.2]
8.7447 	EXP 	unnamed ImageStim: size = [51.2, 51.2]
8.7447 	EXP 	unnamed ImageStim: size = [51.2, 51.2]
8.7447 	EXP 	unnamed ImageStim: size = [51.2, 51.2]
8.7447 	EXP 	unnamed ImageStim: size = [51.2, 51.2]
8.7447 	EXP 	unnamed ImageStim: size = [51.2, 51.2]
8.7447 	EXP 	unnamed ImageStim: size = [51.2, 51.2]
8.7447 	EXP 	unnamed ImageStim: size = [51.2, 51.2]
8.7447 	EXP 	unnamed ImageStim: size = [51.2, 51.2]
8.7447 	EXP 	unnamed ImageStim: pos = [4.409264643237787, -192.74531605341653]
8.7447 	EXP 	unnamed ImageStim: pos = [99.10500087544767, -8.412992228971724]
8.7447 	EXP 	unnamed ImageStim: pos = [123.2014548299099, -229.0820279293946]
8.7447 	EXP 	unnamed ImageStim: pos = [-102.16162584192115, 226.40630944983684]
8.7447 	EXP 	unnamed ImageStim: pos = [-245.59073535676222, -192.74531605341653]
8.7447 	EXP 	unnamed ImageStim: pos = [254.40926464323778, -192.74531605341653]
8.7447 	EXP 	unnamed ImageStim: pos = [-150.89499912455233, -8.412992228971724]
8.7447 	EXP 	unnamed ImageStim: pos = [349.1050008754477, -8.412992228971724]
8.7447 	EXP 	unnamed ImageStim: pos = [-126.7985451700901, -229.0820279293946]
8.7447 	EXP 	unnamed ImageStim: pos = [373.2014548299099, -229.0820279293946]
8.7447 	EXP 	unnamed ImageStim: pos = [-352.16162584192114, 226.40630944983684]
8.7447 	EXP 	unnamed ImageStim: pos = [147.83837415807886, 226.40630944983684]
12.7236 	DATA 	Keypress: left
14.2335 	EXP 	Created unnamed Rect = Rect(__class__=<class 'psychopy.visual.rect.Rect'>, autoDraw=False, autoLog=True, closeShape=True, color=method-wrapper(...), colorSpace='rgb', contrast=None, depth=0, fillColor=array([-1, -1, -1]), fillColorSpace='rgb', fillRGB=array([-1, -1, -1]), interpolate=True, lineColor=array([-1., -1.,  1.]), lineColorSpace='rgb', lineRGB=array([-1, -1,  1]), lineWidth=1.5, name='unnamed Rect', opacity=1, ori=0.0, pos=array([0., 0.]), size=array([400., 600.]), units='pix', vertices=ndarray(...), win=Window(...))
14.2384 	EXP 	Created unnamed Rect = Rect(__class__=<class 'psychopy.visual.rect.Rect'>, autoDraw=False, autoLog=True, closeShape=True, color=method-wrapper(...), colorSpace='rgb', contrast=None, depth=0, fillColor=array([-1, -1, -1]), fillColorSpace='rgb', fillRGB=array([-1, -1, -1]), interpolate=True, lineColor=array([-1., -1.,  1.]), lineColorSpace='rgb', lineRGB=array([-1, -1,  1]), lineWidth=1.5, name='unnamed Rect', opacity=1, ori=0.0, pos=array([0., 0.]), size=array([400., 600.]), units='pix', vertices=ndarray(...), win=Window(...))
14.2487 	DATA 	Keypress: left
14.2602 	EXP 	unnamed Rect: pos = array([-23.20777004, 167.8417341 ])
14.2602 	EXP 	unnamed Rect: pos = array([ -41.00056164, -258.5605216 ])
14.2602 	EXP 	unnamed Rect: pos = array([ -41.00056164, -258.5605216 ])
14.2780 	EXP 	unnamed Rect: pos = array([ -41.00056164, -258.5605216 ])
14.2932 	EXP 	unnamed Rect: pos = array([ -41.00056164, -258.5605216 ])
14.3104 	EXP 	unnamed Rect: pos = array([ -41.00056164, -258.5605216 ])
14.3267 	EXP 	unnamed Rect: pos = array([ -41.00056164, -258.5605216 ])
14.3434 	EXP 	unnamed Rect: pos = array([ -41.00056164, -258.5605216 ])
14.3599 	EXP 	unnamed Rect: pos = array([ -41.00056164, -258.5605216 ])
14.3771 	EXP 	unnamed Rect: pos = array([ -41.00056164, -258.5605216 ])
14.3936 	EXP 	unnamed Rect: pos = array([ -41.00056164, -258.5605216 ])
14.4102 	EXP 	unnamed Rect: pos = array([ -41.00056164, -258.5605216 ])
14.4270 	EXP 	unnamed Rect: pos = array([ -41.00056164, -258.5605216 ])
14.4435 	EXP 	unnamed Rect: pos = array([ -41.00056164, -258.5605216 ])
14.4600 	EXP 	unnamed Rect: pos = array([ -41.00056164, -258.5605216 ])
14.4765 	EXP 	unnamed Rect: pos = array([ -41.00056164, -258.5605216 ])
14.4931 	EXP 	unnamed Rect: pos = array([ -41.00056164, -258.5605216 ])
14.5106 	EXP 	unnamed Rect: pos = array([ -41.00056164, -258.5605216 ])
14.5268 	EXP 	unnamed Rect: pos = array([ -41.00056164, -258.5605216 ])
14.5443 	EXP 	unnamed Rect: pos = array([ -41.00056164, -258.5605216 ])
14.5604 	EXP 	unnamed Rect: pos = array([ -41.00056164, -258.5605216 ])
14.5767 	EXP 	unnamed Rect: pos = array([ -41.00056164, -258.5605216 ])
14.5940 	EXP 	unnamed Rect: pos = array([ -41.00056164, -258.5605216 ])
14.6107 	EXP 	unnamed Rect: pos = array([ -41.00056164, -258.5605216 ])
14.6269 	EXP 	unnamed Rect: pos = array([ -41.00056164, -258.5605216 ])
14.6435 	EXP 	unnamed Rect: pos = array([ -41.00056164, -258.5605216 ])
14.6603 	EXP 	unnamed Rect: pos = array([ -41.00056164, -258.5605216 ])
14.6772 	EXP 	unnamed Rect: pos = array([ -41.00056164, -258.5605216 ])
14.6936 	EXP 	unnamed Rect: pos = array([ -41.00056164, -258.5605216 ])
14.7112 	EXP 	unnamed Rect: pos = array([ -41.00056164, -258.5605216 ])
14.7271 	EXP 	unnamed Rect: pos = array([ -41.00056164, -258.5605216 ])
14.7433 	EXP 	unnamed Rect: pos = array([ -41.00056164, -258.5605216 ])
14.7603 	EXP 	unnamed Rect: pos = array([ -41.00056164, -258.5605216 ])
14.7767 	EXP 	unnamed Rect: pos = array([ -41.00056164, -258.5605216 ])
14.7935 	EXP 	unnamed Rect: pos = array([ -41.00056164, -258.5605216 ])
14.8105 	EXP 	unnamed Rect: pos = array([ -41.00056164, -258.5605216 ])
14.8266 	EXP 	unnamed Rect: pos = array([ -41.00056164, -258.5605216 ])
14.8434 	EXP 	unnamed Rect: pos = array([ -41.00056164, -258.5605216 ])
14.8605 	EXP 	unnamed Rect: pos = array([ -41.00056164, -258.5605216 ])
14.8771 	EXP 	unnamed Rect: pos = array([ -41.00056164, -258.5605216 ])
14.8781 	DATA 	Keypress: up
14.8941 	EXP 	unnamed Rect: pos = array([ -41.00056164, -248.5605216 ])
14.9100 	EXP 	unnamed Rect: pos = array([ -41.00056164, -248.5605216 ])
14.9270 	EXP 	unnamed Rect: pos = array([ -41.00056164, -248.5605216 ])
14.9435 	EXP 	unnamed Rect: pos = array([ -41.00056164, -248.5605216 ])
14.9609 	EXP 	unnamed Rect: pos = array([ -41.00056164, -248.5605216 ])
14.9767 	EXP 	unnamed Rect: pos = array([ -41.00056164, -248.5605216 ])
14.9932 	EXP 	unnamed Rect: pos = array([ -41.00056164, -248.5605216 ])
15.0098 	EXP 	unnamed Rect: pos = array([ -41.00056164, -248.5605216 ])
15.0269 	EXP 	unnamed Rect: pos = array([ -41.00056164, -248.5605216 ])
15.0441 	EXP 	unnamed Rect: pos = array([ -41.00056164, -248.5605216 ])
15.0609 	EXP 	unnamed Rect: pos = array([ -41.00056164, -248.5605216 ])
15.0618 	DATA 	Keypress: up
15.0767 	EXP 	unnamed Rect: pos = array([ -41.00056164, -238.5605216 ])
15.0932 	EXP 	unnamed Rect: pos = array([ -41.00056164, -238.5605216 ])
15.1103 	EXP 	unnamed Rect: pos = array([ -41.00056164, -238.5605216 ])
15.1267 	EXP 	unnamed Rect: pos = array([ -41.00056164, -238.5605216 ])
15.1433 	EXP 	unnamed Rect: pos = array([ -41.00056164, -238.5605216 ])
15.1601 	EXP 	unnamed Rect: pos = array([ -41.00056164, -238.5605216 ])
15.1768 	EXP 	unnamed Rect: pos = array([ -41.00056164, -238.5605216 ])
15.1934 	EXP 	unnamed Rect: pos = array([ -41.00056164, -238.5605216 ])
15.2100 	EXP 	unnamed Rect: pos = array([ -41.00056164, -238.5605216 ])
15.2275 	EXP 	unnamed Rect: pos = array([ -41.00056164, -238.5605216 ])
15.2283 	DATA 	Keypress: up
15.2442 	EXP 	unnamed Rect: pos = array([ -41.00056164, -228.5605216 ])
15.2603 	EXP 	unnamed Rect: pos = array([ -41.00056164, -228.5605216 ])
15.2769 	EXP 	unnamed Rect: pos = array([ -41.00056164, -228.5605216 ])
15.2932 	EXP 	unnamed Rect: pos = array([ -41.00056164, -228.5605216 ])
15.3104 	EXP 	unnamed Rect: pos = array([ -41.00056164, -228.5605216 ])
15.3270 	EXP 	unnamed Rect: pos = array([ -41.00056164, -228.5605216 ])
15.3309 	DATA 	Keypress: right
15.3444 	EXP 	unnamed Rect: pos = array([ -41.00056164, -228.5605216 ])
15.3605 	EXP 	unnamed Rect: pos = array([ -31.00056164, -228.5605216 ])
15.3766 	EXP 	unnamed Rect: pos = array([ -31.00056164, -228.5605216 ])
15.3937 	EXP 	unnamed Rect: pos = array([ -31.00056164, -228.5605216 ])
15.4099 	EXP 	unnamed Rect: pos = array([ -31.00056164, -228.5605216 ])
15.4266 	EXP 	unnamed Rect: pos = array([ -31.00056164, -228.5605216 ])
15.4438 	EXP 	unnamed Rect: pos = array([ -31.00056164, -228.5605216 ])
15.4600 	EXP 	unnamed Rect: pos = array([ -31.00056164, -228.5605216 ])
15.4772 	EXP 	unnamed Rect: pos = array([ -31.00056164, -228.5605216 ])
15.4780 	DATA 	Keypress: right
15.4943 	EXP 	unnamed Rect: pos = array([ -21.00056164, -228.5605216 ])
15.5100 	EXP 	unnamed Rect: pos = array([ -21.00056164, -228.5605216 ])
15.5268 	EXP 	unnamed Rect: pos = array([ -21.00056164, -228.5605216 ])
15.5432 	EXP 	unnamed Rect: pos = array([ -21.00056164, -228.5605216 ])
15.5601 	EXP 	unnamed Rect: pos = array([ -21.00056164, -228.5605216 ])
15.5770 	EXP 	unnamed Rect: pos = array([ -21.00056164, -228.5605216 ])
15.5939 	EXP 	unnamed Rect: pos = array([ -21.00056164, -228.5605216 ])
15.6108 	EXP 	unnamed Rect: pos = array([ -21.00056164, -228.5605216 ])
15.6266 	EXP 	unnamed Rect: pos = array([ -21.00056164, -228.5605216 ])
15.6439 	EXP 	unnamed Rect: pos = array([ -21.00056164, -228.5605216 ])
15.6446 	DATA 	Keypress: up
15.6600 	EXP 	unnamed Rect: pos = array([ -21.00056164, -218.5605216 ])
15.6767 	EXP 	unnamed Rect: pos = array([ -21.00056164, -218.5605216 ])
15.6936 	EXP 	unnamed Rect: pos = array([ -21.00056164, -218.5605216 ])
15.7102 	EXP 	unnamed Rect: pos = array([ -21.00056164, -218.5605216 ])
15.7274 	EXP 	unnamed Rect: pos = array([ -21.00056164, -218.5605216 ])
15.7441 	EXP 	unnamed Rect: pos = array([ -21.00056164, -218.5605216 ])
15.7603 	EXP 	unnamed Rect: pos = array([ -21.00056164, -218.5605216 ])
15.7766 	EXP 	unnamed Rect: pos = array([ -21.00056164, -218.5605216 ])
15.7933 	EXP 	unnamed Rect: pos = array([ -21.00056164, -218.5605216 ])
15.8110 	EXP 	unnamed Rect: pos = array([ -21.00056164, -218.5605216 ])
15.8118 	DATA 	Keypress: up
15.8268 	EXP 	unnamed Rect: pos = array([ -21.00056164, -208.5605216 ])
15.8433 	EXP 	unnamed Rect: pos = array([ -21.00056164, -208.5605216 ])
15.8604 	EXP 	unnamed Rect: pos = array([ -21.00056164, -208.5605216 ])
15.8769 	EXP 	unnamed Rect: pos = array([ -21.00056164, -208.5605216 ])
15.8945 	EXP 	unnamed Rect: pos = array([ -21.00056164, -208.5605216 ])
15.9100 	EXP 	unnamed Rect: pos = array([ -21.00056164, -208.5605216 ])
15.9269 	EXP 	unnamed Rect: pos = array([ -21.00056164, -208.5605216 ])
15.9436 	EXP 	unnamed Rect: pos = array([ -21.00056164, -208.5605216 ])
15.9609 	EXP 	unnamed Rect: pos = array([ -21.00056164, -208.5605216 ])
15.9617 	DATA 	Keypress: up
15.9773 	EXP 	unnamed Rect: pos = array([ -21.00056164, -198.5605216 ])
15.9935 	EXP 	unnamed Rect: pos = array([ -21.00056164, -198.5605216 ])
15.9943 	DATA 	Keypress: right
16.0110 	EXP 	unnamed Rect: pos = array([ -11.00056164, -198.5605216 ])
16.0268 	EXP 	unnamed Rect: pos = array([ -11.00056164, -198.5605216 ])
16.0432 	EXP 	unnamed Rect: pos = array([ -11.00056164, -198.5605216 ])
16.0599 	EXP 	unnamed Rect: pos = array([ -11.00056164, -198.5605216 ])
16.0766 	EXP 	unnamed Rect: pos = array([ -11.00056164, -198.5605216 ])
16.0934 	EXP 	unnamed Rect: pos = array([ -11.00056164, -198.5605216 ])
16.1098 	EXP 	unnamed Rect: pos = array([ -11.00056164, -198.5605216 ])
16.1268 	EXP 	unnamed Rect: pos = array([ -11.00056164, -198.5605216 ])
16.1439 	EXP 	unnamed Rect: pos = array([ -11.00056164, -198.5605216 ])
16.1598 	EXP 	unnamed Rect: pos = array([ -11.00056164, -198.5605216 ])
16.1765 	EXP 	unnamed Rect: pos = array([ -11.00056164, -198.5605216 ])
16.1932 	EXP 	unnamed Rect: pos = array([ -11.00056164, -198.5605216 ])
16.2098 	EXP 	unnamed Rect: pos = array([ -11.00056164, -198.5605216 ])
16.2268 	EXP 	unnamed Rect: pos = array([ -11.00056164, -198.5605216 ])
16.2308 	DATA 	Keypress: right
16.2441 	EXP 	unnamed Rect: pos = array([ -11.00056164, -198.5605216 ])
16.2600 	EXP 	unnamed Rect: pos = array([  -1.00056164, -198.5605216 ])
16.2769 	EXP 	unnamed Rect: pos = array([  -1.00056164, -198.5605216 ])
16.2938 	EXP 	unnamed Rect: pos = array([  -1.00056164, -198.5605216 ])
16.3098 	EXP 	unnamed Rect: pos = array([  -1.00056164, -198.5605216 ])
16.3268 	EXP 	unnamed Rect: pos = array([  -1.00056164, -198.5605216 ])
16.3433 	EXP 	unnamed Rect: pos = array([  -1.00056164, -198.5605216 ])
16.3602 	EXP 	unnamed Rect: pos = array([  -1.00056164, -198.5605216 ])
16.3766 	EXP 	unnamed Rect: pos = array([  -1.00056164, -198.5605216 ])
16.3804 	DATA 	Keypress: right
16.3945 	EXP 	unnamed Rect: pos = array([  -1.00056164, -198.5605216 ])
16.4100 	EXP 	unnamed Rect: pos = array([   8.99943836, -198.5605216 ])
16.4267 	EXP 	unnamed Rect: pos = array([   8.99943836, -198.5605216 ])
16.4434 	EXP 	unnamed Rect: pos = array([   8.99943836, -198.5605216 ])
16.4612 	EXP 	unnamed Rect: pos = array([   8.99943836, -198.5605216 ])
16.4768 	EXP 	unnamed Rect: pos = array([   8.99943836, -198.5605216 ])
16.4935 	EXP 	unnamed Rect: pos = array([   8.99943836, -198.5605216 ])
16.5099 	EXP 	unnamed Rect: pos = array([   8.99943836, -198.5605216 ])
16.5269 	EXP 	unnamed Rect: pos = array([   8.99943836, -198.5605216 ])
16.5312 	DATA 	Keypress: right
16.5444 	EXP 	unnamed Rect: pos = array([   8.99943836, -198.5605216 ])
16.5600 	EXP 	unnamed Rect: pos = array([  18.99943836, -198.5605216 ])
16.5767 	EXP 	unnamed Rect: pos = array([  18.99943836, -198.5605216 ])
16.5933 	EXP 	unnamed Rect: pos = array([  18.99943836, -198.5605216 ])
16.6110 	EXP 	unnamed Rect: pos = array([  18.99943836, -198.5605216 ])
16.6270 	EXP 	unnamed Rect: pos = array([  18.99943836, -198.5605216 ])
16.6434 	EXP 	unnamed Rect: pos = array([  18.99943836, -198.5605216 ])
16.6600 	EXP 	unnamed Rect: pos = array([  18.99943836, -198.5605216 ])
16.6768 	EXP 	unnamed Rect: pos = array([  18.99943836, -198.5605216 ])
16.6933 	EXP 	unnamed Rect: pos = array([  18.99943836, -198.5605216 ])
16.7110 	EXP 	unnamed Rect: pos = array([  18.99943836, -198.5605216 ])
16.7119 	DATA 	Keypress: right
16.7269 	EXP 	unnamed Rect: pos = array([  28.99943836, -198.5605216 ])
16.7434 	EXP 	unnamed Rect: pos = array([  28.99943836, -198.5605216 ])
16.7610 	EXP 	unnamed Rect: pos = array([  28.99943836, -198.5605216 ])
16.7770 	EXP 	unnamed Rect: pos = array([  28.99943836, -198.5605216 ])
16.7933 	EXP 	unnamed Rect: pos = array([  28.99943836, -198.5605216 ])
16.8100 	EXP 	unnamed Rect: pos = array([  28.99943836, -198.5605216 ])
16.8266 	EXP 	unnamed Rect: pos = array([  28.99943836, -198.5605216 ])
16.8435 	EXP 	unnamed Rect: pos = array([  28.99943836, -198.5605216 ])
16.8605 	EXP 	unnamed Rect: pos = array([  28.99943836, -198.5605216 ])
16.8615 	DATA 	Keypress: right
16.8776 	EXP 	unnamed Rect: pos = array([  38.99943836, -198.5605216 ])
16.8935 	EXP 	unnamed Rect: pos = array([  38.99943836, -198.5605216 ])
16.9100 	EXP 	unnamed Rect: pos = array([  38.99943836, -198.5605216 ])
16.9274 	EXP 	unnamed Rect: pos = array([  38.99943836, -198.5605216 ])
16.9445 	EXP 	unnamed Rect: pos = array([  38.99943836, -198.5605216 ])
16.9600 	EXP 	unnamed Rect: pos = array([  38.99943836, -198.5605216 ])
16.9769 	EXP 	unnamed Rect: pos = array([  38.99943836, -198.5605216 ])
16.9934 	EXP 	unnamed Rect: pos = array([  38.99943836, -198.5605216 ])
17.0105 	EXP 	unnamed Rect: pos = array([  38.99943836, -198.5605216 ])
17.0114 	DATA 	Keypress: right
17.0272 	EXP 	unnamed Rect: pos = array([  48.99943836, -198.5605216 ])
17.0433 	EXP 	unnamed Rect: pos = array([  48.99943836, -198.5605216 ])
17.0600 	EXP 	unnamed Rect: pos = array([  48.99943836, -198.5605216 ])
17.0766 	EXP 	unnamed Rect: pos = array([  48.99943836, -198.5605216 ])
17.0937 	EXP 	unnamed Rect: pos = array([  48.99943836, -198.5605216 ])
17.1103 	EXP 	unnamed Rect: pos = array([  48.99943836, -198.5605216 ])
17.1271 	EXP 	unnamed Rect: pos = array([  48.99943836, -198.5605216 ])
17.1440 	EXP 	unnamed Rect: pos = array([  48.99943836, -198.5605216 ])
17.1600 	EXP 	unnamed Rect: pos = array([  48.99943836, -198.5605216 ])
17.1638 	DATA 	Keypress: right
17.1779 	EXP 	unnamed Rect: pos = array([  48.99943836, -198.5605216 ])
17.1934 	EXP 	unnamed Rect: pos = array([  58.99943836, -198.5605216 ])
17.2100 	EXP 	unnamed Rect: pos = array([  58.99943836, -198.5605216 ])
17.2269 	EXP 	unnamed Rect: pos = array([  58.99943836, -198.5605216 ])
17.2435 	EXP 	unnamed Rect: pos = array([  58.99943836, -198.5605216 ])
17.2608 	EXP 	unnamed Rect: pos = array([  58.99943836, -198.5605216 ])
17.2767 	EXP 	unnamed Rect: pos = array([  58.99943836, -198.5605216 ])
17.2933 	EXP 	unnamed Rect: pos = array([  58.99943836, -198.5605216 ])
17.3103 	EXP 	unnamed Rect: pos = array([  58.99943836, -198.5605216 ])
17.3270 	EXP 	unnamed Rect: pos = array([  58.99943836, -198.5605216 ])
17.3279 	DATA 	Keypress: right
17.3444 	EXP 	unnamed Rect: pos = array([  68.99943836, -198.5605216 ])
17.3600 	EXP 	unnamed Rect: pos = array([  68.99943836, -198.5605216 ])
17.3770 	EXP 	unnamed Rect: pos = array([  68.99943836, -198.5605216 ])
17.3937 	EXP 	unnamed Rect: pos = array([  68.99943836, -198.5605216 ])
17.4108 	EXP 	unnamed Rect: pos = array([  68.99943836, -198.5605216 ])
17.4271 	EXP 	unnamed Rect: pos = array([  68.99943836, -198.5605216 ])
17.4436 	EXP 	unnamed Rect: pos = array([  68.99943836, -198.5605216 ])
17.4603 	EXP 	unnamed Rect: pos = array([  68.99943836, -198.5605216 ])
17.4766 	EXP 	unnamed Rect: pos = array([  68.99943836, -198.5605216 ])
17.4805 	DATA 	Keypress: right
17.4946 	EXP 	unnamed Rect: pos = array([  68.99943836, -198.5605216 ])
17.5100 	EXP 	unnamed Rect: pos = array([  78.99943836, -198.5605216 ])
17.5279 	EXP 	unnamed Rect: pos = array([  78.99943836, -198.5605216 ])
17.5435 	EXP 	unnamed Rect: pos = array([  78.99943836, -198.5605216 ])
17.5601 	EXP 	unnamed Rect: pos = array([  78.99943836, -198.5605216 ])
17.5776 	EXP 	unnamed Rect: pos = array([  78.99943836, -198.5605216 ])
17.5933 	EXP 	unnamed Rect: pos = array([  78.99943836, -198.5605216 ])
17.6108 	EXP 	unnamed Rect: pos = array([  78.99943836, -198.5605216 ])
17.6277 	EXP 	unnamed Rect: pos = array([  78.99943836, -198.5605216 ])
17.6285 	DATA 	Keypress: down
17.6432 	EXP 	unnamed Rect: pos = array([  78.99943836, -208.5605216 ])
17.6598 	EXP 	unnamed Rect: pos = array([  78.99943836, -208.5605216 ])
17.6766 	EXP 	unnamed Rect: pos = array([  78.99943836, -208.5605216 ])
17.6934 	EXP 	unnamed Rect: pos = array([  78.99943836, -208.5605216 ])
17.7103 	EXP 	unnamed Rect: pos = array([  78.99943836, -208.5605216 ])
17.7277 	EXP 	unnamed Rect: pos = array([  78.99943836, -208.5605216 ])
17.7433 	EXP 	unnamed Rect: pos = array([  78.99943836, -208.5605216 ])
17.7603 	EXP 	unnamed Rect: pos = array([  78.99943836, -208.5605216 ])
17.7766 	EXP 	unnamed Rect: pos = array([  78.99943836, -208.5605216 ])
17.7932 	EXP 	unnamed Rect: pos = array([  78.99943836, -208.5605216 ])
17.8104 	EXP 	unnamed Rect: pos = array([  78.99943836, -208.5605216 ])
17.8114 	DATA 	Keypress: down
17.8270 	EXP 	unnamed Rect: pos = array([  78.99943836, -218.5605216 ])
17.8436 	EXP 	unnamed Rect: pos = array([  78.99943836, -218.5605216 ])
17.8600 	EXP 	unnamed Rect: pos = array([  78.99943836, -218.5605216 ])
17.8767 	EXP 	unnamed Rect: pos = array([  78.99943836, -218.5605216 ])
17.8934 	EXP 	unnamed Rect: pos = array([  78.99943836, -218.5605216 ])
17.9112 	EXP 	unnamed Rect: pos = array([  78.99943836, -218.5605216 ])
17.9273 	EXP 	unnamed Rect: pos = array([  78.99943836, -218.5605216 ])
17.9438 	EXP 	unnamed Rect: pos = array([  78.99943836, -218.5605216 ])
17.9447 	DATA 	Keypress: down
17.9602 	EXP 	unnamed Rect: pos = array([  78.99943836, -228.5605216 ])
17.9769 	EXP 	unnamed Rect: pos = array([  78.99943836, -228.5605216 ])
17.9932 	EXP 	unnamed Rect: pos = array([  78.99943836, -228.5605216 ])
18.0100 	EXP 	unnamed Rect: pos = array([  78.99943836, -228.5605216 ])
18.0267 	EXP 	unnamed Rect: pos = array([  78.99943836, -228.5605216 ])
18.0439 	EXP 	unnamed Rect: pos = array([  78.99943836, -228.5605216 ])
18.0610 	EXP 	unnamed Rect: pos = array([  78.99943836, -228.5605216 ])
18.0768 	EXP 	unnamed Rect: pos = array([  78.99943836, -228.5605216 ])
18.0933 	EXP 	unnamed Rect: pos = array([  78.99943836, -228.5605216 ])
18.1100 	EXP 	unnamed Rect: pos = array([  78.99943836, -228.5605216 ])
18.1269 	EXP 	unnamed Rect: pos = array([  78.99943836, -228.5605216 ])
18.1438 	EXP 	unnamed Rect: pos = array([  78.99943836, -228.5605216 ])
18.1446 	DATA 	Keypress: down
18.1606 	EXP 	unnamed Rect: pos = array([  78.99943836, -238.5605216 ])
18.1768 	EXP 	unnamed Rect: pos = array([  78.99943836, -238.5605216 ])
18.1933 	EXP 	unnamed Rect: pos = array([  78.99943836, -238.5605216 ])
18.2100 	EXP 	unnamed Rect: pos = array([  78.99943836, -238.5605216 ])
18.2276 	EXP 	unnamed Rect: pos = array([  78.99943836, -238.5605216 ])
18.2434 	EXP 	unnamed Rect: pos = array([  78.99943836, -238.5605216 ])
18.2600 	EXP 	unnamed Rect: pos = array([  78.99943836, -238.5605216 ])
18.2777 	EXP 	unnamed Rect: pos = array([  78.99943836, -238.5605216 ])
18.2785 	DATA 	Keypress: right
18.2934 	EXP 	unnamed Rect: pos = array([  88.99943836, -238.5605216 ])
18.3104 	EXP 	unnamed Rect: pos = array([  88.99943836, -238.5605216 ])
18.3268 	EXP 	unnamed Rect: pos = array([  88.99943836, -238.5605216 ])
18.3435 	EXP 	unnamed Rect: pos = array([  88.99943836, -238.5605216 ])
18.3603 	EXP 	unnamed Rect: pos = array([  88.99943836, -238.5605216 ])
18.3767 	EXP 	unnamed Rect: pos = array([  88.99943836, -238.5605216 ])
18.3936 	EXP 	unnamed Rect: pos = array([  88.99943836, -238.5605216 ])
18.4101 	EXP 	unnamed Rect: pos = array([  88.99943836, -238.5605216 ])
18.4267 	EXP 	unnamed Rect: pos = array([  88.99943836, -238.5605216 ])
18.4436 	EXP 	unnamed Rect: pos = array([  88.99943836, -238.5605216 ])
18.4603 	EXP 	unnamed Rect: pos = array([  88.99943836, -238.5605216 ])
18.4767 	EXP 	unnamed Rect: pos = array([  88.99943836, -238.5605216 ])
18.4935 	EXP 	unnamed Rect: pos = array([  88.99943836, -238.5605216 ])
18.5100 	EXP 	unnamed Rect: pos = array([  88.99943836, -238.5605216 ])
18.5276 	EXP 	unnamed Rect: pos = array([  88.99943836, -238.5605216 ])
18.5433 	EXP 	unnamed Rect: pos = array([  88.99943836, -238.5605216 ])
18.5600 	EXP 	unnamed Rect: pos = array([  88.99943836, -238.5605216 ])
18.5770 	EXP 	unnamed Rect: pos = array([  88.99943836, -238.5605216 ])
18.5935 	EXP 	unnamed Rect: pos = array([  88.99943836, -238.5605216 ])
18.6109 	EXP 	unnamed Rect: pos = array([  88.99943836, -238.5605216 ])
18.6269 	EXP 	unnamed Rect: pos = array([  88.99943836, -238.5605216 ])
18.6277 	DATA 	Keypress: right
18.6434 	EXP 	unnamed Rect: pos = array([  98.99943836, -238.5605216 ])
18.6609 	EXP 	unnamed Rect: pos = array([  98.99943836, -238.5605216 ])
18.6767 	EXP 	unnamed Rect: pos = array([  98.99943836, -238.5605216 ])
18.6935 	EXP 	unnamed Rect: pos = array([  98.99943836, -238.5605216 ])
18.7104 	EXP 	unnamed Rect: pos = array([  98.99943836, -238.5605216 ])
18.7273 	EXP 	unnamed Rect: pos = array([  98.99943836, -238.5605216 ])
18.7433 	EXP 	unnamed Rect: pos = array([  98.99943836, -238.5605216 ])
18.7609 	EXP 	unnamed Rect: pos = array([  98.99943836, -238.5605216 ])
18.7777 	EXP 	unnamed Rect: pos = array([  98.99943836, -238.5605216 ])
18.7786 	DATA 	Keypress: right
18.7934 	EXP 	unnamed Rect: pos = array([ 108.99943836, -238.5605216 ])
18.8100 	EXP 	unnamed Rect: pos = array([ 108.99943836, -238.5605216 ])
18.8271 	EXP 	unnamed Rect: pos = array([ 108.99943836, -238.5605216 ])
18.8439 	EXP 	unnamed Rect: pos = array([ 108.99943836, -238.5605216 ])
18.8600 	EXP 	unnamed Rect: pos = array([ 108.99943836, -238.5605216 ])
18.8767 	EXP 	unnamed Rect: pos = array([ 108.99943836, -238.5605216 ])
18.8938 	EXP 	unnamed Rect: pos = array([ 108.99943836, -238.5605216 ])
18.9107 	EXP 	unnamed Rect: pos = array([ 108.99943836, -238.5605216 ])
18.9270 	EXP 	unnamed Rect: pos = array([ 108.99943836, -238.5605216 ])
18.9279 	DATA 	Keypress: right
18.9444 	EXP 	unnamed Rect: pos = array([ 118.99943836, -238.5605216 ])
18.9600 	EXP 	unnamed Rect: pos = array([ 118.99943836, -238.5605216 ])
18.9767 	EXP 	unnamed Rect: pos = array([ 118.99943836, -238.5605216 ])
18.9942 	EXP 	unnamed Rect: pos = array([ 118.99943836, -238.5605216 ])
18.9950 	DATA 	Keypress: up
19.0103 	EXP 	unnamed Rect: pos = array([ 118.99943836, -228.5605216 ])
19.0269 	EXP 	unnamed Rect: pos = array([ 118.99943836, -228.5605216 ])
19.0434 	EXP 	unnamed Rect: pos = array([ 118.99943836, -228.5605216 ])
19.0613 	EXP 	unnamed Rect: pos = array([ 118.99943836, -228.5605216 ])
19.0767 	EXP 	unnamed Rect: pos = array([ 118.99943836, -228.5605216 ])
19.0937 	EXP 	unnamed Rect: pos = array([ 118.99943836, -228.5605216 ])
19.1101 	EXP 	unnamed Rect: pos = array([ 118.99943836, -228.5605216 ])
19.1269 	EXP 	unnamed Rect: pos = array([ 118.99943836, -228.5605216 ])
19.1434 	EXP 	unnamed Rect: pos = array([ 118.99943836, -228.5605216 ])
19.1606 	EXP 	unnamed Rect: pos = array([ 118.99943836, -228.5605216 ])
19.1614 	DATA 	Keypress: up
19.1770 	EXP 	unnamed Rect: pos = array([ 118.99943836, -218.5605216 ])
19.1936 	EXP 	unnamed Rect: pos = array([ 118.99943836, -218.5605216 ])
19.2111 	EXP 	unnamed Rect: pos = array([ 118.99943836, -218.5605216 ])
19.2270 	EXP 	unnamed Rect: pos = array([ 118.99943836, -218.5605216 ])
19.2433 	EXP 	unnamed Rect: pos = array([ 118.99943836, -218.5605216 ])
19.2598 	EXP 	unnamed Rect: pos = array([ 118.99943836, -218.5605216 ])
19.2769 	EXP 	unnamed Rect: pos = array([ 118.99943836, -218.5605216 ])
19.2946 	EXP 	unnamed Rect: pos = array([ 118.99943836, -218.5605216 ])
19.3098 	EXP 	unnamed Rect: pos = array([ 118.99943836, -218.5605216 ])
19.3276 	EXP 	unnamed Rect: pos = array([ 118.99943836, -218.5605216 ])
19.3284 	DATA 	Keypress: up
19.3439 	EXP 	unnamed Rect: pos = array([ 118.99943836, -208.5605216 ])
19.3600 	EXP 	unnamed Rect: pos = array([ 118.99943836, -208.5605216 ])
19.3764 	EXP 	unnamed Rect: pos = array([ 118.99943836, -208.5605216 ])
19.3937 	EXP 	unnamed Rect: pos = array([ 118.99943836, -208.5605216 ])
19.4101 	EXP 	unnamed Rect: pos = array([ 118.99943836, -208.5605216 ])
19.4267 	EXP 	unnamed Rect: pos = array([ 118.99943836, -208.5605216 ])
19.4434 	EXP 	unnamed Rect: pos = array([ 118.99943836, -208.5605216 ])
19.4598 	EXP 	unnamed Rect: pos = array([ 118.99943836, -208.5605216 ])
19.4770 	EXP 	unnamed Rect: pos = array([ 118.99943836, -208.5605216 ])
19.4937 	EXP 	unnamed Rect: pos = array([ 118.99943836, -208.5605216 ])
19.4946 	DATA 	Keypress: up
19.5107 	EXP 	unnamed Rect: pos = array([ 118.99943836, -198.5605216 ])
19.5270 	EXP 	unnamed Rect: pos = array([ 118.99943836, -198.5605216 ])
19.5435 	EXP 	unnamed Rect: pos = array([ 118.99943836, -198.5605216 ])
19.5606 	EXP 	unnamed Rect: pos = array([ 118.99943836, -198.5605216 ])
19.5770 	EXP 	unnamed Rect: pos = array([ 118.99943836, -198.5605216 ])
19.5936 	EXP 	unnamed Rect: pos = array([ 118.99943836, -198.5605216 ])
19.6105 	EXP 	unnamed Rect: pos = array([ 118.99943836, -198.5605216 ])
19.6266 	EXP 	unnamed Rect: pos = array([ 118.99943836, -198.5605216 ])
19.6433 	EXP 	unnamed Rect: pos = array([ 118.99943836, -198.5605216 ])
19.6603 	EXP 	unnamed Rect: pos = array([ 118.99943836, -198.5605216 ])
19.6770 	EXP 	unnamed Rect: pos = array([ 118.99943836, -198.5605216 ])
19.6946 	EXP 	unnamed Rect: pos = array([ 118.99943836, -198.5605216 ])
19.6954 	DATA 	Keypress: up
19.7112 	EXP 	unnamed Rect: pos = array([ 118.99943836, -188.5605216 ])
19.7272 	EXP 	unnamed Rect: pos = array([ 118.99943836, -188.5605216 ])
19.7432 	EXP 	unnamed Rect: pos = array([ 118.99943836, -188.5605216 ])
19.7602 	EXP 	unnamed Rect: pos = array([ 118.99943836, -188.5605216 ])
19.7767 	EXP 	unnamed Rect: pos = array([ 118.99943836, -188.5605216 ])
19.7936 	EXP 	unnamed Rect: pos = array([ 118.99943836, -188.5605216 ])
19.8103 	EXP 	unnamed Rect: pos = array([ 118.99943836, -188.5605216 ])
19.8267 	EXP 	unnamed Rect: pos = array([ 118.99943836, -188.5605216 ])
19.8436 	EXP 	unnamed Rect: pos = array([ 118.99943836, -188.5605216 ])
19.8444 	DATA 	Keypress: up
19.8603 	EXP 	unnamed Rect: pos = array([ 118.99943836, -178.5605216 ])
19.8770 	EXP 	unnamed Rect: pos = array([ 118.99943836, -178.5605216 ])
19.8938 	EXP 	unnamed Rect: pos = array([ 118.99943836, -178.5605216 ])
19.9112 	EXP 	unnamed Rect: pos = array([ 118.99943836, -178.5605216 ])
19.9269 	EXP 	unnamed Rect: pos = array([ 118.99943836, -178.5605216 ])
19.9433 	EXP 	unnamed Rect: pos = array([ 118.99943836, -178.5605216 ])
19.9608 	EXP 	unnamed Rect: pos = array([ 118.99943836, -178.5605216 ])
19.9769 	EXP 	unnamed Rect: pos = array([ 118.99943836, -178.5605216 ])
19.9939 	EXP 	unnamed Rect: pos = array([ 118.99943836, -178.5605216 ])
19.9948 	DATA 	Keypress: left
20.0110 	EXP 	unnamed Rect: pos = array([ 108.99943836, -178.5605216 ])
20.0267 	EXP 	unnamed Rect: pos = array([ 108.99943836, -178.5605216 ])
20.0444 	EXP 	unnamed Rect: pos = array([ 108.99943836, -178.5605216 ])
20.0602 	EXP 	unnamed Rect: pos = array([ 108.99943836, -178.5605216 ])
20.0770 	EXP 	unnamed Rect: pos = array([ 108.99943836, -178.5605216 ])
20.0933 	EXP 	unnamed Rect: pos = array([ 108.99943836, -178.5605216 ])
20.1103 	EXP 	unnamed Rect: pos = array([ 108.99943836, -178.5605216 ])
20.1269 	EXP 	unnamed Rect: pos = array([ 108.99943836, -178.5605216 ])
20.1439 	EXP 	unnamed Rect: pos = array([ 108.99943836, -178.5605216 ])
20.1605 	EXP 	unnamed Rect: pos = array([ 108.99943836, -178.5605216 ])
20.1615 	DATA 	Keypress: left
20.1770 	EXP 	unnamed Rect: pos = array([  98.99943836, -178.5605216 ])
20.1937 	EXP 	unnamed Rect: pos = array([  98.99943836, -178.5605216 ])
20.2102 	EXP 	unnamed Rect: pos = array([  98.99943836, -178.5605216 ])
20.2273 	EXP 	unnamed Rect: pos = array([  98.99943836, -178.5605216 ])
20.2437 	EXP 	unnamed Rect: pos = array([  98.99943836, -178.5605216 ])
20.2608 	EXP 	unnamed Rect: pos = array([  98.99943836, -178.5605216 ])
20.2772 	EXP 	unnamed Rect: pos = array([  98.99943836, -178.5605216 ])
20.2943 	EXP 	unnamed Rect: pos = array([  98.99943836, -178.5605216 ])
20.2951 	DATA 	Keypress: up
20.3101 	EXP 	unnamed Rect: pos = array([  98.99943836, -168.5605216 ])
20.3269 	EXP 	unnamed Rect: pos = array([  98.99943836, -168.5605216 ])
20.3436 	EXP 	unnamed Rect: pos = array([  98.99943836, -168.5605216 ])
20.3603 	EXP 	unnamed Rect: pos = array([  98.99943836, -168.5605216 ])
20.3772 	EXP 	unnamed Rect: pos = array([  98.99943836, -168.5605216 ])
20.3934 	EXP 	unnamed Rect: pos = array([  98.99943836, -168.5605216 ])
20.4102 	EXP 	unnamed Rect: pos = array([  98.99943836, -168.5605216 ])
20.4270 	EXP 	unnamed Rect: pos = array([  98.99943836, -168.5605216 ])
20.4437 	EXP 	unnamed Rect: pos = array([  98.99943836, -168.5605216 ])
20.4604 	EXP 	unnamed Rect: pos = array([  98.99943836, -168.5605216 ])
20.4772 	EXP 	unnamed Rect: pos = array([  98.99943836, -168.5605216 ])
20.4780 	DATA 	Keypress: up
20.4937 	EXP 	unnamed Rect: pos = array([  98.99943836, -158.5605216 ])
20.5103 	EXP 	unnamed Rect: pos = array([  98.99943836, -158.5605216 ])
20.5272 	EXP 	unnamed Rect: pos = array([  98.99943836, -158.5605216 ])
20.5442 	EXP 	unnamed Rect: pos = array([  98.99943836, -158.5605216 ])
20.5600 	EXP 	unnamed Rect: pos = array([  98.99943836, -158.5605216 ])
20.5767 	EXP 	unnamed Rect: pos = array([  98.99943836, -158.5605216 ])
20.5934 	EXP 	unnamed Rect: pos = array([  98.99943836, -158.5605216 ])
20.6105 	EXP 	unnamed Rect: pos = array([  98.99943836, -158.5605216 ])
20.6268 	EXP 	unnamed Rect: pos = array([  98.99943836, -158.5605216 ])
20.6305 	DATA 	Keypress: up
20.6443 	EXP 	unnamed Rect: pos = array([  98.99943836, -158.5605216 ])
20.6602 	EXP 	unnamed Rect: pos = array([  98.99943836, -148.5605216 ])
20.6767 	EXP 	unnamed Rect: pos = array([  98.99943836, -148.5605216 ])
20.6939 	EXP 	unnamed Rect: pos = array([  98.99943836, -148.5605216 ])
20.7101 	EXP 	unnamed Rect: pos = array([  98.99943836, -148.5605216 ])
20.7271 	EXP 	unnamed Rect: pos = array([  98.99943836, -148.5605216 ])
20.7433 	EXP 	unnamed Rect: pos = array([  98.99943836, -148.5605216 ])
20.7603 	EXP 	unnamed Rect: pos = array([  98.99943836, -148.5605216 ])
20.7767 	EXP 	unnamed Rect: pos = array([  98.99943836, -148.5605216 ])
20.7936 	EXP 	unnamed Rect: pos = array([  98.99943836, -148.5605216 ])
20.8109 	EXP 	unnamed Rect: pos = array([  98.99943836, -148.5605216 ])
20.8118 	DATA 	Keypress: up
20.8267 	EXP 	unnamed Rect: pos = array([  98.99943836, -138.5605216 ])
20.8434 	EXP 	unnamed Rect: pos = array([  98.99943836, -138.5605216 ])
20.8609 	EXP 	unnamed Rect: pos = array([  98.99943836, -138.5605216 ])
20.8765 	EXP 	unnamed Rect: pos = array([  98.99943836, -138.5605216 ])
20.8932 	EXP 	unnamed Rect: pos = array([  98.99943836, -138.5605216 ])
20.9103 	EXP 	unnamed Rect: pos = array([  98.99943836, -138.5605216 ])
20.9271 	EXP 	unnamed Rect: pos = array([  98.99943836, -138.5605216 ])
20.9279 	DATA 	Keypress: left
20.9439 	EXP 	unnamed Rect: pos = array([  88.99943836, -138.5605216 ])
20.9603 	EXP 	unnamed Rect: pos = array([  88.99943836, -138.5605216 ])
20.9767 	EXP 	unnamed Rect: pos = array([  88.99943836, -138.5605216 ])
20.9933 	EXP 	unnamed Rect: pos = array([  88.99943836, -138.5605216 ])
21.0104 	EXP 	unnamed Rect: pos = array([  88.99943836, -138.5605216 ])
21.0272 	EXP 	unnamed Rect: pos = array([  88.99943836, -138.5605216 ])
21.0434 	EXP 	unnamed Rect: pos = array([  88.99943836, -138.5605216 ])
21.0600 	EXP 	unnamed Rect: pos = array([  88.99943836, -138.5605216 ])
21.0769 	EXP 	unnamed Rect: pos = array([  88.99943836, -138.5605216 ])
21.0939 	EXP 	unnamed Rect: pos = array([  88.99943836, -138.5605216 ])
21.0949 	DATA 	Keypress: left
21.1111 	EXP 	unnamed Rect: pos = array([  78.99943836, -138.5605216 ])
21.1271 	EXP 	unnamed Rect: pos = array([  78.99943836, -138.5605216 ])
21.1434 	EXP 	unnamed Rect: pos = array([  78.99943836, -138.5605216 ])
21.1603 	EXP 	unnamed Rect: pos = array([  78.99943836, -138.5605216 ])
21.1772 	EXP 	unnamed Rect: pos = array([  78.99943836, -138.5605216 ])
21.1945 	EXP 	unnamed Rect: pos = array([  78.99943836, -138.5605216 ])
21.2100 	EXP 	unnamed Rect: pos = array([  78.99943836, -138.5605216 ])
21.2275 	EXP 	unnamed Rect: pos = array([  78.99943836, -138.5605216 ])
21.2284 	DATA 	Keypress: up
21.2435 	EXP 	unnamed Rect: pos = array([  78.99943836, -128.5605216 ])
21.2601 	EXP 	unnamed Rect: pos = array([  78.99943836, -128.5605216 ])
21.2773 	EXP 	unnamed Rect: pos = array([  78.99943836, -128.5605216 ])
21.2936 	EXP 	unnamed Rect: pos = array([  78.99943836, -128.5605216 ])
21.3106 	EXP 	unnamed Rect: pos = array([  78.99943836, -128.5605216 ])
21.3276 	EXP 	unnamed Rect: pos = array([  78.99943836, -128.5605216 ])
21.3433 	EXP 	unnamed Rect: pos = array([  78.99943836, -128.5605216 ])
21.3600 	EXP 	unnamed Rect: pos = array([  78.99943836, -128.5605216 ])
21.3768 	EXP 	unnamed Rect: pos = array([  78.99943836, -128.5605216 ])
21.3936 	EXP 	unnamed Rect: pos = array([  78.99943836, -128.5605216 ])
21.4103 	EXP 	unnamed Rect: pos = array([  78.99943836, -128.5605216 ])
21.4271 	EXP 	unnamed Rect: pos = array([  78.99943836, -128.5605216 ])
21.4443 	EXP 	unnamed Rect: pos = array([  78.99943836, -128.5605216 ])
21.4451 	DATA 	Keypress: up
21.4600 	EXP 	unnamed Rect: pos = array([  78.99943836, -118.5605216 ])
21.4775 	EXP 	unnamed Rect: pos = array([  78.99943836, -118.5605216 ])
21.4933 	EXP 	unnamed Rect: pos = array([  78.99943836, -118.5605216 ])
21.5099 	EXP 	unnamed Rect: pos = array([  78.99943836, -118.5605216 ])
21.5267 	EXP 	unnamed Rect: pos = array([  78.99943836, -118.5605216 ])
21.5434 	EXP 	unnamed Rect: pos = array([  78.99943836, -118.5605216 ])
21.5601 	EXP 	unnamed Rect: pos = array([  78.99943836, -118.5605216 ])
21.5767 	EXP 	unnamed Rect: pos = array([  78.99943836, -118.5605216 ])
21.5809 	DATA 	Keypress: up
21.5946 	EXP 	unnamed Rect: pos = array([  78.99943836, -118.5605216 ])
21.6112 	EXP 	unnamed Rect: pos = array([  78.99943836, -108.5605216 ])
21.6317 	EXP 	unnamed Rect: pos = array([  78.99943836, -108.5605216 ])
21.6429 	EXP 	unnamed Rect: pos = array([  78.99943836, -108.5605216 ])
21.6606 	EXP 	unnamed Rect: pos = array([  78.99943836, -108.5605216 ])
21.6771 	EXP 	unnamed Rect: pos = array([  78.99943836, -108.5605216 ])
21.6780 	DATA 	Keypress: left
21.6938 	EXP 	unnamed Rect: pos = array([  68.99943836, -108.5605216 ])
21.7094 	EXP 	unnamed Rect: pos = array([  68.99943836, -108.5605216 ])
21.7263 	EXP 	unnamed Rect: pos = array([  68.99943836, -108.5605216 ])
21.7430 	EXP 	unnamed Rect: pos = array([  68.99943836, -108.5605216 ])
21.7594 	EXP 	unnamed Rect: pos = array([  68.99943836, -108.5605216 ])
21.7761 	EXP 	unnamed Rect: pos = array([  68.99943836, -108.5605216 ])
21.7926 	EXP 	unnamed Rect: pos = array([  68.99943836, -108.5605216 ])
21.8095 	EXP 	unnamed Rect: pos = array([  68.99943836, -108.5605216 ])
21.8263 	EXP 	unnamed Rect: pos = array([  68.99943836, -108.5605216 ])
21.8269 	DATA 	Keypress: up
21.8426 	EXP 	unnamed Rect: pos = array([ 68.99943836, -98.5605216 ])
21.8594 	EXP 	unnamed Rect: pos = array([ 68.99943836, -98.5605216 ])
21.8760 	EXP 	unnamed Rect: pos = array([ 68.99943836, -98.5605216 ])
21.8926 	EXP 	unnamed Rect: pos = array([ 68.99943836, -98.5605216 ])
21.9099 	EXP 	unnamed Rect: pos = array([ 68.99943836, -98.5605216 ])
21.9267 	EXP 	unnamed Rect: pos = array([ 68.99943836, -98.5605216 ])
21.9428 	EXP 	unnamed Rect: pos = array([ 68.99943836, -98.5605216 ])
21.9596 	EXP 	unnamed Rect: pos = array([ 68.99943836, -98.5605216 ])
21.9761 	EXP 	unnamed Rect: pos = array([ 68.99943836, -98.5605216 ])
21.9926 	EXP 	unnamed Rect: pos = array([ 68.99943836, -98.5605216 ])
22.0098 	EXP 	unnamed Rect: pos = array([ 68.99943836, -98.5605216 ])
22.0269 	EXP 	unnamed Rect: pos = array([ 68.99943836, -98.5605216 ])
22.0275 	DATA 	Keypress: up
22.0429 	EXP 	unnamed Rect: pos = array([ 68.99943836, -88.5605216 ])
22.0593 	EXP 	unnamed Rect: pos = array([ 68.99943836, -88.5605216 ])
22.0768 	EXP 	unnamed Rect: pos = array([ 68.99943836, -88.5605216 ])
22.0932 	EXP 	unnamed Rect: pos = array([ 68.99943836, -88.5605216 ])
22.1094 	EXP 	unnamed Rect: pos = array([ 68.99943836, -88.5605216 ])
22.1264 	EXP 	unnamed Rect: pos = array([ 68.99943836, -88.5605216 ])
22.1432 	EXP 	unnamed Rect: pos = array([ 68.99943836, -88.5605216 ])
22.1600 	EXP 	unnamed Rect: pos = array([ 68.99943836, -88.5605216 ])
22.1606 	DATA 	Keypress: left
22.1761 	EXP 	unnamed Rect: pos = array([ 58.99943836, -88.5605216 ])
22.1927 	EXP 	unnamed Rect: pos = array([ 58.99943836, -88.5605216 ])
22.2093 	EXP 	unnamed Rect: pos = array([ 58.99943836, -88.5605216 ])
22.2265 	EXP 	unnamed Rect: pos = array([ 58.99943836, -88.5605216 ])
22.2431 	EXP 	unnamed Rect: pos = array([ 58.99943836, -88.5605216 ])
22.2594 	EXP 	unnamed Rect: pos = array([ 58.99943836, -88.5605216 ])
22.2761 	EXP 	unnamed Rect: pos = array([ 58.99943836, -88.5605216 ])
22.2935 	EXP 	unnamed Rect: pos = array([ 58.99943836, -88.5605216 ])
22.2941 	DATA 	Keypress: up
22.3097 	EXP 	unnamed Rect: pos = array([ 58.99943836, -78.5605216 ])
22.3261 	EXP 	unnamed Rect: pos = array([ 58.99943836, -78.5605216 ])
22.3434 	EXP 	unnamed Rect: pos = array([ 58.99943836, -78.5605216 ])
22.3599 	EXP 	unnamed Rect: pos = array([ 58.99943836, -78.5605216 ])
22.3765 	EXP 	unnamed Rect: pos = array([ 58.99943836, -78.5605216 ])
22.3938 	EXP 	unnamed Rect: pos = array([ 58.99943836, -78.5605216 ])
22.4094 	EXP 	unnamed Rect: pos = array([ 58.99943836, -78.5605216 ])
22.4261 	EXP 	unnamed Rect: pos = array([ 58.99943836, -78.5605216 ])
22.4427 	EXP 	unnamed Rect: pos = array([ 58.99943836, -78.5605216 ])
22.4598 	EXP 	unnamed Rect: pos = array([ 58.99943836, -78.5605216 ])
22.4760 	EXP 	unnamed Rect: pos = array([ 58.99943836, -78.5605216 ])
22.4932 	EXP 	unnamed Rect: pos = array([ 58.99943836, -78.5605216 ])
22.5102 	EXP 	unnamed Rect: pos = array([ 58.99943836, -78.5605216 ])
22.5109 	DATA 	Keypress: up
22.5267 	EXP 	unnamed Rect: pos = array([ 58.99943836, -68.5605216 ])
22.5430 	EXP 	unnamed Rect: pos = array([ 58.99943836, -68.5605216 ])
22.5600 	EXP 	unnamed Rect: pos = array([ 58.99943836, -68.5605216 ])
22.5768 	EXP 	unnamed Rect: pos = array([ 58.99943836, -68.5605216 ])
22.5937 	EXP 	unnamed Rect: pos = array([ 58.99943836, -68.5605216 ])
22.5943 	DATA 	Keypress: left
22.6101 	EXP 	unnamed Rect: pos = array([ 48.99943836, -68.5605216 ])
22.6266 	EXP 	unnamed Rect: pos = array([ 48.99943836, -68.5605216 ])
22.6429 	EXP 	unnamed Rect: pos = array([ 48.99943836, -68.5605216 ])
22.6599 	EXP 	unnamed Rect: pos = array([ 48.99943836, -68.5605216 ])
22.6769 	EXP 	unnamed Rect: pos = array([ 48.99943836, -68.5605216 ])
22.6931 	EXP 	unnamed Rect: pos = array([ 48.99943836, -68.5605216 ])
22.7100 	EXP 	unnamed Rect: pos = array([ 48.99943836, -68.5605216 ])
22.7106 	DATA 	Keypress: up
22.7262 	EXP 	unnamed Rect: pos = array([ 48.99943836, -58.5605216 ])
22.7426 	EXP 	unnamed Rect: pos = array([ 48.99943836, -58.5605216 ])
22.7597 	EXP 	unnamed Rect: pos = array([ 48.99943836, -58.5605216 ])
22.7766 	EXP 	unnamed Rect: pos = array([ 48.99943836, -58.5605216 ])
22.7926 	EXP 	unnamed Rect: pos = array([ 48.99943836, -58.5605216 ])
22.8098 	EXP 	unnamed Rect: pos = array([ 48.99943836, -58.5605216 ])
22.8265 	EXP 	unnamed Rect: pos = array([ 48.99943836, -58.5605216 ])
22.8271 	DATA 	Keypress: left
22.8426 	EXP 	unnamed Rect: pos = array([ 38.99943836, -58.5605216 ])
22.8593 	EXP 	unnamed Rect: pos = array([ 38.99943836, -58.5605216 ])
22.8759 	EXP 	unnamed Rect: pos = array([ 38.99943836, -58.5605216 ])
22.8928 	EXP 	unnamed Rect: pos = array([ 38.99943836, -58.5605216 ])
22.9097 	EXP 	unnamed Rect: pos = array([ 38.99943836, -58.5605216 ])
22.9268 	EXP 	unnamed Rect: pos = array([ 38.99943836, -58.5605216 ])
22.9273 	DATA 	Keypress: up
22.9427 	EXP 	unnamed Rect: pos = array([ 38.99943836, -48.5605216 ])
22.9598 	EXP 	unnamed Rect: pos = array([ 38.99943836, -48.5605216 ])
22.9767 	EXP 	unnamed Rect: pos = array([ 38.99943836, -48.5605216 ])
22.9931 	EXP 	unnamed Rect: pos = array([ 38.99943836, -48.5605216 ])
23.0098 	EXP 	unnamed Rect: pos = array([ 38.99943836, -48.5605216 ])
23.0262 	EXP 	unnamed Rect: pos = array([ 38.99943836, -48.5605216 ])
23.0267 	DATA 	Keypress: left
23.0427 	EXP 	unnamed Rect: pos = array([ 28.99943836, -48.5605216 ])
23.0593 	EXP 	unnamed Rect: pos = array([ 28.99943836, -48.5605216 ])
23.0764 	EXP 	unnamed Rect: pos = array([ 28.99943836, -48.5605216 ])
23.0935 	EXP 	unnamed Rect: pos = array([ 28.99943836, -48.5605216 ])
23.1094 	EXP 	unnamed Rect: pos = array([ 28.99943836, -48.5605216 ])
23.1263 	EXP 	unnamed Rect: pos = array([ 28.99943836, -48.5605216 ])
23.1431 	EXP 	unnamed Rect: pos = array([ 28.99943836, -48.5605216 ])
23.1598 	EXP 	unnamed Rect: pos = array([ 28.99943836, -48.5605216 ])
23.1604 	DATA 	Keypress: up
23.1760 	EXP 	unnamed Rect: pos = array([ 28.99943836, -38.5605216 ])
23.1930 	EXP 	unnamed Rect: pos = array([ 28.99943836, -38.5605216 ])
23.2098 	EXP 	unnamed Rect: pos = array([ 28.99943836, -38.5605216 ])
23.2263 	EXP 	unnamed Rect: pos = array([ 28.99943836, -38.5605216 ])
23.2429 	EXP 	unnamed Rect: pos = array([ 28.99943836, -38.5605216 ])
23.2597 	EXP 	unnamed Rect: pos = array([ 28.99943836, -38.5605216 ])
23.2764 	EXP 	unnamed Rect: pos = array([ 28.99943836, -38.5605216 ])
23.2927 	EXP 	unnamed Rect: pos = array([ 28.99943836, -38.5605216 ])
23.3093 	EXP 	unnamed Rect: pos = array([ 28.99943836, -38.5605216 ])
23.3260 	EXP 	unnamed Rect: pos = array([ 28.99943836, -38.5605216 ])
23.3428 	EXP 	unnamed Rect: pos = array([ 28.99943836, -38.5605216 ])
23.3594 	EXP 	unnamed Rect: pos = array([ 28.99943836, -38.5605216 ])
23.3760 	EXP 	unnamed Rect: pos = array([ 28.99943836, -38.5605216 ])
23.3927 	EXP 	unnamed Rect: pos = array([ 28.99943836, -38.5605216 ])
23.3933 	DATA 	Keypress: up
23.4093 	EXP 	unnamed Rect: pos = array([ 28.99943836, -28.5605216 ])
23.4267 	EXP 	unnamed Rect: pos = array([ 28.99943836, -28.5605216 ])
23.4427 	EXP 	unnamed Rect: pos = array([ 28.99943836, -28.5605216 ])
23.4595 	EXP 	unnamed Rect: pos = array([ 28.99943836, -28.5605216 ])
23.4762 	EXP 	unnamed Rect: pos = array([ 28.99943836, -28.5605216 ])
23.4932 	EXP 	unnamed Rect: pos = array([ 28.99943836, -28.5605216 ])
23.4937 	DATA 	Keypress: left
23.5096 	EXP 	unnamed Rect: pos = array([ 18.99943836, -28.5605216 ])
23.5261 	EXP 	unnamed Rect: pos = array([ 18.99943836, -28.5605216 ])
23.5431 	EXP 	unnamed Rect: pos = array([ 18.99943836, -28.5605216 ])
23.5602 	EXP 	unnamed Rect: pos = array([ 18.99943836, -28.5605216 ])
23.5765 	EXP 	unnamed Rect: pos = array([ 18.99943836, -28.5605216 ])
23.5771 	DATA 	Keypress: up
23.5927 	EXP 	unnamed Rect: pos = array([ 18.99943836, -18.5605216 ])
23.6099 	EXP 	unnamed Rect: pos = array([ 18.99943836, -18.5605216 ])
23.6260 	EXP 	unnamed Rect: pos = array([ 18.99943836, -18.5605216 ])
23.6427 	EXP 	unnamed Rect: pos = array([ 18.99943836, -18.5605216 ])
23.6593 	EXP 	unnamed Rect: pos = array([ 18.99943836, -18.5605216 ])
23.6764 	EXP 	unnamed Rect: pos = array([ 18.99943836, -18.5605216 ])
23.6771 	DATA 	Keypress: left
23.6932 	EXP 	unnamed Rect: pos = array([  8.99943836, -18.5605216 ])
23.7094 	EXP 	unnamed Rect: pos = array([  8.99943836, -18.5605216 ])
23.7261 	EXP 	unnamed Rect: pos = array([  8.99943836, -18.5605216 ])
23.7426 	EXP 	unnamed Rect: pos = array([  8.99943836, -18.5605216 ])
23.7602 	EXP 	unnamed Rect: pos = array([  8.99943836, -18.5605216 ])
23.7761 	EXP 	unnamed Rect: pos = array([  8.99943836, -18.5605216 ])
23.7927 	EXP 	unnamed Rect: pos = array([  8.99943836, -18.5605216 ])
23.8093 	EXP 	unnamed Rect: pos = array([  8.99943836, -18.5605216 ])
23.8260 	EXP 	unnamed Rect: pos = array([  8.99943836, -18.5605216 ])
23.8426 	EXP 	unnamed Rect: pos = array([  8.99943836, -18.5605216 ])
23.8595 	EXP 	unnamed Rect: pos = array([  8.99943836, -18.5605216 ])
23.8768 	EXP 	unnamed Rect: pos = array([  8.99943836, -18.5605216 ])
23.8774 	DATA 	Keypress: left
23.8936 	EXP 	unnamed Rect: pos = array([ -1.00056164, -18.5605216 ])
23.9104 	EXP 	unnamed Rect: pos = array([ -1.00056164, -18.5605216 ])
23.9265 	EXP 	unnamed Rect: pos = array([ -1.00056164, -18.5605216 ])
23.9430 	EXP 	unnamed Rect: pos = array([ -1.00056164, -18.5605216 ])
23.9603 	EXP 	unnamed Rect: pos = array([ -1.00056164, -18.5605216 ])
23.9766 	EXP 	unnamed Rect: pos = array([ -1.00056164, -18.5605216 ])
23.9773 	DATA 	Keypress: up
23.9965 	EXP 	unnamed Rect: pos = array([-1.00056164, -8.5605216 ])
24.0097 	EXP 	unnamed Rect: pos = array([-1.00056164, -8.5605216 ])
24.0262 	EXP 	unnamed Rect: pos = array([-1.00056164, -8.5605216 ])
24.0430 	EXP 	unnamed Rect: pos = array([-1.00056164, -8.5605216 ])
24.0600 	EXP 	unnamed Rect: pos = array([-1.00056164, -8.5605216 ])
24.0763 	EXP 	unnamed Rect: pos = array([-1.00056164, -8.5605216 ])
24.0787 	DATA 	Keypress: left
24.0937 	EXP 	unnamed Rect: pos = array([-1.00056164, -8.5605216 ])
24.1101 	EXP 	unnamed Rect: pos = array([-11.00056164,  -8.5605216 ])
24.1266 	EXP 	unnamed Rect: pos = array([-11.00056164,  -8.5605216 ])
24.1434 	EXP 	unnamed Rect: pos = array([-11.00056164,  -8.5605216 ])
24.1598 	EXP 	unnamed Rect: pos = array([-11.00056164,  -8.5605216 ])
24.1604 	DATA 	Keypress: up
24.1765 	EXP 	unnamed Rect: pos = array([-11.00056164,   1.4394784 ])
24.1931 	EXP 	unnamed Rect: pos = array([-11.00056164,   1.4394784 ])
24.2095 	EXP 	unnamed Rect: pos = array([-11.00056164,   1.4394784 ])
24.2262 	EXP 	unnamed Rect: pos = array([-11.00056164,   1.4394784 ])
24.2432 	EXP 	unnamed Rect: pos = array([-11.00056164,   1.4394784 ])
24.2596 	EXP 	text: autoDraw = True
24.2784 	DATA 	Keypress: left
24.3776 	DATA 	Keypress: up
24.4778 	DATA 	Keypress: left
24.5939 	DATA 	Keypress: up
27.2446 	EXP 	New trial (rep=1, index=0): None
27.2492 	DATA 	Keypress: space
27.2609 	EXP 	text: autoDraw = False
27.2609 	EXP 	text: autoDraw = False
27.2609 	EXP 	Welcometext: autoDraw = True
30.3808 	EXP 	Created unnamed Rect = Rect(__class__=<class 'psychopy.visual.rect.Rect'>, autoDraw=False, autoLog=True, closeShape=True, color=method-wrapper(...), colorSpace='rgb', contrast=None, depth=0, fillColor=array([ 1, -1, -1]), fillColorSpace='rgb', fillRGB=array([ 1, -1, -1]), interpolate=True, lineColor=array([-1., -1.,  1.]), lineColorSpace='rgb', lineRGB=array([-1, -1,  1]), lineWidth=1.5, name='unnamed Rect', opacity=1, ori=0.0, pos=array([0., 0.]), size=array([1000.,  700.]), units='pix', vertices=ndarray(...), win=Window(...))
30.3834 	EXP 	Created unnamed Rect = Rect(__class__=<class 'psychopy.visual.rect.Rect'>, autoDraw=False, autoLog=True, closeShape=True, color=method-wrapper(...), colorSpace='rgb', contrast=None, depth=0, fillColor=array([-1, -1, -1]), fillColorSpace='rgb', fillRGB=array([-1, -1, -1]), interpolate=True, lineColor=array([-1., -1.,  1.]), lineColorSpace='rgb', lineRGB=array([-1, -1,  1]), lineWidth=1.5, name='unnamed Rect', opacity=1, ori=0.0, pos=array([0., 0.]), size=array([400., 600.]), units='pix', vertices=ndarray(...), win=Window(...))
30.3860 	EXP 	Created unnamed Rect = Rect(__class__=<class 'psychopy.visual.rect.Rect'>, autoDraw=False, autoLog=True, closeShape=True, color=method-wrapper(...), colorSpace='rgb', contrast=None, depth=0, fillColor=array([-1, -1, -1]), fillColorSpace='rgb', fillRGB=array([-1, -1, -1]), interpolate=True, lineColor=array([-1., -1.,  1.]), lineColorSpace='rgb', lineRGB=array([-1, -1,  1]), lineWidth=1.5, name='unnamed Rect', opacity=1, ori=0.0, pos=array([0., 0.]), size=array([400., 600.]), units='pix', vertices=ndarray(...), win=Window(...))
30.3895 	EXP 	Created unnamed Rect = Rect(__class__=<class 'psychopy.visual.rect.Rect'>, autoDraw=False, autoLog=True, closeShape=True, color=method-wrapper(...), colorSpace='rgb', contrast=None, depth=0, fillColor=array([ 1,  1, -1]), fillColorSpace='rgb', fillRGB=array([ 1,  1, -1]), interpolate=True, lineColor=array([0., 0., 0.]), lineColorSpace='rgb', lineRGB=array([0, 0, 0]), lineWidth=1.5, name='unnamed Rect', opacity=0.5, ori=0.0, pos=array([0., 0.]), size=array([30., 30.]), units='pix', vertices=ndarray(...), win=Window(...))
30.3924 	EXP 	Created unnamed Rect = Rect(__class__=<class 'psychopy.visual.rect.Rect'>, autoDraw=False, autoLog=True, closeShape=True, color=method-wrapper(...), colorSpace='rgb', contrast=None, depth=0, fillColor=array([ 1,  1, -1]), fillColorSpace='rgb', fillRGB=array([ 1,  1, -1]), interpolate=True, lineColor=array([0., 0., 0.]), lineColorSpace='rgb', lineRGB=array([0, 0, 0]), lineWidth=1.5, name='unnamed Rect', opacity=0.5, ori=0.0, pos=array([0., 0.]), size=array([30., 30.]), units='pix', vertices=ndarray(...), win=Window(...))
30.3952 	EXP 	Created unnamed Rect = Rect(__class__=<class 'psychopy.visual.rect.Rect'>, autoDraw=False, autoLog=True, closeShape=True, color=method-wrapper(...), colorSpace='rgb', contrast=None, depth=0, fillColor=array([ 1,  1, -1]), fillColorSpace='rgb', fillRGB=array([ 1,  1, -1]), interpolate=True, lineColor=array([0., 0., 0.]), lineColorSpace='rgb', lineRGB=array([0, 0, 0]), lineWidth=1.5, name='unnamed Rect', opacity=0.5, ori=0.0, pos=array([0., 0.]), size=array([30., 30.]), units='pix', vertices=ndarray(...), win=Window(...))
30.3980 	EXP 	Created unnamed Rect = Rect(__class__=<class 'psychopy.visual.rect.Rect'>, autoDraw=False, autoLog=True, closeShape=True, color=method-wrapper(...), colorSpace='rgb', contrast=None, depth=0, fillColor=array([ 1,  1, -1]), fillColorSpace='rgb', fillRGB=array([ 1,  1, -1]), interpolate=True, lineColor=array([0., 0., 0.]), lineColorSpace='rgb', lineRGB=array([0, 0, 0]), lineWidth=1.5, name='unnamed Rect', opacity=0.5, ori=0.0, pos=array([0., 0.]), size=array([30., 30.]), units='pix', vertices=ndarray(...), win=Window(...))
30.4007 	EXP 	Created unnamed Rect = Rect(__class__=<class 'psychopy.visual.rect.Rect'>, autoDraw=False, autoLog=True, closeShape=True, color=method-wrapper(...), colorSpace='rgb', contrast=None, depth=0, fillColor=array([ 1,  1, -1]), fillColorSpace='rgb', fillRGB=array([ 1,  1, -1]), interpolate=True, lineColor=array([0., 0., 0.]), lineColorSpace='rgb', lineRGB=array([0, 0, 0]), lineWidth=1.5, name='unnamed Rect', opacity=0.5, ori=0.0, pos=array([0., 0.]), size=array([30., 30.]), units='pix', vertices=ndarray(...), win=Window(...))
30.4032 	EXP 	Created unnamed Rect = Rect(__class__=<class 'psychopy.visual.rect.Rect'>, autoDraw=False, autoLog=True, closeShape=True, color=method-wrapper(...), colorSpace='rgb', contrast=None, depth=0, fillColor=array([ 1,  1, -1]), fillColorSpace='rgb', fillRGB=array([ 1,  1, -1]), interpolate=True, lineColor=array([0., 0., 0.]), lineColorSpace='rgb', lineRGB=array([0, 0, 0]), lineWidth=1.5, name='unnamed Rect', opacity=0.5, ori=0.0, pos=array([0., 0.]), size=array([30., 30.]), units='pix', vertices=ndarray(...), win=Window(...))
30.4055 	EXP 	Created unnamed Rect = Rect(__class__=<class 'psychopy.visual.rect.Rect'>, autoDraw=False, autoLog=True, closeShape=True, color=method-wrapper(...), colorSpace='rgb', contrast=None, depth=0, fillColor=array([ 1,  1, -1]), fillColorSpace='rgb', fillRGB=array([ 1,  1, -1]), interpolate=True, lineColor=array([0., 0., 0.]), lineColorSpace='rgb', lineRGB=array([0, 0, 0]), lineWidth=1.5, name='unnamed Rect', opacity=0.5, ori=0.0, pos=array([0., 0.]), size=array([30., 30.]), units='pix', vertices=ndarray(...), win=Window(...))
30.4378 	EXP 	Created unnamed ImageStim = ImageStim(__class__=<class 'psychopy.visual.image.ImageStim'>, autoLog=True, color=array([1., 1., 1.]), colorSpace='rgb', contrast=1.0, depth=0, flipHoriz=False, flipVert=False, image='tree.png', interpolate=False, mask=None, maskParams=None, name='unnamed ImageStim', opacity=1, ori=0.0, pos=array([0., 0.]), size=array([512, 512]), texRes=128, units='pix', win=Window(...))
30.4599 	EXP 	Created unnamed ImageStim = ImageStim(__class__=<class 'psychopy.visual.image.ImageStim'>, autoLog=True, color=array([1., 1., 1.]), colorSpace='rgb', contrast=1.0, depth=0, flipHoriz=False, flipVert=False, image='tree.png', interpolate=False, mask=None, maskParams=None, name='unnamed ImageStim', opacity=1, ori=0.0, pos=array([0., 0.]), size=array([512, 512]), texRes=128, units='pix', win=Window(...))
30.4788 	EXP 	Created unnamed ImageStim = ImageStim(__class__=<class 'psychopy.visual.image.ImageStim'>, autoLog=True, color=array([1., 1., 1.]), colorSpace='rgb', contrast=1.0, depth=0, flipHoriz=False, flipVert=False, image='tree.png', interpolate=False, mask=None, maskParams=None, name='unnamed ImageStim', opacity=1, ori=0.0, pos=array([0., 0.]), size=array([512, 512]), texRes=128, units='pix', win=Window(...))
30.4969 	EXP 	Created unnamed ImageStim = ImageStim(__class__=<class 'psychopy.visual.image.ImageStim'>, autoLog=True, color=array([1., 1., 1.]), colorSpace='rgb', contrast=1.0, depth=0, flipHoriz=False, flipVert=False, image='tree.png', interpolate=False, mask=None, maskParams=None, name='unnamed ImageStim', opacity=1, ori=0.0, pos=array([0., 0.]), size=array([512, 512]), texRes=128, units='pix', win=Window(...))
30.5220 	EXP 	Created unnamed ImageStim = ImageStim(__class__=<class 'psychopy.visual.image.ImageStim'>, autoLog=True, color=array([1., 1., 1.]), colorSpace='rgb', contrast=1.0, depth=0, flipHoriz=False, flipVert=False, image='tree.png', interpolate=False, mask=None, maskParams=None, name='unnamed ImageStim', opacity=1, ori=0.0, pos=array([0., 0.]), size=array([512, 512]), texRes=128, units='pix', win=Window(...))
30.5402 	EXP 	Created unnamed ImageStim = ImageStim(__class__=<class 'psychopy.visual.image.ImageStim'>, autoLog=True, color=array([1., 1., 1.]), colorSpace='rgb', contrast=1.0, depth=0, flipHoriz=False, flipVert=False, image='tree.png', interpolate=False, mask=None, maskParams=None, name='unnamed ImageStim', opacity=1, ori=0.0, pos=array([0., 0.]), size=array([512, 512]), texRes=128, units='pix', win=Window(...))
30.5578 	EXP 	Created unnamed ImageStim = ImageStim(__class__=<class 'psychopy.visual.image.ImageStim'>, autoLog=True, color=array([1., 1., 1.]), colorSpace='rgb', contrast=1.0, depth=0, flipHoriz=False, flipVert=False, image='tree.png', interpolate=False, mask=None, maskParams=None, name='unnamed ImageStim', opacity=1, ori=0.0, pos=array([0., 0.]), size=array([512, 512]), texRes=128, units='pix', win=Window(...))
30.5752 	EXP 	Created unnamed ImageStim = ImageStim(__class__=<class 'psychopy.visual.image.ImageStim'>, autoLog=True, color=array([1., 1., 1.]), colorSpace='rgb', contrast=1.0, depth=0, flipHoriz=False, flipVert=False, image='tree.png', interpolate=False, mask=None, maskParams=None, name='unnamed ImageStim', opacity=1, ori=0.0, pos=array([0., 0.]), size=array([512, 512]), texRes=128, units='pix', win=Window(...))
30.5925 	EXP 	Created unnamed ImageStim = ImageStim(__class__=<class 'psychopy.visual.image.ImageStim'>, autoLog=True, color=array([1., 1., 1.]), colorSpace='rgb', contrast=1.0, depth=0, flipHoriz=False, flipVert=False, image='tree.png', interpolate=False, mask=None, maskParams=None, name='unnamed ImageStim', opacity=1, ori=0.0, pos=array([0., 0.]), size=array([512, 512]), texRes=128, units='pix', win=Window(...))
30.6100 	EXP 	Created unnamed ImageStim = ImageStim(__class__=<class 'psychopy.visual.image.ImageStim'>, autoLog=True, color=array([1., 1., 1.]), colorSpace='rgb', contrast=1.0, depth=0, flipHoriz=False, flipVert=False, image='tree.png', interpolate=False, mask=None, maskParams=None, name='unnamed ImageStim', opacity=1, ori=0.0, pos=array([0., 0.]), size=array([512, 512]), texRes=128, units='pix', win=Window(...))
30.6274 	EXP 	Created unnamed ImageStim = ImageStim(__class__=<class 'psychopy.visual.image.ImageStim'>, autoLog=True, color=array([1., 1., 1.]), colorSpace='rgb', contrast=1.0, depth=0, flipHoriz=False, flipVert=False, image='tree.png', interpolate=False, mask=None, maskParams=None, name='unnamed ImageStim', opacity=1, ori=0.0, pos=array([0., 0.]), size=array([512, 512]), texRes=128, units='pix', win=Window(...))
30.6447 	EXP 	Created unnamed ImageStim = ImageStim(__class__=<class 'psychopy.visual.image.ImageStim'>, autoLog=True, color=array([1., 1., 1.]), colorSpace='rgb', contrast=1.0, depth=0, flipHoriz=False, flipVert=False, image='tree.png', interpolate=False, mask=None, maskParams=None, name='unnamed ImageStim', opacity=1, ori=0.0, pos=array([0., 0.]), size=array([512, 512]), texRes=128, units='pix', win=Window(...))
30.6509 	DATA 	Keypress: space
30.6569 	EXP 	Welcometext: autoDraw = False
30.6569 	EXP 	unnamed Rect: pos = [-250, 0]
30.6569 	EXP 	unnamed Rect: pos = [250, 0]
30.6569 	EXP 	unnamed Rect: pos = [-168.63718088653422, 228.57054769784077]
30.6569 	EXP 	unnamed Rect: pos = [-408.911770118589, -187.15280979865736]
30.6569 	EXP 	unnamed Rect: pos = [256.0306058328012, -148.82885064215316]
30.6569 	EXP 	unnamed Rect: pos = [206.06310885828867, -248.4045699846715]
30.6569 	EXP 	unnamed Rect: pos = [152.1875768424186, -108.03225601423556]
30.6569 	EXP 	unnamed Rect: pos = [288.6806033658812, -233.90988037026574]
30.6569 	EXP 	unnamed Rect: pos = [392.46337446864135, -28.974740714397466]
30.6569 	EXP 	unnamed ImageStim: size = [51.2, 51.2]
30.6569 	EXP 	unnamed ImageStim: size = [51.2, 51.2]
30.6569 	EXP 	unnamed ImageStim: size = [51.2, 51.2]
30.6569 	EXP 	unnamed ImageStim: size = [51.2, 51.2]
30.6569 	EXP 	unnamed ImageStim: size = [51.2, 51.2]
30.6569 	EXP 	unnamed ImageStim: size = [51.2, 51.2]
30.6569 	EXP 	unnamed ImageStim: size = [51.2, 51.2]
30.6569 	EXP 	unnamed ImageStim: size = [51.2, 51.2]
30.6569 	EXP 	unnamed ImageStim: size = [51.2, 51.2]
30.6569 	EXP 	unnamed ImageStim: size = [51.2, 51.2]
30.6569 	EXP 	unnamed ImageStim: size = [51.2, 51.2]
30.6569 	EXP 	unnamed ImageStim: size = [51.2, 51.2]
30.6569 	EXP 	unnamed ImageStim: pos = [84.99001078561938, 89.75707065033893]
30.6569 	EXP 	unnamed ImageStim: pos = [-128.67995749028302, 141.95467771755386]
30.6569 	EXP 	unnamed ImageStim: pos = [38.01809457736962, -180.9638519610813]
30.6569 	EXP 	unnamed ImageStim: pos = [131.3078858193941, -5.759944950370701]
30.6569 	EXP 	unnamed ImageStim: pos = [-44.62092389889086, 154.5050367144873]
30.6569 	EXP 	unnamed ImageStim: pos = [58.35210875740438, 85.31077780826645]
30.6569 	EXP 	unnamed ImageStim: pos = [76.27804829659986, 88.77348954512007]
30.6569 	EXP 	unnamed ImageStim: pos = [-76.35633836030216, -183.6065639064332]
30.6569 	EXP 	unnamed ImageStim: pos = [-165.00998921438062, 89.75707065033893]
30.6569 	EXP 	unnamed ImageStim: pos = [334.99001078561935, 89.75707065033893]
30.6569 	EXP 	unnamed ImageStim: pos = [-378.679957490283, 141.95467771755386]
30.6569 	EXP 	unnamed ImageStim: pos = [121.32004250971698, 141.95467771755386]
30.6569 	EXP 	unnamed ImageStim: pos = [-211.98190542263038, -180.9638519610813]
30.6569 	EXP 	unnamed ImageStim: pos = [288.0180945773696, -180.9638519610813]
30.6569 	EXP 	unnamed ImageStim: pos = [-118.6921141806059, -5.759944950370701]
30.6569 	EXP 	unnamed ImageStim: pos = [381.3078858193941, -5.759944950370701]
30.6569 	EXP 	unnamed ImageStim: pos = [-294.62092389889085, 154.5050367144873]
30.6569 	EXP 	unnamed ImageStim: pos = [205.37907610110915, 154.5050367144873]
30.6569 	EXP 	unnamed ImageStim: pos = [-191.64789124259562, 85.31077780826645]
30.6569 	EXP 	unnamed ImageStim: pos = [308.3521087574044, 85.31077780826645]
30.6569 	EXP 	unnamed ImageStim: pos = [-173.72195170340012, 88.77348954512007]
30.6569 	EXP 	unnamed ImageStim: pos = [326.2780482965999, 88.77348954512007]
30.6569 	EXP 	unnamed ImageStim: pos = [-326.3563383603022, -183.6065639064332]
30.6569 	EXP 	unnamed ImageStim: pos = [173.64366163969783, -183.6065639064332]
31.0654 	DATA 	Keypress: q
32.0643 	DATA 	Keypress: escape
32.3980 	DATA 	Keypress: escape
34.7321 	DATA 	Keypress: q
34.9483 	DATA 	Keypress: q
35.2820 	DATA 	Keypress: escape
35.4982 	DATA 	Keypress: escape
35.6775 	EXP 	window1: mouseVisible = True
