0.6023 	WARNING 	We strongly recommend you activate the PTB sound engine in PsychoPy prefs as the preferred audio engine. Its timing is vastly superior. Your prefs are currently set to use ['sounddevice', 'PTB', 'pyo', 'pygame'] (in that order).
5.4138 	ERROR 	'-1.0000, -1.0000, -1.0000' is not a valid rgb color
6.0153 	EXP 	Created window1 = Window(allowGUI=False, allowStencil=False, autoLog=True, backendConf=UNKNOWN, bitsMode=UNKNOWN, blendMode='avg', bpc=(8, 8, 8), color=array([0, 0, 0]), colorSpace='rgb', depthBits=8, fullscr=<method-wrapper '__getattribute__' of attributeSetter object at 0x7fd657cd3a20>, gamma=None, gammaErrorPolicy='raise', lms=UNKNOWN, monitor=<psychopy.monitors.calibTools.Monitor object at 0x7fd674bff518>, multiSample=False, name='window1', numSamples=2, pos=[360.0, 225.0], screen=0, size=array([2880, 1800]), stencilBits=0, stereo=False, units='height', useFBO=True, useRetina=True, viewOri=0.0, viewPos=None, viewScale=None, waitBlanking=True, winType='pyglet')
6.0156 	EXP 	window1: mouseVisible = True
6.0156 	EXP 	window1: recordFrameIntervals = False
6.1801 	EXP 	window1: recordFrameIntervals = True
6.3638 	EXP 	window1: recordFrameIntervals = False
6.9352 	DEPRECATION 	'1.0000, 1.0000, 1.0000' is not a valid rgb color
6.9622 	EXP 	Created Welcometext = TextStim(__class__=<class 'psychopy.visual.text.TextStim'>, alignHoriz=method-wrapper(...), alignText='center', alignVert=method-wrapper(...), anchorHoriz='center', anchorVert='center', antialias=True, autoLog=True, bold=False, color=array([0., 0., 0.]), colorSpace='rgb', contrast=1.0, depth=0.0, flipHoriz=False, flipVert=False, font='Open Sans', fontFiles=[], height=0.05, italic=False, languageStyle='LTR', name='Welcometext', opacity=0, ori=0.0, pos=array([0., 0.]), rgb=UNKNOWN, text='Welcome\nPlease press Spacebar to start', units='height', win=Window(...), wrapWidth=1)
7.3060 	EXP 	Created text = TextStim(__class__=<class 'psychopy.visual.text.TextStim'>, alignHoriz=method-wrapper(...), alignText='center', alignVert=method-wrapper(...), anchorHoriz='center', anchorVert='center', antialias=True, autoLog=True, bold=False, color=array([1., 1., 1.]), colorSpace='rgb', contrast=1.0, depth=0.0, flipHoriz=False, flipVert=False, font='Open Sans', fontFiles=[], height=0.05, italic=False, languageStyle='LTR', name='text', opacity=1, ori=0.0, pos=array([0., 0.]), rgb=UNKNOWN, text=str(...), units='height', win=Window(...), wrapWidth=1)
7.3066 	EXP 	Created sequence: random, trialTypes=1, nReps=5, seed=None
7.3068 	EXP 	New trial (rep=0, index=0): None
7.3128 	EXP 	Welcometext: autoDraw = True
7.3153 	DATA 	Keypress: space
7.8209 	EXP 	Created unnamed Rect = Rect(__class__=<class 'psychopy.visual.rect.Rect'>, autoDraw=False, autoLog=True, closeShape=True, color=method-wrapper(...), colorSpace='rgb', contrast=None, depth=0, fillColor=array([ 1, -1, -1]), fillColorSpace='rgb', fillRGB=array([ 1, -1, -1]), interpolate=True, lineColor=array([-1., -1.,  1.]), lineColorSpace='rgb', lineRGB=array([-1, -1,  1]), lineWidth=1.5, name='unnamed Rect', opacity=1, ori=0.0, pos=array([0., 0.]), size=array([1000.,  700.]), units='pix', vertices=ndarray(...), win=Window(...))
7.8235 	EXP 	Created unnamed Rect = Rect(__class__=<class 'psychopy.visual.rect.Rect'>, autoDraw=False, autoLog=True, closeShape=True, color=method-wrapper(...), colorSpace='rgb', contrast=None, depth=0, fillColor=array([-1, -1, -1]), fillColorSpace='rgb', fillRGB=array([-1, -1, -1]), interpolate=True, lineColor=array([-1., -1.,  1.]), lineColorSpace='rgb', lineRGB=array([-1, -1,  1]), lineWidth=1.5, name='unnamed Rect', opacity=1, ori=0.0, pos=array([0., 0.]), size=array([400., 600.]), units='pix', vertices=ndarray(...), win=Window(...))
7.8258 	EXP 	Created unnamed Rect = Rect(__class__=<class 'psychopy.visual.rect.Rect'>, autoDraw=False, autoLog=True, closeShape=True, color=method-wrapper(...), colorSpace='rgb', contrast=None, depth=0, fillColor=array([-1, -1, -1]), fillColorSpace='rgb', fillRGB=array([-1, -1, -1]), interpolate=True, lineColor=array([-1., -1.,  1.]), lineColorSpace='rgb', lineRGB=array([-1, -1,  1]), lineWidth=1.5, name='unnamed Rect', opacity=1, ori=0.0, pos=array([0., 0.]), size=array([400., 600.]), units='pix', vertices=ndarray(...), win=Window(...))
7.8287 	EXP 	Created unnamed Rect = Rect(__class__=<class 'psychopy.visual.rect.Rect'>, autoDraw=False, autoLog=True, closeShape=True, color=method-wrapper(...), colorSpace='rgb', contrast=None, depth=0, fillColor=array([ 1,  1, -1]), fillColorSpace='rgb', fillRGB=array([ 1,  1, -1]), interpolate=True, lineColor=array([0., 0., 0.]), lineColorSpace='rgb', lineRGB=array([0, 0, 0]), lineWidth=1.5, name='unnamed Rect', opacity=0.5, ori=0.0, pos=array([0., 0.]), size=array([30., 30.]), units='pix', vertices=ndarray(...), win=Window(...))
7.8314 	EXP 	Created unnamed Rect = Rect(__class__=<class 'psychopy.visual.rect.Rect'>, autoDraw=False, autoLog=True, closeShape=True, color=method-wrapper(...), colorSpace='rgb', contrast=None, depth=0, fillColor=array([ 1,  1, -1]), fillColorSpace='rgb', fillRGB=array([ 1,  1, -1]), interpolate=True, lineColor=array([0., 0., 0.]), lineColorSpace='rgb', lineRGB=array([0, 0, 0]), lineWidth=1.5, name='unnamed Rect', opacity=0.5, ori=0.0, pos=array([0., 0.]), size=array([30., 30.]), units='pix', vertices=ndarray(...), win=Window(...))
7.8340 	EXP 	Created unnamed Rect = Rect(__class__=<class 'psychopy.visual.rect.Rect'>, autoDraw=False, autoLog=True, closeShape=True, color=method-wrapper(...), colorSpace='rgb', contrast=None, depth=0, fillColor=array([ 1,  1, -1]), fillColorSpace='rgb', fillRGB=array([ 1,  1, -1]), interpolate=True, lineColor=array([0., 0., 0.]), lineColorSpace='rgb', lineRGB=array([0, 0, 0]), lineWidth=1.5, name='unnamed Rect', opacity=0.5, ori=0.0, pos=array([0., 0.]), size=array([30., 30.]), units='pix', vertices=ndarray(...), win=Window(...))
7.8367 	EXP 	Created unnamed Rect = Rect(__class__=<class 'psychopy.visual.rect.Rect'>, autoDraw=False, autoLog=True, closeShape=True, color=method-wrapper(...), colorSpace='rgb', contrast=None, depth=0, fillColor=array([ 1,  1, -1]), fillColorSpace='rgb', fillRGB=array([ 1,  1, -1]), interpolate=True, lineColor=array([0., 0., 0.]), lineColorSpace='rgb', lineRGB=array([0, 0, 0]), lineWidth=1.5, name='unnamed Rect', opacity=0.5, ori=0.0, pos=array([0., 0.]), size=array([30., 30.]), units='pix', vertices=ndarray(...), win=Window(...))
7.8390 	EXP 	Created unnamed Rect = Rect(__class__=<class 'psychopy.visual.rect.Rect'>, autoDraw=False, autoLog=True, closeShape=True, color=method-wrapper(...), colorSpace='rgb', contrast=None, depth=0, fillColor=array([ 1,  1, -1]), fillColorSpace='rgb', fillRGB=array([ 1,  1, -1]), interpolate=True, lineColor=array([0., 0., 0.]), lineColorSpace='rgb', lineRGB=array([0, 0, 0]), lineWidth=1.5, name='unnamed Rect', opacity=0.5, ori=0.0, pos=array([0., 0.]), size=array([30., 30.]), units='pix', vertices=ndarray(...), win=Window(...))
7.8415 	EXP 	Created unnamed Rect = Rect(__class__=<class 'psychopy.visual.rect.Rect'>, autoDraw=False, autoLog=True, closeShape=True, color=method-wrapper(...), colorSpace='rgb', contrast=None, depth=0, fillColor=array([ 1,  1, -1]), fillColorSpace='rgb', fillRGB=array([ 1,  1, -1]), interpolate=True, lineColor=array([0., 0., 0.]), lineColorSpace='rgb', lineRGB=array([0, 0, 0]), lineWidth=1.5, name='unnamed Rect', opacity=0.5, ori=0.0, pos=array([0., 0.]), size=array([30., 30.]), units='pix', vertices=ndarray(...), win=Window(...))
7.8816 	EXP 	Created unnamed ImageStim = ImageStim(__class__=<class 'psychopy.visual.image.ImageStim'>, autoLog=True, color=array([1., 1., 1.]), colorSpace='rgb', contrast=1.0, depth=0, flipHoriz=False, flipVert=False, image='tree.png', interpolate=False, mask=None, maskParams=None, name='unnamed ImageStim', opacity=1, ori=0.0, pos=array([0., 0.]), size=array([512, 512]), texRes=128, units='pix', win=Window(...))
7.9021 	EXP 	Created unnamed ImageStim = ImageStim(__class__=<class 'psychopy.visual.image.ImageStim'>, autoLog=True, color=array([1., 1., 1.]), colorSpace='rgb', contrast=1.0, depth=0, flipHoriz=False, flipVert=False, image='tree.png', interpolate=False, mask=None, maskParams=None, name='unnamed ImageStim', opacity=1, ori=0.0, pos=array([0., 0.]), size=array([512, 512]), texRes=128, units='pix', win=Window(...))
7.9206 	EXP 	Created unnamed ImageStim = ImageStim(__class__=<class 'psychopy.visual.image.ImageStim'>, autoLog=True, color=array([1., 1., 1.]), colorSpace='rgb', contrast=1.0, depth=0, flipHoriz=False, flipVert=False, image='tree.png', interpolate=False, mask=None, maskParams=None, name='unnamed ImageStim', opacity=1, ori=0.0, pos=array([0., 0.]), size=array([512, 512]), texRes=128, units='pix', win=Window(...))
7.9380 	EXP 	Created unnamed ImageStim = ImageStim(__class__=<class 'psychopy.visual.image.ImageStim'>, autoLog=True, color=array([1., 1., 1.]), colorSpace='rgb', contrast=1.0, depth=0, flipHoriz=False, flipVert=False, image='tree.png', interpolate=False, mask=None, maskParams=None, name='unnamed ImageStim', opacity=1, ori=0.0, pos=array([0., 0.]), size=array([512, 512]), texRes=128, units='pix', win=Window(...))
7.9555 	EXP 	Created unnamed ImageStim = ImageStim(__class__=<class 'psychopy.visual.image.ImageStim'>, autoLog=True, color=array([1., 1., 1.]), colorSpace='rgb', contrast=1.0, depth=0, flipHoriz=False, flipVert=False, image='tree.png', interpolate=False, mask=None, maskParams=None, name='unnamed ImageStim', opacity=1, ori=0.0, pos=array([0., 0.]), size=array([512, 512]), texRes=128, units='pix', win=Window(...))
7.9729 	EXP 	Created unnamed ImageStim = ImageStim(__class__=<class 'psychopy.visual.image.ImageStim'>, autoLog=True, color=array([1., 1., 1.]), colorSpace='rgb', contrast=1.0, depth=0, flipHoriz=False, flipVert=False, image='tree.png', interpolate=False, mask=None, maskParams=None, name='unnamed ImageStim', opacity=1, ori=0.0, pos=array([0., 0.]), size=array([512, 512]), texRes=128, units='pix', win=Window(...))
7.9903 	EXP 	Created unnamed ImageStim = ImageStim(__class__=<class 'psychopy.visual.image.ImageStim'>, autoLog=True, color=array([1., 1., 1.]), colorSpace='rgb', contrast=1.0, depth=0, flipHoriz=False, flipVert=False, image='tree.png', interpolate=False, mask=None, maskParams=None, name='unnamed ImageStim', opacity=1, ori=0.0, pos=array([0., 0.]), size=array([512, 512]), texRes=128, units='pix', win=Window(...))
8.0079 	EXP 	Created unnamed ImageStim = ImageStim(__class__=<class 'psychopy.visual.image.ImageStim'>, autoLog=True, color=array([1., 1., 1.]), colorSpace='rgb', contrast=1.0, depth=0, flipHoriz=False, flipVert=False, image='tree.png', interpolate=False, mask=None, maskParams=None, name='unnamed ImageStim', opacity=1, ori=0.0, pos=array([0., 0.]), size=array([512, 512]), texRes=128, units='pix', win=Window(...))
8.0265 	EXP 	Created unnamed ImageStim = ImageStim(__class__=<class 'psychopy.visual.image.ImageStim'>, autoLog=True, color=array([1., 1., 1.]), colorSpace='rgb', contrast=1.0, depth=0, flipHoriz=False, flipVert=False, image='tree.png', interpolate=False, mask=None, maskParams=None, name='unnamed ImageStim', opacity=1, ori=0.0, pos=array([0., 0.]), size=array([512, 512]), texRes=128, units='pix', win=Window(...))
8.0439 	EXP 	Created unnamed ImageStim = ImageStim(__class__=<class 'psychopy.visual.image.ImageStim'>, autoLog=True, color=array([1., 1., 1.]), colorSpace='rgb', contrast=1.0, depth=0, flipHoriz=False, flipVert=False, image='tree.png', interpolate=False, mask=None, maskParams=None, name='unnamed ImageStim', opacity=1, ori=0.0, pos=array([0., 0.]), size=array([512, 512]), texRes=128, units='pix', win=Window(...))
8.0613 	EXP 	Created unnamed ImageStim = ImageStim(__class__=<class 'psychopy.visual.image.ImageStim'>, autoLog=True, color=array([1., 1., 1.]), colorSpace='rgb', contrast=1.0, depth=0, flipHoriz=False, flipVert=False, image='tree.png', interpolate=False, mask=None, maskParams=None, name='unnamed ImageStim', opacity=1, ori=0.0, pos=array([0., 0.]), size=array([512, 512]), texRes=128, units='pix', win=Window(...))
8.0786 	EXP 	Created unnamed ImageStim = ImageStim(__class__=<class 'psychopy.visual.image.ImageStim'>, autoLog=True, color=array([1., 1., 1.]), colorSpace='rgb', contrast=1.0, depth=0, flipHoriz=False, flipVert=False, image='tree.png', interpolate=False, mask=None, maskParams=None, name='unnamed ImageStim', opacity=1, ori=0.0, pos=array([0., 0.]), size=array([512, 512]), texRes=128, units='pix', win=Window(...))
8.0961 	EXP 	Created unnamed ImageStim = ImageStim(__class__=<class 'psychopy.visual.image.ImageStim'>, autoLog=True, color=array([1., 1., 1.]), colorSpace='rgb', contrast=1.0, depth=0, flipHoriz=False, flipVert=False, image='tree.png', interpolate=False, mask=None, maskParams=None, name='unnamed ImageStim', opacity=1, ori=0.0, pos=array([0., 0.]), size=array([512, 512]), texRes=128, units='pix', win=Window(...))
8.1134 	EXP 	Created unnamed ImageStim = ImageStim(__class__=<class 'psychopy.visual.image.ImageStim'>, autoLog=True, color=array([1., 1., 1.]), colorSpace='rgb', contrast=1.0, depth=0, flipHoriz=False, flipVert=False, image='tree.png', interpolate=False, mask=None, maskParams=None, name='unnamed ImageStim', opacity=1, ori=0.0, pos=array([0., 0.]), size=array([512, 512]), texRes=128, units='pix', win=Window(...))
8.1317 	EXP 	Created unnamed ImageStim = ImageStim(__class__=<class 'psychopy.visual.image.ImageStim'>, autoLog=True, color=array([1., 1., 1.]), colorSpace='rgb', contrast=1.0, depth=0, flipHoriz=False, flipVert=False, image='tree.png', interpolate=False, mask=None, maskParams=None, name='unnamed ImageStim', opacity=1, ori=0.0, pos=array([0., 0.]), size=array([512, 512]), texRes=128, units='pix', win=Window(...))
8.1453 	DATA 	Keypress: space
8.1509 	EXP 	Welcometext: autoDraw = False
8.1509 	EXP 	unnamed Rect: pos = [-250, 0]
8.1509 	EXP 	unnamed Rect: pos = [250, 0]
8.1509 	EXP 	unnamed Rect: pos = [-274.1157439258472, 12.881211420585172]
8.1509 	EXP 	unnamed Rect: pos = [-173.8701651822659, -6.030314082666058]
8.1509 	EXP 	unnamed Rect: pos = [-108.56133289004885, -232.41554842827335]
8.1509 	EXP 	unnamed Rect: pos = [-295.4181410361052, -84.0215048566796]
8.1509 	EXP 	unnamed Rect: pos = [-412.1331011179335, -196.0235394941881]
8.1509 	EXP 	unnamed Rect: pos = [281.4509951815338, -261.273265687985]
8.1509 	EXP 	unnamed ImageStim: size = [51.2, 51.2]
8.1509 	EXP 	unnamed ImageStim: size = [51.2, 51.2]
8.1509 	EXP 	unnamed ImageStim: size = [51.2, 51.2]
8.1509 	EXP 	unnamed ImageStim: size = [51.2, 51.2]
8.1509 	EXP 	unnamed ImageStim: size = [51.2, 51.2]
8.1509 	EXP 	unnamed ImageStim: size = [51.2, 51.2]
8.1509 	EXP 	unnamed ImageStim: size = [51.2, 51.2]
8.1509 	EXP 	unnamed ImageStim: size = [51.2, 51.2]
8.1509 	EXP 	unnamed ImageStim: size = [51.2, 51.2]
8.1509 	EXP 	unnamed ImageStim: size = [51.2, 51.2]
8.1509 	EXP 	unnamed ImageStim: size = [51.2, 51.2]
8.1509 	EXP 	unnamed ImageStim: size = [51.2, 51.2]
8.1509 	EXP 	unnamed ImageStim: size = [51.2, 51.2]
8.1509 	EXP 	unnamed ImageStim: size = [51.2, 51.2]
8.1509 	EXP 	unnamed ImageStim: size = [51.2, 51.2]
8.1509 	EXP 	unnamed ImageStim: pos = [83.84717263660936, -150.63381129455317]
8.1509 	EXP 	unnamed ImageStim: pos = [-0.9663161717626981, -215.3652591845284]
8.1509 	EXP 	unnamed ImageStim: pos = [-24.021178891350957, -10.593651109074044]
8.1509 	EXP 	unnamed ImageStim: pos = [-145.01250286984933, 54.879375206831504]
8.1509 	EXP 	unnamed ImageStim: pos = [55.30384277932282, 244.7996604952055]
8.1509 	EXP 	unnamed ImageStim: pos = [-166.15282736339066, -150.63381129455317]
8.1509 	EXP 	unnamed ImageStim: pos = [333.84717263660934, -150.63381129455317]
8.1509 	EXP 	unnamed ImageStim: pos = [-250.96631617176268, -215.3652591845284]
8.1509 	EXP 	unnamed ImageStim: pos = [249.03368382823732, -215.3652591845284]
8.1509 	EXP 	unnamed ImageStim: pos = [-274.0211788913509, -10.593651109074044]
8.1509 	EXP 	unnamed ImageStim: pos = [225.97882110864904, -10.593651109074044]
8.1509 	EXP 	unnamed ImageStim: pos = [-395.0125028698493, 54.879375206831504]
8.1509 	EXP 	unnamed ImageStim: pos = [104.98749713015067, 54.879375206831504]
8.1509 	EXP 	unnamed ImageStim: pos = [-194.69615722067718, 244.7996604952055]
8.1509 	EXP 	unnamed ImageStim: pos = [305.30384277932285, 244.7996604952055]
13.9856 	EXP 	Created unnamed Rect = Rect(__class__=<class 'psychopy.visual.rect.Rect'>, autoDraw=False, autoLog=True, closeShape=True, color=method-wrapper(...), colorSpace='rgb', contrast=None, depth=0, fillColor=array([-1, -1, -1]), fillColorSpace='rgb', fillRGB=array([-1, -1, -1]), interpolate=True, lineColor=array([-1., -1.,  1.]), lineColorSpace='rgb', lineRGB=array([-1, -1,  1]), lineWidth=1.5, name='unnamed Rect', opacity=1, ori=0.0, pos=array([0., 0.]), size=array([400., 600.]), units='pix', vertices=ndarray(...), win=Window(...))
14.0217 	EXP 	Created unnamed Rect = Rect(__class__=<class 'psychopy.visual.rect.Rect'>, autoDraw=False, autoLog=True, closeShape=True, color=method-wrapper(...), colorSpace='rgb', contrast=None, depth=0, fillColor=array([-1, -1, -1]), fillColorSpace='rgb', fillRGB=array([-1, -1, -1]), interpolate=True, lineColor=array([-1., -1.,  1.]), lineColorSpace='rgb', lineRGB=array([-1, -1,  1]), lineWidth=1.5, name='unnamed Rect', opacity=1, ori=0.0, pos=array([0., 0.]), size=array([400., 600.]), units='pix', vertices=ndarray(...), win=Window(...))
14.0343 	DATA 	Keypress: right
14.0451 	EXP 	unnamed Rect: pos = array([  31.45099518, -261.27326569])
14.0451 	EXP 	unnamed Rect: pos = array([  31.45099518, -261.27326569])
14.0546 	EXP 	unnamed Rect: pos = array([  31.45099518, -261.27326569])
14.0636 	EXP 	unnamed Rect: pos = array([  31.45099518, -261.27326569])
14.0802 	EXP 	unnamed Rect: pos = array([  31.45099518, -261.27326569])
14.0964 	EXP 	unnamed Rect: pos = array([  31.45099518, -261.27326569])
14.1129 	EXP 	unnamed Rect: pos = array([  31.45099518, -261.27326569])
14.1297 	EXP 	unnamed Rect: pos = array([  31.45099518, -261.27326569])
14.1462 	EXP 	unnamed Rect: pos = array([  31.45099518, -261.27326569])
14.1634 	EXP 	unnamed Rect: pos = array([  31.45099518, -261.27326569])
14.1796 	EXP 	unnamed Rect: pos = array([  31.45099518, -261.27326569])
14.1961 	EXP 	unnamed Rect: pos = array([  31.45099518, -261.27326569])
14.2129 	EXP 	unnamed Rect: pos = array([  31.45099518, -261.27326569])
14.2295 	EXP 	unnamed Rect: pos = array([  31.45099518, -261.27326569])
14.2464 	EXP 	unnamed Rect: pos = array([  31.45099518, -261.27326569])
14.2632 	EXP 	unnamed Rect: pos = array([  31.45099518, -261.27326569])
14.2797 	EXP 	unnamed Rect: pos = array([  31.45099518, -261.27326569])
14.2962 	EXP 	unnamed Rect: pos = array([  31.45099518, -261.27326569])
14.3134 	EXP 	unnamed Rect: pos = array([  31.45099518, -261.27326569])
14.3294 	EXP 	unnamed Rect: pos = array([  31.45099518, -261.27326569])
14.3463 	EXP 	unnamed Rect: pos = array([  31.45099518, -261.27326569])
14.3630 	EXP 	unnamed Rect: pos = array([  31.45099518, -261.27326569])
14.3801 	EXP 	unnamed Rect: pos = array([  31.45099518, -261.27326569])
14.3960 	EXP 	unnamed Rect: pos = array([  31.45099518, -261.27326569])
14.4131 	EXP 	unnamed Rect: pos = array([  31.45099518, -261.27326569])
14.4297 	EXP 	unnamed Rect: pos = array([  31.45099518, -261.27326569])
14.4466 	EXP 	unnamed Rect: pos = array([  31.45099518, -261.27326569])
14.4634 	EXP 	unnamed Rect: pos = array([  31.45099518, -261.27326569])
14.4801 	EXP 	unnamed Rect: pos = array([  31.45099518, -261.27326569])
14.4963 	EXP 	unnamed Rect: pos = array([  31.45099518, -261.27326569])
14.5137 	EXP 	unnamed Rect: pos = array([  31.45099518, -261.27326569])
14.5295 	EXP 	unnamed Rect: pos = array([  31.45099518, -261.27326569])
14.5462 	EXP 	unnamed Rect: pos = array([  31.45099518, -261.27326569])
14.5633 	EXP 	unnamed Rect: pos = array([  31.45099518, -261.27326569])
14.5797 	EXP 	unnamed Rect: pos = array([  31.45099518, -261.27326569])
14.5962 	EXP 	unnamed Rect: pos = array([  31.45099518, -261.27326569])
14.6128 	EXP 	unnamed Rect: pos = array([  31.45099518, -261.27326569])
14.6299 	EXP 	unnamed Rect: pos = array([  31.45099518, -261.27326569])
14.6462 	EXP 	unnamed Rect: pos = array([  31.45099518, -261.27326569])
14.6636 	EXP 	unnamed Rect: pos = array([  31.45099518, -261.27326569])
14.6794 	EXP 	unnamed Rect: pos = array([  31.45099518, -261.27326569])
14.6963 	EXP 	unnamed Rect: pos = array([  31.45099518, -261.27326569])
14.7129 	EXP 	unnamed Rect: pos = array([  31.45099518, -261.27326569])
14.7297 	EXP 	unnamed Rect: pos = array([  31.45099518, -261.27326569])
14.7469 	EXP 	unnamed Rect: pos = array([  31.45099518, -261.27326569])
14.7631 	EXP 	unnamed Rect: pos = array([  31.45099518, -261.27326569])
14.7800 	EXP 	unnamed Rect: pos = array([  31.45099518, -261.27326569])
14.7964 	EXP 	unnamed Rect: pos = array([  31.45099518, -261.27326569])
14.8132 	EXP 	unnamed Rect: pos = array([  31.45099518, -261.27326569])
14.8298 	EXP 	unnamed Rect: pos = array([  31.45099518, -261.27326569])
14.8465 	EXP 	unnamed Rect: pos = array([  31.45099518, -261.27326569])
14.8631 	EXP 	unnamed Rect: pos = array([  31.45099518, -261.27326569])
14.8798 	EXP 	unnamed Rect: pos = array([  31.45099518, -261.27326569])
14.8962 	EXP 	unnamed Rect: pos = array([  31.45099518, -261.27326569])
14.9133 	EXP 	unnamed Rect: pos = array([  31.45099518, -261.27326569])
14.9297 	EXP 	unnamed Rect: pos = array([  31.45099518, -261.27326569])
14.9468 	EXP 	unnamed Rect: pos = array([  31.45099518, -261.27326569])
14.9630 	EXP 	unnamed Rect: pos = array([  31.45099518, -261.27326569])
14.9793 	EXP 	unnamed Rect: pos = array([  31.45099518, -261.27326569])
14.9969 	EXP 	unnamed Rect: pos = array([  31.45099518, -261.27326569])
15.0128 	EXP 	unnamed Rect: pos = array([  31.45099518, -261.27326569])
15.0294 	EXP 	unnamed Rect: pos = array([  31.45099518, -261.27326569])
15.0464 	EXP 	unnamed Rect: pos = array([  31.45099518, -261.27326569])
15.0632 	EXP 	unnamed Rect: pos = array([  31.45099518, -261.27326569])
15.0795 	EXP 	unnamed Rect: pos = array([  31.45099518, -261.27326569])
15.0960 	EXP 	unnamed Rect: pos = array([  31.45099518, -261.27326569])
15.1129 	EXP 	unnamed Rect: pos = array([  31.45099518, -261.27326569])
15.1296 	EXP 	unnamed Rect: pos = array([  31.45099518, -261.27326569])
15.1460 	EXP 	unnamed Rect: pos = array([  31.45099518, -261.27326569])
15.1630 	EXP 	unnamed Rect: pos = array([  31.45099518, -261.27326569])
15.1796 	EXP 	unnamed Rect: pos = array([  31.45099518, -261.27326569])
15.1963 	EXP 	unnamed Rect: pos = array([  31.45099518, -261.27326569])
15.2128 	EXP 	unnamed Rect: pos = array([  31.45099518, -261.27326569])
15.2293 	EXP 	unnamed Rect: pos = array([  31.45099518, -261.27326569])
15.2463 	EXP 	unnamed Rect: pos = array([  31.45099518, -261.27326569])
15.2626 	EXP 	unnamed Rect: pos = array([  31.45099518, -261.27326569])
15.2798 	EXP 	unnamed Rect: pos = array([  31.45099518, -261.27326569])
15.2963 	EXP 	unnamed Rect: pos = array([  31.45099518, -261.27326569])
15.3129 	EXP 	unnamed Rect: pos = array([  31.45099518, -261.27326569])
15.3299 	EXP 	unnamed Rect: pos = array([  31.45099518, -261.27326569])
15.3464 	EXP 	unnamed Rect: pos = array([  31.45099518, -261.27326569])
15.3626 	EXP 	unnamed Rect: pos = array([  31.45099518, -261.27326569])
15.3792 	EXP 	unnamed Rect: pos = array([  31.45099518, -261.27326569])
15.3961 	EXP 	unnamed Rect: pos = array([  31.45099518, -261.27326569])
15.4127 	EXP 	unnamed Rect: pos = array([  31.45099518, -261.27326569])
15.4295 	EXP 	unnamed Rect: pos = array([  31.45099518, -261.27326569])
15.4462 	EXP 	unnamed Rect: pos = array([  31.45099518, -261.27326569])
15.4627 	EXP 	unnamed Rect: pos = array([  31.45099518, -261.27326569])
15.4793 	EXP 	unnamed Rect: pos = array([  31.45099518, -261.27326569])
15.4959 	EXP 	unnamed Rect: pos = array([  31.45099518, -261.27326569])
15.5126 	EXP 	unnamed Rect: pos = array([  31.45099518, -261.27326569])
15.5293 	EXP 	unnamed Rect: pos = array([  31.45099518, -261.27326569])
15.5463 	EXP 	unnamed Rect: pos = array([  31.45099518, -261.27326569])
15.5625 	EXP 	unnamed Rect: pos = array([  31.45099518, -261.27326569])
15.5797 	EXP 	unnamed Rect: pos = array([  31.45099518, -261.27326569])
15.5958 	EXP 	unnamed Rect: pos = array([  31.45099518, -261.27326569])
15.6131 	EXP 	unnamed Rect: pos = array([  31.45099518, -261.27326569])
15.6295 	EXP 	unnamed Rect: pos = array([  31.45099518, -261.27326569])
15.6459 	EXP 	unnamed Rect: pos = array([  31.45099518, -261.27326569])
15.6627 	EXP 	unnamed Rect: pos = array([  31.45099518, -261.27326569])
15.6797 	EXP 	unnamed Rect: pos = array([  31.45099518, -261.27326569])
15.6965 	EXP 	unnamed Rect: pos = array([  31.45099518, -261.27326569])
15.7130 	EXP 	unnamed Rect: pos = array([  31.45099518, -261.27326569])
15.7293 	EXP 	unnamed Rect: pos = array([  31.45099518, -261.27326569])
15.7461 	EXP 	unnamed Rect: pos = array([  31.45099518, -261.27326569])
15.7624 	EXP 	unnamed Rect: pos = array([  31.45099518, -261.27326569])
15.7790 	EXP 	unnamed Rect: pos = array([  31.45099518, -261.27326569])
15.7957 	EXP 	unnamed Rect: pos = array([  31.45099518, -261.27326569])
15.8124 	EXP 	unnamed Rect: pos = array([  31.45099518, -261.27326569])
15.8292 	EXP 	unnamed Rect: pos = array([  31.45099518, -261.27326569])
15.8464 	EXP 	unnamed Rect: pos = array([  31.45099518, -261.27326569])
15.8625 	EXP 	unnamed Rect: pos = array([  31.45099518, -261.27326569])
15.8796 	EXP 	unnamed Rect: pos = array([  31.45099518, -261.27326569])
15.8961 	EXP 	unnamed Rect: pos = array([  31.45099518, -261.27326569])
15.9125 	EXP 	unnamed Rect: pos = array([  31.45099518, -261.27326569])
15.9297 	EXP 	unnamed Rect: pos = array([  31.45099518, -261.27326569])
15.9337 	DATA 	Keypress: up
15.9469 	EXP 	unnamed Rect: pos = array([  31.45099518, -261.27326569])
15.9636 	EXP 	unnamed Rect: pos = array([  31.45099518, -251.27326569])
15.9801 	EXP 	unnamed Rect: pos = array([  31.45099518, -251.27326569])
15.9968 	EXP 	unnamed Rect: pos = array([  31.45099518, -251.27326569])
16.0130 	EXP 	unnamed Rect: pos = array([  31.45099518, -251.27326569])
16.0302 	EXP 	unnamed Rect: pos = array([  31.45099518, -251.27326569])
16.0469 	EXP 	unnamed Rect: pos = array([  31.45099518, -251.27326569])
16.0637 	EXP 	unnamed Rect: pos = array([  31.45099518, -251.27326569])
16.0800 	EXP 	unnamed Rect: pos = array([  31.45099518, -251.27326569])
16.0966 	EXP 	unnamed Rect: pos = array([  31.45099518, -251.27326569])
16.1129 	EXP 	unnamed Rect: pos = array([  31.45099518, -251.27326569])
16.1301 	EXP 	unnamed Rect: pos = array([  31.45099518, -251.27326569])
16.1308 	DATA 	Keypress: up
16.1464 	EXP 	unnamed Rect: pos = array([  31.45099518, -241.27326569])
16.1628 	EXP 	unnamed Rect: pos = array([  31.45099518, -241.27326569])
16.1798 	EXP 	unnamed Rect: pos = array([  31.45099518, -241.27326569])
16.1968 	EXP 	unnamed Rect: pos = array([  31.45099518, -241.27326569])
16.2134 	EXP 	unnamed Rect: pos = array([  31.45099518, -241.27326569])
16.2295 	EXP 	unnamed Rect: pos = array([  31.45099518, -241.27326569])
16.2465 	EXP 	unnamed Rect: pos = array([  31.45099518, -241.27326569])
16.2634 	EXP 	unnamed Rect: pos = array([  31.45099518, -241.27326569])
16.2799 	EXP 	unnamed Rect: pos = array([  31.45099518, -241.27326569])
16.2966 	EXP 	unnamed Rect: pos = array([  31.45099518, -241.27326569])
16.2972 	DATA 	Keypress: left
16.3138 	EXP 	unnamed Rect: pos = array([  21.45099518, -241.27326569])
16.3299 	EXP 	unnamed Rect: pos = array([  21.45099518, -241.27326569])
16.3467 	EXP 	unnamed Rect: pos = array([  21.45099518, -241.27326569])
16.3633 	EXP 	unnamed Rect: pos = array([  21.45099518, -241.27326569])
16.3795 	EXP 	unnamed Rect: pos = array([  21.45099518, -241.27326569])
16.3969 	EXP 	unnamed Rect: pos = array([  21.45099518, -241.27326569])
16.4138 	EXP 	unnamed Rect: pos = array([  21.45099518, -241.27326569])
16.4296 	EXP 	unnamed Rect: pos = array([  21.45099518, -241.27326569])
16.4462 	EXP 	unnamed Rect: pos = array([  21.45099518, -241.27326569])
16.4627 	EXP 	unnamed Rect: pos = array([  21.45099518, -241.27326569])
16.4794 	EXP 	unnamed Rect: pos = array([  21.45099518, -241.27326569])
16.4963 	EXP 	unnamed Rect: pos = array([  21.45099518, -241.27326569])
16.5134 	EXP 	unnamed Rect: pos = array([  21.45099518, -241.27326569])
16.5140 	DATA 	Keypress: left
16.5301 	EXP 	unnamed Rect: pos = array([  11.45099518, -241.27326569])
16.5466 	EXP 	unnamed Rect: pos = array([  11.45099518, -241.27326569])
16.5632 	EXP 	unnamed Rect: pos = array([  11.45099518, -241.27326569])
16.5802 	EXP 	unnamed Rect: pos = array([  11.45099518, -241.27326569])
16.5964 	EXP 	unnamed Rect: pos = array([  11.45099518, -241.27326569])
16.6133 	EXP 	unnamed Rect: pos = array([  11.45099518, -241.27326569])
16.6300 	EXP 	unnamed Rect: pos = array([  11.45099518, -241.27326569])
16.6465 	EXP 	unnamed Rect: pos = array([  11.45099518, -241.27326569])
16.6634 	EXP 	unnamed Rect: pos = array([  11.45099518, -241.27326569])
16.6640 	DATA 	Keypress: up
16.6816 	EXP 	unnamed Rect: pos = array([  11.45099518, -231.27326569])
16.6962 	EXP 	unnamed Rect: pos = array([  11.45099518, -231.27326569])
16.7132 	EXP 	unnamed Rect: pos = array([  11.45099518, -231.27326569])
16.7299 	EXP 	unnamed Rect: pos = array([  11.45099518, -231.27326569])
16.7465 	EXP 	unnamed Rect: pos = array([  11.45099518, -231.27326569])
16.7636 	EXP 	unnamed Rect: pos = array([  11.45099518, -231.27326569])
16.7796 	EXP 	unnamed Rect: pos = array([  11.45099518, -231.27326569])
16.7962 	EXP 	unnamed Rect: pos = array([  11.45099518, -231.27326569])
16.8134 	EXP 	unnamed Rect: pos = array([  11.45099518, -231.27326569])
16.8302 	EXP 	unnamed Rect: pos = array([  11.45099518, -231.27326569])
16.8461 	EXP 	unnamed Rect: pos = array([  11.45099518, -231.27326569])
16.8633 	EXP 	unnamed Rect: pos = array([  11.45099518, -231.27326569])
16.8640 	DATA 	Keypress: up
16.8800 	EXP 	unnamed Rect: pos = array([  11.45099518, -221.27326569])
16.8966 	EXP 	unnamed Rect: pos = array([  11.45099518, -221.27326569])
16.9135 	EXP 	unnamed Rect: pos = array([  11.45099518, -221.27326569])
16.9299 	EXP 	unnamed Rect: pos = array([  11.45099518, -221.27326569])
16.9469 	EXP 	unnamed Rect: pos = array([  11.45099518, -221.27326569])
16.9632 	EXP 	unnamed Rect: pos = array([  11.45099518, -221.27326569])
16.9796 	EXP 	unnamed Rect: pos = array([  11.45099518, -221.27326569])
16.9962 	EXP 	unnamed Rect: pos = array([  11.45099518, -221.27326569])
17.0132 	EXP 	unnamed Rect: pos = array([  11.45099518, -221.27326569])
17.0295 	EXP 	unnamed Rect: pos = array([  11.45099518, -221.27326569])
17.0460 	EXP 	unnamed Rect: pos = array([  11.45099518, -221.27326569])
17.0468 	DATA 	Keypress: right
17.0632 	EXP 	unnamed Rect: pos = array([  21.45099518, -221.27326569])
17.0873 	EXP 	unnamed Rect: pos = array([  21.45099518, -221.27326569])
17.0960 	EXP 	unnamed Rect: pos = array([  21.45099518, -221.27326569])
17.1125 	EXP 	unnamed Rect: pos = array([  21.45099518, -221.27326569])
17.1298 	EXP 	unnamed Rect: pos = array([  21.45099518, -221.27326569])
17.1461 	EXP 	unnamed Rect: pos = array([  21.45099518, -221.27326569])
17.1628 	EXP 	unnamed Rect: pos = array([  21.45099518, -221.27326569])
17.1798 	EXP 	unnamed Rect: pos = array([  21.45099518, -221.27326569])
17.1965 	EXP 	unnamed Rect: pos = array([  21.45099518, -221.27326569])
17.2126 	EXP 	unnamed Rect: pos = array([  21.45099518, -221.27326569])
17.2297 	EXP 	unnamed Rect: pos = array([  21.45099518, -221.27326569])
17.2304 	DATA 	Keypress: right
17.2464 	EXP 	unnamed Rect: pos = array([  31.45099518, -221.27326569])
17.2635 	EXP 	unnamed Rect: pos = array([  31.45099518, -221.27326569])
17.2803 	EXP 	unnamed Rect: pos = array([  31.45099518, -221.27326569])
17.2962 	EXP 	unnamed Rect: pos = array([  31.45099518, -221.27326569])
17.3128 	EXP 	unnamed Rect: pos = array([  31.45099518, -221.27326569])
17.3295 	EXP 	unnamed Rect: pos = array([  31.45099518, -221.27326569])
17.3466 	EXP 	unnamed Rect: pos = array([  31.45099518, -221.27326569])
17.3635 	EXP 	unnamed Rect: pos = array([  31.45099518, -221.27326569])
17.3642 	DATA 	Keypress: right
17.3802 	EXP 	unnamed Rect: pos = array([  41.45099518, -221.27326569])
17.3964 	EXP 	unnamed Rect: pos = array([  41.45099518, -221.27326569])
17.4135 	EXP 	unnamed Rect: pos = array([  41.45099518, -221.27326569])
17.4303 	EXP 	unnamed Rect: pos = array([  41.45099518, -221.27326569])
17.4465 	EXP 	unnamed Rect: pos = array([  41.45099518, -221.27326569])
17.4628 	EXP 	unnamed Rect: pos = array([  41.45099518, -221.27326569])
17.4802 	EXP 	unnamed Rect: pos = array([  41.45099518, -221.27326569])
17.4965 	EXP 	unnamed Rect: pos = array([  41.45099518, -221.27326569])
17.5137 	EXP 	unnamed Rect: pos = array([  41.45099518, -221.27326569])
17.5300 	EXP 	unnamed Rect: pos = array([  41.45099518, -221.27326569])
17.5343 	DATA 	Keypress: right
17.5467 	EXP 	unnamed Rect: pos = array([  41.45099518, -221.27326569])
17.5629 	EXP 	unnamed Rect: pos = array([  51.45099518, -221.27326569])
17.5794 	EXP 	unnamed Rect: pos = array([  51.45099518, -221.27326569])
17.5966 	EXP 	unnamed Rect: pos = array([  51.45099518, -221.27326569])
17.6129 	EXP 	unnamed Rect: pos = array([  51.45099518, -221.27326569])
17.6296 	EXP 	unnamed Rect: pos = array([  51.45099518, -221.27326569])
17.6463 	EXP 	unnamed Rect: pos = array([  51.45099518, -221.27326569])
17.6631 	EXP 	unnamed Rect: pos = array([  51.45099518, -221.27326569])
17.6793 	EXP 	unnamed Rect: pos = array([  51.45099518, -221.27326569])
17.6960 	EXP 	unnamed Rect: pos = array([  51.45099518, -221.27326569])
17.7128 	EXP 	unnamed Rect: pos = array([  51.45099518, -221.27326569])
17.7171 	DATA 	Keypress: right
17.7301 	EXP 	unnamed Rect: pos = array([  51.45099518, -221.27326569])
17.7464 	EXP 	unnamed Rect: pos = array([  61.45099518, -221.27326569])
17.7634 	EXP 	unnamed Rect: pos = array([  61.45099518, -221.27326569])
17.7793 	EXP 	unnamed Rect: pos = array([  61.45099518, -221.27326569])
17.7959 	EXP 	unnamed Rect: pos = array([  61.45099518, -221.27326569])
17.8128 	EXP 	unnamed Rect: pos = array([  61.45099518, -221.27326569])
17.8296 	EXP 	unnamed Rect: pos = array([  61.45099518, -221.27326569])
17.8463 	EXP 	unnamed Rect: pos = array([  61.45099518, -221.27326569])
17.8630 	EXP 	unnamed Rect: pos = array([  61.45099518, -221.27326569])
17.8671 	DATA 	Keypress: right
17.8804 	EXP 	unnamed Rect: pos = array([  61.45099518, -221.27326569])
17.8964 	EXP 	unnamed Rect: pos = array([  71.45099518, -221.27326569])
17.9132 	EXP 	unnamed Rect: pos = array([  71.45099518, -221.27326569])
17.9300 	EXP 	unnamed Rect: pos = array([  71.45099518, -221.27326569])
17.9465 	EXP 	unnamed Rect: pos = array([  71.45099518, -221.27326569])
17.9627 	EXP 	unnamed Rect: pos = array([  71.45099518, -221.27326569])
17.9793 	EXP 	unnamed Rect: pos = array([  71.45099518, -221.27326569])
17.9961 	EXP 	unnamed Rect: pos = array([  71.45099518, -221.27326569])
18.0130 	EXP 	unnamed Rect: pos = array([  71.45099518, -221.27326569])
18.0300 	EXP 	unnamed Rect: pos = array([  71.45099518, -221.27326569])
18.0464 	EXP 	unnamed Rect: pos = array([  71.45099518, -221.27326569])
18.0471 	DATA 	Keypress: up
18.0636 	EXP 	unnamed Rect: pos = array([  71.45099518, -211.27326569])
18.0793 	EXP 	unnamed Rect: pos = array([  71.45099518, -211.27326569])
18.0966 	EXP 	unnamed Rect: pos = array([  71.45099518, -211.27326569])
18.1138 	EXP 	unnamed Rect: pos = array([  71.45099518, -211.27326569])
18.1305 	EXP 	unnamed Rect: pos = array([  71.45099518, -211.27326569])
18.1464 	EXP 	unnamed Rect: pos = array([  71.45099518, -211.27326569])
18.1631 	EXP 	unnamed Rect: pos = array([  71.45099518, -211.27326569])
18.1795 	EXP 	unnamed Rect: pos = array([  71.45099518, -211.27326569])
18.1966 	EXP 	unnamed Rect: pos = array([  71.45099518, -211.27326569])
18.1972 	DATA 	Keypress: up
18.2136 	EXP 	unnamed Rect: pos = array([  71.45099518, -201.27326569])
18.2297 	EXP 	unnamed Rect: pos = array([  71.45099518, -201.27326569])
18.2465 	EXP 	unnamed Rect: pos = array([  71.45099518, -201.27326569])
18.2630 	EXP 	unnamed Rect: pos = array([  71.45099518, -201.27326569])
18.2801 	EXP 	unnamed Rect: pos = array([  71.45099518, -201.27326569])
18.2968 	EXP 	unnamed Rect: pos = array([  71.45099518, -201.27326569])
18.3128 	EXP 	unnamed Rect: pos = array([  71.45099518, -201.27326569])
18.3295 	EXP 	unnamed Rect: pos = array([  71.45099518, -201.27326569])
18.3464 	EXP 	unnamed Rect: pos = array([  71.45099518, -201.27326569])
18.3636 	EXP 	unnamed Rect: pos = array([  71.45099518, -201.27326569])
18.3642 	DATA 	Keypress: up
18.3800 	EXP 	unnamed Rect: pos = array([  71.45099518, -191.27326569])
18.3962 	EXP 	unnamed Rect: pos = array([  71.45099518, -191.27326569])
18.4132 	EXP 	unnamed Rect: pos = array([  71.45099518, -191.27326569])
18.4300 	EXP 	unnamed Rect: pos = array([  71.45099518, -191.27326569])
18.4460 	EXP 	unnamed Rect: pos = array([  71.45099518, -191.27326569])
18.4633 	EXP 	unnamed Rect: pos = array([  71.45099518, -191.27326569])
18.4793 	EXP 	unnamed Rect: pos = array([  71.45099518, -191.27326569])
18.4967 	EXP 	unnamed Rect: pos = array([  71.45099518, -191.27326569])
18.5137 	EXP 	unnamed Rect: pos = array([  71.45099518, -191.27326569])
18.5301 	EXP 	unnamed Rect: pos = array([  71.45099518, -191.27326569])
18.5306 	DATA 	Keypress: up
18.5464 	EXP 	unnamed Rect: pos = array([  71.45099518, -181.27326569])
18.5626 	EXP 	unnamed Rect: pos = array([  71.45099518, -181.27326569])
18.5799 	EXP 	unnamed Rect: pos = array([  71.45099518, -181.27326569])
18.5965 	EXP 	unnamed Rect: pos = array([  71.45099518, -181.27326569])
18.6131 	EXP 	unnamed Rect: pos = array([  71.45099518, -181.27326569])
18.6298 	EXP 	unnamed Rect: pos = array([  71.45099518, -181.27326569])
18.6462 	EXP 	unnamed Rect: pos = array([  71.45099518, -181.27326569])
18.6633 	EXP 	unnamed Rect: pos = array([  71.45099518, -181.27326569])
18.6801 	EXP 	unnamed Rect: pos = array([  71.45099518, -181.27326569])
18.6807 	DATA 	Keypress: up
18.6965 	EXP 	unnamed Rect: pos = array([  71.45099518, -171.27326569])
18.7133 	EXP 	unnamed Rect: pos = array([  71.45099518, -171.27326569])
18.7294 	EXP 	unnamed Rect: pos = array([  71.45099518, -171.27326569])
18.7471 	EXP 	unnamed Rect: pos = array([  71.45099518, -171.27326569])
18.7631 	EXP 	unnamed Rect: pos = array([  71.45099518, -171.27326569])
18.7794 	EXP 	unnamed Rect: pos = array([  71.45099518, -171.27326569])
18.7964 	EXP 	unnamed Rect: pos = array([  71.45099518, -171.27326569])
18.8130 	EXP 	unnamed Rect: pos = array([  71.45099518, -171.27326569])
18.8297 	EXP 	unnamed Rect: pos = array([  71.45099518, -171.27326569])
18.8467 	EXP 	unnamed Rect: pos = array([  71.45099518, -171.27326569])
18.8507 	DATA 	Keypress: left
18.8632 	EXP 	unnamed Rect: pos = array([  71.45099518, -171.27326569])
18.8801 	EXP 	unnamed Rect: pos = array([  61.45099518, -171.27326569])
18.8962 	EXP 	unnamed Rect: pos = array([  61.45099518, -171.27326569])
18.9127 	EXP 	unnamed Rect: pos = array([  61.45099518, -171.27326569])
18.9298 	EXP 	unnamed Rect: pos = array([  61.45099518, -171.27326569])
18.9461 	EXP 	unnamed Rect: pos = array([  61.45099518, -171.27326569])
18.9628 	EXP 	unnamed Rect: pos = array([  61.45099518, -171.27326569])
18.9797 	EXP 	unnamed Rect: pos = array([  61.45099518, -171.27326569])
18.9962 	EXP 	unnamed Rect: pos = array([  61.45099518, -171.27326569])
19.0126 	EXP 	unnamed Rect: pos = array([  61.45099518, -171.27326569])
19.0297 	EXP 	unnamed Rect: pos = array([  61.45099518, -171.27326569])
19.0462 	EXP 	unnamed Rect: pos = array([  61.45099518, -171.27326569])
19.0627 	EXP 	unnamed Rect: pos = array([  61.45099518, -171.27326569])
19.0802 	EXP 	unnamed Rect: pos = array([  61.45099518, -171.27326569])
19.0964 	EXP 	unnamed Rect: pos = array([  61.45099518, -171.27326569])
19.1007 	DATA 	Keypress: up
19.1134 	EXP 	unnamed Rect: pos = array([  61.45099518, -171.27326569])
19.1300 	EXP 	unnamed Rect: pos = array([  61.45099518, -161.27326569])
19.1464 	EXP 	unnamed Rect: pos = array([  61.45099518, -161.27326569])
19.1626 	EXP 	unnamed Rect: pos = array([  61.45099518, -161.27326569])
19.1801 	EXP 	unnamed Rect: pos = array([  61.45099518, -161.27326569])
19.1964 	EXP 	unnamed Rect: pos = array([  61.45099518, -161.27326569])
19.2132 	EXP 	unnamed Rect: pos = array([  61.45099518, -161.27326569])
19.2297 	EXP 	unnamed Rect: pos = array([  61.45099518, -161.27326569])
19.2459 	EXP 	unnamed Rect: pos = array([  61.45099518, -161.27326569])
19.2628 	EXP 	unnamed Rect: pos = array([  61.45099518, -161.27326569])
19.2796 	EXP 	unnamed Rect: pos = array([  61.45099518, -161.27326569])
19.2838 	DATA 	Keypress: right
19.2966 	EXP 	unnamed Rect: pos = array([  61.45099518, -161.27326569])
19.3132 	EXP 	unnamed Rect: pos = array([  71.45099518, -161.27326569])
19.3295 	EXP 	unnamed Rect: pos = array([  71.45099518, -161.27326569])
19.3460 	EXP 	unnamed Rect: pos = array([  71.45099518, -161.27326569])
19.3626 	EXP 	unnamed Rect: pos = array([  71.45099518, -161.27326569])
19.3799 	EXP 	unnamed Rect: pos = array([  71.45099518, -161.27326569])
19.3961 	EXP 	unnamed Rect: pos = array([  71.45099518, -161.27326569])
19.4135 	EXP 	unnamed Rect: pos = array([  71.45099518, -161.27326569])
19.4295 	EXP 	unnamed Rect: pos = array([  71.45099518, -161.27326569])
19.4462 	EXP 	unnamed Rect: pos = array([  71.45099518, -161.27326569])
19.4636 	EXP 	unnamed Rect: pos = array([  71.45099518, -161.27326569])
19.4642 	DATA 	Keypress: right
19.4796 	EXP 	unnamed Rect: pos = array([  81.45099518, -161.27326569])
19.4971 	EXP 	unnamed Rect: pos = array([  81.45099518, -161.27326569])
19.5129 	EXP 	unnamed Rect: pos = array([  81.45099518, -161.27326569])
19.5296 	EXP 	unnamed Rect: pos = array([  81.45099518, -161.27326569])
19.5463 	EXP 	unnamed Rect: pos = array([  81.45099518, -161.27326569])
19.5630 	EXP 	unnamed Rect: pos = array([  81.45099518, -161.27326569])
19.5803 	EXP 	unnamed Rect: pos = array([  81.45099518, -161.27326569])
19.5972 	EXP 	unnamed Rect: pos = array([  81.45099518, -161.27326569])
19.6134 	EXP 	unnamed Rect: pos = array([  81.45099518, -161.27326569])
19.6300 	EXP 	unnamed Rect: pos = array([  81.45099518, -161.27326569])
19.6466 	EXP 	unnamed Rect: pos = array([  81.45099518, -161.27326569])
19.6633 	EXP 	unnamed Rect: pos = array([  81.45099518, -161.27326569])
19.6805 	EXP 	unnamed Rect: pos = array([  81.45099518, -161.27326569])
19.6812 	DATA 	Keypress: up
19.6971 	EXP 	unnamed Rect: pos = array([  81.45099518, -151.27326569])
19.7133 	EXP 	unnamed Rect: pos = array([  81.45099518, -151.27326569])
19.7302 	EXP 	unnamed Rect: pos = array([  81.45099518, -151.27326569])
19.7469 	EXP 	unnamed Rect: pos = array([  81.45099518, -151.27326569])
19.7639 	EXP 	unnamed Rect: pos = array([  81.45099518, -151.27326569])
19.7804 	EXP 	unnamed Rect: pos = array([  81.45099518, -151.27326569])
19.7964 	EXP 	unnamed Rect: pos = array([  81.45099518, -151.27326569])
19.8131 	EXP 	unnamed Rect: pos = array([  81.45099518, -151.27326569])
19.8303 	EXP 	unnamed Rect: pos = array([  81.45099518, -151.27326569])
19.8468 	EXP 	unnamed Rect: pos = array([  81.45099518, -151.27326569])
19.8636 	EXP 	unnamed Rect: pos = array([  81.45099518, -151.27326569])
19.8642 	DATA 	Keypress: left
19.8807 	EXP 	unnamed Rect: pos = array([  71.45099518, -151.27326569])
19.8967 	EXP 	unnamed Rect: pos = array([  71.45099518, -151.27326569])
19.9136 	EXP 	unnamed Rect: pos = array([  71.45099518, -151.27326569])
19.9301 	EXP 	unnamed Rect: pos = array([  71.45099518, -151.27326569])
19.9468 	EXP 	unnamed Rect: pos = array([  71.45099518, -151.27326569])
19.9632 	EXP 	unnamed Rect: pos = array([  71.45099518, -151.27326569])
19.9800 	EXP 	unnamed Rect: pos = array([  71.45099518, -151.27326569])
19.9966 	EXP 	unnamed Rect: pos = array([  71.45099518, -151.27326569])
20.0133 	EXP 	unnamed Rect: pos = array([  71.45099518, -151.27326569])
20.0298 	EXP 	unnamed Rect: pos = array([  71.45099518, -151.27326569])
20.0463 	EXP 	unnamed Rect: pos = array([  71.45099518, -151.27326569])
20.0634 	EXP 	unnamed Rect: pos = array([  71.45099518, -151.27326569])
20.0641 	DATA 	Keypress: left
20.0800 	EXP 	unnamed Rect: pos = array([  61.45099518, -151.27326569])
20.0968 	EXP 	unnamed Rect: pos = array([  61.45099518, -151.27326569])
20.1131 	EXP 	unnamed Rect: pos = array([  61.45099518, -151.27326569])
20.1301 	EXP 	unnamed Rect: pos = array([  61.45099518, -151.27326569])
20.1465 	EXP 	unnamed Rect: pos = array([  61.45099518, -151.27326569])
20.1628 	EXP 	unnamed Rect: pos = array([  61.45099518, -151.27326569])
20.1798 	EXP 	unnamed Rect: pos = array([  61.45099518, -151.27326569])
20.1962 	EXP 	unnamed Rect: pos = array([  61.45099518, -151.27326569])
20.2130 	EXP 	unnamed Rect: pos = array([  61.45099518, -151.27326569])
20.2301 	EXP 	unnamed Rect: pos = array([  61.45099518, -151.27326569])
20.2308 	DATA 	Keypress: left
20.2465 	EXP 	unnamed Rect: pos = array([  51.45099518, -151.27326569])
20.2632 	EXP 	unnamed Rect: pos = array([  51.45099518, -151.27326569])
20.2797 	EXP 	unnamed Rect: pos = array([  51.45099518, -151.27326569])
20.2963 	EXP 	unnamed Rect: pos = array([  51.45099518, -151.27326569])
20.3143 	EXP 	unnamed Rect: pos = array([  51.45099518, -151.27326569])
20.3297 	EXP 	unnamed Rect: pos = array([  51.45099518, -151.27326569])
20.3467 	EXP 	unnamed Rect: pos = array([  51.45099518, -151.27326569])
20.3473 	DATA 	Keypress: up
20.3631 	EXP 	unnamed Rect: pos = array([  51.45099518, -141.27326569])
20.3795 	EXP 	unnamed Rect: pos = array([  51.45099518, -141.27326569])
20.3962 	EXP 	unnamed Rect: pos = array([  51.45099518, -141.27326569])
20.4134 	EXP 	unnamed Rect: pos = array([  51.45099518, -141.27326569])
20.4299 	EXP 	unnamed Rect: pos = array([  51.45099518, -141.27326569])
20.4465 	EXP 	unnamed Rect: pos = array([  51.45099518, -141.27326569])
20.4630 	EXP 	unnamed Rect: pos = array([  51.45099518, -141.27326569])
20.4804 	EXP 	unnamed Rect: pos = array([  51.45099518, -141.27326569])
20.4958 	EXP 	unnamed Rect: pos = array([  51.45099518, -141.27326569])
20.5132 	EXP 	unnamed Rect: pos = array([  51.45099518, -141.27326569])
20.5300 	EXP 	unnamed Rect: pos = array([  51.45099518, -141.27326569])
20.5306 	DATA 	Keypress: up
20.5462 	EXP 	unnamed Rect: pos = array([  51.45099518, -131.27326569])
20.5628 	EXP 	unnamed Rect: pos = array([  51.45099518, -131.27326569])
20.5793 	EXP 	unnamed Rect: pos = array([  51.45099518, -131.27326569])
20.5963 	EXP 	unnamed Rect: pos = array([  51.45099518, -131.27326569])
20.6131 	EXP 	unnamed Rect: pos = array([  51.45099518, -131.27326569])
20.6294 	EXP 	unnamed Rect: pos = array([  51.45099518, -131.27326569])
20.6464 	EXP 	unnamed Rect: pos = array([  51.45099518, -131.27326569])
20.6627 	EXP 	unnamed Rect: pos = array([  51.45099518, -131.27326569])
20.6794 	EXP 	unnamed Rect: pos = array([  51.45099518, -131.27326569])
20.6970 	EXP 	unnamed Rect: pos = array([  51.45099518, -131.27326569])
20.6976 	DATA 	Keypress: up
20.7127 	EXP 	unnamed Rect: pos = array([  51.45099518, -121.27326569])
20.7297 	EXP 	unnamed Rect: pos = array([  51.45099518, -121.27326569])
20.7467 	EXP 	unnamed Rect: pos = array([  51.45099518, -121.27326569])
20.7630 	EXP 	unnamed Rect: pos = array([  51.45099518, -121.27326569])
20.7802 	EXP 	unnamed Rect: pos = array([  51.45099518, -121.27326569])
20.7961 	EXP 	unnamed Rect: pos = array([  51.45099518, -121.27326569])
20.8129 	EXP 	unnamed Rect: pos = array([  51.45099518, -121.27326569])
20.8297 	EXP 	unnamed Rect: pos = array([  51.45099518, -121.27326569])
20.8465 	EXP 	unnamed Rect: pos = array([  51.45099518, -121.27326569])
20.8505 	DATA 	Keypress: up
20.8638 	EXP 	unnamed Rect: pos = array([  51.45099518, -121.27326569])
20.8796 	EXP 	unnamed Rect: pos = array([  51.45099518, -111.27326569])
20.8960 	EXP 	unnamed Rect: pos = array([  51.45099518, -111.27326569])
20.9136 	EXP 	unnamed Rect: pos = array([  51.45099518, -111.27326569])
20.9309 	EXP 	unnamed Rect: pos = array([  51.45099518, -111.27326569])
20.9460 	EXP 	unnamed Rect: pos = array([  51.45099518, -111.27326569])
20.9627 	EXP 	unnamed Rect: pos = array([  51.45099518, -111.27326569])
20.9795 	EXP 	unnamed Rect: pos = array([  51.45099518, -111.27326569])
20.9962 	EXP 	unnamed Rect: pos = array([  51.45099518, -111.27326569])
21.0139 	EXP 	unnamed Rect: pos = array([  51.45099518, -111.27326569])
21.0299 	EXP 	unnamed Rect: pos = array([  51.45099518, -111.27326569])
21.0305 	DATA 	Keypress: up
21.0464 	EXP 	unnamed Rect: pos = array([  51.45099518, -101.27326569])
21.0628 	EXP 	unnamed Rect: pos = array([  51.45099518, -101.27326569])
21.0799 	EXP 	unnamed Rect: pos = array([  51.45099518, -101.27326569])
21.0966 	EXP 	unnamed Rect: pos = array([  51.45099518, -101.27326569])
21.1127 	EXP 	unnamed Rect: pos = array([  51.45099518, -101.27326569])
21.1296 	EXP 	unnamed Rect: pos = array([  51.45099518, -101.27326569])
21.1460 	EXP 	unnamed Rect: pos = array([  51.45099518, -101.27326569])
21.1626 	EXP 	unnamed Rect: pos = array([  51.45099518, -101.27326569])
21.1795 	EXP 	unnamed Rect: pos = array([  51.45099518, -101.27326569])
21.1965 	EXP 	unnamed Rect: pos = array([  51.45099518, -101.27326569])
21.1972 	DATA 	Keypress: up
21.2128 	EXP 	unnamed Rect: pos = array([ 51.45099518, -91.27326569])
21.2304 	EXP 	unnamed Rect: pos = array([ 51.45099518, -91.27326569])
21.2464 	EXP 	unnamed Rect: pos = array([ 51.45099518, -91.27326569])
21.2633 	EXP 	unnamed Rect: pos = array([ 51.45099518, -91.27326569])
21.2794 	EXP 	unnamed Rect: pos = array([ 51.45099518, -91.27326569])
21.2963 	EXP 	unnamed Rect: pos = array([ 51.45099518, -91.27326569])
21.3126 	EXP 	unnamed Rect: pos = array([ 51.45099518, -91.27326569])
21.3298 	EXP 	unnamed Rect: pos = array([ 51.45099518, -91.27326569])
21.3304 	DATA 	Keypress: left
21.3468 	EXP 	unnamed Rect: pos = array([ 41.45099518, -91.27326569])
21.3627 	EXP 	unnamed Rect: pos = array([ 41.45099518, -91.27326569])
21.3800 	EXP 	unnamed Rect: pos = array([ 41.45099518, -91.27326569])
21.3961 	EXP 	unnamed Rect: pos = array([ 41.45099518, -91.27326569])
21.4131 	EXP 	unnamed Rect: pos = array([ 41.45099518, -91.27326569])
21.4295 	EXP 	unnamed Rect: pos = array([ 41.45099518, -91.27326569])
21.4465 	EXP 	unnamed Rect: pos = array([ 41.45099518, -91.27326569])
21.4631 	EXP 	unnamed Rect: pos = array([ 41.45099518, -91.27326569])
21.4796 	EXP 	unnamed Rect: pos = array([ 41.45099518, -91.27326569])
21.4966 	EXP 	unnamed Rect: pos = array([ 41.45099518, -91.27326569])
21.5137 	EXP 	unnamed Rect: pos = array([ 41.45099518, -91.27326569])
21.5144 	DATA 	Keypress: left
21.5300 	EXP 	unnamed Rect: pos = array([ 31.45099518, -91.27326569])
21.5471 	EXP 	unnamed Rect: pos = array([ 31.45099518, -91.27326569])
21.5634 	EXP 	unnamed Rect: pos = array([ 31.45099518, -91.27326569])
21.5796 	EXP 	unnamed Rect: pos = array([ 31.45099518, -91.27326569])
21.5963 	EXP 	unnamed Rect: pos = array([ 31.45099518, -91.27326569])
21.6127 	EXP 	unnamed Rect: pos = array([ 31.45099518, -91.27326569])
21.6297 	EXP 	unnamed Rect: pos = array([ 31.45099518, -91.27326569])
21.6465 	EXP 	unnamed Rect: pos = array([ 31.45099518, -91.27326569])
21.6638 	EXP 	unnamed Rect: pos = array([ 31.45099518, -91.27326569])
21.6644 	DATA 	Keypress: left
21.6796 	EXP 	unnamed Rect: pos = array([ 21.45099518, -91.27326569])
21.6963 	EXP 	unnamed Rect: pos = array([ 21.45099518, -91.27326569])
21.7134 	EXP 	unnamed Rect: pos = array([ 21.45099518, -91.27326569])
21.7297 	EXP 	unnamed Rect: pos = array([ 21.45099518, -91.27326569])
21.7462 	EXP 	unnamed Rect: pos = array([ 21.45099518, -91.27326569])
21.7633 	EXP 	unnamed Rect: pos = array([ 21.45099518, -91.27326569])
21.7795 	EXP 	unnamed Rect: pos = array([ 21.45099518, -91.27326569])
21.7963 	EXP 	unnamed Rect: pos = array([ 21.45099518, -91.27326569])
21.7969 	DATA 	Keypress: up
21.8136 	EXP 	unnamed Rect: pos = array([ 21.45099518, -81.27326569])
21.8297 	EXP 	unnamed Rect: pos = array([ 21.45099518, -81.27326569])
21.8461 	EXP 	unnamed Rect: pos = array([ 21.45099518, -81.27326569])
21.8630 	EXP 	unnamed Rect: pos = array([ 21.45099518, -81.27326569])
21.8798 	EXP 	unnamed Rect: pos = array([ 21.45099518, -81.27326569])
21.8969 	EXP 	unnamed Rect: pos = array([ 21.45099518, -81.27326569])
21.9130 	EXP 	unnamed Rect: pos = array([ 21.45099518, -81.27326569])
21.9294 	EXP 	unnamed Rect: pos = array([ 21.45099518, -81.27326569])
21.9465 	EXP 	unnamed Rect: pos = array([ 21.45099518, -81.27326569])
21.9641 	EXP 	unnamed Rect: pos = array([ 21.45099518, -81.27326569])
21.9796 	EXP 	unnamed Rect: pos = array([ 21.45099518, -81.27326569])
21.9967 	EXP 	unnamed Rect: pos = array([ 21.45099518, -81.27326569])
21.9974 	DATA 	Keypress: up
22.0128 	EXP 	unnamed Rect: pos = array([ 21.45099518, -71.27326569])
22.0295 	EXP 	unnamed Rect: pos = array([ 21.45099518, -71.27326569])
22.0465 	EXP 	unnamed Rect: pos = array([ 21.45099518, -71.27326569])
22.0635 	EXP 	unnamed Rect: pos = array([ 21.45099518, -71.27326569])
22.0795 	EXP 	unnamed Rect: pos = array([ 21.45099518, -71.27326569])
22.0968 	EXP 	unnamed Rect: pos = array([ 21.45099518, -71.27326569])
22.1129 	EXP 	unnamed Rect: pos = array([ 21.45099518, -71.27326569])
22.1298 	EXP 	unnamed Rect: pos = array([ 21.45099518, -71.27326569])
22.1469 	EXP 	unnamed Rect: pos = array([ 21.45099518, -71.27326569])
22.1509 	DATA 	Keypress: up
22.1636 	EXP 	unnamed Rect: pos = array([ 21.45099518, -71.27326569])
22.1800 	EXP 	unnamed Rect: pos = array([ 21.45099518, -61.27326569])
22.1967 	EXP 	unnamed Rect: pos = array([ 21.45099518, -61.27326569])
22.2132 	EXP 	unnamed Rect: pos = array([ 21.45099518, -61.27326569])
22.2297 	EXP 	unnamed Rect: pos = array([ 21.45099518, -61.27326569])
22.2460 	EXP 	unnamed Rect: pos = array([ 21.45099518, -61.27326569])
22.2630 	EXP 	unnamed Rect: pos = array([ 21.45099518, -61.27326569])
22.2797 	EXP 	unnamed Rect: pos = array([ 21.45099518, -61.27326569])
22.2965 	EXP 	unnamed Rect: pos = array([ 21.45099518, -61.27326569])
22.3132 	EXP 	unnamed Rect: pos = array([ 21.45099518, -61.27326569])
22.3174 	DATA 	Keypress: left
22.3302 	EXP 	unnamed Rect: pos = array([ 21.45099518, -61.27326569])
22.3463 	EXP 	unnamed Rect: pos = array([ 11.45099518, -61.27326569])
22.3629 	EXP 	unnamed Rect: pos = array([ 11.45099518, -61.27326569])
22.3800 	EXP 	unnamed Rect: pos = array([ 11.45099518, -61.27326569])
22.3972 	EXP 	unnamed Rect: pos = array([ 11.45099518, -61.27326569])
22.4134 	EXP 	unnamed Rect: pos = array([ 11.45099518, -61.27326569])
22.4294 	EXP 	unnamed Rect: pos = array([ 11.45099518, -61.27326569])
22.4467 	EXP 	unnamed Rect: pos = array([ 11.45099518, -61.27326569])
22.4631 	EXP 	unnamed Rect: pos = array([ 11.45099518, -61.27326569])
22.4800 	EXP 	unnamed Rect: pos = array([ 11.45099518, -61.27326569])
22.4967 	EXP 	unnamed Rect: pos = array([ 11.45099518, -61.27326569])
22.4974 	DATA 	Keypress: left
22.5136 	EXP 	unnamed Rect: pos = array([  1.45099518, -61.27326569])
22.5294 	EXP 	unnamed Rect: pos = array([  1.45099518, -61.27326569])
22.5467 	EXP 	unnamed Rect: pos = array([  1.45099518, -61.27326569])
22.5634 	EXP 	unnamed Rect: pos = array([  1.45099518, -61.27326569])
22.5807 	EXP 	unnamed Rect: pos = array([  1.45099518, -61.27326569])
22.5966 	EXP 	unnamed Rect: pos = array([  1.45099518, -61.27326569])
22.6129 	EXP 	unnamed Rect: pos = array([  1.45099518, -61.27326569])
22.6303 	EXP 	unnamed Rect: pos = array([  1.45099518, -61.27326569])
22.6467 	EXP 	unnamed Rect: pos = array([  1.45099518, -61.27326569])
22.6633 	EXP 	unnamed Rect: pos = array([  1.45099518, -61.27326569])
22.6804 	EXP 	unnamed Rect: pos = array([  1.45099518, -61.27326569])
22.6811 	DATA 	Keypress: left
22.6964 	EXP 	unnamed Rect: pos = array([ -8.54900482, -61.27326569])
22.7136 	EXP 	unnamed Rect: pos = array([ -8.54900482, -61.27326569])
22.7303 	EXP 	unnamed Rect: pos = array([ -8.54900482, -61.27326569])
22.7309 	DATA 	Keypress: up
22.7463 	EXP 	unnamed Rect: pos = array([ -8.54900482, -51.27326569])
22.7629 	EXP 	unnamed Rect: pos = array([ -8.54900482, -51.27326569])
22.7798 	EXP 	unnamed Rect: pos = array([ -8.54900482, -51.27326569])
22.7972 	EXP 	unnamed Rect: pos = array([ -8.54900482, -51.27326569])
22.8136 	EXP 	unnamed Rect: pos = array([ -8.54900482, -51.27326569])
22.8304 	EXP 	unnamed Rect: pos = array([ -8.54900482, -51.27326569])
22.8463 	EXP 	unnamed Rect: pos = array([ -8.54900482, -51.27326569])
22.8631 	EXP 	unnamed Rect: pos = array([ -8.54900482, -51.27326569])
22.8796 	EXP 	unnamed Rect: pos = array([ -8.54900482, -51.27326569])
22.8964 	EXP 	unnamed Rect: pos = array([ -8.54900482, -51.27326569])
22.9004 	DATA 	Keypress: up
22.9135 	EXP 	unnamed Rect: pos = array([ -8.54900482, -51.27326569])
22.9303 	EXP 	unnamed Rect: pos = array([ -8.54900482, -41.27326569])
22.9465 	EXP 	unnamed Rect: pos = array([ -8.54900482, -41.27326569])
22.9628 	EXP 	unnamed Rect: pos = array([ -8.54900482, -41.27326569])
22.9795 	EXP 	unnamed Rect: pos = array([ -8.54900482, -41.27326569])
22.9968 	EXP 	unnamed Rect: pos = array([ -8.54900482, -41.27326569])
23.0139 	EXP 	unnamed Rect: pos = array([ -8.54900482, -41.27326569])
23.0296 	EXP 	unnamed Rect: pos = array([ -8.54900482, -41.27326569])
23.0466 	EXP 	unnamed Rect: pos = array([ -8.54900482, -41.27326569])
23.0628 	EXP 	unnamed Rect: pos = array([ -8.54900482, -41.27326569])
23.0798 	EXP 	unnamed Rect: pos = array([ -8.54900482, -41.27326569])
23.0966 	EXP 	unnamed Rect: pos = array([ -8.54900482, -41.27326569])
23.0972 	DATA 	Keypress: up
23.1132 	EXP 	unnamed Rect: pos = array([ -8.54900482, -31.27326569])
23.1305 	EXP 	unnamed Rect: pos = array([ -8.54900482, -31.27326569])
23.1464 	EXP 	unnamed Rect: pos = array([ -8.54900482, -31.27326569])
23.1628 	EXP 	unnamed Rect: pos = array([ -8.54900482, -31.27326569])
23.1808 	EXP 	unnamed Rect: pos = array([ -8.54900482, -31.27326569])
23.1967 	EXP 	unnamed Rect: pos = array([ -8.54900482, -31.27326569])
23.2131 	EXP 	unnamed Rect: pos = array([ -8.54900482, -31.27326569])
23.2302 	EXP 	unnamed Rect: pos = array([ -8.54900482, -31.27326569])
23.2464 	EXP 	unnamed Rect: pos = array([ -8.54900482, -31.27326569])
23.2630 	EXP 	unnamed Rect: pos = array([ -8.54900482, -31.27326569])
23.2674 	DATA 	Keypress: left
23.2807 	EXP 	unnamed Rect: pos = array([ -8.54900482, -31.27326569])
23.2970 	EXP 	unnamed Rect: pos = array([-18.54900482, -31.27326569])
23.3135 	EXP 	unnamed Rect: pos = array([-18.54900482, -31.27326569])
23.3299 	EXP 	unnamed Rect: pos = array([-18.54900482, -31.27326569])
23.3465 	EXP 	unnamed Rect: pos = array([-18.54900482, -31.27326569])
23.3634 	EXP 	unnamed Rect: pos = array([-18.54900482, -31.27326569])
23.3803 	EXP 	unnamed Rect: pos = array([-18.54900482, -31.27326569])
23.3965 	EXP 	unnamed Rect: pos = array([-18.54900482, -31.27326569])
23.4132 	EXP 	unnamed Rect: pos = array([-18.54900482, -31.27326569])
23.4301 	EXP 	unnamed Rect: pos = array([-18.54900482, -31.27326569])
23.4469 	EXP 	unnamed Rect: pos = array([-18.54900482, -31.27326569])
23.4638 	EXP 	unnamed Rect: pos = array([-18.54900482, -31.27326569])
23.4799 	EXP 	unnamed Rect: pos = array([-18.54900482, -31.27326569])
23.4964 	EXP 	unnamed Rect: pos = array([-18.54900482, -31.27326569])
23.5007 	DATA 	Keypress: up
23.5141 	EXP 	unnamed Rect: pos = array([-18.54900482, -31.27326569])
23.5294 	EXP 	unnamed Rect: pos = array([-18.54900482, -21.27326569])
23.5464 	EXP 	unnamed Rect: pos = array([-18.54900482, -21.27326569])
23.5631 	EXP 	unnamed Rect: pos = array([-18.54900482, -21.27326569])
23.5798 	EXP 	unnamed Rect: pos = array([-18.54900482, -21.27326569])
23.5968 	EXP 	unnamed Rect: pos = array([-18.54900482, -21.27326569])
23.6137 	EXP 	unnamed Rect: pos = array([-18.54900482, -21.27326569])
23.6305 	EXP 	unnamed Rect: pos = array([-18.54900482, -21.27326569])
23.6473 	EXP 	unnamed Rect: pos = array([-18.54900482, -21.27326569])
23.6636 	EXP 	unnamed Rect: pos = array([-18.54900482, -21.27326569])
23.6804 	EXP 	unnamed Rect: pos = array([-18.54900482, -21.27326569])
23.6980 	EXP 	unnamed Rect: pos = array([-18.54900482, -21.27326569])
23.6987 	DATA 	Keypress: up
23.7134 	EXP 	unnamed Rect: pos = array([-18.54900482, -11.27326569])
23.7299 	EXP 	unnamed Rect: pos = array([-18.54900482, -11.27326569])
23.7466 	EXP 	unnamed Rect: pos = array([-18.54900482, -11.27326569])
23.7632 	EXP 	unnamed Rect: pos = array([-18.54900482, -11.27326569])
23.7806 	EXP 	unnamed Rect: pos = array([-18.54900482, -11.27326569])
23.7977 	EXP 	unnamed Rect: pos = array([-18.54900482, -11.27326569])
23.8132 	EXP 	unnamed Rect: pos = array([-18.54900482, -11.27326569])
23.8300 	EXP 	unnamed Rect: pos = array([-18.54900482, -11.27326569])
23.8468 	EXP 	unnamed Rect: pos = array([-18.54900482, -11.27326569])
23.8633 	EXP 	unnamed Rect: pos = array([-18.54900482, -11.27326569])
23.8800 	EXP 	unnamed Rect: pos = array([-18.54900482, -11.27326569])
23.8842 	DATA 	Keypress: left
23.8978 	EXP 	unnamed Rect: pos = array([-18.54900482, -11.27326569])
23.9133 	EXP 	unnamed Rect: pos = array([-28.54900482, -11.27326569])
23.9300 	EXP 	unnamed Rect: pos = array([-28.54900482, -11.27326569])
23.9470 	EXP 	unnamed Rect: pos = array([-28.54900482, -11.27326569])
23.9642 	EXP 	unnamed Rect: pos = array([-28.54900482, -11.27326569])
23.9802 	EXP 	unnamed Rect: pos = array([-28.54900482, -11.27326569])
23.9968 	EXP 	unnamed Rect: pos = array([-28.54900482, -11.27326569])
24.0135 	EXP 	unnamed Rect: pos = array([-28.54900482, -11.27326569])
24.0299 	EXP 	unnamed Rect: pos = array([-28.54900482, -11.27326569])
24.0466 	EXP 	text: autoDraw = True
24.0831 	DATA 	Keypress: left
24.2328 	DATA 	Keypress: up
27.0307 	EXP 	New trial (rep=1, index=0): None
27.0466 	EXP 	text: autoDraw = False
27.0466 	EXP 	text: autoDraw = False
27.0466 	EXP 	Welcometext: autoDraw = True
30.6514 	DATA 	Keypress: escape
30.7758 	EXP 	window1: mouseVisible = True
