4.9152 	WARNING 	We strongly recommend you activate the PTB sound engine in PsychoPy prefs as the preferred audio engine. Its timing is vastly superior. Your prefs are currently set to use ['sounddevice', 'PTB', 'pyo', 'pygame'] (in that order).
16.8600 	WARNING 	User requested fullscreen with size [1440  900], but screen is actually [1920, 1080]. Using actual size
20.2670 	EXP 	Created window1 = Window(allowGUI=False, allowStencil=False, autoLog=True, backendConf=UNKNOWN, bitsMode=UNKNOWN, blendMode='avg', bpc=(8, 8, 8), color=array([-1., -1., -1.]), colorSpace='rgb', depthBits=8, fullscr=<method-wrapper '__getattribute__' of attributeSetter object at 0x0000022615B4AE80>, gamma=None, gammaErrorPolicy='raise', lms=UNKNOWN, monitor=<psychopy.monitors.calibTools.Monitor object at 0x00000226176413A0>, multiSample=False, name='window1', numSamples=2, pos=(0, 0), screen=0, size=array([1920, 1080]), stencilBits=0, stereo=False, units='height', useFBO=True, useRetina=False, viewOri=0.0, viewPos=None, viewScale=None, waitBlanking=True, winType='pyglet')
20.2676 	EXP 	window1: mouseVisible = True
20.2676 	EXP 	window1: Attempting to measure frame rate of screen (0) ...
20.2677 	EXP 	window1: recordFrameIntervals = False
20.4324 	EXP 	window1: recordFrameIntervals = True
20.6160 	EXP 	Screen (0) actual frame rate measured at 59.89Hz
20.6161 	EXP 	window1: recordFrameIntervals = False
24.8474 	EXP 	Created Welcometext = TextStim(__class__=<class 'psychopy.visual.text.TextStim'>, alignHoriz=method-wrapper(...), alignText='center', alignVert=method-wrapper(...), anchorHoriz='center', anchorVert='center', antialias=True, autoLog=True, bold=False, color=array([1., 1., 1.]), colorSpace='rgb', contrast=1.0, depth=0.0, flipHoriz=False, flipVert=False, font='Open Sans', fontFiles=[], height=0.05, italic=False, languageStyle='LTR', name='Welcometext', opacity=1, ori=0.0, pos=array([0., 0.]), rgb=UNKNOWN, text='Welcome\nPlease press Spacebar to start', units='height', win=Window(...), wrapWidth=1)
24.8875 	EXP 	Created text = TextStim(__class__=<class 'psychopy.visual.text.TextStim'>, alignHoriz=method-wrapper(...), alignText='center', alignVert=method-wrapper(...), anchorHoriz='center', anchorVert='center', antialias=True, autoLog=True, bold=False, color=array([1., 1., 1.]), colorSpace='rgb', contrast=1.0, depth=0.0, flipHoriz=False, flipVert=False, font='Open Sans', fontFiles=[], height=0.05, italic=False, languageStyle='LTR', name='text', opacity=1, ori=0.0, pos=array([0., 0.]), rgb=UNKNOWN, text=str(...), units='height', win=Window(...), wrapWidth=1)
24.8885 	EXP 	Created sequence: random, trialTypes=1, nReps=5, seed=None
24.8889 	EXP 	New trial (rep=0, index=0): None
24.9030 	EXP 	Welcometext: autoDraw = True
25.3750 	EXP 	Created unnamed Rect = Rect(__class__=<class 'psychopy.visual.rect.Rect'>, anchor=('center', 'center'), autoDraw=False, autoLog=True, closeShape=True, color=method-wrapper(...), colorSpace='rgb', contrast=None, depth=0, fillColor=array([ 1, -1, -1]), fillColorSpace='rgb', fillRGB=array([ 1, -1, -1]), interpolate=True, lineColor=array([-1., -1.,  1.]), lineColorSpace='rgb', lineRGB=array([-1, -1,  1]), lineWidth=1.5, name='unnamed Rect', opacity=1, ori=0.0, pos=array([0., 0.]), size=array([1000.,  700.]), units='pix', vertices=ndarray(...), win=Window(...))
25.3781 	EXP 	Created unnamed Rect = Rect(__class__=<class 'psychopy.visual.rect.Rect'>, anchor=('center', 'center'), autoDraw=False, autoLog=True, closeShape=True, color=method-wrapper(...), colorSpace='rgb', contrast=None, depth=0, fillColor=array([-1, -1, -1]), fillColorSpace='rgb', fillRGB=array([-1, -1, -1]), interpolate=True, lineColor=array([-1., -1.,  1.]), lineColorSpace='rgb', lineRGB=array([-1, -1,  1]), lineWidth=1.5, name='unnamed Rect', opacity=1, ori=0.0, pos=array([0., 0.]), size=array([400., 600.]), units='pix', vertices=ndarray(...), win=Window(...))
25.3814 	EXP 	Created unnamed Rect = Rect(__class__=<class 'psychopy.visual.rect.Rect'>, anchor=('center', 'center'), autoDraw=False, autoLog=True, closeShape=True, color=method-wrapper(...), colorSpace='rgb', contrast=None, depth=0, fillColor=array([-1, -1, -1]), fillColorSpace='rgb', fillRGB=array([-1, -1, -1]), interpolate=True, lineColor=array([-1., -1.,  1.]), lineColorSpace='rgb', lineRGB=array([-1, -1,  1]), lineWidth=1.5, name='unnamed Rect', opacity=1, ori=0.0, pos=array([0., 0.]), size=array([400., 600.]), units='pix', vertices=ndarray(...), win=Window(...))
25.3875 	EXP 	Created unnamed Rect = Rect(__class__=<class 'psychopy.visual.rect.Rect'>, anchor=('center', 'center'), autoDraw=False, autoLog=True, closeShape=True, color=method-wrapper(...), colorSpace='rgb', contrast=None, depth=0, fillColor=array([ 1,  1, -1]), fillColorSpace='rgb', fillRGB=array([ 1,  1, -1]), interpolate=True, lineColor=array([0., 0., 0.]), lineColorSpace='rgb', lineRGB=array([0, 0, 0]), lineWidth=1.5, name='unnamed Rect', opacity=0.5, ori=0.0, pos=array([0., 0.]), size=array([30., 30.]), units='pix', vertices=ndarray(...), win=Window(...))
25.3914 	EXP 	Created unnamed Rect = Rect(__class__=<class 'psychopy.visual.rect.Rect'>, anchor=('center', 'center'), autoDraw=False, autoLog=True, closeShape=True, color=method-wrapper(...), colorSpace='rgb', contrast=None, depth=0, fillColor=array([ 1,  1, -1]), fillColorSpace='rgb', fillRGB=array([ 1,  1, -1]), interpolate=True, lineColor=array([0., 0., 0.]), lineColorSpace='rgb', lineRGB=array([0, 0, 0]), lineWidth=1.5, name='unnamed Rect', opacity=0.5, ori=0.0, pos=array([0., 0.]), size=array([30., 30.]), units='pix', vertices=ndarray(...), win=Window(...))
25.3953 	EXP 	Created unnamed Rect = Rect(__class__=<class 'psychopy.visual.rect.Rect'>, anchor=('center', 'center'), autoDraw=False, autoLog=True, closeShape=True, color=method-wrapper(...), colorSpace='rgb', contrast=None, depth=0, fillColor=array([ 1,  1, -1]), fillColorSpace='rgb', fillRGB=array([ 1,  1, -1]), interpolate=True, lineColor=array([0., 0., 0.]), lineColorSpace='rgb', lineRGB=array([0, 0, 0]), lineWidth=1.5, name='unnamed Rect', opacity=0.5, ori=0.0, pos=array([0., 0.]), size=array([30., 30.]), units='pix', vertices=ndarray(...), win=Window(...))
25.3996 	EXP 	Created unnamed Rect = Rect(__class__=<class 'psychopy.visual.rect.Rect'>, anchor=('center', 'center'), autoDraw=False, autoLog=True, closeShape=True, color=method-wrapper(...), colorSpace='rgb', contrast=None, depth=0, fillColor=array([ 1,  1, -1]), fillColorSpace='rgb', fillRGB=array([ 1,  1, -1]), interpolate=True, lineColor=array([0., 0., 0.]), lineColorSpace='rgb', lineRGB=array([0, 0, 0]), lineWidth=1.5, name='unnamed Rect', opacity=0.5, ori=0.0, pos=array([0., 0.]), size=array([30., 30.]), units='pix', vertices=ndarray(...), win=Window(...))
25.4036 	EXP 	Created unnamed Rect = Rect(__class__=<class 'psychopy.visual.rect.Rect'>, anchor=('center', 'center'), autoDraw=False, autoLog=True, closeShape=True, color=method-wrapper(...), colorSpace='rgb', contrast=None, depth=0, fillColor=array([ 1,  1, -1]), fillColorSpace='rgb', fillRGB=array([ 1,  1, -1]), interpolate=True, lineColor=array([0., 0., 0.]), lineColorSpace='rgb', lineRGB=array([0, 0, 0]), lineWidth=1.5, name='unnamed Rect', opacity=0.5, ori=0.0, pos=array([0., 0.]), size=array([30., 30.]), units='pix', vertices=ndarray(...), win=Window(...))
25.4078 	EXP 	Created unnamed Rect = Rect(__class__=<class 'psychopy.visual.rect.Rect'>, anchor=('center', 'center'), autoDraw=False, autoLog=True, closeShape=True, color=method-wrapper(...), colorSpace='rgb', contrast=None, depth=0, fillColor=array([ 1,  1, -1]), fillColorSpace='rgb', fillRGB=array([ 1,  1, -1]), interpolate=True, lineColor=array([0., 0., 0.]), lineColorSpace='rgb', lineRGB=array([0, 0, 0]), lineWidth=1.5, name='unnamed Rect', opacity=0.5, ori=0.0, pos=array([0., 0.]), size=array([30., 30.]), units='pix', vertices=ndarray(...), win=Window(...))
25.5181 	EXP 	Created unnamed ImageStim = ImageStim(__class__=<class 'psychopy.visual.image.ImageStim'>, anchor=('center', 'center'), autoLog=True, color=array([1., 1., 1.]), colorSpace='rgb', contrast=1.0, depth=0, flipHoriz=False, flipVert=False, image='tree.png', interpolate=False, mask=None, maskParams=None, name='unnamed ImageStim', opacity=1, ori=0.0, pos=array([0., 0.]), size=array([512., 512.]), texRes=128, units='pix', win=Window(...))
25.5953 	EXP 	Created unnamed ImageStim = ImageStim(__class__=<class 'psychopy.visual.image.ImageStim'>, anchor=('center', 'center'), autoLog=True, color=array([1., 1., 1.]), colorSpace='rgb', contrast=1.0, depth=0, flipHoriz=False, flipVert=False, image='tree.png', interpolate=False, mask=None, maskParams=None, name='unnamed ImageStim', opacity=1, ori=0.0, pos=array([0., 0.]), size=array([512., 512.]), texRes=128, units='pix', win=Window(...))
25.6736 	EXP 	Created unnamed ImageStim = ImageStim(__class__=<class 'psychopy.visual.image.ImageStim'>, anchor=('center', 'center'), autoLog=True, color=array([1., 1., 1.]), colorSpace='rgb', contrast=1.0, depth=0, flipHoriz=False, flipVert=False, image='tree.png', interpolate=False, mask=None, maskParams=None, name='unnamed ImageStim', opacity=1, ori=0.0, pos=array([0., 0.]), size=array([512., 512.]), texRes=128, units='pix', win=Window(...))
25.7577 	EXP 	Created unnamed ImageStim = ImageStim(__class__=<class 'psychopy.visual.image.ImageStim'>, anchor=('center', 'center'), autoLog=True, color=array([1., 1., 1.]), colorSpace='rgb', contrast=1.0, depth=0, flipHoriz=False, flipVert=False, image='tree.png', interpolate=False, mask=None, maskParams=None, name='unnamed ImageStim', opacity=1, ori=0.0, pos=array([0., 0.]), size=array([512., 512.]), texRes=128, units='pix', win=Window(...))
25.8429 	EXP 	Created unnamed ImageStim = ImageStim(__class__=<class 'psychopy.visual.image.ImageStim'>, anchor=('center', 'center'), autoLog=True, color=array([1., 1., 1.]), colorSpace='rgb', contrast=1.0, depth=0, flipHoriz=False, flipVert=False, image='tree.png', interpolate=False, mask=None, maskParams=None, name='unnamed ImageStim', opacity=1, ori=0.0, pos=array([0., 0.]), size=array([512., 512.]), texRes=128, units='pix', win=Window(...))
25.9162 	EXP 	Created unnamed ImageStim = ImageStim(__class__=<class 'psychopy.visual.image.ImageStim'>, anchor=('center', 'center'), autoLog=True, color=array([1., 1., 1.]), colorSpace='rgb', contrast=1.0, depth=0, flipHoriz=False, flipVert=False, image='tree.png', interpolate=False, mask=None, maskParams=None, name='unnamed ImageStim', opacity=1, ori=0.0, pos=array([0., 0.]), size=array([512., 512.]), texRes=128, units='pix', win=Window(...))
25.9931 	EXP 	Created unnamed ImageStim = ImageStim(__class__=<class 'psychopy.visual.image.ImageStim'>, anchor=('center', 'center'), autoLog=True, color=array([1., 1., 1.]), colorSpace='rgb', contrast=1.0, depth=0, flipHoriz=False, flipVert=False, image='tree.png', interpolate=False, mask=None, maskParams=None, name='unnamed ImageStim', opacity=1, ori=0.0, pos=array([0., 0.]), size=array([512., 512.]), texRes=128, units='pix', win=Window(...))
26.0671 	EXP 	Created unnamed ImageStim = ImageStim(__class__=<class 'psychopy.visual.image.ImageStim'>, anchor=('center', 'center'), autoLog=True, color=array([1., 1., 1.]), colorSpace='rgb', contrast=1.0, depth=0, flipHoriz=False, flipVert=False, image='tree.png', interpolate=False, mask=None, maskParams=None, name='unnamed ImageStim', opacity=1, ori=0.0, pos=array([0., 0.]), size=array([512., 512.]), texRes=128, units='pix', win=Window(...))
26.1485 	EXP 	Created unnamed ImageStim = ImageStim(__class__=<class 'psychopy.visual.image.ImageStim'>, anchor=('center', 'center'), autoLog=True, color=array([1., 1., 1.]), colorSpace='rgb', contrast=1.0, depth=0, flipHoriz=False, flipVert=False, image='tree.png', interpolate=False, mask=None, maskParams=None, name='unnamed ImageStim', opacity=1, ori=0.0, pos=array([0., 0.]), size=array([512., 512.]), texRes=128, units='pix', win=Window(...))
26.2167 	EXP 	Created unnamed ImageStim = ImageStim(__class__=<class 'psychopy.visual.image.ImageStim'>, anchor=('center', 'center'), autoLog=True, color=array([1., 1., 1.]), colorSpace='rgb', contrast=1.0, depth=0, flipHoriz=False, flipVert=False, image='tree.png', interpolate=False, mask=None, maskParams=None, name='unnamed ImageStim', opacity=1, ori=0.0, pos=array([0., 0.]), size=array([512., 512.]), texRes=128, units='pix', win=Window(...))
26.2818 	EXP 	Created unnamed ImageStim = ImageStim(__class__=<class 'psychopy.visual.image.ImageStim'>, anchor=('center', 'center'), autoLog=True, color=array([1., 1., 1.]), colorSpace='rgb', contrast=1.0, depth=0, flipHoriz=False, flipVert=False, image='tree.png', interpolate=False, mask=None, maskParams=None, name='unnamed ImageStim', opacity=1, ori=0.0, pos=array([0., 0.]), size=array([512., 512.]), texRes=128, units='pix', win=Window(...))
26.3580 	EXP 	Created unnamed ImageStim = ImageStim(__class__=<class 'psychopy.visual.image.ImageStim'>, anchor=('center', 'center'), autoLog=True, color=array([1., 1., 1.]), colorSpace='rgb', contrast=1.0, depth=0, flipHoriz=False, flipVert=False, image='tree.png', interpolate=False, mask=None, maskParams=None, name='unnamed ImageStim', opacity=1, ori=0.0, pos=array([0., 0.]), size=array([512., 512.]), texRes=128, units='pix', win=Window(...))
26.3694 	DATA 	Keypress: space
26.3827 	EXP 	Welcometext: autoDraw = False
27.5945 	DATA 	Keypress: right
29.3786 	DATA 	Keypress: right
29.8952 	DATA 	Keypress: right
30.3459 	DATA 	Keypress: right
30.8288 	DATA 	Keypress: right
31.6686 	DATA 	Keypress: right
31.6900 	EXP 	Created unnamed Rect = Rect(__class__=<class 'psychopy.visual.rect.Rect'>, anchor=('center', 'center'), autoDraw=False, autoLog=True, closeShape=True, color=method-wrapper(...), colorSpace='rgb', contrast=None, depth=0, fillColor=array([-1, -1, -1]), fillColorSpace='rgb', fillRGB=array([-1, -1, -1]), interpolate=True, lineColor=array([-1., -1.,  1.]), lineColorSpace='rgb', lineRGB=array([-1, -1,  1]), lineWidth=1.5, name='unnamed Rect', opacity=1, ori=0.0, pos=array([0., 0.]), size=array([400., 600.]), units='pix', vertices=ndarray(...), win=Window(...))
31.9467 	EXP 	Created unnamed ImageStim = ImageStim(__class__=<class 'psychopy.visual.image.ImageStim'>, anchor=('center', 'center'), autoLog=True, color=array([1., 1., 1.]), colorSpace='rgb', contrast=1.0, depth=0, flipHoriz=False, flipVert=False, image='attacked.png', interpolate=False, mask=None, maskParams=None, name='unnamed ImageStim', opacity=1, ori=0.0, pos=array([0., 0.]), size=array([1920., 1080.]), texRes=128, units='pix', win=Window(...))
32.1318 	EXP 	Created unnamed Rect = Rect(__class__=<class 'psychopy.visual.rect.Rect'>, anchor=('center', 'center'), autoDraw=False, autoLog=True, closeShape=True, color=method-wrapper(...), colorSpace='rgb', contrast=None, depth=0, fillColor=array([-1, -1, -1]), fillColorSpace='rgb', fillRGB=array([-1, -1, -1]), interpolate=True, lineColor=array([-1.        ,  0.00392157, -1.        ]), lineColorSpace='rgb', lineRGB=array([-1.        ,  0.00392157, -1.        ]), lineWidth=1.5, name='unnamed Rect', opacity=1, ori=0.0, pos=array([0., 0.]), size=array([240., 160.]), units='pix', vertices=ndarray(...), win=Window(...))
32.1386 	EXP 	Created unnamed Rect = Rect(__class__=<class 'psychopy.visual.rect.Rect'>, anchor=('center', 'center'), autoDraw=False, autoLog=True, closeShape=True, color=method-wrapper(...), colorSpace='rgb', contrast=None, depth=0, fillColor=array([-1, -1, -1]), fillColorSpace='rgb', fillRGB=array([-1, -1, -1]), interpolate=True, lineColor=array([-1., -1.,  1.]), lineColorSpace='rgb', lineRGB=array([-1, -1,  1]), lineWidth=1.5, name='unnamed Rect', opacity=1, ori=0.0, pos=array([0., 0.]), size=array([400., 600.]), units='pix', vertices=ndarray(...), win=Window(...))
32.4604 	DATA 	Keypress: down
32.6196 	DATA 	Keypress: down
32.7227 	DATA 	Keypress: right
32.9111 	DATA 	Keypress: down
33.1204 	DATA 	Keypress: down
33.2624 	DATA 	Keypress: right
33.2664 	DATA 	Keypress: down
33.4344 	DATA 	Keypress: right
33.6235 	DATA 	Keypress: down
33.9142 	DATA 	Keypress: right
34.0378 	DATA 	Keypress: down
34.2422 	DATA 	Keypress: down
34.4301 	DATA 	Keypress: right
34.4306 	DATA 	Keypress: down
34.5772 	DATA 	Keypress: down
34.9414 	DATA 	Keypress: down
35.1206 	DATA 	Keypress: down
35.2831 	DATA 	Keypress: down
35.4183 	DATA 	Keypress: down
35.5701 	DATA 	Keypress: down
35.7349 	DATA 	Keypress: down
35.7354 	DATA 	Keypress: right
35.9192 	DATA 	Keypress: down
35.9197 	DATA 	Keypress: right
36.0940 	DATA 	Keypress: right
36.1113 	DATA 	Keypress: down
36.2851 	DATA 	Keypress: right
36.4753 	DATA 	Keypress: right
36.6515 	DATA 	Keypress: down
36.8294 	DATA 	Keypress: right
36.9474 	DATA 	Keypress: up
37.1287 	DATA 	Keypress: right
37.1290 	DATA 	Keypress: up
37.3125 	DATA 	Keypress: right
37.3129 	DATA 	Keypress: up
37.4857 	DATA 	Keypress: up
37.5060 	DATA 	Keypress: right
37.6563 	DATA 	Keypress: up
37.8282 	DATA 	Keypress: right
37.9955 	DATA 	Keypress: up
37.9959 	DATA 	Keypress: right
38.1862 	DATA 	Keypress: right
38.1866 	DATA 	Keypress: up
38.3459 	DATA 	Keypress: right
38.5409 	DATA 	Keypress: right
38.6960 	DATA 	Keypress: up
38.8740 	DATA 	Keypress: up
38.8951 	DATA 	Keypress: right
39.0671 	DATA 	Keypress: up
39.2132 	DATA 	Keypress: down
39.4006 	DATA 	Keypress: down
39.5709 	DATA 	Keypress: down
39.7352 	DATA 	Keypress: down
39.8822 	DATA 	Keypress: down
40.0052 	DATA 	Keypress: down
40.1701 	DATA 	Keypress: down
40.1946 	DATA 	Keypress: right
40.3729 	DATA 	Keypress: down
40.4670 	DATA 	Keypress: right
40.5507 	DATA 	Keypress: down
40.7201 	DATA 	Keypress: right
40.7609 	DATA 	Keypress: down
40.9098 	DATA 	Keypress: down
40.9323 	DATA 	Keypress: right
41.1139 	DATA 	Keypress: right
41.1178 	DATA 	Keypress: down
41.2983 	DATA 	Keypress: down
41.3219 	DATA 	Keypress: right
41.4945 	DATA 	Keypress: right
41.4949 	DATA 	Keypress: down
41.6738 	DATA 	Keypress: down
41.8724 	DATA 	Keypress: down
41.8965 	DATA 	Keypress: right
42.0419 	DATA 	Keypress: down
42.0722 	DATA 	Keypress: right
42.1600 	EXP 	text: autoDraw = True
42.2366 	DATA 	Keypress: down
45.1511 	EXP 	New trial (rep=1, index=0): None
45.1656 	EXP 	text: autoDraw = False
45.1656 	EXP 	text: autoDraw = False
45.1656 	EXP 	Welcometext: autoDraw = True
47.8740 	EXP 	Created unnamed Rect = Rect(__class__=<class 'psychopy.visual.rect.Rect'>, anchor=('center', 'center'), autoDraw=False, autoLog=True, closeShape=True, color=method-wrapper(...), colorSpace='rgb', contrast=None, depth=0, fillColor=array([ 1, -1, -1]), fillColorSpace='rgb', fillRGB=array([ 1, -1, -1]), interpolate=True, lineColor=array([-1., -1.,  1.]), lineColorSpace='rgb', lineRGB=array([-1, -1,  1]), lineWidth=1.5, name='unnamed Rect', opacity=1, ori=0.0, pos=array([0., 0.]), size=array([1000.,  700.]), units='pix', vertices=ndarray(...), win=Window(...))
47.8785 	EXP 	Created unnamed Rect = Rect(__class__=<class 'psychopy.visual.rect.Rect'>, anchor=('center', 'center'), autoDraw=False, autoLog=True, closeShape=True, color=method-wrapper(...), colorSpace='rgb', contrast=None, depth=0, fillColor=array([-1, -1, -1]), fillColorSpace='rgb', fillRGB=array([-1, -1, -1]), interpolate=True, lineColor=array([-1., -1.,  1.]), lineColorSpace='rgb', lineRGB=array([-1, -1,  1]), lineWidth=1.5, name='unnamed Rect', opacity=1, ori=0.0, pos=array([0., 0.]), size=array([400., 600.]), units='pix', vertices=ndarray(...), win=Window(...))
47.8830 	EXP 	Created unnamed Rect = Rect(__class__=<class 'psychopy.visual.rect.Rect'>, anchor=('center', 'center'), autoDraw=False, autoLog=True, closeShape=True, color=method-wrapper(...), colorSpace='rgb', contrast=None, depth=0, fillColor=array([-1, -1, -1]), fillColorSpace='rgb', fillRGB=array([-1, -1, -1]), interpolate=True, lineColor=array([-1., -1.,  1.]), lineColorSpace='rgb', lineRGB=array([-1, -1,  1]), lineWidth=1.5, name='unnamed Rect', opacity=1, ori=0.0, pos=array([0., 0.]), size=array([400., 600.]), units='pix', vertices=ndarray(...), win=Window(...))
47.8887 	EXP 	Created unnamed Rect = Rect(__class__=<class 'psychopy.visual.rect.Rect'>, anchor=('center', 'center'), autoDraw=False, autoLog=True, closeShape=True, color=method-wrapper(...), colorSpace='rgb', contrast=None, depth=0, fillColor=array([ 1,  1, -1]), fillColorSpace='rgb', fillRGB=array([ 1,  1, -1]), interpolate=True, lineColor=array([0., 0., 0.]), lineColorSpace='rgb', lineRGB=array([0, 0, 0]), lineWidth=1.5, name='unnamed Rect', opacity=0.5, ori=0.0, pos=array([0., 0.]), size=array([30., 30.]), units='pix', vertices=ndarray(...), win=Window(...))
47.8940 	EXP 	Created unnamed Rect = Rect(__class__=<class 'psychopy.visual.rect.Rect'>, anchor=('center', 'center'), autoDraw=False, autoLog=True, closeShape=True, color=method-wrapper(...), colorSpace='rgb', contrast=None, depth=0, fillColor=array([ 1,  1, -1]), fillColorSpace='rgb', fillRGB=array([ 1,  1, -1]), interpolate=True, lineColor=array([0., 0., 0.]), lineColorSpace='rgb', lineRGB=array([0, 0, 0]), lineWidth=1.5, name='unnamed Rect', opacity=0.5, ori=0.0, pos=array([0., 0.]), size=array([30., 30.]), units='pix', vertices=ndarray(...), win=Window(...))
47.8991 	EXP 	Created unnamed Rect = Rect(__class__=<class 'psychopy.visual.rect.Rect'>, anchor=('center', 'center'), autoDraw=False, autoLog=True, closeShape=True, color=method-wrapper(...), colorSpace='rgb', contrast=None, depth=0, fillColor=array([ 1,  1, -1]), fillColorSpace='rgb', fillRGB=array([ 1,  1, -1]), interpolate=True, lineColor=array([0., 0., 0.]), lineColorSpace='rgb', lineRGB=array([0, 0, 0]), lineWidth=1.5, name='unnamed Rect', opacity=0.5, ori=0.0, pos=array([0., 0.]), size=array([30., 30.]), units='pix', vertices=ndarray(...), win=Window(...))
47.9041 	EXP 	Created unnamed Rect = Rect(__class__=<class 'psychopy.visual.rect.Rect'>, anchor=('center', 'center'), autoDraw=False, autoLog=True, closeShape=True, color=method-wrapper(...), colorSpace='rgb', contrast=None, depth=0, fillColor=array([ 1,  1, -1]), fillColorSpace='rgb', fillRGB=array([ 1,  1, -1]), interpolate=True, lineColor=array([0., 0., 0.]), lineColorSpace='rgb', lineRGB=array([0, 0, 0]), lineWidth=1.5, name='unnamed Rect', opacity=0.5, ori=0.0, pos=array([0., 0.]), size=array([30., 30.]), units='pix', vertices=ndarray(...), win=Window(...))
47.9093 	EXP 	Created unnamed Rect = Rect(__class__=<class 'psychopy.visual.rect.Rect'>, anchor=('center', 'center'), autoDraw=False, autoLog=True, closeShape=True, color=method-wrapper(...), colorSpace='rgb', contrast=None, depth=0, fillColor=array([ 1,  1, -1]), fillColorSpace='rgb', fillRGB=array([ 1,  1, -1]), interpolate=True, lineColor=array([0., 0., 0.]), lineColorSpace='rgb', lineRGB=array([0, 0, 0]), lineWidth=1.5, name='unnamed Rect', opacity=0.5, ori=0.0, pos=array([0., 0.]), size=array([30., 30.]), units='pix', vertices=ndarray(...), win=Window(...))
47.9809 	EXP 	Created unnamed ImageStim = ImageStim(__class__=<class 'psychopy.visual.image.ImageStim'>, anchor=('center', 'center'), autoLog=True, color=array([1., 1., 1.]), colorSpace='rgb', contrast=1.0, depth=0, flipHoriz=False, flipVert=False, image='tree.png', interpolate=False, mask=None, maskParams=None, name='unnamed ImageStim', opacity=1, ori=0.0, pos=array([0., 0.]), size=array([512., 512.]), texRes=128, units='pix', win=Window(...))
48.0438 	EXP 	Created unnamed ImageStim = ImageStim(__class__=<class 'psychopy.visual.image.ImageStim'>, anchor=('center', 'center'), autoLog=True, color=array([1., 1., 1.]), colorSpace='rgb', contrast=1.0, depth=0, flipHoriz=False, flipVert=False, image='tree.png', interpolate=False, mask=None, maskParams=None, name='unnamed ImageStim', opacity=1, ori=0.0, pos=array([0., 0.]), size=array([512., 512.]), texRes=128, units='pix', win=Window(...))
48.1055 	EXP 	Created unnamed ImageStim = ImageStim(__class__=<class 'psychopy.visual.image.ImageStim'>, anchor=('center', 'center'), autoLog=True, color=array([1., 1., 1.]), colorSpace='rgb', contrast=1.0, depth=0, flipHoriz=False, flipVert=False, image='tree.png', interpolate=False, mask=None, maskParams=None, name='unnamed ImageStim', opacity=1, ori=0.0, pos=array([0., 0.]), size=array([512., 512.]), texRes=128, units='pix', win=Window(...))
48.1722 	EXP 	Created unnamed ImageStim = ImageStim(__class__=<class 'psychopy.visual.image.ImageStim'>, anchor=('center', 'center'), autoLog=True, color=array([1., 1., 1.]), colorSpace='rgb', contrast=1.0, depth=0, flipHoriz=False, flipVert=False, image='tree.png', interpolate=False, mask=None, maskParams=None, name='unnamed ImageStim', opacity=1, ori=0.0, pos=array([0., 0.]), size=array([512., 512.]), texRes=128, units='pix', win=Window(...))
48.2400 	EXP 	Created unnamed ImageStim = ImageStim(__class__=<class 'psychopy.visual.image.ImageStim'>, anchor=('center', 'center'), autoLog=True, color=array([1., 1., 1.]), colorSpace='rgb', contrast=1.0, depth=0, flipHoriz=False, flipVert=False, image='tree.png', interpolate=False, mask=None, maskParams=None, name='unnamed ImageStim', opacity=1, ori=0.0, pos=array([0., 0.]), size=array([512., 512.]), texRes=128, units='pix', win=Window(...))
48.3117 	EXP 	Created unnamed ImageStim = ImageStim(__class__=<class 'psychopy.visual.image.ImageStim'>, anchor=('center', 'center'), autoLog=True, color=array([1., 1., 1.]), colorSpace='rgb', contrast=1.0, depth=0, flipHoriz=False, flipVert=False, image='tree.png', interpolate=False, mask=None, maskParams=None, name='unnamed ImageStim', opacity=1, ori=0.0, pos=array([0., 0.]), size=array([512., 512.]), texRes=128, units='pix', win=Window(...))
48.3845 	EXP 	Created unnamed ImageStim = ImageStim(__class__=<class 'psychopy.visual.image.ImageStim'>, anchor=('center', 'center'), autoLog=True, color=array([1., 1., 1.]), colorSpace='rgb', contrast=1.0, depth=0, flipHoriz=False, flipVert=False, image='tree.png', interpolate=False, mask=None, maskParams=None, name='unnamed ImageStim', opacity=1, ori=0.0, pos=array([0., 0.]), size=array([512., 512.]), texRes=128, units='pix', win=Window(...))
48.4509 	EXP 	Created unnamed ImageStim = ImageStim(__class__=<class 'psychopy.visual.image.ImageStim'>, anchor=('center', 'center'), autoLog=True, color=array([1., 1., 1.]), colorSpace='rgb', contrast=1.0, depth=0, flipHoriz=False, flipVert=False, image='tree.png', interpolate=False, mask=None, maskParams=None, name='unnamed ImageStim', opacity=1, ori=0.0, pos=array([0., 0.]), size=array([512., 512.]), texRes=128, units='pix', win=Window(...))
48.5137 	EXP 	Created unnamed ImageStim = ImageStim(__class__=<class 'psychopy.visual.image.ImageStim'>, anchor=('center', 'center'), autoLog=True, color=array([1., 1., 1.]), colorSpace='rgb', contrast=1.0, depth=0, flipHoriz=False, flipVert=False, image='tree.png', interpolate=False, mask=None, maskParams=None, name='unnamed ImageStim', opacity=1, ori=0.0, pos=array([0., 0.]), size=array([512., 512.]), texRes=128, units='pix', win=Window(...))
48.5833 	EXP 	Created unnamed ImageStim = ImageStim(__class__=<class 'psychopy.visual.image.ImageStim'>, anchor=('center', 'center'), autoLog=True, color=array([1., 1., 1.]), colorSpace='rgb', contrast=1.0, depth=0, flipHoriz=False, flipVert=False, image='tree.png', interpolate=False, mask=None, maskParams=None, name='unnamed ImageStim', opacity=1, ori=0.0, pos=array([0., 0.]), size=array([512., 512.]), texRes=128, units='pix', win=Window(...))
48.6584 	EXP 	Created unnamed ImageStim = ImageStim(__class__=<class 'psychopy.visual.image.ImageStim'>, anchor=('center', 'center'), autoLog=True, color=array([1., 1., 1.]), colorSpace='rgb', contrast=1.0, depth=0, flipHoriz=False, flipVert=False, image='tree.png', interpolate=False, mask=None, maskParams=None, name='unnamed ImageStim', opacity=1, ori=0.0, pos=array([0., 0.]), size=array([512., 512.]), texRes=128, units='pix', win=Window(...))
48.7268 	EXP 	Created unnamed ImageStim = ImageStim(__class__=<class 'psychopy.visual.image.ImageStim'>, anchor=('center', 'center'), autoLog=True, color=array([1., 1., 1.]), colorSpace='rgb', contrast=1.0, depth=0, flipHoriz=False, flipVert=False, image='tree.png', interpolate=False, mask=None, maskParams=None, name='unnamed ImageStim', opacity=1, ori=0.0, pos=array([0., 0.]), size=array([512., 512.]), texRes=128, units='pix', win=Window(...))
48.7394 	DATA 	Keypress: space
48.7543 	EXP 	Welcometext: autoDraw = False
50.8313 	DATA 	Keypress: right
51.7365 	DATA 	Keypress: right
52.4089 	DATA 	Keypress: right
53.0246 	DATA 	Keypress: right
54.0070 	EXP 	Created unnamed Rect = Rect(__class__=<class 'psychopy.visual.rect.Rect'>, anchor=('center', 'center'), autoDraw=False, autoLog=True, closeShape=True, color=method-wrapper(...), colorSpace='rgb', contrast=None, depth=0, fillColor=array([-1, -1, -1]), fillColorSpace='rgb', fillRGB=array([-1, -1, -1]), interpolate=True, lineColor=array([-1., -1.,  1.]), lineColorSpace='rgb', lineRGB=array([-1, -1,  1]), lineWidth=1.5, name='unnamed Rect', opacity=1, ori=0.0, pos=array([0., 0.]), size=array([400., 600.]), units='pix', vertices=ndarray(...), win=Window(...))
54.3089 	EXP 	Created unnamed ImageStim = ImageStim(__class__=<class 'psychopy.visual.image.ImageStim'>, anchor=('center', 'center'), autoLog=True, color=array([1., 1., 1.]), colorSpace='rgb', contrast=1.0, depth=0, flipHoriz=False, flipVert=False, image='attacked.png', interpolate=False, mask=None, maskParams=None, name='unnamed ImageStim', opacity=1, ori=0.0, pos=array([0., 0.]), size=array([1920., 1080.]), texRes=128, units='pix', win=Window(...))
54.3907 	EXP 	Created unnamed Rect = Rect(__class__=<class 'psychopy.visual.rect.Rect'>, anchor=('center', 'center'), autoDraw=False, autoLog=True, closeShape=True, color=method-wrapper(...), colorSpace='rgb', contrast=None, depth=0, fillColor=array([-1, -1, -1]), fillColorSpace='rgb', fillRGB=array([-1, -1, -1]), interpolate=True, lineColor=array([-1.        ,  0.00392157, -1.        ]), lineColorSpace='rgb', lineRGB=array([-1.        ,  0.00392157, -1.        ]), lineWidth=1.5, name='unnamed Rect', opacity=1, ori=0.0, pos=array([0., 0.]), size=array([240., 160.]), units='pix', vertices=ndarray(...), win=Window(...))
54.3955 	EXP 	Created unnamed Rect = Rect(__class__=<class 'psychopy.visual.rect.Rect'>, anchor=('center', 'center'), autoDraw=False, autoLog=True, closeShape=True, color=method-wrapper(...), colorSpace='rgb', contrast=None, depth=0, fillColor=array([-1, -1, -1]), fillColorSpace='rgb', fillRGB=array([-1, -1, -1]), interpolate=True, lineColor=array([-1., -1.,  1.]), lineColorSpace='rgb', lineRGB=array([-1, -1,  1]), lineWidth=1.5, name='unnamed Rect', opacity=1, ori=0.0, pos=array([0., 0.]), size=array([400., 600.]), units='pix', vertices=ndarray(...), win=Window(...))
54.3958 	DATA 	Keypress: right
54.8314 	DATA 	Keypress: left
55.0140 	DATA 	Keypress: left
55.2303 	DATA 	Keypress: down
55.3369 	DATA 	Keypress: left
55.5678 	DATA 	Keypress: left
55.6791 	DATA 	Keypress: up
55.8185 	DATA 	Keypress: left
56.0565 	DATA 	Keypress: left
56.1701 	DATA 	Keypress: down
56.2911 	DATA 	Keypress: left
56.4036 	DATA 	Keypress: down
56.5217 	DATA 	Keypress: left
56.6368 	DATA 	Keypress: down
56.7348 	DATA 	Keypress: left
56.8461 	DATA 	Keypress: down
56.9383 	DATA 	Keypress: left
57.0779 	DATA 	Keypress: down
57.1665 	DATA 	Keypress: left
57.3232 	DATA 	Keypress: down
57.4021 	DATA 	Keypress: left
57.6633 	DATA 	Keypress: left
57.8668 	DATA 	Keypress: left
57.9947 	DATA 	Keypress: down
58.1195 	DATA 	Keypress: left
58.2655 	DATA 	Keypress: down
58.4544 	DATA 	Keypress: up
58.6429 	DATA 	Keypress: up
58.8110 	DATA 	Keypress: up
58.9641 	DATA 	Keypress: up
59.1200 	DATA 	Keypress: up
59.3035 	DATA 	Keypress: up
59.4797 	DATA 	Keypress: up
59.6503 	DATA 	Keypress: up
59.8375 	DATA 	Keypress: up
60.1210 	DATA 	Keypress: up
60.3121 	DATA 	Keypress: up
60.4929 	DATA 	Keypress: left
60.7039 	DATA 	Keypress: left
64.4157 	EXP 	text: autoDraw = True
67.4075 	EXP 	New trial (rep=2, index=0): None
67.4223 	EXP 	text: autoDraw = False
67.4223 	EXP 	text: autoDraw = False
67.4223 	EXP 	Welcometext: autoDraw = True
69.9961 	EXP 	Created unnamed Rect = Rect(__class__=<class 'psychopy.visual.rect.Rect'>, anchor=('center', 'center'), autoDraw=False, autoLog=True, closeShape=True, color=method-wrapper(...), colorSpace='rgb', contrast=None, depth=0, fillColor=array([ 1, -1, -1]), fillColorSpace='rgb', fillRGB=array([ 1, -1, -1]), interpolate=True, lineColor=array([-1., -1.,  1.]), lineColorSpace='rgb', lineRGB=array([-1, -1,  1]), lineWidth=1.5, name='unnamed Rect', opacity=1, ori=0.0, pos=array([0., 0.]), size=array([1000.,  700.]), units='pix', vertices=ndarray(...), win=Window(...))
69.9982 	EXP 	Created unnamed Rect = Rect(__class__=<class 'psychopy.visual.rect.Rect'>, anchor=('center', 'center'), autoDraw=False, autoLog=True, closeShape=True, color=method-wrapper(...), colorSpace='rgb', contrast=None, depth=0, fillColor=array([-1, -1, -1]), fillColorSpace='rgb', fillRGB=array([-1, -1, -1]), interpolate=True, lineColor=array([-1., -1.,  1.]), lineColorSpace='rgb', lineRGB=array([-1, -1,  1]), lineWidth=1.5, name='unnamed Rect', opacity=1, ori=0.0, pos=array([0., 0.]), size=array([400., 600.]), units='pix', vertices=ndarray(...), win=Window(...))
70.0001 	EXP 	Created unnamed Rect = Rect(__class__=<class 'psychopy.visual.rect.Rect'>, anchor=('center', 'center'), autoDraw=False, autoLog=True, closeShape=True, color=method-wrapper(...), colorSpace='rgb', contrast=None, depth=0, fillColor=array([-1, -1, -1]), fillColorSpace='rgb', fillRGB=array([-1, -1, -1]), interpolate=True, lineColor=array([-1., -1.,  1.]), lineColorSpace='rgb', lineRGB=array([-1, -1,  1]), lineWidth=1.5, name='unnamed Rect', opacity=1, ori=0.0, pos=array([0., 0.]), size=array([400., 600.]), units='pix', vertices=ndarray(...), win=Window(...))
70.0027 	EXP 	Created unnamed Rect = Rect(__class__=<class 'psychopy.visual.rect.Rect'>, anchor=('center', 'center'), autoDraw=False, autoLog=True, closeShape=True, color=method-wrapper(...), colorSpace='rgb', contrast=None, depth=0, fillColor=array([ 1,  1, -1]), fillColorSpace='rgb', fillRGB=array([ 1,  1, -1]), interpolate=True, lineColor=array([0., 0., 0.]), lineColorSpace='rgb', lineRGB=array([0, 0, 0]), lineWidth=1.5, name='unnamed Rect', opacity=0.5, ori=0.0, pos=array([0., 0.]), size=array([30., 30.]), units='pix', vertices=ndarray(...), win=Window(...))
70.0052 	EXP 	Created unnamed Rect = Rect(__class__=<class 'psychopy.visual.rect.Rect'>, anchor=('center', 'center'), autoDraw=False, autoLog=True, closeShape=True, color=method-wrapper(...), colorSpace='rgb', contrast=None, depth=0, fillColor=array([ 1,  1, -1]), fillColorSpace='rgb', fillRGB=array([ 1,  1, -1]), interpolate=True, lineColor=array([0., 0., 0.]), lineColorSpace='rgb', lineRGB=array([0, 0, 0]), lineWidth=1.5, name='unnamed Rect', opacity=0.5, ori=0.0, pos=array([0., 0.]), size=array([30., 30.]), units='pix', vertices=ndarray(...), win=Window(...))
70.0080 	EXP 	Created unnamed Rect = Rect(__class__=<class 'psychopy.visual.rect.Rect'>, anchor=('center', 'center'), autoDraw=False, autoLog=True, closeShape=True, color=method-wrapper(...), colorSpace='rgb', contrast=None, depth=0, fillColor=array([ 1,  1, -1]), fillColorSpace='rgb', fillRGB=array([ 1,  1, -1]), interpolate=True, lineColor=array([0., 0., 0.]), lineColorSpace='rgb', lineRGB=array([0, 0, 0]), lineWidth=1.5, name='unnamed Rect', opacity=0.5, ori=0.0, pos=array([0., 0.]), size=array([30., 30.]), units='pix', vertices=ndarray(...), win=Window(...))
70.0108 	EXP 	Created unnamed Rect = Rect(__class__=<class 'psychopy.visual.rect.Rect'>, anchor=('center', 'center'), autoDraw=False, autoLog=True, closeShape=True, color=method-wrapper(...), colorSpace='rgb', contrast=None, depth=0, fillColor=array([ 1,  1, -1]), fillColorSpace='rgb', fillRGB=array([ 1,  1, -1]), interpolate=True, lineColor=array([0., 0., 0.]), lineColorSpace='rgb', lineRGB=array([0, 0, 0]), lineWidth=1.5, name='unnamed Rect', opacity=0.5, ori=0.0, pos=array([0., 0.]), size=array([30., 30.]), units='pix', vertices=ndarray(...), win=Window(...))
70.0140 	EXP 	Created unnamed Rect = Rect(__class__=<class 'psychopy.visual.rect.Rect'>, anchor=('center', 'center'), autoDraw=False, autoLog=True, closeShape=True, color=method-wrapper(...), colorSpace='rgb', contrast=None, depth=0, fillColor=array([ 1,  1, -1]), fillColorSpace='rgb', fillRGB=array([ 1,  1, -1]), interpolate=True, lineColor=array([0., 0., 0.]), lineColorSpace='rgb', lineRGB=array([0, 0, 0]), lineWidth=1.5, name='unnamed Rect', opacity=0.5, ori=0.0, pos=array([0., 0.]), size=array([30., 30.]), units='pix', vertices=ndarray(...), win=Window(...))
70.0170 	EXP 	Created unnamed Rect = Rect(__class__=<class 'psychopy.visual.rect.Rect'>, anchor=('center', 'center'), autoDraw=False, autoLog=True, closeShape=True, color=method-wrapper(...), colorSpace='rgb', contrast=None, depth=0, fillColor=array([ 1,  1, -1]), fillColorSpace='rgb', fillRGB=array([ 1,  1, -1]), interpolate=True, lineColor=array([0., 0., 0.]), lineColorSpace='rgb', lineRGB=array([0, 0, 0]), lineWidth=1.5, name='unnamed Rect', opacity=0.5, ori=0.0, pos=array([0., 0.]), size=array([30., 30.]), units='pix', vertices=ndarray(...), win=Window(...))
70.0200 	EXP 	Created unnamed Rect = Rect(__class__=<class 'psychopy.visual.rect.Rect'>, anchor=('center', 'center'), autoDraw=False, autoLog=True, closeShape=True, color=method-wrapper(...), colorSpace='rgb', contrast=None, depth=0, fillColor=array([ 1,  1, -1]), fillColorSpace='rgb', fillRGB=array([ 1,  1, -1]), interpolate=True, lineColor=array([0., 0., 0.]), lineColorSpace='rgb', lineRGB=array([0, 0, 0]), lineWidth=1.5, name='unnamed Rect', opacity=0.5, ori=0.0, pos=array([0., 0.]), size=array([30., 30.]), units='pix', vertices=ndarray(...), win=Window(...))
70.0953 	EXP 	Created unnamed ImageStim = ImageStim(__class__=<class 'psychopy.visual.image.ImageStim'>, anchor=('center', 'center'), autoLog=True, color=array([1., 1., 1.]), colorSpace='rgb', contrast=1.0, depth=0, flipHoriz=False, flipVert=False, image='tree.png', interpolate=False, mask=None, maskParams=None, name='unnamed ImageStim', opacity=1, ori=0.0, pos=array([0., 0.]), size=array([512., 512.]), texRes=128, units='pix', win=Window(...))
70.1465 	EXP 	Created unnamed ImageStim = ImageStim(__class__=<class 'psychopy.visual.image.ImageStim'>, anchor=('center', 'center'), autoLog=True, color=array([1., 1., 1.]), colorSpace='rgb', contrast=1.0, depth=0, flipHoriz=False, flipVert=False, image='tree.png', interpolate=False, mask=None, maskParams=None, name='unnamed ImageStim', opacity=1, ori=0.0, pos=array([0., 0.]), size=array([512., 512.]), texRes=128, units='pix', win=Window(...))
70.1993 	EXP 	Created unnamed ImageStim = ImageStim(__class__=<class 'psychopy.visual.image.ImageStim'>, anchor=('center', 'center'), autoLog=True, color=array([1., 1., 1.]), colorSpace='rgb', contrast=1.0, depth=0, flipHoriz=False, flipVert=False, image='tree.png', interpolate=False, mask=None, maskParams=None, name='unnamed ImageStim', opacity=1, ori=0.0, pos=array([0., 0.]), size=array([512., 512.]), texRes=128, units='pix', win=Window(...))
70.2709 	EXP 	Created unnamed ImageStim = ImageStim(__class__=<class 'psychopy.visual.image.ImageStim'>, anchor=('center', 'center'), autoLog=True, color=array([1., 1., 1.]), colorSpace='rgb', contrast=1.0, depth=0, flipHoriz=False, flipVert=False, image='tree.png', interpolate=False, mask=None, maskParams=None, name='unnamed ImageStim', opacity=1, ori=0.0, pos=array([0., 0.]), size=array([512., 512.]), texRes=128, units='pix', win=Window(...))
70.3357 	EXP 	Created unnamed ImageStim = ImageStim(__class__=<class 'psychopy.visual.image.ImageStim'>, anchor=('center', 'center'), autoLog=True, color=array([1., 1., 1.]), colorSpace='rgb', contrast=1.0, depth=0, flipHoriz=False, flipVert=False, image='tree.png', interpolate=False, mask=None, maskParams=None, name='unnamed ImageStim', opacity=1, ori=0.0, pos=array([0., 0.]), size=array([512., 512.]), texRes=128, units='pix', win=Window(...))
70.4040 	EXP 	Created unnamed ImageStim = ImageStim(__class__=<class 'psychopy.visual.image.ImageStim'>, anchor=('center', 'center'), autoLog=True, color=array([1., 1., 1.]), colorSpace='rgb', contrast=1.0, depth=0, flipHoriz=False, flipVert=False, image='tree.png', interpolate=False, mask=None, maskParams=None, name='unnamed ImageStim', opacity=1, ori=0.0, pos=array([0., 0.]), size=array([512., 512.]), texRes=128, units='pix', win=Window(...))
70.4723 	EXP 	Created unnamed ImageStim = ImageStim(__class__=<class 'psychopy.visual.image.ImageStim'>, anchor=('center', 'center'), autoLog=True, color=array([1., 1., 1.]), colorSpace='rgb', contrast=1.0, depth=0, flipHoriz=False, flipVert=False, image='tree.png', interpolate=False, mask=None, maskParams=None, name='unnamed ImageStim', opacity=1, ori=0.0, pos=array([0., 0.]), size=array([512., 512.]), texRes=128, units='pix', win=Window(...))
70.5426 	EXP 	Created unnamed ImageStim = ImageStim(__class__=<class 'psychopy.visual.image.ImageStim'>, anchor=('center', 'center'), autoLog=True, color=array([1., 1., 1.]), colorSpace='rgb', contrast=1.0, depth=0, flipHoriz=False, flipVert=False, image='tree.png', interpolate=False, mask=None, maskParams=None, name='unnamed ImageStim', opacity=1, ori=0.0, pos=array([0., 0.]), size=array([512., 512.]), texRes=128, units='pix', win=Window(...))
70.6096 	EXP 	Created unnamed ImageStim = ImageStim(__class__=<class 'psychopy.visual.image.ImageStim'>, anchor=('center', 'center'), autoLog=True, color=array([1., 1., 1.]), colorSpace='rgb', contrast=1.0, depth=0, flipHoriz=False, flipVert=False, image='tree.png', interpolate=False, mask=None, maskParams=None, name='unnamed ImageStim', opacity=1, ori=0.0, pos=array([0., 0.]), size=array([512., 512.]), texRes=128, units='pix', win=Window(...))
70.6780 	EXP 	Created unnamed ImageStim = ImageStim(__class__=<class 'psychopy.visual.image.ImageStim'>, anchor=('center', 'center'), autoLog=True, color=array([1., 1., 1.]), colorSpace='rgb', contrast=1.0, depth=0, flipHoriz=False, flipVert=False, image='tree.png', interpolate=False, mask=None, maskParams=None, name='unnamed ImageStim', opacity=1, ori=0.0, pos=array([0., 0.]), size=array([512., 512.]), texRes=128, units='pix', win=Window(...))
70.7516 	EXP 	Created unnamed ImageStim = ImageStim(__class__=<class 'psychopy.visual.image.ImageStim'>, anchor=('center', 'center'), autoLog=True, color=array([1., 1., 1.]), colorSpace='rgb', contrast=1.0, depth=0, flipHoriz=False, flipVert=False, image='tree.png', interpolate=False, mask=None, maskParams=None, name='unnamed ImageStim', opacity=1, ori=0.0, pos=array([0., 0.]), size=array([512., 512.]), texRes=128, units='pix', win=Window(...))
70.8220 	EXP 	Created unnamed ImageStim = ImageStim(__class__=<class 'psychopy.visual.image.ImageStim'>, anchor=('center', 'center'), autoLog=True, color=array([1., 1., 1.]), colorSpace='rgb', contrast=1.0, depth=0, flipHoriz=False, flipVert=False, image='tree.png', interpolate=False, mask=None, maskParams=None, name='unnamed ImageStim', opacity=1, ori=0.0, pos=array([0., 0.]), size=array([512., 512.]), texRes=128, units='pix', win=Window(...))
70.8331 	DATA 	Keypress: space
70.8476 	EXP 	Welcometext: autoDraw = False
72.2487 	DATA 	Keypress: left
72.4799 	DATA 	Keypress: left
72.8154 	DATA 	Keypress: left
73.0962 	DATA 	Keypress: left
73.5134 	DATA 	Keypress: left
74.1573 	DATA 	Keypress: left
74.5945 	DATA 	Keypress: left
74.9503 	DATA 	Keypress: left
75.3170 	DATA 	Keypress: left
75.6378 	DATA 	Keypress: left
75.8858 	DATA 	Keypress: left
75.9060 	EXP 	Created unnamed Rect = Rect(__class__=<class 'psychopy.visual.rect.Rect'>, anchor=('center', 'center'), autoDraw=False, autoLog=True, closeShape=True, color=method-wrapper(...), colorSpace='rgb', contrast=None, depth=0, fillColor=array([-1, -1, -1]), fillColorSpace='rgb', fillRGB=array([-1, -1, -1]), interpolate=True, lineColor=array([-1., -1.,  1.]), lineColorSpace='rgb', lineRGB=array([-1, -1,  1]), lineWidth=1.5, name='unnamed Rect', opacity=1, ori=0.0, pos=array([0., 0.]), size=array([400., 600.]), units='pix', vertices=ndarray(...), win=Window(...))
76.2529 	EXP 	Created unnamed ImageStim = ImageStim(__class__=<class 'psychopy.visual.image.ImageStim'>, anchor=('center', 'center'), autoLog=True, color=array([1., 1., 1.]), colorSpace='rgb', contrast=1.0, depth=0, flipHoriz=False, flipVert=False, image='attacked.png', interpolate=False, mask=None, maskParams=None, name='unnamed ImageStim', opacity=1, ori=0.0, pos=array([0., 0.]), size=array([1920., 1080.]), texRes=128, units='pix', win=Window(...))
76.3928 	EXP 	Created unnamed Rect = Rect(__class__=<class 'psychopy.visual.rect.Rect'>, anchor=('center', 'center'), autoDraw=False, autoLog=True, closeShape=True, color=method-wrapper(...), colorSpace='rgb', contrast=None, depth=0, fillColor=array([-1, -1, -1]), fillColorSpace='rgb', fillRGB=array([-1, -1, -1]), interpolate=True, lineColor=array([-1.        ,  0.00392157, -1.        ]), lineColorSpace='rgb', lineRGB=array([-1.        ,  0.00392157, -1.        ]), lineWidth=1.5, name='unnamed Rect', opacity=1, ori=0.0, pos=array([0., 0.]), size=array([240., 160.]), units='pix', vertices=ndarray(...), win=Window(...))
76.4034 	EXP 	Created unnamed Rect = Rect(__class__=<class 'psychopy.visual.rect.Rect'>, anchor=('center', 'center'), autoDraw=False, autoLog=True, closeShape=True, color=method-wrapper(...), colorSpace='rgb', contrast=None, depth=0, fillColor=array([-1, -1, -1]), fillColorSpace='rgb', fillRGB=array([-1, -1, -1]), interpolate=True, lineColor=array([-1., -1.,  1.]), lineColorSpace='rgb', lineRGB=array([-1, -1,  1]), lineWidth=1.5, name='unnamed Rect', opacity=1, ori=0.0, pos=array([0., 0.]), size=array([400., 600.]), units='pix', vertices=ndarray(...), win=Window(...))
76.4043 	DATA 	Keypress: left
76.6762 	DATA 	Keypress: left
76.8515 	DATA 	Keypress: down
76.9183 	DATA 	Keypress: left
77.1349 	DATA 	Keypress: right
77.3823 	DATA 	Keypress: right
77.6905 	DATA 	Keypress: right
77.8703 	DATA 	Keypress: right
78.0915 	DATA 	Keypress: up
78.2732 	DATA 	Keypress: right
78.4931 	DATA 	Keypress: right
78.6785 	DATA 	Keypress: right
78.8610 	DATA 	Keypress: right
79.0601 	DATA 	Keypress: right
79.2160 	DATA 	Keypress: right
79.3768 	DATA 	Keypress: right
79.5487 	DATA 	Keypress: right
79.7290 	DATA 	Keypress: right
79.9174 	DATA 	Keypress: right
80.0885 	DATA 	Keypress: right
80.2879 	DATA 	Keypress: right
80.4711 	DATA 	Keypress: right
80.8370 	DATA 	Keypress: right
81.0268 	DATA 	Keypress: right
81.2093 	DATA 	Keypress: right
81.4095 	DATA 	Keypress: right
81.5904 	DATA 	Keypress: right
81.8038 	DATA 	Keypress: right
82.0652 	DATA 	Keypress: up
82.0656 	DATA 	Keypress: right
82.2556 	DATA 	Keypress: up
82.5105 	DATA 	Keypress: up
82.5851 	DATA 	Keypress: left
82.7127 	DATA 	Keypress: up
82.8124 	DATA 	Keypress: left
82.9362 	DATA 	Keypress: up
83.0267 	DATA 	Keypress: left
83.1444 	DATA 	Keypress: up
83.2373 	DATA 	Keypress: left
83.3697 	DATA 	Keypress: up
83.5014 	DATA 	Keypress: left
83.6115 	DATA 	Keypress: up
83.7113 	DATA 	Keypress: left
83.8210 	DATA 	Keypress: up
83.9119 	DATA 	Keypress: left
84.0561 	DATA 	Keypress: up
84.1339 	DATA 	Keypress: left
84.2584 	DATA 	Keypress: up
84.3559 	DATA 	Keypress: left
84.4832 	DATA 	Keypress: up
84.5813 	DATA 	Keypress: left
84.6889 	DATA 	Keypress: up
84.8103 	DATA 	Keypress: left
84.9246 	DATA 	Keypress: up
85.0156 	DATA 	Keypress: left
85.2012 	DATA 	Keypress: up
85.2915 	DATA 	Keypress: left
85.4087 	DATA 	Keypress: up
85.5298 	DATA 	Keypress: left
85.6786 	DATA 	Keypress: up
85.7770 	DATA 	Keypress: left
85.9274 	DATA 	Keypress: up
86.0214 	DATA 	Keypress: left
86.2009 	DATA 	Keypress: up
86.2737 	DATA 	Keypress: left
86.4369 	EXP 	text: autoDraw = True
86.5375 	DATA 	Keypress: up
89.4335 	EXP 	New trial (rep=3, index=0): None
89.4492 	EXP 	text: autoDraw = False
89.4492 	EXP 	Welcometext: autoDraw = True
90.7241 	EXP 	Created unnamed Rect = Rect(__class__=<class 'psychopy.visual.rect.Rect'>, anchor=('center', 'center'), autoDraw=False, autoLog=True, closeShape=True, color=method-wrapper(...), colorSpace='rgb', contrast=None, depth=0, fillColor=array([ 1, -1, -1]), fillColorSpace='rgb', fillRGB=array([ 1, -1, -1]), interpolate=True, lineColor=array([-1., -1.,  1.]), lineColorSpace='rgb', lineRGB=array([-1, -1,  1]), lineWidth=1.5, name='unnamed Rect', opacity=1, ori=0.0, pos=array([0., 0.]), size=array([1000.,  700.]), units='pix', vertices=ndarray(...), win=Window(...))
90.7290 	EXP 	Created unnamed Rect = Rect(__class__=<class 'psychopy.visual.rect.Rect'>, anchor=('center', 'center'), autoDraw=False, autoLog=True, closeShape=True, color=method-wrapper(...), colorSpace='rgb', contrast=None, depth=0, fillColor=array([-1, -1, -1]), fillColorSpace='rgb', fillRGB=array([-1, -1, -1]), interpolate=True, lineColor=array([-1., -1.,  1.]), lineColorSpace='rgb', lineRGB=array([-1, -1,  1]), lineWidth=1.5, name='unnamed Rect', opacity=1, ori=0.0, pos=array([0., 0.]), size=array([400., 600.]), units='pix', vertices=ndarray(...), win=Window(...))
90.7332 	EXP 	Created unnamed Rect = Rect(__class__=<class 'psychopy.visual.rect.Rect'>, anchor=('center', 'center'), autoDraw=False, autoLog=True, closeShape=True, color=method-wrapper(...), colorSpace='rgb', contrast=None, depth=0, fillColor=array([-1, -1, -1]), fillColorSpace='rgb', fillRGB=array([-1, -1, -1]), interpolate=True, lineColor=array([-1., -1.,  1.]), lineColorSpace='rgb', lineRGB=array([-1, -1,  1]), lineWidth=1.5, name='unnamed Rect', opacity=1, ori=0.0, pos=array([0., 0.]), size=array([400., 600.]), units='pix', vertices=ndarray(...), win=Window(...))
90.7386 	EXP 	Created unnamed Rect = Rect(__class__=<class 'psychopy.visual.rect.Rect'>, anchor=('center', 'center'), autoDraw=False, autoLog=True, closeShape=True, color=method-wrapper(...), colorSpace='rgb', contrast=None, depth=0, fillColor=array([ 1,  1, -1]), fillColorSpace='rgb', fillRGB=array([ 1,  1, -1]), interpolate=True, lineColor=array([0., 0., 0.]), lineColorSpace='rgb', lineRGB=array([0, 0, 0]), lineWidth=1.5, name='unnamed Rect', opacity=0.5, ori=0.0, pos=array([0., 0.]), size=array([30., 30.]), units='pix', vertices=ndarray(...), win=Window(...))
90.7436 	EXP 	Created unnamed Rect = Rect(__class__=<class 'psychopy.visual.rect.Rect'>, anchor=('center', 'center'), autoDraw=False, autoLog=True, closeShape=True, color=method-wrapper(...), colorSpace='rgb', contrast=None, depth=0, fillColor=array([ 1,  1, -1]), fillColorSpace='rgb', fillRGB=array([ 1,  1, -1]), interpolate=True, lineColor=array([0., 0., 0.]), lineColorSpace='rgb', lineRGB=array([0, 0, 0]), lineWidth=1.5, name='unnamed Rect', opacity=0.5, ori=0.0, pos=array([0., 0.]), size=array([30., 30.]), units='pix', vertices=ndarray(...), win=Window(...))
90.7485 	EXP 	Created unnamed Rect = Rect(__class__=<class 'psychopy.visual.rect.Rect'>, anchor=('center', 'center'), autoDraw=False, autoLog=True, closeShape=True, color=method-wrapper(...), colorSpace='rgb', contrast=None, depth=0, fillColor=array([ 1,  1, -1]), fillColorSpace='rgb', fillRGB=array([ 1,  1, -1]), interpolate=True, lineColor=array([0., 0., 0.]), lineColorSpace='rgb', lineRGB=array([0, 0, 0]), lineWidth=1.5, name='unnamed Rect', opacity=0.5, ori=0.0, pos=array([0., 0.]), size=array([30., 30.]), units='pix', vertices=ndarray(...), win=Window(...))
90.7537 	EXP 	Created unnamed Rect = Rect(__class__=<class 'psychopy.visual.rect.Rect'>, anchor=('center', 'center'), autoDraw=False, autoLog=True, closeShape=True, color=method-wrapper(...), colorSpace='rgb', contrast=None, depth=0, fillColor=array([ 1,  1, -1]), fillColorSpace='rgb', fillRGB=array([ 1,  1, -1]), interpolate=True, lineColor=array([0., 0., 0.]), lineColorSpace='rgb', lineRGB=array([0, 0, 0]), lineWidth=1.5, name='unnamed Rect', opacity=0.5, ori=0.0, pos=array([0., 0.]), size=array([30., 30.]), units='pix', vertices=ndarray(...), win=Window(...))
90.7587 	EXP 	Created unnamed Rect = Rect(__class__=<class 'psychopy.visual.rect.Rect'>, anchor=('center', 'center'), autoDraw=False, autoLog=True, closeShape=True, color=method-wrapper(...), colorSpace='rgb', contrast=None, depth=0, fillColor=array([ 1,  1, -1]), fillColorSpace='rgb', fillRGB=array([ 1,  1, -1]), interpolate=True, lineColor=array([0., 0., 0.]), lineColorSpace='rgb', lineRGB=array([0, 0, 0]), lineWidth=1.5, name='unnamed Rect', opacity=0.5, ori=0.0, pos=array([0., 0.]), size=array([30., 30.]), units='pix', vertices=ndarray(...), win=Window(...))
90.7640 	EXP 	Created unnamed Rect = Rect(__class__=<class 'psychopy.visual.rect.Rect'>, anchor=('center', 'center'), autoDraw=False, autoLog=True, closeShape=True, color=method-wrapper(...), colorSpace='rgb', contrast=None, depth=0, fillColor=array([ 1,  1, -1]), fillColorSpace='rgb', fillRGB=array([ 1,  1, -1]), interpolate=True, lineColor=array([0., 0., 0.]), lineColorSpace='rgb', lineRGB=array([0, 0, 0]), lineWidth=1.5, name='unnamed Rect', opacity=0.5, ori=0.0, pos=array([0., 0.]), size=array([30., 30.]), units='pix', vertices=ndarray(...), win=Window(...))
90.8428 	EXP 	Created unnamed ImageStim = ImageStim(__class__=<class 'psychopy.visual.image.ImageStim'>, anchor=('center', 'center'), autoLog=True, color=array([1., 1., 1.]), colorSpace='rgb', contrast=1.0, depth=0, flipHoriz=False, flipVert=False, image='tree.png', interpolate=False, mask=None, maskParams=None, name='unnamed ImageStim', opacity=1, ori=0.0, pos=array([0., 0.]), size=array([512., 512.]), texRes=128, units='pix', win=Window(...))
90.9231 	EXP 	Created unnamed ImageStim = ImageStim(__class__=<class 'psychopy.visual.image.ImageStim'>, anchor=('center', 'center'), autoLog=True, color=array([1., 1., 1.]), colorSpace='rgb', contrast=1.0, depth=0, flipHoriz=False, flipVert=False, image='tree.png', interpolate=False, mask=None, maskParams=None, name='unnamed ImageStim', opacity=1, ori=0.0, pos=array([0., 0.]), size=array([512., 512.]), texRes=128, units='pix', win=Window(...))
91.0001 	EXP 	Created unnamed ImageStim = ImageStim(__class__=<class 'psychopy.visual.image.ImageStim'>, anchor=('center', 'center'), autoLog=True, color=array([1., 1., 1.]), colorSpace='rgb', contrast=1.0, depth=0, flipHoriz=False, flipVert=False, image='tree.png', interpolate=False, mask=None, maskParams=None, name='unnamed ImageStim', opacity=1, ori=0.0, pos=array([0., 0.]), size=array([512., 512.]), texRes=128, units='pix', win=Window(...))
91.0684 	EXP 	Created unnamed ImageStim = ImageStim(__class__=<class 'psychopy.visual.image.ImageStim'>, anchor=('center', 'center'), autoLog=True, color=array([1., 1., 1.]), colorSpace='rgb', contrast=1.0, depth=0, flipHoriz=False, flipVert=False, image='tree.png', interpolate=False, mask=None, maskParams=None, name='unnamed ImageStim', opacity=1, ori=0.0, pos=array([0., 0.]), size=array([512., 512.]), texRes=128, units='pix', win=Window(...))
91.1335 	EXP 	Created unnamed ImageStim = ImageStim(__class__=<class 'psychopy.visual.image.ImageStim'>, anchor=('center', 'center'), autoLog=True, color=array([1., 1., 1.]), colorSpace='rgb', contrast=1.0, depth=0, flipHoriz=False, flipVert=False, image='tree.png', interpolate=False, mask=None, maskParams=None, name='unnamed ImageStim', opacity=1, ori=0.0, pos=array([0., 0.]), size=array([512., 512.]), texRes=128, units='pix', win=Window(...))
91.2000 	EXP 	Created unnamed ImageStim = ImageStim(__class__=<class 'psychopy.visual.image.ImageStim'>, anchor=('center', 'center'), autoLog=True, color=array([1., 1., 1.]), colorSpace='rgb', contrast=1.0, depth=0, flipHoriz=False, flipVert=False, image='tree.png', interpolate=False, mask=None, maskParams=None, name='unnamed ImageStim', opacity=1, ori=0.0, pos=array([0., 0.]), size=array([512., 512.]), texRes=128, units='pix', win=Window(...))
91.2710 	EXP 	Created unnamed ImageStim = ImageStim(__class__=<class 'psychopy.visual.image.ImageStim'>, anchor=('center', 'center'), autoLog=True, color=array([1., 1., 1.]), colorSpace='rgb', contrast=1.0, depth=0, flipHoriz=False, flipVert=False, image='tree.png', interpolate=False, mask=None, maskParams=None, name='unnamed ImageStim', opacity=1, ori=0.0, pos=array([0., 0.]), size=array([512., 512.]), texRes=128, units='pix', win=Window(...))
91.3424 	EXP 	Created unnamed ImageStim = ImageStim(__class__=<class 'psychopy.visual.image.ImageStim'>, anchor=('center', 'center'), autoLog=True, color=array([1., 1., 1.]), colorSpace='rgb', contrast=1.0, depth=0, flipHoriz=False, flipVert=False, image='tree.png', interpolate=False, mask=None, maskParams=None, name='unnamed ImageStim', opacity=1, ori=0.0, pos=array([0., 0.]), size=array([512., 512.]), texRes=128, units='pix', win=Window(...))
91.4172 	EXP 	Created unnamed ImageStim = ImageStim(__class__=<class 'psychopy.visual.image.ImageStim'>, anchor=('center', 'center'), autoLog=True, color=array([1., 1., 1.]), colorSpace='rgb', contrast=1.0, depth=0, flipHoriz=False, flipVert=False, image='tree.png', interpolate=False, mask=None, maskParams=None, name='unnamed ImageStim', opacity=1, ori=0.0, pos=array([0., 0.]), size=array([512., 512.]), texRes=128, units='pix', win=Window(...))
91.4926 	EXP 	Created unnamed ImageStim = ImageStim(__class__=<class 'psychopy.visual.image.ImageStim'>, anchor=('center', 'center'), autoLog=True, color=array([1., 1., 1.]), colorSpace='rgb', contrast=1.0, depth=0, flipHoriz=False, flipVert=False, image='tree.png', interpolate=False, mask=None, maskParams=None, name='unnamed ImageStim', opacity=1, ori=0.0, pos=array([0., 0.]), size=array([512., 512.]), texRes=128, units='pix', win=Window(...))
91.5590 	EXP 	Created unnamed ImageStim = ImageStim(__class__=<class 'psychopy.visual.image.ImageStim'>, anchor=('center', 'center'), autoLog=True, color=array([1., 1., 1.]), colorSpace='rgb', contrast=1.0, depth=0, flipHoriz=False, flipVert=False, image='tree.png', interpolate=False, mask=None, maskParams=None, name='unnamed ImageStim', opacity=1, ori=0.0, pos=array([0., 0.]), size=array([512., 512.]), texRes=128, units='pix', win=Window(...))
91.6320 	EXP 	Created unnamed ImageStim = ImageStim(__class__=<class 'psychopy.visual.image.ImageStim'>, anchor=('center', 'center'), autoLog=True, color=array([1., 1., 1.]), colorSpace='rgb', contrast=1.0, depth=0, flipHoriz=False, flipVert=False, image='tree.png', interpolate=False, mask=None, maskParams=None, name='unnamed ImageStim', opacity=1, ori=0.0, pos=array([0., 0.]), size=array([512., 512.]), texRes=128, units='pix', win=Window(...))
91.6438 	DATA 	Keypress: space
91.6594 	EXP 	Welcometext: autoDraw = False
93.2730 	DATA 	Keypress: left
93.7425 	DATA 	Keypress: left
94.1880 	DATA 	Keypress: left
94.6443 	DATA 	Keypress: left
95.1840 	DATA 	Keypress: left
95.5570 	DATA 	Keypress: left
95.9582 	DATA 	Keypress: left
96.3673 	DATA 	Keypress: left
96.7909 	EXP 	Created unnamed Rect = Rect(__class__=<class 'psychopy.visual.rect.Rect'>, anchor=('center', 'center'), autoDraw=False, autoLog=True, closeShape=True, color=method-wrapper(...), colorSpace='rgb', contrast=None, depth=0, fillColor=array([-1, -1, -1]), fillColorSpace='rgb', fillRGB=array([-1, -1, -1]), interpolate=True, lineColor=array([-1., -1.,  1.]), lineColorSpace='rgb', lineRGB=array([-1, -1,  1]), lineWidth=1.5, name='unnamed Rect', opacity=1, ori=0.0, pos=array([0., 0.]), size=array([400., 600.]), units='pix', vertices=ndarray(...), win=Window(...))
97.1967 	EXP 	Created unnamed ImageStim = ImageStim(__class__=<class 'psychopy.visual.image.ImageStim'>, anchor=('center', 'center'), autoLog=True, color=array([1., 1., 1.]), colorSpace='rgb', contrast=1.0, depth=0, flipHoriz=False, flipVert=False, image='attacked.png', interpolate=False, mask=None, maskParams=None, name='unnamed ImageStim', opacity=1, ori=0.0, pos=array([0., 0.]), size=array([1920., 1080.]), texRes=128, units='pix', win=Window(...))
97.2831 	EXP 	Created unnamed Rect = Rect(__class__=<class 'psychopy.visual.rect.Rect'>, anchor=('center', 'center'), autoDraw=False, autoLog=True, closeShape=True, color=method-wrapper(...), colorSpace='rgb', contrast=None, depth=0, fillColor=array([-1, -1, -1]), fillColorSpace='rgb', fillRGB=array([-1, -1, -1]), interpolate=True, lineColor=array([-1.        ,  0.00392157, -1.        ]), lineColorSpace='rgb', lineRGB=array([-1.        ,  0.00392157, -1.        ]), lineWidth=1.5, name='unnamed Rect', opacity=1, ori=0.0, pos=array([0., 0.]), size=array([240., 160.]), units='pix', vertices=ndarray(...), win=Window(...))
97.2889 	EXP 	Created unnamed Rect = Rect(__class__=<class 'psychopy.visual.rect.Rect'>, anchor=('center', 'center'), autoDraw=False, autoLog=True, closeShape=True, color=method-wrapper(...), colorSpace='rgb', contrast=None, depth=0, fillColor=array([-1, -1, -1]), fillColorSpace='rgb', fillRGB=array([-1, -1, -1]), interpolate=True, lineColor=array([-1., -1.,  1.]), lineColorSpace='rgb', lineRGB=array([-1, -1,  1]), lineWidth=1.5, name='unnamed Rect', opacity=1, ori=0.0, pos=array([0., 0.]), size=array([400., 600.]), units='pix', vertices=ndarray(...), win=Window(...))
97.2892 	DATA 	Keypress: left
97.4814 	DATA 	Keypress: left
97.9516 	DATA 	Keypress: right
98.2329 	DATA 	Keypress: up
98.2877 	DATA 	Keypress: right
98.6438 	DATA 	Keypress: right
98.6666 	DATA 	Keypress: up
98.8576 	DATA 	Keypress: right
99.0385 	DATA 	Keypress: down
99.4188 	DATA 	Keypress: up
99.5877 	DATA 	Keypress: right
99.8013 	DATA 	Keypress: right
100.0493 	DATA 	Keypress: right
100.0776 	DATA 	Keypress: up
100.2845 	DATA 	Keypress: up
100.3541 	DATA 	Keypress: left
100.4883 	DATA 	Keypress: up
107.3161 	EXP 	text: autoDraw = True
107.8379 	DATA 	Keypress: space
109.2706 	DATA 	Keypress: space
110.3013 	EXP 	New trial (rep=4, index=0): None
110.3161 	EXP 	text: autoDraw = False
110.3161 	EXP 	text: autoDraw = False
110.3161 	EXP 	Welcometext: autoDraw = True
110.5746 	EXP 	Created unnamed Rect = Rect(__class__=<class 'psychopy.visual.rect.Rect'>, anchor=('center', 'center'), autoDraw=False, autoLog=True, closeShape=True, color=method-wrapper(...), colorSpace='rgb', contrast=None, depth=0, fillColor=array([ 1, -1, -1]), fillColorSpace='rgb', fillRGB=array([ 1, -1, -1]), interpolate=True, lineColor=array([-1., -1.,  1.]), lineColorSpace='rgb', lineRGB=array([-1, -1,  1]), lineWidth=1.5, name='unnamed Rect', opacity=1, ori=0.0, pos=array([0., 0.]), size=array([1000.,  700.]), units='pix', vertices=ndarray(...), win=Window(...))
110.5791 	EXP 	Created unnamed Rect = Rect(__class__=<class 'psychopy.visual.rect.Rect'>, anchor=('center', 'center'), autoDraw=False, autoLog=True, closeShape=True, color=method-wrapper(...), colorSpace='rgb', contrast=None, depth=0, fillColor=array([-1, -1, -1]), fillColorSpace='rgb', fillRGB=array([-1, -1, -1]), interpolate=True, lineColor=array([-1., -1.,  1.]), lineColorSpace='rgb', lineRGB=array([-1, -1,  1]), lineWidth=1.5, name='unnamed Rect', opacity=1, ori=0.0, pos=array([0., 0.]), size=array([400., 600.]), units='pix', vertices=ndarray(...), win=Window(...))
110.5836 	EXP 	Created unnamed Rect = Rect(__class__=<class 'psychopy.visual.rect.Rect'>, anchor=('center', 'center'), autoDraw=False, autoLog=True, closeShape=True, color=method-wrapper(...), colorSpace='rgb', contrast=None, depth=0, fillColor=array([-1, -1, -1]), fillColorSpace='rgb', fillRGB=array([-1, -1, -1]), interpolate=True, lineColor=array([-1., -1.,  1.]), lineColorSpace='rgb', lineRGB=array([-1, -1,  1]), lineWidth=1.5, name='unnamed Rect', opacity=1, ori=0.0, pos=array([0., 0.]), size=array([400., 600.]), units='pix', vertices=ndarray(...), win=Window(...))
110.5890 	EXP 	Created unnamed Rect = Rect(__class__=<class 'psychopy.visual.rect.Rect'>, anchor=('center', 'center'), autoDraw=False, autoLog=True, closeShape=True, color=method-wrapper(...), colorSpace='rgb', contrast=None, depth=0, fillColor=array([ 1,  1, -1]), fillColorSpace='rgb', fillRGB=array([ 1,  1, -1]), interpolate=True, lineColor=array([0., 0., 0.]), lineColorSpace='rgb', lineRGB=array([0, 0, 0]), lineWidth=1.5, name='unnamed Rect', opacity=0.5, ori=0.0, pos=array([0., 0.]), size=array([30., 30.]), units='pix', vertices=ndarray(...), win=Window(...))
110.5941 	EXP 	Created unnamed Rect = Rect(__class__=<class 'psychopy.visual.rect.Rect'>, anchor=('center', 'center'), autoDraw=False, autoLog=True, closeShape=True, color=method-wrapper(...), colorSpace='rgb', contrast=None, depth=0, fillColor=array([ 1,  1, -1]), fillColorSpace='rgb', fillRGB=array([ 1,  1, -1]), interpolate=True, lineColor=array([0., 0., 0.]), lineColorSpace='rgb', lineRGB=array([0, 0, 0]), lineWidth=1.5, name='unnamed Rect', opacity=0.5, ori=0.0, pos=array([0., 0.]), size=array([30., 30.]), units='pix', vertices=ndarray(...), win=Window(...))
110.5994 	EXP 	Created unnamed Rect = Rect(__class__=<class 'psychopy.visual.rect.Rect'>, anchor=('center', 'center'), autoDraw=False, autoLog=True, closeShape=True, color=method-wrapper(...), colorSpace='rgb', contrast=None, depth=0, fillColor=array([ 1,  1, -1]), fillColorSpace='rgb', fillRGB=array([ 1,  1, -1]), interpolate=True, lineColor=array([0., 0., 0.]), lineColorSpace='rgb', lineRGB=array([0, 0, 0]), lineWidth=1.5, name='unnamed Rect', opacity=0.5, ori=0.0, pos=array([0., 0.]), size=array([30., 30.]), units='pix', vertices=ndarray(...), win=Window(...))
110.6045 	EXP 	Created unnamed Rect = Rect(__class__=<class 'psychopy.visual.rect.Rect'>, anchor=('center', 'center'), autoDraw=False, autoLog=True, closeShape=True, color=method-wrapper(...), colorSpace='rgb', contrast=None, depth=0, fillColor=array([ 1,  1, -1]), fillColorSpace='rgb', fillRGB=array([ 1,  1, -1]), interpolate=True, lineColor=array([0., 0., 0.]), lineColorSpace='rgb', lineRGB=array([0, 0, 0]), lineWidth=1.5, name='unnamed Rect', opacity=0.5, ori=0.0, pos=array([0., 0.]), size=array([30., 30.]), units='pix', vertices=ndarray(...), win=Window(...))
110.6099 	EXP 	Created unnamed Rect = Rect(__class__=<class 'psychopy.visual.rect.Rect'>, anchor=('center', 'center'), autoDraw=False, autoLog=True, closeShape=True, color=method-wrapper(...), colorSpace='rgb', contrast=None, depth=0, fillColor=array([ 1,  1, -1]), fillColorSpace='rgb', fillRGB=array([ 1,  1, -1]), interpolate=True, lineColor=array([0., 0., 0.]), lineColorSpace='rgb', lineRGB=array([0, 0, 0]), lineWidth=1.5, name='unnamed Rect', opacity=0.5, ori=0.0, pos=array([0., 0.]), size=array([30., 30.]), units='pix', vertices=ndarray(...), win=Window(...))
110.6152 	EXP 	Created unnamed Rect = Rect(__class__=<class 'psychopy.visual.rect.Rect'>, anchor=('center', 'center'), autoDraw=False, autoLog=True, closeShape=True, color=method-wrapper(...), colorSpace='rgb', contrast=None, depth=0, fillColor=array([ 1,  1, -1]), fillColorSpace='rgb', fillRGB=array([ 1,  1, -1]), interpolate=True, lineColor=array([0., 0., 0.]), lineColorSpace='rgb', lineRGB=array([0, 0, 0]), lineWidth=1.5, name='unnamed Rect', opacity=0.5, ori=0.0, pos=array([0., 0.]), size=array([30., 30.]), units='pix', vertices=ndarray(...), win=Window(...))
110.6204 	EXP 	Created unnamed Rect = Rect(__class__=<class 'psychopy.visual.rect.Rect'>, anchor=('center', 'center'), autoDraw=False, autoLog=True, closeShape=True, color=method-wrapper(...), colorSpace='rgb', contrast=None, depth=0, fillColor=array([ 1,  1, -1]), fillColorSpace='rgb', fillRGB=array([ 1,  1, -1]), interpolate=True, lineColor=array([0., 0., 0.]), lineColorSpace='rgb', lineRGB=array([0, 0, 0]), lineWidth=1.5, name='unnamed Rect', opacity=0.5, ori=0.0, pos=array([0., 0.]), size=array([30., 30.]), units='pix', vertices=ndarray(...), win=Window(...))
110.6875 	EXP 	Created unnamed ImageStim = ImageStim(__class__=<class 'psychopy.visual.image.ImageStim'>, anchor=('center', 'center'), autoLog=True, color=array([1., 1., 1.]), colorSpace='rgb', contrast=1.0, depth=0, flipHoriz=False, flipVert=False, image='tree.png', interpolate=False, mask=None, maskParams=None, name='unnamed ImageStim', opacity=1, ori=0.0, pos=array([0., 0.]), size=array([512., 512.]), texRes=128, units='pix', win=Window(...))
110.7329 	EXP 	Created unnamed ImageStim = ImageStim(__class__=<class 'psychopy.visual.image.ImageStim'>, anchor=('center', 'center'), autoLog=True, color=array([1., 1., 1.]), colorSpace='rgb', contrast=1.0, depth=0, flipHoriz=False, flipVert=False, image='tree.png', interpolate=False, mask=None, maskParams=None, name='unnamed ImageStim', opacity=1, ori=0.0, pos=array([0., 0.]), size=array([512., 512.]), texRes=128, units='pix', win=Window(...))
110.7886 	EXP 	Created unnamed ImageStim = ImageStim(__class__=<class 'psychopy.visual.image.ImageStim'>, anchor=('center', 'center'), autoLog=True, color=array([1., 1., 1.]), colorSpace='rgb', contrast=1.0, depth=0, flipHoriz=False, flipVert=False, image='tree.png', interpolate=False, mask=None, maskParams=None, name='unnamed ImageStim', opacity=1, ori=0.0, pos=array([0., 0.]), size=array([512., 512.]), texRes=128, units='pix', win=Window(...))
110.8542 	EXP 	Created unnamed ImageStim = ImageStim(__class__=<class 'psychopy.visual.image.ImageStim'>, anchor=('center', 'center'), autoLog=True, color=array([1., 1., 1.]), colorSpace='rgb', contrast=1.0, depth=0, flipHoriz=False, flipVert=False, image='tree.png', interpolate=False, mask=None, maskParams=None, name='unnamed ImageStim', opacity=1, ori=0.0, pos=array([0., 0.]), size=array([512., 512.]), texRes=128, units='pix', win=Window(...))
110.9204 	EXP 	Created unnamed ImageStim = ImageStim(__class__=<class 'psychopy.visual.image.ImageStim'>, anchor=('center', 'center'), autoLog=True, color=array([1., 1., 1.]), colorSpace='rgb', contrast=1.0, depth=0, flipHoriz=False, flipVert=False, image='tree.png', interpolate=False, mask=None, maskParams=None, name='unnamed ImageStim', opacity=1, ori=0.0, pos=array([0., 0.]), size=array([512., 512.]), texRes=128, units='pix', win=Window(...))
110.9765 	EXP 	Created unnamed ImageStim = ImageStim(__class__=<class 'psychopy.visual.image.ImageStim'>, anchor=('center', 'center'), autoLog=True, color=array([1., 1., 1.]), colorSpace='rgb', contrast=1.0, depth=0, flipHoriz=False, flipVert=False, image='tree.png', interpolate=False, mask=None, maskParams=None, name='unnamed ImageStim', opacity=1, ori=0.0, pos=array([0., 0.]), size=array([512., 512.]), texRes=128, units='pix', win=Window(...))
111.0318 	EXP 	Created unnamed ImageStim = ImageStim(__class__=<class 'psychopy.visual.image.ImageStim'>, anchor=('center', 'center'), autoLog=True, color=array([1., 1., 1.]), colorSpace='rgb', contrast=1.0, depth=0, flipHoriz=False, flipVert=False, image='tree.png', interpolate=False, mask=None, maskParams=None, name='unnamed ImageStim', opacity=1, ori=0.0, pos=array([0., 0.]), size=array([512., 512.]), texRes=128, units='pix', win=Window(...))
111.0797 	EXP 	Created unnamed ImageStim = ImageStim(__class__=<class 'psychopy.visual.image.ImageStim'>, anchor=('center', 'center'), autoLog=True, color=array([1., 1., 1.]), colorSpace='rgb', contrast=1.0, depth=0, flipHoriz=False, flipVert=False, image='tree.png', interpolate=False, mask=None, maskParams=None, name='unnamed ImageStim', opacity=1, ori=0.0, pos=array([0., 0.]), size=array([512., 512.]), texRes=128, units='pix', win=Window(...))
111.1265 	EXP 	Created unnamed ImageStim = ImageStim(__class__=<class 'psychopy.visual.image.ImageStim'>, anchor=('center', 'center'), autoLog=True, color=array([1., 1., 1.]), colorSpace='rgb', contrast=1.0, depth=0, flipHoriz=False, flipVert=False, image='tree.png', interpolate=False, mask=None, maskParams=None, name='unnamed ImageStim', opacity=1, ori=0.0, pos=array([0., 0.]), size=array([512., 512.]), texRes=128, units='pix', win=Window(...))
111.1811 	EXP 	Created unnamed ImageStim = ImageStim(__class__=<class 'psychopy.visual.image.ImageStim'>, anchor=('center', 'center'), autoLog=True, color=array([1., 1., 1.]), colorSpace='rgb', contrast=1.0, depth=0, flipHoriz=False, flipVert=False, image='tree.png', interpolate=False, mask=None, maskParams=None, name='unnamed ImageStim', opacity=1, ori=0.0, pos=array([0., 0.]), size=array([512., 512.]), texRes=128, units='pix', win=Window(...))
111.2568 	EXP 	Created unnamed ImageStim = ImageStim(__class__=<class 'psychopy.visual.image.ImageStim'>, anchor=('center', 'center'), autoLog=True, color=array([1., 1., 1.]), colorSpace='rgb', contrast=1.0, depth=0, flipHoriz=False, flipVert=False, image='tree.png', interpolate=False, mask=None, maskParams=None, name='unnamed ImageStim', opacity=1, ori=0.0, pos=array([0., 0.]), size=array([512., 512.]), texRes=128, units='pix', win=Window(...))
111.3339 	EXP 	Created unnamed ImageStim = ImageStim(__class__=<class 'psychopy.visual.image.ImageStim'>, anchor=('center', 'center'), autoLog=True, color=array([1., 1., 1.]), colorSpace='rgb', contrast=1.0, depth=0, flipHoriz=False, flipVert=False, image='tree.png', interpolate=False, mask=None, maskParams=None, name='unnamed ImageStim', opacity=1, ori=0.0, pos=array([0., 0.]), size=array([512., 512.]), texRes=128, units='pix', win=Window(...))
111.3460 	DATA 	Keypress: space
111.3604 	EXP 	Welcometext: autoDraw = False
112.6297 	DATA 	Keypress: left
116.7064 	EXP 	Created unnamed Rect = Rect(__class__=<class 'psychopy.visual.rect.Rect'>, anchor=('center', 'center'), autoDraw=False, autoLog=True, closeShape=True, color=method-wrapper(...), colorSpace='rgb', contrast=None, depth=0, fillColor=array([-1, -1, -1]), fillColorSpace='rgb', fillRGB=array([-1, -1, -1]), interpolate=True, lineColor=array([-1., -1.,  1.]), lineColorSpace='rgb', lineRGB=array([-1, -1,  1]), lineWidth=1.5, name='unnamed Rect', opacity=1, ori=0.0, pos=array([0., 0.]), size=array([400., 600.]), units='pix', vertices=ndarray(...), win=Window(...))
117.0272 	EXP 	Created unnamed ImageStim = ImageStim(__class__=<class 'psychopy.visual.image.ImageStim'>, anchor=('center', 'center'), autoLog=True, color=array([1., 1., 1.]), colorSpace='rgb', contrast=1.0, depth=0, flipHoriz=False, flipVert=False, image='attacked.png', interpolate=False, mask=None, maskParams=None, name='unnamed ImageStim', opacity=1, ori=0.0, pos=array([0., 0.]), size=array([1920., 1080.]), texRes=128, units='pix', win=Window(...))
117.0987 	EXP 	Created unnamed Rect = Rect(__class__=<class 'psychopy.visual.rect.Rect'>, anchor=('center', 'center'), autoDraw=False, autoLog=True, closeShape=True, color=method-wrapper(...), colorSpace='rgb', contrast=None, depth=0, fillColor=array([-1, -1, -1]), fillColorSpace='rgb', fillRGB=array([-1, -1, -1]), interpolate=True, lineColor=array([-1.        ,  0.00392157, -1.        ]), lineColorSpace='rgb', lineRGB=array([-1.        ,  0.00392157, -1.        ]), lineWidth=1.5, name='unnamed Rect', opacity=1, ori=0.0, pos=array([0., 0.]), size=array([240., 160.]), units='pix', vertices=ndarray(...), win=Window(...))
117.1034 	EXP 	Created unnamed Rect = Rect(__class__=<class 'psychopy.visual.rect.Rect'>, anchor=('center', 'center'), autoDraw=False, autoLog=True, closeShape=True, color=method-wrapper(...), colorSpace='rgb', contrast=None, depth=0, fillColor=array([-1, -1, -1]), fillColorSpace='rgb', fillRGB=array([-1, -1, -1]), interpolate=True, lineColor=array([-1., -1.,  1.]), lineColorSpace='rgb', lineRGB=array([-1, -1,  1]), lineWidth=1.5, name='unnamed Rect', opacity=1, ori=0.0, pos=array([0., 0.]), size=array([400., 600.]), units='pix', vertices=ndarray(...), win=Window(...))
117.1037 	DATA 	Keypress: left
117.3992 	DATA 	Keypress: up
117.5912 	DATA 	Keypress: up
117.7633 	DATA 	Keypress: right
117.7881 	DATA 	Keypress: up
117.9663 	DATA 	Keypress: up
118.1496 	DATA 	Keypress: right
118.1903 	DATA 	Keypress: up
118.3657 	DATA 	Keypress: right
118.3661 	DATA 	Keypress: up
118.5655 	DATA 	Keypress: up
118.5912 	DATA 	Keypress: right
118.7799 	DATA 	Keypress: up
118.8083 	DATA 	Keypress: right
118.9834 	DATA 	Keypress: up
119.0091 	DATA 	Keypress: right
119.1614 	DATA 	Keypress: up
119.3837 	DATA 	Keypress: up
119.3881 	DATA 	Keypress: right
119.5851 	DATA 	Keypress: right
119.6114 	DATA 	Keypress: up
119.8135 	DATA 	Keypress: up
119.9891 	DATA 	Keypress: up
120.1696 	DATA 	Keypress: right
120.3882 	DATA 	Keypress: up
120.5432 	DATA 	Keypress: up
120.7371 	DATA 	Keypress: right
120.8854 	DATA 	Keypress: up
121.1088 	DATA 	Keypress: up
121.2928 	DATA 	Keypress: up
121.4989 	DATA 	Keypress: up
121.4994 	DATA 	Keypress: right
121.7013 	DATA 	Keypress: up
121.7018 	DATA 	Keypress: right
121.8811 	DATA 	Keypress: up
122.0305 	DATA 	Keypress: right
122.0572 	DATA 	Keypress: up
122.2335 	DATA 	Keypress: right
122.2582 	DATA 	Keypress: up
122.4066 	DATA 	Keypress: up
122.5823 	DATA 	Keypress: up
122.7596 	DATA 	Keypress: up
122.9255 	DATA 	Keypress: up
123.1063 	DATA 	Keypress: up
123.2752 	DATA 	Keypress: up
123.4497 	DATA 	Keypress: up
123.5558 	DATA 	Keypress: left
123.6850 	DATA 	Keypress: up
123.7516 	DATA 	Keypress: left
123.9092 	DATA 	Keypress: up
123.9714 	DATA 	Keypress: left
124.1198 	DATA 	Keypress: up
124.2309 	DATA 	Keypress: left
124.3728 	DATA 	Keypress: up
124.4730 	DATA 	Keypress: left
124.5920 	DATA 	Keypress: up
124.7025 	DATA 	Keypress: left
124.8166 	DATA 	Keypress: up
124.9202 	DATA 	Keypress: left
125.0187 	DATA 	Keypress: up
125.1196 	DATA 	Keypress: left
125.2438 	DATA 	Keypress: up
125.4153 	DATA 	Keypress: left
125.4411 	DATA 	Keypress: up
125.5150 	DATA 	Keypress: left
125.7622 	DATA 	Keypress: up
125.7626 	DATA 	Keypress: left
125.9295 	DATA 	Keypress: up
126.0461 	DATA 	Keypress: left
126.1899 	DATA 	Keypress: up
126.2905 	DATA 	Keypress: left
126.4191 	DATA 	Keypress: up
126.5188 	DATA 	Keypress: left
126.7461 	DATA 	Keypress: left
126.9712 	DATA 	Keypress: left
127.1156 	EXP 	text: autoDraw = True
127.1360 	DATA 	Keypress: up
127.2061 	DATA 	Keypress: left
127.3715 	DATA 	Keypress: up
130.1161 	EXP 	text: autoDraw = False
130.1161 	EXP 	text: autoDraw = False
131.5186 	EXP 	window1: mouseVisible = True
