1.4101 	WARNING 	We strongly recommend you activate the PTB sound engine in PsychoPy prefs as the preferred audio engine. Its timing is vastly superior. Your prefs are currently set to use ['sounddevice', 'PTB', 'pyo', 'pygame'] (in that order).
6.8296 	WARNING 	User requested fullscreen with size [1440  900], but screen is actually [1920, 1080]. Using actual size
8.2304 	EXP 	Created window1 = Window(allowGUI=False, allowStencil=False, autoLog=True, backendConf=UNKNOWN, bitsMode=UNKNOWN, blendMode='avg', bpc=(8, 8, 8), color=array([-1., -1., -1.]), colorSpace='rgb', depthBits=8, fullscr=<method-wrapper '__getattribute__' of attributeSetter object at 0x000001A320B81F70>, gamma=None, gammaErrorPolicy='raise', lms=UNKNOWN, monitor=<psychopy.monitors.calibTools.Monitor object at 0x000001A3227DE970>, multiSample=False, name='window1', numSamples=2, pos=(0, 0), screen=0, size=array([1920, 1080]), stencilBits=0, stereo=False, units='height', useFBO=True, useRetina=False, viewOri=0.0, viewPos=None, viewScale=None, waitBlanking=True, winType='pyglet')
8.2310 	EXP 	window1: mouseVisible = True
8.2311 	EXP 	window1: Attempting to measure frame rate of screen (0) ...
8.2311 	EXP 	window1: recordFrameIntervals = False
8.3959 	EXP 	window1: recordFrameIntervals = True
8.5795 	EXP 	Screen (0) actual frame rate measured at 59.90Hz
8.5796 	EXP 	window1: recordFrameIntervals = False
10.3724 	EXP 	Created Welcometext = TextStim(__class__=<class 'psychopy.visual.text.TextStim'>, alignHoriz=method-wrapper(...), alignText='center', alignVert=method-wrapper(...), anchorHoriz='center', anchorVert='center', antialias=True, autoLog=True, bold=False, color=array([1., 1., 1.]), colorSpace='rgb', contrast=1.0, depth=0.0, flipHoriz=False, flipVert=False, font='Open Sans', fontFiles=[], height=0.05, italic=False, languageStyle='LTR', name='Welcometext', opacity=1, ori=0.0, pos=array([0., 0.]), rgb=UNKNOWN, text='Welcome\nPlease press Spacebar to start', units='height', win=Window(...), wrapWidth=1)
10.3894 	EXP 	Created text = TextStim(__class__=<class 'psychopy.visual.text.TextStim'>, alignHoriz=method-wrapper(...), alignText='center', alignVert=method-wrapper(...), anchorHoriz='center', anchorVert='center', antialias=True, autoLog=True, bold=False, color=array([1., 1., 1.]), colorSpace='rgb', contrast=1.0, depth=0.0, flipHoriz=False, flipVert=False, font='Open Sans', fontFiles=[], height=0.05, italic=False, languageStyle='LTR', name='text', opacity=1, ori=0.0, pos=array([0., 0.]), rgb=UNKNOWN, text=str(...), units='height', win=Window(...), wrapWidth=1)
10.3898 	EXP 	Created sequence: random, trialTypes=1, nReps=5, seed=None
10.3899 	EXP 	New trial (rep=0, index=0): None
10.3969 	EXP 	Welcometext: autoDraw = True
11.5045 	EXP 	Created unnamed Rect = Rect(__class__=<class 'psychopy.visual.rect.Rect'>, anchor=('center', 'center'), autoDraw=False, autoLog=True, closeShape=True, color=method-wrapper(...), colorSpace='rgb', contrast=None, depth=0, fillColor=array([ 1, -1, -1]), fillColorSpace='rgb', fillRGB=array([ 1, -1, -1]), interpolate=True, lineColor=array([-1., -1.,  1.]), lineColorSpace='rgb', lineRGB=array([-1, -1,  1]), lineWidth=1.5, name='unnamed Rect', opacity=1, ori=0.0, pos=array([0., 0.]), size=array([1000.,  700.]), units='pix', vertices=ndarray(...), win=Window(...))
11.5102 	EXP 	Created unnamed Rect = Rect(__class__=<class 'psychopy.visual.rect.Rect'>, anchor=('center', 'center'), autoDraw=False, autoLog=True, closeShape=True, color=method-wrapper(...), colorSpace='rgb', contrast=None, depth=0, fillColor=array([-1, -1, -1]), fillColorSpace='rgb', fillRGB=array([-1, -1, -1]), interpolate=True, lineColor=array([-1., -1.,  1.]), lineColorSpace='rgb', lineRGB=array([-1, -1,  1]), lineWidth=1.5, name='unnamed Rect', opacity=1, ori=0.0, pos=array([0., 0.]), size=array([400., 600.]), units='pix', vertices=ndarray(...), win=Window(...))
11.5159 	EXP 	Created unnamed Rect = Rect(__class__=<class 'psychopy.visual.rect.Rect'>, anchor=('center', 'center'), autoDraw=False, autoLog=True, closeShape=True, color=method-wrapper(...), colorSpace='rgb', contrast=None, depth=0, fillColor=array([-1, -1, -1]), fillColorSpace='rgb', fillRGB=array([-1, -1, -1]), interpolate=True, lineColor=array([-1., -1.,  1.]), lineColorSpace='rgb', lineRGB=array([-1, -1,  1]), lineWidth=1.5, name='unnamed Rect', opacity=1, ori=0.0, pos=array([0., 0.]), size=array([400., 600.]), units='pix', vertices=ndarray(...), win=Window(...))
11.5232 	EXP 	Created unnamed Rect = Rect(__class__=<class 'psychopy.visual.rect.Rect'>, anchor=('center', 'center'), autoDraw=False, autoLog=True, closeShape=True, color=method-wrapper(...), colorSpace='rgb', contrast=None, depth=0, fillColor=array([ 1,  1, -1]), fillColorSpace='rgb', fillRGB=array([ 1,  1, -1]), interpolate=True, lineColor=array([0., 0., 0.]), lineColorSpace='rgb', lineRGB=array([0, 0, 0]), lineWidth=1.5, name='unnamed Rect', opacity=0.5, ori=0.0, pos=array([0., 0.]), size=array([30., 30.]), units='pix', vertices=ndarray(...), win=Window(...))
11.5276 	EXP 	Created unnamed Rect = Rect(__class__=<class 'psychopy.visual.rect.Rect'>, anchor=('center', 'center'), autoDraw=False, autoLog=True, closeShape=True, color=method-wrapper(...), colorSpace='rgb', contrast=None, depth=0, fillColor=array([ 1,  1, -1]), fillColorSpace='rgb', fillRGB=array([ 1,  1, -1]), interpolate=True, lineColor=array([0., 0., 0.]), lineColorSpace='rgb', lineRGB=array([0, 0, 0]), lineWidth=1.5, name='unnamed Rect', opacity=0.5, ori=0.0, pos=array([0., 0.]), size=array([30., 30.]), units='pix', vertices=ndarray(...), win=Window(...))
11.5312 	EXP 	Created unnamed Rect = Rect(__class__=<class 'psychopy.visual.rect.Rect'>, anchor=('center', 'center'), autoDraw=False, autoLog=True, closeShape=True, color=method-wrapper(...), colorSpace='rgb', contrast=None, depth=0, fillColor=array([ 1,  1, -1]), fillColorSpace='rgb', fillRGB=array([ 1,  1, -1]), interpolate=True, lineColor=array([0., 0., 0.]), lineColorSpace='rgb', lineRGB=array([0, 0, 0]), lineWidth=1.5, name='unnamed Rect', opacity=0.5, ori=0.0, pos=array([0., 0.]), size=array([30., 30.]), units='pix', vertices=ndarray(...), win=Window(...))
11.5342 	EXP 	Created unnamed Rect = Rect(__class__=<class 'psychopy.visual.rect.Rect'>, anchor=('center', 'center'), autoDraw=False, autoLog=True, closeShape=True, color=method-wrapper(...), colorSpace='rgb', contrast=None, depth=0, fillColor=array([ 1,  1, -1]), fillColorSpace='rgb', fillRGB=array([ 1,  1, -1]), interpolate=True, lineColor=array([0., 0., 0.]), lineColorSpace='rgb', lineRGB=array([0, 0, 0]), lineWidth=1.5, name='unnamed Rect', opacity=0.5, ori=0.0, pos=array([0., 0.]), size=array([30., 30.]), units='pix', vertices=ndarray(...), win=Window(...))
11.5368 	EXP 	Created unnamed Rect = Rect(__class__=<class 'psychopy.visual.rect.Rect'>, anchor=('center', 'center'), autoDraw=False, autoLog=True, closeShape=True, color=method-wrapper(...), colorSpace='rgb', contrast=None, depth=0, fillColor=array([ 1,  1, -1]), fillColorSpace='rgb', fillRGB=array([ 1,  1, -1]), interpolate=True, lineColor=array([0., 0., 0.]), lineColorSpace='rgb', lineRGB=array([0, 0, 0]), lineWidth=1.5, name='unnamed Rect', opacity=0.5, ori=0.0, pos=array([0., 0.]), size=array([30., 30.]), units='pix', vertices=ndarray(...), win=Window(...))
11.5393 	EXP 	Created unnamed Rect = Rect(__class__=<class 'psychopy.visual.rect.Rect'>, anchor=('center', 'center'), autoDraw=False, autoLog=True, closeShape=True, color=method-wrapper(...), colorSpace='rgb', contrast=None, depth=0, fillColor=array([ 1,  1, -1]), fillColorSpace='rgb', fillRGB=array([ 1,  1, -1]), interpolate=True, lineColor=array([0., 0., 0.]), lineColorSpace='rgb', lineRGB=array([0, 0, 0]), lineWidth=1.5, name='unnamed Rect', opacity=0.5, ori=0.0, pos=array([0., 0.]), size=array([30., 30.]), units='pix', vertices=ndarray(...), win=Window(...))
11.5415 	EXP 	Created unnamed Rect = Rect(__class__=<class 'psychopy.visual.rect.Rect'>, anchor=('center', 'center'), autoDraw=False, autoLog=True, closeShape=True, color=method-wrapper(...), colorSpace='rgb', contrast=None, depth=0, fillColor=array([ 1,  1, -1]), fillColorSpace='rgb', fillRGB=array([ 1,  1, -1]), interpolate=True, lineColor=array([0., 0., 0.]), lineColorSpace='rgb', lineRGB=array([0, 0, 0]), lineWidth=1.5, name='unnamed Rect', opacity=0.5, ori=0.0, pos=array([0., 0.]), size=array([30., 30.]), units='pix', vertices=ndarray(...), win=Window(...))
11.5741 	EXP 	Created unnamed ImageStim = ImageStim(__class__=<class 'psychopy.visual.image.ImageStim'>, anchor=('center', 'center'), autoLog=True, color=array([1., 1., 1.]), colorSpace='rgb', contrast=1.0, depth=0, flipHoriz=False, flipVert=False, image='tree.png', interpolate=False, mask=None, maskParams=None, name='unnamed ImageStim', opacity=1, ori=0.0, pos=array([0., 0.]), size=array([512., 512.]), texRes=128, units='pix', win=Window(...))
11.5999 	EXP 	Created unnamed ImageStim = ImageStim(__class__=<class 'psychopy.visual.image.ImageStim'>, anchor=('center', 'center'), autoLog=True, color=array([1., 1., 1.]), colorSpace='rgb', contrast=1.0, depth=0, flipHoriz=False, flipVert=False, image='tree.png', interpolate=False, mask=None, maskParams=None, name='unnamed ImageStim', opacity=1, ori=0.0, pos=array([0., 0.]), size=array([512., 512.]), texRes=128, units='pix', win=Window(...))
11.6276 	EXP 	Created unnamed ImageStim = ImageStim(__class__=<class 'psychopy.visual.image.ImageStim'>, anchor=('center', 'center'), autoLog=True, color=array([1., 1., 1.]), colorSpace='rgb', contrast=1.0, depth=0, flipHoriz=False, flipVert=False, image='tree.png', interpolate=False, mask=None, maskParams=None, name='unnamed ImageStim', opacity=1, ori=0.0, pos=array([0., 0.]), size=array([512., 512.]), texRes=128, units='pix', win=Window(...))
11.6532 	EXP 	Created unnamed ImageStim = ImageStim(__class__=<class 'psychopy.visual.image.ImageStim'>, anchor=('center', 'center'), autoLog=True, color=array([1., 1., 1.]), colorSpace='rgb', contrast=1.0, depth=0, flipHoriz=False, flipVert=False, image='tree.png', interpolate=False, mask=None, maskParams=None, name='unnamed ImageStim', opacity=1, ori=0.0, pos=array([0., 0.]), size=array([512., 512.]), texRes=128, units='pix', win=Window(...))
11.6798 	EXP 	Created unnamed ImageStim = ImageStim(__class__=<class 'psychopy.visual.image.ImageStim'>, anchor=('center', 'center'), autoLog=True, color=array([1., 1., 1.]), colorSpace='rgb', contrast=1.0, depth=0, flipHoriz=False, flipVert=False, image='tree.png', interpolate=False, mask=None, maskParams=None, name='unnamed ImageStim', opacity=1, ori=0.0, pos=array([0., 0.]), size=array([512., 512.]), texRes=128, units='pix', win=Window(...))
11.7063 	EXP 	Created unnamed ImageStim = ImageStim(__class__=<class 'psychopy.visual.image.ImageStim'>, anchor=('center', 'center'), autoLog=True, color=array([1., 1., 1.]), colorSpace='rgb', contrast=1.0, depth=0, flipHoriz=False, flipVert=False, image='tree.png', interpolate=False, mask=None, maskParams=None, name='unnamed ImageStim', opacity=1, ori=0.0, pos=array([0., 0.]), size=array([512., 512.]), texRes=128, units='pix', win=Window(...))
11.7352 	EXP 	Created unnamed ImageStim = ImageStim(__class__=<class 'psychopy.visual.image.ImageStim'>, anchor=('center', 'center'), autoLog=True, color=array([1., 1., 1.]), colorSpace='rgb', contrast=1.0, depth=0, flipHoriz=False, flipVert=False, image='tree.png', interpolate=False, mask=None, maskParams=None, name='unnamed ImageStim', opacity=1, ori=0.0, pos=array([0., 0.]), size=array([512., 512.]), texRes=128, units='pix', win=Window(...))
11.7643 	EXP 	Created unnamed ImageStim = ImageStim(__class__=<class 'psychopy.visual.image.ImageStim'>, anchor=('center', 'center'), autoLog=True, color=array([1., 1., 1.]), colorSpace='rgb', contrast=1.0, depth=0, flipHoriz=False, flipVert=False, image='tree.png', interpolate=False, mask=None, maskParams=None, name='unnamed ImageStim', opacity=1, ori=0.0, pos=array([0., 0.]), size=array([512., 512.]), texRes=128, units='pix', win=Window(...))
11.7911 	EXP 	Created unnamed ImageStim = ImageStim(__class__=<class 'psychopy.visual.image.ImageStim'>, anchor=('center', 'center'), autoLog=True, color=array([1., 1., 1.]), colorSpace='rgb', contrast=1.0, depth=0, flipHoriz=False, flipVert=False, image='tree.png', interpolate=False, mask=None, maskParams=None, name='unnamed ImageStim', opacity=1, ori=0.0, pos=array([0., 0.]), size=array([512., 512.]), texRes=128, units='pix', win=Window(...))
11.8185 	EXP 	Created unnamed ImageStim = ImageStim(__class__=<class 'psychopy.visual.image.ImageStim'>, anchor=('center', 'center'), autoLog=True, color=array([1., 1., 1.]), colorSpace='rgb', contrast=1.0, depth=0, flipHoriz=False, flipVert=False, image='tree.png', interpolate=False, mask=None, maskParams=None, name='unnamed ImageStim', opacity=1, ori=0.0, pos=array([0., 0.]), size=array([512., 512.]), texRes=128, units='pix', win=Window(...))
11.8457 	EXP 	Created unnamed ImageStim = ImageStim(__class__=<class 'psychopy.visual.image.ImageStim'>, anchor=('center', 'center'), autoLog=True, color=array([1., 1., 1.]), colorSpace='rgb', contrast=1.0, depth=0, flipHoriz=False, flipVert=False, image='tree.png', interpolate=False, mask=None, maskParams=None, name='unnamed ImageStim', opacity=1, ori=0.0, pos=array([0., 0.]), size=array([512., 512.]), texRes=128, units='pix', win=Window(...))
11.8738 	EXP 	Created unnamed ImageStim = ImageStim(__class__=<class 'psychopy.visual.image.ImageStim'>, anchor=('center', 'center'), autoLog=True, color=array([1., 1., 1.]), colorSpace='rgb', contrast=1.0, depth=0, flipHoriz=False, flipVert=False, image='tree.png', interpolate=False, mask=None, maskParams=None, name='unnamed ImageStim', opacity=1, ori=0.0, pos=array([0., 0.]), size=array([512., 512.]), texRes=128, units='pix', win=Window(...))
11.8839 	DATA 	Keypress: space
11.8981 	EXP 	Welcometext: autoDraw = False
17.5648 	EXP 	Created unnamed Rect = Rect(__class__=<class 'psychopy.visual.rect.Rect'>, anchor=('center', 'center'), autoDraw=False, autoLog=True, closeShape=True, color=method-wrapper(...), colorSpace='rgb', contrast=None, depth=0, fillColor=array([-1, -1, -1]), fillColorSpace='rgb', fillRGB=array([-1, -1, -1]), interpolate=True, lineColor=array([-1., -1.,  1.]), lineColorSpace='rgb', lineRGB=array([-1, -1,  1]), lineWidth=1.5, name='unnamed Rect', opacity=1, ori=0.0, pos=array([0., 0.]), size=array([400., 600.]), units='pix', vertices=ndarray(...), win=Window(...))
17.7129 	EXP 	Created unnamed ImageStim = ImageStim(__class__=<class 'psychopy.visual.image.ImageStim'>, anchor=('center', 'center'), autoLog=True, color=array([1., 1., 1.]), colorSpace='rgb', contrast=1.0, depth=0, flipHoriz=False, flipVert=False, image='attacked.png', interpolate=False, mask=None, maskParams=None, name='unnamed ImageStim', opacity=1, ori=0.0, pos=array([0., 0.]), size=array([1920., 1080.]), texRes=128, units='pix', win=Window(...))
17.7509 	EXP 	Created unnamed Rect = Rect(__class__=<class 'psychopy.visual.rect.Rect'>, anchor=('center', 'center'), autoDraw=False, autoLog=True, closeShape=True, color=method-wrapper(...), colorSpace='rgb', contrast=None, depth=0, fillColor=array([-1, -1, -1]), fillColorSpace='rgb', fillRGB=array([-1, -1, -1]), interpolate=True, lineColor=array([-1., -1.,  1.]), lineColorSpace='rgb', lineRGB=array([-1, -1,  1]), lineWidth=1.5, name='unnamed Rect', opacity=1, ori=0.0, pos=array([0., 0.]), size=array([400., 600.]), units='pix', vertices=ndarray(...), win=Window(...))
17.7513 	DATA 	Keypress: left
18.3876 	DATA 	Keypress: up
18.5839 	DATA 	Keypress: left
18.6972 	DATA 	Keypress: down
18.8366 	DATA 	Keypress: left
18.9366 	DATA 	Keypress: down
19.0909 	DATA 	Keypress: left
19.1865 	DATA 	Keypress: down
19.3038 	DATA 	Keypress: left
19.4129 	DATA 	Keypress: down
19.5529 	DATA 	Keypress: left
19.6530 	DATA 	Keypress: down
27.7550 	DATA 	Keypress: left
27.7563 	DATA 	Keypress: down
27.7594 	DATA 	Keypress: down
27.7619 	DATA 	Keypress: right
27.7642 	DATA 	Keypress: down
27.7663 	DATA 	Keypress: down
27.7683 	DATA 	Keypress: left
27.7695 	DATA 	Keypress: down
27.7724 	DATA 	Keypress: left
27.7738 	DATA 	Keypress: down
27.7779 	DATA 	Keypress: up
27.7792 	DATA 	Keypress: right
27.7819 	DATA 	Keypress: left
27.7840 	DATA 	Keypress: down
27.7859 	DATA 	Keypress: right
41.9234 	EXP 	window1: mouseVisible = True
